[2024-12-28T17:03:36.797+0000] {local_task_job_runner.py:123} INFO - ::group::Pre task execution logs
[2024-12-28T17:03:36.826+0000] {taskinstance.py:2613} INFO - Dependencies all met for dep_context=non-requeueable deps ti=<TaskInstance: python_function.greet scheduled__2024-01-12T00:00:00+00:00 [queued]>
[2024-12-28T17:03:36.856+0000] {taskinstance.py:2613} INFO - Dependencies all met for dep_context=requeueable deps ti=<TaskInstance: python_function.greet scheduled__2024-01-12T00:00:00+00:00 [queued]>
[2024-12-28T17:03:36.856+0000] {taskinstance.py:2866} INFO - Starting attempt 1 of 1
[2024-12-28T17:03:37.222+0000] {taskinstance.py:2889} INFO - Executing <Task(PythonOperator): greet> on 2024-01-12 00:00:00+00:00
[2024-12-28T17:03:37.241+0000] {warnings.py:112} WARNING - /home/***/.local/lib/python3.12/site-packages/***/task/task_runner/standard_task_runner.py:70: DeprecationWarning: This process (pid=1260) is multi-threaded, use of fork() may lead to deadlocks in the child.
  pid = os.fork()

[2024-12-28T17:03:37.244+0000] {standard_task_runner.py:72} INFO - Started process 1292 to run task
[2024-12-28T17:03:37.244+0000] {standard_task_runner.py:104} INFO - Running: ['***', 'tasks', 'run', 'python_function', 'greet', 'scheduled__2024-01-12T00:00:00+00:00', '--job-id', '224', '--raw', '--subdir', 'DAGS_FOLDER/2.python_function.py', '--cfg-path', '/tmp/tmpcmbar1t3']
[2024-12-28T17:03:37.245+0000] {standard_task_runner.py:105} INFO - Job 224: Subtask greet
[2024-12-28T17:03:37.314+0000] {task_command.py:467} INFO - Running <TaskInstance: python_function.greet scheduled__2024-01-12T00:00:00+00:00 [running]> on host 13727ff23191
[2024-12-28T17:03:37.422+0000] {taskinstance.py:3132} INFO - Exporting env vars: AIRFLOW_CTX_DAG_OWNER='***' AIRFLOW_CTX_DAG_ID='python_function' AIRFLOW_CTX_TASK_ID='greet' AIRFLOW_CTX_EXECUTION_DATE='2024-01-12T00:00:00+00:00' AIRFLOW_CTX_TRY_NUMBER='1' AIRFLOW_CTX_DAG_RUN_ID='scheduled__2024-01-12T00:00:00+00:00'
[2024-12-28T17:03:37.424+0000] {logging_mixin.py:190} INFO - Task instance is in running state
[2024-12-28T17:03:37.424+0000] {logging_mixin.py:190} INFO -  Previous state of the Task instance: queued
[2024-12-28T17:03:37.424+0000] {logging_mixin.py:190} INFO - Current task name:greet state:running start_date:2024-12-28 17:03:36.827563+00:00
[2024-12-28T17:03:37.424+0000] {logging_mixin.py:190} INFO - Dag name:python_function and current dag run status:running
[2024-12-28T17:03:37.424+0000] {taskinstance.py:731} INFO - ::endgroup::
[2024-12-28T17:03:37.425+0000] {logging_mixin.py:190} INFO - Hello from Python!
[2024-12-28T17:03:37.426+0000] {python.py:240} INFO - Done. Returned value was: None
[2024-12-28T17:03:37.439+0000] {taskinstance.py:340} INFO - ::group::Post task execution logs
[2024-12-28T17:03:37.439+0000] {taskinstance.py:352} INFO - Marking task as SUCCESS. dag_id=python_function, task_id=greet, run_id=scheduled__2024-01-12T00:00:00+00:00, execution_date=20240112T000000, start_date=20241228T170336, end_date=20241228T170337
[2024-12-28T17:03:37.453+0000] {logging_mixin.py:190} INFO - Task instance in success state
[2024-12-28T17:03:37.454+0000] {logging_mixin.py:190} INFO -  Previous state of the Task instance: running
[2024-12-28T17:03:37.454+0000] {logging_mixin.py:190} INFO - Dag name:python_function queued_at:2024-12-28 17:03:32.384535+00:00
[2024-12-28T17:03:37.454+0000] {logging_mixin.py:190} INFO - Task hostname:13727ff23191 operator:PythonOperator
[2024-12-28T17:03:37.501+0000] {local_task_job_runner.py:266} INFO - Task exited with return code 0
[2024-12-28T17:03:37.521+0000] {taskinstance.py:3895} INFO - 0 downstream tasks scheduled from follow-on schedule check
[2024-12-28T17:03:37.523+0000] {local_task_job_runner.py:245} INFO - ::endgroup::
