[2024-12-28T16:47:37.974+0000] {processor.py:186} INFO - Started process (PID=693) to work on /opt/airflow/dags/1.hello_world.py
[2024-12-28T16:47:37.975+0000] {processor.py:914} INFO - Processing file /opt/airflow/dags/1.hello_world.py for tasks to queue
[2024-12-28T16:47:37.977+0000] {logging_mixin.py:190} INFO - [2024-12-28T16:47:37.977+0000] {dagbag.py:588} INFO - Filling up the DagBag from /opt/airflow/dags/1.hello_world.py
[2024-12-28T16:47:37.987+0000] {processor.py:925} INFO - DAG(s) 'hello_world' retrieved from /opt/airflow/dags/1.hello_world.py
[2024-12-28T16:47:38.084+0000] {logging_mixin.py:190} INFO - [2024-12-28T16:47:38.084+0000] {override.py:1911} INFO - Created Permission View: can edit on DAG:hello_world
[2024-12-28T16:47:38.093+0000] {logging_mixin.py:190} INFO - [2024-12-28T16:47:38.092+0000] {override.py:1911} INFO - Created Permission View: can delete on DAG:hello_world
[2024-12-28T16:47:38.098+0000] {logging_mixin.py:190} INFO - [2024-12-28T16:47:38.098+0000] {override.py:1911} INFO - Created Permission View: can read on DAG:hello_world
[2024-12-28T16:47:38.104+0000] {logging_mixin.py:190} INFO - [2024-12-28T16:47:38.103+0000] {override.py:1911} INFO - Created Permission View: menu access on DAG Run:hello_world
[2024-12-28T16:47:38.109+0000] {logging_mixin.py:190} INFO - [2024-12-28T16:47:38.109+0000] {override.py:1911} INFO - Created Permission View: can create on DAG Run:hello_world
[2024-12-28T16:47:38.115+0000] {logging_mixin.py:190} INFO - [2024-12-28T16:47:38.114+0000] {override.py:1911} INFO - Created Permission View: can delete on DAG Run:hello_world
[2024-12-28T16:47:38.120+0000] {logging_mixin.py:190} INFO - [2024-12-28T16:47:38.120+0000] {override.py:1911} INFO - Created Permission View: can read on DAG Run:hello_world
[2024-12-28T16:47:38.121+0000] {logging_mixin.py:190} INFO - [2024-12-28T16:47:38.121+0000] {dag.py:3239} INFO - Sync 1 DAGs
[2024-12-28T16:47:38.134+0000] {logging_mixin.py:190} INFO - [2024-12-28T16:47:38.134+0000] {dag.py:3262} INFO - Creating ORM DAG for hello_world
[2024-12-28T16:47:38.146+0000] {logging_mixin.py:190} INFO - [2024-12-28T16:47:38.146+0000] {dag.py:4180} INFO - Setting next_dagrun for hello_world to 2024-01-01 00:00:00+00:00, run_after=2024-01-02 00:00:00+00:00
[2024-12-28T16:47:38.163+0000] {processor.py:208} INFO - Processing /opt/airflow/dags/1.hello_world.py took 0.194 seconds
[2024-12-28T16:52:19.702+0000] {processor.py:186} INFO - Started process (PID=58) to work on /opt/airflow/dags/1.hello_world.py
[2024-12-28T16:52:19.704+0000] {processor.py:914} INFO - Processing file /opt/airflow/dags/1.hello_world.py for tasks to queue
[2024-12-28T16:52:19.706+0000] {logging_mixin.py:190} INFO - [2024-12-28T16:52:19.706+0000] {dagbag.py:588} INFO - Filling up the DagBag from /opt/airflow/dags/1.hello_world.py
[2024-12-28T16:52:19.724+0000] {processor.py:925} INFO - DAG(s) 'hello_world' retrieved from /opt/airflow/dags/1.hello_world.py
[2024-12-28T16:52:19.765+0000] {logging_mixin.py:190} INFO - [2024-12-28T16:52:19.765+0000] {dag.py:3239} INFO - Sync 1 DAGs
[2024-12-28T16:52:19.793+0000] {logging_mixin.py:190} INFO - [2024-12-28T16:52:19.793+0000] {dag.py:4180} INFO - Setting next_dagrun for hello_world to 2024-06-07 00:00:00+00:00, run_after=2024-06-08 00:00:00+00:00
[2024-12-28T16:52:19.815+0000] {processor.py:208} INFO - Processing /opt/airflow/dags/1.hello_world.py took 0.118 seconds
[2024-12-28T16:52:50.609+0000] {processor.py:186} INFO - Started process (PID=128) to work on /opt/airflow/dags/1.hello_world.py
[2024-12-28T16:52:50.612+0000] {processor.py:914} INFO - Processing file /opt/airflow/dags/1.hello_world.py for tasks to queue
[2024-12-28T16:52:50.615+0000] {logging_mixin.py:190} INFO - [2024-12-28T16:52:50.615+0000] {dagbag.py:588} INFO - Filling up the DagBag from /opt/airflow/dags/1.hello_world.py
[2024-12-28T16:52:50.626+0000] {processor.py:925} INFO - DAG(s) 'hello_world' retrieved from /opt/airflow/dags/1.hello_world.py
[2024-12-28T16:52:50.653+0000] {logging_mixin.py:190} INFO - [2024-12-28T16:52:50.652+0000] {dag.py:3239} INFO - Sync 1 DAGs
[2024-12-28T16:52:50.683+0000] {logging_mixin.py:190} INFO - [2024-12-28T16:52:50.683+0000] {dag.py:4180} INFO - Setting next_dagrun for hello_world to 2024-06-07 00:00:00+00:00, run_after=2024-06-08 00:00:00+00:00
[2024-12-28T16:52:50.707+0000] {processor.py:208} INFO - Processing /opt/airflow/dags/1.hello_world.py took 0.105 seconds
[2024-12-28T16:53:20.958+0000] {processor.py:186} INFO - Started process (PID=192) to work on /opt/airflow/dags/1.hello_world.py
[2024-12-28T16:53:20.961+0000] {processor.py:914} INFO - Processing file /opt/airflow/dags/1.hello_world.py for tasks to queue
[2024-12-28T16:53:20.964+0000] {logging_mixin.py:190} INFO - [2024-12-28T16:53:20.964+0000] {dagbag.py:588} INFO - Filling up the DagBag from /opt/airflow/dags/1.hello_world.py
[2024-12-28T16:53:20.975+0000] {processor.py:925} INFO - DAG(s) 'hello_world' retrieved from /opt/airflow/dags/1.hello_world.py
[2024-12-28T16:53:21.001+0000] {logging_mixin.py:190} INFO - [2024-12-28T16:53:21.000+0000] {dag.py:3239} INFO - Sync 1 DAGs
[2024-12-28T16:53:21.032+0000] {logging_mixin.py:190} INFO - [2024-12-28T16:53:21.032+0000] {dag.py:4180} INFO - Setting next_dagrun for hello_world to 2024-06-07 00:00:00+00:00, run_after=2024-06-08 00:00:00+00:00
[2024-12-28T16:53:21.055+0000] {processor.py:208} INFO - Processing /opt/airflow/dags/1.hello_world.py took 0.103 seconds
[2024-12-28T16:53:51.484+0000] {processor.py:186} INFO - Started process (PID=260) to work on /opt/airflow/dags/1.hello_world.py
[2024-12-28T16:53:51.487+0000] {processor.py:914} INFO - Processing file /opt/airflow/dags/1.hello_world.py for tasks to queue
[2024-12-28T16:53:51.492+0000] {logging_mixin.py:190} INFO - [2024-12-28T16:53:51.491+0000] {dagbag.py:588} INFO - Filling up the DagBag from /opt/airflow/dags/1.hello_world.py
[2024-12-28T16:53:51.515+0000] {processor.py:925} INFO - DAG(s) 'hello_world' retrieved from /opt/airflow/dags/1.hello_world.py
[2024-12-28T16:53:51.565+0000] {logging_mixin.py:190} INFO - [2024-12-28T16:53:51.564+0000] {dag.py:3239} INFO - Sync 1 DAGs
[2024-12-28T16:53:51.603+0000] {logging_mixin.py:190} INFO - [2024-12-28T16:53:51.603+0000] {dag.py:4180} INFO - Setting next_dagrun for hello_world to 2024-07-02 00:00:00+00:00, run_after=2024-07-03 00:00:00+00:00
[2024-12-28T16:53:51.643+0000] {processor.py:208} INFO - Processing /opt/airflow/dags/1.hello_world.py took 0.176 seconds
[2024-12-28T16:54:21.808+0000] {processor.py:186} INFO - Started process (PID=324) to work on /opt/airflow/dags/1.hello_world.py
[2024-12-28T16:54:21.810+0000] {processor.py:914} INFO - Processing file /opt/airflow/dags/1.hello_world.py for tasks to queue
[2024-12-28T16:54:21.814+0000] {logging_mixin.py:190} INFO - [2024-12-28T16:54:21.814+0000] {dagbag.py:588} INFO - Filling up the DagBag from /opt/airflow/dags/1.hello_world.py
[2024-12-28T16:54:21.827+0000] {processor.py:925} INFO - DAG(s) 'hello_world' retrieved from /opt/airflow/dags/1.hello_world.py
[2024-12-28T16:54:21.855+0000] {logging_mixin.py:190} INFO - [2024-12-28T16:54:21.855+0000] {dag.py:3239} INFO - Sync 1 DAGs
[2024-12-28T16:54:21.886+0000] {logging_mixin.py:190} INFO - [2024-12-28T16:54:21.886+0000] {dag.py:4180} INFO - Setting next_dagrun for hello_world to 2024-08-14 00:00:00+00:00, run_after=2024-08-15 00:00:00+00:00
[2024-12-28T16:54:21.917+0000] {processor.py:208} INFO - Processing /opt/airflow/dags/1.hello_world.py took 0.117 seconds
[2024-12-28T16:54:52.241+0000] {processor.py:186} INFO - Started process (PID=388) to work on /opt/airflow/dags/1.hello_world.py
[2024-12-28T16:54:52.243+0000] {processor.py:914} INFO - Processing file /opt/airflow/dags/1.hello_world.py for tasks to queue
[2024-12-28T16:54:52.248+0000] {logging_mixin.py:190} INFO - [2024-12-28T16:54:52.248+0000] {dagbag.py:588} INFO - Filling up the DagBag from /opt/airflow/dags/1.hello_world.py
[2024-12-28T16:54:52.264+0000] {processor.py:925} INFO - DAG(s) 'hello_world' retrieved from /opt/airflow/dags/1.hello_world.py
[2024-12-28T16:54:52.325+0000] {logging_mixin.py:190} INFO - [2024-12-28T16:54:52.325+0000] {dag.py:3239} INFO - Sync 1 DAGs
[2024-12-28T16:54:52.363+0000] {logging_mixin.py:190} INFO - [2024-12-28T16:54:52.363+0000] {dag.py:4180} INFO - Setting next_dagrun for hello_world to 2024-09-26 00:00:00+00:00, run_after=2024-09-27 00:00:00+00:00
[2024-12-28T16:54:52.396+0000] {processor.py:208} INFO - Processing /opt/airflow/dags/1.hello_world.py took 0.163 seconds
[2024-12-28T16:55:23.328+0000] {processor.py:186} INFO - Started process (PID=452) to work on /opt/airflow/dags/1.hello_world.py
[2024-12-28T16:55:23.337+0000] {processor.py:914} INFO - Processing file /opt/airflow/dags/1.hello_world.py for tasks to queue
[2024-12-28T16:55:23.341+0000] {logging_mixin.py:190} INFO - [2024-12-28T16:55:23.341+0000] {dagbag.py:588} INFO - Filling up the DagBag from /opt/airflow/dags/1.hello_world.py
[2024-12-28T16:55:23.367+0000] {processor.py:925} INFO - DAG(s) 'hello_world' retrieved from /opt/airflow/dags/1.hello_world.py
[2024-12-28T16:55:23.408+0000] {logging_mixin.py:190} INFO - [2024-12-28T16:55:23.407+0000] {dag.py:3239} INFO - Sync 1 DAGs
[2024-12-28T16:55:23.457+0000] {logging_mixin.py:190} INFO - [2024-12-28T16:55:23.457+0000] {dag.py:4180} INFO - Setting next_dagrun for hello_world to 2024-11-13 00:00:00+00:00, run_after=2024-11-14 00:00:00+00:00
[2024-12-28T16:55:23.500+0000] {processor.py:208} INFO - Processing /opt/airflow/dags/1.hello_world.py took 0.189 seconds
[2024-12-28T16:55:53.782+0000] {processor.py:186} INFO - Started process (PID=516) to work on /opt/airflow/dags/1.hello_world.py
[2024-12-28T16:55:53.785+0000] {processor.py:914} INFO - Processing file /opt/airflow/dags/1.hello_world.py for tasks to queue
[2024-12-28T16:55:53.789+0000] {logging_mixin.py:190} INFO - [2024-12-28T16:55:53.788+0000] {dagbag.py:588} INFO - Filling up the DagBag from /opt/airflow/dags/1.hello_world.py
[2024-12-28T16:55:53.805+0000] {processor.py:925} INFO - DAG(s) 'hello_world' retrieved from /opt/airflow/dags/1.hello_world.py
[2024-12-28T16:55:53.836+0000] {logging_mixin.py:190} INFO - [2024-12-28T16:55:53.836+0000] {dag.py:3239} INFO - Sync 1 DAGs
[2024-12-28T16:55:53.877+0000] {logging_mixin.py:190} INFO - [2024-12-28T16:55:53.877+0000] {dag.py:4180} INFO - Setting next_dagrun for hello_world to 2024-12-28 00:00:00+00:00, run_after=2024-12-29 00:00:00+00:00
[2024-12-28T16:55:53.909+0000] {processor.py:208} INFO - Processing /opt/airflow/dags/1.hello_world.py took 0.136 seconds
[2024-12-28T16:56:24.488+0000] {processor.py:186} INFO - Started process (PID=580) to work on /opt/airflow/dags/1.hello_world.py
[2024-12-28T16:56:24.490+0000] {processor.py:914} INFO - Processing file /opt/airflow/dags/1.hello_world.py for tasks to queue
[2024-12-28T16:56:24.493+0000] {logging_mixin.py:190} INFO - [2024-12-28T16:56:24.493+0000] {dagbag.py:588} INFO - Filling up the DagBag from /opt/airflow/dags/1.hello_world.py
[2024-12-28T16:56:24.505+0000] {processor.py:925} INFO - DAG(s) 'hello_world' retrieved from /opt/airflow/dags/1.hello_world.py
[2024-12-28T16:56:24.529+0000] {logging_mixin.py:190} INFO - [2024-12-28T16:56:24.529+0000] {dag.py:3239} INFO - Sync 1 DAGs
[2024-12-28T16:56:24.556+0000] {logging_mixin.py:190} INFO - [2024-12-28T16:56:24.555+0000] {dag.py:4180} INFO - Setting next_dagrun for hello_world to 2024-12-28 00:00:00+00:00, run_after=2024-12-29 00:00:00+00:00
[2024-12-28T16:56:24.576+0000] {processor.py:208} INFO - Processing /opt/airflow/dags/1.hello_world.py took 0.094 seconds
[2024-12-28T16:56:54.619+0000] {processor.py:186} INFO - Started process (PID=644) to work on /opt/airflow/dags/1.hello_world.py
[2024-12-28T16:56:54.621+0000] {processor.py:914} INFO - Processing file /opt/airflow/dags/1.hello_world.py for tasks to queue
[2024-12-28T16:56:54.624+0000] {logging_mixin.py:190} INFO - [2024-12-28T16:56:54.624+0000] {dagbag.py:588} INFO - Filling up the DagBag from /opt/airflow/dags/1.hello_world.py
[2024-12-28T16:56:54.633+0000] {processor.py:925} INFO - DAG(s) 'hello_world' retrieved from /opt/airflow/dags/1.hello_world.py
[2024-12-28T16:56:54.652+0000] {logging_mixin.py:190} INFO - [2024-12-28T16:56:54.651+0000] {dag.py:3239} INFO - Sync 1 DAGs
[2024-12-28T16:56:54.675+0000] {logging_mixin.py:190} INFO - [2024-12-28T16:56:54.675+0000] {dag.py:4180} INFO - Setting next_dagrun for hello_world to 2024-12-28 00:00:00+00:00, run_after=2024-12-29 00:00:00+00:00
[2024-12-28T16:56:54.691+0000] {processor.py:208} INFO - Processing /opt/airflow/dags/1.hello_world.py took 0.078 seconds
[2024-12-28T16:57:25.220+0000] {processor.py:186} INFO - Started process (PID=708) to work on /opt/airflow/dags/1.hello_world.py
[2024-12-28T16:57:25.223+0000] {processor.py:914} INFO - Processing file /opt/airflow/dags/1.hello_world.py for tasks to queue
[2024-12-28T16:57:25.226+0000] {logging_mixin.py:190} INFO - [2024-12-28T16:57:25.226+0000] {dagbag.py:588} INFO - Filling up the DagBag from /opt/airflow/dags/1.hello_world.py
[2024-12-28T16:57:25.235+0000] {processor.py:925} INFO - DAG(s) 'hello_world' retrieved from /opt/airflow/dags/1.hello_world.py
[2024-12-28T16:57:25.255+0000] {logging_mixin.py:190} INFO - [2024-12-28T16:57:25.255+0000] {dag.py:3239} INFO - Sync 1 DAGs
[2024-12-28T16:57:25.278+0000] {logging_mixin.py:190} INFO - [2024-12-28T16:57:25.278+0000] {dag.py:4180} INFO - Setting next_dagrun for hello_world to 2024-12-28 00:00:00+00:00, run_after=2024-12-29 00:00:00+00:00
[2024-12-28T16:57:25.295+0000] {processor.py:208} INFO - Processing /opt/airflow/dags/1.hello_world.py took 0.079 seconds
[2024-12-28T16:57:55.914+0000] {processor.py:186} INFO - Started process (PID=772) to work on /opt/airflow/dags/1.hello_world.py
[2024-12-28T16:57:55.916+0000] {processor.py:914} INFO - Processing file /opt/airflow/dags/1.hello_world.py for tasks to queue
[2024-12-28T16:57:55.919+0000] {logging_mixin.py:190} INFO - [2024-12-28T16:57:55.918+0000] {dagbag.py:588} INFO - Filling up the DagBag from /opt/airflow/dags/1.hello_world.py
[2024-12-28T16:57:55.928+0000] {processor.py:925} INFO - DAG(s) 'hello_world' retrieved from /opt/airflow/dags/1.hello_world.py
[2024-12-28T16:57:55.947+0000] {logging_mixin.py:190} INFO - [2024-12-28T16:57:55.946+0000] {dag.py:3239} INFO - Sync 1 DAGs
[2024-12-28T16:57:55.967+0000] {logging_mixin.py:190} INFO - [2024-12-28T16:57:55.967+0000] {dag.py:4180} INFO - Setting next_dagrun for hello_world to 2024-12-28 00:00:00+00:00, run_after=2024-12-29 00:00:00+00:00
[2024-12-28T16:57:55.983+0000] {processor.py:208} INFO - Processing /opt/airflow/dags/1.hello_world.py took 0.075 seconds
[2024-12-28T16:58:19.053+0000] {processor.py:186} INFO - Started process (PID=830) to work on /opt/airflow/dags/1.hello_world.py
[2024-12-28T16:58:19.055+0000] {processor.py:914} INFO - Processing file /opt/airflow/dags/1.hello_world.py for tasks to queue
[2024-12-28T16:58:19.059+0000] {logging_mixin.py:190} INFO - [2024-12-28T16:58:19.058+0000] {dagbag.py:588} INFO - Filling up the DagBag from /opt/airflow/dags/1.hello_world.py
[2024-12-28T16:58:19.067+0000] {processor.py:925} INFO - DAG(s) 'hello_world' retrieved from /opt/airflow/dags/1.hello_world.py
[2024-12-28T16:58:19.085+0000] {logging_mixin.py:190} INFO - [2024-12-28T16:58:19.085+0000] {dag.py:3239} INFO - Sync 1 DAGs
[2024-12-28T16:58:19.105+0000] {logging_mixin.py:190} INFO - [2024-12-28T16:58:19.105+0000] {dag.py:4180} INFO - Setting next_dagrun for hello_world to 2024-12-28 00:00:00+00:00, run_after=2024-12-29 00:00:00+00:00
[2024-12-28T16:58:19.123+0000] {processor.py:208} INFO - Processing /opt/airflow/dags/1.hello_world.py took 0.075 seconds
[2024-12-28T16:58:49.376+0000] {processor.py:186} INFO - Started process (PID=894) to work on /opt/airflow/dags/1.hello_world.py
[2024-12-28T16:58:49.378+0000] {processor.py:914} INFO - Processing file /opt/airflow/dags/1.hello_world.py for tasks to queue
[2024-12-28T16:58:49.380+0000] {logging_mixin.py:190} INFO - [2024-12-28T16:58:49.380+0000] {dagbag.py:588} INFO - Filling up the DagBag from /opt/airflow/dags/1.hello_world.py
[2024-12-28T16:58:49.388+0000] {processor.py:925} INFO - DAG(s) 'hello_world' retrieved from /opt/airflow/dags/1.hello_world.py
[2024-12-28T16:58:49.406+0000] {logging_mixin.py:190} INFO - [2024-12-28T16:58:49.406+0000] {dag.py:3239} INFO - Sync 1 DAGs
[2024-12-28T16:58:49.427+0000] {logging_mixin.py:190} INFO - [2024-12-28T16:58:49.427+0000] {dag.py:4180} INFO - Setting next_dagrun for hello_world to 2024-12-28 00:00:00+00:00, run_after=2024-12-29 00:00:00+00:00
[2024-12-28T16:58:49.444+0000] {processor.py:208} INFO - Processing /opt/airflow/dags/1.hello_world.py took 0.073 seconds
[2024-12-28T16:59:19.551+0000] {processor.py:186} INFO - Started process (PID=958) to work on /opt/airflow/dags/1.hello_world.py
[2024-12-28T16:59:19.553+0000] {processor.py:914} INFO - Processing file /opt/airflow/dags/1.hello_world.py for tasks to queue
[2024-12-28T16:59:19.556+0000] {logging_mixin.py:190} INFO - [2024-12-28T16:59:19.556+0000] {dagbag.py:588} INFO - Filling up the DagBag from /opt/airflow/dags/1.hello_world.py
[2024-12-28T16:59:19.565+0000] {processor.py:925} INFO - DAG(s) 'hello_world' retrieved from /opt/airflow/dags/1.hello_world.py
[2024-12-28T16:59:19.583+0000] {logging_mixin.py:190} INFO - [2024-12-28T16:59:19.583+0000] {dag.py:3239} INFO - Sync 1 DAGs
[2024-12-28T16:59:19.604+0000] {logging_mixin.py:190} INFO - [2024-12-28T16:59:19.604+0000] {dag.py:4180} INFO - Setting next_dagrun for hello_world to 2024-12-28 00:00:00+00:00, run_after=2024-12-29 00:00:00+00:00
[2024-12-28T16:59:19.621+0000] {processor.py:208} INFO - Processing /opt/airflow/dags/1.hello_world.py took 0.075 seconds
[2024-12-28T16:59:50.484+0000] {processor.py:186} INFO - Started process (PID=1022) to work on /opt/airflow/dags/1.hello_world.py
[2024-12-28T16:59:50.486+0000] {processor.py:914} INFO - Processing file /opt/airflow/dags/1.hello_world.py for tasks to queue
[2024-12-28T16:59:50.489+0000] {logging_mixin.py:190} INFO - [2024-12-28T16:59:50.488+0000] {dagbag.py:588} INFO - Filling up the DagBag from /opt/airflow/dags/1.hello_world.py
[2024-12-28T16:59:50.497+0000] {processor.py:925} INFO - DAG(s) 'hello_world' retrieved from /opt/airflow/dags/1.hello_world.py
[2024-12-28T16:59:50.514+0000] {logging_mixin.py:190} INFO - [2024-12-28T16:59:50.513+0000] {dag.py:3239} INFO - Sync 1 DAGs
[2024-12-28T16:59:50.536+0000] {logging_mixin.py:190} INFO - [2024-12-28T16:59:50.536+0000] {dag.py:4180} INFO - Setting next_dagrun for hello_world to 2024-12-28 00:00:00+00:00, run_after=2024-12-29 00:00:00+00:00
[2024-12-28T16:59:50.554+0000] {processor.py:208} INFO - Processing /opt/airflow/dags/1.hello_world.py took 0.075 seconds
[2024-12-28T17:00:21.056+0000] {processor.py:186} INFO - Started process (PID=1092) to work on /opt/airflow/dags/1.hello_world.py
[2024-12-28T17:00:21.057+0000] {processor.py:914} INFO - Processing file /opt/airflow/dags/1.hello_world.py for tasks to queue
[2024-12-28T17:00:21.059+0000] {logging_mixin.py:190} INFO - [2024-12-28T17:00:21.058+0000] {dagbag.py:588} INFO - Filling up the DagBag from /opt/airflow/dags/1.hello_world.py
[2024-12-28T17:00:21.067+0000] {processor.py:925} INFO - DAG(s) 'hello_world' retrieved from /opt/airflow/dags/1.hello_world.py
[2024-12-28T17:00:21.085+0000] {logging_mixin.py:190} INFO - [2024-12-28T17:00:21.084+0000] {dag.py:3239} INFO - Sync 1 DAGs
[2024-12-28T17:00:21.106+0000] {logging_mixin.py:190} INFO - [2024-12-28T17:00:21.105+0000] {dag.py:4180} INFO - Setting next_dagrun for hello_world to 2024-12-28 00:00:00+00:00, run_after=2024-12-29 00:00:00+00:00
[2024-12-28T17:00:21.121+0000] {processor.py:208} INFO - Processing /opt/airflow/dags/1.hello_world.py took 0.072 seconds
[2024-12-28T17:00:51.496+0000] {processor.py:186} INFO - Started process (PID=1156) to work on /opt/airflow/dags/1.hello_world.py
[2024-12-28T17:00:51.497+0000] {processor.py:914} INFO - Processing file /opt/airflow/dags/1.hello_world.py for tasks to queue
[2024-12-28T17:00:51.499+0000] {logging_mixin.py:190} INFO - [2024-12-28T17:00:51.498+0000] {dagbag.py:588} INFO - Filling up the DagBag from /opt/airflow/dags/1.hello_world.py
[2024-12-28T17:00:51.507+0000] {processor.py:925} INFO - DAG(s) 'hello_world' retrieved from /opt/airflow/dags/1.hello_world.py
[2024-12-28T17:00:51.524+0000] {logging_mixin.py:190} INFO - [2024-12-28T17:00:51.524+0000] {dag.py:3239} INFO - Sync 1 DAGs
[2024-12-28T17:00:51.543+0000] {logging_mixin.py:190} INFO - [2024-12-28T17:00:51.542+0000] {dag.py:4180} INFO - Setting next_dagrun for hello_world to 2024-12-28 00:00:00+00:00, run_after=2024-12-29 00:00:00+00:00
[2024-12-28T17:00:51.557+0000] {processor.py:208} INFO - Processing /opt/airflow/dags/1.hello_world.py took 0.066 seconds
[2024-12-28T17:01:22.316+0000] {processor.py:186} INFO - Started process (PID=1220) to work on /opt/airflow/dags/1.hello_world.py
[2024-12-28T17:01:22.318+0000] {processor.py:914} INFO - Processing file /opt/airflow/dags/1.hello_world.py for tasks to queue
[2024-12-28T17:01:22.321+0000] {logging_mixin.py:190} INFO - [2024-12-28T17:01:22.320+0000] {dagbag.py:588} INFO - Filling up the DagBag from /opt/airflow/dags/1.hello_world.py
[2024-12-28T17:01:22.329+0000] {processor.py:925} INFO - DAG(s) 'hello_world' retrieved from /opt/airflow/dags/1.hello_world.py
[2024-12-28T17:01:22.348+0000] {logging_mixin.py:190} INFO - [2024-12-28T17:01:22.348+0000] {dag.py:3239} INFO - Sync 1 DAGs
[2024-12-28T17:01:22.371+0000] {logging_mixin.py:190} INFO - [2024-12-28T17:01:22.371+0000] {dag.py:4180} INFO - Setting next_dagrun for hello_world to 2024-12-28 00:00:00+00:00, run_after=2024-12-29 00:00:00+00:00
[2024-12-28T17:01:22.390+0000] {processor.py:208} INFO - Processing /opt/airflow/dags/1.hello_world.py took 0.079 seconds
[2024-12-28T17:01:52.983+0000] {processor.py:186} INFO - Started process (PID=1284) to work on /opt/airflow/dags/1.hello_world.py
[2024-12-28T17:01:52.983+0000] {processor.py:914} INFO - Processing file /opt/airflow/dags/1.hello_world.py for tasks to queue
[2024-12-28T17:01:52.985+0000] {logging_mixin.py:190} INFO - [2024-12-28T17:01:52.985+0000] {dagbag.py:588} INFO - Filling up the DagBag from /opt/airflow/dags/1.hello_world.py
[2024-12-28T17:01:52.994+0000] {processor.py:925} INFO - DAG(s) 'hello_world' retrieved from /opt/airflow/dags/1.hello_world.py
[2024-12-28T17:01:53.012+0000] {logging_mixin.py:190} INFO - [2024-12-28T17:01:53.012+0000] {dag.py:3239} INFO - Sync 1 DAGs
[2024-12-28T17:01:53.035+0000] {logging_mixin.py:190} INFO - [2024-12-28T17:01:53.035+0000] {dag.py:4180} INFO - Setting next_dagrun for hello_world to 2024-12-28 00:00:00+00:00, run_after=2024-12-29 00:00:00+00:00
[2024-12-28T17:01:53.052+0000] {processor.py:208} INFO - Processing /opt/airflow/dags/1.hello_world.py took 0.076 seconds
[2024-12-28T17:02:23.766+0000] {processor.py:186} INFO - Started process (PID=1357) to work on /opt/airflow/dags/1.hello_world.py
[2024-12-28T17:02:23.768+0000] {processor.py:914} INFO - Processing file /opt/airflow/dags/1.hello_world.py for tasks to queue
[2024-12-28T17:02:23.770+0000] {logging_mixin.py:190} INFO - [2024-12-28T17:02:23.770+0000] {dagbag.py:588} INFO - Filling up the DagBag from /opt/airflow/dags/1.hello_world.py
[2024-12-28T17:02:23.779+0000] {processor.py:925} INFO - DAG(s) 'hello_world' retrieved from /opt/airflow/dags/1.hello_world.py
[2024-12-28T17:02:23.796+0000] {logging_mixin.py:190} INFO - [2024-12-28T17:02:23.796+0000] {dag.py:3239} INFO - Sync 1 DAGs
[2024-12-28T17:02:23.817+0000] {logging_mixin.py:190} INFO - [2024-12-28T17:02:23.817+0000] {dag.py:4180} INFO - Setting next_dagrun for hello_world to 2024-12-28 00:00:00+00:00, run_after=2024-12-29 00:00:00+00:00
[2024-12-28T17:02:23.833+0000] {processor.py:208} INFO - Processing /opt/airflow/dags/1.hello_world.py took 0.072 seconds
[2024-12-28T17:02:54.024+0000] {processor.py:186} INFO - Started process (PID=1430) to work on /opt/airflow/dags/1.hello_world.py
[2024-12-28T17:02:54.024+0000] {processor.py:914} INFO - Processing file /opt/airflow/dags/1.hello_world.py for tasks to queue
[2024-12-28T17:02:54.027+0000] {logging_mixin.py:190} INFO - [2024-12-28T17:02:54.026+0000] {dagbag.py:588} INFO - Filling up the DagBag from /opt/airflow/dags/1.hello_world.py
[2024-12-28T17:02:54.037+0000] {processor.py:925} INFO - DAG(s) 'hello_world' retrieved from /opt/airflow/dags/1.hello_world.py
[2024-12-28T17:02:54.058+0000] {logging_mixin.py:190} INFO - [2024-12-28T17:02:54.058+0000] {dag.py:3239} INFO - Sync 1 DAGs
[2024-12-28T17:02:54.083+0000] {logging_mixin.py:190} INFO - [2024-12-28T17:02:54.083+0000] {dag.py:4180} INFO - Setting next_dagrun for hello_world to 2024-12-28 00:00:00+00:00, run_after=2024-12-29 00:00:00+00:00
[2024-12-28T17:02:54.101+0000] {processor.py:208} INFO - Processing /opt/airflow/dags/1.hello_world.py took 0.084 seconds
[2024-12-28T17:03:25.344+0000] {processor.py:186} INFO - Started process (PID=1502) to work on /opt/airflow/dags/1.hello_world.py
[2024-12-28T17:03:25.345+0000] {processor.py:914} INFO - Processing file /opt/airflow/dags/1.hello_world.py for tasks to queue
[2024-12-28T17:03:25.347+0000] {logging_mixin.py:190} INFO - [2024-12-28T17:03:25.347+0000] {dagbag.py:588} INFO - Filling up the DagBag from /opt/airflow/dags/1.hello_world.py
[2024-12-28T17:03:25.356+0000] {processor.py:925} INFO - DAG(s) 'hello_world' retrieved from /opt/airflow/dags/1.hello_world.py
[2024-12-28T17:03:25.374+0000] {logging_mixin.py:190} INFO - [2024-12-28T17:03:25.374+0000] {dag.py:3239} INFO - Sync 1 DAGs
[2024-12-28T17:03:25.396+0000] {logging_mixin.py:190} INFO - [2024-12-28T17:03:25.396+0000] {dag.py:4180} INFO - Setting next_dagrun for hello_world to 2024-12-28 00:00:00+00:00, run_after=2024-12-29 00:00:00+00:00
[2024-12-28T17:03:25.412+0000] {processor.py:208} INFO - Processing /opt/airflow/dags/1.hello_world.py took 0.073 seconds
[2024-12-28T17:03:55.665+0000] {processor.py:186} INFO - Started process (PID=1570) to work on /opt/airflow/dags/1.hello_world.py
[2024-12-28T17:03:55.665+0000] {processor.py:914} INFO - Processing file /opt/airflow/dags/1.hello_world.py for tasks to queue
[2024-12-28T17:03:55.667+0000] {logging_mixin.py:190} INFO - [2024-12-28T17:03:55.667+0000] {dagbag.py:588} INFO - Filling up the DagBag from /opt/airflow/dags/1.hello_world.py
[2024-12-28T17:03:55.675+0000] {processor.py:925} INFO - DAG(s) 'hello_world' retrieved from /opt/airflow/dags/1.hello_world.py
[2024-12-28T17:03:55.693+0000] {logging_mixin.py:190} INFO - [2024-12-28T17:03:55.693+0000] {dag.py:3239} INFO - Sync 1 DAGs
[2024-12-28T17:03:55.714+0000] {logging_mixin.py:190} INFO - [2024-12-28T17:03:55.714+0000] {dag.py:4180} INFO - Setting next_dagrun for hello_world to 2024-12-28 00:00:00+00:00, run_after=2024-12-29 00:00:00+00:00
[2024-12-28T17:03:55.731+0000] {processor.py:208} INFO - Processing /opt/airflow/dags/1.hello_world.py took 0.072 seconds
