[2024-12-28T17:02:21.159+0000] {processor.py:186} INFO - Started process (PID=1334) to work on /opt/airflow/dags/2.python_function.py
[2024-12-28T17:02:21.160+0000] {processor.py:914} INFO - Processing file /opt/airflow/dags/2.python_function.py for tasks to queue
[2024-12-28T17:02:21.162+0000] {logging_mixin.py:190} INFO - [2024-12-28T17:02:21.162+0000] {dagbag.py:588} INFO - Filling up the DagBag from /opt/airflow/dags/2.python_function.py
[2024-12-28T17:02:21.170+0000] {processor.py:925} INFO - DAG(s) 'python_function' retrieved from /opt/airflow/dags/2.python_function.py
[2024-12-28T17:02:21.265+0000] {logging_mixin.py:190} INFO - [2024-12-28T17:02:21.264+0000] {override.py:1911} INFO - Created Permission View: can edit on DAG:python_function
[2024-12-28T17:02:21.273+0000] {logging_mixin.py:190} INFO - [2024-12-28T17:02:21.273+0000] {override.py:1911} INFO - Created Permission View: can read on DAG:python_function
[2024-12-28T17:02:21.279+0000] {logging_mixin.py:190} INFO - [2024-12-28T17:02:21.278+0000] {override.py:1911} INFO - Created Permission View: can delete on DAG:python_function
[2024-12-28T17:02:21.284+0000] {logging_mixin.py:190} INFO - [2024-12-28T17:02:21.284+0000] {override.py:1911} INFO - Created Permission View: can create on DAG Run:python_function
[2024-12-28T17:02:21.289+0000] {logging_mixin.py:190} INFO - [2024-12-28T17:02:21.289+0000] {override.py:1911} INFO - Created Permission View: can read on DAG Run:python_function
[2024-12-28T17:02:21.294+0000] {logging_mixin.py:190} INFO - [2024-12-28T17:02:21.294+0000] {override.py:1911} INFO - Created Permission View: menu access on DAG Run:python_function
[2024-12-28T17:02:21.299+0000] {logging_mixin.py:190} INFO - [2024-12-28T17:02:21.299+0000] {override.py:1911} INFO - Created Permission View: can delete on DAG Run:python_function
[2024-12-28T17:02:21.300+0000] {logging_mixin.py:190} INFO - [2024-12-28T17:02:21.299+0000] {dag.py:3239} INFO - Sync 1 DAGs
[2024-12-28T17:02:21.309+0000] {logging_mixin.py:190} INFO - [2024-12-28T17:02:21.309+0000] {dag.py:3262} INFO - Creating ORM DAG for python_function
[2024-12-28T17:02:21.317+0000] {logging_mixin.py:190} INFO - [2024-12-28T17:02:21.317+0000] {dag.py:4180} INFO - Setting next_dagrun for python_function to 2024-01-01 00:00:00+00:00, run_after=2024-01-02 00:00:00+00:00
[2024-12-28T17:02:21.330+0000] {processor.py:208} INFO - Processing /opt/airflow/dags/2.python_function.py took 0.176 seconds
[2024-12-28T17:02:51.376+0000] {processor.py:186} INFO - Started process (PID=1413) to work on /opt/airflow/dags/2.python_function.py
[2024-12-28T17:02:51.376+0000] {processor.py:914} INFO - Processing file /opt/airflow/dags/2.python_function.py for tasks to queue
[2024-12-28T17:02:51.379+0000] {logging_mixin.py:190} INFO - [2024-12-28T17:02:51.378+0000] {dagbag.py:588} INFO - Filling up the DagBag from /opt/airflow/dags/2.python_function.py
[2024-12-28T17:02:51.388+0000] {processor.py:925} INFO - DAG(s) 'python_function' retrieved from /opt/airflow/dags/2.python_function.py
[2024-12-28T17:02:51.408+0000] {logging_mixin.py:190} INFO - [2024-12-28T17:02:51.408+0000] {dag.py:3239} INFO - Sync 1 DAGs
[2024-12-28T17:02:51.429+0000] {logging_mixin.py:190} INFO - [2024-12-28T17:02:51.429+0000] {dag.py:4180} INFO - Setting next_dagrun for python_function to 2024-01-01 00:00:00+00:00, run_after=2024-01-02 00:00:00+00:00
[2024-12-28T17:02:51.447+0000] {processor.py:208} INFO - Processing /opt/airflow/dags/2.python_function.py took 0.077 seconds
[2024-12-28T17:03:21.952+0000] {processor.py:186} INFO - Started process (PID=1486) to work on /opt/airflow/dags/2.python_function.py
[2024-12-28T17:03:21.953+0000] {processor.py:914} INFO - Processing file /opt/airflow/dags/2.python_function.py for tasks to queue
[2024-12-28T17:03:21.956+0000] {logging_mixin.py:190} INFO - [2024-12-28T17:03:21.955+0000] {dagbag.py:588} INFO - Filling up the DagBag from /opt/airflow/dags/2.python_function.py
[2024-12-28T17:03:21.963+0000] {processor.py:925} INFO - DAG(s) 'python_function' retrieved from /opt/airflow/dags/2.python_function.py
[2024-12-28T17:03:21.982+0000] {logging_mixin.py:190} INFO - [2024-12-28T17:03:21.982+0000] {dag.py:3239} INFO - Sync 1 DAGs
[2024-12-28T17:03:22.003+0000] {logging_mixin.py:190} INFO - [2024-12-28T17:03:22.003+0000] {dag.py:4180} INFO - Setting next_dagrun for python_function to 2024-01-01 00:00:00+00:00, run_after=2024-01-02 00:00:00+00:00
[2024-12-28T17:03:22.021+0000] {processor.py:208} INFO - Processing /opt/airflow/dags/2.python_function.py took 0.074 seconds
[2024-12-28T17:03:52.549+0000] {processor.py:186} INFO - Started process (PID=1559) to work on /opt/airflow/dags/2.python_function.py
[2024-12-28T17:03:52.549+0000] {processor.py:914} INFO - Processing file /opt/airflow/dags/2.python_function.py for tasks to queue
[2024-12-28T17:03:52.552+0000] {logging_mixin.py:190} INFO - [2024-12-28T17:03:52.551+0000] {dagbag.py:588} INFO - Filling up the DagBag from /opt/airflow/dags/2.python_function.py
[2024-12-28T17:03:52.564+0000] {processor.py:925} INFO - DAG(s) 'python_function' retrieved from /opt/airflow/dags/2.python_function.py
[2024-12-28T17:03:52.584+0000] {logging_mixin.py:190} INFO - [2024-12-28T17:03:52.584+0000] {dag.py:3239} INFO - Sync 1 DAGs
[2024-12-28T17:03:52.608+0000] {logging_mixin.py:190} INFO - [2024-12-28T17:03:52.608+0000] {dag.py:4180} INFO - Setting next_dagrun for python_function to 2024-02-01 00:00:00+00:00, run_after=2024-02-02 00:00:00+00:00
[2024-12-28T17:03:52.625+0000] {processor.py:208} INFO - Processing /opt/airflow/dags/2.python_function.py took 0.083 seconds
