[2024-12-28T17:02:20.946+0000] {processor.py:186} INFO - Started process (PID=1332) to work on /opt/airflow/dags/4.parallel_tasks.py
[2024-12-28T17:02:20.947+0000] {processor.py:914} INFO - Processing file /opt/airflow/dags/4.parallel_tasks.py for tasks to queue
[2024-12-28T17:02:20.950+0000] {logging_mixin.py:190} INFO - [2024-12-28T17:02:20.949+0000] {dagbag.py:588} INFO - Filling up the DagBag from /opt/airflow/dags/4.parallel_tasks.py
[2024-12-28T17:02:20.959+0000] {processor.py:925} INFO - DAG(s) 'parallel_tasks' retrieved from /opt/airflow/dags/4.parallel_tasks.py
[2024-12-28T17:02:21.055+0000] {logging_mixin.py:190} INFO - [2024-12-28T17:02:21.054+0000] {override.py:1911} INFO - Created Permission View: can edit on DAG:parallel_tasks
[2024-12-28T17:02:21.063+0000] {logging_mixin.py:190} INFO - [2024-12-28T17:02:21.063+0000] {override.py:1911} INFO - Created Permission View: can read on DAG:parallel_tasks
[2024-12-28T17:02:21.068+0000] {logging_mixin.py:190} INFO - [2024-12-28T17:02:21.068+0000] {override.py:1911} INFO - Created Permission View: can delete on DAG:parallel_tasks
[2024-12-28T17:02:21.074+0000] {logging_mixin.py:190} INFO - [2024-12-28T17:02:21.074+0000] {override.py:1911} INFO - Created Permission View: can create on DAG Run:parallel_tasks
[2024-12-28T17:02:21.079+0000] {logging_mixin.py:190} INFO - [2024-12-28T17:02:21.079+0000] {override.py:1911} INFO - Created Permission View: can read on DAG Run:parallel_tasks
[2024-12-28T17:02:21.084+0000] {logging_mixin.py:190} INFO - [2024-12-28T17:02:21.084+0000] {override.py:1911} INFO - Created Permission View: menu access on DAG Run:parallel_tasks
[2024-12-28T17:02:21.089+0000] {logging_mixin.py:190} INFO - [2024-12-28T17:02:21.089+0000] {override.py:1911} INFO - Created Permission View: can delete on DAG Run:parallel_tasks
[2024-12-28T17:02:21.089+0000] {logging_mixin.py:190} INFO - [2024-12-28T17:02:21.089+0000] {dag.py:3239} INFO - Sync 1 DAGs
[2024-12-28T17:02:21.099+0000] {logging_mixin.py:190} INFO - [2024-12-28T17:02:21.099+0000] {dag.py:3262} INFO - Creating ORM DAG for parallel_tasks
[2024-12-28T17:02:21.108+0000] {logging_mixin.py:190} INFO - [2024-12-28T17:02:21.108+0000] {dag.py:4180} INFO - Setting next_dagrun for parallel_tasks to 2024-01-01 00:00:00+00:00, run_after=2024-01-02 00:00:00+00:00
[2024-12-28T17:02:21.124+0000] {processor.py:208} INFO - Processing /opt/airflow/dags/4.parallel_tasks.py took 0.183 seconds
[2024-12-28T17:02:51.210+0000] {processor.py:186} INFO - Started process (PID=1405) to work on /opt/airflow/dags/4.parallel_tasks.py
[2024-12-28T17:02:51.211+0000] {processor.py:914} INFO - Processing file /opt/airflow/dags/4.parallel_tasks.py for tasks to queue
[2024-12-28T17:02:51.214+0000] {logging_mixin.py:190} INFO - [2024-12-28T17:02:51.213+0000] {dagbag.py:588} INFO - Filling up the DagBag from /opt/airflow/dags/4.parallel_tasks.py
[2024-12-28T17:02:51.225+0000] {processor.py:925} INFO - DAG(s) 'parallel_tasks' retrieved from /opt/airflow/dags/4.parallel_tasks.py
[2024-12-28T17:02:51.247+0000] {logging_mixin.py:190} INFO - [2024-12-28T17:02:51.247+0000] {dag.py:3239} INFO - Sync 1 DAGs
[2024-12-28T17:02:51.272+0000] {logging_mixin.py:190} INFO - [2024-12-28T17:02:51.272+0000] {dag.py:4180} INFO - Setting next_dagrun for parallel_tasks to 2024-01-01 00:00:00+00:00, run_after=2024-01-02 00:00:00+00:00
[2024-12-28T17:02:51.293+0000] {processor.py:208} INFO - Processing /opt/airflow/dags/4.parallel_tasks.py took 0.088 seconds
[2024-12-28T17:03:21.633+0000] {processor.py:186} INFO - Started process (PID=1480) to work on /opt/airflow/dags/4.parallel_tasks.py
[2024-12-28T17:03:21.634+0000] {processor.py:914} INFO - Processing file /opt/airflow/dags/4.parallel_tasks.py for tasks to queue
[2024-12-28T17:03:21.636+0000] {logging_mixin.py:190} INFO - [2024-12-28T17:03:21.635+0000] {dagbag.py:588} INFO - Filling up the DagBag from /opt/airflow/dags/4.parallel_tasks.py
[2024-12-28T17:03:21.645+0000] {processor.py:925} INFO - DAG(s) 'parallel_tasks' retrieved from /opt/airflow/dags/4.parallel_tasks.py
[2024-12-28T17:03:21.663+0000] {logging_mixin.py:190} INFO - [2024-12-28T17:03:21.662+0000] {dag.py:3239} INFO - Sync 1 DAGs
[2024-12-28T17:03:21.682+0000] {logging_mixin.py:190} INFO - [2024-12-28T17:03:21.682+0000] {dag.py:4180} INFO - Setting next_dagrun for parallel_tasks to 2024-01-01 00:00:00+00:00, run_after=2024-01-02 00:00:00+00:00
[2024-12-28T17:03:21.697+0000] {processor.py:208} INFO - Processing /opt/airflow/dags/4.parallel_tasks.py took 0.069 seconds
[2024-12-28T17:03:52.434+0000] {processor.py:186} INFO - Started process (PID=1557) to work on /opt/airflow/dags/4.parallel_tasks.py
[2024-12-28T17:03:52.435+0000] {processor.py:914} INFO - Processing file /opt/airflow/dags/4.parallel_tasks.py for tasks to queue
[2024-12-28T17:03:52.437+0000] {logging_mixin.py:190} INFO - [2024-12-28T17:03:52.437+0000] {dagbag.py:588} INFO - Filling up the DagBag from /opt/airflow/dags/4.parallel_tasks.py
[2024-12-28T17:03:52.446+0000] {processor.py:925} INFO - DAG(s) 'parallel_tasks' retrieved from /opt/airflow/dags/4.parallel_tasks.py
[2024-12-28T17:03:52.468+0000] {logging_mixin.py:190} INFO - [2024-12-28T17:03:52.468+0000] {dag.py:3239} INFO - Sync 1 DAGs
[2024-12-28T17:03:52.490+0000] {logging_mixin.py:190} INFO - [2024-12-28T17:03:52.490+0000] {dag.py:4180} INFO - Setting next_dagrun for parallel_tasks to 2024-01-01 00:00:00+00:00, run_after=2024-01-02 00:00:00+00:00
[2024-12-28T17:03:52.509+0000] {processor.py:208} INFO - Processing /opt/airflow/dags/4.parallel_tasks.py took 0.080 seconds
