[2024-12-28T17:02:20.512+0000] {processor.py:186} INFO - Started process (PID=1329) to work on /opt/airflow/dags/7.fetch_data_from_api.py
[2024-12-28T17:02:20.513+0000] {processor.py:914} INFO - Processing file /opt/airflow/dags/7.fetch_data_from_api.py for tasks to queue
[2024-12-28T17:02:20.515+0000] {logging_mixin.py:190} INFO - [2024-12-28T17:02:20.515+0000] {dagbag.py:588} INFO - Filling up the DagBag from /opt/airflow/dags/7.fetch_data_from_api.py
[2024-12-28T17:02:20.524+0000] {processor.py:925} INFO - DAG(s) 'fetch_api_data' retrieved from /opt/airflow/dags/7.fetch_data_from_api.py
[2024-12-28T17:02:20.622+0000] {logging_mixin.py:190} INFO - [2024-12-28T17:02:20.621+0000] {override.py:1911} INFO - Created Permission View: can edit on DAG:fetch_api_data
[2024-12-28T17:02:20.631+0000] {logging_mixin.py:190} INFO - [2024-12-28T17:02:20.631+0000] {override.py:1911} INFO - Created Permission View: can read on DAG:fetch_api_data
[2024-12-28T17:02:20.638+0000] {logging_mixin.py:190} INFO - [2024-12-28T17:02:20.637+0000] {override.py:1911} INFO - Created Permission View: can delete on DAG:fetch_api_data
[2024-12-28T17:02:20.644+0000] {logging_mixin.py:190} INFO - [2024-12-28T17:02:20.644+0000] {override.py:1911} INFO - Created Permission View: can create on DAG Run:fetch_api_data
[2024-12-28T17:02:20.651+0000] {logging_mixin.py:190} INFO - [2024-12-28T17:02:20.651+0000] {override.py:1911} INFO - Created Permission View: can read on DAG Run:fetch_api_data
[2024-12-28T17:02:20.658+0000] {logging_mixin.py:190} INFO - [2024-12-28T17:02:20.658+0000] {override.py:1911} INFO - Created Permission View: menu access on DAG Run:fetch_api_data
[2024-12-28T17:02:20.665+0000] {logging_mixin.py:190} INFO - [2024-12-28T17:02:20.665+0000] {override.py:1911} INFO - Created Permission View: can delete on DAG Run:fetch_api_data
[2024-12-28T17:02:20.666+0000] {logging_mixin.py:190} INFO - [2024-12-28T17:02:20.665+0000] {dag.py:3239} INFO - Sync 1 DAGs
[2024-12-28T17:02:20.676+0000] {logging_mixin.py:190} INFO - [2024-12-28T17:02:20.676+0000] {dag.py:3262} INFO - Creating ORM DAG for fetch_api_data
[2024-12-28T17:02:20.686+0000] {logging_mixin.py:190} INFO - [2024-12-28T17:02:20.686+0000] {dag.py:4180} INFO - Setting next_dagrun for fetch_api_data to 2024-01-01 00:00:00+00:00, run_after=2024-01-02 00:00:00+00:00
[2024-12-28T17:02:20.702+0000] {processor.py:208} INFO - Processing /opt/airflow/dags/7.fetch_data_from_api.py took 0.195 seconds
[2024-12-28T17:02:51.029+0000] {processor.py:186} INFO - Started process (PID=1402) to work on /opt/airflow/dags/7.fetch_data_from_api.py
[2024-12-28T17:02:51.030+0000] {processor.py:914} INFO - Processing file /opt/airflow/dags/7.fetch_data_from_api.py for tasks to queue
[2024-12-28T17:02:51.031+0000] {logging_mixin.py:190} INFO - [2024-12-28T17:02:51.031+0000] {dagbag.py:588} INFO - Filling up the DagBag from /opt/airflow/dags/7.fetch_data_from_api.py
[2024-12-28T17:02:51.041+0000] {processor.py:925} INFO - DAG(s) 'fetch_api_data' retrieved from /opt/airflow/dags/7.fetch_data_from_api.py
[2024-12-28T17:02:51.062+0000] {logging_mixin.py:190} INFO - [2024-12-28T17:02:51.062+0000] {dag.py:3239} INFO - Sync 1 DAGs
[2024-12-28T17:02:51.087+0000] {logging_mixin.py:190} INFO - [2024-12-28T17:02:51.087+0000] {dag.py:4180} INFO - Setting next_dagrun for fetch_api_data to 2024-01-01 00:00:00+00:00, run_after=2024-01-02 00:00:00+00:00
[2024-12-28T17:02:51.106+0000] {processor.py:208} INFO - Processing /opt/airflow/dags/7.fetch_data_from_api.py took 0.083 seconds
[2024-12-28T17:03:21.469+0000] {processor.py:186} INFO - Started process (PID=1477) to work on /opt/airflow/dags/7.fetch_data_from_api.py
[2024-12-28T17:03:21.470+0000] {processor.py:914} INFO - Processing file /opt/airflow/dags/7.fetch_data_from_api.py for tasks to queue
[2024-12-28T17:03:21.472+0000] {logging_mixin.py:190} INFO - [2024-12-28T17:03:21.471+0000] {dagbag.py:588} INFO - Filling up the DagBag from /opt/airflow/dags/7.fetch_data_from_api.py
[2024-12-28T17:03:21.480+0000] {processor.py:925} INFO - DAG(s) 'fetch_api_data' retrieved from /opt/airflow/dags/7.fetch_data_from_api.py
[2024-12-28T17:03:21.499+0000] {logging_mixin.py:190} INFO - [2024-12-28T17:03:21.499+0000] {dag.py:3239} INFO - Sync 1 DAGs
[2024-12-28T17:03:21.524+0000] {logging_mixin.py:190} INFO - [2024-12-28T17:03:21.524+0000] {dag.py:4180} INFO - Setting next_dagrun for fetch_api_data to 2024-01-01 00:00:00+00:00, run_after=2024-01-02 00:00:00+00:00
[2024-12-28T17:03:21.542+0000] {processor.py:208} INFO - Processing /opt/airflow/dags/7.fetch_data_from_api.py took 0.079 seconds
[2024-12-28T17:03:51.626+0000] {processor.py:186} INFO - Started process (PID=1544) to work on /opt/airflow/dags/7.fetch_data_from_api.py
[2024-12-28T17:03:51.627+0000] {processor.py:914} INFO - Processing file /opt/airflow/dags/7.fetch_data_from_api.py for tasks to queue
[2024-12-28T17:03:51.630+0000] {logging_mixin.py:190} INFO - [2024-12-28T17:03:51.630+0000] {dagbag.py:588} INFO - Filling up the DagBag from /opt/airflow/dags/7.fetch_data_from_api.py
[2024-12-28T17:03:51.638+0000] {processor.py:925} INFO - DAG(s) 'fetch_api_data' retrieved from /opt/airflow/dags/7.fetch_data_from_api.py
[2024-12-28T17:03:51.658+0000] {logging_mixin.py:190} INFO - [2024-12-28T17:03:51.658+0000] {dag.py:3239} INFO - Sync 1 DAGs
[2024-12-28T17:03:51.680+0000] {logging_mixin.py:190} INFO - [2024-12-28T17:03:51.680+0000] {dag.py:4180} INFO - Setting next_dagrun for fetch_api_data to 2024-01-01 00:00:00+00:00, run_after=2024-01-02 00:00:00+00:00
[2024-12-28T17:03:51.697+0000] {processor.py:208} INFO - Processing /opt/airflow/dags/7.fetch_data_from_api.py took 0.077 seconds
