[2024-12-28T16:38:33.284+0000] {processor.py:186} INFO - Started process (PID=87) to work on /home/airflow/.local/lib/python3.12/site-packages/airflow/example_dags/example_branch_labels.py
[2024-12-28T16:38:33.284+0000] {processor.py:914} INFO - Processing file /home/airflow/.local/lib/python3.12/site-packages/airflow/example_dags/example_branch_labels.py for tasks to queue
[2024-12-28T16:38:33.286+0000] {logging_mixin.py:190} INFO - [2024-12-28T16:38:33.286+0000] {dagbag.py:588} INFO - Filling up the DagBag from /home/airflow/.local/lib/python3.12/site-packages/airflow/example_dags/example_branch_labels.py
[2024-12-28T16:38:33.296+0000] {processor.py:925} INFO - DAG(s) 'example_branch_labels' retrieved from /home/airflow/.local/lib/python3.12/site-packages/airflow/example_dags/example_branch_labels.py
[2024-12-28T16:38:33.402+0000] {logging_mixin.py:190} INFO - [2024-12-28T16:38:33.401+0000] {override.py:1911} INFO - Created Permission View: can delete on DAG:example_branch_labels
[2024-12-28T16:38:33.411+0000] {logging_mixin.py:190} INFO - [2024-12-28T16:38:33.411+0000] {override.py:1911} INFO - Created Permission View: can edit on DAG:example_branch_labels
[2024-12-28T16:38:33.418+0000] {logging_mixin.py:190} INFO - [2024-12-28T16:38:33.418+0000] {override.py:1911} INFO - Created Permission View: can read on DAG:example_branch_labels
[2024-12-28T16:38:33.425+0000] {logging_mixin.py:190} INFO - [2024-12-28T16:38:33.425+0000] {override.py:1911} INFO - Created Permission View: can create on DAG Run:example_branch_labels
[2024-12-28T16:38:33.432+0000] {logging_mixin.py:190} INFO - [2024-12-28T16:38:33.432+0000] {override.py:1911} INFO - Created Permission View: can delete on DAG Run:example_branch_labels
[2024-12-28T16:38:33.438+0000] {logging_mixin.py:190} INFO - [2024-12-28T16:38:33.438+0000] {override.py:1911} INFO - Created Permission View: menu access on DAG Run:example_branch_labels
[2024-12-28T16:38:33.445+0000] {logging_mixin.py:190} INFO - [2024-12-28T16:38:33.445+0000] {override.py:1911} INFO - Created Permission View: can read on DAG Run:example_branch_labels
[2024-12-28T16:38:33.445+0000] {logging_mixin.py:190} INFO - [2024-12-28T16:38:33.445+0000] {dag.py:3239} INFO - Sync 1 DAGs
[2024-12-28T16:38:33.459+0000] {logging_mixin.py:190} INFO - [2024-12-28T16:38:33.458+0000] {dag.py:3262} INFO - Creating ORM DAG for example_branch_labels
[2024-12-28T16:38:33.469+0000] {logging_mixin.py:190} INFO - [2024-12-28T16:38:33.469+0000] {dag.py:4180} INFO - Setting next_dagrun for example_branch_labels to 2024-12-27 00:00:00+00:00, run_after=2024-12-28 00:00:00+00:00
[2024-12-28T16:38:33.485+0000] {processor.py:208} INFO - Processing /home/airflow/.local/lib/python3.12/site-packages/airflow/example_dags/example_branch_labels.py took 0.206 seconds
[2024-12-28T16:39:03.933+0000] {processor.py:186} INFO - Started process (PID=149) to work on /home/airflow/.local/lib/python3.12/site-packages/airflow/example_dags/example_branch_labels.py
[2024-12-28T16:39:03.934+0000] {processor.py:914} INFO - Processing file /home/airflow/.local/lib/python3.12/site-packages/airflow/example_dags/example_branch_labels.py for tasks to queue
[2024-12-28T16:39:03.939+0000] {logging_mixin.py:190} INFO - [2024-12-28T16:39:03.938+0000] {dagbag.py:588} INFO - Filling up the DagBag from /home/airflow/.local/lib/python3.12/site-packages/airflow/example_dags/example_branch_labels.py
[2024-12-28T16:39:03.952+0000] {processor.py:925} INFO - DAG(s) 'example_branch_labels' retrieved from /home/airflow/.local/lib/python3.12/site-packages/airflow/example_dags/example_branch_labels.py
[2024-12-28T16:39:03.981+0000] {logging_mixin.py:190} INFO - [2024-12-28T16:39:03.980+0000] {dag.py:3239} INFO - Sync 1 DAGs
[2024-12-28T16:39:04.012+0000] {logging_mixin.py:190} INFO - [2024-12-28T16:39:04.011+0000] {dag.py:4180} INFO - Setting next_dagrun for example_branch_labels to 2024-12-27 00:00:00+00:00, run_after=2024-12-28 00:00:00+00:00
[2024-12-28T16:39:04.037+0000] {processor.py:208} INFO - Processing /home/airflow/.local/lib/python3.12/site-packages/airflow/example_dags/example_branch_labels.py took 0.111 seconds
[2024-12-28T16:39:34.171+0000] {processor.py:186} INFO - Started process (PID=212) to work on /home/airflow/.local/lib/python3.12/site-packages/airflow/example_dags/example_branch_labels.py
[2024-12-28T16:39:34.172+0000] {processor.py:914} INFO - Processing file /home/airflow/.local/lib/python3.12/site-packages/airflow/example_dags/example_branch_labels.py for tasks to queue
[2024-12-28T16:39:34.176+0000] {logging_mixin.py:190} INFO - [2024-12-28T16:39:34.175+0000] {dagbag.py:588} INFO - Filling up the DagBag from /home/airflow/.local/lib/python3.12/site-packages/airflow/example_dags/example_branch_labels.py
[2024-12-28T16:39:34.193+0000] {processor.py:925} INFO - DAG(s) 'example_branch_labels' retrieved from /home/airflow/.local/lib/python3.12/site-packages/airflow/example_dags/example_branch_labels.py
[2024-12-28T16:39:34.228+0000] {logging_mixin.py:190} INFO - [2024-12-28T16:39:34.227+0000] {dag.py:3239} INFO - Sync 1 DAGs
[2024-12-28T16:39:34.274+0000] {logging_mixin.py:190} INFO - [2024-12-28T16:39:34.274+0000] {dag.py:4180} INFO - Setting next_dagrun for example_branch_labels to 2024-12-27 00:00:00+00:00, run_after=2024-12-28 00:00:00+00:00
[2024-12-28T16:39:34.298+0000] {processor.py:208} INFO - Processing /home/airflow/.local/lib/python3.12/site-packages/airflow/example_dags/example_branch_labels.py took 0.139 seconds
[2024-12-28T16:40:05.192+0000] {processor.py:186} INFO - Started process (PID=275) to work on /home/airflow/.local/lib/python3.12/site-packages/airflow/example_dags/example_branch_labels.py
[2024-12-28T16:40:05.193+0000] {processor.py:914} INFO - Processing file /home/airflow/.local/lib/python3.12/site-packages/airflow/example_dags/example_branch_labels.py for tasks to queue
[2024-12-28T16:40:05.195+0000] {logging_mixin.py:190} INFO - [2024-12-28T16:40:05.195+0000] {dagbag.py:588} INFO - Filling up the DagBag from /home/airflow/.local/lib/python3.12/site-packages/airflow/example_dags/example_branch_labels.py
[2024-12-28T16:40:05.205+0000] {processor.py:925} INFO - DAG(s) 'example_branch_labels' retrieved from /home/airflow/.local/lib/python3.12/site-packages/airflow/example_dags/example_branch_labels.py
[2024-12-28T16:40:05.224+0000] {logging_mixin.py:190} INFO - [2024-12-28T16:40:05.224+0000] {dag.py:3239} INFO - Sync 1 DAGs
[2024-12-28T16:40:05.247+0000] {logging_mixin.py:190} INFO - [2024-12-28T16:40:05.247+0000] {dag.py:4180} INFO - Setting next_dagrun for example_branch_labels to 2024-12-27 00:00:00+00:00, run_after=2024-12-28 00:00:00+00:00
[2024-12-28T16:40:05.267+0000] {processor.py:208} INFO - Processing /home/airflow/.local/lib/python3.12/site-packages/airflow/example_dags/example_branch_labels.py took 0.080 seconds
[2024-12-28T16:42:39.400+0000] {processor.py:186} INFO - Started process (PID=86) to work on /home/airflow/.local/lib/python3.12/site-packages/airflow/example_dags/example_branch_labels.py
[2024-12-28T16:42:39.401+0000] {processor.py:914} INFO - Processing file /home/airflow/.local/lib/python3.12/site-packages/airflow/example_dags/example_branch_labels.py for tasks to queue
[2024-12-28T16:42:39.403+0000] {logging_mixin.py:190} INFO - [2024-12-28T16:42:39.403+0000] {dagbag.py:588} INFO - Filling up the DagBag from /home/airflow/.local/lib/python3.12/site-packages/airflow/example_dags/example_branch_labels.py
[2024-12-28T16:42:39.416+0000] {processor.py:925} INFO - DAG(s) 'example_branch_labels' retrieved from /home/airflow/.local/lib/python3.12/site-packages/airflow/example_dags/example_branch_labels.py
[2024-12-28T16:42:39.448+0000] {logging_mixin.py:190} INFO - [2024-12-28T16:42:39.448+0000] {dag.py:3239} INFO - Sync 1 DAGs
[2024-12-28T16:42:39.471+0000] {logging_mixin.py:190} INFO - [2024-12-28T16:42:39.471+0000] {dag.py:4180} INFO - Setting next_dagrun for example_branch_labels to 2024-12-27 00:00:00+00:00, run_after=2024-12-28 00:00:00+00:00
[2024-12-28T16:42:39.490+0000] {processor.py:208} INFO - Processing /home/airflow/.local/lib/python3.12/site-packages/airflow/example_dags/example_branch_labels.py took 0.097 seconds
[2024-12-28T16:43:10.418+0000] {processor.py:186} INFO - Started process (PID=148) to work on /home/airflow/.local/lib/python3.12/site-packages/airflow/example_dags/example_branch_labels.py
[2024-12-28T16:43:10.419+0000] {processor.py:914} INFO - Processing file /home/airflow/.local/lib/python3.12/site-packages/airflow/example_dags/example_branch_labels.py for tasks to queue
[2024-12-28T16:43:10.421+0000] {logging_mixin.py:190} INFO - [2024-12-28T16:43:10.421+0000] {dagbag.py:588} INFO - Filling up the DagBag from /home/airflow/.local/lib/python3.12/site-packages/airflow/example_dags/example_branch_labels.py
[2024-12-28T16:43:10.432+0000] {processor.py:925} INFO - DAG(s) 'example_branch_labels' retrieved from /home/airflow/.local/lib/python3.12/site-packages/airflow/example_dags/example_branch_labels.py
[2024-12-28T16:43:10.453+0000] {logging_mixin.py:190} INFO - [2024-12-28T16:43:10.453+0000] {dag.py:3239} INFO - Sync 1 DAGs
[2024-12-28T16:43:10.476+0000] {logging_mixin.py:190} INFO - [2024-12-28T16:43:10.476+0000] {dag.py:4180} INFO - Setting next_dagrun for example_branch_labels to 2024-12-27 00:00:00+00:00, run_after=2024-12-28 00:00:00+00:00
[2024-12-28T16:43:10.493+0000] {processor.py:208} INFO - Processing /home/airflow/.local/lib/python3.12/site-packages/airflow/example_dags/example_branch_labels.py took 0.082 seconds
[2024-12-28T16:43:40.752+0000] {processor.py:186} INFO - Started process (PID=211) to work on /home/airflow/.local/lib/python3.12/site-packages/airflow/example_dags/example_branch_labels.py
[2024-12-28T16:43:40.753+0000] {processor.py:914} INFO - Processing file /home/airflow/.local/lib/python3.12/site-packages/airflow/example_dags/example_branch_labels.py for tasks to queue
[2024-12-28T16:43:40.755+0000] {logging_mixin.py:190} INFO - [2024-12-28T16:43:40.755+0000] {dagbag.py:588} INFO - Filling up the DagBag from /home/airflow/.local/lib/python3.12/site-packages/airflow/example_dags/example_branch_labels.py
[2024-12-28T16:43:40.764+0000] {processor.py:925} INFO - DAG(s) 'example_branch_labels' retrieved from /home/airflow/.local/lib/python3.12/site-packages/airflow/example_dags/example_branch_labels.py
[2024-12-28T16:43:40.784+0000] {logging_mixin.py:190} INFO - [2024-12-28T16:43:40.784+0000] {dag.py:3239} INFO - Sync 1 DAGs
[2024-12-28T16:43:40.806+0000] {logging_mixin.py:190} INFO - [2024-12-28T16:43:40.805+0000] {dag.py:4180} INFO - Setting next_dagrun for example_branch_labels to 2024-12-27 00:00:00+00:00, run_after=2024-12-28 00:00:00+00:00
[2024-12-28T16:43:40.823+0000] {processor.py:208} INFO - Processing /home/airflow/.local/lib/python3.12/site-packages/airflow/example_dags/example_branch_labels.py took 0.076 seconds
[2024-12-28T16:44:11.489+0000] {processor.py:186} INFO - Started process (PID=274) to work on /home/airflow/.local/lib/python3.12/site-packages/airflow/example_dags/example_branch_labels.py
[2024-12-28T16:44:11.489+0000] {processor.py:914} INFO - Processing file /home/airflow/.local/lib/python3.12/site-packages/airflow/example_dags/example_branch_labels.py for tasks to queue
[2024-12-28T16:44:11.492+0000] {logging_mixin.py:190} INFO - [2024-12-28T16:44:11.491+0000] {dagbag.py:588} INFO - Filling up the DagBag from /home/airflow/.local/lib/python3.12/site-packages/airflow/example_dags/example_branch_labels.py
[2024-12-28T16:44:11.501+0000] {processor.py:925} INFO - DAG(s) 'example_branch_labels' retrieved from /home/airflow/.local/lib/python3.12/site-packages/airflow/example_dags/example_branch_labels.py
[2024-12-28T16:44:11.521+0000] {logging_mixin.py:190} INFO - [2024-12-28T16:44:11.520+0000] {dag.py:3239} INFO - Sync 1 DAGs
[2024-12-28T16:44:11.542+0000] {logging_mixin.py:190} INFO - [2024-12-28T16:44:11.542+0000] {dag.py:4180} INFO - Setting next_dagrun for example_branch_labels to 2024-12-27 00:00:00+00:00, run_after=2024-12-28 00:00:00+00:00
[2024-12-28T16:44:11.559+0000] {processor.py:208} INFO - Processing /home/airflow/.local/lib/python3.12/site-packages/airflow/example_dags/example_branch_labels.py took 0.076 seconds
[2024-12-28T16:44:41.647+0000] {processor.py:186} INFO - Started process (PID=337) to work on /home/airflow/.local/lib/python3.12/site-packages/airflow/example_dags/example_branch_labels.py
[2024-12-28T16:44:41.648+0000] {processor.py:914} INFO - Processing file /home/airflow/.local/lib/python3.12/site-packages/airflow/example_dags/example_branch_labels.py for tasks to queue
[2024-12-28T16:44:41.650+0000] {logging_mixin.py:190} INFO - [2024-12-28T16:44:41.649+0000] {dagbag.py:588} INFO - Filling up the DagBag from /home/airflow/.local/lib/python3.12/site-packages/airflow/example_dags/example_branch_labels.py
[2024-12-28T16:44:41.658+0000] {processor.py:925} INFO - DAG(s) 'example_branch_labels' retrieved from /home/airflow/.local/lib/python3.12/site-packages/airflow/example_dags/example_branch_labels.py
[2024-12-28T16:44:41.678+0000] {logging_mixin.py:190} INFO - [2024-12-28T16:44:41.677+0000] {dag.py:3239} INFO - Sync 1 DAGs
[2024-12-28T16:44:41.699+0000] {logging_mixin.py:190} INFO - [2024-12-28T16:44:41.698+0000] {dag.py:4180} INFO - Setting next_dagrun for example_branch_labels to 2024-12-27 00:00:00+00:00, run_after=2024-12-28 00:00:00+00:00
[2024-12-28T16:44:41.715+0000] {processor.py:208} INFO - Processing /home/airflow/.local/lib/python3.12/site-packages/airflow/example_dags/example_branch_labels.py took 0.073 seconds
[2024-12-28T16:45:12.231+0000] {processor.py:186} INFO - Started process (PID=406) to work on /home/airflow/.local/lib/python3.12/site-packages/airflow/example_dags/example_branch_labels.py
[2024-12-28T16:45:12.231+0000] {processor.py:914} INFO - Processing file /home/airflow/.local/lib/python3.12/site-packages/airflow/example_dags/example_branch_labels.py for tasks to queue
[2024-12-28T16:45:12.233+0000] {logging_mixin.py:190} INFO - [2024-12-28T16:45:12.233+0000] {dagbag.py:588} INFO - Filling up the DagBag from /home/airflow/.local/lib/python3.12/site-packages/airflow/example_dags/example_branch_labels.py
[2024-12-28T16:45:12.242+0000] {processor.py:925} INFO - DAG(s) 'example_branch_labels' retrieved from /home/airflow/.local/lib/python3.12/site-packages/airflow/example_dags/example_branch_labels.py
[2024-12-28T16:45:12.261+0000] {logging_mixin.py:190} INFO - [2024-12-28T16:45:12.261+0000] {dag.py:3239} INFO - Sync 1 DAGs
[2024-12-28T16:45:12.281+0000] {logging_mixin.py:190} INFO - [2024-12-28T16:45:12.281+0000] {dag.py:4180} INFO - Setting next_dagrun for example_branch_labels to 2024-12-27 00:00:00+00:00, run_after=2024-12-28 00:00:00+00:00
[2024-12-28T16:45:12.297+0000] {processor.py:208} INFO - Processing /home/airflow/.local/lib/python3.12/site-packages/airflow/example_dags/example_branch_labels.py took 0.072 seconds
[2024-12-28T16:45:42.717+0000] {processor.py:186} INFO - Started process (PID=469) to work on /home/airflow/.local/lib/python3.12/site-packages/airflow/example_dags/example_branch_labels.py
[2024-12-28T16:45:42.718+0000] {processor.py:914} INFO - Processing file /home/airflow/.local/lib/python3.12/site-packages/airflow/example_dags/example_branch_labels.py for tasks to queue
[2024-12-28T16:45:42.720+0000] {logging_mixin.py:190} INFO - [2024-12-28T16:45:42.720+0000] {dagbag.py:588} INFO - Filling up the DagBag from /home/airflow/.local/lib/python3.12/site-packages/airflow/example_dags/example_branch_labels.py
[2024-12-28T16:45:42.729+0000] {processor.py:925} INFO - DAG(s) 'example_branch_labels' retrieved from /home/airflow/.local/lib/python3.12/site-packages/airflow/example_dags/example_branch_labels.py
[2024-12-28T16:45:42.749+0000] {logging_mixin.py:190} INFO - [2024-12-28T16:45:42.749+0000] {dag.py:3239} INFO - Sync 1 DAGs
[2024-12-28T16:45:42.772+0000] {logging_mixin.py:190} INFO - [2024-12-28T16:45:42.772+0000] {dag.py:4180} INFO - Setting next_dagrun for example_branch_labels to 2024-12-27 00:00:00+00:00, run_after=2024-12-28 00:00:00+00:00
[2024-12-28T16:45:42.788+0000] {processor.py:208} INFO - Processing /home/airflow/.local/lib/python3.12/site-packages/airflow/example_dags/example_branch_labels.py took 0.076 seconds
[2024-12-28T16:46:13.578+0000] {processor.py:186} INFO - Started process (PID=532) to work on /home/airflow/.local/lib/python3.12/site-packages/airflow/example_dags/example_branch_labels.py
[2024-12-28T16:46:13.579+0000] {processor.py:914} INFO - Processing file /home/airflow/.local/lib/python3.12/site-packages/airflow/example_dags/example_branch_labels.py for tasks to queue
[2024-12-28T16:46:13.581+0000] {logging_mixin.py:190} INFO - [2024-12-28T16:46:13.581+0000] {dagbag.py:588} INFO - Filling up the DagBag from /home/airflow/.local/lib/python3.12/site-packages/airflow/example_dags/example_branch_labels.py
[2024-12-28T16:46:13.589+0000] {processor.py:925} INFO - DAG(s) 'example_branch_labels' retrieved from /home/airflow/.local/lib/python3.12/site-packages/airflow/example_dags/example_branch_labels.py
[2024-12-28T16:46:13.608+0000] {logging_mixin.py:190} INFO - [2024-12-28T16:46:13.608+0000] {dag.py:3239} INFO - Sync 1 DAGs
[2024-12-28T16:46:13.630+0000] {logging_mixin.py:190} INFO - [2024-12-28T16:46:13.629+0000] {dag.py:4180} INFO - Setting next_dagrun for example_branch_labels to 2024-12-27 00:00:00+00:00, run_after=2024-12-28 00:00:00+00:00
[2024-12-28T16:46:13.645+0000] {processor.py:208} INFO - Processing /home/airflow/.local/lib/python3.12/site-packages/airflow/example_dags/example_branch_labels.py took 0.072 seconds
[2024-12-28T16:46:43.879+0000] {processor.py:186} INFO - Started process (PID=595) to work on /home/airflow/.local/lib/python3.12/site-packages/airflow/example_dags/example_branch_labels.py
[2024-12-28T16:46:43.880+0000] {processor.py:914} INFO - Processing file /home/airflow/.local/lib/python3.12/site-packages/airflow/example_dags/example_branch_labels.py for tasks to queue
[2024-12-28T16:46:43.882+0000] {logging_mixin.py:190} INFO - [2024-12-28T16:46:43.882+0000] {dagbag.py:588} INFO - Filling up the DagBag from /home/airflow/.local/lib/python3.12/site-packages/airflow/example_dags/example_branch_labels.py
[2024-12-28T16:46:43.892+0000] {processor.py:925} INFO - DAG(s) 'example_branch_labels' retrieved from /home/airflow/.local/lib/python3.12/site-packages/airflow/example_dags/example_branch_labels.py
[2024-12-28T16:46:43.915+0000] {logging_mixin.py:190} INFO - [2024-12-28T16:46:43.915+0000] {dag.py:3239} INFO - Sync 1 DAGs
[2024-12-28T16:46:43.941+0000] {logging_mixin.py:190} INFO - [2024-12-28T16:46:43.940+0000] {dag.py:4180} INFO - Setting next_dagrun for example_branch_labels to 2024-12-27 00:00:00+00:00, run_after=2024-12-28 00:00:00+00:00
[2024-12-28T16:46:43.961+0000] {processor.py:208} INFO - Processing /home/airflow/.local/lib/python3.12/site-packages/airflow/example_dags/example_branch_labels.py took 0.087 seconds
[2024-12-28T16:47:14.082+0000] {processor.py:186} INFO - Started process (PID=658) to work on /home/airflow/.local/lib/python3.12/site-packages/airflow/example_dags/example_branch_labels.py
[2024-12-28T16:47:14.083+0000] {processor.py:914} INFO - Processing file /home/airflow/.local/lib/python3.12/site-packages/airflow/example_dags/example_branch_labels.py for tasks to queue
[2024-12-28T16:47:14.085+0000] {logging_mixin.py:190} INFO - [2024-12-28T16:47:14.085+0000] {dagbag.py:588} INFO - Filling up the DagBag from /home/airflow/.local/lib/python3.12/site-packages/airflow/example_dags/example_branch_labels.py
[2024-12-28T16:47:14.094+0000] {processor.py:925} INFO - DAG(s) 'example_branch_labels' retrieved from /home/airflow/.local/lib/python3.12/site-packages/airflow/example_dags/example_branch_labels.py
[2024-12-28T16:47:14.114+0000] {logging_mixin.py:190} INFO - [2024-12-28T16:47:14.114+0000] {dag.py:3239} INFO - Sync 1 DAGs
[2024-12-28T16:47:14.135+0000] {logging_mixin.py:190} INFO - [2024-12-28T16:47:14.135+0000] {dag.py:4180} INFO - Setting next_dagrun for example_branch_labels to 2024-12-27 00:00:00+00:00, run_after=2024-12-28 00:00:00+00:00
[2024-12-28T16:47:14.151+0000] {processor.py:208} INFO - Processing /home/airflow/.local/lib/python3.12/site-packages/airflow/example_dags/example_branch_labels.py took 0.075 seconds
[2024-12-28T16:47:44.671+0000] {processor.py:186} INFO - Started process (PID=722) to work on /home/airflow/.local/lib/python3.12/site-packages/airflow/example_dags/example_branch_labels.py
[2024-12-28T16:47:44.672+0000] {processor.py:914} INFO - Processing file /home/airflow/.local/lib/python3.12/site-packages/airflow/example_dags/example_branch_labels.py for tasks to queue
[2024-12-28T16:47:44.674+0000] {logging_mixin.py:190} INFO - [2024-12-28T16:47:44.673+0000] {dagbag.py:588} INFO - Filling up the DagBag from /home/airflow/.local/lib/python3.12/site-packages/airflow/example_dags/example_branch_labels.py
[2024-12-28T16:47:44.681+0000] {processor.py:925} INFO - DAG(s) 'example_branch_labels' retrieved from /home/airflow/.local/lib/python3.12/site-packages/airflow/example_dags/example_branch_labels.py
[2024-12-28T16:47:44.701+0000] {logging_mixin.py:190} INFO - [2024-12-28T16:47:44.701+0000] {dag.py:3239} INFO - Sync 1 DAGs
[2024-12-28T16:47:44.723+0000] {logging_mixin.py:190} INFO - [2024-12-28T16:47:44.723+0000] {dag.py:4180} INFO - Setting next_dagrun for example_branch_labels to 2024-12-27 00:00:00+00:00, run_after=2024-12-28 00:00:00+00:00
[2024-12-28T16:47:44.739+0000] {processor.py:208} INFO - Processing /home/airflow/.local/lib/python3.12/site-packages/airflow/example_dags/example_branch_labels.py took 0.073 seconds
[2024-12-28T16:52:21.933+0000] {processor.py:186} INFO - Started process (PID=88) to work on /home/airflow/.local/lib/python3.12/site-packages/airflow/example_dags/example_branch_labels.py
[2024-12-28T16:52:21.934+0000] {processor.py:914} INFO - Processing file /home/airflow/.local/lib/python3.12/site-packages/airflow/example_dags/example_branch_labels.py for tasks to queue
[2024-12-28T16:52:21.936+0000] {logging_mixin.py:190} INFO - [2024-12-28T16:52:21.936+0000] {dagbag.py:588} INFO - Filling up the DagBag from /home/airflow/.local/lib/python3.12/site-packages/airflow/example_dags/example_branch_labels.py
[2024-12-28T16:52:21.946+0000] {processor.py:925} INFO - DAG(s) 'example_branch_labels' retrieved from /home/airflow/.local/lib/python3.12/site-packages/airflow/example_dags/example_branch_labels.py
[2024-12-28T16:52:21.973+0000] {logging_mixin.py:190} INFO - [2024-12-28T16:52:21.973+0000] {dag.py:3239} INFO - Sync 1 DAGs
[2024-12-28T16:52:21.998+0000] {logging_mixin.py:190} INFO - [2024-12-28T16:52:21.997+0000] {dag.py:4180} INFO - Setting next_dagrun for example_branch_labels to 2024-12-27 00:00:00+00:00, run_after=2024-12-28 00:00:00+00:00
[2024-12-28T16:52:22.018+0000] {processor.py:208} INFO - Processing /home/airflow/.local/lib/python3.12/site-packages/airflow/example_dags/example_branch_labels.py took 0.091 seconds
[2024-12-28T16:52:52.351+0000] {processor.py:186} INFO - Started process (PID=151) to work on /home/airflow/.local/lib/python3.12/site-packages/airflow/example_dags/example_branch_labels.py
[2024-12-28T16:52:52.352+0000] {processor.py:914} INFO - Processing file /home/airflow/.local/lib/python3.12/site-packages/airflow/example_dags/example_branch_labels.py for tasks to queue
[2024-12-28T16:52:52.354+0000] {logging_mixin.py:190} INFO - [2024-12-28T16:52:52.354+0000] {dagbag.py:588} INFO - Filling up the DagBag from /home/airflow/.local/lib/python3.12/site-packages/airflow/example_dags/example_branch_labels.py
[2024-12-28T16:52:52.363+0000] {processor.py:925} INFO - DAG(s) 'example_branch_labels' retrieved from /home/airflow/.local/lib/python3.12/site-packages/airflow/example_dags/example_branch_labels.py
[2024-12-28T16:52:52.383+0000] {logging_mixin.py:190} INFO - [2024-12-28T16:52:52.383+0000] {dag.py:3239} INFO - Sync 1 DAGs
[2024-12-28T16:52:52.403+0000] {logging_mixin.py:190} INFO - [2024-12-28T16:52:52.403+0000] {dag.py:4180} INFO - Setting next_dagrun for example_branch_labels to 2024-12-27 00:00:00+00:00, run_after=2024-12-28 00:00:00+00:00
[2024-12-28T16:52:52.420+0000] {processor.py:208} INFO - Processing /home/airflow/.local/lib/python3.12/site-packages/airflow/example_dags/example_branch_labels.py took 0.075 seconds
[2024-12-28T16:53:22.663+0000] {processor.py:186} INFO - Started process (PID=215) to work on /home/airflow/.local/lib/python3.12/site-packages/airflow/example_dags/example_branch_labels.py
[2024-12-28T16:53:22.664+0000] {processor.py:914} INFO - Processing file /home/airflow/.local/lib/python3.12/site-packages/airflow/example_dags/example_branch_labels.py for tasks to queue
[2024-12-28T16:53:22.666+0000] {logging_mixin.py:190} INFO - [2024-12-28T16:53:22.665+0000] {dagbag.py:588} INFO - Filling up the DagBag from /home/airflow/.local/lib/python3.12/site-packages/airflow/example_dags/example_branch_labels.py
[2024-12-28T16:53:22.675+0000] {processor.py:925} INFO - DAG(s) 'example_branch_labels' retrieved from /home/airflow/.local/lib/python3.12/site-packages/airflow/example_dags/example_branch_labels.py
[2024-12-28T16:53:22.697+0000] {logging_mixin.py:190} INFO - [2024-12-28T16:53:22.697+0000] {dag.py:3239} INFO - Sync 1 DAGs
[2024-12-28T16:53:22.718+0000] {logging_mixin.py:190} INFO - [2024-12-28T16:53:22.717+0000] {dag.py:4180} INFO - Setting next_dagrun for example_branch_labels to 2024-12-27 00:00:00+00:00, run_after=2024-12-28 00:00:00+00:00
[2024-12-28T16:53:22.738+0000] {processor.py:208} INFO - Processing /home/airflow/.local/lib/python3.12/site-packages/airflow/example_dags/example_branch_labels.py took 0.080 seconds
[2024-12-28T16:53:54.626+0000] {processor.py:186} INFO - Started process (PID=283) to work on /home/airflow/.local/lib/python3.12/site-packages/airflow/example_dags/example_branch_labels.py
[2024-12-28T16:53:54.632+0000] {processor.py:914} INFO - Processing file /home/airflow/.local/lib/python3.12/site-packages/airflow/example_dags/example_branch_labels.py for tasks to queue
[2024-12-28T16:53:54.638+0000] {logging_mixin.py:190} INFO - [2024-12-28T16:53:54.635+0000] {dagbag.py:588} INFO - Filling up the DagBag from /home/airflow/.local/lib/python3.12/site-packages/airflow/example_dags/example_branch_labels.py
[2024-12-28T16:53:54.656+0000] {processor.py:925} INFO - DAG(s) 'example_branch_labels' retrieved from /home/airflow/.local/lib/python3.12/site-packages/airflow/example_dags/example_branch_labels.py
[2024-12-28T16:53:54.696+0000] {logging_mixin.py:190} INFO - [2024-12-28T16:53:54.696+0000] {dag.py:3239} INFO - Sync 1 DAGs
[2024-12-28T16:53:54.757+0000] {logging_mixin.py:190} INFO - [2024-12-28T16:53:54.757+0000] {dag.py:4180} INFO - Setting next_dagrun for example_branch_labels to 2024-12-27 00:00:00+00:00, run_after=2024-12-28 00:00:00+00:00
[2024-12-28T16:53:54.809+0000] {processor.py:208} INFO - Processing /home/airflow/.local/lib/python3.12/site-packages/airflow/example_dags/example_branch_labels.py took 0.193 seconds
[2024-12-28T16:54:25.831+0000] {processor.py:186} INFO - Started process (PID=347) to work on /home/airflow/.local/lib/python3.12/site-packages/airflow/example_dags/example_branch_labels.py
[2024-12-28T16:54:25.836+0000] {processor.py:914} INFO - Processing file /home/airflow/.local/lib/python3.12/site-packages/airflow/example_dags/example_branch_labels.py for tasks to queue
[2024-12-28T16:54:25.843+0000] {logging_mixin.py:190} INFO - [2024-12-28T16:54:25.842+0000] {dagbag.py:588} INFO - Filling up the DagBag from /home/airflow/.local/lib/python3.12/site-packages/airflow/example_dags/example_branch_labels.py
[2024-12-28T16:54:25.866+0000] {processor.py:925} INFO - DAG(s) 'example_branch_labels' retrieved from /home/airflow/.local/lib/python3.12/site-packages/airflow/example_dags/example_branch_labels.py
[2024-12-28T16:54:25.912+0000] {logging_mixin.py:190} INFO - [2024-12-28T16:54:25.911+0000] {dag.py:3239} INFO - Sync 1 DAGs
[2024-12-28T16:54:25.951+0000] {logging_mixin.py:190} INFO - [2024-12-28T16:54:25.950+0000] {dag.py:4180} INFO - Setting next_dagrun for example_branch_labels to 2024-12-27 00:00:00+00:00, run_after=2024-12-28 00:00:00+00:00
[2024-12-28T16:54:25.986+0000] {processor.py:208} INFO - Processing /home/airflow/.local/lib/python3.12/site-packages/airflow/example_dags/example_branch_labels.py took 0.169 seconds
[2024-12-28T16:54:56.808+0000] {processor.py:186} INFO - Started process (PID=411) to work on /home/airflow/.local/lib/python3.12/site-packages/airflow/example_dags/example_branch_labels.py
[2024-12-28T16:54:56.810+0000] {processor.py:914} INFO - Processing file /home/airflow/.local/lib/python3.12/site-packages/airflow/example_dags/example_branch_labels.py for tasks to queue
[2024-12-28T16:54:56.812+0000] {logging_mixin.py:190} INFO - [2024-12-28T16:54:56.812+0000] {dagbag.py:588} INFO - Filling up the DagBag from /home/airflow/.local/lib/python3.12/site-packages/airflow/example_dags/example_branch_labels.py
[2024-12-28T16:54:56.826+0000] {processor.py:925} INFO - DAG(s) 'example_branch_labels' retrieved from /home/airflow/.local/lib/python3.12/site-packages/airflow/example_dags/example_branch_labels.py
[2024-12-28T16:54:56.854+0000] {logging_mixin.py:190} INFO - [2024-12-28T16:54:56.853+0000] {dag.py:3239} INFO - Sync 1 DAGs
[2024-12-28T16:54:56.888+0000] {logging_mixin.py:190} INFO - [2024-12-28T16:54:56.888+0000] {dag.py:4180} INFO - Setting next_dagrun for example_branch_labels to 2024-12-27 00:00:00+00:00, run_after=2024-12-28 00:00:00+00:00
[2024-12-28T16:54:56.908+0000] {processor.py:208} INFO - Processing /home/airflow/.local/lib/python3.12/site-packages/airflow/example_dags/example_branch_labels.py took 0.107 seconds
[2024-12-28T16:55:27.088+0000] {processor.py:186} INFO - Started process (PID=475) to work on /home/airflow/.local/lib/python3.12/site-packages/airflow/example_dags/example_branch_labels.py
[2024-12-28T16:55:27.089+0000] {processor.py:914} INFO - Processing file /home/airflow/.local/lib/python3.12/site-packages/airflow/example_dags/example_branch_labels.py for tasks to queue
[2024-12-28T16:55:27.093+0000] {logging_mixin.py:190} INFO - [2024-12-28T16:55:27.092+0000] {dagbag.py:588} INFO - Filling up the DagBag from /home/airflow/.local/lib/python3.12/site-packages/airflow/example_dags/example_branch_labels.py
[2024-12-28T16:55:27.109+0000] {processor.py:925} INFO - DAG(s) 'example_branch_labels' retrieved from /home/airflow/.local/lib/python3.12/site-packages/airflow/example_dags/example_branch_labels.py
[2024-12-28T16:55:27.141+0000] {logging_mixin.py:190} INFO - [2024-12-28T16:55:27.140+0000] {dag.py:3239} INFO - Sync 1 DAGs
[2024-12-28T16:55:27.176+0000] {logging_mixin.py:190} INFO - [2024-12-28T16:55:27.175+0000] {dag.py:4180} INFO - Setting next_dagrun for example_branch_labels to 2024-12-27 00:00:00+00:00, run_after=2024-12-28 00:00:00+00:00
[2024-12-28T16:55:27.206+0000] {processor.py:208} INFO - Processing /home/airflow/.local/lib/python3.12/site-packages/airflow/example_dags/example_branch_labels.py took 0.125 seconds
[2024-12-28T16:55:57.690+0000] {processor.py:186} INFO - Started process (PID=539) to work on /home/airflow/.local/lib/python3.12/site-packages/airflow/example_dags/example_branch_labels.py
[2024-12-28T16:55:57.690+0000] {processor.py:914} INFO - Processing file /home/airflow/.local/lib/python3.12/site-packages/airflow/example_dags/example_branch_labels.py for tasks to queue
[2024-12-28T16:55:57.692+0000] {logging_mixin.py:190} INFO - [2024-12-28T16:55:57.692+0000] {dagbag.py:588} INFO - Filling up the DagBag from /home/airflow/.local/lib/python3.12/site-packages/airflow/example_dags/example_branch_labels.py
[2024-12-28T16:55:57.701+0000] {processor.py:925} INFO - DAG(s) 'example_branch_labels' retrieved from /home/airflow/.local/lib/python3.12/site-packages/airflow/example_dags/example_branch_labels.py
[2024-12-28T16:55:57.721+0000] {logging_mixin.py:190} INFO - [2024-12-28T16:55:57.721+0000] {dag.py:3239} INFO - Sync 1 DAGs
[2024-12-28T16:55:57.744+0000] {logging_mixin.py:190} INFO - [2024-12-28T16:55:57.743+0000] {dag.py:4180} INFO - Setting next_dagrun for example_branch_labels to 2024-12-27 00:00:00+00:00, run_after=2024-12-28 00:00:00+00:00
[2024-12-28T16:55:57.760+0000] {processor.py:208} INFO - Processing /home/airflow/.local/lib/python3.12/site-packages/airflow/example_dags/example_branch_labels.py took 0.076 seconds
[2024-12-28T16:56:28.132+0000] {processor.py:186} INFO - Started process (PID=603) to work on /home/airflow/.local/lib/python3.12/site-packages/airflow/example_dags/example_branch_labels.py
[2024-12-28T16:56:28.134+0000] {processor.py:914} INFO - Processing file /home/airflow/.local/lib/python3.12/site-packages/airflow/example_dags/example_branch_labels.py for tasks to queue
[2024-12-28T16:56:28.137+0000] {logging_mixin.py:190} INFO - [2024-12-28T16:56:28.136+0000] {dagbag.py:588} INFO - Filling up the DagBag from /home/airflow/.local/lib/python3.12/site-packages/airflow/example_dags/example_branch_labels.py
[2024-12-28T16:56:28.146+0000] {processor.py:925} INFO - DAG(s) 'example_branch_labels' retrieved from /home/airflow/.local/lib/python3.12/site-packages/airflow/example_dags/example_branch_labels.py
[2024-12-28T16:56:28.166+0000] {logging_mixin.py:190} INFO - [2024-12-28T16:56:28.166+0000] {dag.py:3239} INFO - Sync 1 DAGs
[2024-12-28T16:56:28.186+0000] {logging_mixin.py:190} INFO - [2024-12-28T16:56:28.186+0000] {dag.py:4180} INFO - Setting next_dagrun for example_branch_labels to 2024-12-27 00:00:00+00:00, run_after=2024-12-28 00:00:00+00:00
[2024-12-28T16:56:28.202+0000] {processor.py:208} INFO - Processing /home/airflow/.local/lib/python3.12/site-packages/airflow/example_dags/example_branch_labels.py took 0.076 seconds
[2024-12-28T16:56:58.859+0000] {processor.py:186} INFO - Started process (PID=667) to work on /home/airflow/.local/lib/python3.12/site-packages/airflow/example_dags/example_branch_labels.py
[2024-12-28T16:56:58.860+0000] {processor.py:914} INFO - Processing file /home/airflow/.local/lib/python3.12/site-packages/airflow/example_dags/example_branch_labels.py for tasks to queue
[2024-12-28T16:56:58.862+0000] {logging_mixin.py:190} INFO - [2024-12-28T16:56:58.861+0000] {dagbag.py:588} INFO - Filling up the DagBag from /home/airflow/.local/lib/python3.12/site-packages/airflow/example_dags/example_branch_labels.py
[2024-12-28T16:56:58.871+0000] {processor.py:925} INFO - DAG(s) 'example_branch_labels' retrieved from /home/airflow/.local/lib/python3.12/site-packages/airflow/example_dags/example_branch_labels.py
[2024-12-28T16:56:58.889+0000] {logging_mixin.py:190} INFO - [2024-12-28T16:56:58.889+0000] {dag.py:3239} INFO - Sync 1 DAGs
[2024-12-28T16:56:58.908+0000] {logging_mixin.py:190} INFO - [2024-12-28T16:56:58.908+0000] {dag.py:4180} INFO - Setting next_dagrun for example_branch_labels to 2024-12-27 00:00:00+00:00, run_after=2024-12-28 00:00:00+00:00
[2024-12-28T16:56:58.923+0000] {processor.py:208} INFO - Processing /home/airflow/.local/lib/python3.12/site-packages/airflow/example_dags/example_branch_labels.py took 0.070 seconds
[2024-12-28T16:57:29.484+0000] {processor.py:186} INFO - Started process (PID=731) to work on /home/airflow/.local/lib/python3.12/site-packages/airflow/example_dags/example_branch_labels.py
[2024-12-28T16:57:29.485+0000] {processor.py:914} INFO - Processing file /home/airflow/.local/lib/python3.12/site-packages/airflow/example_dags/example_branch_labels.py for tasks to queue
[2024-12-28T16:57:29.487+0000] {logging_mixin.py:190} INFO - [2024-12-28T16:57:29.487+0000] {dagbag.py:588} INFO - Filling up the DagBag from /home/airflow/.local/lib/python3.12/site-packages/airflow/example_dags/example_branch_labels.py
[2024-12-28T16:57:29.496+0000] {processor.py:925} INFO - DAG(s) 'example_branch_labels' retrieved from /home/airflow/.local/lib/python3.12/site-packages/airflow/example_dags/example_branch_labels.py
[2024-12-28T16:57:29.515+0000] {logging_mixin.py:190} INFO - [2024-12-28T16:57:29.515+0000] {dag.py:3239} INFO - Sync 1 DAGs
[2024-12-28T16:57:29.535+0000] {logging_mixin.py:190} INFO - [2024-12-28T16:57:29.535+0000] {dag.py:4180} INFO - Setting next_dagrun for example_branch_labels to 2024-12-27 00:00:00+00:00, run_after=2024-12-28 00:00:00+00:00
[2024-12-28T16:57:29.551+0000] {processor.py:208} INFO - Processing /home/airflow/.local/lib/python3.12/site-packages/airflow/example_dags/example_branch_labels.py took 0.072 seconds
[2024-12-28T16:58:00.159+0000] {processor.py:186} INFO - Started process (PID=795) to work on /home/airflow/.local/lib/python3.12/site-packages/airflow/example_dags/example_branch_labels.py
[2024-12-28T16:58:00.160+0000] {processor.py:914} INFO - Processing file /home/airflow/.local/lib/python3.12/site-packages/airflow/example_dags/example_branch_labels.py for tasks to queue
[2024-12-28T16:58:00.162+0000] {logging_mixin.py:190} INFO - [2024-12-28T16:58:00.162+0000] {dagbag.py:588} INFO - Filling up the DagBag from /home/airflow/.local/lib/python3.12/site-packages/airflow/example_dags/example_branch_labels.py
[2024-12-28T16:58:00.170+0000] {processor.py:925} INFO - DAG(s) 'example_branch_labels' retrieved from /home/airflow/.local/lib/python3.12/site-packages/airflow/example_dags/example_branch_labels.py
[2024-12-28T16:58:00.190+0000] {logging_mixin.py:190} INFO - [2024-12-28T16:58:00.190+0000] {dag.py:3239} INFO - Sync 1 DAGs
[2024-12-28T16:58:00.214+0000] {logging_mixin.py:190} INFO - [2024-12-28T16:58:00.213+0000] {dag.py:4180} INFO - Setting next_dagrun for example_branch_labels to 2024-12-27 00:00:00+00:00, run_after=2024-12-28 00:00:00+00:00
[2024-12-28T16:58:00.229+0000] {processor.py:208} INFO - Processing /home/airflow/.local/lib/python3.12/site-packages/airflow/example_dags/example_branch_labels.py took 0.076 seconds
[2024-12-28T16:58:30.432+0000] {processor.py:186} INFO - Started process (PID=859) to work on /home/airflow/.local/lib/python3.12/site-packages/airflow/example_dags/example_branch_labels.py
[2024-12-28T16:58:30.432+0000] {processor.py:914} INFO - Processing file /home/airflow/.local/lib/python3.12/site-packages/airflow/example_dags/example_branch_labels.py for tasks to queue
[2024-12-28T16:58:30.434+0000] {logging_mixin.py:190} INFO - [2024-12-28T16:58:30.434+0000] {dagbag.py:588} INFO - Filling up the DagBag from /home/airflow/.local/lib/python3.12/site-packages/airflow/example_dags/example_branch_labels.py
[2024-12-28T16:58:30.444+0000] {processor.py:925} INFO - DAG(s) 'example_branch_labels' retrieved from /home/airflow/.local/lib/python3.12/site-packages/airflow/example_dags/example_branch_labels.py
[2024-12-28T16:58:30.468+0000] {logging_mixin.py:190} INFO - [2024-12-28T16:58:30.468+0000] {dag.py:3239} INFO - Sync 1 DAGs
[2024-12-28T16:58:30.492+0000] {logging_mixin.py:190} INFO - [2024-12-28T16:58:30.492+0000] {dag.py:4180} INFO - Setting next_dagrun for example_branch_labels to 2024-12-27 00:00:00+00:00, run_after=2024-12-28 00:00:00+00:00
[2024-12-28T16:58:30.510+0000] {processor.py:208} INFO - Processing /home/airflow/.local/lib/python3.12/site-packages/airflow/example_dags/example_branch_labels.py took 0.086 seconds
[2024-12-28T16:59:00.693+0000] {processor.py:186} INFO - Started process (PID=923) to work on /home/airflow/.local/lib/python3.12/site-packages/airflow/example_dags/example_branch_labels.py
[2024-12-28T16:59:00.694+0000] {processor.py:914} INFO - Processing file /home/airflow/.local/lib/python3.12/site-packages/airflow/example_dags/example_branch_labels.py for tasks to queue
[2024-12-28T16:59:00.696+0000] {logging_mixin.py:190} INFO - [2024-12-28T16:59:00.696+0000] {dagbag.py:588} INFO - Filling up the DagBag from /home/airflow/.local/lib/python3.12/site-packages/airflow/example_dags/example_branch_labels.py
[2024-12-28T16:59:00.704+0000] {processor.py:925} INFO - DAG(s) 'example_branch_labels' retrieved from /home/airflow/.local/lib/python3.12/site-packages/airflow/example_dags/example_branch_labels.py
[2024-12-28T16:59:00.725+0000] {logging_mixin.py:190} INFO - [2024-12-28T16:59:00.725+0000] {dag.py:3239} INFO - Sync 1 DAGs
[2024-12-28T16:59:00.746+0000] {logging_mixin.py:190} INFO - [2024-12-28T16:59:00.746+0000] {dag.py:4180} INFO - Setting next_dagrun for example_branch_labels to 2024-12-27 00:00:00+00:00, run_after=2024-12-28 00:00:00+00:00
[2024-12-28T16:59:00.762+0000] {processor.py:208} INFO - Processing /home/airflow/.local/lib/python3.12/site-packages/airflow/example_dags/example_branch_labels.py took 0.073 seconds
[2024-12-28T16:59:30.942+0000] {processor.py:186} INFO - Started process (PID=987) to work on /home/airflow/.local/lib/python3.12/site-packages/airflow/example_dags/example_branch_labels.py
[2024-12-28T16:59:30.943+0000] {processor.py:914} INFO - Processing file /home/airflow/.local/lib/python3.12/site-packages/airflow/example_dags/example_branch_labels.py for tasks to queue
[2024-12-28T16:59:30.945+0000] {logging_mixin.py:190} INFO - [2024-12-28T16:59:30.945+0000] {dagbag.py:588} INFO - Filling up the DagBag from /home/airflow/.local/lib/python3.12/site-packages/airflow/example_dags/example_branch_labels.py
[2024-12-28T16:59:30.956+0000] {processor.py:925} INFO - DAG(s) 'example_branch_labels' retrieved from /home/airflow/.local/lib/python3.12/site-packages/airflow/example_dags/example_branch_labels.py
[2024-12-28T16:59:30.980+0000] {logging_mixin.py:190} INFO - [2024-12-28T16:59:30.980+0000] {dag.py:3239} INFO - Sync 1 DAGs
[2024-12-28T16:59:31.014+0000] {logging_mixin.py:190} INFO - [2024-12-28T16:59:31.013+0000] {dag.py:4180} INFO - Setting next_dagrun for example_branch_labels to 2024-12-27 00:00:00+00:00, run_after=2024-12-28 00:00:00+00:00
[2024-12-28T16:59:31.035+0000] {processor.py:208} INFO - Processing /home/airflow/.local/lib/python3.12/site-packages/airflow/example_dags/example_branch_labels.py took 0.099 seconds
[2024-12-28T17:00:01.818+0000] {processor.py:186} INFO - Started process (PID=1051) to work on /home/airflow/.local/lib/python3.12/site-packages/airflow/example_dags/example_branch_labels.py
[2024-12-28T17:00:01.819+0000] {processor.py:914} INFO - Processing file /home/airflow/.local/lib/python3.12/site-packages/airflow/example_dags/example_branch_labels.py for tasks to queue
[2024-12-28T17:00:01.820+0000] {logging_mixin.py:190} INFO - [2024-12-28T17:00:01.820+0000] {dagbag.py:588} INFO - Filling up the DagBag from /home/airflow/.local/lib/python3.12/site-packages/airflow/example_dags/example_branch_labels.py
[2024-12-28T17:00:01.829+0000] {processor.py:925} INFO - DAG(s) 'example_branch_labels' retrieved from /home/airflow/.local/lib/python3.12/site-packages/airflow/example_dags/example_branch_labels.py
[2024-12-28T17:00:01.847+0000] {logging_mixin.py:190} INFO - [2024-12-28T17:00:01.847+0000] {dag.py:3239} INFO - Sync 1 DAGs
[2024-12-28T17:00:01.870+0000] {logging_mixin.py:190} INFO - [2024-12-28T17:00:01.869+0000] {dag.py:4180} INFO - Setting next_dagrun for example_branch_labels to 2024-12-27 00:00:00+00:00, run_after=2024-12-28 00:00:00+00:00
[2024-12-28T17:00:01.890+0000] {processor.py:208} INFO - Processing /home/airflow/.local/lib/python3.12/site-packages/airflow/example_dags/example_branch_labels.py took 0.077 seconds
[2024-12-28T17:00:32.317+0000] {processor.py:186} INFO - Started process (PID=1115) to work on /home/airflow/.local/lib/python3.12/site-packages/airflow/example_dags/example_branch_labels.py
[2024-12-28T17:00:32.318+0000] {processor.py:914} INFO - Processing file /home/airflow/.local/lib/python3.12/site-packages/airflow/example_dags/example_branch_labels.py for tasks to queue
[2024-12-28T17:00:32.320+0000] {logging_mixin.py:190} INFO - [2024-12-28T17:00:32.319+0000] {dagbag.py:588} INFO - Filling up the DagBag from /home/airflow/.local/lib/python3.12/site-packages/airflow/example_dags/example_branch_labels.py
[2024-12-28T17:00:32.328+0000] {processor.py:925} INFO - DAG(s) 'example_branch_labels' retrieved from /home/airflow/.local/lib/python3.12/site-packages/airflow/example_dags/example_branch_labels.py
[2024-12-28T17:00:32.347+0000] {logging_mixin.py:190} INFO - [2024-12-28T17:00:32.346+0000] {dag.py:3239} INFO - Sync 1 DAGs
[2024-12-28T17:00:32.368+0000] {logging_mixin.py:190} INFO - [2024-12-28T17:00:32.368+0000] {dag.py:4180} INFO - Setting next_dagrun for example_branch_labels to 2024-12-27 00:00:00+00:00, run_after=2024-12-28 00:00:00+00:00
[2024-12-28T17:00:32.383+0000] {processor.py:208} INFO - Processing /home/airflow/.local/lib/python3.12/site-packages/airflow/example_dags/example_branch_labels.py took 0.072 seconds
[2024-12-28T17:01:02.816+0000] {processor.py:186} INFO - Started process (PID=1179) to work on /home/airflow/.local/lib/python3.12/site-packages/airflow/example_dags/example_branch_labels.py
[2024-12-28T17:01:02.817+0000] {processor.py:914} INFO - Processing file /home/airflow/.local/lib/python3.12/site-packages/airflow/example_dags/example_branch_labels.py for tasks to queue
[2024-12-28T17:01:02.819+0000] {logging_mixin.py:190} INFO - [2024-12-28T17:01:02.819+0000] {dagbag.py:588} INFO - Filling up the DagBag from /home/airflow/.local/lib/python3.12/site-packages/airflow/example_dags/example_branch_labels.py
[2024-12-28T17:01:02.828+0000] {processor.py:925} INFO - DAG(s) 'example_branch_labels' retrieved from /home/airflow/.local/lib/python3.12/site-packages/airflow/example_dags/example_branch_labels.py
[2024-12-28T17:01:02.849+0000] {logging_mixin.py:190} INFO - [2024-12-28T17:01:02.849+0000] {dag.py:3239} INFO - Sync 1 DAGs
[2024-12-28T17:01:02.871+0000] {logging_mixin.py:190} INFO - [2024-12-28T17:01:02.871+0000] {dag.py:4180} INFO - Setting next_dagrun for example_branch_labels to 2024-12-27 00:00:00+00:00, run_after=2024-12-28 00:00:00+00:00
[2024-12-28T17:01:02.887+0000] {processor.py:208} INFO - Processing /home/airflow/.local/lib/python3.12/site-packages/airflow/example_dags/example_branch_labels.py took 0.076 seconds
[2024-12-28T17:01:33.732+0000] {processor.py:186} INFO - Started process (PID=1243) to work on /home/airflow/.local/lib/python3.12/site-packages/airflow/example_dags/example_branch_labels.py
[2024-12-28T17:01:33.733+0000] {processor.py:914} INFO - Processing file /home/airflow/.local/lib/python3.12/site-packages/airflow/example_dags/example_branch_labels.py for tasks to queue
[2024-12-28T17:01:33.735+0000] {logging_mixin.py:190} INFO - [2024-12-28T17:01:33.734+0000] {dagbag.py:588} INFO - Filling up the DagBag from /home/airflow/.local/lib/python3.12/site-packages/airflow/example_dags/example_branch_labels.py
[2024-12-28T17:01:33.744+0000] {processor.py:925} INFO - DAG(s) 'example_branch_labels' retrieved from /home/airflow/.local/lib/python3.12/site-packages/airflow/example_dags/example_branch_labels.py
[2024-12-28T17:01:33.765+0000] {logging_mixin.py:190} INFO - [2024-12-28T17:01:33.765+0000] {dag.py:3239} INFO - Sync 1 DAGs
[2024-12-28T17:01:33.787+0000] {logging_mixin.py:190} INFO - [2024-12-28T17:01:33.787+0000] {dag.py:4180} INFO - Setting next_dagrun for example_branch_labels to 2024-12-27 00:00:00+00:00, run_after=2024-12-28 00:00:00+00:00
[2024-12-28T17:01:33.808+0000] {processor.py:208} INFO - Processing /home/airflow/.local/lib/python3.12/site-packages/airflow/example_dags/example_branch_labels.py took 0.082 seconds
[2024-12-28T17:02:04.281+0000] {processor.py:186} INFO - Started process (PID=1307) to work on /home/airflow/.local/lib/python3.12/site-packages/airflow/example_dags/example_branch_labels.py
[2024-12-28T17:02:04.281+0000] {processor.py:914} INFO - Processing file /home/airflow/.local/lib/python3.12/site-packages/airflow/example_dags/example_branch_labels.py for tasks to queue
[2024-12-28T17:02:04.283+0000] {logging_mixin.py:190} INFO - [2024-12-28T17:02:04.283+0000] {dagbag.py:588} INFO - Filling up the DagBag from /home/airflow/.local/lib/python3.12/site-packages/airflow/example_dags/example_branch_labels.py
[2024-12-28T17:02:04.291+0000] {processor.py:925} INFO - DAG(s) 'example_branch_labels' retrieved from /home/airflow/.local/lib/python3.12/site-packages/airflow/example_dags/example_branch_labels.py
[2024-12-28T17:02:04.310+0000] {logging_mixin.py:190} INFO - [2024-12-28T17:02:04.310+0000] {dag.py:3239} INFO - Sync 1 DAGs
[2024-12-28T17:02:04.332+0000] {logging_mixin.py:190} INFO - [2024-12-28T17:02:04.332+0000] {dag.py:4180} INFO - Setting next_dagrun for example_branch_labels to 2024-12-27 00:00:00+00:00, run_after=2024-12-28 00:00:00+00:00
[2024-12-28T17:02:04.349+0000] {processor.py:208} INFO - Processing /home/airflow/.local/lib/python3.12/site-packages/airflow/example_dags/example_branch_labels.py took 0.074 seconds
[2024-12-28T17:02:35.051+0000] {processor.py:186} INFO - Started process (PID=1380) to work on /home/airflow/.local/lib/python3.12/site-packages/airflow/example_dags/example_branch_labels.py
[2024-12-28T17:02:35.052+0000] {processor.py:914} INFO - Processing file /home/airflow/.local/lib/python3.12/site-packages/airflow/example_dags/example_branch_labels.py for tasks to queue
[2024-12-28T17:02:35.054+0000] {logging_mixin.py:190} INFO - [2024-12-28T17:02:35.054+0000] {dagbag.py:588} INFO - Filling up the DagBag from /home/airflow/.local/lib/python3.12/site-packages/airflow/example_dags/example_branch_labels.py
[2024-12-28T17:02:35.062+0000] {processor.py:925} INFO - DAG(s) 'example_branch_labels' retrieved from /home/airflow/.local/lib/python3.12/site-packages/airflow/example_dags/example_branch_labels.py
[2024-12-28T17:02:35.081+0000] {logging_mixin.py:190} INFO - [2024-12-28T17:02:35.081+0000] {dag.py:3239} INFO - Sync 1 DAGs
[2024-12-28T17:02:35.103+0000] {logging_mixin.py:190} INFO - [2024-12-28T17:02:35.103+0000] {dag.py:4180} INFO - Setting next_dagrun for example_branch_labels to 2024-12-27 00:00:00+00:00, run_after=2024-12-28 00:00:00+00:00
[2024-12-28T17:02:35.119+0000] {processor.py:208} INFO - Processing /home/airflow/.local/lib/python3.12/site-packages/airflow/example_dags/example_branch_labels.py took 0.073 seconds
[2024-12-28T17:03:05.468+0000] {processor.py:186} INFO - Started process (PID=1453) to work on /home/airflow/.local/lib/python3.12/site-packages/airflow/example_dags/example_branch_labels.py
[2024-12-28T17:03:05.469+0000] {processor.py:914} INFO - Processing file /home/airflow/.local/lib/python3.12/site-packages/airflow/example_dags/example_branch_labels.py for tasks to queue
[2024-12-28T17:03:05.472+0000] {logging_mixin.py:190} INFO - [2024-12-28T17:03:05.471+0000] {dagbag.py:588} INFO - Filling up the DagBag from /home/airflow/.local/lib/python3.12/site-packages/airflow/example_dags/example_branch_labels.py
[2024-12-28T17:03:05.483+0000] {processor.py:925} INFO - DAG(s) 'example_branch_labels' retrieved from /home/airflow/.local/lib/python3.12/site-packages/airflow/example_dags/example_branch_labels.py
[2024-12-28T17:03:05.506+0000] {logging_mixin.py:190} INFO - [2024-12-28T17:03:05.506+0000] {dag.py:3239} INFO - Sync 1 DAGs
[2024-12-28T17:03:05.528+0000] {logging_mixin.py:190} INFO - [2024-12-28T17:03:05.528+0000] {dag.py:4180} INFO - Setting next_dagrun for example_branch_labels to 2024-12-27 00:00:00+00:00, run_after=2024-12-28 00:00:00+00:00
[2024-12-28T17:03:05.545+0000] {processor.py:208} INFO - Processing /home/airflow/.local/lib/python3.12/site-packages/airflow/example_dags/example_branch_labels.py took 0.083 seconds
[2024-12-28T17:03:36.410+0000] {processor.py:186} INFO - Started process (PID=1530) to work on /home/airflow/.local/lib/python3.12/site-packages/airflow/example_dags/example_branch_labels.py
[2024-12-28T17:03:36.412+0000] {processor.py:914} INFO - Processing file /home/airflow/.local/lib/python3.12/site-packages/airflow/example_dags/example_branch_labels.py for tasks to queue
[2024-12-28T17:03:36.417+0000] {logging_mixin.py:190} INFO - [2024-12-28T17:03:36.416+0000] {dagbag.py:588} INFO - Filling up the DagBag from /home/airflow/.local/lib/python3.12/site-packages/airflow/example_dags/example_branch_labels.py
[2024-12-28T17:03:36.435+0000] {processor.py:925} INFO - DAG(s) 'example_branch_labels' retrieved from /home/airflow/.local/lib/python3.12/site-packages/airflow/example_dags/example_branch_labels.py
[2024-12-28T17:03:36.469+0000] {logging_mixin.py:190} INFO - [2024-12-28T17:03:36.469+0000] {dag.py:3239} INFO - Sync 1 DAGs
[2024-12-28T17:03:36.516+0000] {logging_mixin.py:190} INFO - [2024-12-28T17:03:36.515+0000] {dag.py:4180} INFO - Setting next_dagrun for example_branch_labels to 2024-12-27 00:00:00+00:00, run_after=2024-12-28 00:00:00+00:00
[2024-12-28T17:03:36.550+0000] {processor.py:208} INFO - Processing /home/airflow/.local/lib/python3.12/site-packages/airflow/example_dags/example_branch_labels.py took 0.154 seconds
