[2024-12-28T16:38:30.233+0000] {processor.py:186} INFO - Started process (PID=66) to work on /home/airflow/.local/lib/python3.12/site-packages/airflow/example_dags/example_python_operator.py
[2024-12-28T16:38:30.234+0000] {processor.py:914} INFO - Processing file /home/airflow/.local/lib/python3.12/site-packages/airflow/example_dags/example_python_operator.py for tasks to queue
[2024-12-28T16:38:30.236+0000] {logging_mixin.py:190} INFO - [2024-12-28T16:38:30.236+0000] {dagbag.py:588} INFO - Filling up the DagBag from /home/airflow/.local/lib/python3.12/site-packages/airflow/example_dags/example_python_operator.py
[2024-12-28T16:38:30.253+0000] {processor.py:925} INFO - DAG(s) 'example_python_operator' retrieved from /home/airflow/.local/lib/python3.12/site-packages/airflow/example_dags/example_python_operator.py
[2024-12-28T16:38:30.364+0000] {logging_mixin.py:190} INFO - [2024-12-28T16:38:30.363+0000] {override.py:1911} INFO - Created Permission View: can delete on DAG:example_python_operator
[2024-12-28T16:38:30.374+0000] {logging_mixin.py:190} INFO - [2024-12-28T16:38:30.374+0000] {override.py:1911} INFO - Created Permission View: can edit on DAG:example_python_operator
[2024-12-28T16:38:30.380+0000] {logging_mixin.py:190} INFO - [2024-12-28T16:38:30.380+0000] {override.py:1911} INFO - Created Permission View: can read on DAG:example_python_operator
[2024-12-28T16:38:30.388+0000] {logging_mixin.py:190} INFO - [2024-12-28T16:38:30.388+0000] {override.py:1911} INFO - Created Permission View: can create on DAG Run:example_python_operator
[2024-12-28T16:38:30.396+0000] {logging_mixin.py:190} INFO - [2024-12-28T16:38:30.396+0000] {override.py:1911} INFO - Created Permission View: can delete on DAG Run:example_python_operator
[2024-12-28T16:38:30.403+0000] {logging_mixin.py:190} INFO - [2024-12-28T16:38:30.403+0000] {override.py:1911} INFO - Created Permission View: menu access on DAG Run:example_python_operator
[2024-12-28T16:38:30.410+0000] {logging_mixin.py:190} INFO - [2024-12-28T16:38:30.410+0000] {override.py:1911} INFO - Created Permission View: can read on DAG Run:example_python_operator
[2024-12-28T16:38:30.410+0000] {logging_mixin.py:190} INFO - [2024-12-28T16:38:30.410+0000] {dag.py:3239} INFO - Sync 1 DAGs
[2024-12-28T16:38:30.423+0000] {logging_mixin.py:190} INFO - [2024-12-28T16:38:30.422+0000] {dag.py:3262} INFO - Creating ORM DAG for example_python_operator
[2024-12-28T16:38:30.423+0000] {logging_mixin.py:190} INFO - [2024-12-28T16:38:30.423+0000] {dag.py:4180} INFO - Setting next_dagrun for example_python_operator to None, run_after=None
[2024-12-28T16:38:30.439+0000] {processor.py:208} INFO - Processing /home/airflow/.local/lib/python3.12/site-packages/airflow/example_dags/example_python_operator.py took 0.211 seconds
[2024-12-28T16:39:01.412+0000] {processor.py:186} INFO - Started process (PID=129) to work on /home/airflow/.local/lib/python3.12/site-packages/airflow/example_dags/example_python_operator.py
[2024-12-28T16:39:01.416+0000] {processor.py:914} INFO - Processing file /home/airflow/.local/lib/python3.12/site-packages/airflow/example_dags/example_python_operator.py for tasks to queue
[2024-12-28T16:39:01.419+0000] {logging_mixin.py:190} INFO - [2024-12-28T16:39:01.418+0000] {dagbag.py:588} INFO - Filling up the DagBag from /home/airflow/.local/lib/python3.12/site-packages/airflow/example_dags/example_python_operator.py
[2024-12-28T16:39:01.434+0000] {processor.py:925} INFO - DAG(s) 'example_python_operator' retrieved from /home/airflow/.local/lib/python3.12/site-packages/airflow/example_dags/example_python_operator.py
[2024-12-28T16:39:01.462+0000] {logging_mixin.py:190} INFO - [2024-12-28T16:39:01.461+0000] {dag.py:3239} INFO - Sync 1 DAGs
[2024-12-28T16:39:01.480+0000] {logging_mixin.py:190} INFO - [2024-12-28T16:39:01.479+0000] {dag.py:4180} INFO - Setting next_dagrun for example_python_operator to None, run_after=None
[2024-12-28T16:39:01.506+0000] {processor.py:208} INFO - Processing /home/airflow/.local/lib/python3.12/site-packages/airflow/example_dags/example_python_operator.py took 0.100 seconds
[2024-12-28T16:39:31.609+0000] {processor.py:186} INFO - Started process (PID=192) to work on /home/airflow/.local/lib/python3.12/site-packages/airflow/example_dags/example_python_operator.py
[2024-12-28T16:39:31.611+0000] {processor.py:914} INFO - Processing file /home/airflow/.local/lib/python3.12/site-packages/airflow/example_dags/example_python_operator.py for tasks to queue
[2024-12-28T16:39:31.614+0000] {logging_mixin.py:190} INFO - [2024-12-28T16:39:31.613+0000] {dagbag.py:588} INFO - Filling up the DagBag from /home/airflow/.local/lib/python3.12/site-packages/airflow/example_dags/example_python_operator.py
[2024-12-28T16:39:31.628+0000] {processor.py:925} INFO - DAG(s) 'example_python_operator' retrieved from /home/airflow/.local/lib/python3.12/site-packages/airflow/example_dags/example_python_operator.py
[2024-12-28T16:39:31.651+0000] {logging_mixin.py:190} INFO - [2024-12-28T16:39:31.651+0000] {dag.py:3239} INFO - Sync 1 DAGs
[2024-12-28T16:39:31.663+0000] {logging_mixin.py:190} INFO - [2024-12-28T16:39:31.663+0000] {dag.py:4180} INFO - Setting next_dagrun for example_python_operator to None, run_after=None
[2024-12-28T16:39:31.681+0000] {processor.py:208} INFO - Processing /home/airflow/.local/lib/python3.12/site-packages/airflow/example_dags/example_python_operator.py took 0.078 seconds
[2024-12-28T16:40:01.890+0000] {processor.py:186} INFO - Started process (PID=255) to work on /home/airflow/.local/lib/python3.12/site-packages/airflow/example_dags/example_python_operator.py
[2024-12-28T16:40:01.892+0000] {processor.py:914} INFO - Processing file /home/airflow/.local/lib/python3.12/site-packages/airflow/example_dags/example_python_operator.py for tasks to queue
[2024-12-28T16:40:01.895+0000] {logging_mixin.py:190} INFO - [2024-12-28T16:40:01.895+0000] {dagbag.py:588} INFO - Filling up the DagBag from /home/airflow/.local/lib/python3.12/site-packages/airflow/example_dags/example_python_operator.py
[2024-12-28T16:40:01.907+0000] {processor.py:925} INFO - DAG(s) 'example_python_operator' retrieved from /home/airflow/.local/lib/python3.12/site-packages/airflow/example_dags/example_python_operator.py
[2024-12-28T16:40:01.929+0000] {logging_mixin.py:190} INFO - [2024-12-28T16:40:01.929+0000] {dag.py:3239} INFO - Sync 1 DAGs
[2024-12-28T16:40:01.944+0000] {logging_mixin.py:190} INFO - [2024-12-28T16:40:01.944+0000] {dag.py:4180} INFO - Setting next_dagrun for example_python_operator to None, run_after=None
[2024-12-28T16:40:01.962+0000] {processor.py:208} INFO - Processing /home/airflow/.local/lib/python3.12/site-packages/airflow/example_dags/example_python_operator.py took 0.078 seconds
[2024-12-28T16:42:37.656+0000] {processor.py:186} INFO - Started process (PID=65) to work on /home/airflow/.local/lib/python3.12/site-packages/airflow/example_dags/example_python_operator.py
[2024-12-28T16:42:37.658+0000] {processor.py:914} INFO - Processing file /home/airflow/.local/lib/python3.12/site-packages/airflow/example_dags/example_python_operator.py for tasks to queue
[2024-12-28T16:42:37.660+0000] {logging_mixin.py:190} INFO - [2024-12-28T16:42:37.660+0000] {dagbag.py:588} INFO - Filling up the DagBag from /home/airflow/.local/lib/python3.12/site-packages/airflow/example_dags/example_python_operator.py
[2024-12-28T16:42:37.676+0000] {processor.py:925} INFO - DAG(s) 'example_python_operator' retrieved from /home/airflow/.local/lib/python3.12/site-packages/airflow/example_dags/example_python_operator.py
[2024-12-28T16:42:37.828+0000] {logging_mixin.py:190} INFO - [2024-12-28T16:42:37.828+0000] {dag.py:3239} INFO - Sync 1 DAGs
[2024-12-28T16:42:37.842+0000] {logging_mixin.py:190} INFO - [2024-12-28T16:42:37.841+0000] {dag.py:4180} INFO - Setting next_dagrun for example_python_operator to None, run_after=None
[2024-12-28T16:42:37.865+0000] {processor.py:208} INFO - Processing /home/airflow/.local/lib/python3.12/site-packages/airflow/example_dags/example_python_operator.py took 0.216 seconds
[2024-12-28T16:43:08.775+0000] {processor.py:186} INFO - Started process (PID=128) to work on /home/airflow/.local/lib/python3.12/site-packages/airflow/example_dags/example_python_operator.py
[2024-12-28T16:43:08.777+0000] {processor.py:914} INFO - Processing file /home/airflow/.local/lib/python3.12/site-packages/airflow/example_dags/example_python_operator.py for tasks to queue
[2024-12-28T16:43:08.779+0000] {logging_mixin.py:190} INFO - [2024-12-28T16:43:08.779+0000] {dagbag.py:588} INFO - Filling up the DagBag from /home/airflow/.local/lib/python3.12/site-packages/airflow/example_dags/example_python_operator.py
[2024-12-28T16:43:08.793+0000] {processor.py:925} INFO - DAG(s) 'example_python_operator' retrieved from /home/airflow/.local/lib/python3.12/site-packages/airflow/example_dags/example_python_operator.py
[2024-12-28T16:43:08.818+0000] {logging_mixin.py:190} INFO - [2024-12-28T16:43:08.818+0000] {dag.py:3239} INFO - Sync 1 DAGs
[2024-12-28T16:43:08.833+0000] {logging_mixin.py:190} INFO - [2024-12-28T16:43:08.832+0000] {dag.py:4180} INFO - Setting next_dagrun for example_python_operator to None, run_after=None
[2024-12-28T16:43:08.852+0000] {processor.py:208} INFO - Processing /home/airflow/.local/lib/python3.12/site-packages/airflow/example_dags/example_python_operator.py took 0.084 seconds
[2024-12-28T16:43:39.565+0000] {processor.py:186} INFO - Started process (PID=191) to work on /home/airflow/.local/lib/python3.12/site-packages/airflow/example_dags/example_python_operator.py
[2024-12-28T16:43:39.566+0000] {processor.py:914} INFO - Processing file /home/airflow/.local/lib/python3.12/site-packages/airflow/example_dags/example_python_operator.py for tasks to queue
[2024-12-28T16:43:39.567+0000] {logging_mixin.py:190} INFO - [2024-12-28T16:43:39.567+0000] {dagbag.py:588} INFO - Filling up the DagBag from /home/airflow/.local/lib/python3.12/site-packages/airflow/example_dags/example_python_operator.py
[2024-12-28T16:43:39.578+0000] {processor.py:925} INFO - DAG(s) 'example_python_operator' retrieved from /home/airflow/.local/lib/python3.12/site-packages/airflow/example_dags/example_python_operator.py
[2024-12-28T16:43:39.598+0000] {logging_mixin.py:190} INFO - [2024-12-28T16:43:39.598+0000] {dag.py:3239} INFO - Sync 1 DAGs
[2024-12-28T16:43:39.609+0000] {logging_mixin.py:190} INFO - [2024-12-28T16:43:39.609+0000] {dag.py:4180} INFO - Setting next_dagrun for example_python_operator to None, run_after=None
[2024-12-28T16:43:39.624+0000] {processor.py:208} INFO - Processing /home/airflow/.local/lib/python3.12/site-packages/airflow/example_dags/example_python_operator.py took 0.064 seconds
[2024-12-28T16:44:09.853+0000] {processor.py:186} INFO - Started process (PID=254) to work on /home/airflow/.local/lib/python3.12/site-packages/airflow/example_dags/example_python_operator.py
[2024-12-28T16:44:09.854+0000] {processor.py:914} INFO - Processing file /home/airflow/.local/lib/python3.12/site-packages/airflow/example_dags/example_python_operator.py for tasks to queue
[2024-12-28T16:44:09.858+0000] {logging_mixin.py:190} INFO - [2024-12-28T16:44:09.857+0000] {dagbag.py:588} INFO - Filling up the DagBag from /home/airflow/.local/lib/python3.12/site-packages/airflow/example_dags/example_python_operator.py
[2024-12-28T16:44:09.874+0000] {processor.py:925} INFO - DAG(s) 'example_python_operator' retrieved from /home/airflow/.local/lib/python3.12/site-packages/airflow/example_dags/example_python_operator.py
[2024-12-28T16:44:09.904+0000] {logging_mixin.py:190} INFO - [2024-12-28T16:44:09.904+0000] {dag.py:3239} INFO - Sync 1 DAGs
[2024-12-28T16:44:09.927+0000] {logging_mixin.py:190} INFO - [2024-12-28T16:44:09.927+0000] {dag.py:4180} INFO - Setting next_dagrun for example_python_operator to None, run_after=None
[2024-12-28T16:44:09.956+0000] {processor.py:208} INFO - Processing /home/airflow/.local/lib/python3.12/site-packages/airflow/example_dags/example_python_operator.py took 0.110 seconds
[2024-12-28T16:44:40.467+0000] {processor.py:186} INFO - Started process (PID=317) to work on /home/airflow/.local/lib/python3.12/site-packages/airflow/example_dags/example_python_operator.py
[2024-12-28T16:44:40.468+0000] {processor.py:914} INFO - Processing file /home/airflow/.local/lib/python3.12/site-packages/airflow/example_dags/example_python_operator.py for tasks to queue
[2024-12-28T16:44:40.470+0000] {logging_mixin.py:190} INFO - [2024-12-28T16:44:40.470+0000] {dagbag.py:588} INFO - Filling up the DagBag from /home/airflow/.local/lib/python3.12/site-packages/airflow/example_dags/example_python_operator.py
[2024-12-28T16:44:40.481+0000] {processor.py:925} INFO - DAG(s) 'example_python_operator' retrieved from /home/airflow/.local/lib/python3.12/site-packages/airflow/example_dags/example_python_operator.py
[2024-12-28T16:44:40.501+0000] {logging_mixin.py:190} INFO - [2024-12-28T16:44:40.500+0000] {dag.py:3239} INFO - Sync 1 DAGs
[2024-12-28T16:44:40.512+0000] {logging_mixin.py:190} INFO - [2024-12-28T16:44:40.512+0000] {dag.py:4180} INFO - Setting next_dagrun for example_python_operator to None, run_after=None
[2024-12-28T16:44:40.528+0000] {processor.py:208} INFO - Processing /home/airflow/.local/lib/python3.12/site-packages/airflow/example_dags/example_python_operator.py took 0.067 seconds
[2024-12-28T16:45:10.641+0000] {processor.py:186} INFO - Started process (PID=380) to work on /home/airflow/.local/lib/python3.12/site-packages/airflow/example_dags/example_python_operator.py
[2024-12-28T16:45:10.642+0000] {processor.py:914} INFO - Processing file /home/airflow/.local/lib/python3.12/site-packages/airflow/example_dags/example_python_operator.py for tasks to queue
[2024-12-28T16:45:10.644+0000] {logging_mixin.py:190} INFO - [2024-12-28T16:45:10.644+0000] {dagbag.py:588} INFO - Filling up the DagBag from /home/airflow/.local/lib/python3.12/site-packages/airflow/example_dags/example_python_operator.py
[2024-12-28T16:45:10.657+0000] {processor.py:925} INFO - DAG(s) 'example_python_operator' retrieved from /home/airflow/.local/lib/python3.12/site-packages/airflow/example_dags/example_python_operator.py
[2024-12-28T16:45:10.684+0000] {logging_mixin.py:190} INFO - [2024-12-28T16:45:10.683+0000] {dag.py:3239} INFO - Sync 1 DAGs
[2024-12-28T16:45:10.698+0000] {logging_mixin.py:190} INFO - [2024-12-28T16:45:10.698+0000] {dag.py:4180} INFO - Setting next_dagrun for example_python_operator to None, run_after=None
[2024-12-28T16:45:10.723+0000] {processor.py:208} INFO - Processing /home/airflow/.local/lib/python3.12/site-packages/airflow/example_dags/example_python_operator.py took 0.089 seconds
[2024-12-28T16:45:41.310+0000] {processor.py:186} INFO - Started process (PID=443) to work on /home/airflow/.local/lib/python3.12/site-packages/airflow/example_dags/example_python_operator.py
[2024-12-28T16:45:41.311+0000] {processor.py:914} INFO - Processing file /home/airflow/.local/lib/python3.12/site-packages/airflow/example_dags/example_python_operator.py for tasks to queue
[2024-12-28T16:45:41.314+0000] {logging_mixin.py:190} INFO - [2024-12-28T16:45:41.313+0000] {dagbag.py:588} INFO - Filling up the DagBag from /home/airflow/.local/lib/python3.12/site-packages/airflow/example_dags/example_python_operator.py
[2024-12-28T16:45:41.328+0000] {processor.py:925} INFO - DAG(s) 'example_python_operator' retrieved from /home/airflow/.local/lib/python3.12/site-packages/airflow/example_dags/example_python_operator.py
[2024-12-28T16:45:41.354+0000] {logging_mixin.py:190} INFO - [2024-12-28T16:45:41.354+0000] {dag.py:3239} INFO - Sync 1 DAGs
[2024-12-28T16:45:41.370+0000] {logging_mixin.py:190} INFO - [2024-12-28T16:45:41.369+0000] {dag.py:4180} INFO - Setting next_dagrun for example_python_operator to None, run_after=None
[2024-12-28T16:45:41.390+0000] {processor.py:208} INFO - Processing /home/airflow/.local/lib/python3.12/site-packages/airflow/example_dags/example_python_operator.py took 0.088 seconds
[2024-12-28T16:46:11.929+0000] {processor.py:186} INFO - Started process (PID=506) to work on /home/airflow/.local/lib/python3.12/site-packages/airflow/example_dags/example_python_operator.py
[2024-12-28T16:46:11.930+0000] {processor.py:914} INFO - Processing file /home/airflow/.local/lib/python3.12/site-packages/airflow/example_dags/example_python_operator.py for tasks to queue
[2024-12-28T16:46:11.933+0000] {logging_mixin.py:190} INFO - [2024-12-28T16:46:11.933+0000] {dagbag.py:588} INFO - Filling up the DagBag from /home/airflow/.local/lib/python3.12/site-packages/airflow/example_dags/example_python_operator.py
[2024-12-28T16:46:11.948+0000] {processor.py:925} INFO - DAG(s) 'example_python_operator' retrieved from /home/airflow/.local/lib/python3.12/site-packages/airflow/example_dags/example_python_operator.py
[2024-12-28T16:46:11.975+0000] {logging_mixin.py:190} INFO - [2024-12-28T16:46:11.975+0000] {dag.py:3239} INFO - Sync 1 DAGs
[2024-12-28T16:46:11.991+0000] {logging_mixin.py:190} INFO - [2024-12-28T16:46:11.991+0000] {dag.py:4180} INFO - Setting next_dagrun for example_python_operator to None, run_after=None
[2024-12-28T16:46:12.012+0000] {processor.py:208} INFO - Processing /home/airflow/.local/lib/python3.12/site-packages/airflow/example_dags/example_python_operator.py took 0.091 seconds
[2024-12-28T16:46:42.517+0000] {processor.py:186} INFO - Started process (PID=575) to work on /home/airflow/.local/lib/python3.12/site-packages/airflow/example_dags/example_python_operator.py
[2024-12-28T16:46:42.518+0000] {processor.py:914} INFO - Processing file /home/airflow/.local/lib/python3.12/site-packages/airflow/example_dags/example_python_operator.py for tasks to queue
[2024-12-28T16:46:42.521+0000] {logging_mixin.py:190} INFO - [2024-12-28T16:46:42.520+0000] {dagbag.py:588} INFO - Filling up the DagBag from /home/airflow/.local/lib/python3.12/site-packages/airflow/example_dags/example_python_operator.py
[2024-12-28T16:46:42.535+0000] {processor.py:925} INFO - DAG(s) 'example_python_operator' retrieved from /home/airflow/.local/lib/python3.12/site-packages/airflow/example_dags/example_python_operator.py
[2024-12-28T16:46:42.561+0000] {logging_mixin.py:190} INFO - [2024-12-28T16:46:42.560+0000] {dag.py:3239} INFO - Sync 1 DAGs
[2024-12-28T16:46:42.575+0000] {logging_mixin.py:190} INFO - [2024-12-28T16:46:42.575+0000] {dag.py:4180} INFO - Setting next_dagrun for example_python_operator to None, run_after=None
[2024-12-28T16:46:42.595+0000] {processor.py:208} INFO - Processing /home/airflow/.local/lib/python3.12/site-packages/airflow/example_dags/example_python_operator.py took 0.086 seconds
[2024-12-28T16:47:12.654+0000] {processor.py:186} INFO - Started process (PID=638) to work on /home/airflow/.local/lib/python3.12/site-packages/airflow/example_dags/example_python_operator.py
[2024-12-28T16:47:12.656+0000] {processor.py:914} INFO - Processing file /home/airflow/.local/lib/python3.12/site-packages/airflow/example_dags/example_python_operator.py for tasks to queue
[2024-12-28T16:47:12.658+0000] {logging_mixin.py:190} INFO - [2024-12-28T16:47:12.658+0000] {dagbag.py:588} INFO - Filling up the DagBag from /home/airflow/.local/lib/python3.12/site-packages/airflow/example_dags/example_python_operator.py
[2024-12-28T16:47:12.675+0000] {processor.py:925} INFO - DAG(s) 'example_python_operator' retrieved from /home/airflow/.local/lib/python3.12/site-packages/airflow/example_dags/example_python_operator.py
[2024-12-28T16:47:12.702+0000] {logging_mixin.py:190} INFO - [2024-12-28T16:47:12.701+0000] {dag.py:3239} INFO - Sync 1 DAGs
[2024-12-28T16:47:12.716+0000] {logging_mixin.py:190} INFO - [2024-12-28T16:47:12.716+0000] {dag.py:4180} INFO - Setting next_dagrun for example_python_operator to None, run_after=None
[2024-12-28T16:47:12.736+0000] {processor.py:208} INFO - Processing /home/airflow/.local/lib/python3.12/site-packages/airflow/example_dags/example_python_operator.py took 0.090 seconds
[2024-12-28T16:47:43.277+0000] {processor.py:186} INFO - Started process (PID=702) to work on /home/airflow/.local/lib/python3.12/site-packages/airflow/example_dags/example_python_operator.py
[2024-12-28T16:47:43.278+0000] {processor.py:914} INFO - Processing file /home/airflow/.local/lib/python3.12/site-packages/airflow/example_dags/example_python_operator.py for tasks to queue
[2024-12-28T16:47:43.281+0000] {logging_mixin.py:190} INFO - [2024-12-28T16:47:43.280+0000] {dagbag.py:588} INFO - Filling up the DagBag from /home/airflow/.local/lib/python3.12/site-packages/airflow/example_dags/example_python_operator.py
[2024-12-28T16:47:43.294+0000] {processor.py:925} INFO - DAG(s) 'example_python_operator' retrieved from /home/airflow/.local/lib/python3.12/site-packages/airflow/example_dags/example_python_operator.py
[2024-12-28T16:47:43.320+0000] {logging_mixin.py:190} INFO - [2024-12-28T16:47:43.319+0000] {dag.py:3239} INFO - Sync 1 DAGs
[2024-12-28T16:47:43.335+0000] {logging_mixin.py:190} INFO - [2024-12-28T16:47:43.335+0000] {dag.py:4180} INFO - Setting next_dagrun for example_python_operator to None, run_after=None
[2024-12-28T16:47:43.355+0000] {processor.py:208} INFO - Processing /home/airflow/.local/lib/python3.12/site-packages/airflow/example_dags/example_python_operator.py took 0.084 seconds
[2024-12-28T16:52:20.196+0000] {processor.py:186} INFO - Started process (PID=67) to work on /home/airflow/.local/lib/python3.12/site-packages/airflow/example_dags/example_python_operator.py
[2024-12-28T16:52:20.197+0000] {processor.py:914} INFO - Processing file /home/airflow/.local/lib/python3.12/site-packages/airflow/example_dags/example_python_operator.py for tasks to queue
[2024-12-28T16:52:20.199+0000] {logging_mixin.py:190} INFO - [2024-12-28T16:52:20.199+0000] {dagbag.py:588} INFO - Filling up the DagBag from /home/airflow/.local/lib/python3.12/site-packages/airflow/example_dags/example_python_operator.py
[2024-12-28T16:52:20.214+0000] {processor.py:925} INFO - DAG(s) 'example_python_operator' retrieved from /home/airflow/.local/lib/python3.12/site-packages/airflow/example_dags/example_python_operator.py
[2024-12-28T16:52:20.349+0000] {logging_mixin.py:190} INFO - [2024-12-28T16:52:20.348+0000] {dag.py:3239} INFO - Sync 1 DAGs
[2024-12-28T16:52:20.361+0000] {logging_mixin.py:190} INFO - [2024-12-28T16:52:20.361+0000] {dag.py:4180} INFO - Setting next_dagrun for example_python_operator to None, run_after=None
[2024-12-28T16:52:20.381+0000] {processor.py:208} INFO - Processing /home/airflow/.local/lib/python3.12/site-packages/airflow/example_dags/example_python_operator.py took 0.191 seconds
[2024-12-28T16:52:50.861+0000] {processor.py:186} INFO - Started process (PID=131) to work on /home/airflow/.local/lib/python3.12/site-packages/airflow/example_dags/example_python_operator.py
[2024-12-28T16:52:50.863+0000] {processor.py:914} INFO - Processing file /home/airflow/.local/lib/python3.12/site-packages/airflow/example_dags/example_python_operator.py for tasks to queue
[2024-12-28T16:52:50.865+0000] {logging_mixin.py:190} INFO - [2024-12-28T16:52:50.865+0000] {dagbag.py:588} INFO - Filling up the DagBag from /home/airflow/.local/lib/python3.12/site-packages/airflow/example_dags/example_python_operator.py
[2024-12-28T16:52:50.878+0000] {processor.py:925} INFO - DAG(s) 'example_python_operator' retrieved from /home/airflow/.local/lib/python3.12/site-packages/airflow/example_dags/example_python_operator.py
[2024-12-28T16:52:50.904+0000] {logging_mixin.py:190} INFO - [2024-12-28T16:52:50.903+0000] {dag.py:3239} INFO - Sync 1 DAGs
[2024-12-28T16:52:50.920+0000] {logging_mixin.py:190} INFO - [2024-12-28T16:52:50.919+0000] {dag.py:4180} INFO - Setting next_dagrun for example_python_operator to None, run_after=None
[2024-12-28T16:52:50.939+0000] {processor.py:208} INFO - Processing /home/airflow/.local/lib/python3.12/site-packages/airflow/example_dags/example_python_operator.py took 0.084 seconds
[2024-12-28T16:53:21.199+0000] {processor.py:186} INFO - Started process (PID=195) to work on /home/airflow/.local/lib/python3.12/site-packages/airflow/example_dags/example_python_operator.py
[2024-12-28T16:53:21.200+0000] {processor.py:914} INFO - Processing file /home/airflow/.local/lib/python3.12/site-packages/airflow/example_dags/example_python_operator.py for tasks to queue
[2024-12-28T16:53:21.202+0000] {logging_mixin.py:190} INFO - [2024-12-28T16:53:21.202+0000] {dagbag.py:588} INFO - Filling up the DagBag from /home/airflow/.local/lib/python3.12/site-packages/airflow/example_dags/example_python_operator.py
[2024-12-28T16:53:21.213+0000] {processor.py:925} INFO - DAG(s) 'example_python_operator' retrieved from /home/airflow/.local/lib/python3.12/site-packages/airflow/example_dags/example_python_operator.py
[2024-12-28T16:53:21.234+0000] {logging_mixin.py:190} INFO - [2024-12-28T16:53:21.234+0000] {dag.py:3239} INFO - Sync 1 DAGs
[2024-12-28T16:53:21.246+0000] {logging_mixin.py:190} INFO - [2024-12-28T16:53:21.246+0000] {dag.py:4180} INFO - Setting next_dagrun for example_python_operator to None, run_after=None
[2024-12-28T16:53:21.262+0000] {processor.py:208} INFO - Processing /home/airflow/.local/lib/python3.12/site-packages/airflow/example_dags/example_python_operator.py took 0.068 seconds
[2024-12-28T16:53:51.965+0000] {processor.py:186} INFO - Started process (PID=263) to work on /home/airflow/.local/lib/python3.12/site-packages/airflow/example_dags/example_python_operator.py
[2024-12-28T16:53:51.966+0000] {processor.py:914} INFO - Processing file /home/airflow/.local/lib/python3.12/site-packages/airflow/example_dags/example_python_operator.py for tasks to queue
[2024-12-28T16:53:51.978+0000] {logging_mixin.py:190} INFO - [2024-12-28T16:53:51.970+0000] {dagbag.py:588} INFO - Filling up the DagBag from /home/airflow/.local/lib/python3.12/site-packages/airflow/example_dags/example_python_operator.py
[2024-12-28T16:53:52.013+0000] {processor.py:925} INFO - DAG(s) 'example_python_operator' retrieved from /home/airflow/.local/lib/python3.12/site-packages/airflow/example_dags/example_python_operator.py
[2024-12-28T16:53:52.066+0000] {logging_mixin.py:190} INFO - [2024-12-28T16:53:52.065+0000] {dag.py:3239} INFO - Sync 1 DAGs
[2024-12-28T16:53:52.094+0000] {logging_mixin.py:190} INFO - [2024-12-28T16:53:52.094+0000] {dag.py:4180} INFO - Setting next_dagrun for example_python_operator to None, run_after=None
[2024-12-28T16:53:52.128+0000] {processor.py:208} INFO - Processing /home/airflow/.local/lib/python3.12/site-packages/airflow/example_dags/example_python_operator.py took 0.185 seconds
[2024-12-28T16:54:23.017+0000] {processor.py:186} INFO - Started process (PID=327) to work on /home/airflow/.local/lib/python3.12/site-packages/airflow/example_dags/example_python_operator.py
[2024-12-28T16:54:23.025+0000] {processor.py:914} INFO - Processing file /home/airflow/.local/lib/python3.12/site-packages/airflow/example_dags/example_python_operator.py for tasks to queue
[2024-12-28T16:54:23.031+0000] {logging_mixin.py:190} INFO - [2024-12-28T16:54:23.031+0000] {dagbag.py:588} INFO - Filling up the DagBag from /home/airflow/.local/lib/python3.12/site-packages/airflow/example_dags/example_python_operator.py
[2024-12-28T16:54:23.053+0000] {processor.py:925} INFO - DAG(s) 'example_python_operator' retrieved from /home/airflow/.local/lib/python3.12/site-packages/airflow/example_dags/example_python_operator.py
[2024-12-28T16:54:23.106+0000] {logging_mixin.py:190} INFO - [2024-12-28T16:54:23.105+0000] {dag.py:3239} INFO - Sync 1 DAGs
[2024-12-28T16:54:23.131+0000] {logging_mixin.py:190} INFO - [2024-12-28T16:54:23.131+0000] {dag.py:4180} INFO - Setting next_dagrun for example_python_operator to None, run_after=None
[2024-12-28T16:54:23.166+0000] {processor.py:208} INFO - Processing /home/airflow/.local/lib/python3.12/site-packages/airflow/example_dags/example_python_operator.py took 0.169 seconds
[2024-12-28T16:54:53.491+0000] {processor.py:186} INFO - Started process (PID=391) to work on /home/airflow/.local/lib/python3.12/site-packages/airflow/example_dags/example_python_operator.py
[2024-12-28T16:54:53.493+0000] {processor.py:914} INFO - Processing file /home/airflow/.local/lib/python3.12/site-packages/airflow/example_dags/example_python_operator.py for tasks to queue
[2024-12-28T16:54:53.498+0000] {logging_mixin.py:190} INFO - [2024-12-28T16:54:53.497+0000] {dagbag.py:588} INFO - Filling up the DagBag from /home/airflow/.local/lib/python3.12/site-packages/airflow/example_dags/example_python_operator.py
[2024-12-28T16:54:53.515+0000] {processor.py:925} INFO - DAG(s) 'example_python_operator' retrieved from /home/airflow/.local/lib/python3.12/site-packages/airflow/example_dags/example_python_operator.py
[2024-12-28T16:54:53.543+0000] {logging_mixin.py:190} INFO - [2024-12-28T16:54:53.543+0000] {dag.py:3239} INFO - Sync 1 DAGs
[2024-12-28T16:54:53.563+0000] {logging_mixin.py:190} INFO - [2024-12-28T16:54:53.563+0000] {dag.py:4180} INFO - Setting next_dagrun for example_python_operator to None, run_after=None
[2024-12-28T16:54:53.589+0000] {processor.py:208} INFO - Processing /home/airflow/.local/lib/python3.12/site-packages/airflow/example_dags/example_python_operator.py took 0.106 seconds
[2024-12-28T16:55:23.744+0000] {processor.py:186} INFO - Started process (PID=455) to work on /home/airflow/.local/lib/python3.12/site-packages/airflow/example_dags/example_python_operator.py
[2024-12-28T16:55:23.749+0000] {processor.py:914} INFO - Processing file /home/airflow/.local/lib/python3.12/site-packages/airflow/example_dags/example_python_operator.py for tasks to queue
[2024-12-28T16:55:23.752+0000] {logging_mixin.py:190} INFO - [2024-12-28T16:55:23.752+0000] {dagbag.py:588} INFO - Filling up the DagBag from /home/airflow/.local/lib/python3.12/site-packages/airflow/example_dags/example_python_operator.py
[2024-12-28T16:55:23.776+0000] {processor.py:925} INFO - DAG(s) 'example_python_operator' retrieved from /home/airflow/.local/lib/python3.12/site-packages/airflow/example_dags/example_python_operator.py
[2024-12-28T16:55:23.827+0000] {logging_mixin.py:190} INFO - [2024-12-28T16:55:23.827+0000] {dag.py:3239} INFO - Sync 1 DAGs
[2024-12-28T16:55:23.854+0000] {logging_mixin.py:190} INFO - [2024-12-28T16:55:23.853+0000] {dag.py:4180} INFO - Setting next_dagrun for example_python_operator to None, run_after=None
[2024-12-28T16:55:23.890+0000] {processor.py:208} INFO - Processing /home/airflow/.local/lib/python3.12/site-packages/airflow/example_dags/example_python_operator.py took 0.155 seconds
[2024-12-28T16:55:54.166+0000] {processor.py:186} INFO - Started process (PID=519) to work on /home/airflow/.local/lib/python3.12/site-packages/airflow/example_dags/example_python_operator.py
[2024-12-28T16:55:54.171+0000] {processor.py:914} INFO - Processing file /home/airflow/.local/lib/python3.12/site-packages/airflow/example_dags/example_python_operator.py for tasks to queue
[2024-12-28T16:55:54.174+0000] {logging_mixin.py:190} INFO - [2024-12-28T16:55:54.174+0000] {dagbag.py:588} INFO - Filling up the DagBag from /home/airflow/.local/lib/python3.12/site-packages/airflow/example_dags/example_python_operator.py
[2024-12-28T16:55:54.203+0000] {processor.py:925} INFO - DAG(s) 'example_python_operator' retrieved from /home/airflow/.local/lib/python3.12/site-packages/airflow/example_dags/example_python_operator.py
[2024-12-28T16:55:54.246+0000] {logging_mixin.py:190} INFO - [2024-12-28T16:55:54.245+0000] {dag.py:3239} INFO - Sync 1 DAGs
[2024-12-28T16:55:54.268+0000] {logging_mixin.py:190} INFO - [2024-12-28T16:55:54.267+0000] {dag.py:4180} INFO - Setting next_dagrun for example_python_operator to None, run_after=None
[2024-12-28T16:55:54.307+0000] {processor.py:208} INFO - Processing /home/airflow/.local/lib/python3.12/site-packages/airflow/example_dags/example_python_operator.py took 0.152 seconds
[2024-12-28T16:56:24.733+0000] {processor.py:186} INFO - Started process (PID=583) to work on /home/airflow/.local/lib/python3.12/site-packages/airflow/example_dags/example_python_operator.py
[2024-12-28T16:56:24.735+0000] {processor.py:914} INFO - Processing file /home/airflow/.local/lib/python3.12/site-packages/airflow/example_dags/example_python_operator.py for tasks to queue
[2024-12-28T16:56:24.737+0000] {logging_mixin.py:190} INFO - [2024-12-28T16:56:24.737+0000] {dagbag.py:588} INFO - Filling up the DagBag from /home/airflow/.local/lib/python3.12/site-packages/airflow/example_dags/example_python_operator.py
[2024-12-28T16:56:24.753+0000] {processor.py:925} INFO - DAG(s) 'example_python_operator' retrieved from /home/airflow/.local/lib/python3.12/site-packages/airflow/example_dags/example_python_operator.py
[2024-12-28T16:56:24.781+0000] {logging_mixin.py:190} INFO - [2024-12-28T16:56:24.780+0000] {dag.py:3239} INFO - Sync 1 DAGs
[2024-12-28T16:56:24.795+0000] {logging_mixin.py:190} INFO - [2024-12-28T16:56:24.795+0000] {dag.py:4180} INFO - Setting next_dagrun for example_python_operator to None, run_after=None
[2024-12-28T16:56:24.815+0000] {processor.py:208} INFO - Processing /home/airflow/.local/lib/python3.12/site-packages/airflow/example_dags/example_python_operator.py took 0.088 seconds
[2024-12-28T16:56:55.651+0000] {processor.py:186} INFO - Started process (PID=647) to work on /home/airflow/.local/lib/python3.12/site-packages/airflow/example_dags/example_python_operator.py
[2024-12-28T16:56:55.652+0000] {processor.py:914} INFO - Processing file /home/airflow/.local/lib/python3.12/site-packages/airflow/example_dags/example_python_operator.py for tasks to queue
[2024-12-28T16:56:55.655+0000] {logging_mixin.py:190} INFO - [2024-12-28T16:56:55.655+0000] {dagbag.py:588} INFO - Filling up the DagBag from /home/airflow/.local/lib/python3.12/site-packages/airflow/example_dags/example_python_operator.py
[2024-12-28T16:56:55.666+0000] {processor.py:925} INFO - DAG(s) 'example_python_operator' retrieved from /home/airflow/.local/lib/python3.12/site-packages/airflow/example_dags/example_python_operator.py
[2024-12-28T16:56:55.687+0000] {logging_mixin.py:190} INFO - [2024-12-28T16:56:55.686+0000] {dag.py:3239} INFO - Sync 1 DAGs
[2024-12-28T16:56:55.699+0000] {logging_mixin.py:190} INFO - [2024-12-28T16:56:55.699+0000] {dag.py:4180} INFO - Setting next_dagrun for example_python_operator to None, run_after=None
[2024-12-28T16:56:55.716+0000] {processor.py:208} INFO - Processing /home/airflow/.local/lib/python3.12/site-packages/airflow/example_dags/example_python_operator.py took 0.070 seconds
[2024-12-28T16:57:26.257+0000] {processor.py:186} INFO - Started process (PID=711) to work on /home/airflow/.local/lib/python3.12/site-packages/airflow/example_dags/example_python_operator.py
[2024-12-28T16:57:26.258+0000] {processor.py:914} INFO - Processing file /home/airflow/.local/lib/python3.12/site-packages/airflow/example_dags/example_python_operator.py for tasks to queue
[2024-12-28T16:57:26.260+0000] {logging_mixin.py:190} INFO - [2024-12-28T16:57:26.260+0000] {dagbag.py:588} INFO - Filling up the DagBag from /home/airflow/.local/lib/python3.12/site-packages/airflow/example_dags/example_python_operator.py
[2024-12-28T16:57:26.272+0000] {processor.py:925} INFO - DAG(s) 'example_python_operator' retrieved from /home/airflow/.local/lib/python3.12/site-packages/airflow/example_dags/example_python_operator.py
[2024-12-28T16:57:26.295+0000] {logging_mixin.py:190} INFO - [2024-12-28T16:57:26.295+0000] {dag.py:3239} INFO - Sync 1 DAGs
[2024-12-28T16:57:26.310+0000] {logging_mixin.py:190} INFO - [2024-12-28T16:57:26.310+0000] {dag.py:4180} INFO - Setting next_dagrun for example_python_operator to None, run_after=None
[2024-12-28T16:57:26.330+0000] {processor.py:208} INFO - Processing /home/airflow/.local/lib/python3.12/site-packages/airflow/example_dags/example_python_operator.py took 0.078 seconds
[2024-12-28T16:57:56.949+0000] {processor.py:186} INFO - Started process (PID=775) to work on /home/airflow/.local/lib/python3.12/site-packages/airflow/example_dags/example_python_operator.py
[2024-12-28T16:57:56.950+0000] {processor.py:914} INFO - Processing file /home/airflow/.local/lib/python3.12/site-packages/airflow/example_dags/example_python_operator.py for tasks to queue
[2024-12-28T16:57:56.952+0000] {logging_mixin.py:190} INFO - [2024-12-28T16:57:56.952+0000] {dagbag.py:588} INFO - Filling up the DagBag from /home/airflow/.local/lib/python3.12/site-packages/airflow/example_dags/example_python_operator.py
[2024-12-28T16:57:56.964+0000] {processor.py:925} INFO - DAG(s) 'example_python_operator' retrieved from /home/airflow/.local/lib/python3.12/site-packages/airflow/example_dags/example_python_operator.py
[2024-12-28T16:57:56.987+0000] {logging_mixin.py:190} INFO - [2024-12-28T16:57:56.986+0000] {dag.py:3239} INFO - Sync 1 DAGs
[2024-12-28T16:57:57.002+0000] {logging_mixin.py:190} INFO - [2024-12-28T16:57:57.002+0000] {dag.py:4180} INFO - Setting next_dagrun for example_python_operator to None, run_after=None
[2024-12-28T16:57:57.021+0000] {processor.py:208} INFO - Processing /home/airflow/.local/lib/python3.12/site-packages/airflow/example_dags/example_python_operator.py took 0.077 seconds
[2024-12-28T16:58:27.207+0000] {processor.py:186} INFO - Started process (PID=839) to work on /home/airflow/.local/lib/python3.12/site-packages/airflow/example_dags/example_python_operator.py
[2024-12-28T16:58:27.208+0000] {processor.py:914} INFO - Processing file /home/airflow/.local/lib/python3.12/site-packages/airflow/example_dags/example_python_operator.py for tasks to queue
[2024-12-28T16:58:27.211+0000] {logging_mixin.py:190} INFO - [2024-12-28T16:58:27.211+0000] {dagbag.py:588} INFO - Filling up the DagBag from /home/airflow/.local/lib/python3.12/site-packages/airflow/example_dags/example_python_operator.py
[2024-12-28T16:58:27.222+0000] {processor.py:925} INFO - DAG(s) 'example_python_operator' retrieved from /home/airflow/.local/lib/python3.12/site-packages/airflow/example_dags/example_python_operator.py
[2024-12-28T16:58:27.242+0000] {logging_mixin.py:190} INFO - [2024-12-28T16:58:27.242+0000] {dag.py:3239} INFO - Sync 1 DAGs
[2024-12-28T16:58:27.255+0000] {logging_mixin.py:190} INFO - [2024-12-28T16:58:27.255+0000] {dag.py:4180} INFO - Setting next_dagrun for example_python_operator to None, run_after=None
[2024-12-28T16:58:27.272+0000] {processor.py:208} INFO - Processing /home/airflow/.local/lib/python3.12/site-packages/airflow/example_dags/example_python_operator.py took 0.070 seconds
[2024-12-28T16:58:57.534+0000] {processor.py:186} INFO - Started process (PID=903) to work on /home/airflow/.local/lib/python3.12/site-packages/airflow/example_dags/example_python_operator.py
[2024-12-28T16:58:57.535+0000] {processor.py:914} INFO - Processing file /home/airflow/.local/lib/python3.12/site-packages/airflow/example_dags/example_python_operator.py for tasks to queue
[2024-12-28T16:58:57.537+0000] {logging_mixin.py:190} INFO - [2024-12-28T16:58:57.536+0000] {dagbag.py:588} INFO - Filling up the DagBag from /home/airflow/.local/lib/python3.12/site-packages/airflow/example_dags/example_python_operator.py
[2024-12-28T16:58:57.548+0000] {processor.py:925} INFO - DAG(s) 'example_python_operator' retrieved from /home/airflow/.local/lib/python3.12/site-packages/airflow/example_dags/example_python_operator.py
[2024-12-28T16:58:57.571+0000] {logging_mixin.py:190} INFO - [2024-12-28T16:58:57.571+0000] {dag.py:3239} INFO - Sync 1 DAGs
[2024-12-28T16:58:57.584+0000] {logging_mixin.py:190} INFO - [2024-12-28T16:58:57.584+0000] {dag.py:4180} INFO - Setting next_dagrun for example_python_operator to None, run_after=None
[2024-12-28T16:58:57.605+0000] {processor.py:208} INFO - Processing /home/airflow/.local/lib/python3.12/site-packages/airflow/example_dags/example_python_operator.py took 0.078 seconds
[2024-12-28T16:59:27.701+0000] {processor.py:186} INFO - Started process (PID=967) to work on /home/airflow/.local/lib/python3.12/site-packages/airflow/example_dags/example_python_operator.py
[2024-12-28T16:59:27.702+0000] {processor.py:914} INFO - Processing file /home/airflow/.local/lib/python3.12/site-packages/airflow/example_dags/example_python_operator.py for tasks to queue
[2024-12-28T16:59:27.704+0000] {logging_mixin.py:190} INFO - [2024-12-28T16:59:27.704+0000] {dagbag.py:588} INFO - Filling up the DagBag from /home/airflow/.local/lib/python3.12/site-packages/airflow/example_dags/example_python_operator.py
[2024-12-28T16:59:27.715+0000] {processor.py:925} INFO - DAG(s) 'example_python_operator' retrieved from /home/airflow/.local/lib/python3.12/site-packages/airflow/example_dags/example_python_operator.py
[2024-12-28T16:59:27.734+0000] {logging_mixin.py:190} INFO - [2024-12-28T16:59:27.734+0000] {dag.py:3239} INFO - Sync 1 DAGs
[2024-12-28T16:59:27.746+0000] {logging_mixin.py:190} INFO - [2024-12-28T16:59:27.746+0000] {dag.py:4180} INFO - Setting next_dagrun for example_python_operator to None, run_after=None
[2024-12-28T16:59:27.764+0000] {processor.py:208} INFO - Processing /home/airflow/.local/lib/python3.12/site-packages/airflow/example_dags/example_python_operator.py took 0.068 seconds
[2024-12-28T16:59:58.642+0000] {processor.py:186} INFO - Started process (PID=1031) to work on /home/airflow/.local/lib/python3.12/site-packages/airflow/example_dags/example_python_operator.py
[2024-12-28T16:59:58.643+0000] {processor.py:914} INFO - Processing file /home/airflow/.local/lib/python3.12/site-packages/airflow/example_dags/example_python_operator.py for tasks to queue
[2024-12-28T16:59:58.645+0000] {logging_mixin.py:190} INFO - [2024-12-28T16:59:58.645+0000] {dagbag.py:588} INFO - Filling up the DagBag from /home/airflow/.local/lib/python3.12/site-packages/airflow/example_dags/example_python_operator.py
[2024-12-28T16:59:58.658+0000] {processor.py:925} INFO - DAG(s) 'example_python_operator' retrieved from /home/airflow/.local/lib/python3.12/site-packages/airflow/example_dags/example_python_operator.py
[2024-12-28T16:59:58.679+0000] {logging_mixin.py:190} INFO - [2024-12-28T16:59:58.679+0000] {dag.py:3239} INFO - Sync 1 DAGs
[2024-12-28T16:59:58.692+0000] {logging_mixin.py:190} INFO - [2024-12-28T16:59:58.692+0000] {dag.py:4180} INFO - Setting next_dagrun for example_python_operator to None, run_after=None
[2024-12-28T16:59:58.708+0000] {processor.py:208} INFO - Processing /home/airflow/.local/lib/python3.12/site-packages/airflow/example_dags/example_python_operator.py took 0.071 seconds
[2024-12-28T17:00:29.204+0000] {processor.py:186} INFO - Started process (PID=1095) to work on /home/airflow/.local/lib/python3.12/site-packages/airflow/example_dags/example_python_operator.py
[2024-12-28T17:00:29.205+0000] {processor.py:914} INFO - Processing file /home/airflow/.local/lib/python3.12/site-packages/airflow/example_dags/example_python_operator.py for tasks to queue
[2024-12-28T17:00:29.207+0000] {logging_mixin.py:190} INFO - [2024-12-28T17:00:29.206+0000] {dagbag.py:588} INFO - Filling up the DagBag from /home/airflow/.local/lib/python3.12/site-packages/airflow/example_dags/example_python_operator.py
[2024-12-28T17:00:29.217+0000] {processor.py:925} INFO - DAG(s) 'example_python_operator' retrieved from /home/airflow/.local/lib/python3.12/site-packages/airflow/example_dags/example_python_operator.py
[2024-12-28T17:00:29.237+0000] {logging_mixin.py:190} INFO - [2024-12-28T17:00:29.237+0000] {dag.py:3239} INFO - Sync 1 DAGs
[2024-12-28T17:00:29.249+0000] {logging_mixin.py:190} INFO - [2024-12-28T17:00:29.249+0000] {dag.py:4180} INFO - Setting next_dagrun for example_python_operator to None, run_after=None
[2024-12-28T17:00:29.264+0000] {processor.py:208} INFO - Processing /home/airflow/.local/lib/python3.12/site-packages/airflow/example_dags/example_python_operator.py took 0.065 seconds
[2024-12-28T17:00:59.639+0000] {processor.py:186} INFO - Started process (PID=1159) to work on /home/airflow/.local/lib/python3.12/site-packages/airflow/example_dags/example_python_operator.py
[2024-12-28T17:00:59.640+0000] {processor.py:914} INFO - Processing file /home/airflow/.local/lib/python3.12/site-packages/airflow/example_dags/example_python_operator.py for tasks to queue
[2024-12-28T17:00:59.642+0000] {logging_mixin.py:190} INFO - [2024-12-28T17:00:59.642+0000] {dagbag.py:588} INFO - Filling up the DagBag from /home/airflow/.local/lib/python3.12/site-packages/airflow/example_dags/example_python_operator.py
[2024-12-28T17:00:59.652+0000] {processor.py:925} INFO - DAG(s) 'example_python_operator' retrieved from /home/airflow/.local/lib/python3.12/site-packages/airflow/example_dags/example_python_operator.py
[2024-12-28T17:00:59.672+0000] {logging_mixin.py:190} INFO - [2024-12-28T17:00:59.671+0000] {dag.py:3239} INFO - Sync 1 DAGs
[2024-12-28T17:00:59.684+0000] {logging_mixin.py:190} INFO - [2024-12-28T17:00:59.684+0000] {dag.py:4180} INFO - Setting next_dagrun for example_python_operator to None, run_after=None
[2024-12-28T17:00:59.700+0000] {processor.py:208} INFO - Processing /home/airflow/.local/lib/python3.12/site-packages/airflow/example_dags/example_python_operator.py took 0.065 seconds
[2024-12-28T17:01:30.471+0000] {processor.py:186} INFO - Started process (PID=1223) to work on /home/airflow/.local/lib/python3.12/site-packages/airflow/example_dags/example_python_operator.py
[2024-12-28T17:01:30.472+0000] {processor.py:914} INFO - Processing file /home/airflow/.local/lib/python3.12/site-packages/airflow/example_dags/example_python_operator.py for tasks to queue
[2024-12-28T17:01:30.474+0000] {logging_mixin.py:190} INFO - [2024-12-28T17:01:30.474+0000] {dagbag.py:588} INFO - Filling up the DagBag from /home/airflow/.local/lib/python3.12/site-packages/airflow/example_dags/example_python_operator.py
[2024-12-28T17:01:30.485+0000] {processor.py:925} INFO - DAG(s) 'example_python_operator' retrieved from /home/airflow/.local/lib/python3.12/site-packages/airflow/example_dags/example_python_operator.py
[2024-12-28T17:01:30.504+0000] {logging_mixin.py:190} INFO - [2024-12-28T17:01:30.503+0000] {dag.py:3239} INFO - Sync 1 DAGs
[2024-12-28T17:01:30.516+0000] {logging_mixin.py:190} INFO - [2024-12-28T17:01:30.516+0000] {dag.py:4180} INFO - Setting next_dagrun for example_python_operator to None, run_after=None
[2024-12-28T17:01:30.532+0000] {processor.py:208} INFO - Processing /home/airflow/.local/lib/python3.12/site-packages/airflow/example_dags/example_python_operator.py took 0.067 seconds
[2024-12-28T17:02:01.134+0000] {processor.py:186} INFO - Started process (PID=1287) to work on /home/airflow/.local/lib/python3.12/site-packages/airflow/example_dags/example_python_operator.py
[2024-12-28T17:02:01.134+0000] {processor.py:914} INFO - Processing file /home/airflow/.local/lib/python3.12/site-packages/airflow/example_dags/example_python_operator.py for tasks to queue
[2024-12-28T17:02:01.137+0000] {logging_mixin.py:190} INFO - [2024-12-28T17:02:01.136+0000] {dagbag.py:588} INFO - Filling up the DagBag from /home/airflow/.local/lib/python3.12/site-packages/airflow/example_dags/example_python_operator.py
[2024-12-28T17:02:01.148+0000] {processor.py:925} INFO - DAG(s) 'example_python_operator' retrieved from /home/airflow/.local/lib/python3.12/site-packages/airflow/example_dags/example_python_operator.py
[2024-12-28T17:02:01.167+0000] {logging_mixin.py:190} INFO - [2024-12-28T17:02:01.167+0000] {dag.py:3239} INFO - Sync 1 DAGs
[2024-12-28T17:02:01.181+0000] {logging_mixin.py:190} INFO - [2024-12-28T17:02:01.181+0000] {dag.py:4180} INFO - Setting next_dagrun for example_python_operator to None, run_after=None
[2024-12-28T17:02:01.197+0000] {processor.py:208} INFO - Processing /home/airflow/.local/lib/python3.12/site-packages/airflow/example_dags/example_python_operator.py took 0.069 seconds
[2024-12-28T17:02:31.916+0000] {processor.py:186} INFO - Started process (PID=1360) to work on /home/airflow/.local/lib/python3.12/site-packages/airflow/example_dags/example_python_operator.py
[2024-12-28T17:02:31.917+0000] {processor.py:914} INFO - Processing file /home/airflow/.local/lib/python3.12/site-packages/airflow/example_dags/example_python_operator.py for tasks to queue
[2024-12-28T17:02:31.919+0000] {logging_mixin.py:190} INFO - [2024-12-28T17:02:31.919+0000] {dagbag.py:588} INFO - Filling up the DagBag from /home/airflow/.local/lib/python3.12/site-packages/airflow/example_dags/example_python_operator.py
[2024-12-28T17:02:31.929+0000] {processor.py:925} INFO - DAG(s) 'example_python_operator' retrieved from /home/airflow/.local/lib/python3.12/site-packages/airflow/example_dags/example_python_operator.py
[2024-12-28T17:02:31.947+0000] {logging_mixin.py:190} INFO - [2024-12-28T17:02:31.947+0000] {dag.py:3239} INFO - Sync 1 DAGs
[2024-12-28T17:02:31.958+0000] {logging_mixin.py:190} INFO - [2024-12-28T17:02:31.958+0000] {dag.py:4180} INFO - Setting next_dagrun for example_python_operator to None, run_after=None
[2024-12-28T17:02:31.974+0000] {processor.py:208} INFO - Processing /home/airflow/.local/lib/python3.12/site-packages/airflow/example_dags/example_python_operator.py took 0.063 seconds
[2024-12-28T17:03:02.204+0000] {processor.py:186} INFO - Started process (PID=1433) to work on /home/airflow/.local/lib/python3.12/site-packages/airflow/example_dags/example_python_operator.py
[2024-12-28T17:03:02.205+0000] {processor.py:914} INFO - Processing file /home/airflow/.local/lib/python3.12/site-packages/airflow/example_dags/example_python_operator.py for tasks to queue
[2024-12-28T17:03:02.207+0000] {logging_mixin.py:190} INFO - [2024-12-28T17:03:02.206+0000] {dagbag.py:588} INFO - Filling up the DagBag from /home/airflow/.local/lib/python3.12/site-packages/airflow/example_dags/example_python_operator.py
[2024-12-28T17:03:02.217+0000] {processor.py:925} INFO - DAG(s) 'example_python_operator' retrieved from /home/airflow/.local/lib/python3.12/site-packages/airflow/example_dags/example_python_operator.py
[2024-12-28T17:03:02.239+0000] {logging_mixin.py:190} INFO - [2024-12-28T17:03:02.238+0000] {dag.py:3239} INFO - Sync 1 DAGs
[2024-12-28T17:03:02.252+0000] {logging_mixin.py:190} INFO - [2024-12-28T17:03:02.251+0000] {dag.py:4180} INFO - Setting next_dagrun for example_python_operator to None, run_after=None
[2024-12-28T17:03:02.269+0000] {processor.py:208} INFO - Processing /home/airflow/.local/lib/python3.12/site-packages/airflow/example_dags/example_python_operator.py took 0.070 seconds
[2024-12-28T17:03:32.564+0000] {processor.py:186} INFO - Started process (PID=1510) to work on /home/airflow/.local/lib/python3.12/site-packages/airflow/example_dags/example_python_operator.py
[2024-12-28T17:03:32.565+0000] {processor.py:914} INFO - Processing file /home/airflow/.local/lib/python3.12/site-packages/airflow/example_dags/example_python_operator.py for tasks to queue
[2024-12-28T17:03:32.569+0000] {logging_mixin.py:190} INFO - [2024-12-28T17:03:32.568+0000] {dagbag.py:588} INFO - Filling up the DagBag from /home/airflow/.local/lib/python3.12/site-packages/airflow/example_dags/example_python_operator.py
[2024-12-28T17:03:32.601+0000] {processor.py:925} INFO - DAG(s) 'example_python_operator' retrieved from /home/airflow/.local/lib/python3.12/site-packages/airflow/example_dags/example_python_operator.py
[2024-12-28T17:03:32.651+0000] {logging_mixin.py:190} INFO - [2024-12-28T17:03:32.650+0000] {dag.py:3239} INFO - Sync 1 DAGs
[2024-12-28T17:03:32.678+0000] {logging_mixin.py:190} INFO - [2024-12-28T17:03:32.677+0000] {dag.py:4180} INFO - Setting next_dagrun for example_python_operator to None, run_after=None
[2024-12-28T17:03:32.724+0000] {processor.py:208} INFO - Processing /home/airflow/.local/lib/python3.12/site-packages/airflow/example_dags/example_python_operator.py took 0.174 seconds
[2024-12-28T17:04:02.848+0000] {processor.py:186} INFO - Started process (PID=1583) to work on /home/airflow/.local/lib/python3.12/site-packages/airflow/example_dags/example_python_operator.py
[2024-12-28T17:04:02.849+0000] {processor.py:914} INFO - Processing file /home/airflow/.local/lib/python3.12/site-packages/airflow/example_dags/example_python_operator.py for tasks to queue
[2024-12-28T17:04:02.851+0000] {logging_mixin.py:190} INFO - [2024-12-28T17:04:02.851+0000] {dagbag.py:588} INFO - Filling up the DagBag from /home/airflow/.local/lib/python3.12/site-packages/airflow/example_dags/example_python_operator.py
[2024-12-28T17:04:02.861+0000] {processor.py:925} INFO - DAG(s) 'example_python_operator' retrieved from /home/airflow/.local/lib/python3.12/site-packages/airflow/example_dags/example_python_operator.py
[2024-12-28T17:04:02.882+0000] {logging_mixin.py:190} INFO - [2024-12-28T17:04:02.882+0000] {dag.py:3239} INFO - Sync 1 DAGs
[2024-12-28T17:04:02.894+0000] {logging_mixin.py:190} INFO - [2024-12-28T17:04:02.894+0000] {dag.py:4180} INFO - Setting next_dagrun for example_python_operator to None, run_after=None
[2024-12-28T17:04:02.910+0000] {processor.py:208} INFO - Processing /home/airflow/.local/lib/python3.12/site-packages/airflow/example_dags/example_python_operator.py took 0.068 seconds
