[2024-12-28T16:38:32.315+0000] {processor.py:186} INFO - Started process (PID=80) to work on /home/airflow/.local/lib/python3.12/site-packages/airflow/example_dags/example_setup_teardown.py
[2024-12-28T16:38:32.316+0000] {processor.py:914} INFO - Processing file /home/airflow/.local/lib/python3.12/site-packages/airflow/example_dags/example_setup_teardown.py for tasks to queue
[2024-12-28T16:38:32.318+0000] {logging_mixin.py:190} INFO - [2024-12-28T16:38:32.318+0000] {dagbag.py:588} INFO - Filling up the DagBag from /home/airflow/.local/lib/python3.12/site-packages/airflow/example_dags/example_setup_teardown.py
[2024-12-28T16:38:32.326+0000] {processor.py:925} INFO - DAG(s) 'example_setup_teardown' retrieved from /home/airflow/.local/lib/python3.12/site-packages/airflow/example_dags/example_setup_teardown.py
[2024-12-28T16:38:32.424+0000] {logging_mixin.py:190} INFO - [2024-12-28T16:38:32.423+0000] {override.py:1911} INFO - Created Permission View: can delete on DAG:example_setup_teardown
[2024-12-28T16:38:32.434+0000] {logging_mixin.py:190} INFO - [2024-12-28T16:38:32.434+0000] {override.py:1911} INFO - Created Permission View: can edit on DAG:example_setup_teardown
[2024-12-28T16:38:32.441+0000] {logging_mixin.py:190} INFO - [2024-12-28T16:38:32.441+0000] {override.py:1911} INFO - Created Permission View: can read on DAG:example_setup_teardown
[2024-12-28T16:38:32.449+0000] {logging_mixin.py:190} INFO - [2024-12-28T16:38:32.448+0000] {override.py:1911} INFO - Created Permission View: can create on DAG Run:example_setup_teardown
[2024-12-28T16:38:32.456+0000] {logging_mixin.py:190} INFO - [2024-12-28T16:38:32.455+0000] {override.py:1911} INFO - Created Permission View: can delete on DAG Run:example_setup_teardown
[2024-12-28T16:38:32.462+0000] {logging_mixin.py:190} INFO - [2024-12-28T16:38:32.462+0000] {override.py:1911} INFO - Created Permission View: menu access on DAG Run:example_setup_teardown
[2024-12-28T16:38:32.469+0000] {logging_mixin.py:190} INFO - [2024-12-28T16:38:32.468+0000] {override.py:1911} INFO - Created Permission View: can read on DAG Run:example_setup_teardown
[2024-12-28T16:38:32.469+0000] {logging_mixin.py:190} INFO - [2024-12-28T16:38:32.469+0000] {dag.py:3239} INFO - Sync 1 DAGs
[2024-12-28T16:38:32.481+0000] {logging_mixin.py:190} INFO - [2024-12-28T16:38:32.480+0000] {dag.py:3262} INFO - Creating ORM DAG for example_setup_teardown
[2024-12-28T16:38:32.481+0000] {logging_mixin.py:190} INFO - [2024-12-28T16:38:32.481+0000] {dag.py:4180} INFO - Setting next_dagrun for example_setup_teardown to None, run_after=None
[2024-12-28T16:38:32.497+0000] {processor.py:208} INFO - Processing /home/airflow/.local/lib/python3.12/site-packages/airflow/example_dags/example_setup_teardown.py took 0.187 seconds
[2024-12-28T16:39:03.415+0000] {processor.py:186} INFO - Started process (PID=143) to work on /home/airflow/.local/lib/python3.12/site-packages/airflow/example_dags/example_setup_teardown.py
[2024-12-28T16:39:03.416+0000] {processor.py:914} INFO - Processing file /home/airflow/.local/lib/python3.12/site-packages/airflow/example_dags/example_setup_teardown.py for tasks to queue
[2024-12-28T16:39:03.419+0000] {logging_mixin.py:190} INFO - [2024-12-28T16:39:03.419+0000] {dagbag.py:588} INFO - Filling up the DagBag from /home/airflow/.local/lib/python3.12/site-packages/airflow/example_dags/example_setup_teardown.py
[2024-12-28T16:39:03.428+0000] {processor.py:925} INFO - DAG(s) 'example_setup_teardown' retrieved from /home/airflow/.local/lib/python3.12/site-packages/airflow/example_dags/example_setup_teardown.py
[2024-12-28T16:39:03.453+0000] {logging_mixin.py:190} INFO - [2024-12-28T16:39:03.453+0000] {dag.py:3239} INFO - Sync 1 DAGs
[2024-12-28T16:39:03.468+0000] {logging_mixin.py:190} INFO - [2024-12-28T16:39:03.468+0000] {dag.py:4180} INFO - Setting next_dagrun for example_setup_teardown to None, run_after=None
[2024-12-28T16:39:03.488+0000] {processor.py:208} INFO - Processing /home/airflow/.local/lib/python3.12/site-packages/airflow/example_dags/example_setup_teardown.py took 0.079 seconds
[2024-12-28T16:39:33.605+0000] {processor.py:186} INFO - Started process (PID=206) to work on /home/airflow/.local/lib/python3.12/site-packages/airflow/example_dags/example_setup_teardown.py
[2024-12-28T16:39:33.606+0000] {processor.py:914} INFO - Processing file /home/airflow/.local/lib/python3.12/site-packages/airflow/example_dags/example_setup_teardown.py for tasks to queue
[2024-12-28T16:39:33.608+0000] {logging_mixin.py:190} INFO - [2024-12-28T16:39:33.608+0000] {dagbag.py:588} INFO - Filling up the DagBag from /home/airflow/.local/lib/python3.12/site-packages/airflow/example_dags/example_setup_teardown.py
[2024-12-28T16:39:33.617+0000] {processor.py:925} INFO - DAG(s) 'example_setup_teardown' retrieved from /home/airflow/.local/lib/python3.12/site-packages/airflow/example_dags/example_setup_teardown.py
[2024-12-28T16:39:33.642+0000] {logging_mixin.py:190} INFO - [2024-12-28T16:39:33.642+0000] {dag.py:3239} INFO - Sync 1 DAGs
[2024-12-28T16:39:33.657+0000] {logging_mixin.py:190} INFO - [2024-12-28T16:39:33.657+0000] {dag.py:4180} INFO - Setting next_dagrun for example_setup_teardown to None, run_after=None
[2024-12-28T16:39:33.678+0000] {processor.py:208} INFO - Processing /home/airflow/.local/lib/python3.12/site-packages/airflow/example_dags/example_setup_teardown.py took 0.080 seconds
[2024-12-28T16:40:03.861+0000] {processor.py:186} INFO - Started process (PID=269) to work on /home/airflow/.local/lib/python3.12/site-packages/airflow/example_dags/example_setup_teardown.py
[2024-12-28T16:40:03.862+0000] {processor.py:914} INFO - Processing file /home/airflow/.local/lib/python3.12/site-packages/airflow/example_dags/example_setup_teardown.py for tasks to queue
[2024-12-28T16:40:03.865+0000] {logging_mixin.py:190} INFO - [2024-12-28T16:40:03.864+0000] {dagbag.py:588} INFO - Filling up the DagBag from /home/airflow/.local/lib/python3.12/site-packages/airflow/example_dags/example_setup_teardown.py
[2024-12-28T16:40:03.875+0000] {processor.py:925} INFO - DAG(s) 'example_setup_teardown' retrieved from /home/airflow/.local/lib/python3.12/site-packages/airflow/example_dags/example_setup_teardown.py
[2024-12-28T16:40:03.895+0000] {logging_mixin.py:190} INFO - [2024-12-28T16:40:03.895+0000] {dag.py:3239} INFO - Sync 1 DAGs
[2024-12-28T16:40:03.910+0000] {logging_mixin.py:190} INFO - [2024-12-28T16:40:03.910+0000] {dag.py:4180} INFO - Setting next_dagrun for example_setup_teardown to None, run_after=None
[2024-12-28T16:40:03.927+0000] {processor.py:208} INFO - Processing /home/airflow/.local/lib/python3.12/site-packages/airflow/example_dags/example_setup_teardown.py took 0.072 seconds
[2024-12-28T16:42:38.745+0000] {processor.py:186} INFO - Started process (PID=79) to work on /home/airflow/.local/lib/python3.12/site-packages/airflow/example_dags/example_setup_teardown.py
[2024-12-28T16:42:38.746+0000] {processor.py:914} INFO - Processing file /home/airflow/.local/lib/python3.12/site-packages/airflow/example_dags/example_setup_teardown.py for tasks to queue
[2024-12-28T16:42:38.748+0000] {logging_mixin.py:190} INFO - [2024-12-28T16:42:38.748+0000] {dagbag.py:588} INFO - Filling up the DagBag from /home/airflow/.local/lib/python3.12/site-packages/airflow/example_dags/example_setup_teardown.py
[2024-12-28T16:42:38.757+0000] {processor.py:925} INFO - DAG(s) 'example_setup_teardown' retrieved from /home/airflow/.local/lib/python3.12/site-packages/airflow/example_dags/example_setup_teardown.py
[2024-12-28T16:42:38.783+0000] {logging_mixin.py:190} INFO - [2024-12-28T16:42:38.782+0000] {dag.py:3239} INFO - Sync 1 DAGs
[2024-12-28T16:42:38.795+0000] {logging_mixin.py:190} INFO - [2024-12-28T16:42:38.795+0000] {dag.py:4180} INFO - Setting next_dagrun for example_setup_teardown to None, run_after=None
[2024-12-28T16:42:38.811+0000] {processor.py:208} INFO - Processing /home/airflow/.local/lib/python3.12/site-packages/airflow/example_dags/example_setup_teardown.py took 0.072 seconds
[2024-12-28T16:43:09.933+0000] {processor.py:186} INFO - Started process (PID=142) to work on /home/airflow/.local/lib/python3.12/site-packages/airflow/example_dags/example_setup_teardown.py
[2024-12-28T16:43:09.934+0000] {processor.py:914} INFO - Processing file /home/airflow/.local/lib/python3.12/site-packages/airflow/example_dags/example_setup_teardown.py for tasks to queue
[2024-12-28T16:43:09.936+0000] {logging_mixin.py:190} INFO - [2024-12-28T16:43:09.936+0000] {dagbag.py:588} INFO - Filling up the DagBag from /home/airflow/.local/lib/python3.12/site-packages/airflow/example_dags/example_setup_teardown.py
[2024-12-28T16:43:09.945+0000] {processor.py:925} INFO - DAG(s) 'example_setup_teardown' retrieved from /home/airflow/.local/lib/python3.12/site-packages/airflow/example_dags/example_setup_teardown.py
[2024-12-28T16:43:09.971+0000] {logging_mixin.py:190} INFO - [2024-12-28T16:43:09.971+0000] {dag.py:3239} INFO - Sync 1 DAGs
[2024-12-28T16:43:09.986+0000] {logging_mixin.py:190} INFO - [2024-12-28T16:43:09.985+0000] {dag.py:4180} INFO - Setting next_dagrun for example_setup_teardown to None, run_after=None
[2024-12-28T16:43:10.006+0000] {processor.py:208} INFO - Processing /home/airflow/.local/lib/python3.12/site-packages/airflow/example_dags/example_setup_teardown.py took 0.080 seconds
[2024-12-28T16:43:40.464+0000] {processor.py:186} INFO - Started process (PID=205) to work on /home/airflow/.local/lib/python3.12/site-packages/airflow/example_dags/example_setup_teardown.py
[2024-12-28T16:43:40.465+0000] {processor.py:914} INFO - Processing file /home/airflow/.local/lib/python3.12/site-packages/airflow/example_dags/example_setup_teardown.py for tasks to queue
[2024-12-28T16:43:40.467+0000] {logging_mixin.py:190} INFO - [2024-12-28T16:43:40.466+0000] {dagbag.py:588} INFO - Filling up the DagBag from /home/airflow/.local/lib/python3.12/site-packages/airflow/example_dags/example_setup_teardown.py
[2024-12-28T16:43:40.474+0000] {processor.py:925} INFO - DAG(s) 'example_setup_teardown' retrieved from /home/airflow/.local/lib/python3.12/site-packages/airflow/example_dags/example_setup_teardown.py
[2024-12-28T16:43:40.495+0000] {logging_mixin.py:190} INFO - [2024-12-28T16:43:40.495+0000] {dag.py:3239} INFO - Sync 1 DAGs
[2024-12-28T16:43:40.509+0000] {logging_mixin.py:190} INFO - [2024-12-28T16:43:40.508+0000] {dag.py:4180} INFO - Setting next_dagrun for example_setup_teardown to None, run_after=None
[2024-12-28T16:43:40.528+0000] {processor.py:208} INFO - Processing /home/airflow/.local/lib/python3.12/site-packages/airflow/example_dags/example_setup_teardown.py took 0.069 seconds
[2024-12-28T16:44:11.046+0000] {processor.py:186} INFO - Started process (PID=268) to work on /home/airflow/.local/lib/python3.12/site-packages/airflow/example_dags/example_setup_teardown.py
[2024-12-28T16:44:11.048+0000] {processor.py:914} INFO - Processing file /home/airflow/.local/lib/python3.12/site-packages/airflow/example_dags/example_setup_teardown.py for tasks to queue
[2024-12-28T16:44:11.051+0000] {logging_mixin.py:190} INFO - [2024-12-28T16:44:11.050+0000] {dagbag.py:588} INFO - Filling up the DagBag from /home/airflow/.local/lib/python3.12/site-packages/airflow/example_dags/example_setup_teardown.py
[2024-12-28T16:44:11.062+0000] {processor.py:925} INFO - DAG(s) 'example_setup_teardown' retrieved from /home/airflow/.local/lib/python3.12/site-packages/airflow/example_dags/example_setup_teardown.py
[2024-12-28T16:44:11.091+0000] {logging_mixin.py:190} INFO - [2024-12-28T16:44:11.091+0000] {dag.py:3239} INFO - Sync 1 DAGs
[2024-12-28T16:44:11.108+0000] {logging_mixin.py:190} INFO - [2024-12-28T16:44:11.108+0000] {dag.py:4180} INFO - Setting next_dagrun for example_setup_teardown to None, run_after=None
[2024-12-28T16:44:11.131+0000] {processor.py:208} INFO - Processing /home/airflow/.local/lib/python3.12/site-packages/airflow/example_dags/example_setup_teardown.py took 0.092 seconds
[2024-12-28T16:44:41.357+0000] {processor.py:186} INFO - Started process (PID=331) to work on /home/airflow/.local/lib/python3.12/site-packages/airflow/example_dags/example_setup_teardown.py
[2024-12-28T16:44:41.358+0000] {processor.py:914} INFO - Processing file /home/airflow/.local/lib/python3.12/site-packages/airflow/example_dags/example_setup_teardown.py for tasks to queue
[2024-12-28T16:44:41.360+0000] {logging_mixin.py:190} INFO - [2024-12-28T16:44:41.359+0000] {dagbag.py:588} INFO - Filling up the DagBag from /home/airflow/.local/lib/python3.12/site-packages/airflow/example_dags/example_setup_teardown.py
[2024-12-28T16:44:41.367+0000] {processor.py:925} INFO - DAG(s) 'example_setup_teardown' retrieved from /home/airflow/.local/lib/python3.12/site-packages/airflow/example_dags/example_setup_teardown.py
[2024-12-28T16:44:41.387+0000] {logging_mixin.py:190} INFO - [2024-12-28T16:44:41.387+0000] {dag.py:3239} INFO - Sync 1 DAGs
[2024-12-28T16:44:41.400+0000] {logging_mixin.py:190} INFO - [2024-12-28T16:44:41.399+0000] {dag.py:4180} INFO - Setting next_dagrun for example_setup_teardown to None, run_after=None
[2024-12-28T16:44:41.415+0000] {processor.py:208} INFO - Processing /home/airflow/.local/lib/python3.12/site-packages/airflow/example_dags/example_setup_teardown.py took 0.064 seconds
[2024-12-28T16:45:11.811+0000] {processor.py:186} INFO - Started process (PID=394) to work on /home/airflow/.local/lib/python3.12/site-packages/airflow/example_dags/example_setup_teardown.py
[2024-12-28T16:45:11.812+0000] {processor.py:914} INFO - Processing file /home/airflow/.local/lib/python3.12/site-packages/airflow/example_dags/example_setup_teardown.py for tasks to queue
[2024-12-28T16:45:11.814+0000] {logging_mixin.py:190} INFO - [2024-12-28T16:45:11.814+0000] {dagbag.py:588} INFO - Filling up the DagBag from /home/airflow/.local/lib/python3.12/site-packages/airflow/example_dags/example_setup_teardown.py
[2024-12-28T16:45:11.821+0000] {processor.py:925} INFO - DAG(s) 'example_setup_teardown' retrieved from /home/airflow/.local/lib/python3.12/site-packages/airflow/example_dags/example_setup_teardown.py
[2024-12-28T16:45:11.842+0000] {logging_mixin.py:190} INFO - [2024-12-28T16:45:11.842+0000] {dag.py:3239} INFO - Sync 1 DAGs
[2024-12-28T16:45:11.856+0000] {logging_mixin.py:190} INFO - [2024-12-28T16:45:11.856+0000] {dag.py:4180} INFO - Setting next_dagrun for example_setup_teardown to None, run_after=None
[2024-12-28T16:45:11.872+0000] {processor.py:208} INFO - Processing /home/airflow/.local/lib/python3.12/site-packages/airflow/example_dags/example_setup_teardown.py took 0.066 seconds
[2024-12-28T16:45:42.430+0000] {processor.py:186} INFO - Started process (PID=463) to work on /home/airflow/.local/lib/python3.12/site-packages/airflow/example_dags/example_setup_teardown.py
[2024-12-28T16:45:42.431+0000] {processor.py:914} INFO - Processing file /home/airflow/.local/lib/python3.12/site-packages/airflow/example_dags/example_setup_teardown.py for tasks to queue
[2024-12-28T16:45:42.433+0000] {logging_mixin.py:190} INFO - [2024-12-28T16:45:42.433+0000] {dagbag.py:588} INFO - Filling up the DagBag from /home/airflow/.local/lib/python3.12/site-packages/airflow/example_dags/example_setup_teardown.py
[2024-12-28T16:45:42.441+0000] {processor.py:925} INFO - DAG(s) 'example_setup_teardown' retrieved from /home/airflow/.local/lib/python3.12/site-packages/airflow/example_dags/example_setup_teardown.py
[2024-12-28T16:45:42.459+0000] {logging_mixin.py:190} INFO - [2024-12-28T16:45:42.459+0000] {dag.py:3239} INFO - Sync 1 DAGs
[2024-12-28T16:45:42.471+0000] {logging_mixin.py:190} INFO - [2024-12-28T16:45:42.471+0000] {dag.py:4180} INFO - Setting next_dagrun for example_setup_teardown to None, run_after=None
[2024-12-28T16:45:42.487+0000] {processor.py:208} INFO - Processing /home/airflow/.local/lib/python3.12/site-packages/airflow/example_dags/example_setup_teardown.py took 0.062 seconds
[2024-12-28T16:46:13.188+0000] {processor.py:186} INFO - Started process (PID=526) to work on /home/airflow/.local/lib/python3.12/site-packages/airflow/example_dags/example_setup_teardown.py
[2024-12-28T16:46:13.189+0000] {processor.py:914} INFO - Processing file /home/airflow/.local/lib/python3.12/site-packages/airflow/example_dags/example_setup_teardown.py for tasks to queue
[2024-12-28T16:46:13.191+0000] {logging_mixin.py:190} INFO - [2024-12-28T16:46:13.191+0000] {dagbag.py:588} INFO - Filling up the DagBag from /home/airflow/.local/lib/python3.12/site-packages/airflow/example_dags/example_setup_teardown.py
[2024-12-28T16:46:13.198+0000] {processor.py:925} INFO - DAG(s) 'example_setup_teardown' retrieved from /home/airflow/.local/lib/python3.12/site-packages/airflow/example_dags/example_setup_teardown.py
[2024-12-28T16:46:13.218+0000] {logging_mixin.py:190} INFO - [2024-12-28T16:46:13.218+0000] {dag.py:3239} INFO - Sync 1 DAGs
[2024-12-28T16:46:13.232+0000] {logging_mixin.py:190} INFO - [2024-12-28T16:46:13.232+0000] {dag.py:4180} INFO - Setting next_dagrun for example_setup_teardown to None, run_after=None
[2024-12-28T16:46:13.248+0000] {processor.py:208} INFO - Processing /home/airflow/.local/lib/python3.12/site-packages/airflow/example_dags/example_setup_teardown.py took 0.066 seconds
[2024-12-28T16:46:43.569+0000] {processor.py:186} INFO - Started process (PID=589) to work on /home/airflow/.local/lib/python3.12/site-packages/airflow/example_dags/example_setup_teardown.py
[2024-12-28T16:46:43.569+0000] {processor.py:914} INFO - Processing file /home/airflow/.local/lib/python3.12/site-packages/airflow/example_dags/example_setup_teardown.py for tasks to queue
[2024-12-28T16:46:43.572+0000] {logging_mixin.py:190} INFO - [2024-12-28T16:46:43.571+0000] {dagbag.py:588} INFO - Filling up the DagBag from /home/airflow/.local/lib/python3.12/site-packages/airflow/example_dags/example_setup_teardown.py
[2024-12-28T16:46:43.580+0000] {processor.py:925} INFO - DAG(s) 'example_setup_teardown' retrieved from /home/airflow/.local/lib/python3.12/site-packages/airflow/example_dags/example_setup_teardown.py
[2024-12-28T16:46:43.601+0000] {logging_mixin.py:190} INFO - [2024-12-28T16:46:43.601+0000] {dag.py:3239} INFO - Sync 1 DAGs
[2024-12-28T16:46:43.613+0000] {logging_mixin.py:190} INFO - [2024-12-28T16:46:43.613+0000] {dag.py:4180} INFO - Setting next_dagrun for example_setup_teardown to None, run_after=None
[2024-12-28T16:46:43.628+0000] {processor.py:208} INFO - Processing /home/airflow/.local/lib/python3.12/site-packages/airflow/example_dags/example_setup_teardown.py took 0.066 seconds
[2024-12-28T16:47:13.788+0000] {processor.py:186} INFO - Started process (PID=652) to work on /home/airflow/.local/lib/python3.12/site-packages/airflow/example_dags/example_setup_teardown.py
[2024-12-28T16:47:13.789+0000] {processor.py:914} INFO - Processing file /home/airflow/.local/lib/python3.12/site-packages/airflow/example_dags/example_setup_teardown.py for tasks to queue
[2024-12-28T16:47:13.792+0000] {logging_mixin.py:190} INFO - [2024-12-28T16:47:13.792+0000] {dagbag.py:588} INFO - Filling up the DagBag from /home/airflow/.local/lib/python3.12/site-packages/airflow/example_dags/example_setup_teardown.py
[2024-12-28T16:47:13.801+0000] {processor.py:925} INFO - DAG(s) 'example_setup_teardown' retrieved from /home/airflow/.local/lib/python3.12/site-packages/airflow/example_dags/example_setup_teardown.py
[2024-12-28T16:47:13.824+0000] {logging_mixin.py:190} INFO - [2024-12-28T16:47:13.824+0000] {dag.py:3239} INFO - Sync 1 DAGs
[2024-12-28T16:47:13.837+0000] {logging_mixin.py:190} INFO - [2024-12-28T16:47:13.837+0000] {dag.py:4180} INFO - Setting next_dagrun for example_setup_teardown to None, run_after=None
[2024-12-28T16:47:13.855+0000] {processor.py:208} INFO - Processing /home/airflow/.local/lib/python3.12/site-packages/airflow/example_dags/example_setup_teardown.py took 0.074 seconds
[2024-12-28T16:47:44.284+0000] {processor.py:186} INFO - Started process (PID=716) to work on /home/airflow/.local/lib/python3.12/site-packages/airflow/example_dags/example_setup_teardown.py
[2024-12-28T16:47:44.286+0000] {processor.py:914} INFO - Processing file /home/airflow/.local/lib/python3.12/site-packages/airflow/example_dags/example_setup_teardown.py for tasks to queue
[2024-12-28T16:47:44.287+0000] {logging_mixin.py:190} INFO - [2024-12-28T16:47:44.287+0000] {dagbag.py:588} INFO - Filling up the DagBag from /home/airflow/.local/lib/python3.12/site-packages/airflow/example_dags/example_setup_teardown.py
[2024-12-28T16:47:44.295+0000] {processor.py:925} INFO - DAG(s) 'example_setup_teardown' retrieved from /home/airflow/.local/lib/python3.12/site-packages/airflow/example_dags/example_setup_teardown.py
[2024-12-28T16:47:44.315+0000] {logging_mixin.py:190} INFO - [2024-12-28T16:47:44.314+0000] {dag.py:3239} INFO - Sync 1 DAGs
[2024-12-28T16:47:44.328+0000] {logging_mixin.py:190} INFO - [2024-12-28T16:47:44.328+0000] {dag.py:4180} INFO - Setting next_dagrun for example_setup_teardown to None, run_after=None
[2024-12-28T16:47:44.344+0000] {processor.py:208} INFO - Processing /home/airflow/.local/lib/python3.12/site-packages/airflow/example_dags/example_setup_teardown.py took 0.065 seconds
[2024-12-28T16:52:21.241+0000] {processor.py:186} INFO - Started process (PID=81) to work on /home/airflow/.local/lib/python3.12/site-packages/airflow/example_dags/example_setup_teardown.py
[2024-12-28T16:52:21.242+0000] {processor.py:914} INFO - Processing file /home/airflow/.local/lib/python3.12/site-packages/airflow/example_dags/example_setup_teardown.py for tasks to queue
[2024-12-28T16:52:21.244+0000] {logging_mixin.py:190} INFO - [2024-12-28T16:52:21.244+0000] {dagbag.py:588} INFO - Filling up the DagBag from /home/airflow/.local/lib/python3.12/site-packages/airflow/example_dags/example_setup_teardown.py
[2024-12-28T16:52:21.253+0000] {processor.py:925} INFO - DAG(s) 'example_setup_teardown' retrieved from /home/airflow/.local/lib/python3.12/site-packages/airflow/example_dags/example_setup_teardown.py
[2024-12-28T16:52:21.278+0000] {logging_mixin.py:190} INFO - [2024-12-28T16:52:21.278+0000] {dag.py:3239} INFO - Sync 1 DAGs
[2024-12-28T16:52:21.291+0000] {logging_mixin.py:190} INFO - [2024-12-28T16:52:21.290+0000] {dag.py:4180} INFO - Setting next_dagrun for example_setup_teardown to None, run_after=None
[2024-12-28T16:52:21.307+0000] {processor.py:208} INFO - Processing /home/airflow/.local/lib/python3.12/site-packages/airflow/example_dags/example_setup_teardown.py took 0.072 seconds
[2024-12-28T16:52:51.937+0000] {processor.py:186} INFO - Started process (PID=145) to work on /home/airflow/.local/lib/python3.12/site-packages/airflow/example_dags/example_setup_teardown.py
[2024-12-28T16:52:51.938+0000] {processor.py:914} INFO - Processing file /home/airflow/.local/lib/python3.12/site-packages/airflow/example_dags/example_setup_teardown.py for tasks to queue
[2024-12-28T16:52:51.940+0000] {logging_mixin.py:190} INFO - [2024-12-28T16:52:51.939+0000] {dagbag.py:588} INFO - Filling up the DagBag from /home/airflow/.local/lib/python3.12/site-packages/airflow/example_dags/example_setup_teardown.py
[2024-12-28T16:52:51.947+0000] {processor.py:925} INFO - DAG(s) 'example_setup_teardown' retrieved from /home/airflow/.local/lib/python3.12/site-packages/airflow/example_dags/example_setup_teardown.py
[2024-12-28T16:52:51.967+0000] {logging_mixin.py:190} INFO - [2024-12-28T16:52:51.967+0000] {dag.py:3239} INFO - Sync 1 DAGs
[2024-12-28T16:52:51.981+0000] {logging_mixin.py:190} INFO - [2024-12-28T16:52:51.981+0000] {dag.py:4180} INFO - Setting next_dagrun for example_setup_teardown to None, run_after=None
[2024-12-28T16:52:51.997+0000] {processor.py:208} INFO - Processing /home/airflow/.local/lib/python3.12/site-packages/airflow/example_dags/example_setup_teardown.py took 0.065 seconds
[2024-12-28T16:53:22.162+0000] {processor.py:186} INFO - Started process (PID=209) to work on /home/airflow/.local/lib/python3.12/site-packages/airflow/example_dags/example_setup_teardown.py
[2024-12-28T16:53:22.164+0000] {processor.py:914} INFO - Processing file /home/airflow/.local/lib/python3.12/site-packages/airflow/example_dags/example_setup_teardown.py for tasks to queue
[2024-12-28T16:53:22.166+0000] {logging_mixin.py:190} INFO - [2024-12-28T16:53:22.165+0000] {dagbag.py:588} INFO - Filling up the DagBag from /home/airflow/.local/lib/python3.12/site-packages/airflow/example_dags/example_setup_teardown.py
[2024-12-28T16:53:22.173+0000] {processor.py:925} INFO - DAG(s) 'example_setup_teardown' retrieved from /home/airflow/.local/lib/python3.12/site-packages/airflow/example_dags/example_setup_teardown.py
[2024-12-28T16:53:22.193+0000] {logging_mixin.py:190} INFO - [2024-12-28T16:53:22.193+0000] {dag.py:3239} INFO - Sync 1 DAGs
[2024-12-28T16:53:22.207+0000] {logging_mixin.py:190} INFO - [2024-12-28T16:53:22.207+0000] {dag.py:4180} INFO - Setting next_dagrun for example_setup_teardown to None, run_after=None
[2024-12-28T16:53:22.235+0000] {processor.py:208} INFO - Processing /home/airflow/.local/lib/python3.12/site-packages/airflow/example_dags/example_setup_teardown.py took 0.078 seconds
[2024-12-28T16:53:53.906+0000] {processor.py:186} INFO - Started process (PID=277) to work on /home/airflow/.local/lib/python3.12/site-packages/airflow/example_dags/example_setup_teardown.py
[2024-12-28T16:53:53.912+0000] {processor.py:914} INFO - Processing file /home/airflow/.local/lib/python3.12/site-packages/airflow/example_dags/example_setup_teardown.py for tasks to queue
[2024-12-28T16:53:53.916+0000] {logging_mixin.py:190} INFO - [2024-12-28T16:53:53.915+0000] {dagbag.py:588} INFO - Filling up the DagBag from /home/airflow/.local/lib/python3.12/site-packages/airflow/example_dags/example_setup_teardown.py
[2024-12-28T16:53:53.934+0000] {processor.py:925} INFO - DAG(s) 'example_setup_teardown' retrieved from /home/airflow/.local/lib/python3.12/site-packages/airflow/example_dags/example_setup_teardown.py
[2024-12-28T16:53:53.986+0000] {logging_mixin.py:190} INFO - [2024-12-28T16:53:53.986+0000] {dag.py:3239} INFO - Sync 1 DAGs
[2024-12-28T16:53:54.012+0000] {logging_mixin.py:190} INFO - [2024-12-28T16:53:54.011+0000] {dag.py:4180} INFO - Setting next_dagrun for example_setup_teardown to None, run_after=None
[2024-12-28T16:53:54.050+0000] {processor.py:208} INFO - Processing /home/airflow/.local/lib/python3.12/site-packages/airflow/example_dags/example_setup_teardown.py took 0.153 seconds
[2024-12-28T16:54:24.920+0000] {processor.py:186} INFO - Started process (PID=341) to work on /home/airflow/.local/lib/python3.12/site-packages/airflow/example_dags/example_setup_teardown.py
[2024-12-28T16:54:24.925+0000] {processor.py:914} INFO - Processing file /home/airflow/.local/lib/python3.12/site-packages/airflow/example_dags/example_setup_teardown.py for tasks to queue
[2024-12-28T16:54:24.930+0000] {logging_mixin.py:190} INFO - [2024-12-28T16:54:24.929+0000] {dagbag.py:588} INFO - Filling up the DagBag from /home/airflow/.local/lib/python3.12/site-packages/airflow/example_dags/example_setup_teardown.py
[2024-12-28T16:54:24.946+0000] {processor.py:925} INFO - DAG(s) 'example_setup_teardown' retrieved from /home/airflow/.local/lib/python3.12/site-packages/airflow/example_dags/example_setup_teardown.py
[2024-12-28T16:54:24.997+0000] {logging_mixin.py:190} INFO - [2024-12-28T16:54:24.995+0000] {dag.py:3239} INFO - Sync 1 DAGs
[2024-12-28T16:54:25.024+0000] {logging_mixin.py:190} INFO - [2024-12-28T16:54:25.023+0000] {dag.py:4180} INFO - Setting next_dagrun for example_setup_teardown to None, run_after=None
[2024-12-28T16:54:25.071+0000] {processor.py:208} INFO - Processing /home/airflow/.local/lib/python3.12/site-packages/airflow/example_dags/example_setup_teardown.py took 0.163 seconds
[2024-12-28T16:54:55.412+0000] {processor.py:186} INFO - Started process (PID=405) to work on /home/airflow/.local/lib/python3.12/site-packages/airflow/example_dags/example_setup_teardown.py
[2024-12-28T16:54:55.413+0000] {processor.py:914} INFO - Processing file /home/airflow/.local/lib/python3.12/site-packages/airflow/example_dags/example_setup_teardown.py for tasks to queue
[2024-12-28T16:54:55.416+0000] {logging_mixin.py:190} INFO - [2024-12-28T16:54:55.416+0000] {dagbag.py:588} INFO - Filling up the DagBag from /home/airflow/.local/lib/python3.12/site-packages/airflow/example_dags/example_setup_teardown.py
[2024-12-28T16:54:55.423+0000] {processor.py:925} INFO - DAG(s) 'example_setup_teardown' retrieved from /home/airflow/.local/lib/python3.12/site-packages/airflow/example_dags/example_setup_teardown.py
[2024-12-28T16:54:55.444+0000] {logging_mixin.py:190} INFO - [2024-12-28T16:54:55.443+0000] {dag.py:3239} INFO - Sync 1 DAGs
[2024-12-28T16:54:55.458+0000] {logging_mixin.py:190} INFO - [2024-12-28T16:54:55.458+0000] {dag.py:4180} INFO - Setting next_dagrun for example_setup_teardown to None, run_after=None
[2024-12-28T16:54:55.477+0000] {processor.py:208} INFO - Processing /home/airflow/.local/lib/python3.12/site-packages/airflow/example_dags/example_setup_teardown.py took 0.074 seconds
[2024-12-28T16:55:26.454+0000] {processor.py:186} INFO - Started process (PID=469) to work on /home/airflow/.local/lib/python3.12/site-packages/airflow/example_dags/example_setup_teardown.py
[2024-12-28T16:55:26.460+0000] {processor.py:914} INFO - Processing file /home/airflow/.local/lib/python3.12/site-packages/airflow/example_dags/example_setup_teardown.py for tasks to queue
[2024-12-28T16:55:26.464+0000] {logging_mixin.py:190} INFO - [2024-12-28T16:55:26.463+0000] {dagbag.py:588} INFO - Filling up the DagBag from /home/airflow/.local/lib/python3.12/site-packages/airflow/example_dags/example_setup_teardown.py
[2024-12-28T16:55:26.479+0000] {processor.py:925} INFO - DAG(s) 'example_setup_teardown' retrieved from /home/airflow/.local/lib/python3.12/site-packages/airflow/example_dags/example_setup_teardown.py
[2024-12-28T16:55:26.520+0000] {logging_mixin.py:190} INFO - [2024-12-28T16:55:26.520+0000] {dag.py:3239} INFO - Sync 1 DAGs
[2024-12-28T16:55:26.550+0000] {logging_mixin.py:190} INFO - [2024-12-28T16:55:26.550+0000] {dag.py:4180} INFO - Setting next_dagrun for example_setup_teardown to None, run_after=None
[2024-12-28T16:55:26.617+0000] {processor.py:208} INFO - Processing /home/airflow/.local/lib/python3.12/site-packages/airflow/example_dags/example_setup_teardown.py took 0.173 seconds
[2024-12-28T16:55:57.304+0000] {processor.py:186} INFO - Started process (PID=533) to work on /home/airflow/.local/lib/python3.12/site-packages/airflow/example_dags/example_setup_teardown.py
[2024-12-28T16:55:57.305+0000] {processor.py:914} INFO - Processing file /home/airflow/.local/lib/python3.12/site-packages/airflow/example_dags/example_setup_teardown.py for tasks to queue
[2024-12-28T16:55:57.307+0000] {logging_mixin.py:190} INFO - [2024-12-28T16:55:57.307+0000] {dagbag.py:588} INFO - Filling up the DagBag from /home/airflow/.local/lib/python3.12/site-packages/airflow/example_dags/example_setup_teardown.py
[2024-12-28T16:55:57.315+0000] {processor.py:925} INFO - DAG(s) 'example_setup_teardown' retrieved from /home/airflow/.local/lib/python3.12/site-packages/airflow/example_dags/example_setup_teardown.py
[2024-12-28T16:55:57.335+0000] {logging_mixin.py:190} INFO - [2024-12-28T16:55:57.334+0000] {dag.py:3239} INFO - Sync 1 DAGs
[2024-12-28T16:55:57.348+0000] {logging_mixin.py:190} INFO - [2024-12-28T16:55:57.348+0000] {dag.py:4180} INFO - Setting next_dagrun for example_setup_teardown to None, run_after=None
[2024-12-28T16:55:57.365+0000] {processor.py:208} INFO - Processing /home/airflow/.local/lib/python3.12/site-packages/airflow/example_dags/example_setup_teardown.py took 0.066 seconds
[2024-12-28T16:56:27.697+0000] {processor.py:186} INFO - Started process (PID=597) to work on /home/airflow/.local/lib/python3.12/site-packages/airflow/example_dags/example_setup_teardown.py
[2024-12-28T16:56:27.699+0000] {processor.py:914} INFO - Processing file /home/airflow/.local/lib/python3.12/site-packages/airflow/example_dags/example_setup_teardown.py for tasks to queue
[2024-12-28T16:56:27.703+0000] {logging_mixin.py:190} INFO - [2024-12-28T16:56:27.702+0000] {dagbag.py:588} INFO - Filling up the DagBag from /home/airflow/.local/lib/python3.12/site-packages/airflow/example_dags/example_setup_teardown.py
[2024-12-28T16:56:27.714+0000] {processor.py:925} INFO - DAG(s) 'example_setup_teardown' retrieved from /home/airflow/.local/lib/python3.12/site-packages/airflow/example_dags/example_setup_teardown.py
[2024-12-28T16:56:27.746+0000] {logging_mixin.py:190} INFO - [2024-12-28T16:56:27.746+0000] {dag.py:3239} INFO - Sync 1 DAGs
[2024-12-28T16:56:27.764+0000] {logging_mixin.py:190} INFO - [2024-12-28T16:56:27.764+0000] {dag.py:4180} INFO - Setting next_dagrun for example_setup_teardown to None, run_after=None
[2024-12-28T16:56:27.789+0000] {processor.py:208} INFO - Processing /home/airflow/.local/lib/python3.12/site-packages/airflow/example_dags/example_setup_teardown.py took 0.100 seconds
[2024-12-28T16:56:58.440+0000] {processor.py:186} INFO - Started process (PID=661) to work on /home/airflow/.local/lib/python3.12/site-packages/airflow/example_dags/example_setup_teardown.py
[2024-12-28T16:56:58.441+0000] {processor.py:914} INFO - Processing file /home/airflow/.local/lib/python3.12/site-packages/airflow/example_dags/example_setup_teardown.py for tasks to queue
[2024-12-28T16:56:58.443+0000] {logging_mixin.py:190} INFO - [2024-12-28T16:56:58.443+0000] {dagbag.py:588} INFO - Filling up the DagBag from /home/airflow/.local/lib/python3.12/site-packages/airflow/example_dags/example_setup_teardown.py
[2024-12-28T16:56:58.451+0000] {processor.py:925} INFO - DAG(s) 'example_setup_teardown' retrieved from /home/airflow/.local/lib/python3.12/site-packages/airflow/example_dags/example_setup_teardown.py
[2024-12-28T16:56:58.471+0000] {logging_mixin.py:190} INFO - [2024-12-28T16:56:58.470+0000] {dag.py:3239} INFO - Sync 1 DAGs
[2024-12-28T16:56:58.485+0000] {logging_mixin.py:190} INFO - [2024-12-28T16:56:58.484+0000] {dag.py:4180} INFO - Setting next_dagrun for example_setup_teardown to None, run_after=None
[2024-12-28T16:56:58.501+0000] {processor.py:208} INFO - Processing /home/airflow/.local/lib/python3.12/site-packages/airflow/example_dags/example_setup_teardown.py took 0.066 seconds
[2024-12-28T16:57:29.078+0000] {processor.py:186} INFO - Started process (PID=725) to work on /home/airflow/.local/lib/python3.12/site-packages/airflow/example_dags/example_setup_teardown.py
[2024-12-28T16:57:29.079+0000] {processor.py:914} INFO - Processing file /home/airflow/.local/lib/python3.12/site-packages/airflow/example_dags/example_setup_teardown.py for tasks to queue
[2024-12-28T16:57:29.081+0000] {logging_mixin.py:190} INFO - [2024-12-28T16:57:29.081+0000] {dagbag.py:588} INFO - Filling up the DagBag from /home/airflow/.local/lib/python3.12/site-packages/airflow/example_dags/example_setup_teardown.py
[2024-12-28T16:57:29.090+0000] {processor.py:925} INFO - DAG(s) 'example_setup_teardown' retrieved from /home/airflow/.local/lib/python3.12/site-packages/airflow/example_dags/example_setup_teardown.py
[2024-12-28T16:57:29.110+0000] {logging_mixin.py:190} INFO - [2024-12-28T16:57:29.109+0000] {dag.py:3239} INFO - Sync 1 DAGs
[2024-12-28T16:57:29.122+0000] {logging_mixin.py:190} INFO - [2024-12-28T16:57:29.122+0000] {dag.py:4180} INFO - Setting next_dagrun for example_setup_teardown to None, run_after=None
[2024-12-28T16:57:29.139+0000] {processor.py:208} INFO - Processing /home/airflow/.local/lib/python3.12/site-packages/airflow/example_dags/example_setup_teardown.py took 0.067 seconds
[2024-12-28T16:57:59.753+0000] {processor.py:186} INFO - Started process (PID=789) to work on /home/airflow/.local/lib/python3.12/site-packages/airflow/example_dags/example_setup_teardown.py
[2024-12-28T16:57:59.754+0000] {processor.py:914} INFO - Processing file /home/airflow/.local/lib/python3.12/site-packages/airflow/example_dags/example_setup_teardown.py for tasks to queue
[2024-12-28T16:57:59.757+0000] {logging_mixin.py:190} INFO - [2024-12-28T16:57:59.756+0000] {dagbag.py:588} INFO - Filling up the DagBag from /home/airflow/.local/lib/python3.12/site-packages/airflow/example_dags/example_setup_teardown.py
[2024-12-28T16:57:59.764+0000] {processor.py:925} INFO - DAG(s) 'example_setup_teardown' retrieved from /home/airflow/.local/lib/python3.12/site-packages/airflow/example_dags/example_setup_teardown.py
[2024-12-28T16:57:59.784+0000] {logging_mixin.py:190} INFO - [2024-12-28T16:57:59.784+0000] {dag.py:3239} INFO - Sync 1 DAGs
[2024-12-28T16:57:59.797+0000] {logging_mixin.py:190} INFO - [2024-12-28T16:57:59.797+0000] {dag.py:4180} INFO - Setting next_dagrun for example_setup_teardown to None, run_after=None
[2024-12-28T16:57:59.814+0000] {processor.py:208} INFO - Processing /home/airflow/.local/lib/python3.12/site-packages/airflow/example_dags/example_setup_teardown.py took 0.066 seconds
[2024-12-28T16:58:30.001+0000] {processor.py:186} INFO - Started process (PID=853) to work on /home/airflow/.local/lib/python3.12/site-packages/airflow/example_dags/example_setup_teardown.py
[2024-12-28T16:58:30.002+0000] {processor.py:914} INFO - Processing file /home/airflow/.local/lib/python3.12/site-packages/airflow/example_dags/example_setup_teardown.py for tasks to queue
[2024-12-28T16:58:30.004+0000] {logging_mixin.py:190} INFO - [2024-12-28T16:58:30.004+0000] {dagbag.py:588} INFO - Filling up the DagBag from /home/airflow/.local/lib/python3.12/site-packages/airflow/example_dags/example_setup_teardown.py
[2024-12-28T16:58:30.012+0000] {processor.py:925} INFO - DAG(s) 'example_setup_teardown' retrieved from /home/airflow/.local/lib/python3.12/site-packages/airflow/example_dags/example_setup_teardown.py
[2024-12-28T16:58:30.033+0000] {logging_mixin.py:190} INFO - [2024-12-28T16:58:30.033+0000] {dag.py:3239} INFO - Sync 1 DAGs
[2024-12-28T16:58:30.046+0000] {logging_mixin.py:190} INFO - [2024-12-28T16:58:30.046+0000] {dag.py:4180} INFO - Setting next_dagrun for example_setup_teardown to None, run_after=None
[2024-12-28T16:58:30.065+0000] {processor.py:208} INFO - Processing /home/airflow/.local/lib/python3.12/site-packages/airflow/example_dags/example_setup_teardown.py took 0.070 seconds
[2024-12-28T16:59:00.309+0000] {processor.py:186} INFO - Started process (PID=917) to work on /home/airflow/.local/lib/python3.12/site-packages/airflow/example_dags/example_setup_teardown.py
[2024-12-28T16:59:00.309+0000] {processor.py:914} INFO - Processing file /home/airflow/.local/lib/python3.12/site-packages/airflow/example_dags/example_setup_teardown.py for tasks to queue
[2024-12-28T16:59:00.311+0000] {logging_mixin.py:190} INFO - [2024-12-28T16:59:00.311+0000] {dagbag.py:588} INFO - Filling up the DagBag from /home/airflow/.local/lib/python3.12/site-packages/airflow/example_dags/example_setup_teardown.py
[2024-12-28T16:59:00.319+0000] {processor.py:925} INFO - DAG(s) 'example_setup_teardown' retrieved from /home/airflow/.local/lib/python3.12/site-packages/airflow/example_dags/example_setup_teardown.py
[2024-12-28T16:59:00.338+0000] {logging_mixin.py:190} INFO - [2024-12-28T16:59:00.338+0000] {dag.py:3239} INFO - Sync 1 DAGs
[2024-12-28T16:59:00.350+0000] {logging_mixin.py:190} INFO - [2024-12-28T16:59:00.350+0000] {dag.py:4180} INFO - Setting next_dagrun for example_setup_teardown to None, run_after=None
[2024-12-28T16:59:00.369+0000] {processor.py:208} INFO - Processing /home/airflow/.local/lib/python3.12/site-packages/airflow/example_dags/example_setup_teardown.py took 0.065 seconds
[2024-12-28T16:59:30.476+0000] {processor.py:186} INFO - Started process (PID=981) to work on /home/airflow/.local/lib/python3.12/site-packages/airflow/example_dags/example_setup_teardown.py
[2024-12-28T16:59:30.477+0000] {processor.py:914} INFO - Processing file /home/airflow/.local/lib/python3.12/site-packages/airflow/example_dags/example_setup_teardown.py for tasks to queue
[2024-12-28T16:59:30.480+0000] {logging_mixin.py:190} INFO - [2024-12-28T16:59:30.480+0000] {dagbag.py:588} INFO - Filling up the DagBag from /home/airflow/.local/lib/python3.12/site-packages/airflow/example_dags/example_setup_teardown.py
[2024-12-28T16:59:30.494+0000] {processor.py:925} INFO - DAG(s) 'example_setup_teardown' retrieved from /home/airflow/.local/lib/python3.12/site-packages/airflow/example_dags/example_setup_teardown.py
[2024-12-28T16:59:30.520+0000] {logging_mixin.py:190} INFO - [2024-12-28T16:59:30.519+0000] {dag.py:3239} INFO - Sync 1 DAGs
[2024-12-28T16:59:30.535+0000] {logging_mixin.py:190} INFO - [2024-12-28T16:59:30.535+0000] {dag.py:4180} INFO - Setting next_dagrun for example_setup_teardown to None, run_after=None
[2024-12-28T16:59:30.556+0000] {processor.py:208} INFO - Processing /home/airflow/.local/lib/python3.12/site-packages/airflow/example_dags/example_setup_teardown.py took 0.088 seconds
[2024-12-28T17:00:01.446+0000] {processor.py:186} INFO - Started process (PID=1045) to work on /home/airflow/.local/lib/python3.12/site-packages/airflow/example_dags/example_setup_teardown.py
[2024-12-28T17:00:01.447+0000] {processor.py:914} INFO - Processing file /home/airflow/.local/lib/python3.12/site-packages/airflow/example_dags/example_setup_teardown.py for tasks to queue
[2024-12-28T17:00:01.449+0000] {logging_mixin.py:190} INFO - [2024-12-28T17:00:01.449+0000] {dagbag.py:588} INFO - Filling up the DagBag from /home/airflow/.local/lib/python3.12/site-packages/airflow/example_dags/example_setup_teardown.py
[2024-12-28T17:00:01.457+0000] {processor.py:925} INFO - DAG(s) 'example_setup_teardown' retrieved from /home/airflow/.local/lib/python3.12/site-packages/airflow/example_dags/example_setup_teardown.py
[2024-12-28T17:00:01.476+0000] {logging_mixin.py:190} INFO - [2024-12-28T17:00:01.476+0000] {dag.py:3239} INFO - Sync 1 DAGs
[2024-12-28T17:00:01.488+0000] {logging_mixin.py:190} INFO - [2024-12-28T17:00:01.488+0000] {dag.py:4180} INFO - Setting next_dagrun for example_setup_teardown to None, run_after=None
[2024-12-28T17:00:01.504+0000] {processor.py:208} INFO - Processing /home/airflow/.local/lib/python3.12/site-packages/airflow/example_dags/example_setup_teardown.py took 0.063 seconds
[2024-12-28T17:00:31.941+0000] {processor.py:186} INFO - Started process (PID=1109) to work on /home/airflow/.local/lib/python3.12/site-packages/airflow/example_dags/example_setup_teardown.py
[2024-12-28T17:00:31.942+0000] {processor.py:914} INFO - Processing file /home/airflow/.local/lib/python3.12/site-packages/airflow/example_dags/example_setup_teardown.py for tasks to queue
[2024-12-28T17:00:31.944+0000] {logging_mixin.py:190} INFO - [2024-12-28T17:00:31.944+0000] {dagbag.py:588} INFO - Filling up the DagBag from /home/airflow/.local/lib/python3.12/site-packages/airflow/example_dags/example_setup_teardown.py
[2024-12-28T17:00:31.951+0000] {processor.py:925} INFO - DAG(s) 'example_setup_teardown' retrieved from /home/airflow/.local/lib/python3.12/site-packages/airflow/example_dags/example_setup_teardown.py
[2024-12-28T17:00:31.971+0000] {logging_mixin.py:190} INFO - [2024-12-28T17:00:31.971+0000] {dag.py:3239} INFO - Sync 1 DAGs
[2024-12-28T17:00:31.983+0000] {logging_mixin.py:190} INFO - [2024-12-28T17:00:31.983+0000] {dag.py:4180} INFO - Setting next_dagrun for example_setup_teardown to None, run_after=None
[2024-12-28T17:00:31.999+0000] {processor.py:208} INFO - Processing /home/airflow/.local/lib/python3.12/site-packages/airflow/example_dags/example_setup_teardown.py took 0.063 seconds
[2024-12-28T17:01:02.451+0000] {processor.py:186} INFO - Started process (PID=1173) to work on /home/airflow/.local/lib/python3.12/site-packages/airflow/example_dags/example_setup_teardown.py
[2024-12-28T17:01:02.452+0000] {processor.py:914} INFO - Processing file /home/airflow/.local/lib/python3.12/site-packages/airflow/example_dags/example_setup_teardown.py for tasks to queue
[2024-12-28T17:01:02.454+0000] {logging_mixin.py:190} INFO - [2024-12-28T17:01:02.454+0000] {dagbag.py:588} INFO - Filling up the DagBag from /home/airflow/.local/lib/python3.12/site-packages/airflow/example_dags/example_setup_teardown.py
[2024-12-28T17:01:02.463+0000] {processor.py:925} INFO - DAG(s) 'example_setup_teardown' retrieved from /home/airflow/.local/lib/python3.12/site-packages/airflow/example_dags/example_setup_teardown.py
[2024-12-28T17:01:02.482+0000] {logging_mixin.py:190} INFO - [2024-12-28T17:01:02.482+0000] {dag.py:3239} INFO - Sync 1 DAGs
[2024-12-28T17:01:02.494+0000] {logging_mixin.py:190} INFO - [2024-12-28T17:01:02.494+0000] {dag.py:4180} INFO - Setting next_dagrun for example_setup_teardown to None, run_after=None
[2024-12-28T17:01:02.509+0000] {processor.py:208} INFO - Processing /home/airflow/.local/lib/python3.12/site-packages/airflow/example_dags/example_setup_teardown.py took 0.064 seconds
[2024-12-28T17:01:33.289+0000] {processor.py:186} INFO - Started process (PID=1237) to work on /home/airflow/.local/lib/python3.12/site-packages/airflow/example_dags/example_setup_teardown.py
[2024-12-28T17:01:33.290+0000] {processor.py:914} INFO - Processing file /home/airflow/.local/lib/python3.12/site-packages/airflow/example_dags/example_setup_teardown.py for tasks to queue
[2024-12-28T17:01:33.293+0000] {logging_mixin.py:190} INFO - [2024-12-28T17:01:33.292+0000] {dagbag.py:588} INFO - Filling up the DagBag from /home/airflow/.local/lib/python3.12/site-packages/airflow/example_dags/example_setup_teardown.py
[2024-12-28T17:01:33.303+0000] {processor.py:925} INFO - DAG(s) 'example_setup_teardown' retrieved from /home/airflow/.local/lib/python3.12/site-packages/airflow/example_dags/example_setup_teardown.py
[2024-12-28T17:01:33.332+0000] {logging_mixin.py:190} INFO - [2024-12-28T17:01:33.331+0000] {dag.py:3239} INFO - Sync 1 DAGs
[2024-12-28T17:01:33.350+0000] {logging_mixin.py:190} INFO - [2024-12-28T17:01:33.349+0000] {dag.py:4180} INFO - Setting next_dagrun for example_setup_teardown to None, run_after=None
[2024-12-28T17:01:33.373+0000] {processor.py:208} INFO - Processing /home/airflow/.local/lib/python3.12/site-packages/airflow/example_dags/example_setup_teardown.py took 0.092 seconds
[2024-12-28T17:02:03.892+0000] {processor.py:186} INFO - Started process (PID=1301) to work on /home/airflow/.local/lib/python3.12/site-packages/airflow/example_dags/example_setup_teardown.py
[2024-12-28T17:02:03.893+0000] {processor.py:914} INFO - Processing file /home/airflow/.local/lib/python3.12/site-packages/airflow/example_dags/example_setup_teardown.py for tasks to queue
[2024-12-28T17:02:03.895+0000] {logging_mixin.py:190} INFO - [2024-12-28T17:02:03.894+0000] {dagbag.py:588} INFO - Filling up the DagBag from /home/airflow/.local/lib/python3.12/site-packages/airflow/example_dags/example_setup_teardown.py
[2024-12-28T17:02:03.902+0000] {processor.py:925} INFO - DAG(s) 'example_setup_teardown' retrieved from /home/airflow/.local/lib/python3.12/site-packages/airflow/example_dags/example_setup_teardown.py
[2024-12-28T17:02:03.922+0000] {logging_mixin.py:190} INFO - [2024-12-28T17:02:03.922+0000] {dag.py:3239} INFO - Sync 1 DAGs
[2024-12-28T17:02:03.934+0000] {logging_mixin.py:190} INFO - [2024-12-28T17:02:03.934+0000] {dag.py:4180} INFO - Setting next_dagrun for example_setup_teardown to None, run_after=None
[2024-12-28T17:02:03.950+0000] {processor.py:208} INFO - Processing /home/airflow/.local/lib/python3.12/site-packages/airflow/example_dags/example_setup_teardown.py took 0.063 seconds
[2024-12-28T17:02:34.671+0000] {processor.py:186} INFO - Started process (PID=1374) to work on /home/airflow/.local/lib/python3.12/site-packages/airflow/example_dags/example_setup_teardown.py
[2024-12-28T17:02:34.671+0000] {processor.py:914} INFO - Processing file /home/airflow/.local/lib/python3.12/site-packages/airflow/example_dags/example_setup_teardown.py for tasks to queue
[2024-12-28T17:02:34.673+0000] {logging_mixin.py:190} INFO - [2024-12-28T17:02:34.673+0000] {dagbag.py:588} INFO - Filling up the DagBag from /home/airflow/.local/lib/python3.12/site-packages/airflow/example_dags/example_setup_teardown.py
[2024-12-28T17:02:34.681+0000] {processor.py:925} INFO - DAG(s) 'example_setup_teardown' retrieved from /home/airflow/.local/lib/python3.12/site-packages/airflow/example_dags/example_setup_teardown.py
[2024-12-28T17:02:34.701+0000] {logging_mixin.py:190} INFO - [2024-12-28T17:02:34.701+0000] {dag.py:3239} INFO - Sync 1 DAGs
[2024-12-28T17:02:34.713+0000] {logging_mixin.py:190} INFO - [2024-12-28T17:02:34.713+0000] {dag.py:4180} INFO - Setting next_dagrun for example_setup_teardown to None, run_after=None
[2024-12-28T17:02:34.731+0000] {processor.py:208} INFO - Processing /home/airflow/.local/lib/python3.12/site-packages/airflow/example_dags/example_setup_teardown.py took 0.066 seconds
[2024-12-28T17:03:05.030+0000] {processor.py:186} INFO - Started process (PID=1447) to work on /home/airflow/.local/lib/python3.12/site-packages/airflow/example_dags/example_setup_teardown.py
[2024-12-28T17:03:05.032+0000] {processor.py:914} INFO - Processing file /home/airflow/.local/lib/python3.12/site-packages/airflow/example_dags/example_setup_teardown.py for tasks to queue
[2024-12-28T17:03:05.034+0000] {logging_mixin.py:190} INFO - [2024-12-28T17:03:05.033+0000] {dagbag.py:588} INFO - Filling up the DagBag from /home/airflow/.local/lib/python3.12/site-packages/airflow/example_dags/example_setup_teardown.py
[2024-12-28T17:03:05.042+0000] {processor.py:925} INFO - DAG(s) 'example_setup_teardown' retrieved from /home/airflow/.local/lib/python3.12/site-packages/airflow/example_dags/example_setup_teardown.py
[2024-12-28T17:03:05.066+0000] {logging_mixin.py:190} INFO - [2024-12-28T17:03:05.066+0000] {dag.py:3239} INFO - Sync 1 DAGs
[2024-12-28T17:03:05.080+0000] {logging_mixin.py:190} INFO - [2024-12-28T17:03:05.080+0000] {dag.py:4180} INFO - Setting next_dagrun for example_setup_teardown to None, run_after=None
[2024-12-28T17:03:05.100+0000] {processor.py:208} INFO - Processing /home/airflow/.local/lib/python3.12/site-packages/airflow/example_dags/example_setup_teardown.py took 0.076 seconds
[2024-12-28T17:03:35.520+0000] {processor.py:186} INFO - Started process (PID=1524) to work on /home/airflow/.local/lib/python3.12/site-packages/airflow/example_dags/example_setup_teardown.py
[2024-12-28T17:03:35.521+0000] {processor.py:914} INFO - Processing file /home/airflow/.local/lib/python3.12/site-packages/airflow/example_dags/example_setup_teardown.py for tasks to queue
[2024-12-28T17:03:35.525+0000] {logging_mixin.py:190} INFO - [2024-12-28T17:03:35.525+0000] {dagbag.py:588} INFO - Filling up the DagBag from /home/airflow/.local/lib/python3.12/site-packages/airflow/example_dags/example_setup_teardown.py
[2024-12-28T17:03:35.540+0000] {processor.py:925} INFO - DAG(s) 'example_setup_teardown' retrieved from /home/airflow/.local/lib/python3.12/site-packages/airflow/example_dags/example_setup_teardown.py
[2024-12-28T17:03:35.580+0000] {logging_mixin.py:190} INFO - [2024-12-28T17:03:35.580+0000] {dag.py:3239} INFO - Sync 1 DAGs
[2024-12-28T17:03:35.616+0000] {logging_mixin.py:190} INFO - [2024-12-28T17:03:35.615+0000] {dag.py:4180} INFO - Setting next_dagrun for example_setup_teardown to None, run_after=None
[2024-12-28T17:03:35.684+0000] {processor.py:208} INFO - Processing /home/airflow/.local/lib/python3.12/site-packages/airflow/example_dags/example_setup_teardown.py took 0.174 seconds
