[2024-12-28T16:38:36.567+0000] {processor.py:186} INFO - Started process (PID=102) to work on /home/airflow/.local/lib/python3.12/site-packages/airflow/example_dags/example_bash_operator.py
[2024-12-28T16:38:36.568+0000] {processor.py:914} INFO - Processing file /home/airflow/.local/lib/python3.12/site-packages/airflow/example_dags/example_bash_operator.py for tasks to queue
[2024-12-28T16:38:36.570+0000] {logging_mixin.py:190} INFO - [2024-12-28T16:38:36.569+0000] {dagbag.py:588} INFO - Filling up the DagBag from /home/airflow/.local/lib/python3.12/site-packages/airflow/example_dags/example_bash_operator.py
[2024-12-28T16:38:36.585+0000] {processor.py:925} INFO - DAG(s) 'example_bash_operator' retrieved from /home/airflow/.local/lib/python3.12/site-packages/airflow/example_dags/example_bash_operator.py
[2024-12-28T16:38:36.690+0000] {logging_mixin.py:190} INFO - [2024-12-28T16:38:36.690+0000] {override.py:1911} INFO - Created Permission View: can delete on DAG:example_bash_operator
[2024-12-28T16:38:36.700+0000] {logging_mixin.py:190} INFO - [2024-12-28T16:38:36.699+0000] {override.py:1911} INFO - Created Permission View: can edit on DAG:example_bash_operator
[2024-12-28T16:38:36.706+0000] {logging_mixin.py:190} INFO - [2024-12-28T16:38:36.706+0000] {override.py:1911} INFO - Created Permission View: can read on DAG:example_bash_operator
[2024-12-28T16:38:36.713+0000] {logging_mixin.py:190} INFO - [2024-12-28T16:38:36.712+0000] {override.py:1911} INFO - Created Permission View: can create on DAG Run:example_bash_operator
[2024-12-28T16:38:36.719+0000] {logging_mixin.py:190} INFO - [2024-12-28T16:38:36.719+0000] {override.py:1911} INFO - Created Permission View: can delete on DAG Run:example_bash_operator
[2024-12-28T16:38:36.727+0000] {logging_mixin.py:190} INFO - [2024-12-28T16:38:36.726+0000] {override.py:1911} INFO - Created Permission View: menu access on DAG Run:example_bash_operator
[2024-12-28T16:38:36.733+0000] {logging_mixin.py:190} INFO - [2024-12-28T16:38:36.733+0000] {override.py:1911} INFO - Created Permission View: can read on DAG Run:example_bash_operator
[2024-12-28T16:38:36.733+0000] {logging_mixin.py:190} INFO - [2024-12-28T16:38:36.733+0000] {dag.py:3239} INFO - Sync 1 DAGs
[2024-12-28T16:38:36.744+0000] {logging_mixin.py:190} INFO - [2024-12-28T16:38:36.744+0000] {dag.py:3262} INFO - Creating ORM DAG for example_bash_operator
[2024-12-28T16:38:36.753+0000] {logging_mixin.py:190} INFO - [2024-12-28T16:38:36.753+0000] {dag.py:4180} INFO - Setting next_dagrun for example_bash_operator to 2024-12-27 00:00:00+00:00, run_after=2024-12-28 00:00:00+00:00
[2024-12-28T16:38:36.770+0000] {processor.py:208} INFO - Processing /home/airflow/.local/lib/python3.12/site-packages/airflow/example_dags/example_bash_operator.py took 0.208 seconds
[2024-12-28T16:39:06.997+0000] {processor.py:186} INFO - Started process (PID=165) to work on /home/airflow/.local/lib/python3.12/site-packages/airflow/example_dags/example_bash_operator.py
[2024-12-28T16:39:06.997+0000] {processor.py:914} INFO - Processing file /home/airflow/.local/lib/python3.12/site-packages/airflow/example_dags/example_bash_operator.py for tasks to queue
[2024-12-28T16:39:06.999+0000] {logging_mixin.py:190} INFO - [2024-12-28T16:39:06.999+0000] {dagbag.py:588} INFO - Filling up the DagBag from /home/airflow/.local/lib/python3.12/site-packages/airflow/example_dags/example_bash_operator.py
[2024-12-28T16:39:07.011+0000] {processor.py:925} INFO - DAG(s) 'example_bash_operator' retrieved from /home/airflow/.local/lib/python3.12/site-packages/airflow/example_dags/example_bash_operator.py
[2024-12-28T16:39:07.037+0000] {logging_mixin.py:190} INFO - [2024-12-28T16:39:07.036+0000] {dag.py:3239} INFO - Sync 1 DAGs
[2024-12-28T16:39:07.061+0000] {logging_mixin.py:190} INFO - [2024-12-28T16:39:07.061+0000] {dag.py:4180} INFO - Setting next_dagrun for example_bash_operator to 2024-12-27 00:00:00+00:00, run_after=2024-12-28 00:00:00+00:00
[2024-12-28T16:39:07.078+0000] {processor.py:208} INFO - Processing /home/airflow/.local/lib/python3.12/site-packages/airflow/example_dags/example_bash_operator.py took 0.087 seconds
[2024-12-28T16:39:38.406+0000] {processor.py:186} INFO - Started process (PID=228) to work on /home/airflow/.local/lib/python3.12/site-packages/airflow/example_dags/example_bash_operator.py
[2024-12-28T16:39:38.407+0000] {processor.py:914} INFO - Processing file /home/airflow/.local/lib/python3.12/site-packages/airflow/example_dags/example_bash_operator.py for tasks to queue
[2024-12-28T16:39:38.409+0000] {logging_mixin.py:190} INFO - [2024-12-28T16:39:38.409+0000] {dagbag.py:588} INFO - Filling up the DagBag from /home/airflow/.local/lib/python3.12/site-packages/airflow/example_dags/example_bash_operator.py
[2024-12-28T16:39:38.421+0000] {processor.py:925} INFO - DAG(s) 'example_bash_operator' retrieved from /home/airflow/.local/lib/python3.12/site-packages/airflow/example_dags/example_bash_operator.py
[2024-12-28T16:39:38.445+0000] {logging_mixin.py:190} INFO - [2024-12-28T16:39:38.444+0000] {dag.py:3239} INFO - Sync 1 DAGs
[2024-12-28T16:39:38.468+0000] {logging_mixin.py:190} INFO - [2024-12-28T16:39:38.468+0000] {dag.py:4180} INFO - Setting next_dagrun for example_bash_operator to 2024-12-27 00:00:00+00:00, run_after=2024-12-28 00:00:00+00:00
[2024-12-28T16:39:38.486+0000] {processor.py:208} INFO - Processing /home/airflow/.local/lib/python3.12/site-packages/airflow/example_dags/example_bash_operator.py took 0.084 seconds
[2024-12-28T16:40:09.423+0000] {processor.py:186} INFO - Started process (PID=291) to work on /home/airflow/.local/lib/python3.12/site-packages/airflow/example_dags/example_bash_operator.py
[2024-12-28T16:40:09.424+0000] {processor.py:914} INFO - Processing file /home/airflow/.local/lib/python3.12/site-packages/airflow/example_dags/example_bash_operator.py for tasks to queue
[2024-12-28T16:40:09.426+0000] {logging_mixin.py:190} INFO - [2024-12-28T16:40:09.426+0000] {dagbag.py:588} INFO - Filling up the DagBag from /home/airflow/.local/lib/python3.12/site-packages/airflow/example_dags/example_bash_operator.py
[2024-12-28T16:40:09.438+0000] {processor.py:925} INFO - DAG(s) 'example_bash_operator' retrieved from /home/airflow/.local/lib/python3.12/site-packages/airflow/example_dags/example_bash_operator.py
[2024-12-28T16:40:09.464+0000] {logging_mixin.py:190} INFO - [2024-12-28T16:40:09.464+0000] {dag.py:3239} INFO - Sync 1 DAGs
[2024-12-28T16:40:09.487+0000] {logging_mixin.py:190} INFO - [2024-12-28T16:40:09.487+0000] {dag.py:4180} INFO - Setting next_dagrun for example_bash_operator to 2024-12-27 00:00:00+00:00, run_after=2024-12-28 00:00:00+00:00
[2024-12-28T16:40:09.504+0000] {processor.py:208} INFO - Processing /home/airflow/.local/lib/python3.12/site-packages/airflow/example_dags/example_bash_operator.py took 0.087 seconds
[2024-12-28T16:42:41.765+0000] {processor.py:186} INFO - Started process (PID=107) to work on /home/airflow/.local/lib/python3.12/site-packages/airflow/example_dags/example_bash_operator.py
[2024-12-28T16:42:41.767+0000] {processor.py:914} INFO - Processing file /home/airflow/.local/lib/python3.12/site-packages/airflow/example_dags/example_bash_operator.py for tasks to queue
[2024-12-28T16:42:41.770+0000] {logging_mixin.py:190} INFO - [2024-12-28T16:42:41.769+0000] {dagbag.py:588} INFO - Filling up the DagBag from /home/airflow/.local/lib/python3.12/site-packages/airflow/example_dags/example_bash_operator.py
[2024-12-28T16:42:41.787+0000] {processor.py:925} INFO - DAG(s) 'example_bash_operator' retrieved from /home/airflow/.local/lib/python3.12/site-packages/airflow/example_dags/example_bash_operator.py
[2024-12-28T16:42:41.817+0000] {logging_mixin.py:190} INFO - [2024-12-28T16:42:41.816+0000] {dag.py:3239} INFO - Sync 1 DAGs
[2024-12-28T16:42:41.847+0000] {logging_mixin.py:190} INFO - [2024-12-28T16:42:41.847+0000] {dag.py:4180} INFO - Setting next_dagrun for example_bash_operator to 2024-12-27 00:00:00+00:00, run_after=2024-12-28 00:00:00+00:00
[2024-12-28T16:42:41.866+0000] {processor.py:208} INFO - Processing /home/airflow/.local/lib/python3.12/site-packages/airflow/example_dags/example_bash_operator.py took 0.109 seconds
[2024-12-28T16:43:13.381+0000] {processor.py:186} INFO - Started process (PID=170) to work on /home/airflow/.local/lib/python3.12/site-packages/airflow/example_dags/example_bash_operator.py
[2024-12-28T16:43:13.382+0000] {processor.py:914} INFO - Processing file /home/airflow/.local/lib/python3.12/site-packages/airflow/example_dags/example_bash_operator.py for tasks to queue
[2024-12-28T16:43:13.384+0000] {logging_mixin.py:190} INFO - [2024-12-28T16:43:13.384+0000] {dagbag.py:588} INFO - Filling up the DagBag from /home/airflow/.local/lib/python3.12/site-packages/airflow/example_dags/example_bash_operator.py
[2024-12-28T16:43:13.397+0000] {processor.py:925} INFO - DAG(s) 'example_bash_operator' retrieved from /home/airflow/.local/lib/python3.12/site-packages/airflow/example_dags/example_bash_operator.py
[2024-12-28T16:43:13.424+0000] {logging_mixin.py:190} INFO - [2024-12-28T16:43:13.424+0000] {dag.py:3239} INFO - Sync 1 DAGs
[2024-12-28T16:43:13.448+0000] {logging_mixin.py:190} INFO - [2024-12-28T16:43:13.447+0000] {dag.py:4180} INFO - Setting next_dagrun for example_bash_operator to 2024-12-27 00:00:00+00:00, run_after=2024-12-28 00:00:00+00:00
[2024-12-28T16:43:13.465+0000] {processor.py:208} INFO - Processing /home/airflow/.local/lib/python3.12/site-packages/airflow/example_dags/example_bash_operator.py took 0.090 seconds
[2024-12-28T16:43:45.039+0000] {processor.py:186} INFO - Started process (PID=233) to work on /home/airflow/.local/lib/python3.12/site-packages/airflow/example_dags/example_bash_operator.py
[2024-12-28T16:43:45.040+0000] {processor.py:914} INFO - Processing file /home/airflow/.local/lib/python3.12/site-packages/airflow/example_dags/example_bash_operator.py for tasks to queue
[2024-12-28T16:43:45.042+0000] {logging_mixin.py:190} INFO - [2024-12-28T16:43:45.042+0000] {dagbag.py:588} INFO - Filling up the DagBag from /home/airflow/.local/lib/python3.12/site-packages/airflow/example_dags/example_bash_operator.py
[2024-12-28T16:43:45.053+0000] {processor.py:925} INFO - DAG(s) 'example_bash_operator' retrieved from /home/airflow/.local/lib/python3.12/site-packages/airflow/example_dags/example_bash_operator.py
[2024-12-28T16:43:45.075+0000] {logging_mixin.py:190} INFO - [2024-12-28T16:43:45.075+0000] {dag.py:3239} INFO - Sync 1 DAGs
[2024-12-28T16:43:45.098+0000] {logging_mixin.py:190} INFO - [2024-12-28T16:43:45.098+0000] {dag.py:4180} INFO - Setting next_dagrun for example_bash_operator to 2024-12-27 00:00:00+00:00, run_after=2024-12-28 00:00:00+00:00
[2024-12-28T16:43:45.113+0000] {processor.py:208} INFO - Processing /home/airflow/.local/lib/python3.12/site-packages/airflow/example_dags/example_bash_operator.py took 0.079 seconds
[2024-12-28T16:44:16.746+0000] {processor.py:186} INFO - Started process (PID=296) to work on /home/airflow/.local/lib/python3.12/site-packages/airflow/example_dags/example_bash_operator.py
[2024-12-28T16:44:16.746+0000] {processor.py:914} INFO - Processing file /home/airflow/.local/lib/python3.12/site-packages/airflow/example_dags/example_bash_operator.py for tasks to queue
[2024-12-28T16:44:16.748+0000] {logging_mixin.py:190} INFO - [2024-12-28T16:44:16.748+0000] {dagbag.py:588} INFO - Filling up the DagBag from /home/airflow/.local/lib/python3.12/site-packages/airflow/example_dags/example_bash_operator.py
[2024-12-28T16:44:16.759+0000] {processor.py:925} INFO - DAG(s) 'example_bash_operator' retrieved from /home/airflow/.local/lib/python3.12/site-packages/airflow/example_dags/example_bash_operator.py
[2024-12-28T16:44:16.785+0000] {logging_mixin.py:190} INFO - [2024-12-28T16:44:16.785+0000] {dag.py:3239} INFO - Sync 1 DAGs
[2024-12-28T16:44:16.808+0000] {logging_mixin.py:190} INFO - [2024-12-28T16:44:16.808+0000] {dag.py:4180} INFO - Setting next_dagrun for example_bash_operator to 2024-12-27 00:00:00+00:00, run_after=2024-12-28 00:00:00+00:00
[2024-12-28T16:44:16.824+0000] {processor.py:208} INFO - Processing /home/airflow/.local/lib/python3.12/site-packages/airflow/example_dags/example_bash_operator.py took 0.084 seconds
[2024-12-28T16:44:47.791+0000] {processor.py:186} INFO - Started process (PID=359) to work on /home/airflow/.local/lib/python3.12/site-packages/airflow/example_dags/example_bash_operator.py
[2024-12-28T16:44:47.792+0000] {processor.py:914} INFO - Processing file /home/airflow/.local/lib/python3.12/site-packages/airflow/example_dags/example_bash_operator.py for tasks to queue
[2024-12-28T16:44:47.794+0000] {logging_mixin.py:190} INFO - [2024-12-28T16:44:47.794+0000] {dagbag.py:588} INFO - Filling up the DagBag from /home/airflow/.local/lib/python3.12/site-packages/airflow/example_dags/example_bash_operator.py
[2024-12-28T16:44:47.805+0000] {processor.py:925} INFO - DAG(s) 'example_bash_operator' retrieved from /home/airflow/.local/lib/python3.12/site-packages/airflow/example_dags/example_bash_operator.py
[2024-12-28T16:44:47.832+0000] {logging_mixin.py:190} INFO - [2024-12-28T16:44:47.832+0000] {dag.py:3239} INFO - Sync 1 DAGs
[2024-12-28T16:44:47.855+0000] {logging_mixin.py:190} INFO - [2024-12-28T16:44:47.855+0000] {dag.py:4180} INFO - Setting next_dagrun for example_bash_operator to 2024-12-27 00:00:00+00:00, run_after=2024-12-28 00:00:00+00:00
[2024-12-28T16:44:47.873+0000] {processor.py:208} INFO - Processing /home/airflow/.local/lib/python3.12/site-packages/airflow/example_dags/example_bash_operator.py took 0.088 seconds
[2024-12-28T16:45:19.503+0000] {processor.py:186} INFO - Started process (PID=422) to work on /home/airflow/.local/lib/python3.12/site-packages/airflow/example_dags/example_bash_operator.py
[2024-12-28T16:45:19.504+0000] {processor.py:914} INFO - Processing file /home/airflow/.local/lib/python3.12/site-packages/airflow/example_dags/example_bash_operator.py for tasks to queue
[2024-12-28T16:45:19.506+0000] {logging_mixin.py:190} INFO - [2024-12-28T16:45:19.506+0000] {dagbag.py:588} INFO - Filling up the DagBag from /home/airflow/.local/lib/python3.12/site-packages/airflow/example_dags/example_bash_operator.py
[2024-12-28T16:45:19.518+0000] {processor.py:925} INFO - DAG(s) 'example_bash_operator' retrieved from /home/airflow/.local/lib/python3.12/site-packages/airflow/example_dags/example_bash_operator.py
[2024-12-28T16:45:19.542+0000] {logging_mixin.py:190} INFO - [2024-12-28T16:45:19.542+0000] {dag.py:3239} INFO - Sync 1 DAGs
[2024-12-28T16:45:19.562+0000] {logging_mixin.py:190} INFO - [2024-12-28T16:45:19.562+0000] {dag.py:4180} INFO - Setting next_dagrun for example_bash_operator to 2024-12-27 00:00:00+00:00, run_after=2024-12-28 00:00:00+00:00
[2024-12-28T16:45:19.581+0000] {processor.py:208} INFO - Processing /home/airflow/.local/lib/python3.12/site-packages/airflow/example_dags/example_bash_operator.py took 0.083 seconds
[2024-12-28T16:45:51.246+0000] {processor.py:186} INFO - Started process (PID=485) to work on /home/airflow/.local/lib/python3.12/site-packages/airflow/example_dags/example_bash_operator.py
[2024-12-28T16:45:51.246+0000] {processor.py:914} INFO - Processing file /home/airflow/.local/lib/python3.12/site-packages/airflow/example_dags/example_bash_operator.py for tasks to queue
[2024-12-28T16:45:51.248+0000] {logging_mixin.py:190} INFO - [2024-12-28T16:45:51.248+0000] {dagbag.py:588} INFO - Filling up the DagBag from /home/airflow/.local/lib/python3.12/site-packages/airflow/example_dags/example_bash_operator.py
[2024-12-28T16:45:51.259+0000] {processor.py:925} INFO - DAG(s) 'example_bash_operator' retrieved from /home/airflow/.local/lib/python3.12/site-packages/airflow/example_dags/example_bash_operator.py
[2024-12-28T16:45:51.283+0000] {logging_mixin.py:190} INFO - [2024-12-28T16:45:51.283+0000] {dag.py:3239} INFO - Sync 1 DAGs
[2024-12-28T16:45:51.304+0000] {logging_mixin.py:190} INFO - [2024-12-28T16:45:51.304+0000] {dag.py:4180} INFO - Setting next_dagrun for example_bash_operator to 2024-12-27 00:00:00+00:00, run_after=2024-12-28 00:00:00+00:00
[2024-12-28T16:45:51.321+0000] {processor.py:208} INFO - Processing /home/airflow/.local/lib/python3.12/site-packages/airflow/example_dags/example_bash_operator.py took 0.081 seconds
[2024-12-28T16:46:22.689+0000] {processor.py:186} INFO - Started process (PID=548) to work on /home/airflow/.local/lib/python3.12/site-packages/airflow/example_dags/example_bash_operator.py
[2024-12-28T16:46:22.690+0000] {processor.py:914} INFO - Processing file /home/airflow/.local/lib/python3.12/site-packages/airflow/example_dags/example_bash_operator.py for tasks to queue
[2024-12-28T16:46:22.692+0000] {logging_mixin.py:190} INFO - [2024-12-28T16:46:22.692+0000] {dagbag.py:588} INFO - Filling up the DagBag from /home/airflow/.local/lib/python3.12/site-packages/airflow/example_dags/example_bash_operator.py
[2024-12-28T16:46:22.705+0000] {processor.py:925} INFO - DAG(s) 'example_bash_operator' retrieved from /home/airflow/.local/lib/python3.12/site-packages/airflow/example_dags/example_bash_operator.py
[2024-12-28T16:46:22.733+0000] {logging_mixin.py:190} INFO - [2024-12-28T16:46:22.732+0000] {dag.py:3239} INFO - Sync 1 DAGs
[2024-12-28T16:46:22.756+0000] {logging_mixin.py:190} INFO - [2024-12-28T16:46:22.756+0000] {dag.py:4180} INFO - Setting next_dagrun for example_bash_operator to 2024-12-27 00:00:00+00:00, run_after=2024-12-28 00:00:00+00:00
[2024-12-28T16:46:22.775+0000] {processor.py:208} INFO - Processing /home/airflow/.local/lib/python3.12/site-packages/airflow/example_dags/example_bash_operator.py took 0.093 seconds
[2024-12-28T16:46:53.805+0000] {processor.py:186} INFO - Started process (PID=611) to work on /home/airflow/.local/lib/python3.12/site-packages/airflow/example_dags/example_bash_operator.py
[2024-12-28T16:46:53.806+0000] {processor.py:914} INFO - Processing file /home/airflow/.local/lib/python3.12/site-packages/airflow/example_dags/example_bash_operator.py for tasks to queue
[2024-12-28T16:46:53.808+0000] {logging_mixin.py:190} INFO - [2024-12-28T16:46:53.808+0000] {dagbag.py:588} INFO - Filling up the DagBag from /home/airflow/.local/lib/python3.12/site-packages/airflow/example_dags/example_bash_operator.py
[2024-12-28T16:46:53.819+0000] {processor.py:925} INFO - DAG(s) 'example_bash_operator' retrieved from /home/airflow/.local/lib/python3.12/site-packages/airflow/example_dags/example_bash_operator.py
[2024-12-28T16:46:53.852+0000] {logging_mixin.py:190} INFO - [2024-12-28T16:46:53.852+0000] {dag.py:3239} INFO - Sync 1 DAGs
[2024-12-28T16:46:53.880+0000] {logging_mixin.py:190} INFO - [2024-12-28T16:46:53.880+0000] {dag.py:4180} INFO - Setting next_dagrun for example_bash_operator to 2024-12-27 00:00:00+00:00, run_after=2024-12-28 00:00:00+00:00
[2024-12-28T16:46:53.900+0000] {processor.py:208} INFO - Processing /home/airflow/.local/lib/python3.12/site-packages/airflow/example_dags/example_bash_operator.py took 0.101 seconds
[2024-12-28T16:47:25.332+0000] {processor.py:186} INFO - Started process (PID=674) to work on /home/airflow/.local/lib/python3.12/site-packages/airflow/example_dags/example_bash_operator.py
[2024-12-28T16:47:25.333+0000] {processor.py:914} INFO - Processing file /home/airflow/.local/lib/python3.12/site-packages/airflow/example_dags/example_bash_operator.py for tasks to queue
[2024-12-28T16:47:25.335+0000] {logging_mixin.py:190} INFO - [2024-12-28T16:47:25.335+0000] {dagbag.py:588} INFO - Filling up the DagBag from /home/airflow/.local/lib/python3.12/site-packages/airflow/example_dags/example_bash_operator.py
[2024-12-28T16:47:25.348+0000] {processor.py:925} INFO - DAG(s) 'example_bash_operator' retrieved from /home/airflow/.local/lib/python3.12/site-packages/airflow/example_dags/example_bash_operator.py
[2024-12-28T16:47:25.375+0000] {logging_mixin.py:190} INFO - [2024-12-28T16:47:25.375+0000] {dag.py:3239} INFO - Sync 1 DAGs
[2024-12-28T16:47:25.397+0000] {logging_mixin.py:190} INFO - [2024-12-28T16:47:25.397+0000] {dag.py:4180} INFO - Setting next_dagrun for example_bash_operator to 2024-12-27 00:00:00+00:00, run_after=2024-12-28 00:00:00+00:00
[2024-12-28T16:47:25.415+0000] {processor.py:208} INFO - Processing /home/airflow/.local/lib/python3.12/site-packages/airflow/example_dags/example_bash_operator.py took 0.088 seconds
[2024-12-28T16:52:24.021+0000] {processor.py:186} INFO - Started process (PID=103) to work on /home/airflow/.local/lib/python3.12/site-packages/airflow/example_dags/example_bash_operator.py
[2024-12-28T16:52:24.022+0000] {processor.py:914} INFO - Processing file /home/airflow/.local/lib/python3.12/site-packages/airflow/example_dags/example_bash_operator.py for tasks to queue
[2024-12-28T16:52:24.024+0000] {logging_mixin.py:190} INFO - [2024-12-28T16:52:24.024+0000] {dagbag.py:588} INFO - Filling up the DagBag from /home/airflow/.local/lib/python3.12/site-packages/airflow/example_dags/example_bash_operator.py
[2024-12-28T16:52:24.037+0000] {processor.py:925} INFO - DAG(s) 'example_bash_operator' retrieved from /home/airflow/.local/lib/python3.12/site-packages/airflow/example_dags/example_bash_operator.py
[2024-12-28T16:52:24.064+0000] {logging_mixin.py:190} INFO - [2024-12-28T16:52:24.064+0000] {dag.py:3239} INFO - Sync 1 DAGs
[2024-12-28T16:52:24.088+0000] {logging_mixin.py:190} INFO - [2024-12-28T16:52:24.087+0000] {dag.py:4180} INFO - Setting next_dagrun for example_bash_operator to 2024-12-27 00:00:00+00:00, run_after=2024-12-28 00:00:00+00:00
[2024-12-28T16:52:24.106+0000] {processor.py:208} INFO - Processing /home/airflow/.local/lib/python3.12/site-packages/airflow/example_dags/example_bash_operator.py took 0.090 seconds
[2024-12-28T16:52:55.127+0000] {processor.py:186} INFO - Started process (PID=167) to work on /home/airflow/.local/lib/python3.12/site-packages/airflow/example_dags/example_bash_operator.py
[2024-12-28T16:52:55.128+0000] {processor.py:914} INFO - Processing file /home/airflow/.local/lib/python3.12/site-packages/airflow/example_dags/example_bash_operator.py for tasks to queue
[2024-12-28T16:52:55.130+0000] {logging_mixin.py:190} INFO - [2024-12-28T16:52:55.130+0000] {dagbag.py:588} INFO - Filling up the DagBag from /home/airflow/.local/lib/python3.12/site-packages/airflow/example_dags/example_bash_operator.py
[2024-12-28T16:52:55.141+0000] {processor.py:925} INFO - DAG(s) 'example_bash_operator' retrieved from /home/airflow/.local/lib/python3.12/site-packages/airflow/example_dags/example_bash_operator.py
[2024-12-28T16:52:55.163+0000] {logging_mixin.py:190} INFO - [2024-12-28T16:52:55.163+0000] {dag.py:3239} INFO - Sync 1 DAGs
[2024-12-28T16:52:55.183+0000] {logging_mixin.py:190} INFO - [2024-12-28T16:52:55.183+0000] {dag.py:4180} INFO - Setting next_dagrun for example_bash_operator to 2024-12-27 00:00:00+00:00, run_after=2024-12-28 00:00:00+00:00
[2024-12-28T16:52:55.199+0000] {processor.py:208} INFO - Processing /home/airflow/.local/lib/python3.12/site-packages/airflow/example_dags/example_bash_operator.py took 0.077 seconds
[2024-12-28T16:53:26.437+0000] {processor.py:186} INFO - Started process (PID=231) to work on /home/airflow/.local/lib/python3.12/site-packages/airflow/example_dags/example_bash_operator.py
[2024-12-28T16:53:26.438+0000] {processor.py:914} INFO - Processing file /home/airflow/.local/lib/python3.12/site-packages/airflow/example_dags/example_bash_operator.py for tasks to queue
[2024-12-28T16:53:26.441+0000] {logging_mixin.py:190} INFO - [2024-12-28T16:53:26.440+0000] {dagbag.py:588} INFO - Filling up the DagBag from /home/airflow/.local/lib/python3.12/site-packages/airflow/example_dags/example_bash_operator.py
[2024-12-28T16:53:26.454+0000] {processor.py:925} INFO - DAG(s) 'example_bash_operator' retrieved from /home/airflow/.local/lib/python3.12/site-packages/airflow/example_dags/example_bash_operator.py
[2024-12-28T16:53:26.479+0000] {logging_mixin.py:190} INFO - [2024-12-28T16:53:26.479+0000] {dag.py:3239} INFO - Sync 1 DAGs
[2024-12-28T16:53:26.500+0000] {logging_mixin.py:190} INFO - [2024-12-28T16:53:26.500+0000] {dag.py:4180} INFO - Setting next_dagrun for example_bash_operator to 2024-12-27 00:00:00+00:00, run_after=2024-12-28 00:00:00+00:00
[2024-12-28T16:53:26.517+0000] {processor.py:208} INFO - Processing /home/airflow/.local/lib/python3.12/site-packages/airflow/example_dags/example_bash_operator.py took 0.086 seconds
[2024-12-28T16:53:59.024+0000] {processor.py:186} INFO - Started process (PID=299) to work on /home/airflow/.local/lib/python3.12/site-packages/airflow/example_dags/example_bash_operator.py
[2024-12-28T16:53:59.025+0000] {processor.py:914} INFO - Processing file /home/airflow/.local/lib/python3.12/site-packages/airflow/example_dags/example_bash_operator.py for tasks to queue
[2024-12-28T16:53:59.028+0000] {logging_mixin.py:190} INFO - [2024-12-28T16:53:59.027+0000] {dagbag.py:588} INFO - Filling up the DagBag from /home/airflow/.local/lib/python3.12/site-packages/airflow/example_dags/example_bash_operator.py
[2024-12-28T16:53:59.042+0000] {processor.py:925} INFO - DAG(s) 'example_bash_operator' retrieved from /home/airflow/.local/lib/python3.12/site-packages/airflow/example_dags/example_bash_operator.py
[2024-12-28T16:53:59.068+0000] {logging_mixin.py:190} INFO - [2024-12-28T16:53:59.068+0000] {dag.py:3239} INFO - Sync 1 DAGs
[2024-12-28T16:53:59.096+0000] {logging_mixin.py:190} INFO - [2024-12-28T16:53:59.096+0000] {dag.py:4180} INFO - Setting next_dagrun for example_bash_operator to 2024-12-27 00:00:00+00:00, run_after=2024-12-28 00:00:00+00:00
[2024-12-28T16:53:59.115+0000] {processor.py:208} INFO - Processing /home/airflow/.local/lib/python3.12/site-packages/airflow/example_dags/example_bash_operator.py took 0.097 seconds
[2024-12-28T16:54:30.614+0000] {processor.py:186} INFO - Started process (PID=363) to work on /home/airflow/.local/lib/python3.12/site-packages/airflow/example_dags/example_bash_operator.py
[2024-12-28T16:54:30.615+0000] {processor.py:914} INFO - Processing file /home/airflow/.local/lib/python3.12/site-packages/airflow/example_dags/example_bash_operator.py for tasks to queue
[2024-12-28T16:54:30.619+0000] {logging_mixin.py:190} INFO - [2024-12-28T16:54:30.618+0000] {dagbag.py:588} INFO - Filling up the DagBag from /home/airflow/.local/lib/python3.12/site-packages/airflow/example_dags/example_bash_operator.py
[2024-12-28T16:54:30.637+0000] {processor.py:925} INFO - DAG(s) 'example_bash_operator' retrieved from /home/airflow/.local/lib/python3.12/site-packages/airflow/example_dags/example_bash_operator.py
[2024-12-28T16:54:30.670+0000] {logging_mixin.py:190} INFO - [2024-12-28T16:54:30.670+0000] {dag.py:3239} INFO - Sync 1 DAGs
[2024-12-28T16:54:30.700+0000] {logging_mixin.py:190} INFO - [2024-12-28T16:54:30.699+0000] {dag.py:4180} INFO - Setting next_dagrun for example_bash_operator to 2024-12-27 00:00:00+00:00, run_after=2024-12-28 00:00:00+00:00
[2024-12-28T16:54:30.734+0000] {processor.py:208} INFO - Processing /home/airflow/.local/lib/python3.12/site-packages/airflow/example_dags/example_bash_operator.py took 0.129 seconds
[2024-12-28T16:55:03.444+0000] {processor.py:186} INFO - Started process (PID=427) to work on /home/airflow/.local/lib/python3.12/site-packages/airflow/example_dags/example_bash_operator.py
[2024-12-28T16:55:03.446+0000] {processor.py:914} INFO - Processing file /home/airflow/.local/lib/python3.12/site-packages/airflow/example_dags/example_bash_operator.py for tasks to queue
[2024-12-28T16:55:03.449+0000] {logging_mixin.py:190} INFO - [2024-12-28T16:55:03.449+0000] {dagbag.py:588} INFO - Filling up the DagBag from /home/airflow/.local/lib/python3.12/site-packages/airflow/example_dags/example_bash_operator.py
[2024-12-28T16:55:03.470+0000] {processor.py:925} INFO - DAG(s) 'example_bash_operator' retrieved from /home/airflow/.local/lib/python3.12/site-packages/airflow/example_dags/example_bash_operator.py
[2024-12-28T16:55:03.511+0000] {logging_mixin.py:190} INFO - [2024-12-28T16:55:03.510+0000] {dag.py:3239} INFO - Sync 1 DAGs
[2024-12-28T16:55:03.548+0000] {logging_mixin.py:190} INFO - [2024-12-28T16:55:03.548+0000] {dag.py:4180} INFO - Setting next_dagrun for example_bash_operator to 2024-12-27 00:00:00+00:00, run_after=2024-12-28 00:00:00+00:00
[2024-12-28T16:55:03.577+0000] {processor.py:208} INFO - Processing /home/airflow/.local/lib/python3.12/site-packages/airflow/example_dags/example_bash_operator.py took 0.145 seconds
[2024-12-28T16:55:35.668+0000] {processor.py:186} INFO - Started process (PID=491) to work on /home/airflow/.local/lib/python3.12/site-packages/airflow/example_dags/example_bash_operator.py
[2024-12-28T16:55:35.670+0000] {processor.py:914} INFO - Processing file /home/airflow/.local/lib/python3.12/site-packages/airflow/example_dags/example_bash_operator.py for tasks to queue
[2024-12-28T16:55:35.677+0000] {logging_mixin.py:190} INFO - [2024-12-28T16:55:35.677+0000] {dagbag.py:588} INFO - Filling up the DagBag from /home/airflow/.local/lib/python3.12/site-packages/airflow/example_dags/example_bash_operator.py
[2024-12-28T16:55:35.704+0000] {processor.py:925} INFO - DAG(s) 'example_bash_operator' retrieved from /home/airflow/.local/lib/python3.12/site-packages/airflow/example_dags/example_bash_operator.py
[2024-12-28T16:55:35.759+0000] {logging_mixin.py:190} INFO - [2024-12-28T16:55:35.758+0000] {dag.py:3239} INFO - Sync 1 DAGs
[2024-12-28T16:55:35.805+0000] {logging_mixin.py:190} INFO - [2024-12-28T16:55:35.805+0000] {dag.py:4180} INFO - Setting next_dagrun for example_bash_operator to 2024-12-27 00:00:00+00:00, run_after=2024-12-28 00:00:00+00:00
[2024-12-28T16:55:35.842+0000] {processor.py:208} INFO - Processing /home/airflow/.local/lib/python3.12/site-packages/airflow/example_dags/example_bash_operator.py took 0.186 seconds
[2024-12-28T16:56:06.604+0000] {processor.py:186} INFO - Started process (PID=555) to work on /home/airflow/.local/lib/python3.12/site-packages/airflow/example_dags/example_bash_operator.py
[2024-12-28T16:56:06.605+0000] {processor.py:914} INFO - Processing file /home/airflow/.local/lib/python3.12/site-packages/airflow/example_dags/example_bash_operator.py for tasks to queue
[2024-12-28T16:56:06.607+0000] {logging_mixin.py:190} INFO - [2024-12-28T16:56:06.607+0000] {dagbag.py:588} INFO - Filling up the DagBag from /home/airflow/.local/lib/python3.12/site-packages/airflow/example_dags/example_bash_operator.py
[2024-12-28T16:56:06.620+0000] {processor.py:925} INFO - DAG(s) 'example_bash_operator' retrieved from /home/airflow/.local/lib/python3.12/site-packages/airflow/example_dags/example_bash_operator.py
[2024-12-28T16:56:06.649+0000] {logging_mixin.py:190} INFO - [2024-12-28T16:56:06.649+0000] {dag.py:3239} INFO - Sync 1 DAGs
[2024-12-28T16:56:06.674+0000] {logging_mixin.py:190} INFO - [2024-12-28T16:56:06.673+0000] {dag.py:4180} INFO - Setting next_dagrun for example_bash_operator to 2024-12-27 00:00:00+00:00, run_after=2024-12-28 00:00:00+00:00
[2024-12-28T16:56:06.695+0000] {processor.py:208} INFO - Processing /home/airflow/.local/lib/python3.12/site-packages/airflow/example_dags/example_bash_operator.py took 0.097 seconds
[2024-12-28T16:56:36.760+0000] {processor.py:186} INFO - Started process (PID=618) to work on /home/airflow/.local/lib/python3.12/site-packages/airflow/example_dags/example_bash_operator.py
[2024-12-28T16:56:36.761+0000] {processor.py:914} INFO - Processing file /home/airflow/.local/lib/python3.12/site-packages/airflow/example_dags/example_bash_operator.py for tasks to queue
[2024-12-28T16:56:36.763+0000] {logging_mixin.py:190} INFO - [2024-12-28T16:56:36.762+0000] {dagbag.py:588} INFO - Filling up the DagBag from /home/airflow/.local/lib/python3.12/site-packages/airflow/example_dags/example_bash_operator.py
[2024-12-28T16:56:36.775+0000] {processor.py:925} INFO - DAG(s) 'example_bash_operator' retrieved from /home/airflow/.local/lib/python3.12/site-packages/airflow/example_dags/example_bash_operator.py
[2024-12-28T16:56:36.800+0000] {logging_mixin.py:190} INFO - [2024-12-28T16:56:36.800+0000] {dag.py:3239} INFO - Sync 1 DAGs
[2024-12-28T16:56:36.822+0000] {logging_mixin.py:190} INFO - [2024-12-28T16:56:36.822+0000] {dag.py:4180} INFO - Setting next_dagrun for example_bash_operator to 2024-12-27 00:00:00+00:00, run_after=2024-12-28 00:00:00+00:00
[2024-12-28T16:56:36.840+0000] {processor.py:208} INFO - Processing /home/airflow/.local/lib/python3.12/site-packages/airflow/example_dags/example_bash_operator.py took 0.086 seconds
[2024-12-28T16:57:07.458+0000] {processor.py:186} INFO - Started process (PID=682) to work on /home/airflow/.local/lib/python3.12/site-packages/airflow/example_dags/example_bash_operator.py
[2024-12-28T16:57:07.459+0000] {processor.py:914} INFO - Processing file /home/airflow/.local/lib/python3.12/site-packages/airflow/example_dags/example_bash_operator.py for tasks to queue
[2024-12-28T16:57:07.461+0000] {logging_mixin.py:190} INFO - [2024-12-28T16:57:07.461+0000] {dagbag.py:588} INFO - Filling up the DagBag from /home/airflow/.local/lib/python3.12/site-packages/airflow/example_dags/example_bash_operator.py
[2024-12-28T16:57:07.473+0000] {processor.py:925} INFO - DAG(s) 'example_bash_operator' retrieved from /home/airflow/.local/lib/python3.12/site-packages/airflow/example_dags/example_bash_operator.py
[2024-12-28T16:57:07.497+0000] {logging_mixin.py:190} INFO - [2024-12-28T16:57:07.496+0000] {dag.py:3239} INFO - Sync 1 DAGs
[2024-12-28T16:57:07.520+0000] {logging_mixin.py:190} INFO - [2024-12-28T16:57:07.520+0000] {dag.py:4180} INFO - Setting next_dagrun for example_bash_operator to 2024-12-27 00:00:00+00:00, run_after=2024-12-28 00:00:00+00:00
[2024-12-28T16:57:07.537+0000] {processor.py:208} INFO - Processing /home/airflow/.local/lib/python3.12/site-packages/airflow/example_dags/example_bash_operator.py took 0.085 seconds
[2024-12-28T16:57:39.054+0000] {processor.py:186} INFO - Started process (PID=746) to work on /home/airflow/.local/lib/python3.12/site-packages/airflow/example_dags/example_bash_operator.py
[2024-12-28T16:57:39.055+0000] {processor.py:914} INFO - Processing file /home/airflow/.local/lib/python3.12/site-packages/airflow/example_dags/example_bash_operator.py for tasks to queue
[2024-12-28T16:57:39.057+0000] {logging_mixin.py:190} INFO - [2024-12-28T16:57:39.057+0000] {dagbag.py:588} INFO - Filling up the DagBag from /home/airflow/.local/lib/python3.12/site-packages/airflow/example_dags/example_bash_operator.py
[2024-12-28T16:57:39.071+0000] {processor.py:925} INFO - DAG(s) 'example_bash_operator' retrieved from /home/airflow/.local/lib/python3.12/site-packages/airflow/example_dags/example_bash_operator.py
[2024-12-28T16:57:39.097+0000] {logging_mixin.py:190} INFO - [2024-12-28T16:57:39.096+0000] {dag.py:3239} INFO - Sync 1 DAGs
[2024-12-28T16:57:39.119+0000] {logging_mixin.py:190} INFO - [2024-12-28T16:57:39.119+0000] {dag.py:4180} INFO - Setting next_dagrun for example_bash_operator to 2024-12-27 00:00:00+00:00, run_after=2024-12-28 00:00:00+00:00
[2024-12-28T16:57:39.136+0000] {processor.py:208} INFO - Processing /home/airflow/.local/lib/python3.12/site-packages/airflow/example_dags/example_bash_operator.py took 0.088 seconds
[2024-12-28T16:58:09.786+0000] {processor.py:186} INFO - Started process (PID=810) to work on /home/airflow/.local/lib/python3.12/site-packages/airflow/example_dags/example_bash_operator.py
[2024-12-28T16:58:09.788+0000] {processor.py:914} INFO - Processing file /home/airflow/.local/lib/python3.12/site-packages/airflow/example_dags/example_bash_operator.py for tasks to queue
[2024-12-28T16:58:09.790+0000] {logging_mixin.py:190} INFO - [2024-12-28T16:58:09.790+0000] {dagbag.py:588} INFO - Filling up the DagBag from /home/airflow/.local/lib/python3.12/site-packages/airflow/example_dags/example_bash_operator.py
[2024-12-28T16:58:09.802+0000] {processor.py:925} INFO - DAG(s) 'example_bash_operator' retrieved from /home/airflow/.local/lib/python3.12/site-packages/airflow/example_dags/example_bash_operator.py
[2024-12-28T16:58:09.828+0000] {logging_mixin.py:190} INFO - [2024-12-28T16:58:09.828+0000] {dag.py:3239} INFO - Sync 1 DAGs
[2024-12-28T16:58:09.850+0000] {logging_mixin.py:190} INFO - [2024-12-28T16:58:09.849+0000] {dag.py:4180} INFO - Setting next_dagrun for example_bash_operator to 2024-12-27 00:00:00+00:00, run_after=2024-12-28 00:00:00+00:00
[2024-12-28T16:58:09.867+0000] {processor.py:208} INFO - Processing /home/airflow/.local/lib/python3.12/site-packages/airflow/example_dags/example_bash_operator.py took 0.086 seconds
[2024-12-28T16:58:40.989+0000] {processor.py:186} INFO - Started process (PID=874) to work on /home/airflow/.local/lib/python3.12/site-packages/airflow/example_dags/example_bash_operator.py
[2024-12-28T16:58:40.990+0000] {processor.py:914} INFO - Processing file /home/airflow/.local/lib/python3.12/site-packages/airflow/example_dags/example_bash_operator.py for tasks to queue
[2024-12-28T16:58:40.992+0000] {logging_mixin.py:190} INFO - [2024-12-28T16:58:40.991+0000] {dagbag.py:588} INFO - Filling up the DagBag from /home/airflow/.local/lib/python3.12/site-packages/airflow/example_dags/example_bash_operator.py
[2024-12-28T16:58:41.004+0000] {processor.py:925} INFO - DAG(s) 'example_bash_operator' retrieved from /home/airflow/.local/lib/python3.12/site-packages/airflow/example_dags/example_bash_operator.py
[2024-12-28T16:58:41.036+0000] {logging_mixin.py:190} INFO - [2024-12-28T16:58:41.036+0000] {dag.py:3239} INFO - Sync 1 DAGs
[2024-12-28T16:58:41.059+0000] {logging_mixin.py:190} INFO - [2024-12-28T16:58:41.059+0000] {dag.py:4180} INFO - Setting next_dagrun for example_bash_operator to 2024-12-27 00:00:00+00:00, run_after=2024-12-28 00:00:00+00:00
[2024-12-28T16:58:41.075+0000] {processor.py:208} INFO - Processing /home/airflow/.local/lib/python3.12/site-packages/airflow/example_dags/example_bash_operator.py took 0.091 seconds
[2024-12-28T16:59:12.157+0000] {processor.py:186} INFO - Started process (PID=938) to work on /home/airflow/.local/lib/python3.12/site-packages/airflow/example_dags/example_bash_operator.py
[2024-12-28T16:59:12.158+0000] {processor.py:914} INFO - Processing file /home/airflow/.local/lib/python3.12/site-packages/airflow/example_dags/example_bash_operator.py for tasks to queue
[2024-12-28T16:59:12.159+0000] {logging_mixin.py:190} INFO - [2024-12-28T16:59:12.159+0000] {dagbag.py:588} INFO - Filling up the DagBag from /home/airflow/.local/lib/python3.12/site-packages/airflow/example_dags/example_bash_operator.py
[2024-12-28T16:59:12.171+0000] {processor.py:925} INFO - DAG(s) 'example_bash_operator' retrieved from /home/airflow/.local/lib/python3.12/site-packages/airflow/example_dags/example_bash_operator.py
[2024-12-28T16:59:12.194+0000] {logging_mixin.py:190} INFO - [2024-12-28T16:59:12.193+0000] {dag.py:3239} INFO - Sync 1 DAGs
[2024-12-28T16:59:12.214+0000] {logging_mixin.py:190} INFO - [2024-12-28T16:59:12.214+0000] {dag.py:4180} INFO - Setting next_dagrun for example_bash_operator to 2024-12-27 00:00:00+00:00, run_after=2024-12-28 00:00:00+00:00
[2024-12-28T16:59:12.230+0000] {processor.py:208} INFO - Processing /home/airflow/.local/lib/python3.12/site-packages/airflow/example_dags/example_bash_operator.py took 0.079 seconds
[2024-12-28T16:59:43.446+0000] {processor.py:186} INFO - Started process (PID=1003) to work on /home/airflow/.local/lib/python3.12/site-packages/airflow/example_dags/example_bash_operator.py
[2024-12-28T16:59:43.447+0000] {processor.py:914} INFO - Processing file /home/airflow/.local/lib/python3.12/site-packages/airflow/example_dags/example_bash_operator.py for tasks to queue
[2024-12-28T16:59:43.450+0000] {logging_mixin.py:190} INFO - [2024-12-28T16:59:43.449+0000] {dagbag.py:588} INFO - Filling up the DagBag from /home/airflow/.local/lib/python3.12/site-packages/airflow/example_dags/example_bash_operator.py
[2024-12-28T16:59:43.467+0000] {processor.py:925} INFO - DAG(s) 'example_bash_operator' retrieved from /home/airflow/.local/lib/python3.12/site-packages/airflow/example_dags/example_bash_operator.py
[2024-12-28T16:59:43.506+0000] {logging_mixin.py:190} INFO - [2024-12-28T16:59:43.506+0000] {dag.py:3239} INFO - Sync 1 DAGs
[2024-12-28T16:59:43.534+0000] {logging_mixin.py:190} INFO - [2024-12-28T16:59:43.534+0000] {dag.py:4180} INFO - Setting next_dagrun for example_bash_operator to 2024-12-27 00:00:00+00:00, run_after=2024-12-28 00:00:00+00:00
[2024-12-28T16:59:43.553+0000] {processor.py:208} INFO - Processing /home/airflow/.local/lib/python3.12/site-packages/airflow/example_dags/example_bash_operator.py took 0.115 seconds
[2024-12-28T17:00:14.299+0000] {processor.py:186} INFO - Started process (PID=1066) to work on /home/airflow/.local/lib/python3.12/site-packages/airflow/example_dags/example_bash_operator.py
[2024-12-28T17:00:14.299+0000] {processor.py:914} INFO - Processing file /home/airflow/.local/lib/python3.12/site-packages/airflow/example_dags/example_bash_operator.py for tasks to queue
[2024-12-28T17:00:14.301+0000] {logging_mixin.py:190} INFO - [2024-12-28T17:00:14.301+0000] {dagbag.py:588} INFO - Filling up the DagBag from /home/airflow/.local/lib/python3.12/site-packages/airflow/example_dags/example_bash_operator.py
[2024-12-28T17:00:14.312+0000] {processor.py:925} INFO - DAG(s) 'example_bash_operator' retrieved from /home/airflow/.local/lib/python3.12/site-packages/airflow/example_dags/example_bash_operator.py
[2024-12-28T17:00:14.335+0000] {logging_mixin.py:190} INFO - [2024-12-28T17:00:14.334+0000] {dag.py:3239} INFO - Sync 1 DAGs
[2024-12-28T17:00:14.354+0000] {logging_mixin.py:190} INFO - [2024-12-28T17:00:14.354+0000] {dag.py:4180} INFO - Setting next_dagrun for example_bash_operator to 2024-12-27 00:00:00+00:00, run_after=2024-12-28 00:00:00+00:00
[2024-12-28T17:00:14.370+0000] {processor.py:208} INFO - Processing /home/airflow/.local/lib/python3.12/site-packages/airflow/example_dags/example_bash_operator.py took 0.076 seconds
[2024-12-28T17:00:45.742+0000] {processor.py:186} INFO - Started process (PID=1130) to work on /home/airflow/.local/lib/python3.12/site-packages/airflow/example_dags/example_bash_operator.py
[2024-12-28T17:00:45.743+0000] {processor.py:914} INFO - Processing file /home/airflow/.local/lib/python3.12/site-packages/airflow/example_dags/example_bash_operator.py for tasks to queue
[2024-12-28T17:00:45.745+0000] {logging_mixin.py:190} INFO - [2024-12-28T17:00:45.745+0000] {dagbag.py:588} INFO - Filling up the DagBag from /home/airflow/.local/lib/python3.12/site-packages/airflow/example_dags/example_bash_operator.py
[2024-12-28T17:00:45.756+0000] {processor.py:925} INFO - DAG(s) 'example_bash_operator' retrieved from /home/airflow/.local/lib/python3.12/site-packages/airflow/example_dags/example_bash_operator.py
[2024-12-28T17:00:45.780+0000] {logging_mixin.py:190} INFO - [2024-12-28T17:00:45.780+0000] {dag.py:3239} INFO - Sync 1 DAGs
[2024-12-28T17:00:45.802+0000] {logging_mixin.py:190} INFO - [2024-12-28T17:00:45.802+0000] {dag.py:4180} INFO - Setting next_dagrun for example_bash_operator to 2024-12-27 00:00:00+00:00, run_after=2024-12-28 00:00:00+00:00
[2024-12-28T17:00:45.818+0000] {processor.py:208} INFO - Processing /home/airflow/.local/lib/python3.12/site-packages/airflow/example_dags/example_bash_operator.py took 0.081 seconds
[2024-12-28T17:01:17.404+0000] {processor.py:186} INFO - Started process (PID=1194) to work on /home/airflow/.local/lib/python3.12/site-packages/airflow/example_dags/example_bash_operator.py
[2024-12-28T17:01:17.405+0000] {processor.py:914} INFO - Processing file /home/airflow/.local/lib/python3.12/site-packages/airflow/example_dags/example_bash_operator.py for tasks to queue
[2024-12-28T17:01:17.407+0000] {logging_mixin.py:190} INFO - [2024-12-28T17:01:17.407+0000] {dagbag.py:588} INFO - Filling up the DagBag from /home/airflow/.local/lib/python3.12/site-packages/airflow/example_dags/example_bash_operator.py
[2024-12-28T17:01:17.423+0000] {processor.py:925} INFO - DAG(s) 'example_bash_operator' retrieved from /home/airflow/.local/lib/python3.12/site-packages/airflow/example_dags/example_bash_operator.py
[2024-12-28T17:01:17.452+0000] {logging_mixin.py:190} INFO - [2024-12-28T17:01:17.452+0000] {dag.py:3239} INFO - Sync 1 DAGs
[2024-12-28T17:01:17.477+0000] {logging_mixin.py:190} INFO - [2024-12-28T17:01:17.477+0000] {dag.py:4180} INFO - Setting next_dagrun for example_bash_operator to 2024-12-27 00:00:00+00:00, run_after=2024-12-28 00:00:00+00:00
[2024-12-28T17:01:17.496+0000] {processor.py:208} INFO - Processing /home/airflow/.local/lib/python3.12/site-packages/airflow/example_dags/example_bash_operator.py took 0.100 seconds
[2024-12-28T17:01:48.259+0000] {processor.py:186} INFO - Started process (PID=1258) to work on /home/airflow/.local/lib/python3.12/site-packages/airflow/example_dags/example_bash_operator.py
[2024-12-28T17:01:48.260+0000] {processor.py:914} INFO - Processing file /home/airflow/.local/lib/python3.12/site-packages/airflow/example_dags/example_bash_operator.py for tasks to queue
[2024-12-28T17:01:48.262+0000] {logging_mixin.py:190} INFO - [2024-12-28T17:01:48.262+0000] {dagbag.py:588} INFO - Filling up the DagBag from /home/airflow/.local/lib/python3.12/site-packages/airflow/example_dags/example_bash_operator.py
[2024-12-28T17:01:48.273+0000] {processor.py:925} INFO - DAG(s) 'example_bash_operator' retrieved from /home/airflow/.local/lib/python3.12/site-packages/airflow/example_dags/example_bash_operator.py
[2024-12-28T17:01:48.297+0000] {logging_mixin.py:190} INFO - [2024-12-28T17:01:48.297+0000] {dag.py:3239} INFO - Sync 1 DAGs
[2024-12-28T17:01:48.319+0000] {logging_mixin.py:190} INFO - [2024-12-28T17:01:48.318+0000] {dag.py:4180} INFO - Setting next_dagrun for example_bash_operator to 2024-12-27 00:00:00+00:00, run_after=2024-12-28 00:00:00+00:00
[2024-12-28T17:01:48.335+0000] {processor.py:208} INFO - Processing /home/airflow/.local/lib/python3.12/site-packages/airflow/example_dags/example_bash_operator.py took 0.081 seconds
[2024-12-28T17:02:19.893+0000] {processor.py:186} INFO - Started process (PID=1322) to work on /home/airflow/.local/lib/python3.12/site-packages/airflow/example_dags/example_bash_operator.py
[2024-12-28T17:02:19.894+0000] {processor.py:914} INFO - Processing file /home/airflow/.local/lib/python3.12/site-packages/airflow/example_dags/example_bash_operator.py for tasks to queue
[2024-12-28T17:02:19.896+0000] {logging_mixin.py:190} INFO - [2024-12-28T17:02:19.896+0000] {dagbag.py:588} INFO - Filling up the DagBag from /home/airflow/.local/lib/python3.12/site-packages/airflow/example_dags/example_bash_operator.py
[2024-12-28T17:02:19.908+0000] {processor.py:925} INFO - DAG(s) 'example_bash_operator' retrieved from /home/airflow/.local/lib/python3.12/site-packages/airflow/example_dags/example_bash_operator.py
[2024-12-28T17:02:19.933+0000] {logging_mixin.py:190} INFO - [2024-12-28T17:02:19.932+0000] {dag.py:3239} INFO - Sync 1 DAGs
[2024-12-28T17:02:19.956+0000] {logging_mixin.py:190} INFO - [2024-12-28T17:02:19.955+0000] {dag.py:4180} INFO - Setting next_dagrun for example_bash_operator to 2024-12-27 00:00:00+00:00, run_after=2024-12-28 00:00:00+00:00
[2024-12-28T17:02:19.974+0000] {processor.py:208} INFO - Processing /home/airflow/.local/lib/python3.12/site-packages/airflow/example_dags/example_bash_operator.py took 0.086 seconds
[2024-12-28T17:02:50.711+0000] {processor.py:186} INFO - Started process (PID=1397) to work on /home/airflow/.local/lib/python3.12/site-packages/airflow/example_dags/example_bash_operator.py
[2024-12-28T17:02:50.712+0000] {processor.py:914} INFO - Processing file /home/airflow/.local/lib/python3.12/site-packages/airflow/example_dags/example_bash_operator.py for tasks to queue
[2024-12-28T17:02:50.714+0000] {logging_mixin.py:190} INFO - [2024-12-28T17:02:50.714+0000] {dagbag.py:588} INFO - Filling up the DagBag from /home/airflow/.local/lib/python3.12/site-packages/airflow/example_dags/example_bash_operator.py
[2024-12-28T17:02:50.726+0000] {processor.py:925} INFO - DAG(s) 'example_bash_operator' retrieved from /home/airflow/.local/lib/python3.12/site-packages/airflow/example_dags/example_bash_operator.py
[2024-12-28T17:02:50.756+0000] {logging_mixin.py:190} INFO - [2024-12-28T17:02:50.755+0000] {dag.py:3239} INFO - Sync 1 DAGs
[2024-12-28T17:02:50.779+0000] {logging_mixin.py:190} INFO - [2024-12-28T17:02:50.779+0000] {dag.py:4180} INFO - Setting next_dagrun for example_bash_operator to 2024-12-27 00:00:00+00:00, run_after=2024-12-28 00:00:00+00:00
[2024-12-28T17:02:50.797+0000] {processor.py:208} INFO - Processing /home/airflow/.local/lib/python3.12/site-packages/airflow/example_dags/example_bash_operator.py took 0.092 seconds
[2024-12-28T17:03:21.731+0000] {processor.py:186} INFO - Started process (PID=1482) to work on /home/airflow/.local/lib/python3.12/site-packages/airflow/example_dags/example_bash_operator.py
[2024-12-28T17:03:21.731+0000] {processor.py:914} INFO - Processing file /home/airflow/.local/lib/python3.12/site-packages/airflow/example_dags/example_bash_operator.py for tasks to queue
[2024-12-28T17:03:21.733+0000] {logging_mixin.py:190} INFO - [2024-12-28T17:03:21.733+0000] {dagbag.py:588} INFO - Filling up the DagBag from /home/airflow/.local/lib/python3.12/site-packages/airflow/example_dags/example_bash_operator.py
[2024-12-28T17:03:21.744+0000] {processor.py:925} INFO - DAG(s) 'example_bash_operator' retrieved from /home/airflow/.local/lib/python3.12/site-packages/airflow/example_dags/example_bash_operator.py
[2024-12-28T17:03:21.768+0000] {logging_mixin.py:190} INFO - [2024-12-28T17:03:21.768+0000] {dag.py:3239} INFO - Sync 1 DAGs
[2024-12-28T17:03:21.788+0000] {logging_mixin.py:190} INFO - [2024-12-28T17:03:21.788+0000] {dag.py:4180} INFO - Setting next_dagrun for example_bash_operator to 2024-12-27 00:00:00+00:00, run_after=2024-12-28 00:00:00+00:00
[2024-12-28T17:03:21.805+0000] {processor.py:208} INFO - Processing /home/airflow/.local/lib/python3.12/site-packages/airflow/example_dags/example_bash_operator.py took 0.080 seconds
[2024-12-28T17:03:52.579+0000] {processor.py:186} INFO - Started process (PID=1560) to work on /home/airflow/.local/lib/python3.12/site-packages/airflow/example_dags/example_bash_operator.py
[2024-12-28T17:03:52.580+0000] {processor.py:914} INFO - Processing file /home/airflow/.local/lib/python3.12/site-packages/airflow/example_dags/example_bash_operator.py for tasks to queue
[2024-12-28T17:03:52.582+0000] {logging_mixin.py:190} INFO - [2024-12-28T17:03:52.582+0000] {dagbag.py:588} INFO - Filling up the DagBag from /home/airflow/.local/lib/python3.12/site-packages/airflow/example_dags/example_bash_operator.py
[2024-12-28T17:03:52.595+0000] {processor.py:925} INFO - DAG(s) 'example_bash_operator' retrieved from /home/airflow/.local/lib/python3.12/site-packages/airflow/example_dags/example_bash_operator.py
[2024-12-28T17:03:52.620+0000] {logging_mixin.py:190} INFO - [2024-12-28T17:03:52.620+0000] {dag.py:3239} INFO - Sync 1 DAGs
[2024-12-28T17:03:52.651+0000] {logging_mixin.py:190} INFO - [2024-12-28T17:03:52.650+0000] {dag.py:4180} INFO - Setting next_dagrun for example_bash_operator to 2024-12-27 00:00:00+00:00, run_after=2024-12-28 00:00:00+00:00
[2024-12-28T17:03:52.677+0000] {processor.py:208} INFO - Processing /home/airflow/.local/lib/python3.12/site-packages/airflow/example_dags/example_bash_operator.py took 0.104 seconds
