[2024-12-28T16:38:34.033+0000] {processor.py:186} INFO - Started process (PID=90) to work on /home/airflow/.local/lib/python3.12/site-packages/airflow/example_dags/example_dataset_alias_with_no_taskflow.py
[2024-12-28T16:38:34.033+0000] {processor.py:914} INFO - Processing file /home/airflow/.local/lib/python3.12/site-packages/airflow/example_dags/example_dataset_alias_with_no_taskflow.py for tasks to queue
[2024-12-28T16:38:34.035+0000] {logging_mixin.py:190} INFO - [2024-12-28T16:38:34.035+0000] {dagbag.py:588} INFO - Filling up the DagBag from /home/airflow/.local/lib/python3.12/site-packages/airflow/example_dags/example_dataset_alias_with_no_taskflow.py
[2024-12-28T16:38:34.612+0000] {processor.py:925} INFO - DAG(s) 'dataset_alias_example_alias_consumer_with_no_taskflow', 'dataset_alias_example_alias_producer_with_no_taskflow', 'dataset_s3_bucket_producer_with_no_taskflow', 'dataset_s3_bucket_consumer_with_no_taskflow' retrieved from /home/airflow/.local/lib/python3.12/site-packages/airflow/example_dags/example_dataset_alias_with_no_taskflow.py
[2024-12-28T16:38:34.699+0000] {logging_mixin.py:190} INFO - [2024-12-28T16:38:34.699+0000] {override.py:1911} INFO - Created Permission View: can delete on DAG:dataset_alias_example_alias_consumer_with_no_taskflow
[2024-12-28T16:38:34.709+0000] {logging_mixin.py:190} INFO - [2024-12-28T16:38:34.709+0000] {override.py:1911} INFO - Created Permission View: can edit on DAG:dataset_alias_example_alias_consumer_with_no_taskflow
[2024-12-28T16:38:34.717+0000] {logging_mixin.py:190} INFO - [2024-12-28T16:38:34.716+0000] {override.py:1911} INFO - Created Permission View: can read on DAG:dataset_alias_example_alias_consumer_with_no_taskflow
[2024-12-28T16:38:34.724+0000] {logging_mixin.py:190} INFO - [2024-12-28T16:38:34.723+0000] {override.py:1911} INFO - Created Permission View: can create on DAG Run:dataset_alias_example_alias_consumer_with_no_taskflow
[2024-12-28T16:38:34.730+0000] {logging_mixin.py:190} INFO - [2024-12-28T16:38:34.730+0000] {override.py:1911} INFO - Created Permission View: can delete on DAG Run:dataset_alias_example_alias_consumer_with_no_taskflow
[2024-12-28T16:38:34.737+0000] {logging_mixin.py:190} INFO - [2024-12-28T16:38:34.737+0000] {override.py:1911} INFO - Created Permission View: menu access on DAG Run:dataset_alias_example_alias_consumer_with_no_taskflow
[2024-12-28T16:38:34.744+0000] {logging_mixin.py:190} INFO - [2024-12-28T16:38:34.743+0000] {override.py:1911} INFO - Created Permission View: can read on DAG Run:dataset_alias_example_alias_consumer_with_no_taskflow
[2024-12-28T16:38:34.758+0000] {logging_mixin.py:190} INFO - [2024-12-28T16:38:34.758+0000] {override.py:1911} INFO - Created Permission View: can delete on DAG:dataset_alias_example_alias_producer_with_no_taskflow
[2024-12-28T16:38:34.764+0000] {logging_mixin.py:190} INFO - [2024-12-28T16:38:34.764+0000] {override.py:1911} INFO - Created Permission View: can edit on DAG:dataset_alias_example_alias_producer_with_no_taskflow
[2024-12-28T16:38:34.771+0000] {logging_mixin.py:190} INFO - [2024-12-28T16:38:34.771+0000] {override.py:1911} INFO - Created Permission View: can read on DAG:dataset_alias_example_alias_producer_with_no_taskflow
[2024-12-28T16:38:34.778+0000] {logging_mixin.py:190} INFO - [2024-12-28T16:38:34.778+0000] {override.py:1911} INFO - Created Permission View: can create on DAG Run:dataset_alias_example_alias_producer_with_no_taskflow
[2024-12-28T16:38:34.785+0000] {logging_mixin.py:190} INFO - [2024-12-28T16:38:34.785+0000] {override.py:1911} INFO - Created Permission View: can delete on DAG Run:dataset_alias_example_alias_producer_with_no_taskflow
[2024-12-28T16:38:34.792+0000] {logging_mixin.py:190} INFO - [2024-12-28T16:38:34.791+0000] {override.py:1911} INFO - Created Permission View: menu access on DAG Run:dataset_alias_example_alias_producer_with_no_taskflow
[2024-12-28T16:38:34.799+0000] {logging_mixin.py:190} INFO - [2024-12-28T16:38:34.798+0000] {override.py:1911} INFO - Created Permission View: can read on DAG Run:dataset_alias_example_alias_producer_with_no_taskflow
[2024-12-28T16:38:34.811+0000] {logging_mixin.py:190} INFO - [2024-12-28T16:38:34.811+0000] {override.py:1911} INFO - Created Permission View: can delete on DAG:dataset_s3_bucket_producer_with_no_taskflow
[2024-12-28T16:38:34.818+0000] {logging_mixin.py:190} INFO - [2024-12-28T16:38:34.818+0000] {override.py:1911} INFO - Created Permission View: can edit on DAG:dataset_s3_bucket_producer_with_no_taskflow
[2024-12-28T16:38:34.825+0000] {logging_mixin.py:190} INFO - [2024-12-28T16:38:34.825+0000] {override.py:1911} INFO - Created Permission View: can read on DAG:dataset_s3_bucket_producer_with_no_taskflow
[2024-12-28T16:38:34.832+0000] {logging_mixin.py:190} INFO - [2024-12-28T16:38:34.832+0000] {override.py:1911} INFO - Created Permission View: can create on DAG Run:dataset_s3_bucket_producer_with_no_taskflow
[2024-12-28T16:38:34.839+0000] {logging_mixin.py:190} INFO - [2024-12-28T16:38:34.838+0000] {override.py:1911} INFO - Created Permission View: can delete on DAG Run:dataset_s3_bucket_producer_with_no_taskflow
[2024-12-28T16:38:34.845+0000] {logging_mixin.py:190} INFO - [2024-12-28T16:38:34.845+0000] {override.py:1911} INFO - Created Permission View: menu access on DAG Run:dataset_s3_bucket_producer_with_no_taskflow
[2024-12-28T16:38:34.852+0000] {logging_mixin.py:190} INFO - [2024-12-28T16:38:34.852+0000] {override.py:1911} INFO - Created Permission View: can read on DAG Run:dataset_s3_bucket_producer_with_no_taskflow
[2024-12-28T16:38:34.865+0000] {logging_mixin.py:190} INFO - [2024-12-28T16:38:34.864+0000] {override.py:1911} INFO - Created Permission View: can delete on DAG:dataset_s3_bucket_consumer_with_no_taskflow
[2024-12-28T16:38:34.871+0000] {logging_mixin.py:190} INFO - [2024-12-28T16:38:34.871+0000] {override.py:1911} INFO - Created Permission View: can edit on DAG:dataset_s3_bucket_consumer_with_no_taskflow
[2024-12-28T16:38:34.878+0000] {logging_mixin.py:190} INFO - [2024-12-28T16:38:34.877+0000] {override.py:1911} INFO - Created Permission View: can read on DAG:dataset_s3_bucket_consumer_with_no_taskflow
[2024-12-28T16:38:34.884+0000] {logging_mixin.py:190} INFO - [2024-12-28T16:38:34.884+0000] {override.py:1911} INFO - Created Permission View: can create on DAG Run:dataset_s3_bucket_consumer_with_no_taskflow
[2024-12-28T16:38:34.890+0000] {logging_mixin.py:190} INFO - [2024-12-28T16:38:34.890+0000] {override.py:1911} INFO - Created Permission View: can delete on DAG Run:dataset_s3_bucket_consumer_with_no_taskflow
[2024-12-28T16:38:34.896+0000] {logging_mixin.py:190} INFO - [2024-12-28T16:38:34.896+0000] {override.py:1911} INFO - Created Permission View: menu access on DAG Run:dataset_s3_bucket_consumer_with_no_taskflow
[2024-12-28T16:38:34.903+0000] {logging_mixin.py:190} INFO - [2024-12-28T16:38:34.903+0000] {override.py:1911} INFO - Created Permission View: can read on DAG Run:dataset_s3_bucket_consumer_with_no_taskflow
[2024-12-28T16:38:34.904+0000] {logging_mixin.py:190} INFO - [2024-12-28T16:38:34.903+0000] {dag.py:3239} INFO - Sync 4 DAGs
[2024-12-28T16:38:34.915+0000] {logging_mixin.py:190} INFO - [2024-12-28T16:38:34.915+0000] {dag.py:3262} INFO - Creating ORM DAG for dataset_s3_bucket_consumer_with_no_taskflow
[2024-12-28T16:38:34.916+0000] {logging_mixin.py:190} INFO - [2024-12-28T16:38:34.916+0000] {dag.py:3262} INFO - Creating ORM DAG for dataset_alias_example_alias_producer_with_no_taskflow
[2024-12-28T16:38:34.916+0000] {logging_mixin.py:190} INFO - [2024-12-28T16:38:34.916+0000] {dag.py:3262} INFO - Creating ORM DAG for dataset_s3_bucket_producer_with_no_taskflow
[2024-12-28T16:38:34.917+0000] {logging_mixin.py:190} INFO - [2024-12-28T16:38:34.917+0000] {dag.py:3262} INFO - Creating ORM DAG for dataset_alias_example_alias_consumer_with_no_taskflow
[2024-12-28T16:38:34.926+0000] {logging_mixin.py:190} INFO - [2024-12-28T16:38:34.926+0000] {dag.py:4180} INFO - Setting next_dagrun for dataset_alias_example_alias_consumer_with_no_taskflow to None, run_after=None
[2024-12-28T16:38:34.927+0000] {logging_mixin.py:190} INFO - [2024-12-28T16:38:34.927+0000] {dag.py:4180} INFO - Setting next_dagrun for dataset_alias_example_alias_producer_with_no_taskflow to None, run_after=None
[2024-12-28T16:38:34.927+0000] {logging_mixin.py:190} INFO - [2024-12-28T16:38:34.927+0000] {dag.py:4180} INFO - Setting next_dagrun for dataset_s3_bucket_consumer_with_no_taskflow to None, run_after=None
[2024-12-28T16:38:34.928+0000] {logging_mixin.py:190} INFO - [2024-12-28T16:38:34.928+0000] {dag.py:4180} INFO - Setting next_dagrun for dataset_s3_bucket_producer_with_no_taskflow to None, run_after=None
[2024-12-28T16:38:34.964+0000] {processor.py:208} INFO - Processing /home/airflow/.local/lib/python3.12/site-packages/airflow/example_dags/example_dataset_alias_with_no_taskflow.py took 0.937 seconds
[2024-12-28T16:39:05.231+0000] {processor.py:186} INFO - Started process (PID=153) to work on /home/airflow/.local/lib/python3.12/site-packages/airflow/example_dags/example_dataset_alias_with_no_taskflow.py
[2024-12-28T16:39:05.232+0000] {processor.py:914} INFO - Processing file /home/airflow/.local/lib/python3.12/site-packages/airflow/example_dags/example_dataset_alias_with_no_taskflow.py for tasks to queue
[2024-12-28T16:39:05.234+0000] {logging_mixin.py:190} INFO - [2024-12-28T16:39:05.234+0000] {dagbag.py:588} INFO - Filling up the DagBag from /home/airflow/.local/lib/python3.12/site-packages/airflow/example_dags/example_dataset_alias_with_no_taskflow.py
[2024-12-28T16:39:05.945+0000] {processor.py:925} INFO - DAG(s) 'dataset_s3_bucket_consumer_with_no_taskflow', 'dataset_alias_example_alias_producer_with_no_taskflow', 'dataset_alias_example_alias_consumer_with_no_taskflow', 'dataset_s3_bucket_producer_with_no_taskflow' retrieved from /home/airflow/.local/lib/python3.12/site-packages/airflow/example_dags/example_dataset_alias_with_no_taskflow.py
[2024-12-28T16:39:05.974+0000] {logging_mixin.py:190} INFO - [2024-12-28T16:39:05.973+0000] {dag.py:3239} INFO - Sync 4 DAGs
[2024-12-28T16:39:06.000+0000] {logging_mixin.py:190} INFO - [2024-12-28T16:39:06.000+0000] {dag.py:4180} INFO - Setting next_dagrun for dataset_alias_example_alias_consumer_with_no_taskflow to None, run_after=None
[2024-12-28T16:39:06.004+0000] {logging_mixin.py:190} INFO - [2024-12-28T16:39:06.004+0000] {dag.py:4180} INFO - Setting next_dagrun for dataset_alias_example_alias_producer_with_no_taskflow to None, run_after=None
[2024-12-28T16:39:06.009+0000] {logging_mixin.py:190} INFO - [2024-12-28T16:39:06.009+0000] {dag.py:4180} INFO - Setting next_dagrun for dataset_s3_bucket_consumer_with_no_taskflow to None, run_after=None
[2024-12-28T16:39:06.012+0000] {logging_mixin.py:190} INFO - [2024-12-28T16:39:06.011+0000] {dag.py:4180} INFO - Setting next_dagrun for dataset_s3_bucket_producer_with_no_taskflow to None, run_after=None
[2024-12-28T16:39:06.040+0000] {processor.py:208} INFO - Processing /home/airflow/.local/lib/python3.12/site-packages/airflow/example_dags/example_dataset_alias_with_no_taskflow.py took 0.816 seconds
[2024-12-28T16:39:36.502+0000] {processor.py:186} INFO - Started process (PID=216) to work on /home/airflow/.local/lib/python3.12/site-packages/airflow/example_dags/example_dataset_alias_with_no_taskflow.py
[2024-12-28T16:39:36.503+0000] {processor.py:914} INFO - Processing file /home/airflow/.local/lib/python3.12/site-packages/airflow/example_dags/example_dataset_alias_with_no_taskflow.py for tasks to queue
[2024-12-28T16:39:36.505+0000] {logging_mixin.py:190} INFO - [2024-12-28T16:39:36.505+0000] {dagbag.py:588} INFO - Filling up the DagBag from /home/airflow/.local/lib/python3.12/site-packages/airflow/example_dags/example_dataset_alias_with_no_taskflow.py
[2024-12-28T16:39:37.322+0000] {processor.py:925} INFO - DAG(s) 'dataset_s3_bucket_producer_with_no_taskflow', 'dataset_alias_example_alias_consumer_with_no_taskflow', 'dataset_alias_example_alias_producer_with_no_taskflow', 'dataset_s3_bucket_consumer_with_no_taskflow' retrieved from /home/airflow/.local/lib/python3.12/site-packages/airflow/example_dags/example_dataset_alias_with_no_taskflow.py
[2024-12-28T16:39:37.348+0000] {logging_mixin.py:190} INFO - [2024-12-28T16:39:37.348+0000] {dag.py:3239} INFO - Sync 4 DAGs
[2024-12-28T16:39:37.372+0000] {logging_mixin.py:190} INFO - [2024-12-28T16:39:37.372+0000] {dag.py:4180} INFO - Setting next_dagrun for dataset_alias_example_alias_consumer_with_no_taskflow to None, run_after=None
[2024-12-28T16:39:37.375+0000] {logging_mixin.py:190} INFO - [2024-12-28T16:39:37.375+0000] {dag.py:4180} INFO - Setting next_dagrun for dataset_alias_example_alias_producer_with_no_taskflow to None, run_after=None
[2024-12-28T16:39:37.377+0000] {logging_mixin.py:190} INFO - [2024-12-28T16:39:37.377+0000] {dag.py:4180} INFO - Setting next_dagrun for dataset_s3_bucket_consumer_with_no_taskflow to None, run_after=None
[2024-12-28T16:39:37.379+0000] {logging_mixin.py:190} INFO - [2024-12-28T16:39:37.379+0000] {dag.py:4180} INFO - Setting next_dagrun for dataset_s3_bucket_producer_with_no_taskflow to None, run_after=None
[2024-12-28T16:39:37.408+0000] {processor.py:208} INFO - Processing /home/airflow/.local/lib/python3.12/site-packages/airflow/example_dags/example_dataset_alias_with_no_taskflow.py took 0.913 seconds
[2024-12-28T16:40:07.473+0000] {processor.py:186} INFO - Started process (PID=278) to work on /home/airflow/.local/lib/python3.12/site-packages/airflow/example_dags/example_dataset_alias_with_no_taskflow.py
[2024-12-28T16:40:07.476+0000] {processor.py:914} INFO - Processing file /home/airflow/.local/lib/python3.12/site-packages/airflow/example_dags/example_dataset_alias_with_no_taskflow.py for tasks to queue
[2024-12-28T16:40:07.480+0000] {logging_mixin.py:190} INFO - [2024-12-28T16:40:07.479+0000] {dagbag.py:588} INFO - Filling up the DagBag from /home/airflow/.local/lib/python3.12/site-packages/airflow/example_dags/example_dataset_alias_with_no_taskflow.py
[2024-12-28T16:40:08.117+0000] {processor.py:925} INFO - DAG(s) 'dataset_alias_example_alias_producer_with_no_taskflow', 'dataset_s3_bucket_consumer_with_no_taskflow', 'dataset_s3_bucket_producer_with_no_taskflow', 'dataset_alias_example_alias_consumer_with_no_taskflow' retrieved from /home/airflow/.local/lib/python3.12/site-packages/airflow/example_dags/example_dataset_alias_with_no_taskflow.py
[2024-12-28T16:40:08.142+0000] {logging_mixin.py:190} INFO - [2024-12-28T16:40:08.142+0000] {dag.py:3239} INFO - Sync 4 DAGs
[2024-12-28T16:40:08.167+0000] {logging_mixin.py:190} INFO - [2024-12-28T16:40:08.166+0000] {dag.py:4180} INFO - Setting next_dagrun for dataset_alias_example_alias_consumer_with_no_taskflow to None, run_after=None
[2024-12-28T16:40:08.171+0000] {logging_mixin.py:190} INFO - [2024-12-28T16:40:08.170+0000] {dag.py:4180} INFO - Setting next_dagrun for dataset_alias_example_alias_producer_with_no_taskflow to None, run_after=None
[2024-12-28T16:40:08.172+0000] {logging_mixin.py:190} INFO - [2024-12-28T16:40:08.172+0000] {dag.py:4180} INFO - Setting next_dagrun for dataset_s3_bucket_consumer_with_no_taskflow to None, run_after=None
[2024-12-28T16:40:08.173+0000] {logging_mixin.py:190} INFO - [2024-12-28T16:40:08.173+0000] {dag.py:4180} INFO - Setting next_dagrun for dataset_s3_bucket_producer_with_no_taskflow to None, run_after=None
[2024-12-28T16:40:08.201+0000] {processor.py:208} INFO - Processing /home/airflow/.local/lib/python3.12/site-packages/airflow/example_dags/example_dataset_alias_with_no_taskflow.py took 0.737 seconds
[2024-12-28T16:42:39.795+0000] {processor.py:186} INFO - Started process (PID=89) to work on /home/airflow/.local/lib/python3.12/site-packages/airflow/example_dags/example_dataset_alias_with_no_taskflow.py
[2024-12-28T16:42:39.797+0000] {processor.py:914} INFO - Processing file /home/airflow/.local/lib/python3.12/site-packages/airflow/example_dags/example_dataset_alias_with_no_taskflow.py for tasks to queue
[2024-12-28T16:42:39.799+0000] {logging_mixin.py:190} INFO - [2024-12-28T16:42:39.799+0000] {dagbag.py:588} INFO - Filling up the DagBag from /home/airflow/.local/lib/python3.12/site-packages/airflow/example_dags/example_dataset_alias_with_no_taskflow.py
[2024-12-28T16:42:40.567+0000] {processor.py:925} INFO - DAG(s) 'dataset_s3_bucket_producer_with_no_taskflow', 'dataset_alias_example_alias_consumer_with_no_taskflow', 'dataset_alias_example_alias_producer_with_no_taskflow', 'dataset_s3_bucket_consumer_with_no_taskflow' retrieved from /home/airflow/.local/lib/python3.12/site-packages/airflow/example_dags/example_dataset_alias_with_no_taskflow.py
[2024-12-28T16:42:40.594+0000] {logging_mixin.py:190} INFO - [2024-12-28T16:42:40.594+0000] {dag.py:3239} INFO - Sync 4 DAGs
[2024-12-28T16:42:40.616+0000] {logging_mixin.py:190} INFO - [2024-12-28T16:42:40.616+0000] {dag.py:4180} INFO - Setting next_dagrun for dataset_alias_example_alias_consumer_with_no_taskflow to None, run_after=None
[2024-12-28T16:42:40.619+0000] {logging_mixin.py:190} INFO - [2024-12-28T16:42:40.618+0000] {dag.py:4180} INFO - Setting next_dagrun for dataset_alias_example_alias_producer_with_no_taskflow to None, run_after=None
[2024-12-28T16:42:40.620+0000] {logging_mixin.py:190} INFO - [2024-12-28T16:42:40.620+0000] {dag.py:4180} INFO - Setting next_dagrun for dataset_s3_bucket_consumer_with_no_taskflow to None, run_after=None
[2024-12-28T16:42:40.623+0000] {logging_mixin.py:190} INFO - [2024-12-28T16:42:40.623+0000] {dag.py:4180} INFO - Setting next_dagrun for dataset_s3_bucket_producer_with_no_taskflow to None, run_after=None
[2024-12-28T16:42:40.649+0000] {processor.py:208} INFO - Processing /home/airflow/.local/lib/python3.12/site-packages/airflow/example_dags/example_dataset_alias_with_no_taskflow.py took 0.862 seconds
[2024-12-28T16:43:11.582+0000] {processor.py:186} INFO - Started process (PID=152) to work on /home/airflow/.local/lib/python3.12/site-packages/airflow/example_dags/example_dataset_alias_with_no_taskflow.py
[2024-12-28T16:43:11.583+0000] {processor.py:914} INFO - Processing file /home/airflow/.local/lib/python3.12/site-packages/airflow/example_dags/example_dataset_alias_with_no_taskflow.py for tasks to queue
[2024-12-28T16:43:11.586+0000] {logging_mixin.py:190} INFO - [2024-12-28T16:43:11.585+0000] {dagbag.py:588} INFO - Filling up the DagBag from /home/airflow/.local/lib/python3.12/site-packages/airflow/example_dags/example_dataset_alias_with_no_taskflow.py
[2024-12-28T16:43:12.333+0000] {processor.py:925} INFO - DAG(s) 'dataset_s3_bucket_producer_with_no_taskflow', 'dataset_alias_example_alias_consumer_with_no_taskflow', 'dataset_s3_bucket_consumer_with_no_taskflow', 'dataset_alias_example_alias_producer_with_no_taskflow' retrieved from /home/airflow/.local/lib/python3.12/site-packages/airflow/example_dags/example_dataset_alias_with_no_taskflow.py
[2024-12-28T16:43:12.357+0000] {logging_mixin.py:190} INFO - [2024-12-28T16:43:12.356+0000] {dag.py:3239} INFO - Sync 4 DAGs
[2024-12-28T16:43:12.384+0000] {logging_mixin.py:190} INFO - [2024-12-28T16:43:12.384+0000] {dag.py:4180} INFO - Setting next_dagrun for dataset_alias_example_alias_consumer_with_no_taskflow to None, run_after=None
[2024-12-28T16:43:12.387+0000] {logging_mixin.py:190} INFO - [2024-12-28T16:43:12.387+0000] {dag.py:4180} INFO - Setting next_dagrun for dataset_alias_example_alias_producer_with_no_taskflow to None, run_after=None
[2024-12-28T16:43:12.389+0000] {logging_mixin.py:190} INFO - [2024-12-28T16:43:12.389+0000] {dag.py:4180} INFO - Setting next_dagrun for dataset_s3_bucket_consumer_with_no_taskflow to None, run_after=None
[2024-12-28T16:43:12.391+0000] {logging_mixin.py:190} INFO - [2024-12-28T16:43:12.391+0000] {dag.py:4180} INFO - Setting next_dagrun for dataset_s3_bucket_producer_with_no_taskflow to None, run_after=None
[2024-12-28T16:43:12.416+0000] {processor.py:208} INFO - Processing /home/airflow/.local/lib/python3.12/site-packages/airflow/example_dags/example_dataset_alias_with_no_taskflow.py took 0.842 seconds
[2024-12-28T16:43:42.943+0000] {processor.py:186} INFO - Started process (PID=221) to work on /home/airflow/.local/lib/python3.12/site-packages/airflow/example_dags/example_dataset_alias_with_no_taskflow.py
[2024-12-28T16:43:42.944+0000] {processor.py:914} INFO - Processing file /home/airflow/.local/lib/python3.12/site-packages/airflow/example_dags/example_dataset_alias_with_no_taskflow.py for tasks to queue
[2024-12-28T16:43:42.947+0000] {logging_mixin.py:190} INFO - [2024-12-28T16:43:42.947+0000] {dagbag.py:588} INFO - Filling up the DagBag from /home/airflow/.local/lib/python3.12/site-packages/airflow/example_dags/example_dataset_alias_with_no_taskflow.py
[2024-12-28T16:43:43.587+0000] {processor.py:925} INFO - DAG(s) 'dataset_s3_bucket_producer_with_no_taskflow', 'dataset_alias_example_alias_producer_with_no_taskflow', 'dataset_s3_bucket_consumer_with_no_taskflow', 'dataset_alias_example_alias_consumer_with_no_taskflow' retrieved from /home/airflow/.local/lib/python3.12/site-packages/airflow/example_dags/example_dataset_alias_with_no_taskflow.py
[2024-12-28T16:43:43.611+0000] {logging_mixin.py:190} INFO - [2024-12-28T16:43:43.611+0000] {dag.py:3239} INFO - Sync 4 DAGs
[2024-12-28T16:43:43.635+0000] {logging_mixin.py:190} INFO - [2024-12-28T16:43:43.635+0000] {dag.py:4180} INFO - Setting next_dagrun for dataset_alias_example_alias_consumer_with_no_taskflow to None, run_after=None
[2024-12-28T16:43:43.639+0000] {logging_mixin.py:190} INFO - [2024-12-28T16:43:43.638+0000] {dag.py:4180} INFO - Setting next_dagrun for dataset_alias_example_alias_producer_with_no_taskflow to None, run_after=None
[2024-12-28T16:43:43.642+0000] {logging_mixin.py:190} INFO - [2024-12-28T16:43:43.642+0000] {dag.py:4180} INFO - Setting next_dagrun for dataset_s3_bucket_consumer_with_no_taskflow to None, run_after=None
[2024-12-28T16:43:43.644+0000] {logging_mixin.py:190} INFO - [2024-12-28T16:43:43.644+0000] {dag.py:4180} INFO - Setting next_dagrun for dataset_s3_bucket_producer_with_no_taskflow to None, run_after=None
[2024-12-28T16:43:43.669+0000] {processor.py:208} INFO - Processing /home/airflow/.local/lib/python3.12/site-packages/airflow/example_dags/example_dataset_alias_with_no_taskflow.py took 0.733 seconds
[2024-12-28T16:44:14.659+0000] {processor.py:186} INFO - Started process (PID=284) to work on /home/airflow/.local/lib/python3.12/site-packages/airflow/example_dags/example_dataset_alias_with_no_taskflow.py
[2024-12-28T16:44:14.660+0000] {processor.py:914} INFO - Processing file /home/airflow/.local/lib/python3.12/site-packages/airflow/example_dags/example_dataset_alias_with_no_taskflow.py for tasks to queue
[2024-12-28T16:44:14.663+0000] {logging_mixin.py:190} INFO - [2024-12-28T16:44:14.662+0000] {dagbag.py:588} INFO - Filling up the DagBag from /home/airflow/.local/lib/python3.12/site-packages/airflow/example_dags/example_dataset_alias_with_no_taskflow.py
[2024-12-28T16:44:15.354+0000] {processor.py:925} INFO - DAG(s) 'dataset_alias_example_alias_consumer_with_no_taskflow', 'dataset_alias_example_alias_producer_with_no_taskflow', 'dataset_s3_bucket_producer_with_no_taskflow', 'dataset_s3_bucket_consumer_with_no_taskflow' retrieved from /home/airflow/.local/lib/python3.12/site-packages/airflow/example_dags/example_dataset_alias_with_no_taskflow.py
[2024-12-28T16:44:15.379+0000] {logging_mixin.py:190} INFO - [2024-12-28T16:44:15.378+0000] {dag.py:3239} INFO - Sync 4 DAGs
[2024-12-28T16:44:15.404+0000] {logging_mixin.py:190} INFO - [2024-12-28T16:44:15.403+0000] {dag.py:4180} INFO - Setting next_dagrun for dataset_alias_example_alias_consumer_with_no_taskflow to None, run_after=None
[2024-12-28T16:44:15.406+0000] {logging_mixin.py:190} INFO - [2024-12-28T16:44:15.406+0000] {dag.py:4180} INFO - Setting next_dagrun for dataset_alias_example_alias_producer_with_no_taskflow to None, run_after=None
[2024-12-28T16:44:15.408+0000] {logging_mixin.py:190} INFO - [2024-12-28T16:44:15.407+0000] {dag.py:4180} INFO - Setting next_dagrun for dataset_s3_bucket_consumer_with_no_taskflow to None, run_after=None
[2024-12-28T16:44:15.409+0000] {logging_mixin.py:190} INFO - [2024-12-28T16:44:15.409+0000] {dag.py:4180} INFO - Setting next_dagrun for dataset_s3_bucket_producer_with_no_taskflow to None, run_after=None
[2024-12-28T16:44:15.429+0000] {processor.py:208} INFO - Processing /home/airflow/.local/lib/python3.12/site-packages/airflow/example_dags/example_dataset_alias_with_no_taskflow.py took 0.776 seconds
[2024-12-28T16:44:45.850+0000] {processor.py:186} INFO - Started process (PID=347) to work on /home/airflow/.local/lib/python3.12/site-packages/airflow/example_dags/example_dataset_alias_with_no_taskflow.py
[2024-12-28T16:44:45.851+0000] {processor.py:914} INFO - Processing file /home/airflow/.local/lib/python3.12/site-packages/airflow/example_dags/example_dataset_alias_with_no_taskflow.py for tasks to queue
[2024-12-28T16:44:45.854+0000] {logging_mixin.py:190} INFO - [2024-12-28T16:44:45.854+0000] {dagbag.py:588} INFO - Filling up the DagBag from /home/airflow/.local/lib/python3.12/site-packages/airflow/example_dags/example_dataset_alias_with_no_taskflow.py
[2024-12-28T16:44:46.454+0000] {processor.py:925} INFO - DAG(s) 'dataset_alias_example_alias_consumer_with_no_taskflow', 'dataset_alias_example_alias_producer_with_no_taskflow', 'dataset_s3_bucket_producer_with_no_taskflow', 'dataset_s3_bucket_consumer_with_no_taskflow' retrieved from /home/airflow/.local/lib/python3.12/site-packages/airflow/example_dags/example_dataset_alias_with_no_taskflow.py
[2024-12-28T16:44:46.476+0000] {logging_mixin.py:190} INFO - [2024-12-28T16:44:46.475+0000] {dag.py:3239} INFO - Sync 4 DAGs
[2024-12-28T16:44:46.497+0000] {logging_mixin.py:190} INFO - [2024-12-28T16:44:46.497+0000] {dag.py:4180} INFO - Setting next_dagrun for dataset_alias_example_alias_consumer_with_no_taskflow to None, run_after=None
[2024-12-28T16:44:46.500+0000] {logging_mixin.py:190} INFO - [2024-12-28T16:44:46.499+0000] {dag.py:4180} INFO - Setting next_dagrun for dataset_alias_example_alias_producer_with_no_taskflow to None, run_after=None
[2024-12-28T16:44:46.501+0000] {logging_mixin.py:190} INFO - [2024-12-28T16:44:46.501+0000] {dag.py:4180} INFO - Setting next_dagrun for dataset_s3_bucket_consumer_with_no_taskflow to None, run_after=None
[2024-12-28T16:44:46.503+0000] {logging_mixin.py:190} INFO - [2024-12-28T16:44:46.502+0000] {dag.py:4180} INFO - Setting next_dagrun for dataset_s3_bucket_producer_with_no_taskflow to None, run_after=None
[2024-12-28T16:44:46.524+0000] {processor.py:208} INFO - Processing /home/airflow/.local/lib/python3.12/site-packages/airflow/example_dags/example_dataset_alias_with_no_taskflow.py took 0.680 seconds
[2024-12-28T16:45:17.416+0000] {processor.py:186} INFO - Started process (PID=410) to work on /home/airflow/.local/lib/python3.12/site-packages/airflow/example_dags/example_dataset_alias_with_no_taskflow.py
[2024-12-28T16:45:17.417+0000] {processor.py:914} INFO - Processing file /home/airflow/.local/lib/python3.12/site-packages/airflow/example_dags/example_dataset_alias_with_no_taskflow.py for tasks to queue
[2024-12-28T16:45:17.420+0000] {logging_mixin.py:190} INFO - [2024-12-28T16:45:17.419+0000] {dagbag.py:588} INFO - Filling up the DagBag from /home/airflow/.local/lib/python3.12/site-packages/airflow/example_dags/example_dataset_alias_with_no_taskflow.py
[2024-12-28T16:45:18.069+0000] {processor.py:925} INFO - DAG(s) 'dataset_s3_bucket_consumer_with_no_taskflow', 'dataset_alias_example_alias_consumer_with_no_taskflow', 'dataset_alias_example_alias_producer_with_no_taskflow', 'dataset_s3_bucket_producer_with_no_taskflow' retrieved from /home/airflow/.local/lib/python3.12/site-packages/airflow/example_dags/example_dataset_alias_with_no_taskflow.py
[2024-12-28T16:45:18.089+0000] {logging_mixin.py:190} INFO - [2024-12-28T16:45:18.088+0000] {dag.py:3239} INFO - Sync 4 DAGs
[2024-12-28T16:45:18.110+0000] {logging_mixin.py:190} INFO - [2024-12-28T16:45:18.110+0000] {dag.py:4180} INFO - Setting next_dagrun for dataset_alias_example_alias_consumer_with_no_taskflow to None, run_after=None
[2024-12-28T16:45:18.113+0000] {logging_mixin.py:190} INFO - [2024-12-28T16:45:18.113+0000] {dag.py:4180} INFO - Setting next_dagrun for dataset_alias_example_alias_producer_with_no_taskflow to None, run_after=None
[2024-12-28T16:45:18.114+0000] {logging_mixin.py:190} INFO - [2024-12-28T16:45:18.114+0000] {dag.py:4180} INFO - Setting next_dagrun for dataset_s3_bucket_consumer_with_no_taskflow to None, run_after=None
[2024-12-28T16:45:18.116+0000] {logging_mixin.py:190} INFO - [2024-12-28T16:45:18.115+0000] {dag.py:4180} INFO - Setting next_dagrun for dataset_s3_bucket_producer_with_no_taskflow to None, run_after=None
[2024-12-28T16:45:18.136+0000] {processor.py:208} INFO - Processing /home/airflow/.local/lib/python3.12/site-packages/airflow/example_dags/example_dataset_alias_with_no_taskflow.py took 0.727 seconds
[2024-12-28T16:45:48.949+0000] {processor.py:186} INFO - Started process (PID=473) to work on /home/airflow/.local/lib/python3.12/site-packages/airflow/example_dags/example_dataset_alias_with_no_taskflow.py
[2024-12-28T16:45:48.950+0000] {processor.py:914} INFO - Processing file /home/airflow/.local/lib/python3.12/site-packages/airflow/example_dags/example_dataset_alias_with_no_taskflow.py for tasks to queue
[2024-12-28T16:45:48.953+0000] {logging_mixin.py:190} INFO - [2024-12-28T16:45:48.953+0000] {dagbag.py:588} INFO - Filling up the DagBag from /home/airflow/.local/lib/python3.12/site-packages/airflow/example_dags/example_dataset_alias_with_no_taskflow.py
[2024-12-28T16:45:49.686+0000] {processor.py:925} INFO - DAG(s) 'dataset_s3_bucket_producer_with_no_taskflow', 'dataset_alias_example_alias_consumer_with_no_taskflow', 'dataset_s3_bucket_consumer_with_no_taskflow', 'dataset_alias_example_alias_producer_with_no_taskflow' retrieved from /home/airflow/.local/lib/python3.12/site-packages/airflow/example_dags/example_dataset_alias_with_no_taskflow.py
[2024-12-28T16:45:49.713+0000] {logging_mixin.py:190} INFO - [2024-12-28T16:45:49.712+0000] {dag.py:3239} INFO - Sync 4 DAGs
[2024-12-28T16:45:49.739+0000] {logging_mixin.py:190} INFO - [2024-12-28T16:45:49.739+0000] {dag.py:4180} INFO - Setting next_dagrun for dataset_alias_example_alias_consumer_with_no_taskflow to None, run_after=None
[2024-12-28T16:45:49.743+0000] {logging_mixin.py:190} INFO - [2024-12-28T16:45:49.743+0000] {dag.py:4180} INFO - Setting next_dagrun for dataset_alias_example_alias_producer_with_no_taskflow to None, run_after=None
[2024-12-28T16:45:49.745+0000] {logging_mixin.py:190} INFO - [2024-12-28T16:45:49.745+0000] {dag.py:4180} INFO - Setting next_dagrun for dataset_s3_bucket_consumer_with_no_taskflow to None, run_after=None
[2024-12-28T16:45:49.747+0000] {logging_mixin.py:190} INFO - [2024-12-28T16:45:49.746+0000] {dag.py:4180} INFO - Setting next_dagrun for dataset_s3_bucket_producer_with_no_taskflow to None, run_after=None
[2024-12-28T16:45:49.774+0000] {processor.py:208} INFO - Processing /home/airflow/.local/lib/python3.12/site-packages/airflow/example_dags/example_dataset_alias_with_no_taskflow.py took 0.831 seconds
[2024-12-28T16:46:20.763+0000] {processor.py:186} INFO - Started process (PID=536) to work on /home/airflow/.local/lib/python3.12/site-packages/airflow/example_dags/example_dataset_alias_with_no_taskflow.py
[2024-12-28T16:46:20.764+0000] {processor.py:914} INFO - Processing file /home/airflow/.local/lib/python3.12/site-packages/airflow/example_dags/example_dataset_alias_with_no_taskflow.py for tasks to queue
[2024-12-28T16:46:20.766+0000] {logging_mixin.py:190} INFO - [2024-12-28T16:46:20.766+0000] {dagbag.py:588} INFO - Filling up the DagBag from /home/airflow/.local/lib/python3.12/site-packages/airflow/example_dags/example_dataset_alias_with_no_taskflow.py
[2024-12-28T16:46:21.342+0000] {processor.py:925} INFO - DAG(s) 'dataset_s3_bucket_producer_with_no_taskflow', 'dataset_s3_bucket_consumer_with_no_taskflow', 'dataset_alias_example_alias_consumer_with_no_taskflow', 'dataset_alias_example_alias_producer_with_no_taskflow' retrieved from /home/airflow/.local/lib/python3.12/site-packages/airflow/example_dags/example_dataset_alias_with_no_taskflow.py
[2024-12-28T16:46:21.363+0000] {logging_mixin.py:190} INFO - [2024-12-28T16:46:21.362+0000] {dag.py:3239} INFO - Sync 4 DAGs
[2024-12-28T16:46:21.385+0000] {logging_mixin.py:190} INFO - [2024-12-28T16:46:21.385+0000] {dag.py:4180} INFO - Setting next_dagrun for dataset_alias_example_alias_consumer_with_no_taskflow to None, run_after=None
[2024-12-28T16:46:21.388+0000] {logging_mixin.py:190} INFO - [2024-12-28T16:46:21.388+0000] {dag.py:4180} INFO - Setting next_dagrun for dataset_alias_example_alias_producer_with_no_taskflow to None, run_after=None
[2024-12-28T16:46:21.390+0000] {logging_mixin.py:190} INFO - [2024-12-28T16:46:21.390+0000] {dag.py:4180} INFO - Setting next_dagrun for dataset_s3_bucket_consumer_with_no_taskflow to None, run_after=None
[2024-12-28T16:46:21.391+0000] {logging_mixin.py:190} INFO - [2024-12-28T16:46:21.391+0000] {dag.py:4180} INFO - Setting next_dagrun for dataset_s3_bucket_producer_with_no_taskflow to None, run_after=None
[2024-12-28T16:46:21.416+0000] {processor.py:208} INFO - Processing /home/airflow/.local/lib/python3.12/site-packages/airflow/example_dags/example_dataset_alias_with_no_taskflow.py took 0.659 seconds
[2024-12-28T16:46:52.165+0000] {processor.py:186} INFO - Started process (PID=599) to work on /home/airflow/.local/lib/python3.12/site-packages/airflow/example_dags/example_dataset_alias_with_no_taskflow.py
[2024-12-28T16:46:52.166+0000] {processor.py:914} INFO - Processing file /home/airflow/.local/lib/python3.12/site-packages/airflow/example_dags/example_dataset_alias_with_no_taskflow.py for tasks to queue
[2024-12-28T16:46:52.168+0000] {logging_mixin.py:190} INFO - [2024-12-28T16:46:52.168+0000] {dagbag.py:588} INFO - Filling up the DagBag from /home/airflow/.local/lib/python3.12/site-packages/airflow/example_dags/example_dataset_alias_with_no_taskflow.py
[2024-12-28T16:46:52.754+0000] {processor.py:925} INFO - DAG(s) 'dataset_s3_bucket_consumer_with_no_taskflow', 'dataset_s3_bucket_producer_with_no_taskflow', 'dataset_alias_example_alias_consumer_with_no_taskflow', 'dataset_alias_example_alias_producer_with_no_taskflow' retrieved from /home/airflow/.local/lib/python3.12/site-packages/airflow/example_dags/example_dataset_alias_with_no_taskflow.py
[2024-12-28T16:46:52.777+0000] {logging_mixin.py:190} INFO - [2024-12-28T16:46:52.777+0000] {dag.py:3239} INFO - Sync 4 DAGs
[2024-12-28T16:46:52.801+0000] {logging_mixin.py:190} INFO - [2024-12-28T16:46:52.801+0000] {dag.py:4180} INFO - Setting next_dagrun for dataset_alias_example_alias_consumer_with_no_taskflow to None, run_after=None
[2024-12-28T16:46:52.805+0000] {logging_mixin.py:190} INFO - [2024-12-28T16:46:52.804+0000] {dag.py:4180} INFO - Setting next_dagrun for dataset_alias_example_alias_producer_with_no_taskflow to None, run_after=None
[2024-12-28T16:46:52.806+0000] {logging_mixin.py:190} INFO - [2024-12-28T16:46:52.806+0000] {dag.py:4180} INFO - Setting next_dagrun for dataset_s3_bucket_consumer_with_no_taskflow to None, run_after=None
[2024-12-28T16:46:52.808+0000] {logging_mixin.py:190} INFO - [2024-12-28T16:46:52.808+0000] {dag.py:4180} INFO - Setting next_dagrun for dataset_s3_bucket_producer_with_no_taskflow to None, run_after=None
[2024-12-28T16:46:52.832+0000] {processor.py:208} INFO - Processing /home/airflow/.local/lib/python3.12/site-packages/airflow/example_dags/example_dataset_alias_with_no_taskflow.py took 0.675 seconds
[2024-12-28T16:47:23.329+0000] {processor.py:186} INFO - Started process (PID=662) to work on /home/airflow/.local/lib/python3.12/site-packages/airflow/example_dags/example_dataset_alias_with_no_taskflow.py
[2024-12-28T16:47:23.330+0000] {processor.py:914} INFO - Processing file /home/airflow/.local/lib/python3.12/site-packages/airflow/example_dags/example_dataset_alias_with_no_taskflow.py for tasks to queue
[2024-12-28T16:47:23.332+0000] {logging_mixin.py:190} INFO - [2024-12-28T16:47:23.332+0000] {dagbag.py:588} INFO - Filling up the DagBag from /home/airflow/.local/lib/python3.12/site-packages/airflow/example_dags/example_dataset_alias_with_no_taskflow.py
[2024-12-28T16:47:23.894+0000] {processor.py:925} INFO - DAG(s) 'dataset_alias_example_alias_producer_with_no_taskflow', 'dataset_s3_bucket_consumer_with_no_taskflow', 'dataset_alias_example_alias_consumer_with_no_taskflow', 'dataset_s3_bucket_producer_with_no_taskflow' retrieved from /home/airflow/.local/lib/python3.12/site-packages/airflow/example_dags/example_dataset_alias_with_no_taskflow.py
[2024-12-28T16:47:23.918+0000] {logging_mixin.py:190} INFO - [2024-12-28T16:47:23.917+0000] {dag.py:3239} INFO - Sync 4 DAGs
[2024-12-28T16:47:23.941+0000] {logging_mixin.py:190} INFO - [2024-12-28T16:47:23.940+0000] {dag.py:4180} INFO - Setting next_dagrun for dataset_alias_example_alias_consumer_with_no_taskflow to None, run_after=None
[2024-12-28T16:47:23.944+0000] {logging_mixin.py:190} INFO - [2024-12-28T16:47:23.944+0000] {dag.py:4180} INFO - Setting next_dagrun for dataset_alias_example_alias_producer_with_no_taskflow to None, run_after=None
[2024-12-28T16:47:23.946+0000] {logging_mixin.py:190} INFO - [2024-12-28T16:47:23.946+0000] {dag.py:4180} INFO - Setting next_dagrun for dataset_s3_bucket_consumer_with_no_taskflow to None, run_after=None
[2024-12-28T16:47:23.947+0000] {logging_mixin.py:190} INFO - [2024-12-28T16:47:23.947+0000] {dag.py:4180} INFO - Setting next_dagrun for dataset_s3_bucket_producer_with_no_taskflow to None, run_after=None
[2024-12-28T16:47:23.972+0000] {processor.py:208} INFO - Processing /home/airflow/.local/lib/python3.12/site-packages/airflow/example_dags/example_dataset_alias_with_no_taskflow.py took 0.649 seconds
[2024-12-28T16:52:22.278+0000] {processor.py:186} INFO - Started process (PID=91) to work on /home/airflow/.local/lib/python3.12/site-packages/airflow/example_dags/example_dataset_alias_with_no_taskflow.py
[2024-12-28T16:52:22.279+0000] {processor.py:914} INFO - Processing file /home/airflow/.local/lib/python3.12/site-packages/airflow/example_dags/example_dataset_alias_with_no_taskflow.py for tasks to queue
[2024-12-28T16:52:22.281+0000] {logging_mixin.py:190} INFO - [2024-12-28T16:52:22.281+0000] {dagbag.py:588} INFO - Filling up the DagBag from /home/airflow/.local/lib/python3.12/site-packages/airflow/example_dags/example_dataset_alias_with_no_taskflow.py
[2024-12-28T16:52:22.918+0000] {processor.py:925} INFO - DAG(s) 'dataset_s3_bucket_producer_with_no_taskflow', 'dataset_alias_example_alias_consumer_with_no_taskflow', 'dataset_s3_bucket_consumer_with_no_taskflow', 'dataset_alias_example_alias_producer_with_no_taskflow' retrieved from /home/airflow/.local/lib/python3.12/site-packages/airflow/example_dags/example_dataset_alias_with_no_taskflow.py
[2024-12-28T16:52:22.943+0000] {logging_mixin.py:190} INFO - [2024-12-28T16:52:22.943+0000] {dag.py:3239} INFO - Sync 4 DAGs
[2024-12-28T16:52:22.965+0000] {logging_mixin.py:190} INFO - [2024-12-28T16:52:22.965+0000] {dag.py:4180} INFO - Setting next_dagrun for dataset_alias_example_alias_consumer_with_no_taskflow to None, run_after=None
[2024-12-28T16:52:22.968+0000] {logging_mixin.py:190} INFO - [2024-12-28T16:52:22.968+0000] {dag.py:4180} INFO - Setting next_dagrun for dataset_alias_example_alias_producer_with_no_taskflow to None, run_after=None
[2024-12-28T16:52:22.970+0000] {logging_mixin.py:190} INFO - [2024-12-28T16:52:22.969+0000] {dag.py:4180} INFO - Setting next_dagrun for dataset_s3_bucket_consumer_with_no_taskflow to None, run_after=None
[2024-12-28T16:52:22.971+0000] {logging_mixin.py:190} INFO - [2024-12-28T16:52:22.971+0000] {dag.py:4180} INFO - Setting next_dagrun for dataset_s3_bucket_producer_with_no_taskflow to None, run_after=None
[2024-12-28T16:52:22.997+0000] {processor.py:208} INFO - Processing /home/airflow/.local/lib/python3.12/site-packages/airflow/example_dags/example_dataset_alias_with_no_taskflow.py took 0.724 seconds
[2024-12-28T16:52:53.577+0000] {processor.py:186} INFO - Started process (PID=155) to work on /home/airflow/.local/lib/python3.12/site-packages/airflow/example_dags/example_dataset_alias_with_no_taskflow.py
[2024-12-28T16:52:53.578+0000] {processor.py:914} INFO - Processing file /home/airflow/.local/lib/python3.12/site-packages/airflow/example_dags/example_dataset_alias_with_no_taskflow.py for tasks to queue
[2024-12-28T16:52:53.580+0000] {logging_mixin.py:190} INFO - [2024-12-28T16:52:53.580+0000] {dagbag.py:588} INFO - Filling up the DagBag from /home/airflow/.local/lib/python3.12/site-packages/airflow/example_dags/example_dataset_alias_with_no_taskflow.py
[2024-12-28T16:52:54.118+0000] {processor.py:925} INFO - DAG(s) 'dataset_alias_example_alias_producer_with_no_taskflow', 'dataset_s3_bucket_consumer_with_no_taskflow', 'dataset_s3_bucket_producer_with_no_taskflow', 'dataset_alias_example_alias_consumer_with_no_taskflow' retrieved from /home/airflow/.local/lib/python3.12/site-packages/airflow/example_dags/example_dataset_alias_with_no_taskflow.py
[2024-12-28T16:52:54.142+0000] {logging_mixin.py:190} INFO - [2024-12-28T16:52:54.142+0000] {dag.py:3239} INFO - Sync 4 DAGs
[2024-12-28T16:52:54.169+0000] {logging_mixin.py:190} INFO - [2024-12-28T16:52:54.169+0000] {dag.py:4180} INFO - Setting next_dagrun for dataset_alias_example_alias_consumer_with_no_taskflow to None, run_after=None
[2024-12-28T16:52:54.172+0000] {logging_mixin.py:190} INFO - [2024-12-28T16:52:54.171+0000] {dag.py:4180} INFO - Setting next_dagrun for dataset_alias_example_alias_producer_with_no_taskflow to None, run_after=None
[2024-12-28T16:52:54.173+0000] {logging_mixin.py:190} INFO - [2024-12-28T16:52:54.173+0000] {dag.py:4180} INFO - Setting next_dagrun for dataset_s3_bucket_consumer_with_no_taskflow to None, run_after=None
[2024-12-28T16:52:54.175+0000] {logging_mixin.py:190} INFO - [2024-12-28T16:52:54.175+0000] {dag.py:4180} INFO - Setting next_dagrun for dataset_s3_bucket_producer_with_no_taskflow to None, run_after=None
[2024-12-28T16:52:54.197+0000] {processor.py:208} INFO - Processing /home/airflow/.local/lib/python3.12/site-packages/airflow/example_dags/example_dataset_alias_with_no_taskflow.py took 0.626 seconds
[2024-12-28T16:53:24.905+0000] {processor.py:186} INFO - Started process (PID=219) to work on /home/airflow/.local/lib/python3.12/site-packages/airflow/example_dags/example_dataset_alias_with_no_taskflow.py
[2024-12-28T16:53:24.906+0000] {processor.py:914} INFO - Processing file /home/airflow/.local/lib/python3.12/site-packages/airflow/example_dags/example_dataset_alias_with_no_taskflow.py for tasks to queue
[2024-12-28T16:53:24.908+0000] {logging_mixin.py:190} INFO - [2024-12-28T16:53:24.908+0000] {dagbag.py:588} INFO - Filling up the DagBag from /home/airflow/.local/lib/python3.12/site-packages/airflow/example_dags/example_dataset_alias_with_no_taskflow.py
[2024-12-28T16:53:25.472+0000] {processor.py:925} INFO - DAG(s) 'dataset_s3_bucket_producer_with_no_taskflow', 'dataset_s3_bucket_consumer_with_no_taskflow', 'dataset_alias_example_alias_producer_with_no_taskflow', 'dataset_alias_example_alias_consumer_with_no_taskflow' retrieved from /home/airflow/.local/lib/python3.12/site-packages/airflow/example_dags/example_dataset_alias_with_no_taskflow.py
[2024-12-28T16:53:25.493+0000] {logging_mixin.py:190} INFO - [2024-12-28T16:53:25.492+0000] {dag.py:3239} INFO - Sync 4 DAGs
[2024-12-28T16:53:25.513+0000] {logging_mixin.py:190} INFO - [2024-12-28T16:53:25.513+0000] {dag.py:4180} INFO - Setting next_dagrun for dataset_alias_example_alias_consumer_with_no_taskflow to None, run_after=None
[2024-12-28T16:53:25.516+0000] {logging_mixin.py:190} INFO - [2024-12-28T16:53:25.516+0000] {dag.py:4180} INFO - Setting next_dagrun for dataset_alias_example_alias_producer_with_no_taskflow to None, run_after=None
[2024-12-28T16:53:25.519+0000] {logging_mixin.py:190} INFO - [2024-12-28T16:53:25.518+0000] {dag.py:4180} INFO - Setting next_dagrun for dataset_s3_bucket_consumer_with_no_taskflow to None, run_after=None
[2024-12-28T16:53:25.520+0000] {logging_mixin.py:190} INFO - [2024-12-28T16:53:25.520+0000] {dag.py:4180} INFO - Setting next_dagrun for dataset_s3_bucket_producer_with_no_taskflow to None, run_after=None
[2024-12-28T16:53:25.541+0000] {processor.py:208} INFO - Processing /home/airflow/.local/lib/python3.12/site-packages/airflow/example_dags/example_dataset_alias_with_no_taskflow.py took 0.642 seconds
[2024-12-28T16:53:56.061+0000] {processor.py:186} INFO - Started process (PID=287) to work on /home/airflow/.local/lib/python3.12/site-packages/airflow/example_dags/example_dataset_alias_with_no_taskflow.py
[2024-12-28T16:53:56.067+0000] {processor.py:914} INFO - Processing file /home/airflow/.local/lib/python3.12/site-packages/airflow/example_dags/example_dataset_alias_with_no_taskflow.py for tasks to queue
[2024-12-28T16:53:56.072+0000] {logging_mixin.py:190} INFO - [2024-12-28T16:53:56.072+0000] {dagbag.py:588} INFO - Filling up the DagBag from /home/airflow/.local/lib/python3.12/site-packages/airflow/example_dags/example_dataset_alias_with_no_taskflow.py
[2024-12-28T16:53:57.423+0000] {processor.py:925} INFO - DAG(s) 'dataset_s3_bucket_producer_with_no_taskflow', 'dataset_alias_example_alias_consumer_with_no_taskflow', 'dataset_s3_bucket_consumer_with_no_taskflow', 'dataset_alias_example_alias_producer_with_no_taskflow' retrieved from /home/airflow/.local/lib/python3.12/site-packages/airflow/example_dags/example_dataset_alias_with_no_taskflow.py
[2024-12-28T16:53:57.461+0000] {logging_mixin.py:190} INFO - [2024-12-28T16:53:57.460+0000] {dag.py:3239} INFO - Sync 4 DAGs
[2024-12-28T16:53:57.495+0000] {logging_mixin.py:190} INFO - [2024-12-28T16:53:57.495+0000] {dag.py:4180} INFO - Setting next_dagrun for dataset_alias_example_alias_consumer_with_no_taskflow to None, run_after=None
[2024-12-28T16:53:57.500+0000] {logging_mixin.py:190} INFO - [2024-12-28T16:53:57.500+0000] {dag.py:4180} INFO - Setting next_dagrun for dataset_alias_example_alias_producer_with_no_taskflow to None, run_after=None
[2024-12-28T16:53:57.503+0000] {logging_mixin.py:190} INFO - [2024-12-28T16:53:57.502+0000] {dag.py:4180} INFO - Setting next_dagrun for dataset_s3_bucket_consumer_with_no_taskflow to None, run_after=None
[2024-12-28T16:53:57.506+0000] {logging_mixin.py:190} INFO - [2024-12-28T16:53:57.505+0000] {dag.py:4180} INFO - Setting next_dagrun for dataset_s3_bucket_producer_with_no_taskflow to None, run_after=None
[2024-12-28T16:53:57.547+0000] {processor.py:208} INFO - Processing /home/airflow/.local/lib/python3.12/site-packages/airflow/example_dags/example_dataset_alias_with_no_taskflow.py took 1.496 seconds
[2024-12-28T16:54:28.325+0000] {processor.py:186} INFO - Started process (PID=351) to work on /home/airflow/.local/lib/python3.12/site-packages/airflow/example_dags/example_dataset_alias_with_no_taskflow.py
[2024-12-28T16:54:28.326+0000] {processor.py:914} INFO - Processing file /home/airflow/.local/lib/python3.12/site-packages/airflow/example_dags/example_dataset_alias_with_no_taskflow.py for tasks to queue
[2024-12-28T16:54:28.330+0000] {logging_mixin.py:190} INFO - [2024-12-28T16:54:28.330+0000] {dagbag.py:588} INFO - Filling up the DagBag from /home/airflow/.local/lib/python3.12/site-packages/airflow/example_dags/example_dataset_alias_with_no_taskflow.py
[2024-12-28T16:54:29.089+0000] {processor.py:925} INFO - DAG(s) 'dataset_alias_example_alias_consumer_with_no_taskflow', 'dataset_alias_example_alias_producer_with_no_taskflow', 'dataset_s3_bucket_consumer_with_no_taskflow', 'dataset_s3_bucket_producer_with_no_taskflow' retrieved from /home/airflow/.local/lib/python3.12/site-packages/airflow/example_dags/example_dataset_alias_with_no_taskflow.py
[2024-12-28T16:54:29.110+0000] {logging_mixin.py:190} INFO - [2024-12-28T16:54:29.110+0000] {dag.py:3239} INFO - Sync 4 DAGs
[2024-12-28T16:54:29.132+0000] {logging_mixin.py:190} INFO - [2024-12-28T16:54:29.132+0000] {dag.py:4180} INFO - Setting next_dagrun for dataset_alias_example_alias_consumer_with_no_taskflow to None, run_after=None
[2024-12-28T16:54:29.134+0000] {logging_mixin.py:190} INFO - [2024-12-28T16:54:29.134+0000] {dag.py:4180} INFO - Setting next_dagrun for dataset_alias_example_alias_producer_with_no_taskflow to None, run_after=None
[2024-12-28T16:54:29.136+0000] {logging_mixin.py:190} INFO - [2024-12-28T16:54:29.136+0000] {dag.py:4180} INFO - Setting next_dagrun for dataset_s3_bucket_consumer_with_no_taskflow to None, run_after=None
[2024-12-28T16:54:29.137+0000] {logging_mixin.py:190} INFO - [2024-12-28T16:54:29.137+0000] {dag.py:4180} INFO - Setting next_dagrun for dataset_s3_bucket_producer_with_no_taskflow to None, run_after=None
[2024-12-28T16:54:29.167+0000] {processor.py:208} INFO - Processing /home/airflow/.local/lib/python3.12/site-packages/airflow/example_dags/example_dataset_alias_with_no_taskflow.py took 0.852 seconds
[2024-12-28T16:55:00.073+0000] {processor.py:186} INFO - Started process (PID=415) to work on /home/airflow/.local/lib/python3.12/site-packages/airflow/example_dags/example_dataset_alias_with_no_taskflow.py
[2024-12-28T16:55:00.076+0000] {processor.py:914} INFO - Processing file /home/airflow/.local/lib/python3.12/site-packages/airflow/example_dags/example_dataset_alias_with_no_taskflow.py for tasks to queue
[2024-12-28T16:55:00.079+0000] {logging_mixin.py:190} INFO - [2024-12-28T16:55:00.079+0000] {dagbag.py:588} INFO - Filling up the DagBag from /home/airflow/.local/lib/python3.12/site-packages/airflow/example_dags/example_dataset_alias_with_no_taskflow.py
[2024-12-28T16:55:01.309+0000] {processor.py:925} INFO - DAG(s) 'dataset_s3_bucket_consumer_with_no_taskflow', 'dataset_alias_example_alias_consumer_with_no_taskflow', 'dataset_s3_bucket_producer_with_no_taskflow', 'dataset_alias_example_alias_producer_with_no_taskflow' retrieved from /home/airflow/.local/lib/python3.12/site-packages/airflow/example_dags/example_dataset_alias_with_no_taskflow.py
[2024-12-28T16:55:01.357+0000] {logging_mixin.py:190} INFO - [2024-12-28T16:55:01.356+0000] {dag.py:3239} INFO - Sync 4 DAGs
[2024-12-28T16:55:01.399+0000] {logging_mixin.py:190} INFO - [2024-12-28T16:55:01.399+0000] {dag.py:4180} INFO - Setting next_dagrun for dataset_alias_example_alias_consumer_with_no_taskflow to None, run_after=None
[2024-12-28T16:55:01.407+0000] {logging_mixin.py:190} INFO - [2024-12-28T16:55:01.407+0000] {dag.py:4180} INFO - Setting next_dagrun for dataset_alias_example_alias_producer_with_no_taskflow to None, run_after=None
[2024-12-28T16:55:01.410+0000] {logging_mixin.py:190} INFO - [2024-12-28T16:55:01.409+0000] {dag.py:4180} INFO - Setting next_dagrun for dataset_s3_bucket_consumer_with_no_taskflow to None, run_after=None
[2024-12-28T16:55:01.413+0000] {logging_mixin.py:190} INFO - [2024-12-28T16:55:01.413+0000] {dag.py:4180} INFO - Setting next_dagrun for dataset_s3_bucket_producer_with_no_taskflow to None, run_after=None
[2024-12-28T16:55:01.465+0000] {processor.py:208} INFO - Processing /home/airflow/.local/lib/python3.12/site-packages/airflow/example_dags/example_dataset_alias_with_no_taskflow.py took 1.401 seconds
[2024-12-28T16:55:32.428+0000] {processor.py:186} INFO - Started process (PID=479) to work on /home/airflow/.local/lib/python3.12/site-packages/airflow/example_dags/example_dataset_alias_with_no_taskflow.py
[2024-12-28T16:55:32.429+0000] {processor.py:914} INFO - Processing file /home/airflow/.local/lib/python3.12/site-packages/airflow/example_dags/example_dataset_alias_with_no_taskflow.py for tasks to queue
[2024-12-28T16:55:32.433+0000] {logging_mixin.py:190} INFO - [2024-12-28T16:55:32.432+0000] {dagbag.py:588} INFO - Filling up the DagBag from /home/airflow/.local/lib/python3.12/site-packages/airflow/example_dags/example_dataset_alias_with_no_taskflow.py
[2024-12-28T16:55:33.545+0000] {processor.py:925} INFO - DAG(s) 'dataset_s3_bucket_producer_with_no_taskflow', 'dataset_s3_bucket_consumer_with_no_taskflow', 'dataset_alias_example_alias_consumer_with_no_taskflow', 'dataset_alias_example_alias_producer_with_no_taskflow' retrieved from /home/airflow/.local/lib/python3.12/site-packages/airflow/example_dags/example_dataset_alias_with_no_taskflow.py
[2024-12-28T16:55:33.607+0000] {logging_mixin.py:190} INFO - [2024-12-28T16:55:33.606+0000] {dag.py:3239} INFO - Sync 4 DAGs
[2024-12-28T16:55:33.653+0000] {logging_mixin.py:190} INFO - [2024-12-28T16:55:33.653+0000] {dag.py:4180} INFO - Setting next_dagrun for dataset_alias_example_alias_consumer_with_no_taskflow to None, run_after=None
[2024-12-28T16:55:33.658+0000] {logging_mixin.py:190} INFO - [2024-12-28T16:55:33.658+0000] {dag.py:4180} INFO - Setting next_dagrun for dataset_alias_example_alias_producer_with_no_taskflow to None, run_after=None
[2024-12-28T16:55:33.662+0000] {logging_mixin.py:190} INFO - [2024-12-28T16:55:33.662+0000] {dag.py:4180} INFO - Setting next_dagrun for dataset_s3_bucket_consumer_with_no_taskflow to None, run_after=None
[2024-12-28T16:55:33.665+0000] {logging_mixin.py:190} INFO - [2024-12-28T16:55:33.665+0000] {dag.py:4180} INFO - Setting next_dagrun for dataset_s3_bucket_producer_with_no_taskflow to None, run_after=None
[2024-12-28T16:55:33.716+0000] {processor.py:208} INFO - Processing /home/airflow/.local/lib/python3.12/site-packages/airflow/example_dags/example_dataset_alias_with_no_taskflow.py took 1.302 seconds
[2024-12-28T16:56:03.867+0000] {processor.py:186} INFO - Started process (PID=542) to work on /home/airflow/.local/lib/python3.12/site-packages/airflow/example_dags/example_dataset_alias_with_no_taskflow.py
[2024-12-28T16:56:03.869+0000] {processor.py:914} INFO - Processing file /home/airflow/.local/lib/python3.12/site-packages/airflow/example_dags/example_dataset_alias_with_no_taskflow.py for tasks to queue
[2024-12-28T16:56:03.872+0000] {logging_mixin.py:190} INFO - [2024-12-28T16:56:03.871+0000] {dagbag.py:588} INFO - Filling up the DagBag from /home/airflow/.local/lib/python3.12/site-packages/airflow/example_dags/example_dataset_alias_with_no_taskflow.py
[2024-12-28T16:56:04.520+0000] {processor.py:925} INFO - DAG(s) 'dataset_alias_example_alias_consumer_with_no_taskflow', 'dataset_alias_example_alias_producer_with_no_taskflow', 'dataset_s3_bucket_producer_with_no_taskflow', 'dataset_s3_bucket_consumer_with_no_taskflow' retrieved from /home/airflow/.local/lib/python3.12/site-packages/airflow/example_dags/example_dataset_alias_with_no_taskflow.py
[2024-12-28T16:56:04.547+0000] {logging_mixin.py:190} INFO - [2024-12-28T16:56:04.547+0000] {dag.py:3239} INFO - Sync 4 DAGs
[2024-12-28T16:56:04.575+0000] {logging_mixin.py:190} INFO - [2024-12-28T16:56:04.574+0000] {dag.py:4180} INFO - Setting next_dagrun for dataset_alias_example_alias_consumer_with_no_taskflow to None, run_after=None
[2024-12-28T16:56:04.578+0000] {logging_mixin.py:190} INFO - [2024-12-28T16:56:04.578+0000] {dag.py:4180} INFO - Setting next_dagrun for dataset_alias_example_alias_producer_with_no_taskflow to None, run_after=None
[2024-12-28T16:56:04.580+0000] {logging_mixin.py:190} INFO - [2024-12-28T16:56:04.580+0000] {dag.py:4180} INFO - Setting next_dagrun for dataset_s3_bucket_consumer_with_no_taskflow to None, run_after=None
[2024-12-28T16:56:04.582+0000] {logging_mixin.py:190} INFO - [2024-12-28T16:56:04.581+0000] {dag.py:4180} INFO - Setting next_dagrun for dataset_s3_bucket_producer_with_no_taskflow to None, run_after=None
[2024-12-28T16:56:04.609+0000] {processor.py:208} INFO - Processing /home/airflow/.local/lib/python3.12/site-packages/airflow/example_dags/example_dataset_alias_with_no_taskflow.py took 0.748 seconds
[2024-12-28T16:56:35.330+0000] {processor.py:186} INFO - Started process (PID=607) to work on /home/airflow/.local/lib/python3.12/site-packages/airflow/example_dags/example_dataset_alias_with_no_taskflow.py
[2024-12-28T16:56:35.331+0000] {processor.py:914} INFO - Processing file /home/airflow/.local/lib/python3.12/site-packages/airflow/example_dags/example_dataset_alias_with_no_taskflow.py for tasks to queue
[2024-12-28T16:56:35.333+0000] {logging_mixin.py:190} INFO - [2024-12-28T16:56:35.333+0000] {dagbag.py:588} INFO - Filling up the DagBag from /home/airflow/.local/lib/python3.12/site-packages/airflow/example_dags/example_dataset_alias_with_no_taskflow.py
[2024-12-28T16:56:35.884+0000] {processor.py:925} INFO - DAG(s) 'dataset_alias_example_alias_consumer_with_no_taskflow', 'dataset_s3_bucket_producer_with_no_taskflow', 'dataset_alias_example_alias_producer_with_no_taskflow', 'dataset_s3_bucket_consumer_with_no_taskflow' retrieved from /home/airflow/.local/lib/python3.12/site-packages/airflow/example_dags/example_dataset_alias_with_no_taskflow.py
[2024-12-28T16:56:35.905+0000] {logging_mixin.py:190} INFO - [2024-12-28T16:56:35.905+0000] {dag.py:3239} INFO - Sync 4 DAGs
[2024-12-28T16:56:35.926+0000] {logging_mixin.py:190} INFO - [2024-12-28T16:56:35.926+0000] {dag.py:4180} INFO - Setting next_dagrun for dataset_alias_example_alias_consumer_with_no_taskflow to None, run_after=None
[2024-12-28T16:56:35.930+0000] {logging_mixin.py:190} INFO - [2024-12-28T16:56:35.929+0000] {dag.py:4180} INFO - Setting next_dagrun for dataset_alias_example_alias_producer_with_no_taskflow to None, run_after=None
[2024-12-28T16:56:35.932+0000] {logging_mixin.py:190} INFO - [2024-12-28T16:56:35.931+0000] {dag.py:4180} INFO - Setting next_dagrun for dataset_s3_bucket_consumer_with_no_taskflow to None, run_after=None
[2024-12-28T16:56:35.933+0000] {logging_mixin.py:190} INFO - [2024-12-28T16:56:35.933+0000] {dag.py:4180} INFO - Setting next_dagrun for dataset_s3_bucket_producer_with_no_taskflow to None, run_after=None
[2024-12-28T16:56:35.954+0000] {processor.py:208} INFO - Processing /home/airflow/.local/lib/python3.12/site-packages/airflow/example_dags/example_dataset_alias_with_no_taskflow.py took 0.630 seconds
[2024-12-28T16:57:06.134+0000] {processor.py:186} INFO - Started process (PID=671) to work on /home/airflow/.local/lib/python3.12/site-packages/airflow/example_dags/example_dataset_alias_with_no_taskflow.py
[2024-12-28T16:57:06.135+0000] {processor.py:914} INFO - Processing file /home/airflow/.local/lib/python3.12/site-packages/airflow/example_dags/example_dataset_alias_with_no_taskflow.py for tasks to queue
[2024-12-28T16:57:06.137+0000] {logging_mixin.py:190} INFO - [2024-12-28T16:57:06.137+0000] {dagbag.py:588} INFO - Filling up the DagBag from /home/airflow/.local/lib/python3.12/site-packages/airflow/example_dags/example_dataset_alias_with_no_taskflow.py
[2024-12-28T16:57:06.713+0000] {processor.py:925} INFO - DAG(s) 'dataset_alias_example_alias_producer_with_no_taskflow', 'dataset_s3_bucket_consumer_with_no_taskflow', 'dataset_s3_bucket_producer_with_no_taskflow', 'dataset_alias_example_alias_consumer_with_no_taskflow' retrieved from /home/airflow/.local/lib/python3.12/site-packages/airflow/example_dags/example_dataset_alias_with_no_taskflow.py
[2024-12-28T16:57:06.735+0000] {logging_mixin.py:190} INFO - [2024-12-28T16:57:06.734+0000] {dag.py:3239} INFO - Sync 4 DAGs
[2024-12-28T16:57:06.756+0000] {logging_mixin.py:190} INFO - [2024-12-28T16:57:06.756+0000] {dag.py:4180} INFO - Setting next_dagrun for dataset_alias_example_alias_consumer_with_no_taskflow to None, run_after=None
[2024-12-28T16:57:06.758+0000] {logging_mixin.py:190} INFO - [2024-12-28T16:57:06.758+0000] {dag.py:4180} INFO - Setting next_dagrun for dataset_alias_example_alias_producer_with_no_taskflow to None, run_after=None
[2024-12-28T16:57:06.760+0000] {logging_mixin.py:190} INFO - [2024-12-28T16:57:06.760+0000] {dag.py:4180} INFO - Setting next_dagrun for dataset_s3_bucket_consumer_with_no_taskflow to None, run_after=None
[2024-12-28T16:57:06.761+0000] {logging_mixin.py:190} INFO - [2024-12-28T16:57:06.761+0000] {dag.py:4180} INFO - Setting next_dagrun for dataset_s3_bucket_producer_with_no_taskflow to None, run_after=None
[2024-12-28T16:57:06.784+0000] {processor.py:208} INFO - Processing /home/airflow/.local/lib/python3.12/site-packages/airflow/example_dags/example_dataset_alias_with_no_taskflow.py took 0.659 seconds
[2024-12-28T16:57:37.765+0000] {processor.py:186} INFO - Started process (PID=735) to work on /home/airflow/.local/lib/python3.12/site-packages/airflow/example_dags/example_dataset_alias_with_no_taskflow.py
[2024-12-28T16:57:37.766+0000] {processor.py:914} INFO - Processing file /home/airflow/.local/lib/python3.12/site-packages/airflow/example_dags/example_dataset_alias_with_no_taskflow.py for tasks to queue
[2024-12-28T16:57:37.769+0000] {logging_mixin.py:190} INFO - [2024-12-28T16:57:37.768+0000] {dagbag.py:588} INFO - Filling up the DagBag from /home/airflow/.local/lib/python3.12/site-packages/airflow/example_dags/example_dataset_alias_with_no_taskflow.py
[2024-12-28T16:57:38.315+0000] {processor.py:925} INFO - DAG(s) 'dataset_s3_bucket_producer_with_no_taskflow', 'dataset_alias_example_alias_producer_with_no_taskflow', 'dataset_alias_example_alias_consumer_with_no_taskflow', 'dataset_s3_bucket_consumer_with_no_taskflow' retrieved from /home/airflow/.local/lib/python3.12/site-packages/airflow/example_dags/example_dataset_alias_with_no_taskflow.py
[2024-12-28T16:57:38.335+0000] {logging_mixin.py:190} INFO - [2024-12-28T16:57:38.335+0000] {dag.py:3239} INFO - Sync 4 DAGs
[2024-12-28T16:57:38.357+0000] {logging_mixin.py:190} INFO - [2024-12-28T16:57:38.357+0000] {dag.py:4180} INFO - Setting next_dagrun for dataset_alias_example_alias_consumer_with_no_taskflow to None, run_after=None
[2024-12-28T16:57:38.360+0000] {logging_mixin.py:190} INFO - [2024-12-28T16:57:38.360+0000] {dag.py:4180} INFO - Setting next_dagrun for dataset_alias_example_alias_producer_with_no_taskflow to None, run_after=None
[2024-12-28T16:57:38.361+0000] {logging_mixin.py:190} INFO - [2024-12-28T16:57:38.361+0000] {dag.py:4180} INFO - Setting next_dagrun for dataset_s3_bucket_consumer_with_no_taskflow to None, run_after=None
[2024-12-28T16:57:38.363+0000] {logging_mixin.py:190} INFO - [2024-12-28T16:57:38.362+0000] {dag.py:4180} INFO - Setting next_dagrun for dataset_s3_bucket_producer_with_no_taskflow to None, run_after=None
[2024-12-28T16:57:38.385+0000] {processor.py:208} INFO - Processing /home/airflow/.local/lib/python3.12/site-packages/airflow/example_dags/example_dataset_alias_with_no_taskflow.py took 0.628 seconds
[2024-12-28T16:58:08.515+0000] {processor.py:186} INFO - Started process (PID=799) to work on /home/airflow/.local/lib/python3.12/site-packages/airflow/example_dags/example_dataset_alias_with_no_taskflow.py
[2024-12-28T16:58:08.516+0000] {processor.py:914} INFO - Processing file /home/airflow/.local/lib/python3.12/site-packages/airflow/example_dags/example_dataset_alias_with_no_taskflow.py for tasks to queue
[2024-12-28T16:58:08.518+0000] {logging_mixin.py:190} INFO - [2024-12-28T16:58:08.518+0000] {dagbag.py:588} INFO - Filling up the DagBag from /home/airflow/.local/lib/python3.12/site-packages/airflow/example_dags/example_dataset_alias_with_no_taskflow.py
[2024-12-28T16:58:09.048+0000] {processor.py:925} INFO - DAG(s) 'dataset_alias_example_alias_consumer_with_no_taskflow', 'dataset_s3_bucket_producer_with_no_taskflow', 'dataset_s3_bucket_consumer_with_no_taskflow', 'dataset_alias_example_alias_producer_with_no_taskflow' retrieved from /home/airflow/.local/lib/python3.12/site-packages/airflow/example_dags/example_dataset_alias_with_no_taskflow.py
[2024-12-28T16:58:09.071+0000] {logging_mixin.py:190} INFO - [2024-12-28T16:58:09.070+0000] {dag.py:3239} INFO - Sync 4 DAGs
[2024-12-28T16:58:09.093+0000] {logging_mixin.py:190} INFO - [2024-12-28T16:58:09.092+0000] {dag.py:4180} INFO - Setting next_dagrun for dataset_alias_example_alias_consumer_with_no_taskflow to None, run_after=None
[2024-12-28T16:58:09.095+0000] {logging_mixin.py:190} INFO - [2024-12-28T16:58:09.095+0000] {dag.py:4180} INFO - Setting next_dagrun for dataset_alias_example_alias_producer_with_no_taskflow to None, run_after=None
[2024-12-28T16:58:09.097+0000] {logging_mixin.py:190} INFO - [2024-12-28T16:58:09.096+0000] {dag.py:4180} INFO - Setting next_dagrun for dataset_s3_bucket_consumer_with_no_taskflow to None, run_after=None
[2024-12-28T16:58:09.098+0000] {logging_mixin.py:190} INFO - [2024-12-28T16:58:09.098+0000] {dag.py:4180} INFO - Setting next_dagrun for dataset_s3_bucket_producer_with_no_taskflow to None, run_after=None
[2024-12-28T16:58:09.121+0000] {processor.py:208} INFO - Processing /home/airflow/.local/lib/python3.12/site-packages/airflow/example_dags/example_dataset_alias_with_no_taskflow.py took 0.611 seconds
[2024-12-28T16:58:39.713+0000] {processor.py:186} INFO - Started process (PID=863) to work on /home/airflow/.local/lib/python3.12/site-packages/airflow/example_dags/example_dataset_alias_with_no_taskflow.py
[2024-12-28T16:58:39.714+0000] {processor.py:914} INFO - Processing file /home/airflow/.local/lib/python3.12/site-packages/airflow/example_dags/example_dataset_alias_with_no_taskflow.py for tasks to queue
[2024-12-28T16:58:39.715+0000] {logging_mixin.py:190} INFO - [2024-12-28T16:58:39.715+0000] {dagbag.py:588} INFO - Filling up the DagBag from /home/airflow/.local/lib/python3.12/site-packages/airflow/example_dags/example_dataset_alias_with_no_taskflow.py
[2024-12-28T16:58:40.244+0000] {processor.py:925} INFO - DAG(s) 'dataset_alias_example_alias_producer_with_no_taskflow', 'dataset_s3_bucket_producer_with_no_taskflow', 'dataset_s3_bucket_consumer_with_no_taskflow', 'dataset_alias_example_alias_consumer_with_no_taskflow' retrieved from /home/airflow/.local/lib/python3.12/site-packages/airflow/example_dags/example_dataset_alias_with_no_taskflow.py
[2024-12-28T16:58:40.266+0000] {logging_mixin.py:190} INFO - [2024-12-28T16:58:40.265+0000] {dag.py:3239} INFO - Sync 4 DAGs
[2024-12-28T16:58:40.287+0000] {logging_mixin.py:190} INFO - [2024-12-28T16:58:40.287+0000] {dag.py:4180} INFO - Setting next_dagrun for dataset_alias_example_alias_consumer_with_no_taskflow to None, run_after=None
[2024-12-28T16:58:40.290+0000] {logging_mixin.py:190} INFO - [2024-12-28T16:58:40.290+0000] {dag.py:4180} INFO - Setting next_dagrun for dataset_alias_example_alias_producer_with_no_taskflow to None, run_after=None
[2024-12-28T16:58:40.291+0000] {logging_mixin.py:190} INFO - [2024-12-28T16:58:40.291+0000] {dag.py:4180} INFO - Setting next_dagrun for dataset_s3_bucket_consumer_with_no_taskflow to None, run_after=None
[2024-12-28T16:58:40.293+0000] {logging_mixin.py:190} INFO - [2024-12-28T16:58:40.293+0000] {dag.py:4180} INFO - Setting next_dagrun for dataset_s3_bucket_producer_with_no_taskflow to None, run_after=None
[2024-12-28T16:58:40.315+0000] {processor.py:208} INFO - Processing /home/airflow/.local/lib/python3.12/site-packages/airflow/example_dags/example_dataset_alias_with_no_taskflow.py took 0.608 seconds
[2024-12-28T16:59:10.902+0000] {processor.py:186} INFO - Started process (PID=927) to work on /home/airflow/.local/lib/python3.12/site-packages/airflow/example_dags/example_dataset_alias_with_no_taskflow.py
[2024-12-28T16:59:10.903+0000] {processor.py:914} INFO - Processing file /home/airflow/.local/lib/python3.12/site-packages/airflow/example_dags/example_dataset_alias_with_no_taskflow.py for tasks to queue
[2024-12-28T16:59:10.905+0000] {logging_mixin.py:190} INFO - [2024-12-28T16:59:10.905+0000] {dagbag.py:588} INFO - Filling up the DagBag from /home/airflow/.local/lib/python3.12/site-packages/airflow/example_dags/example_dataset_alias_with_no_taskflow.py
[2024-12-28T16:59:11.445+0000] {processor.py:925} INFO - DAG(s) 'dataset_alias_example_alias_producer_with_no_taskflow', 'dataset_alias_example_alias_consumer_with_no_taskflow', 'dataset_s3_bucket_consumer_with_no_taskflow', 'dataset_s3_bucket_producer_with_no_taskflow' retrieved from /home/airflow/.local/lib/python3.12/site-packages/airflow/example_dags/example_dataset_alias_with_no_taskflow.py
[2024-12-28T16:59:11.466+0000] {logging_mixin.py:190} INFO - [2024-12-28T16:59:11.465+0000] {dag.py:3239} INFO - Sync 4 DAGs
[2024-12-28T16:59:11.489+0000] {logging_mixin.py:190} INFO - [2024-12-28T16:59:11.488+0000] {dag.py:4180} INFO - Setting next_dagrun for dataset_alias_example_alias_consumer_with_no_taskflow to None, run_after=None
[2024-12-28T16:59:11.491+0000] {logging_mixin.py:190} INFO - [2024-12-28T16:59:11.491+0000] {dag.py:4180} INFO - Setting next_dagrun for dataset_alias_example_alias_producer_with_no_taskflow to None, run_after=None
[2024-12-28T16:59:11.494+0000] {logging_mixin.py:190} INFO - [2024-12-28T16:59:11.494+0000] {dag.py:4180} INFO - Setting next_dagrun for dataset_s3_bucket_consumer_with_no_taskflow to None, run_after=None
[2024-12-28T16:59:11.495+0000] {logging_mixin.py:190} INFO - [2024-12-28T16:59:11.495+0000] {dag.py:4180} INFO - Setting next_dagrun for dataset_s3_bucket_producer_with_no_taskflow to None, run_after=None
[2024-12-28T16:59:11.517+0000] {processor.py:208} INFO - Processing /home/airflow/.local/lib/python3.12/site-packages/airflow/example_dags/example_dataset_alias_with_no_taskflow.py took 0.620 seconds
[2024-12-28T16:59:42.259+0000] {processor.py:186} INFO - Started process (PID=991) to work on /home/airflow/.local/lib/python3.12/site-packages/airflow/example_dags/example_dataset_alias_with_no_taskflow.py
[2024-12-28T16:59:42.259+0000] {processor.py:914} INFO - Processing file /home/airflow/.local/lib/python3.12/site-packages/airflow/example_dags/example_dataset_alias_with_no_taskflow.py for tasks to queue
[2024-12-28T16:59:42.261+0000] {logging_mixin.py:190} INFO - [2024-12-28T16:59:42.261+0000] {dagbag.py:588} INFO - Filling up the DagBag from /home/airflow/.local/lib/python3.12/site-packages/airflow/example_dags/example_dataset_alias_with_no_taskflow.py
[2024-12-28T16:59:42.785+0000] {processor.py:925} INFO - DAG(s) 'dataset_s3_bucket_producer_with_no_taskflow', 'dataset_alias_example_alias_producer_with_no_taskflow', 'dataset_alias_example_alias_consumer_with_no_taskflow', 'dataset_s3_bucket_consumer_with_no_taskflow' retrieved from /home/airflow/.local/lib/python3.12/site-packages/airflow/example_dags/example_dataset_alias_with_no_taskflow.py
[2024-12-28T16:59:42.805+0000] {logging_mixin.py:190} INFO - [2024-12-28T16:59:42.805+0000] {dag.py:3239} INFO - Sync 4 DAGs
[2024-12-28T16:59:42.826+0000] {logging_mixin.py:190} INFO - [2024-12-28T16:59:42.826+0000] {dag.py:4180} INFO - Setting next_dagrun for dataset_alias_example_alias_consumer_with_no_taskflow to None, run_after=None
[2024-12-28T16:59:42.829+0000] {logging_mixin.py:190} INFO - [2024-12-28T16:59:42.829+0000] {dag.py:4180} INFO - Setting next_dagrun for dataset_alias_example_alias_producer_with_no_taskflow to None, run_after=None
[2024-12-28T16:59:42.830+0000] {logging_mixin.py:190} INFO - [2024-12-28T16:59:42.830+0000] {dag.py:4180} INFO - Setting next_dagrun for dataset_s3_bucket_consumer_with_no_taskflow to None, run_after=None
[2024-12-28T16:59:42.831+0000] {logging_mixin.py:190} INFO - [2024-12-28T16:59:42.831+0000] {dag.py:4180} INFO - Setting next_dagrun for dataset_s3_bucket_producer_with_no_taskflow to None, run_after=None
[2024-12-28T16:59:42.852+0000] {processor.py:208} INFO - Processing /home/airflow/.local/lib/python3.12/site-packages/airflow/example_dags/example_dataset_alias_with_no_taskflow.py took 0.599 seconds
[2024-12-28T17:00:13.046+0000] {processor.py:186} INFO - Started process (PID=1055) to work on /home/airflow/.local/lib/python3.12/site-packages/airflow/example_dags/example_dataset_alias_with_no_taskflow.py
[2024-12-28T17:00:13.046+0000] {processor.py:914} INFO - Processing file /home/airflow/.local/lib/python3.12/site-packages/airflow/example_dags/example_dataset_alias_with_no_taskflow.py for tasks to queue
[2024-12-28T17:00:13.049+0000] {logging_mixin.py:190} INFO - [2024-12-28T17:00:13.049+0000] {dagbag.py:588} INFO - Filling up the DagBag from /home/airflow/.local/lib/python3.12/site-packages/airflow/example_dags/example_dataset_alias_with_no_taskflow.py
[2024-12-28T17:00:13.578+0000] {processor.py:925} INFO - DAG(s) 'dataset_s3_bucket_consumer_with_no_taskflow', 'dataset_alias_example_alias_consumer_with_no_taskflow', 'dataset_alias_example_alias_producer_with_no_taskflow', 'dataset_s3_bucket_producer_with_no_taskflow' retrieved from /home/airflow/.local/lib/python3.12/site-packages/airflow/example_dags/example_dataset_alias_with_no_taskflow.py
[2024-12-28T17:00:13.600+0000] {logging_mixin.py:190} INFO - [2024-12-28T17:00:13.600+0000] {dag.py:3239} INFO - Sync 4 DAGs
[2024-12-28T17:00:13.621+0000] {logging_mixin.py:190} INFO - [2024-12-28T17:00:13.621+0000] {dag.py:4180} INFO - Setting next_dagrun for dataset_alias_example_alias_consumer_with_no_taskflow to None, run_after=None
[2024-12-28T17:00:13.624+0000] {logging_mixin.py:190} INFO - [2024-12-28T17:00:13.624+0000] {dag.py:4180} INFO - Setting next_dagrun for dataset_alias_example_alias_producer_with_no_taskflow to None, run_after=None
[2024-12-28T17:00:13.626+0000] {logging_mixin.py:190} INFO - [2024-12-28T17:00:13.626+0000] {dag.py:4180} INFO - Setting next_dagrun for dataset_s3_bucket_consumer_with_no_taskflow to None, run_after=None
[2024-12-28T17:00:13.628+0000] {logging_mixin.py:190} INFO - [2024-12-28T17:00:13.628+0000] {dag.py:4180} INFO - Setting next_dagrun for dataset_s3_bucket_producer_with_no_taskflow to None, run_after=None
[2024-12-28T17:00:13.654+0000] {processor.py:208} INFO - Processing /home/airflow/.local/lib/python3.12/site-packages/airflow/example_dags/example_dataset_alias_with_no_taskflow.py took 0.615 seconds
[2024-12-28T17:00:44.525+0000] {processor.py:186} INFO - Started process (PID=1119) to work on /home/airflow/.local/lib/python3.12/site-packages/airflow/example_dags/example_dataset_alias_with_no_taskflow.py
[2024-12-28T17:00:44.526+0000] {processor.py:914} INFO - Processing file /home/airflow/.local/lib/python3.12/site-packages/airflow/example_dags/example_dataset_alias_with_no_taskflow.py for tasks to queue
[2024-12-28T17:00:44.528+0000] {logging_mixin.py:190} INFO - [2024-12-28T17:00:44.528+0000] {dagbag.py:588} INFO - Filling up the DagBag from /home/airflow/.local/lib/python3.12/site-packages/airflow/example_dags/example_dataset_alias_with_no_taskflow.py
[2024-12-28T17:00:45.039+0000] {processor.py:925} INFO - DAG(s) 'dataset_s3_bucket_consumer_with_no_taskflow', 'dataset_alias_example_alias_producer_with_no_taskflow', 'dataset_s3_bucket_producer_with_no_taskflow', 'dataset_alias_example_alias_consumer_with_no_taskflow' retrieved from /home/airflow/.local/lib/python3.12/site-packages/airflow/example_dags/example_dataset_alias_with_no_taskflow.py
[2024-12-28T17:00:45.059+0000] {logging_mixin.py:190} INFO - [2024-12-28T17:00:45.059+0000] {dag.py:3239} INFO - Sync 4 DAGs
[2024-12-28T17:00:45.078+0000] {logging_mixin.py:190} INFO - [2024-12-28T17:00:45.078+0000] {dag.py:4180} INFO - Setting next_dagrun for dataset_alias_example_alias_consumer_with_no_taskflow to None, run_after=None
[2024-12-28T17:00:45.080+0000] {logging_mixin.py:190} INFO - [2024-12-28T17:00:45.080+0000] {dag.py:4180} INFO - Setting next_dagrun for dataset_alias_example_alias_producer_with_no_taskflow to None, run_after=None
[2024-12-28T17:00:45.082+0000] {logging_mixin.py:190} INFO - [2024-12-28T17:00:45.082+0000] {dag.py:4180} INFO - Setting next_dagrun for dataset_s3_bucket_consumer_with_no_taskflow to None, run_after=None
[2024-12-28T17:00:45.083+0000] {logging_mixin.py:190} INFO - [2024-12-28T17:00:45.083+0000] {dag.py:4180} INFO - Setting next_dagrun for dataset_s3_bucket_producer_with_no_taskflow to None, run_after=None
[2024-12-28T17:00:45.104+0000] {processor.py:208} INFO - Processing /home/airflow/.local/lib/python3.12/site-packages/airflow/example_dags/example_dataset_alias_with_no_taskflow.py took 0.584 seconds
[2024-12-28T17:01:16.049+0000] {processor.py:186} INFO - Started process (PID=1183) to work on /home/airflow/.local/lib/python3.12/site-packages/airflow/example_dags/example_dataset_alias_with_no_taskflow.py
[2024-12-28T17:01:16.050+0000] {processor.py:914} INFO - Processing file /home/airflow/.local/lib/python3.12/site-packages/airflow/example_dags/example_dataset_alias_with_no_taskflow.py for tasks to queue
[2024-12-28T17:01:16.052+0000] {logging_mixin.py:190} INFO - [2024-12-28T17:01:16.052+0000] {dagbag.py:588} INFO - Filling up the DagBag from /home/airflow/.local/lib/python3.12/site-packages/airflow/example_dags/example_dataset_alias_with_no_taskflow.py
[2024-12-28T17:01:16.630+0000] {processor.py:925} INFO - DAG(s) 'dataset_s3_bucket_consumer_with_no_taskflow', 'dataset_s3_bucket_producer_with_no_taskflow', 'dataset_alias_example_alias_producer_with_no_taskflow', 'dataset_alias_example_alias_consumer_with_no_taskflow' retrieved from /home/airflow/.local/lib/python3.12/site-packages/airflow/example_dags/example_dataset_alias_with_no_taskflow.py
[2024-12-28T17:01:16.655+0000] {logging_mixin.py:190} INFO - [2024-12-28T17:01:16.654+0000] {dag.py:3239} INFO - Sync 4 DAGs
[2024-12-28T17:01:16.675+0000] {logging_mixin.py:190} INFO - [2024-12-28T17:01:16.675+0000] {dag.py:4180} INFO - Setting next_dagrun for dataset_alias_example_alias_consumer_with_no_taskflow to None, run_after=None
[2024-12-28T17:01:16.677+0000] {logging_mixin.py:190} INFO - [2024-12-28T17:01:16.677+0000] {dag.py:4180} INFO - Setting next_dagrun for dataset_alias_example_alias_producer_with_no_taskflow to None, run_after=None
[2024-12-28T17:01:16.679+0000] {logging_mixin.py:190} INFO - [2024-12-28T17:01:16.679+0000] {dag.py:4180} INFO - Setting next_dagrun for dataset_s3_bucket_consumer_with_no_taskflow to None, run_after=None
[2024-12-28T17:01:16.680+0000] {logging_mixin.py:190} INFO - [2024-12-28T17:01:16.680+0000] {dag.py:4180} INFO - Setting next_dagrun for dataset_s3_bucket_producer_with_no_taskflow to None, run_after=None
[2024-12-28T17:01:16.699+0000] {processor.py:208} INFO - Processing /home/airflow/.local/lib/python3.12/site-packages/airflow/example_dags/example_dataset_alias_with_no_taskflow.py took 0.657 seconds
[2024-12-28T17:01:46.960+0000] {processor.py:186} INFO - Started process (PID=1247) to work on /home/airflow/.local/lib/python3.12/site-packages/airflow/example_dags/example_dataset_alias_with_no_taskflow.py
[2024-12-28T17:01:46.961+0000] {processor.py:914} INFO - Processing file /home/airflow/.local/lib/python3.12/site-packages/airflow/example_dags/example_dataset_alias_with_no_taskflow.py for tasks to queue
[2024-12-28T17:01:46.964+0000] {logging_mixin.py:190} INFO - [2024-12-28T17:01:46.963+0000] {dagbag.py:588} INFO - Filling up the DagBag from /home/airflow/.local/lib/python3.12/site-packages/airflow/example_dags/example_dataset_alias_with_no_taskflow.py
[2024-12-28T17:01:47.532+0000] {processor.py:925} INFO - DAG(s) 'dataset_alias_example_alias_consumer_with_no_taskflow', 'dataset_s3_bucket_producer_with_no_taskflow', 'dataset_alias_example_alias_producer_with_no_taskflow', 'dataset_s3_bucket_consumer_with_no_taskflow' retrieved from /home/airflow/.local/lib/python3.12/site-packages/airflow/example_dags/example_dataset_alias_with_no_taskflow.py
[2024-12-28T17:01:47.554+0000] {logging_mixin.py:190} INFO - [2024-12-28T17:01:47.553+0000] {dag.py:3239} INFO - Sync 4 DAGs
[2024-12-28T17:01:47.576+0000] {logging_mixin.py:190} INFO - [2024-12-28T17:01:47.576+0000] {dag.py:4180} INFO - Setting next_dagrun for dataset_alias_example_alias_consumer_with_no_taskflow to None, run_after=None
[2024-12-28T17:01:47.579+0000] {logging_mixin.py:190} INFO - [2024-12-28T17:01:47.579+0000] {dag.py:4180} INFO - Setting next_dagrun for dataset_alias_example_alias_producer_with_no_taskflow to None, run_after=None
[2024-12-28T17:01:47.581+0000] {logging_mixin.py:190} INFO - [2024-12-28T17:01:47.580+0000] {dag.py:4180} INFO - Setting next_dagrun for dataset_s3_bucket_consumer_with_no_taskflow to None, run_after=None
[2024-12-28T17:01:47.582+0000] {logging_mixin.py:190} INFO - [2024-12-28T17:01:47.582+0000] {dag.py:4180} INFO - Setting next_dagrun for dataset_s3_bucket_producer_with_no_taskflow to None, run_after=None
[2024-12-28T17:01:47.604+0000] {processor.py:208} INFO - Processing /home/airflow/.local/lib/python3.12/site-packages/airflow/example_dags/example_dataset_alias_with_no_taskflow.py took 0.650 seconds
[2024-12-28T17:02:18.578+0000] {processor.py:186} INFO - Started process (PID=1311) to work on /home/airflow/.local/lib/python3.12/site-packages/airflow/example_dags/example_dataset_alias_with_no_taskflow.py
[2024-12-28T17:02:18.578+0000] {processor.py:914} INFO - Processing file /home/airflow/.local/lib/python3.12/site-packages/airflow/example_dags/example_dataset_alias_with_no_taskflow.py for tasks to queue
[2024-12-28T17:02:18.580+0000] {logging_mixin.py:190} INFO - [2024-12-28T17:02:18.580+0000] {dagbag.py:588} INFO - Filling up the DagBag from /home/airflow/.local/lib/python3.12/site-packages/airflow/example_dags/example_dataset_alias_with_no_taskflow.py
[2024-12-28T17:02:19.124+0000] {processor.py:925} INFO - DAG(s) 'dataset_s3_bucket_consumer_with_no_taskflow', 'dataset_alias_example_alias_consumer_with_no_taskflow', 'dataset_alias_example_alias_producer_with_no_taskflow', 'dataset_s3_bucket_producer_with_no_taskflow' retrieved from /home/airflow/.local/lib/python3.12/site-packages/airflow/example_dags/example_dataset_alias_with_no_taskflow.py
[2024-12-28T17:02:19.148+0000] {logging_mixin.py:190} INFO - [2024-12-28T17:02:19.147+0000] {dag.py:3239} INFO - Sync 4 DAGs
[2024-12-28T17:02:19.170+0000] {logging_mixin.py:190} INFO - [2024-12-28T17:02:19.170+0000] {dag.py:4180} INFO - Setting next_dagrun for dataset_alias_example_alias_consumer_with_no_taskflow to None, run_after=None
[2024-12-28T17:02:19.172+0000] {logging_mixin.py:190} INFO - [2024-12-28T17:02:19.172+0000] {dag.py:4180} INFO - Setting next_dagrun for dataset_alias_example_alias_producer_with_no_taskflow to None, run_after=None
[2024-12-28T17:02:19.174+0000] {logging_mixin.py:190} INFO - [2024-12-28T17:02:19.174+0000] {dag.py:4180} INFO - Setting next_dagrun for dataset_s3_bucket_consumer_with_no_taskflow to None, run_after=None
[2024-12-28T17:02:19.176+0000] {logging_mixin.py:190} INFO - [2024-12-28T17:02:19.175+0000] {dag.py:4180} INFO - Setting next_dagrun for dataset_s3_bucket_producer_with_no_taskflow to None, run_after=None
[2024-12-28T17:02:19.198+0000] {processor.py:208} INFO - Processing /home/airflow/.local/lib/python3.12/site-packages/airflow/example_dags/example_dataset_alias_with_no_taskflow.py took 0.626 seconds
[2024-12-28T17:02:49.279+0000] {processor.py:186} INFO - Started process (PID=1384) to work on /home/airflow/.local/lib/python3.12/site-packages/airflow/example_dags/example_dataset_alias_with_no_taskflow.py
[2024-12-28T17:02:49.280+0000] {processor.py:914} INFO - Processing file /home/airflow/.local/lib/python3.12/site-packages/airflow/example_dags/example_dataset_alias_with_no_taskflow.py for tasks to queue
[2024-12-28T17:02:49.282+0000] {logging_mixin.py:190} INFO - [2024-12-28T17:02:49.281+0000] {dagbag.py:588} INFO - Filling up the DagBag from /home/airflow/.local/lib/python3.12/site-packages/airflow/example_dags/example_dataset_alias_with_no_taskflow.py
[2024-12-28T17:02:49.789+0000] {processor.py:925} INFO - DAG(s) 'dataset_s3_bucket_consumer_with_no_taskflow', 'dataset_s3_bucket_producer_with_no_taskflow', 'dataset_alias_example_alias_producer_with_no_taskflow', 'dataset_alias_example_alias_consumer_with_no_taskflow' retrieved from /home/airflow/.local/lib/python3.12/site-packages/airflow/example_dags/example_dataset_alias_with_no_taskflow.py
[2024-12-28T17:02:49.810+0000] {logging_mixin.py:190} INFO - [2024-12-28T17:02:49.809+0000] {dag.py:3239} INFO - Sync 4 DAGs
[2024-12-28T17:02:49.831+0000] {logging_mixin.py:190} INFO - [2024-12-28T17:02:49.831+0000] {dag.py:4180} INFO - Setting next_dagrun for dataset_alias_example_alias_consumer_with_no_taskflow to None, run_after=None
[2024-12-28T17:02:49.834+0000] {logging_mixin.py:190} INFO - [2024-12-28T17:02:49.833+0000] {dag.py:4180} INFO - Setting next_dagrun for dataset_alias_example_alias_producer_with_no_taskflow to None, run_after=None
[2024-12-28T17:02:49.835+0000] {logging_mixin.py:190} INFO - [2024-12-28T17:02:49.835+0000] {dag.py:4180} INFO - Setting next_dagrun for dataset_s3_bucket_consumer_with_no_taskflow to None, run_after=None
[2024-12-28T17:02:49.836+0000] {logging_mixin.py:190} INFO - [2024-12-28T17:02:49.836+0000] {dag.py:4180} INFO - Setting next_dagrun for dataset_s3_bucket_producer_with_no_taskflow to None, run_after=None
[2024-12-28T17:02:49.857+0000] {processor.py:208} INFO - Processing /home/airflow/.local/lib/python3.12/site-packages/airflow/example_dags/example_dataset_alias_with_no_taskflow.py took 0.583 seconds
[2024-12-28T17:03:19.973+0000] {processor.py:186} INFO - Started process (PID=1458) to work on /home/airflow/.local/lib/python3.12/site-packages/airflow/example_dags/example_dataset_alias_with_no_taskflow.py
[2024-12-28T17:03:19.974+0000] {processor.py:914} INFO - Processing file /home/airflow/.local/lib/python3.12/site-packages/airflow/example_dags/example_dataset_alias_with_no_taskflow.py for tasks to queue
[2024-12-28T17:03:19.977+0000] {logging_mixin.py:190} INFO - [2024-12-28T17:03:19.976+0000] {dagbag.py:588} INFO - Filling up the DagBag from /home/airflow/.local/lib/python3.12/site-packages/airflow/example_dags/example_dataset_alias_with_no_taskflow.py
[2024-12-28T17:03:20.594+0000] {processor.py:925} INFO - DAG(s) 'dataset_alias_example_alias_producer_with_no_taskflow', 'dataset_s3_bucket_consumer_with_no_taskflow', 'dataset_s3_bucket_producer_with_no_taskflow', 'dataset_alias_example_alias_consumer_with_no_taskflow' retrieved from /home/airflow/.local/lib/python3.12/site-packages/airflow/example_dags/example_dataset_alias_with_no_taskflow.py
[2024-12-28T17:03:20.620+0000] {logging_mixin.py:190} INFO - [2024-12-28T17:03:20.619+0000] {dag.py:3239} INFO - Sync 4 DAGs
[2024-12-28T17:03:20.643+0000] {logging_mixin.py:190} INFO - [2024-12-28T17:03:20.642+0000] {dag.py:4180} INFO - Setting next_dagrun for dataset_alias_example_alias_consumer_with_no_taskflow to None, run_after=None
[2024-12-28T17:03:20.646+0000] {logging_mixin.py:190} INFO - [2024-12-28T17:03:20.646+0000] {dag.py:4180} INFO - Setting next_dagrun for dataset_alias_example_alias_producer_with_no_taskflow to None, run_after=None
[2024-12-28T17:03:20.648+0000] {logging_mixin.py:190} INFO - [2024-12-28T17:03:20.647+0000] {dag.py:4180} INFO - Setting next_dagrun for dataset_s3_bucket_consumer_with_no_taskflow to None, run_after=None
[2024-12-28T17:03:20.649+0000] {logging_mixin.py:190} INFO - [2024-12-28T17:03:20.649+0000] {dag.py:4180} INFO - Setting next_dagrun for dataset_s3_bucket_producer_with_no_taskflow to None, run_after=None
[2024-12-28T17:03:20.675+0000] {processor.py:208} INFO - Processing /home/airflow/.local/lib/python3.12/site-packages/airflow/example_dags/example_dataset_alias_with_no_taskflow.py took 0.708 seconds
[2024-12-28T17:03:50.795+0000] {processor.py:186} INFO - Started process (PID=1535) to work on /home/airflow/.local/lib/python3.12/site-packages/airflow/example_dags/example_dataset_alias_with_no_taskflow.py
[2024-12-28T17:03:50.796+0000] {processor.py:914} INFO - Processing file /home/airflow/.local/lib/python3.12/site-packages/airflow/example_dags/example_dataset_alias_with_no_taskflow.py for tasks to queue
[2024-12-28T17:03:50.798+0000] {logging_mixin.py:190} INFO - [2024-12-28T17:03:50.798+0000] {dagbag.py:588} INFO - Filling up the DagBag from /home/airflow/.local/lib/python3.12/site-packages/airflow/example_dags/example_dataset_alias_with_no_taskflow.py
[2024-12-28T17:03:51.413+0000] {processor.py:925} INFO - DAG(s) 'dataset_s3_bucket_producer_with_no_taskflow', 'dataset_alias_example_alias_consumer_with_no_taskflow', 'dataset_s3_bucket_consumer_with_no_taskflow', 'dataset_alias_example_alias_producer_with_no_taskflow' retrieved from /home/airflow/.local/lib/python3.12/site-packages/airflow/example_dags/example_dataset_alias_with_no_taskflow.py
[2024-12-28T17:03:51.436+0000] {logging_mixin.py:190} INFO - [2024-12-28T17:03:51.436+0000] {dag.py:3239} INFO - Sync 4 DAGs
[2024-12-28T17:03:51.456+0000] {logging_mixin.py:190} INFO - [2024-12-28T17:03:51.456+0000] {dag.py:4180} INFO - Setting next_dagrun for dataset_alias_example_alias_consumer_with_no_taskflow to None, run_after=None
[2024-12-28T17:03:51.459+0000] {logging_mixin.py:190} INFO - [2024-12-28T17:03:51.459+0000] {dag.py:4180} INFO - Setting next_dagrun for dataset_alias_example_alias_producer_with_no_taskflow to None, run_after=None
[2024-12-28T17:03:51.460+0000] {logging_mixin.py:190} INFO - [2024-12-28T17:03:51.460+0000] {dag.py:4180} INFO - Setting next_dagrun for dataset_s3_bucket_consumer_with_no_taskflow to None, run_after=None
[2024-12-28T17:03:51.462+0000] {logging_mixin.py:190} INFO - [2024-12-28T17:03:51.461+0000] {dag.py:4180} INFO - Setting next_dagrun for dataset_s3_bucket_producer_with_no_taskflow to None, run_after=None
[2024-12-28T17:03:51.482+0000] {processor.py:208} INFO - Processing /home/airflow/.local/lib/python3.12/site-packages/airflow/example_dags/example_dataset_alias_with_no_taskflow.py took 0.692 seconds
