[2024-12-28T16:38:38.695+0000] {processor.py:186} INFO - Started process (PID=115) to work on /home/airflow/.local/lib/python3.12/site-packages/airflow/example_dags/example_trigger_target_dag.py
[2024-12-28T16:38:38.696+0000] {processor.py:914} INFO - Processing file /home/airflow/.local/lib/python3.12/site-packages/airflow/example_dags/example_trigger_target_dag.py for tasks to queue
[2024-12-28T16:38:38.698+0000] {logging_mixin.py:190} INFO - [2024-12-28T16:38:38.697+0000] {dagbag.py:588} INFO - Filling up the DagBag from /home/airflow/.local/lib/python3.12/site-packages/airflow/example_dags/example_trigger_target_dag.py
[2024-12-28T16:38:38.705+0000] {processor.py:925} INFO - DAG(s) 'example_trigger_target_dag' retrieved from /home/airflow/.local/lib/python3.12/site-packages/airflow/example_dags/example_trigger_target_dag.py
[2024-12-28T16:38:38.799+0000] {logging_mixin.py:190} INFO - [2024-12-28T16:38:38.799+0000] {override.py:1911} INFO - Created Permission View: can delete on DAG:example_trigger_target_dag
[2024-12-28T16:38:38.809+0000] {logging_mixin.py:190} INFO - [2024-12-28T16:38:38.809+0000] {override.py:1911} INFO - Created Permission View: can edit on DAG:example_trigger_target_dag
[2024-12-28T16:38:38.814+0000] {logging_mixin.py:190} INFO - [2024-12-28T16:38:38.814+0000] {override.py:1911} INFO - Created Permission View: can read on DAG:example_trigger_target_dag
[2024-12-28T16:38:38.820+0000] {logging_mixin.py:190} INFO - [2024-12-28T16:38:38.819+0000] {override.py:1911} INFO - Created Permission View: can create on DAG Run:example_trigger_target_dag
[2024-12-28T16:38:38.825+0000] {logging_mixin.py:190} INFO - [2024-12-28T16:38:38.825+0000] {override.py:1911} INFO - Created Permission View: can delete on DAG Run:example_trigger_target_dag
[2024-12-28T16:38:38.830+0000] {logging_mixin.py:190} INFO - [2024-12-28T16:38:38.830+0000] {override.py:1911} INFO - Created Permission View: menu access on DAG Run:example_trigger_target_dag
[2024-12-28T16:38:38.835+0000] {logging_mixin.py:190} INFO - [2024-12-28T16:38:38.835+0000] {override.py:1911} INFO - Created Permission View: can read on DAG Run:example_trigger_target_dag
[2024-12-28T16:38:38.835+0000] {logging_mixin.py:190} INFO - [2024-12-28T16:38:38.835+0000] {dag.py:3239} INFO - Sync 1 DAGs
[2024-12-28T16:38:38.847+0000] {logging_mixin.py:190} INFO - [2024-12-28T16:38:38.846+0000] {dag.py:3262} INFO - Creating ORM DAG for example_trigger_target_dag
[2024-12-28T16:38:38.847+0000] {logging_mixin.py:190} INFO - [2024-12-28T16:38:38.847+0000] {dag.py:4180} INFO - Setting next_dagrun for example_trigger_target_dag to None, run_after=None
[2024-12-28T16:38:38.861+0000] {processor.py:208} INFO - Processing /home/airflow/.local/lib/python3.12/site-packages/airflow/example_dags/example_trigger_target_dag.py took 0.171 seconds
[2024-12-28T16:39:08.971+0000] {processor.py:186} INFO - Started process (PID=177) to work on /home/airflow/.local/lib/python3.12/site-packages/airflow/example_dags/example_trigger_target_dag.py
[2024-12-28T16:39:08.972+0000] {processor.py:914} INFO - Processing file /home/airflow/.local/lib/python3.12/site-packages/airflow/example_dags/example_trigger_target_dag.py for tasks to queue
[2024-12-28T16:39:08.974+0000] {logging_mixin.py:190} INFO - [2024-12-28T16:39:08.973+0000] {dagbag.py:588} INFO - Filling up the DagBag from /home/airflow/.local/lib/python3.12/site-packages/airflow/example_dags/example_trigger_target_dag.py
[2024-12-28T16:39:08.982+0000] {processor.py:925} INFO - DAG(s) 'example_trigger_target_dag' retrieved from /home/airflow/.local/lib/python3.12/site-packages/airflow/example_dags/example_trigger_target_dag.py
[2024-12-28T16:39:09.002+0000] {logging_mixin.py:190} INFO - [2024-12-28T16:39:09.002+0000] {dag.py:3239} INFO - Sync 1 DAGs
[2024-12-28T16:39:09.014+0000] {logging_mixin.py:190} INFO - [2024-12-28T16:39:09.014+0000] {dag.py:4180} INFO - Setting next_dagrun for example_trigger_target_dag to None, run_after=None
[2024-12-28T16:39:09.031+0000] {processor.py:208} INFO - Processing /home/airflow/.local/lib/python3.12/site-packages/airflow/example_dags/example_trigger_target_dag.py took 0.066 seconds
[2024-12-28T16:39:39.076+0000] {processor.py:186} INFO - Started process (PID=239) to work on /home/airflow/.local/lib/python3.12/site-packages/airflow/example_dags/example_trigger_target_dag.py
[2024-12-28T16:39:39.077+0000] {processor.py:914} INFO - Processing file /home/airflow/.local/lib/python3.12/site-packages/airflow/example_dags/example_trigger_target_dag.py for tasks to queue
[2024-12-28T16:39:39.079+0000] {logging_mixin.py:190} INFO - [2024-12-28T16:39:39.079+0000] {dagbag.py:588} INFO - Filling up the DagBag from /home/airflow/.local/lib/python3.12/site-packages/airflow/example_dags/example_trigger_target_dag.py
[2024-12-28T16:39:39.086+0000] {processor.py:925} INFO - DAG(s) 'example_trigger_target_dag' retrieved from /home/airflow/.local/lib/python3.12/site-packages/airflow/example_dags/example_trigger_target_dag.py
[2024-12-28T16:39:39.105+0000] {logging_mixin.py:190} INFO - [2024-12-28T16:39:39.105+0000] {dag.py:3239} INFO - Sync 1 DAGs
[2024-12-28T16:39:39.119+0000] {logging_mixin.py:190} INFO - [2024-12-28T16:39:39.118+0000] {dag.py:4180} INFO - Setting next_dagrun for example_trigger_target_dag to None, run_after=None
[2024-12-28T16:39:39.135+0000] {processor.py:208} INFO - Processing /home/airflow/.local/lib/python3.12/site-packages/airflow/example_dags/example_trigger_target_dag.py took 0.064 seconds
[2024-12-28T16:40:10.244+0000] {processor.py:186} INFO - Started process (PID=302) to work on /home/airflow/.local/lib/python3.12/site-packages/airflow/example_dags/example_trigger_target_dag.py
[2024-12-28T16:40:10.245+0000] {processor.py:914} INFO - Processing file /home/airflow/.local/lib/python3.12/site-packages/airflow/example_dags/example_trigger_target_dag.py for tasks to queue
[2024-12-28T16:40:10.247+0000] {logging_mixin.py:190} INFO - [2024-12-28T16:40:10.247+0000] {dagbag.py:588} INFO - Filling up the DagBag from /home/airflow/.local/lib/python3.12/site-packages/airflow/example_dags/example_trigger_target_dag.py
[2024-12-28T16:40:10.255+0000] {processor.py:925} INFO - DAG(s) 'example_trigger_target_dag' retrieved from /home/airflow/.local/lib/python3.12/site-packages/airflow/example_dags/example_trigger_target_dag.py
[2024-12-28T16:40:10.274+0000] {logging_mixin.py:190} INFO - [2024-12-28T16:40:10.274+0000] {dag.py:3239} INFO - Sync 1 DAGs
[2024-12-28T16:40:10.286+0000] {logging_mixin.py:190} INFO - [2024-12-28T16:40:10.285+0000] {dag.py:4180} INFO - Setting next_dagrun for example_trigger_target_dag to None, run_after=None
[2024-12-28T16:40:10.302+0000] {processor.py:208} INFO - Processing /home/airflow/.local/lib/python3.12/site-packages/airflow/example_dags/example_trigger_target_dag.py took 0.063 seconds
[2024-12-28T16:42:42.944+0000] {processor.py:186} INFO - Started process (PID=120) to work on /home/airflow/.local/lib/python3.12/site-packages/airflow/example_dags/example_trigger_target_dag.py
[2024-12-28T16:42:42.944+0000] {processor.py:914} INFO - Processing file /home/airflow/.local/lib/python3.12/site-packages/airflow/example_dags/example_trigger_target_dag.py for tasks to queue
[2024-12-28T16:42:42.947+0000] {logging_mixin.py:190} INFO - [2024-12-28T16:42:42.946+0000] {dagbag.py:588} INFO - Filling up the DagBag from /home/airflow/.local/lib/python3.12/site-packages/airflow/example_dags/example_trigger_target_dag.py
[2024-12-28T16:42:42.956+0000] {processor.py:925} INFO - DAG(s) 'example_trigger_target_dag' retrieved from /home/airflow/.local/lib/python3.12/site-packages/airflow/example_dags/example_trigger_target_dag.py
[2024-12-28T16:42:42.976+0000] {logging_mixin.py:190} INFO - [2024-12-28T16:42:42.976+0000] {dag.py:3239} INFO - Sync 1 DAGs
[2024-12-28T16:42:42.990+0000] {logging_mixin.py:190} INFO - [2024-12-28T16:42:42.990+0000] {dag.py:4180} INFO - Setting next_dagrun for example_trigger_target_dag to None, run_after=None
[2024-12-28T16:42:43.008+0000] {processor.py:208} INFO - Processing /home/airflow/.local/lib/python3.12/site-packages/airflow/example_dags/example_trigger_target_dag.py took 0.070 seconds
[2024-12-28T16:43:14.488+0000] {processor.py:186} INFO - Started process (PID=182) to work on /home/airflow/.local/lib/python3.12/site-packages/airflow/example_dags/example_trigger_target_dag.py
[2024-12-28T16:43:14.489+0000] {processor.py:914} INFO - Processing file /home/airflow/.local/lib/python3.12/site-packages/airflow/example_dags/example_trigger_target_dag.py for tasks to queue
[2024-12-28T16:43:14.491+0000] {logging_mixin.py:190} INFO - [2024-12-28T16:43:14.490+0000] {dagbag.py:588} INFO - Filling up the DagBag from /home/airflow/.local/lib/python3.12/site-packages/airflow/example_dags/example_trigger_target_dag.py
[2024-12-28T16:43:14.498+0000] {processor.py:925} INFO - DAG(s) 'example_trigger_target_dag' retrieved from /home/airflow/.local/lib/python3.12/site-packages/airflow/example_dags/example_trigger_target_dag.py
[2024-12-28T16:43:14.519+0000] {logging_mixin.py:190} INFO - [2024-12-28T16:43:14.519+0000] {dag.py:3239} INFO - Sync 1 DAGs
[2024-12-28T16:43:14.533+0000] {logging_mixin.py:190} INFO - [2024-12-28T16:43:14.533+0000] {dag.py:4180} INFO - Setting next_dagrun for example_trigger_target_dag to None, run_after=None
[2024-12-28T16:43:14.552+0000] {processor.py:208} INFO - Processing /home/airflow/.local/lib/python3.12/site-packages/airflow/example_dags/example_trigger_target_dag.py took 0.070 seconds
[2024-12-28T16:43:46.274+0000] {processor.py:186} INFO - Started process (PID=246) to work on /home/airflow/.local/lib/python3.12/site-packages/airflow/example_dags/example_trigger_target_dag.py
[2024-12-28T16:43:46.275+0000] {processor.py:914} INFO - Processing file /home/airflow/.local/lib/python3.12/site-packages/airflow/example_dags/example_trigger_target_dag.py for tasks to queue
[2024-12-28T16:43:46.277+0000] {logging_mixin.py:190} INFO - [2024-12-28T16:43:46.277+0000] {dagbag.py:588} INFO - Filling up the DagBag from /home/airflow/.local/lib/python3.12/site-packages/airflow/example_dags/example_trigger_target_dag.py
[2024-12-28T16:43:46.285+0000] {processor.py:925} INFO - DAG(s) 'example_trigger_target_dag' retrieved from /home/airflow/.local/lib/python3.12/site-packages/airflow/example_dags/example_trigger_target_dag.py
[2024-12-28T16:43:46.308+0000] {logging_mixin.py:190} INFO - [2024-12-28T16:43:46.307+0000] {dag.py:3239} INFO - Sync 1 DAGs
[2024-12-28T16:43:46.322+0000] {logging_mixin.py:190} INFO - [2024-12-28T16:43:46.322+0000] {dag.py:4180} INFO - Setting next_dagrun for example_trigger_target_dag to None, run_after=None
[2024-12-28T16:43:46.343+0000] {processor.py:208} INFO - Processing /home/airflow/.local/lib/python3.12/site-packages/airflow/example_dags/example_trigger_target_dag.py took 0.075 seconds
[2024-12-28T16:44:17.982+0000] {processor.py:186} INFO - Started process (PID=309) to work on /home/airflow/.local/lib/python3.12/site-packages/airflow/example_dags/example_trigger_target_dag.py
[2024-12-28T16:44:17.983+0000] {processor.py:914} INFO - Processing file /home/airflow/.local/lib/python3.12/site-packages/airflow/example_dags/example_trigger_target_dag.py for tasks to queue
[2024-12-28T16:44:17.985+0000] {logging_mixin.py:190} INFO - [2024-12-28T16:44:17.985+0000] {dagbag.py:588} INFO - Filling up the DagBag from /home/airflow/.local/lib/python3.12/site-packages/airflow/example_dags/example_trigger_target_dag.py
[2024-12-28T16:44:17.993+0000] {processor.py:925} INFO - DAG(s) 'example_trigger_target_dag' retrieved from /home/airflow/.local/lib/python3.12/site-packages/airflow/example_dags/example_trigger_target_dag.py
[2024-12-28T16:44:18.014+0000] {logging_mixin.py:190} INFO - [2024-12-28T16:44:18.014+0000] {dag.py:3239} INFO - Sync 1 DAGs
[2024-12-28T16:44:18.027+0000] {logging_mixin.py:190} INFO - [2024-12-28T16:44:18.027+0000] {dag.py:4180} INFO - Setting next_dagrun for example_trigger_target_dag to None, run_after=None
[2024-12-28T16:44:18.043+0000] {processor.py:208} INFO - Processing /home/airflow/.local/lib/python3.12/site-packages/airflow/example_dags/example_trigger_target_dag.py took 0.066 seconds
[2024-12-28T16:44:49.200+0000] {processor.py:186} INFO - Started process (PID=372) to work on /home/airflow/.local/lib/python3.12/site-packages/airflow/example_dags/example_trigger_target_dag.py
[2024-12-28T16:44:49.201+0000] {processor.py:914} INFO - Processing file /home/airflow/.local/lib/python3.12/site-packages/airflow/example_dags/example_trigger_target_dag.py for tasks to queue
[2024-12-28T16:44:49.203+0000] {logging_mixin.py:190} INFO - [2024-12-28T16:44:49.203+0000] {dagbag.py:588} INFO - Filling up the DagBag from /home/airflow/.local/lib/python3.12/site-packages/airflow/example_dags/example_trigger_target_dag.py
[2024-12-28T16:44:49.210+0000] {processor.py:925} INFO - DAG(s) 'example_trigger_target_dag' retrieved from /home/airflow/.local/lib/python3.12/site-packages/airflow/example_dags/example_trigger_target_dag.py
[2024-12-28T16:44:49.230+0000] {logging_mixin.py:190} INFO - [2024-12-28T16:44:49.230+0000] {dag.py:3239} INFO - Sync 1 DAGs
[2024-12-28T16:44:49.244+0000] {logging_mixin.py:190} INFO - [2024-12-28T16:44:49.243+0000] {dag.py:4180} INFO - Setting next_dagrun for example_trigger_target_dag to None, run_after=None
[2024-12-28T16:44:49.263+0000] {processor.py:208} INFO - Processing /home/airflow/.local/lib/python3.12/site-packages/airflow/example_dags/example_trigger_target_dag.py took 0.070 seconds
[2024-12-28T16:45:20.927+0000] {processor.py:186} INFO - Started process (PID=435) to work on /home/airflow/.local/lib/python3.12/site-packages/airflow/example_dags/example_trigger_target_dag.py
[2024-12-28T16:45:20.928+0000] {processor.py:914} INFO - Processing file /home/airflow/.local/lib/python3.12/site-packages/airflow/example_dags/example_trigger_target_dag.py for tasks to queue
[2024-12-28T16:45:20.930+0000] {logging_mixin.py:190} INFO - [2024-12-28T16:45:20.930+0000] {dagbag.py:588} INFO - Filling up the DagBag from /home/airflow/.local/lib/python3.12/site-packages/airflow/example_dags/example_trigger_target_dag.py
[2024-12-28T16:45:20.937+0000] {processor.py:925} INFO - DAG(s) 'example_trigger_target_dag' retrieved from /home/airflow/.local/lib/python3.12/site-packages/airflow/example_dags/example_trigger_target_dag.py
[2024-12-28T16:45:20.957+0000] {logging_mixin.py:190} INFO - [2024-12-28T16:45:20.956+0000] {dag.py:3239} INFO - Sync 1 DAGs
[2024-12-28T16:45:20.971+0000] {logging_mixin.py:190} INFO - [2024-12-28T16:45:20.971+0000] {dag.py:4180} INFO - Setting next_dagrun for example_trigger_target_dag to None, run_after=None
[2024-12-28T16:45:20.991+0000] {processor.py:208} INFO - Processing /home/airflow/.local/lib/python3.12/site-packages/airflow/example_dags/example_trigger_target_dag.py took 0.069 seconds
[2024-12-28T16:45:52.440+0000] {processor.py:186} INFO - Started process (PID=498) to work on /home/airflow/.local/lib/python3.12/site-packages/airflow/example_dags/example_trigger_target_dag.py
[2024-12-28T16:45:52.441+0000] {processor.py:914} INFO - Processing file /home/airflow/.local/lib/python3.12/site-packages/airflow/example_dags/example_trigger_target_dag.py for tasks to queue
[2024-12-28T16:45:52.443+0000] {logging_mixin.py:190} INFO - [2024-12-28T16:45:52.443+0000] {dagbag.py:588} INFO - Filling up the DagBag from /home/airflow/.local/lib/python3.12/site-packages/airflow/example_dags/example_trigger_target_dag.py
[2024-12-28T16:45:52.450+0000] {processor.py:925} INFO - DAG(s) 'example_trigger_target_dag' retrieved from /home/airflow/.local/lib/python3.12/site-packages/airflow/example_dags/example_trigger_target_dag.py
[2024-12-28T16:45:52.469+0000] {logging_mixin.py:190} INFO - [2024-12-28T16:45:52.468+0000] {dag.py:3239} INFO - Sync 1 DAGs
[2024-12-28T16:45:52.482+0000] {logging_mixin.py:190} INFO - [2024-12-28T16:45:52.481+0000] {dag.py:4180} INFO - Setting next_dagrun for example_trigger_target_dag to None, run_after=None
[2024-12-28T16:45:52.498+0000] {processor.py:208} INFO - Processing /home/airflow/.local/lib/python3.12/site-packages/airflow/example_dags/example_trigger_target_dag.py took 0.064 seconds
[2024-12-28T16:46:23.974+0000] {processor.py:186} INFO - Started process (PID=561) to work on /home/airflow/.local/lib/python3.12/site-packages/airflow/example_dags/example_trigger_target_dag.py
[2024-12-28T16:46:23.975+0000] {processor.py:914} INFO - Processing file /home/airflow/.local/lib/python3.12/site-packages/airflow/example_dags/example_trigger_target_dag.py for tasks to queue
[2024-12-28T16:46:23.978+0000] {logging_mixin.py:190} INFO - [2024-12-28T16:46:23.977+0000] {dagbag.py:588} INFO - Filling up the DagBag from /home/airflow/.local/lib/python3.12/site-packages/airflow/example_dags/example_trigger_target_dag.py
[2024-12-28T16:46:23.987+0000] {processor.py:925} INFO - DAG(s) 'example_trigger_target_dag' retrieved from /home/airflow/.local/lib/python3.12/site-packages/airflow/example_dags/example_trigger_target_dag.py
[2024-12-28T16:46:24.012+0000] {logging_mixin.py:190} INFO - [2024-12-28T16:46:24.012+0000] {dag.py:3239} INFO - Sync 1 DAGs
[2024-12-28T16:46:24.029+0000] {logging_mixin.py:190} INFO - [2024-12-28T16:46:24.029+0000] {dag.py:4180} INFO - Setting next_dagrun for example_trigger_target_dag to None, run_after=None
[2024-12-28T16:46:24.052+0000] {processor.py:208} INFO - Processing /home/airflow/.local/lib/python3.12/site-packages/airflow/example_dags/example_trigger_target_dag.py took 0.086 seconds
[2024-12-28T16:46:55.070+0000] {processor.py:186} INFO - Started process (PID=624) to work on /home/airflow/.local/lib/python3.12/site-packages/airflow/example_dags/example_trigger_target_dag.py
[2024-12-28T16:46:55.071+0000] {processor.py:914} INFO - Processing file /home/airflow/.local/lib/python3.12/site-packages/airflow/example_dags/example_trigger_target_dag.py for tasks to queue
[2024-12-28T16:46:55.073+0000] {logging_mixin.py:190} INFO - [2024-12-28T16:46:55.073+0000] {dagbag.py:588} INFO - Filling up the DagBag from /home/airflow/.local/lib/python3.12/site-packages/airflow/example_dags/example_trigger_target_dag.py
[2024-12-28T16:46:55.080+0000] {processor.py:925} INFO - DAG(s) 'example_trigger_target_dag' retrieved from /home/airflow/.local/lib/python3.12/site-packages/airflow/example_dags/example_trigger_target_dag.py
[2024-12-28T16:46:55.100+0000] {logging_mixin.py:190} INFO - [2024-12-28T16:46:55.100+0000] {dag.py:3239} INFO - Sync 1 DAGs
[2024-12-28T16:46:55.114+0000] {logging_mixin.py:190} INFO - [2024-12-28T16:46:55.113+0000] {dag.py:4180} INFO - Setting next_dagrun for example_trigger_target_dag to None, run_after=None
[2024-12-28T16:46:55.131+0000] {processor.py:208} INFO - Processing /home/airflow/.local/lib/python3.12/site-packages/airflow/example_dags/example_trigger_target_dag.py took 0.066 seconds
[2024-12-28T16:47:26.486+0000] {processor.py:186} INFO - Started process (PID=687) to work on /home/airflow/.local/lib/python3.12/site-packages/airflow/example_dags/example_trigger_target_dag.py
[2024-12-28T16:47:26.487+0000] {processor.py:914} INFO - Processing file /home/airflow/.local/lib/python3.12/site-packages/airflow/example_dags/example_trigger_target_dag.py for tasks to queue
[2024-12-28T16:47:26.490+0000] {logging_mixin.py:190} INFO - [2024-12-28T16:47:26.489+0000] {dagbag.py:588} INFO - Filling up the DagBag from /home/airflow/.local/lib/python3.12/site-packages/airflow/example_dags/example_trigger_target_dag.py
[2024-12-28T16:47:26.498+0000] {processor.py:925} INFO - DAG(s) 'example_trigger_target_dag' retrieved from /home/airflow/.local/lib/python3.12/site-packages/airflow/example_dags/example_trigger_target_dag.py
[2024-12-28T16:47:26.522+0000] {logging_mixin.py:190} INFO - [2024-12-28T16:47:26.522+0000] {dag.py:3239} INFO - Sync 1 DAGs
[2024-12-28T16:47:26.535+0000] {logging_mixin.py:190} INFO - [2024-12-28T16:47:26.535+0000] {dag.py:4180} INFO - Setting next_dagrun for example_trigger_target_dag to None, run_after=None
[2024-12-28T16:47:26.554+0000] {processor.py:208} INFO - Processing /home/airflow/.local/lib/python3.12/site-packages/airflow/example_dags/example_trigger_target_dag.py took 0.074 seconds
[2024-12-28T16:52:25.081+0000] {processor.py:186} INFO - Started process (PID=116) to work on /home/airflow/.local/lib/python3.12/site-packages/airflow/example_dags/example_trigger_target_dag.py
[2024-12-28T16:52:25.082+0000] {processor.py:914} INFO - Processing file /home/airflow/.local/lib/python3.12/site-packages/airflow/example_dags/example_trigger_target_dag.py for tasks to queue
[2024-12-28T16:52:25.084+0000] {logging_mixin.py:190} INFO - [2024-12-28T16:52:25.084+0000] {dagbag.py:588} INFO - Filling up the DagBag from /home/airflow/.local/lib/python3.12/site-packages/airflow/example_dags/example_trigger_target_dag.py
[2024-12-28T16:52:25.091+0000] {processor.py:925} INFO - DAG(s) 'example_trigger_target_dag' retrieved from /home/airflow/.local/lib/python3.12/site-packages/airflow/example_dags/example_trigger_target_dag.py
[2024-12-28T16:52:25.111+0000] {logging_mixin.py:190} INFO - [2024-12-28T16:52:25.110+0000] {dag.py:3239} INFO - Sync 1 DAGs
[2024-12-28T16:52:25.123+0000] {logging_mixin.py:190} INFO - [2024-12-28T16:52:25.123+0000] {dag.py:4180} INFO - Setting next_dagrun for example_trigger_target_dag to None, run_after=None
[2024-12-28T16:52:25.139+0000] {processor.py:208} INFO - Processing /home/airflow/.local/lib/python3.12/site-packages/airflow/example_dags/example_trigger_target_dag.py took 0.063 seconds
[2024-12-28T16:52:56.031+0000] {processor.py:186} INFO - Started process (PID=179) to work on /home/airflow/.local/lib/python3.12/site-packages/airflow/example_dags/example_trigger_target_dag.py
[2024-12-28T16:52:56.032+0000] {processor.py:914} INFO - Processing file /home/airflow/.local/lib/python3.12/site-packages/airflow/example_dags/example_trigger_target_dag.py for tasks to queue
[2024-12-28T16:52:56.033+0000] {logging_mixin.py:190} INFO - [2024-12-28T16:52:56.033+0000] {dagbag.py:588} INFO - Filling up the DagBag from /home/airflow/.local/lib/python3.12/site-packages/airflow/example_dags/example_trigger_target_dag.py
[2024-12-28T16:52:56.040+0000] {processor.py:925} INFO - DAG(s) 'example_trigger_target_dag' retrieved from /home/airflow/.local/lib/python3.12/site-packages/airflow/example_dags/example_trigger_target_dag.py
[2024-12-28T16:52:56.059+0000] {logging_mixin.py:190} INFO - [2024-12-28T16:52:56.059+0000] {dag.py:3239} INFO - Sync 1 DAGs
[2024-12-28T16:52:56.072+0000] {logging_mixin.py:190} INFO - [2024-12-28T16:52:56.071+0000] {dag.py:4180} INFO - Setting next_dagrun for example_trigger_target_dag to None, run_after=None
[2024-12-28T16:52:56.088+0000] {processor.py:208} INFO - Processing /home/airflow/.local/lib/python3.12/site-packages/airflow/example_dags/example_trigger_target_dag.py took 0.062 seconds
[2024-12-28T16:53:27.528+0000] {processor.py:186} INFO - Started process (PID=243) to work on /home/airflow/.local/lib/python3.12/site-packages/airflow/example_dags/example_trigger_target_dag.py
[2024-12-28T16:53:27.529+0000] {processor.py:914} INFO - Processing file /home/airflow/.local/lib/python3.12/site-packages/airflow/example_dags/example_trigger_target_dag.py for tasks to queue
[2024-12-28T16:53:27.532+0000] {logging_mixin.py:190} INFO - [2024-12-28T16:53:27.531+0000] {dagbag.py:588} INFO - Filling up the DagBag from /home/airflow/.local/lib/python3.12/site-packages/airflow/example_dags/example_trigger_target_dag.py
[2024-12-28T16:53:27.540+0000] {processor.py:925} INFO - DAG(s) 'example_trigger_target_dag' retrieved from /home/airflow/.local/lib/python3.12/site-packages/airflow/example_dags/example_trigger_target_dag.py
[2024-12-28T16:53:27.561+0000] {logging_mixin.py:190} INFO - [2024-12-28T16:53:27.560+0000] {dag.py:3239} INFO - Sync 1 DAGs
[2024-12-28T16:53:27.575+0000] {logging_mixin.py:190} INFO - [2024-12-28T16:53:27.575+0000] {dag.py:4180} INFO - Setting next_dagrun for example_trigger_target_dag to None, run_after=None
[2024-12-28T16:53:27.593+0000] {processor.py:208} INFO - Processing /home/airflow/.local/lib/python3.12/site-packages/airflow/example_dags/example_trigger_target_dag.py took 0.071 seconds
[2024-12-28T16:54:00.223+0000] {processor.py:186} INFO - Started process (PID=312) to work on /home/airflow/.local/lib/python3.12/site-packages/airflow/example_dags/example_trigger_target_dag.py
[2024-12-28T16:54:00.224+0000] {processor.py:914} INFO - Processing file /home/airflow/.local/lib/python3.12/site-packages/airflow/example_dags/example_trigger_target_dag.py for tasks to queue
[2024-12-28T16:54:00.227+0000] {logging_mixin.py:190} INFO - [2024-12-28T16:54:00.226+0000] {dagbag.py:588} INFO - Filling up the DagBag from /home/airflow/.local/lib/python3.12/site-packages/airflow/example_dags/example_trigger_target_dag.py
[2024-12-28T16:54:00.234+0000] {processor.py:925} INFO - DAG(s) 'example_trigger_target_dag' retrieved from /home/airflow/.local/lib/python3.12/site-packages/airflow/example_dags/example_trigger_target_dag.py
[2024-12-28T16:54:00.254+0000] {logging_mixin.py:190} INFO - [2024-12-28T16:54:00.254+0000] {dag.py:3239} INFO - Sync 1 DAGs
[2024-12-28T16:54:00.270+0000] {logging_mixin.py:190} INFO - [2024-12-28T16:54:00.270+0000] {dag.py:4180} INFO - Setting next_dagrun for example_trigger_target_dag to None, run_after=None
[2024-12-28T16:54:00.290+0000] {processor.py:208} INFO - Processing /home/airflow/.local/lib/python3.12/site-packages/airflow/example_dags/example_trigger_target_dag.py took 0.073 seconds
[2024-12-28T16:54:32.866+0000] {processor.py:186} INFO - Started process (PID=376) to work on /home/airflow/.local/lib/python3.12/site-packages/airflow/example_dags/example_trigger_target_dag.py
[2024-12-28T16:54:32.871+0000] {processor.py:914} INFO - Processing file /home/airflow/.local/lib/python3.12/site-packages/airflow/example_dags/example_trigger_target_dag.py for tasks to queue
[2024-12-28T16:54:32.875+0000] {logging_mixin.py:190} INFO - [2024-12-28T16:54:32.875+0000] {dagbag.py:588} INFO - Filling up the DagBag from /home/airflow/.local/lib/python3.12/site-packages/airflow/example_dags/example_trigger_target_dag.py
[2024-12-28T16:54:32.889+0000] {processor.py:925} INFO - DAG(s) 'example_trigger_target_dag' retrieved from /home/airflow/.local/lib/python3.12/site-packages/airflow/example_dags/example_trigger_target_dag.py
[2024-12-28T16:54:32.933+0000] {logging_mixin.py:190} INFO - [2024-12-28T16:54:32.933+0000] {dag.py:3239} INFO - Sync 1 DAGs
[2024-12-28T16:54:32.956+0000] {logging_mixin.py:190} INFO - [2024-12-28T16:54:32.956+0000] {dag.py:4180} INFO - Setting next_dagrun for example_trigger_target_dag to None, run_after=None
[2024-12-28T16:54:32.998+0000] {processor.py:208} INFO - Processing /home/airflow/.local/lib/python3.12/site-packages/airflow/example_dags/example_trigger_target_dag.py took 0.141 seconds
[2024-12-28T16:55:04.833+0000] {processor.py:186} INFO - Started process (PID=440) to work on /home/airflow/.local/lib/python3.12/site-packages/airflow/example_dags/example_trigger_target_dag.py
[2024-12-28T16:55:04.834+0000] {processor.py:914} INFO - Processing file /home/airflow/.local/lib/python3.12/site-packages/airflow/example_dags/example_trigger_target_dag.py for tasks to queue
[2024-12-28T16:55:04.836+0000] {logging_mixin.py:190} INFO - [2024-12-28T16:55:04.836+0000] {dagbag.py:588} INFO - Filling up the DagBag from /home/airflow/.local/lib/python3.12/site-packages/airflow/example_dags/example_trigger_target_dag.py
[2024-12-28T16:55:04.845+0000] {processor.py:925} INFO - DAG(s) 'example_trigger_target_dag' retrieved from /home/airflow/.local/lib/python3.12/site-packages/airflow/example_dags/example_trigger_target_dag.py
[2024-12-28T16:55:04.865+0000] {logging_mixin.py:190} INFO - [2024-12-28T16:55:04.865+0000] {dag.py:3239} INFO - Sync 1 DAGs
[2024-12-28T16:55:04.877+0000] {logging_mixin.py:190} INFO - [2024-12-28T16:55:04.877+0000] {dag.py:4180} INFO - Setting next_dagrun for example_trigger_target_dag to None, run_after=None
[2024-12-28T16:55:04.896+0000] {processor.py:208} INFO - Processing /home/airflow/.local/lib/python3.12/site-packages/airflow/example_dags/example_trigger_target_dag.py took 0.067 seconds
[2024-12-28T16:55:37.395+0000] {processor.py:186} INFO - Started process (PID=504) to work on /home/airflow/.local/lib/python3.12/site-packages/airflow/example_dags/example_trigger_target_dag.py
[2024-12-28T16:55:37.396+0000] {processor.py:914} INFO - Processing file /home/airflow/.local/lib/python3.12/site-packages/airflow/example_dags/example_trigger_target_dag.py for tasks to queue
[2024-12-28T16:55:37.399+0000] {logging_mixin.py:190} INFO - [2024-12-28T16:55:37.398+0000] {dagbag.py:588} INFO - Filling up the DagBag from /home/airflow/.local/lib/python3.12/site-packages/airflow/example_dags/example_trigger_target_dag.py
[2024-12-28T16:55:37.406+0000] {processor.py:925} INFO - DAG(s) 'example_trigger_target_dag' retrieved from /home/airflow/.local/lib/python3.12/site-packages/airflow/example_dags/example_trigger_target_dag.py
[2024-12-28T16:55:37.430+0000] {logging_mixin.py:190} INFO - [2024-12-28T16:55:37.429+0000] {dag.py:3239} INFO - Sync 1 DAGs
[2024-12-28T16:55:37.444+0000] {logging_mixin.py:190} INFO - [2024-12-28T16:55:37.443+0000] {dag.py:4180} INFO - Setting next_dagrun for example_trigger_target_dag to None, run_after=None
[2024-12-28T16:55:37.463+0000] {processor.py:208} INFO - Processing /home/airflow/.local/lib/python3.12/site-packages/airflow/example_dags/example_trigger_target_dag.py took 0.075 seconds
[2024-12-28T16:56:08.186+0000] {processor.py:186} INFO - Started process (PID=568) to work on /home/airflow/.local/lib/python3.12/site-packages/airflow/example_dags/example_trigger_target_dag.py
[2024-12-28T16:56:08.187+0000] {processor.py:914} INFO - Processing file /home/airflow/.local/lib/python3.12/site-packages/airflow/example_dags/example_trigger_target_dag.py for tasks to queue
[2024-12-28T16:56:08.189+0000] {logging_mixin.py:190} INFO - [2024-12-28T16:56:08.189+0000] {dagbag.py:588} INFO - Filling up the DagBag from /home/airflow/.local/lib/python3.12/site-packages/airflow/example_dags/example_trigger_target_dag.py
[2024-12-28T16:56:08.197+0000] {processor.py:925} INFO - DAG(s) 'example_trigger_target_dag' retrieved from /home/airflow/.local/lib/python3.12/site-packages/airflow/example_dags/example_trigger_target_dag.py
[2024-12-28T16:56:08.215+0000] {logging_mixin.py:190} INFO - [2024-12-28T16:56:08.214+0000] {dag.py:3239} INFO - Sync 1 DAGs
[2024-12-28T16:56:08.228+0000] {logging_mixin.py:190} INFO - [2024-12-28T16:56:08.227+0000] {dag.py:4180} INFO - Setting next_dagrun for example_trigger_target_dag to None, run_after=None
[2024-12-28T16:56:08.244+0000] {processor.py:208} INFO - Processing /home/airflow/.local/lib/python3.12/site-packages/airflow/example_dags/example_trigger_target_dag.py took 0.063 seconds
[2024-12-28T16:56:38.879+0000] {processor.py:186} INFO - Started process (PID=632) to work on /home/airflow/.local/lib/python3.12/site-packages/airflow/example_dags/example_trigger_target_dag.py
[2024-12-28T16:56:38.880+0000] {processor.py:914} INFO - Processing file /home/airflow/.local/lib/python3.12/site-packages/airflow/example_dags/example_trigger_target_dag.py for tasks to queue
[2024-12-28T16:56:38.883+0000] {logging_mixin.py:190} INFO - [2024-12-28T16:56:38.882+0000] {dagbag.py:588} INFO - Filling up the DagBag from /home/airflow/.local/lib/python3.12/site-packages/airflow/example_dags/example_trigger_target_dag.py
[2024-12-28T16:56:38.890+0000] {processor.py:925} INFO - DAG(s) 'example_trigger_target_dag' retrieved from /home/airflow/.local/lib/python3.12/site-packages/airflow/example_dags/example_trigger_target_dag.py
[2024-12-28T16:56:38.910+0000] {logging_mixin.py:190} INFO - [2024-12-28T16:56:38.910+0000] {dag.py:3239} INFO - Sync 1 DAGs
[2024-12-28T16:56:38.924+0000] {logging_mixin.py:190} INFO - [2024-12-28T16:56:38.924+0000] {dag.py:4180} INFO - Setting next_dagrun for example_trigger_target_dag to None, run_after=None
[2024-12-28T16:56:38.941+0000] {processor.py:208} INFO - Processing /home/airflow/.local/lib/python3.12/site-packages/airflow/example_dags/example_trigger_target_dag.py took 0.068 seconds
[2024-12-28T16:57:09.448+0000] {processor.py:186} INFO - Started process (PID=695) to work on /home/airflow/.local/lib/python3.12/site-packages/airflow/example_dags/example_trigger_target_dag.py
[2024-12-28T16:57:09.449+0000] {processor.py:914} INFO - Processing file /home/airflow/.local/lib/python3.12/site-packages/airflow/example_dags/example_trigger_target_dag.py for tasks to queue
[2024-12-28T16:57:09.451+0000] {logging_mixin.py:190} INFO - [2024-12-28T16:57:09.450+0000] {dagbag.py:588} INFO - Filling up the DagBag from /home/airflow/.local/lib/python3.12/site-packages/airflow/example_dags/example_trigger_target_dag.py
[2024-12-28T16:57:09.457+0000] {processor.py:925} INFO - DAG(s) 'example_trigger_target_dag' retrieved from /home/airflow/.local/lib/python3.12/site-packages/airflow/example_dags/example_trigger_target_dag.py
[2024-12-28T16:57:09.477+0000] {logging_mixin.py:190} INFO - [2024-12-28T16:57:09.476+0000] {dag.py:3239} INFO - Sync 1 DAGs
[2024-12-28T16:57:09.490+0000] {logging_mixin.py:190} INFO - [2024-12-28T16:57:09.490+0000] {dag.py:4180} INFO - Setting next_dagrun for example_trigger_target_dag to None, run_after=None
[2024-12-28T16:57:09.508+0000] {processor.py:208} INFO - Processing /home/airflow/.local/lib/python3.12/site-packages/airflow/example_dags/example_trigger_target_dag.py took 0.066 seconds
[2024-12-28T16:57:40.024+0000] {processor.py:186} INFO - Started process (PID=758) to work on /home/airflow/.local/lib/python3.12/site-packages/airflow/example_dags/example_trigger_target_dag.py
[2024-12-28T16:57:40.025+0000] {processor.py:914} INFO - Processing file /home/airflow/.local/lib/python3.12/site-packages/airflow/example_dags/example_trigger_target_dag.py for tasks to queue
[2024-12-28T16:57:40.027+0000] {logging_mixin.py:190} INFO - [2024-12-28T16:57:40.027+0000] {dagbag.py:588} INFO - Filling up the DagBag from /home/airflow/.local/lib/python3.12/site-packages/airflow/example_dags/example_trigger_target_dag.py
[2024-12-28T16:57:40.034+0000] {processor.py:925} INFO - DAG(s) 'example_trigger_target_dag' retrieved from /home/airflow/.local/lib/python3.12/site-packages/airflow/example_dags/example_trigger_target_dag.py
[2024-12-28T16:57:40.053+0000] {logging_mixin.py:190} INFO - [2024-12-28T16:57:40.052+0000] {dag.py:3239} INFO - Sync 1 DAGs
[2024-12-28T16:57:40.065+0000] {logging_mixin.py:190} INFO - [2024-12-28T16:57:40.065+0000] {dag.py:4180} INFO - Setting next_dagrun for example_trigger_target_dag to None, run_after=None
[2024-12-28T16:57:40.084+0000] {processor.py:208} INFO - Processing /home/airflow/.local/lib/python3.12/site-packages/airflow/example_dags/example_trigger_target_dag.py took 0.065 seconds
[2024-12-28T16:58:11.176+0000] {processor.py:186} INFO - Started process (PID=822) to work on /home/airflow/.local/lib/python3.12/site-packages/airflow/example_dags/example_trigger_target_dag.py
[2024-12-28T16:58:11.177+0000] {processor.py:914} INFO - Processing file /home/airflow/.local/lib/python3.12/site-packages/airflow/example_dags/example_trigger_target_dag.py for tasks to queue
[2024-12-28T16:58:11.179+0000] {logging_mixin.py:190} INFO - [2024-12-28T16:58:11.179+0000] {dagbag.py:588} INFO - Filling up the DagBag from /home/airflow/.local/lib/python3.12/site-packages/airflow/example_dags/example_trigger_target_dag.py
[2024-12-28T16:58:11.186+0000] {processor.py:925} INFO - DAG(s) 'example_trigger_target_dag' retrieved from /home/airflow/.local/lib/python3.12/site-packages/airflow/example_dags/example_trigger_target_dag.py
[2024-12-28T16:58:11.206+0000] {logging_mixin.py:190} INFO - [2024-12-28T16:58:11.205+0000] {dag.py:3239} INFO - Sync 1 DAGs
[2024-12-28T16:58:11.219+0000] {logging_mixin.py:190} INFO - [2024-12-28T16:58:11.218+0000] {dag.py:4180} INFO - Setting next_dagrun for example_trigger_target_dag to None, run_after=None
[2024-12-28T16:58:11.236+0000] {processor.py:208} INFO - Processing /home/airflow/.local/lib/python3.12/site-packages/airflow/example_dags/example_trigger_target_dag.py took 0.065 seconds
[2024-12-28T16:58:42.317+0000] {processor.py:186} INFO - Started process (PID=886) to work on /home/airflow/.local/lib/python3.12/site-packages/airflow/example_dags/example_trigger_target_dag.py
[2024-12-28T16:58:42.319+0000] {processor.py:914} INFO - Processing file /home/airflow/.local/lib/python3.12/site-packages/airflow/example_dags/example_trigger_target_dag.py for tasks to queue
[2024-12-28T16:58:42.323+0000] {logging_mixin.py:190} INFO - [2024-12-28T16:58:42.322+0000] {dagbag.py:588} INFO - Filling up the DagBag from /home/airflow/.local/lib/python3.12/site-packages/airflow/example_dags/example_trigger_target_dag.py
[2024-12-28T16:58:42.334+0000] {processor.py:925} INFO - DAG(s) 'example_trigger_target_dag' retrieved from /home/airflow/.local/lib/python3.12/site-packages/airflow/example_dags/example_trigger_target_dag.py
[2024-12-28T16:58:42.359+0000] {logging_mixin.py:190} INFO - [2024-12-28T16:58:42.359+0000] {dag.py:3239} INFO - Sync 1 DAGs
[2024-12-28T16:58:42.375+0000] {logging_mixin.py:190} INFO - [2024-12-28T16:58:42.374+0000] {dag.py:4180} INFO - Setting next_dagrun for example_trigger_target_dag to None, run_after=None
[2024-12-28T16:58:42.398+0000] {processor.py:208} INFO - Processing /home/airflow/.local/lib/python3.12/site-packages/airflow/example_dags/example_trigger_target_dag.py took 0.088 seconds
[2024-12-28T16:59:12.953+0000] {processor.py:186} INFO - Started process (PID=950) to work on /home/airflow/.local/lib/python3.12/site-packages/airflow/example_dags/example_trigger_target_dag.py
[2024-12-28T16:59:12.954+0000] {processor.py:914} INFO - Processing file /home/airflow/.local/lib/python3.12/site-packages/airflow/example_dags/example_trigger_target_dag.py for tasks to queue
[2024-12-28T16:59:12.956+0000] {logging_mixin.py:190} INFO - [2024-12-28T16:59:12.955+0000] {dagbag.py:588} INFO - Filling up the DagBag from /home/airflow/.local/lib/python3.12/site-packages/airflow/example_dags/example_trigger_target_dag.py
[2024-12-28T16:59:12.962+0000] {processor.py:925} INFO - DAG(s) 'example_trigger_target_dag' retrieved from /home/airflow/.local/lib/python3.12/site-packages/airflow/example_dags/example_trigger_target_dag.py
[2024-12-28T16:59:12.980+0000] {logging_mixin.py:190} INFO - [2024-12-28T16:59:12.979+0000] {dag.py:3239} INFO - Sync 1 DAGs
[2024-12-28T16:59:12.992+0000] {logging_mixin.py:190} INFO - [2024-12-28T16:59:12.991+0000] {dag.py:4180} INFO - Setting next_dagrun for example_trigger_target_dag to None, run_after=None
[2024-12-28T16:59:13.009+0000] {processor.py:208} INFO - Processing /home/airflow/.local/lib/python3.12/site-packages/airflow/example_dags/example_trigger_target_dag.py took 0.061 seconds
[2024-12-28T16:59:44.437+0000] {processor.py:186} INFO - Started process (PID=1014) to work on /home/airflow/.local/lib/python3.12/site-packages/airflow/example_dags/example_trigger_target_dag.py
[2024-12-28T16:59:44.438+0000] {processor.py:914} INFO - Processing file /home/airflow/.local/lib/python3.12/site-packages/airflow/example_dags/example_trigger_target_dag.py for tasks to queue
[2024-12-28T16:59:44.441+0000] {logging_mixin.py:190} INFO - [2024-12-28T16:59:44.441+0000] {dagbag.py:588} INFO - Filling up the DagBag from /home/airflow/.local/lib/python3.12/site-packages/airflow/example_dags/example_trigger_target_dag.py
[2024-12-28T16:59:44.453+0000] {processor.py:925} INFO - DAG(s) 'example_trigger_target_dag' retrieved from /home/airflow/.local/lib/python3.12/site-packages/airflow/example_dags/example_trigger_target_dag.py
[2024-12-28T16:59:44.477+0000] {logging_mixin.py:190} INFO - [2024-12-28T16:59:44.477+0000] {dag.py:3239} INFO - Sync 1 DAGs
[2024-12-28T16:59:44.491+0000] {logging_mixin.py:190} INFO - [2024-12-28T16:59:44.490+0000] {dag.py:4180} INFO - Setting next_dagrun for example_trigger_target_dag to None, run_after=None
[2024-12-28T16:59:44.514+0000] {processor.py:208} INFO - Processing /home/airflow/.local/lib/python3.12/site-packages/airflow/example_dags/example_trigger_target_dag.py took 0.082 seconds
[2024-12-28T17:00:15.222+0000] {processor.py:186} INFO - Started process (PID=1078) to work on /home/airflow/.local/lib/python3.12/site-packages/airflow/example_dags/example_trigger_target_dag.py
[2024-12-28T17:00:15.223+0000] {processor.py:914} INFO - Processing file /home/airflow/.local/lib/python3.12/site-packages/airflow/example_dags/example_trigger_target_dag.py for tasks to queue
[2024-12-28T17:00:15.225+0000] {logging_mixin.py:190} INFO - [2024-12-28T17:00:15.225+0000] {dagbag.py:588} INFO - Filling up the DagBag from /home/airflow/.local/lib/python3.12/site-packages/airflow/example_dags/example_trigger_target_dag.py
[2024-12-28T17:00:15.232+0000] {processor.py:925} INFO - DAG(s) 'example_trigger_target_dag' retrieved from /home/airflow/.local/lib/python3.12/site-packages/airflow/example_dags/example_trigger_target_dag.py
[2024-12-28T17:00:15.250+0000] {logging_mixin.py:190} INFO - [2024-12-28T17:00:15.250+0000] {dag.py:3239} INFO - Sync 1 DAGs
[2024-12-28T17:00:15.263+0000] {logging_mixin.py:190} INFO - [2024-12-28T17:00:15.263+0000] {dag.py:4180} INFO - Setting next_dagrun for example_trigger_target_dag to None, run_after=None
[2024-12-28T17:00:15.279+0000] {processor.py:208} INFO - Processing /home/airflow/.local/lib/python3.12/site-packages/airflow/example_dags/example_trigger_target_dag.py took 0.062 seconds
[2024-12-28T17:00:46.649+0000] {processor.py:186} INFO - Started process (PID=1142) to work on /home/airflow/.local/lib/python3.12/site-packages/airflow/example_dags/example_trigger_target_dag.py
[2024-12-28T17:00:46.650+0000] {processor.py:914} INFO - Processing file /home/airflow/.local/lib/python3.12/site-packages/airflow/example_dags/example_trigger_target_dag.py for tasks to queue
[2024-12-28T17:00:46.652+0000] {logging_mixin.py:190} INFO - [2024-12-28T17:00:46.652+0000] {dagbag.py:588} INFO - Filling up the DagBag from /home/airflow/.local/lib/python3.12/site-packages/airflow/example_dags/example_trigger_target_dag.py
[2024-12-28T17:00:46.659+0000] {processor.py:925} INFO - DAG(s) 'example_trigger_target_dag' retrieved from /home/airflow/.local/lib/python3.12/site-packages/airflow/example_dags/example_trigger_target_dag.py
[2024-12-28T17:00:46.676+0000] {logging_mixin.py:190} INFO - [2024-12-28T17:00:46.676+0000] {dag.py:3239} INFO - Sync 1 DAGs
[2024-12-28T17:00:46.688+0000] {logging_mixin.py:190} INFO - [2024-12-28T17:00:46.688+0000] {dag.py:4180} INFO - Setting next_dagrun for example_trigger_target_dag to None, run_after=None
[2024-12-28T17:00:46.705+0000] {processor.py:208} INFO - Processing /home/airflow/.local/lib/python3.12/site-packages/airflow/example_dags/example_trigger_target_dag.py took 0.061 seconds
[2024-12-28T17:01:18.397+0000] {processor.py:186} INFO - Started process (PID=1206) to work on /home/airflow/.local/lib/python3.12/site-packages/airflow/example_dags/example_trigger_target_dag.py
[2024-12-28T17:01:18.398+0000] {processor.py:914} INFO - Processing file /home/airflow/.local/lib/python3.12/site-packages/airflow/example_dags/example_trigger_target_dag.py for tasks to queue
[2024-12-28T17:01:18.400+0000] {logging_mixin.py:190} INFO - [2024-12-28T17:01:18.400+0000] {dagbag.py:588} INFO - Filling up the DagBag from /home/airflow/.local/lib/python3.12/site-packages/airflow/example_dags/example_trigger_target_dag.py
[2024-12-28T17:01:18.407+0000] {processor.py:925} INFO - DAG(s) 'example_trigger_target_dag' retrieved from /home/airflow/.local/lib/python3.12/site-packages/airflow/example_dags/example_trigger_target_dag.py
[2024-12-28T17:01:18.427+0000] {logging_mixin.py:190} INFO - [2024-12-28T17:01:18.426+0000] {dag.py:3239} INFO - Sync 1 DAGs
[2024-12-28T17:01:18.440+0000] {logging_mixin.py:190} INFO - [2024-12-28T17:01:18.440+0000] {dag.py:4180} INFO - Setting next_dagrun for example_trigger_target_dag to None, run_after=None
[2024-12-28T17:01:18.457+0000] {processor.py:208} INFO - Processing /home/airflow/.local/lib/python3.12/site-packages/airflow/example_dags/example_trigger_target_dag.py took 0.066 seconds
[2024-12-28T17:01:49.113+0000] {processor.py:186} INFO - Started process (PID=1270) to work on /home/airflow/.local/lib/python3.12/site-packages/airflow/example_dags/example_trigger_target_dag.py
[2024-12-28T17:01:49.113+0000] {processor.py:914} INFO - Processing file /home/airflow/.local/lib/python3.12/site-packages/airflow/example_dags/example_trigger_target_dag.py for tasks to queue
[2024-12-28T17:01:49.115+0000] {logging_mixin.py:190} INFO - [2024-12-28T17:01:49.115+0000] {dagbag.py:588} INFO - Filling up the DagBag from /home/airflow/.local/lib/python3.12/site-packages/airflow/example_dags/example_trigger_target_dag.py
[2024-12-28T17:01:49.122+0000] {processor.py:925} INFO - DAG(s) 'example_trigger_target_dag' retrieved from /home/airflow/.local/lib/python3.12/site-packages/airflow/example_dags/example_trigger_target_dag.py
[2024-12-28T17:01:49.141+0000] {logging_mixin.py:190} INFO - [2024-12-28T17:01:49.140+0000] {dag.py:3239} INFO - Sync 1 DAGs
[2024-12-28T17:01:49.153+0000] {logging_mixin.py:190} INFO - [2024-12-28T17:01:49.153+0000] {dag.py:4180} INFO - Setting next_dagrun for example_trigger_target_dag to None, run_after=None
[2024-12-28T17:01:49.171+0000] {processor.py:208} INFO - Processing /home/airflow/.local/lib/python3.12/site-packages/airflow/example_dags/example_trigger_target_dag.py took 0.064 seconds
[2024-12-28T17:02:22.415+0000] {processor.py:186} INFO - Started process (PID=1351) to work on /home/airflow/.local/lib/python3.12/site-packages/airflow/example_dags/example_trigger_target_dag.py
[2024-12-28T17:02:22.415+0000] {processor.py:914} INFO - Processing file /home/airflow/.local/lib/python3.12/site-packages/airflow/example_dags/example_trigger_target_dag.py for tasks to queue
[2024-12-28T17:02:22.417+0000] {logging_mixin.py:190} INFO - [2024-12-28T17:02:22.417+0000] {dagbag.py:588} INFO - Filling up the DagBag from /home/airflow/.local/lib/python3.12/site-packages/airflow/example_dags/example_trigger_target_dag.py
[2024-12-28T17:02:22.424+0000] {processor.py:925} INFO - DAG(s) 'example_trigger_target_dag' retrieved from /home/airflow/.local/lib/python3.12/site-packages/airflow/example_dags/example_trigger_target_dag.py
[2024-12-28T17:02:22.443+0000] {logging_mixin.py:190} INFO - [2024-12-28T17:02:22.442+0000] {dag.py:3239} INFO - Sync 1 DAGs
[2024-12-28T17:02:22.455+0000] {logging_mixin.py:190} INFO - [2024-12-28T17:02:22.455+0000] {dag.py:4180} INFO - Setting next_dagrun for example_trigger_target_dag to None, run_after=None
[2024-12-28T17:02:22.473+0000] {processor.py:208} INFO - Processing /home/airflow/.local/lib/python3.12/site-packages/airflow/example_dags/example_trigger_target_dag.py took 0.063 seconds
[2024-12-28T17:02:53.667+0000] {processor.py:186} INFO - Started process (PID=1423) to work on /home/airflow/.local/lib/python3.12/site-packages/airflow/example_dags/example_trigger_target_dag.py
[2024-12-28T17:02:53.668+0000] {processor.py:914} INFO - Processing file /home/airflow/.local/lib/python3.12/site-packages/airflow/example_dags/example_trigger_target_dag.py for tasks to queue
[2024-12-28T17:02:53.671+0000] {logging_mixin.py:190} INFO - [2024-12-28T17:02:53.671+0000] {dagbag.py:588} INFO - Filling up the DagBag from /home/airflow/.local/lib/python3.12/site-packages/airflow/example_dags/example_trigger_target_dag.py
[2024-12-28T17:02:53.679+0000] {processor.py:925} INFO - DAG(s) 'example_trigger_target_dag' retrieved from /home/airflow/.local/lib/python3.12/site-packages/airflow/example_dags/example_trigger_target_dag.py
[2024-12-28T17:02:53.701+0000] {logging_mixin.py:190} INFO - [2024-12-28T17:02:53.701+0000] {dag.py:3239} INFO - Sync 1 DAGs
[2024-12-28T17:02:53.715+0000] {logging_mixin.py:190} INFO - [2024-12-28T17:02:53.715+0000] {dag.py:4180} INFO - Setting next_dagrun for example_trigger_target_dag to None, run_after=None
[2024-12-28T17:02:53.739+0000] {processor.py:208} INFO - Processing /home/airflow/.local/lib/python3.12/site-packages/airflow/example_dags/example_trigger_target_dag.py took 0.079 seconds
[2024-12-28T17:03:25.104+0000] {processor.py:186} INFO - Started process (PID=1496) to work on /home/airflow/.local/lib/python3.12/site-packages/airflow/example_dags/example_trigger_target_dag.py
[2024-12-28T17:03:25.105+0000] {processor.py:914} INFO - Processing file /home/airflow/.local/lib/python3.12/site-packages/airflow/example_dags/example_trigger_target_dag.py for tasks to queue
[2024-12-28T17:03:25.107+0000] {logging_mixin.py:190} INFO - [2024-12-28T17:03:25.107+0000] {dagbag.py:588} INFO - Filling up the DagBag from /home/airflow/.local/lib/python3.12/site-packages/airflow/example_dags/example_trigger_target_dag.py
[2024-12-28T17:03:25.115+0000] {processor.py:925} INFO - DAG(s) 'example_trigger_target_dag' retrieved from /home/airflow/.local/lib/python3.12/site-packages/airflow/example_dags/example_trigger_target_dag.py
[2024-12-28T17:03:25.133+0000] {logging_mixin.py:190} INFO - [2024-12-28T17:03:25.132+0000] {dag.py:3239} INFO - Sync 1 DAGs
[2024-12-28T17:03:25.146+0000] {logging_mixin.py:190} INFO - [2024-12-28T17:03:25.145+0000] {dag.py:4180} INFO - Setting next_dagrun for example_trigger_target_dag to None, run_after=None
[2024-12-28T17:03:25.163+0000] {processor.py:208} INFO - Processing /home/airflow/.local/lib/python3.12/site-packages/airflow/example_dags/example_trigger_target_dag.py took 0.065 seconds
[2024-12-28T17:03:55.868+0000] {processor.py:186} INFO - Started process (PID=1574) to work on /home/airflow/.local/lib/python3.12/site-packages/airflow/example_dags/example_trigger_target_dag.py
[2024-12-28T17:03:55.869+0000] {processor.py:914} INFO - Processing file /home/airflow/.local/lib/python3.12/site-packages/airflow/example_dags/example_trigger_target_dag.py for tasks to queue
[2024-12-28T17:03:55.872+0000] {logging_mixin.py:190} INFO - [2024-12-28T17:03:55.872+0000] {dagbag.py:588} INFO - Filling up the DagBag from /home/airflow/.local/lib/python3.12/site-packages/airflow/example_dags/example_trigger_target_dag.py
[2024-12-28T17:03:55.880+0000] {processor.py:925} INFO - DAG(s) 'example_trigger_target_dag' retrieved from /home/airflow/.local/lib/python3.12/site-packages/airflow/example_dags/example_trigger_target_dag.py
[2024-12-28T17:03:55.900+0000] {logging_mixin.py:190} INFO - [2024-12-28T17:03:55.900+0000] {dag.py:3239} INFO - Sync 1 DAGs
[2024-12-28T17:03:55.914+0000] {logging_mixin.py:190} INFO - [2024-12-28T17:03:55.914+0000] {dag.py:4180} INFO - Setting next_dagrun for example_trigger_target_dag to None, run_after=None
[2024-12-28T17:03:55.932+0000] {processor.py:208} INFO - Processing /home/airflow/.local/lib/python3.12/site-packages/airflow/example_dags/example_trigger_target_dag.py took 0.070 seconds
