[2024-12-28T16:38:35.761+0000] {processor.py:186} INFO - Started process (PID=97) to work on /home/airflow/.local/lib/python3.12/site-packages/airflow/example_dags/example_branch_operator.py
[2024-12-28T16:38:35.762+0000] {processor.py:914} INFO - Processing file /home/airflow/.local/lib/python3.12/site-packages/airflow/example_dags/example_branch_operator.py for tasks to queue
[2024-12-28T16:38:35.764+0000] {logging_mixin.py:190} INFO - [2024-12-28T16:38:35.763+0000] {dagbag.py:588} INFO - Filling up the DagBag from /home/airflow/.local/lib/python3.12/site-packages/airflow/example_dags/example_branch_operator.py
[2024-12-28T16:38:35.780+0000] {processor.py:925} INFO - DAG(s) 'example_branch_operator' retrieved from /home/airflow/.local/lib/python3.12/site-packages/airflow/example_dags/example_branch_operator.py
[2024-12-28T16:38:35.899+0000] {logging_mixin.py:190} INFO - [2024-12-28T16:38:35.898+0000] {override.py:1911} INFO - Created Permission View: can delete on DAG:example_branch_operator
[2024-12-28T16:38:35.907+0000] {logging_mixin.py:190} INFO - [2024-12-28T16:38:35.907+0000] {override.py:1911} INFO - Created Permission View: can edit on DAG:example_branch_operator
[2024-12-28T16:38:35.913+0000] {logging_mixin.py:190} INFO - [2024-12-28T16:38:35.913+0000] {override.py:1911} INFO - Created Permission View: can read on DAG:example_branch_operator
[2024-12-28T16:38:35.919+0000] {logging_mixin.py:190} INFO - [2024-12-28T16:38:35.919+0000] {override.py:1911} INFO - Created Permission View: can create on DAG Run:example_branch_operator
[2024-12-28T16:38:35.926+0000] {logging_mixin.py:190} INFO - [2024-12-28T16:38:35.926+0000] {override.py:1911} INFO - Created Permission View: can delete on DAG Run:example_branch_operator
[2024-12-28T16:38:35.932+0000] {logging_mixin.py:190} INFO - [2024-12-28T16:38:35.932+0000] {override.py:1911} INFO - Created Permission View: menu access on DAG Run:example_branch_operator
[2024-12-28T16:38:35.937+0000] {logging_mixin.py:190} INFO - [2024-12-28T16:38:35.937+0000] {override.py:1911} INFO - Created Permission View: can read on DAG Run:example_branch_operator
[2024-12-28T16:38:35.937+0000] {logging_mixin.py:190} INFO - [2024-12-28T16:38:35.937+0000] {dag.py:3239} INFO - Sync 1 DAGs
[2024-12-28T16:38:35.949+0000] {logging_mixin.py:190} INFO - [2024-12-28T16:38:35.949+0000] {dag.py:3262} INFO - Creating ORM DAG for example_branch_operator
[2024-12-28T16:38:35.959+0000] {logging_mixin.py:190} INFO - [2024-12-28T16:38:35.958+0000] {dag.py:4180} INFO - Setting next_dagrun for example_branch_operator to 2024-12-27 00:00:00+00:00, run_after=2024-12-28 00:00:00+00:00
[2024-12-28T16:38:35.974+0000] {processor.py:208} INFO - Processing /home/airflow/.local/lib/python3.12/site-packages/airflow/example_dags/example_branch_operator.py took 0.218 seconds
[2024-12-28T16:39:06.465+0000] {processor.py:186} INFO - Started process (PID=159) to work on /home/airflow/.local/lib/python3.12/site-packages/airflow/example_dags/example_branch_operator.py
[2024-12-28T16:39:06.466+0000] {processor.py:914} INFO - Processing file /home/airflow/.local/lib/python3.12/site-packages/airflow/example_dags/example_branch_operator.py for tasks to queue
[2024-12-28T16:39:06.468+0000] {logging_mixin.py:190} INFO - [2024-12-28T16:39:06.467+0000] {dagbag.py:588} INFO - Filling up the DagBag from /home/airflow/.local/lib/python3.12/site-packages/airflow/example_dags/example_branch_operator.py
[2024-12-28T16:39:06.483+0000] {processor.py:925} INFO - DAG(s) 'example_branch_operator' retrieved from /home/airflow/.local/lib/python3.12/site-packages/airflow/example_dags/example_branch_operator.py
[2024-12-28T16:39:06.507+0000] {logging_mixin.py:190} INFO - [2024-12-28T16:39:06.507+0000] {dag.py:3239} INFO - Sync 1 DAGs
[2024-12-28T16:39:06.528+0000] {logging_mixin.py:190} INFO - [2024-12-28T16:39:06.527+0000] {dag.py:4180} INFO - Setting next_dagrun for example_branch_operator to 2024-12-27 00:00:00+00:00, run_after=2024-12-28 00:00:00+00:00
[2024-12-28T16:39:06.544+0000] {processor.py:208} INFO - Processing /home/airflow/.local/lib/python3.12/site-packages/airflow/example_dags/example_branch_operator.py took 0.085 seconds
[2024-12-28T16:39:37.838+0000] {processor.py:186} INFO - Started process (PID=223) to work on /home/airflow/.local/lib/python3.12/site-packages/airflow/example_dags/example_branch_operator.py
[2024-12-28T16:39:37.840+0000] {processor.py:914} INFO - Processing file /home/airflow/.local/lib/python3.12/site-packages/airflow/example_dags/example_branch_operator.py for tasks to queue
[2024-12-28T16:39:37.842+0000] {logging_mixin.py:190} INFO - [2024-12-28T16:39:37.842+0000] {dagbag.py:588} INFO - Filling up the DagBag from /home/airflow/.local/lib/python3.12/site-packages/airflow/example_dags/example_branch_operator.py
[2024-12-28T16:39:37.859+0000] {processor.py:925} INFO - DAG(s) 'example_branch_operator' retrieved from /home/airflow/.local/lib/python3.12/site-packages/airflow/example_dags/example_branch_operator.py
[2024-12-28T16:39:37.891+0000] {logging_mixin.py:190} INFO - [2024-12-28T16:39:37.890+0000] {dag.py:3239} INFO - Sync 1 DAGs
[2024-12-28T16:39:37.917+0000] {logging_mixin.py:190} INFO - [2024-12-28T16:39:37.917+0000] {dag.py:4180} INFO - Setting next_dagrun for example_branch_operator to 2024-12-27 00:00:00+00:00, run_after=2024-12-28 00:00:00+00:00
[2024-12-28T16:39:37.942+0000] {processor.py:208} INFO - Processing /home/airflow/.local/lib/python3.12/site-packages/airflow/example_dags/example_branch_operator.py took 0.110 seconds
[2024-12-28T16:40:08.983+0000] {processor.py:186} INFO - Started process (PID=285) to work on /home/airflow/.local/lib/python3.12/site-packages/airflow/example_dags/example_branch_operator.py
[2024-12-28T16:40:08.984+0000] {processor.py:914} INFO - Processing file /home/airflow/.local/lib/python3.12/site-packages/airflow/example_dags/example_branch_operator.py for tasks to queue
[2024-12-28T16:40:08.986+0000] {logging_mixin.py:190} INFO - [2024-12-28T16:40:08.986+0000] {dagbag.py:588} INFO - Filling up the DagBag from /home/airflow/.local/lib/python3.12/site-packages/airflow/example_dags/example_branch_operator.py
[2024-12-28T16:40:09.003+0000] {processor.py:925} INFO - DAG(s) 'example_branch_operator' retrieved from /home/airflow/.local/lib/python3.12/site-packages/airflow/example_dags/example_branch_operator.py
[2024-12-28T16:40:09.031+0000] {logging_mixin.py:190} INFO - [2024-12-28T16:40:09.031+0000] {dag.py:3239} INFO - Sync 1 DAGs
[2024-12-28T16:40:09.056+0000] {logging_mixin.py:190} INFO - [2024-12-28T16:40:09.055+0000] {dag.py:4180} INFO - Setting next_dagrun for example_branch_operator to 2024-12-27 00:00:00+00:00, run_after=2024-12-28 00:00:00+00:00
[2024-12-28T16:40:09.076+0000] {processor.py:208} INFO - Processing /home/airflow/.local/lib/python3.12/site-packages/airflow/example_dags/example_branch_operator.py took 0.100 seconds
[2024-12-28T16:42:41.228+0000] {processor.py:186} INFO - Started process (PID=96) to work on /home/airflow/.local/lib/python3.12/site-packages/airflow/example_dags/example_branch_operator.py
[2024-12-28T16:42:41.229+0000] {processor.py:914} INFO - Processing file /home/airflow/.local/lib/python3.12/site-packages/airflow/example_dags/example_branch_operator.py for tasks to queue
[2024-12-28T16:42:41.231+0000] {logging_mixin.py:190} INFO - [2024-12-28T16:42:41.231+0000] {dagbag.py:588} INFO - Filling up the DagBag from /home/airflow/.local/lib/python3.12/site-packages/airflow/example_dags/example_branch_operator.py
[2024-12-28T16:42:41.249+0000] {processor.py:925} INFO - DAG(s) 'example_branch_operator' retrieved from /home/airflow/.local/lib/python3.12/site-packages/airflow/example_dags/example_branch_operator.py
[2024-12-28T16:42:41.373+0000] {logging_mixin.py:190} INFO - [2024-12-28T16:42:41.372+0000] {dag.py:3239} INFO - Sync 1 DAGs
[2024-12-28T16:42:41.393+0000] {logging_mixin.py:190} INFO - [2024-12-28T16:42:41.393+0000] {dag.py:4180} INFO - Setting next_dagrun for example_branch_operator to 2024-12-27 00:00:00+00:00, run_after=2024-12-28 00:00:00+00:00
[2024-12-28T16:42:41.415+0000] {processor.py:208} INFO - Processing /home/airflow/.local/lib/python3.12/site-packages/airflow/example_dags/example_branch_operator.py took 0.192 seconds
[2024-12-28T16:43:12.828+0000] {processor.py:186} INFO - Started process (PID=164) to work on /home/airflow/.local/lib/python3.12/site-packages/airflow/example_dags/example_branch_operator.py
[2024-12-28T16:43:12.829+0000] {processor.py:914} INFO - Processing file /home/airflow/.local/lib/python3.12/site-packages/airflow/example_dags/example_branch_operator.py for tasks to queue
[2024-12-28T16:43:12.831+0000] {logging_mixin.py:190} INFO - [2024-12-28T16:43:12.831+0000] {dagbag.py:588} INFO - Filling up the DagBag from /home/airflow/.local/lib/python3.12/site-packages/airflow/example_dags/example_branch_operator.py
[2024-12-28T16:43:12.846+0000] {processor.py:925} INFO - DAG(s) 'example_branch_operator' retrieved from /home/airflow/.local/lib/python3.12/site-packages/airflow/example_dags/example_branch_operator.py
[2024-12-28T16:43:12.873+0000] {logging_mixin.py:190} INFO - [2024-12-28T16:43:12.873+0000] {dag.py:3239} INFO - Sync 1 DAGs
[2024-12-28T16:43:12.896+0000] {logging_mixin.py:190} INFO - [2024-12-28T16:43:12.896+0000] {dag.py:4180} INFO - Setting next_dagrun for example_branch_operator to 2024-12-27 00:00:00+00:00, run_after=2024-12-28 00:00:00+00:00
[2024-12-28T16:43:12.913+0000] {processor.py:208} INFO - Processing /home/airflow/.local/lib/python3.12/site-packages/airflow/example_dags/example_branch_operator.py took 0.091 seconds
[2024-12-28T16:43:44.735+0000] {processor.py:186} INFO - Started process (PID=228) to work on /home/airflow/.local/lib/python3.12/site-packages/airflow/example_dags/example_branch_operator.py
[2024-12-28T16:43:44.736+0000] {processor.py:914} INFO - Processing file /home/airflow/.local/lib/python3.12/site-packages/airflow/example_dags/example_branch_operator.py for tasks to queue
[2024-12-28T16:43:44.738+0000] {logging_mixin.py:190} INFO - [2024-12-28T16:43:44.738+0000] {dagbag.py:588} INFO - Filling up the DagBag from /home/airflow/.local/lib/python3.12/site-packages/airflow/example_dags/example_branch_operator.py
[2024-12-28T16:43:44.753+0000] {processor.py:925} INFO - DAG(s) 'example_branch_operator' retrieved from /home/airflow/.local/lib/python3.12/site-packages/airflow/example_dags/example_branch_operator.py
[2024-12-28T16:43:44.780+0000] {logging_mixin.py:190} INFO - [2024-12-28T16:43:44.780+0000] {dag.py:3239} INFO - Sync 1 DAGs
[2024-12-28T16:43:44.802+0000] {logging_mixin.py:190} INFO - [2024-12-28T16:43:44.801+0000] {dag.py:4180} INFO - Setting next_dagrun for example_branch_operator to 2024-12-27 00:00:00+00:00, run_after=2024-12-28 00:00:00+00:00
[2024-12-28T16:43:44.819+0000] {processor.py:208} INFO - Processing /home/airflow/.local/lib/python3.12/site-packages/airflow/example_dags/example_branch_operator.py took 0.089 seconds
[2024-12-28T16:44:16.442+0000] {processor.py:186} INFO - Started process (PID=291) to work on /home/airflow/.local/lib/python3.12/site-packages/airflow/example_dags/example_branch_operator.py
[2024-12-28T16:44:16.443+0000] {processor.py:914} INFO - Processing file /home/airflow/.local/lib/python3.12/site-packages/airflow/example_dags/example_branch_operator.py for tasks to queue
[2024-12-28T16:44:16.445+0000] {logging_mixin.py:190} INFO - [2024-12-28T16:44:16.445+0000] {dagbag.py:588} INFO - Filling up the DagBag from /home/airflow/.local/lib/python3.12/site-packages/airflow/example_dags/example_branch_operator.py
[2024-12-28T16:44:16.461+0000] {processor.py:925} INFO - DAG(s) 'example_branch_operator' retrieved from /home/airflow/.local/lib/python3.12/site-packages/airflow/example_dags/example_branch_operator.py
[2024-12-28T16:44:16.486+0000] {logging_mixin.py:190} INFO - [2024-12-28T16:44:16.485+0000] {dag.py:3239} INFO - Sync 1 DAGs
[2024-12-28T16:44:16.508+0000] {logging_mixin.py:190} INFO - [2024-12-28T16:44:16.508+0000] {dag.py:4180} INFO - Setting next_dagrun for example_branch_operator to 2024-12-27 00:00:00+00:00, run_after=2024-12-28 00:00:00+00:00
[2024-12-28T16:44:16.524+0000] {processor.py:208} INFO - Processing /home/airflow/.local/lib/python3.12/site-packages/airflow/example_dags/example_branch_operator.py took 0.088 seconds
[2024-12-28T16:44:47.487+0000] {processor.py:186} INFO - Started process (PID=354) to work on /home/airflow/.local/lib/python3.12/site-packages/airflow/example_dags/example_branch_operator.py
[2024-12-28T16:44:47.488+0000] {processor.py:914} INFO - Processing file /home/airflow/.local/lib/python3.12/site-packages/airflow/example_dags/example_branch_operator.py for tasks to queue
[2024-12-28T16:44:47.490+0000] {logging_mixin.py:190} INFO - [2024-12-28T16:44:47.490+0000] {dagbag.py:588} INFO - Filling up the DagBag from /home/airflow/.local/lib/python3.12/site-packages/airflow/example_dags/example_branch_operator.py
[2024-12-28T16:44:47.505+0000] {processor.py:925} INFO - DAG(s) 'example_branch_operator' retrieved from /home/airflow/.local/lib/python3.12/site-packages/airflow/example_dags/example_branch_operator.py
[2024-12-28T16:44:47.530+0000] {logging_mixin.py:190} INFO - [2024-12-28T16:44:47.530+0000] {dag.py:3239} INFO - Sync 1 DAGs
[2024-12-28T16:44:47.553+0000] {logging_mixin.py:190} INFO - [2024-12-28T16:44:47.553+0000] {dag.py:4180} INFO - Setting next_dagrun for example_branch_operator to 2024-12-27 00:00:00+00:00, run_after=2024-12-28 00:00:00+00:00
[2024-12-28T16:44:47.569+0000] {processor.py:208} INFO - Processing /home/airflow/.local/lib/python3.12/site-packages/airflow/example_dags/example_branch_operator.py took 0.088 seconds
[2024-12-28T16:45:19.198+0000] {processor.py:186} INFO - Started process (PID=417) to work on /home/airflow/.local/lib/python3.12/site-packages/airflow/example_dags/example_branch_operator.py
[2024-12-28T16:45:19.199+0000] {processor.py:914} INFO - Processing file /home/airflow/.local/lib/python3.12/site-packages/airflow/example_dags/example_branch_operator.py for tasks to queue
[2024-12-28T16:45:19.201+0000] {logging_mixin.py:190} INFO - [2024-12-28T16:45:19.201+0000] {dagbag.py:588} INFO - Filling up the DagBag from /home/airflow/.local/lib/python3.12/site-packages/airflow/example_dags/example_branch_operator.py
[2024-12-28T16:45:19.216+0000] {processor.py:925} INFO - DAG(s) 'example_branch_operator' retrieved from /home/airflow/.local/lib/python3.12/site-packages/airflow/example_dags/example_branch_operator.py
[2024-12-28T16:45:19.244+0000] {logging_mixin.py:190} INFO - [2024-12-28T16:45:19.243+0000] {dag.py:3239} INFO - Sync 1 DAGs
[2024-12-28T16:45:19.265+0000] {logging_mixin.py:190} INFO - [2024-12-28T16:45:19.265+0000] {dag.py:4180} INFO - Setting next_dagrun for example_branch_operator to 2024-12-27 00:00:00+00:00, run_after=2024-12-28 00:00:00+00:00
[2024-12-28T16:45:19.282+0000] {processor.py:208} INFO - Processing /home/airflow/.local/lib/python3.12/site-packages/airflow/example_dags/example_branch_operator.py took 0.090 seconds
[2024-12-28T16:45:50.926+0000] {processor.py:186} INFO - Started process (PID=480) to work on /home/airflow/.local/lib/python3.12/site-packages/airflow/example_dags/example_branch_operator.py
[2024-12-28T16:45:50.928+0000] {processor.py:914} INFO - Processing file /home/airflow/.local/lib/python3.12/site-packages/airflow/example_dags/example_branch_operator.py for tasks to queue
[2024-12-28T16:45:50.930+0000] {logging_mixin.py:190} INFO - [2024-12-28T16:45:50.929+0000] {dagbag.py:588} INFO - Filling up the DagBag from /home/airflow/.local/lib/python3.12/site-packages/airflow/example_dags/example_branch_operator.py
[2024-12-28T16:45:50.946+0000] {processor.py:925} INFO - DAG(s) 'example_branch_operator' retrieved from /home/airflow/.local/lib/python3.12/site-packages/airflow/example_dags/example_branch_operator.py
[2024-12-28T16:45:50.970+0000] {logging_mixin.py:190} INFO - [2024-12-28T16:45:50.970+0000] {dag.py:3239} INFO - Sync 1 DAGs
[2024-12-28T16:45:50.992+0000] {logging_mixin.py:190} INFO - [2024-12-28T16:45:50.992+0000] {dag.py:4180} INFO - Setting next_dagrun for example_branch_operator to 2024-12-27 00:00:00+00:00, run_after=2024-12-28 00:00:00+00:00
[2024-12-28T16:45:51.011+0000] {processor.py:208} INFO - Processing /home/airflow/.local/lib/python3.12/site-packages/airflow/example_dags/example_branch_operator.py took 0.090 seconds
[2024-12-28T16:46:22.424+0000] {processor.py:186} INFO - Started process (PID=543) to work on /home/airflow/.local/lib/python3.12/site-packages/airflow/example_dags/example_branch_operator.py
[2024-12-28T16:46:22.425+0000] {processor.py:914} INFO - Processing file /home/airflow/.local/lib/python3.12/site-packages/airflow/example_dags/example_branch_operator.py for tasks to queue
[2024-12-28T16:46:22.427+0000] {logging_mixin.py:190} INFO - [2024-12-28T16:46:22.427+0000] {dagbag.py:588} INFO - Filling up the DagBag from /home/airflow/.local/lib/python3.12/site-packages/airflow/example_dags/example_branch_operator.py
[2024-12-28T16:46:22.445+0000] {processor.py:925} INFO - DAG(s) 'example_branch_operator' retrieved from /home/airflow/.local/lib/python3.12/site-packages/airflow/example_dags/example_branch_operator.py
[2024-12-28T16:46:22.482+0000] {logging_mixin.py:190} INFO - [2024-12-28T16:46:22.482+0000] {dag.py:3239} INFO - Sync 1 DAGs
[2024-12-28T16:46:22.513+0000] {logging_mixin.py:190} INFO - [2024-12-28T16:46:22.513+0000] {dag.py:4180} INFO - Setting next_dagrun for example_branch_operator to 2024-12-27 00:00:00+00:00, run_after=2024-12-28 00:00:00+00:00
[2024-12-28T16:46:22.538+0000] {processor.py:208} INFO - Processing /home/airflow/.local/lib/python3.12/site-packages/airflow/example_dags/example_branch_operator.py took 0.121 seconds
[2024-12-28T16:46:53.271+0000] {processor.py:186} INFO - Started process (PID=606) to work on /home/airflow/.local/lib/python3.12/site-packages/airflow/example_dags/example_branch_operator.py
[2024-12-28T16:46:53.272+0000] {processor.py:914} INFO - Processing file /home/airflow/.local/lib/python3.12/site-packages/airflow/example_dags/example_branch_operator.py for tasks to queue
[2024-12-28T16:46:53.275+0000] {logging_mixin.py:190} INFO - [2024-12-28T16:46:53.274+0000] {dagbag.py:588} INFO - Filling up the DagBag from /home/airflow/.local/lib/python3.12/site-packages/airflow/example_dags/example_branch_operator.py
[2024-12-28T16:46:53.291+0000] {processor.py:925} INFO - DAG(s) 'example_branch_operator' retrieved from /home/airflow/.local/lib/python3.12/site-packages/airflow/example_dags/example_branch_operator.py
[2024-12-28T16:46:53.325+0000] {logging_mixin.py:190} INFO - [2024-12-28T16:46:53.324+0000] {dag.py:3239} INFO - Sync 1 DAGs
[2024-12-28T16:46:53.352+0000] {logging_mixin.py:190} INFO - [2024-12-28T16:46:53.352+0000] {dag.py:4180} INFO - Setting next_dagrun for example_branch_operator to 2024-12-27 00:00:00+00:00, run_after=2024-12-28 00:00:00+00:00
[2024-12-28T16:46:53.373+0000] {processor.py:208} INFO - Processing /home/airflow/.local/lib/python3.12/site-packages/airflow/example_dags/example_branch_operator.py took 0.108 seconds
[2024-12-28T16:47:25.010+0000] {processor.py:186} INFO - Started process (PID=669) to work on /home/airflow/.local/lib/python3.12/site-packages/airflow/example_dags/example_branch_operator.py
[2024-12-28T16:47:25.011+0000] {processor.py:914} INFO - Processing file /home/airflow/.local/lib/python3.12/site-packages/airflow/example_dags/example_branch_operator.py for tasks to queue
[2024-12-28T16:47:25.013+0000] {logging_mixin.py:190} INFO - [2024-12-28T16:47:25.013+0000] {dagbag.py:588} INFO - Filling up the DagBag from /home/airflow/.local/lib/python3.12/site-packages/airflow/example_dags/example_branch_operator.py
[2024-12-28T16:47:25.030+0000] {processor.py:925} INFO - DAG(s) 'example_branch_operator' retrieved from /home/airflow/.local/lib/python3.12/site-packages/airflow/example_dags/example_branch_operator.py
[2024-12-28T16:47:25.057+0000] {logging_mixin.py:190} INFO - [2024-12-28T16:47:25.057+0000] {dag.py:3239} INFO - Sync 1 DAGs
[2024-12-28T16:47:25.080+0000] {logging_mixin.py:190} INFO - [2024-12-28T16:47:25.079+0000] {dag.py:4180} INFO - Setting next_dagrun for example_branch_operator to 2024-12-27 00:00:00+00:00, run_after=2024-12-28 00:00:00+00:00
[2024-12-28T16:47:25.099+0000] {processor.py:208} INFO - Processing /home/airflow/.local/lib/python3.12/site-packages/airflow/example_dags/example_branch_operator.py took 0.094 seconds
[2024-12-28T16:52:23.487+0000] {processor.py:186} INFO - Started process (PID=98) to work on /home/airflow/.local/lib/python3.12/site-packages/airflow/example_dags/example_branch_operator.py
[2024-12-28T16:52:23.488+0000] {processor.py:914} INFO - Processing file /home/airflow/.local/lib/python3.12/site-packages/airflow/example_dags/example_branch_operator.py for tasks to queue
[2024-12-28T16:52:23.490+0000] {logging_mixin.py:190} INFO - [2024-12-28T16:52:23.490+0000] {dagbag.py:588} INFO - Filling up the DagBag from /home/airflow/.local/lib/python3.12/site-packages/airflow/example_dags/example_branch_operator.py
[2024-12-28T16:52:23.507+0000] {processor.py:925} INFO - DAG(s) 'example_branch_operator' retrieved from /home/airflow/.local/lib/python3.12/site-packages/airflow/example_dags/example_branch_operator.py
[2024-12-28T16:52:23.625+0000] {logging_mixin.py:190} INFO - [2024-12-28T16:52:23.624+0000] {dag.py:3239} INFO - Sync 1 DAGs
[2024-12-28T16:52:23.645+0000] {logging_mixin.py:190} INFO - [2024-12-28T16:52:23.645+0000] {dag.py:4180} INFO - Setting next_dagrun for example_branch_operator to 2024-12-27 00:00:00+00:00, run_after=2024-12-28 00:00:00+00:00
[2024-12-28T16:52:23.679+0000] {processor.py:208} INFO - Processing /home/airflow/.local/lib/python3.12/site-packages/airflow/example_dags/example_branch_operator.py took 0.196 seconds
[2024-12-28T16:52:54.614+0000] {processor.py:186} INFO - Started process (PID=162) to work on /home/airflow/.local/lib/python3.12/site-packages/airflow/example_dags/example_branch_operator.py
[2024-12-28T16:52:54.615+0000] {processor.py:914} INFO - Processing file /home/airflow/.local/lib/python3.12/site-packages/airflow/example_dags/example_branch_operator.py for tasks to queue
[2024-12-28T16:52:54.618+0000] {logging_mixin.py:190} INFO - [2024-12-28T16:52:54.617+0000] {dagbag.py:588} INFO - Filling up the DagBag from /home/airflow/.local/lib/python3.12/site-packages/airflow/example_dags/example_branch_operator.py
[2024-12-28T16:52:54.633+0000] {processor.py:925} INFO - DAG(s) 'example_branch_operator' retrieved from /home/airflow/.local/lib/python3.12/site-packages/airflow/example_dags/example_branch_operator.py
[2024-12-28T16:52:54.659+0000] {logging_mixin.py:190} INFO - [2024-12-28T16:52:54.658+0000] {dag.py:3239} INFO - Sync 1 DAGs
[2024-12-28T16:52:54.682+0000] {logging_mixin.py:190} INFO - [2024-12-28T16:52:54.682+0000] {dag.py:4180} INFO - Setting next_dagrun for example_branch_operator to 2024-12-27 00:00:00+00:00, run_after=2024-12-28 00:00:00+00:00
[2024-12-28T16:52:54.699+0000] {processor.py:208} INFO - Processing /home/airflow/.local/lib/python3.12/site-packages/airflow/example_dags/example_branch_operator.py took 0.090 seconds
[2024-12-28T16:53:25.903+0000] {processor.py:186} INFO - Started process (PID=225) to work on /home/airflow/.local/lib/python3.12/site-packages/airflow/example_dags/example_branch_operator.py
[2024-12-28T16:53:25.904+0000] {processor.py:914} INFO - Processing file /home/airflow/.local/lib/python3.12/site-packages/airflow/example_dags/example_branch_operator.py for tasks to queue
[2024-12-28T16:53:25.906+0000] {logging_mixin.py:190} INFO - [2024-12-28T16:53:25.906+0000] {dagbag.py:588} INFO - Filling up the DagBag from /home/airflow/.local/lib/python3.12/site-packages/airflow/example_dags/example_branch_operator.py
[2024-12-28T16:53:25.921+0000] {processor.py:925} INFO - DAG(s) 'example_branch_operator' retrieved from /home/airflow/.local/lib/python3.12/site-packages/airflow/example_dags/example_branch_operator.py
[2024-12-28T16:53:25.947+0000] {logging_mixin.py:190} INFO - [2024-12-28T16:53:25.947+0000] {dag.py:3239} INFO - Sync 1 DAGs
[2024-12-28T16:53:25.968+0000] {logging_mixin.py:190} INFO - [2024-12-28T16:53:25.968+0000] {dag.py:4180} INFO - Setting next_dagrun for example_branch_operator to 2024-12-27 00:00:00+00:00, run_after=2024-12-28 00:00:00+00:00
[2024-12-28T16:53:25.984+0000] {processor.py:208} INFO - Processing /home/airflow/.local/lib/python3.12/site-packages/airflow/example_dags/example_branch_operator.py took 0.087 seconds
[2024-12-28T16:53:58.221+0000] {processor.py:186} INFO - Started process (PID=293) to work on /home/airflow/.local/lib/python3.12/site-packages/airflow/example_dags/example_branch_operator.py
[2024-12-28T16:53:58.223+0000] {processor.py:914} INFO - Processing file /home/airflow/.local/lib/python3.12/site-packages/airflow/example_dags/example_branch_operator.py for tasks to queue
[2024-12-28T16:53:58.227+0000] {logging_mixin.py:190} INFO - [2024-12-28T16:53:58.226+0000] {dagbag.py:588} INFO - Filling up the DagBag from /home/airflow/.local/lib/python3.12/site-packages/airflow/example_dags/example_branch_operator.py
[2024-12-28T16:53:58.248+0000] {processor.py:925} INFO - DAG(s) 'example_branch_operator' retrieved from /home/airflow/.local/lib/python3.12/site-packages/airflow/example_dags/example_branch_operator.py
[2024-12-28T16:53:58.284+0000] {logging_mixin.py:190} INFO - [2024-12-28T16:53:58.283+0000] {dag.py:3239} INFO - Sync 1 DAGs
[2024-12-28T16:53:58.328+0000] {logging_mixin.py:190} INFO - [2024-12-28T16:53:58.328+0000] {dag.py:4180} INFO - Setting next_dagrun for example_branch_operator to 2024-12-27 00:00:00+00:00, run_after=2024-12-28 00:00:00+00:00
[2024-12-28T16:53:58.361+0000] {processor.py:208} INFO - Processing /home/airflow/.local/lib/python3.12/site-packages/airflow/example_dags/example_branch_operator.py took 0.149 seconds
[2024-12-28T16:54:30.223+0000] {processor.py:186} INFO - Started process (PID=358) to work on /home/airflow/.local/lib/python3.12/site-packages/airflow/example_dags/example_branch_operator.py
[2024-12-28T16:54:30.225+0000] {processor.py:914} INFO - Processing file /home/airflow/.local/lib/python3.12/site-packages/airflow/example_dags/example_branch_operator.py for tasks to queue
[2024-12-28T16:54:30.228+0000] {logging_mixin.py:190} INFO - [2024-12-28T16:54:30.227+0000] {dagbag.py:588} INFO - Filling up the DagBag from /home/airflow/.local/lib/python3.12/site-packages/airflow/example_dags/example_branch_operator.py
[2024-12-28T16:54:30.246+0000] {processor.py:925} INFO - DAG(s) 'example_branch_operator' retrieved from /home/airflow/.local/lib/python3.12/site-packages/airflow/example_dags/example_branch_operator.py
[2024-12-28T16:54:30.276+0000] {logging_mixin.py:190} INFO - [2024-12-28T16:54:30.276+0000] {dag.py:3239} INFO - Sync 1 DAGs
[2024-12-28T16:54:30.300+0000] {logging_mixin.py:190} INFO - [2024-12-28T16:54:30.299+0000] {dag.py:4180} INFO - Setting next_dagrun for example_branch_operator to 2024-12-27 00:00:00+00:00, run_after=2024-12-28 00:00:00+00:00
[2024-12-28T16:54:30.319+0000] {processor.py:208} INFO - Processing /home/airflow/.local/lib/python3.12/site-packages/airflow/example_dags/example_branch_operator.py took 0.101 seconds
[2024-12-28T16:55:02.386+0000] {processor.py:186} INFO - Started process (PID=422) to work on /home/airflow/.local/lib/python3.12/site-packages/airflow/example_dags/example_branch_operator.py
[2024-12-28T16:55:02.388+0000] {processor.py:914} INFO - Processing file /home/airflow/.local/lib/python3.12/site-packages/airflow/example_dags/example_branch_operator.py for tasks to queue
[2024-12-28T16:55:02.392+0000] {logging_mixin.py:190} INFO - [2024-12-28T16:55:02.391+0000] {dagbag.py:588} INFO - Filling up the DagBag from /home/airflow/.local/lib/python3.12/site-packages/airflow/example_dags/example_branch_operator.py
[2024-12-28T16:55:02.432+0000] {processor.py:925} INFO - DAG(s) 'example_branch_operator' retrieved from /home/airflow/.local/lib/python3.12/site-packages/airflow/example_dags/example_branch_operator.py
[2024-12-28T16:55:02.504+0000] {logging_mixin.py:190} INFO - [2024-12-28T16:55:02.504+0000] {dag.py:3239} INFO - Sync 1 DAGs
[2024-12-28T16:55:02.543+0000] {logging_mixin.py:190} INFO - [2024-12-28T16:55:02.543+0000] {dag.py:4180} INFO - Setting next_dagrun for example_branch_operator to 2024-12-27 00:00:00+00:00, run_after=2024-12-28 00:00:00+00:00
[2024-12-28T16:55:02.580+0000] {processor.py:208} INFO - Processing /home/airflow/.local/lib/python3.12/site-packages/airflow/example_dags/example_branch_operator.py took 0.205 seconds
[2024-12-28T16:55:34.593+0000] {processor.py:186} INFO - Started process (PID=486) to work on /home/airflow/.local/lib/python3.12/site-packages/airflow/example_dags/example_branch_operator.py
[2024-12-28T16:55:34.597+0000] {processor.py:914} INFO - Processing file /home/airflow/.local/lib/python3.12/site-packages/airflow/example_dags/example_branch_operator.py for tasks to queue
[2024-12-28T16:55:34.602+0000] {logging_mixin.py:190} INFO - [2024-12-28T16:55:34.601+0000] {dagbag.py:588} INFO - Filling up the DagBag from /home/airflow/.local/lib/python3.12/site-packages/airflow/example_dags/example_branch_operator.py
[2024-12-28T16:55:34.633+0000] {processor.py:925} INFO - DAG(s) 'example_branch_operator' retrieved from /home/airflow/.local/lib/python3.12/site-packages/airflow/example_dags/example_branch_operator.py
[2024-12-28T16:55:34.694+0000] {logging_mixin.py:190} INFO - [2024-12-28T16:55:34.693+0000] {dag.py:3239} INFO - Sync 1 DAGs
[2024-12-28T16:55:34.736+0000] {logging_mixin.py:190} INFO - [2024-12-28T16:55:34.735+0000] {dag.py:4180} INFO - Setting next_dagrun for example_branch_operator to 2024-12-27 00:00:00+00:00, run_after=2024-12-28 00:00:00+00:00
[2024-12-28T16:55:34.776+0000] {processor.py:208} INFO - Processing /home/airflow/.local/lib/python3.12/site-packages/airflow/example_dags/example_branch_operator.py took 0.195 seconds
[2024-12-28T16:56:05.073+0000] {processor.py:186} INFO - Started process (PID=549) to work on /home/airflow/.local/lib/python3.12/site-packages/airflow/example_dags/example_branch_operator.py
[2024-12-28T16:56:05.075+0000] {processor.py:914} INFO - Processing file /home/airflow/.local/lib/python3.12/site-packages/airflow/example_dags/example_branch_operator.py for tasks to queue
[2024-12-28T16:56:05.077+0000] {logging_mixin.py:190} INFO - [2024-12-28T16:56:05.077+0000] {dagbag.py:588} INFO - Filling up the DagBag from /home/airflow/.local/lib/python3.12/site-packages/airflow/example_dags/example_branch_operator.py
[2024-12-28T16:56:05.095+0000] {processor.py:925} INFO - DAG(s) 'example_branch_operator' retrieved from /home/airflow/.local/lib/python3.12/site-packages/airflow/example_dags/example_branch_operator.py
[2024-12-28T16:56:05.129+0000] {logging_mixin.py:190} INFO - [2024-12-28T16:56:05.128+0000] {dag.py:3239} INFO - Sync 1 DAGs
[2024-12-28T16:56:05.154+0000] {logging_mixin.py:190} INFO - [2024-12-28T16:56:05.154+0000] {dag.py:4180} INFO - Setting next_dagrun for example_branch_operator to 2024-12-27 00:00:00+00:00, run_after=2024-12-28 00:00:00+00:00
[2024-12-28T16:56:05.176+0000] {processor.py:208} INFO - Processing /home/airflow/.local/lib/python3.12/site-packages/airflow/example_dags/example_branch_operator.py took 0.109 seconds
[2024-12-28T16:56:36.331+0000] {processor.py:186} INFO - Started process (PID=613) to work on /home/airflow/.local/lib/python3.12/site-packages/airflow/example_dags/example_branch_operator.py
[2024-12-28T16:56:36.332+0000] {processor.py:914} INFO - Processing file /home/airflow/.local/lib/python3.12/site-packages/airflow/example_dags/example_branch_operator.py for tasks to queue
[2024-12-28T16:56:36.334+0000] {logging_mixin.py:190} INFO - [2024-12-28T16:56:36.334+0000] {dagbag.py:588} INFO - Filling up the DagBag from /home/airflow/.local/lib/python3.12/site-packages/airflow/example_dags/example_branch_operator.py
[2024-12-28T16:56:36.351+0000] {processor.py:925} INFO - DAG(s) 'example_branch_operator' retrieved from /home/airflow/.local/lib/python3.12/site-packages/airflow/example_dags/example_branch_operator.py
[2024-12-28T16:56:36.375+0000] {logging_mixin.py:190} INFO - [2024-12-28T16:56:36.375+0000] {dag.py:3239} INFO - Sync 1 DAGs
[2024-12-28T16:56:36.399+0000] {logging_mixin.py:190} INFO - [2024-12-28T16:56:36.398+0000] {dag.py:4180} INFO - Setting next_dagrun for example_branch_operator to 2024-12-27 00:00:00+00:00, run_after=2024-12-28 00:00:00+00:00
[2024-12-28T16:56:36.418+0000] {processor.py:208} INFO - Processing /home/airflow/.local/lib/python3.12/site-packages/airflow/example_dags/example_branch_operator.py took 0.093 seconds
[2024-12-28T16:57:07.141+0000] {processor.py:186} INFO - Started process (PID=677) to work on /home/airflow/.local/lib/python3.12/site-packages/airflow/example_dags/example_branch_operator.py
[2024-12-28T16:57:07.142+0000] {processor.py:914} INFO - Processing file /home/airflow/.local/lib/python3.12/site-packages/airflow/example_dags/example_branch_operator.py for tasks to queue
[2024-12-28T16:57:07.144+0000] {logging_mixin.py:190} INFO - [2024-12-28T16:57:07.144+0000] {dagbag.py:588} INFO - Filling up the DagBag from /home/airflow/.local/lib/python3.12/site-packages/airflow/example_dags/example_branch_operator.py
[2024-12-28T16:57:07.160+0000] {processor.py:925} INFO - DAG(s) 'example_branch_operator' retrieved from /home/airflow/.local/lib/python3.12/site-packages/airflow/example_dags/example_branch_operator.py
[2024-12-28T16:57:07.186+0000] {logging_mixin.py:190} INFO - [2024-12-28T16:57:07.186+0000] {dag.py:3239} INFO - Sync 1 DAGs
[2024-12-28T16:57:07.208+0000] {logging_mixin.py:190} INFO - [2024-12-28T16:57:07.208+0000] {dag.py:4180} INFO - Setting next_dagrun for example_branch_operator to 2024-12-27 00:00:00+00:00, run_after=2024-12-28 00:00:00+00:00
[2024-12-28T16:57:07.227+0000] {processor.py:208} INFO - Processing /home/airflow/.local/lib/python3.12/site-packages/airflow/example_dags/example_branch_operator.py took 0.090 seconds
[2024-12-28T16:57:38.739+0000] {processor.py:186} INFO - Started process (PID=741) to work on /home/airflow/.local/lib/python3.12/site-packages/airflow/example_dags/example_branch_operator.py
[2024-12-28T16:57:38.740+0000] {processor.py:914} INFO - Processing file /home/airflow/.local/lib/python3.12/site-packages/airflow/example_dags/example_branch_operator.py for tasks to queue
[2024-12-28T16:57:38.742+0000] {logging_mixin.py:190} INFO - [2024-12-28T16:57:38.742+0000] {dagbag.py:588} INFO - Filling up the DagBag from /home/airflow/.local/lib/python3.12/site-packages/airflow/example_dags/example_branch_operator.py
[2024-12-28T16:57:38.757+0000] {processor.py:925} INFO - DAG(s) 'example_branch_operator' retrieved from /home/airflow/.local/lib/python3.12/site-packages/airflow/example_dags/example_branch_operator.py
[2024-12-28T16:57:38.786+0000] {logging_mixin.py:190} INFO - [2024-12-28T16:57:38.785+0000] {dag.py:3239} INFO - Sync 1 DAGs
[2024-12-28T16:57:38.808+0000] {logging_mixin.py:190} INFO - [2024-12-28T16:57:38.808+0000] {dag.py:4180} INFO - Setting next_dagrun for example_branch_operator to 2024-12-27 00:00:00+00:00, run_after=2024-12-28 00:00:00+00:00
[2024-12-28T16:57:38.826+0000] {processor.py:208} INFO - Processing /home/airflow/.local/lib/python3.12/site-packages/airflow/example_dags/example_branch_operator.py took 0.093 seconds
[2024-12-28T16:58:09.471+0000] {processor.py:186} INFO - Started process (PID=805) to work on /home/airflow/.local/lib/python3.12/site-packages/airflow/example_dags/example_branch_operator.py
[2024-12-28T16:58:09.472+0000] {processor.py:914} INFO - Processing file /home/airflow/.local/lib/python3.12/site-packages/airflow/example_dags/example_branch_operator.py for tasks to queue
[2024-12-28T16:58:09.474+0000] {logging_mixin.py:190} INFO - [2024-12-28T16:58:09.474+0000] {dagbag.py:588} INFO - Filling up the DagBag from /home/airflow/.local/lib/python3.12/site-packages/airflow/example_dags/example_branch_operator.py
[2024-12-28T16:58:09.490+0000] {processor.py:925} INFO - DAG(s) 'example_branch_operator' retrieved from /home/airflow/.local/lib/python3.12/site-packages/airflow/example_dags/example_branch_operator.py
[2024-12-28T16:58:09.516+0000] {logging_mixin.py:190} INFO - [2024-12-28T16:58:09.516+0000] {dag.py:3239} INFO - Sync 1 DAGs
[2024-12-28T16:58:09.539+0000] {logging_mixin.py:190} INFO - [2024-12-28T16:58:09.539+0000] {dag.py:4180} INFO - Setting next_dagrun for example_branch_operator to 2024-12-27 00:00:00+00:00, run_after=2024-12-28 00:00:00+00:00
[2024-12-28T16:58:09.555+0000] {processor.py:208} INFO - Processing /home/airflow/.local/lib/python3.12/site-packages/airflow/example_dags/example_branch_operator.py took 0.090 seconds
[2024-12-28T16:58:40.681+0000] {processor.py:186} INFO - Started process (PID=869) to work on /home/airflow/.local/lib/python3.12/site-packages/airflow/example_dags/example_branch_operator.py
[2024-12-28T16:58:40.682+0000] {processor.py:914} INFO - Processing file /home/airflow/.local/lib/python3.12/site-packages/airflow/example_dags/example_branch_operator.py for tasks to queue
[2024-12-28T16:58:40.684+0000] {logging_mixin.py:190} INFO - [2024-12-28T16:58:40.684+0000] {dagbag.py:588} INFO - Filling up the DagBag from /home/airflow/.local/lib/python3.12/site-packages/airflow/example_dags/example_branch_operator.py
[2024-12-28T16:58:40.701+0000] {processor.py:925} INFO - DAG(s) 'example_branch_operator' retrieved from /home/airflow/.local/lib/python3.12/site-packages/airflow/example_dags/example_branch_operator.py
[2024-12-28T16:58:40.728+0000] {logging_mixin.py:190} INFO - [2024-12-28T16:58:40.728+0000] {dag.py:3239} INFO - Sync 1 DAGs
[2024-12-28T16:58:40.750+0000] {logging_mixin.py:190} INFO - [2024-12-28T16:58:40.749+0000] {dag.py:4180} INFO - Setting next_dagrun for example_branch_operator to 2024-12-27 00:00:00+00:00, run_after=2024-12-28 00:00:00+00:00
[2024-12-28T16:58:40.767+0000] {processor.py:208} INFO - Processing /home/airflow/.local/lib/python3.12/site-packages/airflow/example_dags/example_branch_operator.py took 0.091 seconds
[2024-12-28T16:59:11.851+0000] {processor.py:186} INFO - Started process (PID=933) to work on /home/airflow/.local/lib/python3.12/site-packages/airflow/example_dags/example_branch_operator.py
[2024-12-28T16:59:11.852+0000] {processor.py:914} INFO - Processing file /home/airflow/.local/lib/python3.12/site-packages/airflow/example_dags/example_branch_operator.py for tasks to queue
[2024-12-28T16:59:11.854+0000] {logging_mixin.py:190} INFO - [2024-12-28T16:59:11.854+0000] {dagbag.py:588} INFO - Filling up the DagBag from /home/airflow/.local/lib/python3.12/site-packages/airflow/example_dags/example_branch_operator.py
[2024-12-28T16:59:11.870+0000] {processor.py:925} INFO - DAG(s) 'example_branch_operator' retrieved from /home/airflow/.local/lib/python3.12/site-packages/airflow/example_dags/example_branch_operator.py
[2024-12-28T16:59:11.898+0000] {logging_mixin.py:190} INFO - [2024-12-28T16:59:11.898+0000] {dag.py:3239} INFO - Sync 1 DAGs
[2024-12-28T16:59:11.920+0000] {logging_mixin.py:190} INFO - [2024-12-28T16:59:11.920+0000] {dag.py:4180} INFO - Setting next_dagrun for example_branch_operator to 2024-12-27 00:00:00+00:00, run_after=2024-12-28 00:00:00+00:00
[2024-12-28T16:59:11.937+0000] {processor.py:208} INFO - Processing /home/airflow/.local/lib/python3.12/site-packages/airflow/example_dags/example_branch_operator.py took 0.092 seconds
[2024-12-28T16:59:43.120+0000] {processor.py:186} INFO - Started process (PID=997) to work on /home/airflow/.local/lib/python3.12/site-packages/airflow/example_dags/example_branch_operator.py
[2024-12-28T16:59:43.121+0000] {processor.py:914} INFO - Processing file /home/airflow/.local/lib/python3.12/site-packages/airflow/example_dags/example_branch_operator.py for tasks to queue
[2024-12-28T16:59:43.123+0000] {logging_mixin.py:190} INFO - [2024-12-28T16:59:43.123+0000] {dagbag.py:588} INFO - Filling up the DagBag from /home/airflow/.local/lib/python3.12/site-packages/airflow/example_dags/example_branch_operator.py
[2024-12-28T16:59:43.138+0000] {processor.py:925} INFO - DAG(s) 'example_branch_operator' retrieved from /home/airflow/.local/lib/python3.12/site-packages/airflow/example_dags/example_branch_operator.py
[2024-12-28T16:59:43.163+0000] {logging_mixin.py:190} INFO - [2024-12-28T16:59:43.163+0000] {dag.py:3239} INFO - Sync 1 DAGs
[2024-12-28T16:59:43.184+0000] {logging_mixin.py:190} INFO - [2024-12-28T16:59:43.184+0000] {dag.py:4180} INFO - Setting next_dagrun for example_branch_operator to 2024-12-27 00:00:00+00:00, run_after=2024-12-28 00:00:00+00:00
[2024-12-28T16:59:43.201+0000] {processor.py:208} INFO - Processing /home/airflow/.local/lib/python3.12/site-packages/airflow/example_dags/example_branch_operator.py took 0.086 seconds
[2024-12-28T17:00:14.001+0000] {processor.py:186} INFO - Started process (PID=1061) to work on /home/airflow/.local/lib/python3.12/site-packages/airflow/example_dags/example_branch_operator.py
[2024-12-28T17:00:14.001+0000] {processor.py:914} INFO - Processing file /home/airflow/.local/lib/python3.12/site-packages/airflow/example_dags/example_branch_operator.py for tasks to queue
[2024-12-28T17:00:14.003+0000] {logging_mixin.py:190} INFO - [2024-12-28T17:00:14.003+0000] {dagbag.py:588} INFO - Filling up the DagBag from /home/airflow/.local/lib/python3.12/site-packages/airflow/example_dags/example_branch_operator.py
[2024-12-28T17:00:14.020+0000] {processor.py:925} INFO - DAG(s) 'example_branch_operator' retrieved from /home/airflow/.local/lib/python3.12/site-packages/airflow/example_dags/example_branch_operator.py
[2024-12-28T17:00:14.046+0000] {logging_mixin.py:190} INFO - [2024-12-28T17:00:14.046+0000] {dag.py:3239} INFO - Sync 1 DAGs
[2024-12-28T17:00:14.068+0000] {logging_mixin.py:190} INFO - [2024-12-28T17:00:14.068+0000] {dag.py:4180} INFO - Setting next_dagrun for example_branch_operator to 2024-12-27 00:00:00+00:00, run_after=2024-12-28 00:00:00+00:00
[2024-12-28T17:00:14.084+0000] {processor.py:208} INFO - Processing /home/airflow/.local/lib/python3.12/site-packages/airflow/example_dags/example_branch_operator.py took 0.090 seconds
[2024-12-28T17:00:45.440+0000] {processor.py:186} INFO - Started process (PID=1125) to work on /home/airflow/.local/lib/python3.12/site-packages/airflow/example_dags/example_branch_operator.py
[2024-12-28T17:00:45.441+0000] {processor.py:914} INFO - Processing file /home/airflow/.local/lib/python3.12/site-packages/airflow/example_dags/example_branch_operator.py for tasks to queue
[2024-12-28T17:00:45.443+0000] {logging_mixin.py:190} INFO - [2024-12-28T17:00:45.442+0000] {dagbag.py:588} INFO - Filling up the DagBag from /home/airflow/.local/lib/python3.12/site-packages/airflow/example_dags/example_branch_operator.py
[2024-12-28T17:00:45.458+0000] {processor.py:925} INFO - DAG(s) 'example_branch_operator' retrieved from /home/airflow/.local/lib/python3.12/site-packages/airflow/example_dags/example_branch_operator.py
[2024-12-28T17:00:45.482+0000] {logging_mixin.py:190} INFO - [2024-12-28T17:00:45.482+0000] {dag.py:3239} INFO - Sync 1 DAGs
[2024-12-28T17:00:45.504+0000] {logging_mixin.py:190} INFO - [2024-12-28T17:00:45.504+0000] {dag.py:4180} INFO - Setting next_dagrun for example_branch_operator to 2024-12-27 00:00:00+00:00, run_after=2024-12-28 00:00:00+00:00
[2024-12-28T17:00:45.520+0000] {processor.py:208} INFO - Processing /home/airflow/.local/lib/python3.12/site-packages/airflow/example_dags/example_branch_operator.py took 0.085 seconds
[2024-12-28T17:01:17.039+0000] {processor.py:186} INFO - Started process (PID=1189) to work on /home/airflow/.local/lib/python3.12/site-packages/airflow/example_dags/example_branch_operator.py
[2024-12-28T17:01:17.040+0000] {processor.py:914} INFO - Processing file /home/airflow/.local/lib/python3.12/site-packages/airflow/example_dags/example_branch_operator.py for tasks to queue
[2024-12-28T17:01:17.042+0000] {logging_mixin.py:190} INFO - [2024-12-28T17:01:17.042+0000] {dagbag.py:588} INFO - Filling up the DagBag from /home/airflow/.local/lib/python3.12/site-packages/airflow/example_dags/example_branch_operator.py
[2024-12-28T17:01:17.058+0000] {processor.py:925} INFO - DAG(s) 'example_branch_operator' retrieved from /home/airflow/.local/lib/python3.12/site-packages/airflow/example_dags/example_branch_operator.py
[2024-12-28T17:01:17.085+0000] {logging_mixin.py:190} INFO - [2024-12-28T17:01:17.085+0000] {dag.py:3239} INFO - Sync 1 DAGs
[2024-12-28T17:01:17.109+0000] {logging_mixin.py:190} INFO - [2024-12-28T17:01:17.109+0000] {dag.py:4180} INFO - Setting next_dagrun for example_branch_operator to 2024-12-27 00:00:00+00:00, run_after=2024-12-28 00:00:00+00:00
[2024-12-28T17:01:17.127+0000] {processor.py:208} INFO - Processing /home/airflow/.local/lib/python3.12/site-packages/airflow/example_dags/example_branch_operator.py took 0.095 seconds
[2024-12-28T17:01:47.955+0000] {processor.py:186} INFO - Started process (PID=1253) to work on /home/airflow/.local/lib/python3.12/site-packages/airflow/example_dags/example_branch_operator.py
[2024-12-28T17:01:47.956+0000] {processor.py:914} INFO - Processing file /home/airflow/.local/lib/python3.12/site-packages/airflow/example_dags/example_branch_operator.py for tasks to queue
[2024-12-28T17:01:47.958+0000] {logging_mixin.py:190} INFO - [2024-12-28T17:01:47.958+0000] {dagbag.py:588} INFO - Filling up the DagBag from /home/airflow/.local/lib/python3.12/site-packages/airflow/example_dags/example_branch_operator.py
[2024-12-28T17:01:47.975+0000] {processor.py:925} INFO - DAG(s) 'example_branch_operator' retrieved from /home/airflow/.local/lib/python3.12/site-packages/airflow/example_dags/example_branch_operator.py
[2024-12-28T17:01:48.002+0000] {logging_mixin.py:190} INFO - [2024-12-28T17:01:48.002+0000] {dag.py:3239} INFO - Sync 1 DAGs
[2024-12-28T17:01:48.027+0000] {logging_mixin.py:190} INFO - [2024-12-28T17:01:48.026+0000] {dag.py:4180} INFO - Setting next_dagrun for example_branch_operator to 2024-12-27 00:00:00+00:00, run_after=2024-12-28 00:00:00+00:00
[2024-12-28T17:01:48.046+0000] {processor.py:208} INFO - Processing /home/airflow/.local/lib/python3.12/site-packages/airflow/example_dags/example_branch_operator.py took 0.097 seconds
[2024-12-28T17:02:19.586+0000] {processor.py:186} INFO - Started process (PID=1317) to work on /home/airflow/.local/lib/python3.12/site-packages/airflow/example_dags/example_branch_operator.py
[2024-12-28T17:02:19.587+0000] {processor.py:914} INFO - Processing file /home/airflow/.local/lib/python3.12/site-packages/airflow/example_dags/example_branch_operator.py for tasks to queue
[2024-12-28T17:02:19.589+0000] {logging_mixin.py:190} INFO - [2024-12-28T17:02:19.588+0000] {dagbag.py:588} INFO - Filling up the DagBag from /home/airflow/.local/lib/python3.12/site-packages/airflow/example_dags/example_branch_operator.py
[2024-12-28T17:02:19.603+0000] {processor.py:925} INFO - DAG(s) 'example_branch_operator' retrieved from /home/airflow/.local/lib/python3.12/site-packages/airflow/example_dags/example_branch_operator.py
[2024-12-28T17:02:19.628+0000] {logging_mixin.py:190} INFO - [2024-12-28T17:02:19.628+0000] {dag.py:3239} INFO - Sync 1 DAGs
[2024-12-28T17:02:19.648+0000] {logging_mixin.py:190} INFO - [2024-12-28T17:02:19.648+0000] {dag.py:4180} INFO - Setting next_dagrun for example_branch_operator to 2024-12-27 00:00:00+00:00, run_after=2024-12-28 00:00:00+00:00
[2024-12-28T17:02:19.665+0000] {processor.py:208} INFO - Processing /home/airflow/.local/lib/python3.12/site-packages/airflow/example_dags/example_branch_operator.py took 0.085 seconds
[2024-12-28T17:02:50.201+0000] {processor.py:186} INFO - Started process (PID=1390) to work on /home/airflow/.local/lib/python3.12/site-packages/airflow/example_dags/example_branch_operator.py
[2024-12-28T17:02:50.202+0000] {processor.py:914} INFO - Processing file /home/airflow/.local/lib/python3.12/site-packages/airflow/example_dags/example_branch_operator.py for tasks to queue
[2024-12-28T17:02:50.204+0000] {logging_mixin.py:190} INFO - [2024-12-28T17:02:50.203+0000] {dagbag.py:588} INFO - Filling up the DagBag from /home/airflow/.local/lib/python3.12/site-packages/airflow/example_dags/example_branch_operator.py
[2024-12-28T17:02:50.219+0000] {processor.py:925} INFO - DAG(s) 'example_branch_operator' retrieved from /home/airflow/.local/lib/python3.12/site-packages/airflow/example_dags/example_branch_operator.py
[2024-12-28T17:02:50.245+0000] {logging_mixin.py:190} INFO - [2024-12-28T17:02:50.245+0000] {dag.py:3239} INFO - Sync 1 DAGs
[2024-12-28T17:02:50.267+0000] {logging_mixin.py:190} INFO - [2024-12-28T17:02:50.266+0000] {dag.py:4180} INFO - Setting next_dagrun for example_branch_operator to 2024-12-27 00:00:00+00:00, run_after=2024-12-28 00:00:00+00:00
[2024-12-28T17:02:50.285+0000] {processor.py:208} INFO - Processing /home/airflow/.local/lib/python3.12/site-packages/airflow/example_dags/example_branch_operator.py took 0.089 seconds
[2024-12-28T17:03:21.169+0000] {processor.py:186} INFO - Started process (PID=1466) to work on /home/airflow/.local/lib/python3.12/site-packages/airflow/example_dags/example_branch_operator.py
[2024-12-28T17:03:21.170+0000] {processor.py:914} INFO - Processing file /home/airflow/.local/lib/python3.12/site-packages/airflow/example_dags/example_branch_operator.py for tasks to queue
[2024-12-28T17:03:21.172+0000] {logging_mixin.py:190} INFO - [2024-12-28T17:03:21.172+0000] {dagbag.py:588} INFO - Filling up the DagBag from /home/airflow/.local/lib/python3.12/site-packages/airflow/example_dags/example_branch_operator.py
[2024-12-28T17:03:21.189+0000] {processor.py:925} INFO - DAG(s) 'example_branch_operator' retrieved from /home/airflow/.local/lib/python3.12/site-packages/airflow/example_dags/example_branch_operator.py
[2024-12-28T17:03:21.216+0000] {logging_mixin.py:190} INFO - [2024-12-28T17:03:21.215+0000] {dag.py:3239} INFO - Sync 1 DAGs
[2024-12-28T17:03:21.243+0000] {logging_mixin.py:190} INFO - [2024-12-28T17:03:21.243+0000] {dag.py:4180} INFO - Setting next_dagrun for example_branch_operator to 2024-12-27 00:00:00+00:00, run_after=2024-12-28 00:00:00+00:00
[2024-12-28T17:03:21.265+0000] {processor.py:208} INFO - Processing /home/airflow/.local/lib/python3.12/site-packages/airflow/example_dags/example_branch_operator.py took 0.102 seconds
[2024-12-28T17:03:52.014+0000] {processor.py:186} INFO - Started process (PID=1550) to work on /home/airflow/.local/lib/python3.12/site-packages/airflow/example_dags/example_branch_operator.py
[2024-12-28T17:03:52.015+0000] {processor.py:914} INFO - Processing file /home/airflow/.local/lib/python3.12/site-packages/airflow/example_dags/example_branch_operator.py for tasks to queue
[2024-12-28T17:03:52.017+0000] {logging_mixin.py:190} INFO - [2024-12-28T17:03:52.017+0000] {dagbag.py:588} INFO - Filling up the DagBag from /home/airflow/.local/lib/python3.12/site-packages/airflow/example_dags/example_branch_operator.py
[2024-12-28T17:03:52.033+0000] {processor.py:925} INFO - DAG(s) 'example_branch_operator' retrieved from /home/airflow/.local/lib/python3.12/site-packages/airflow/example_dags/example_branch_operator.py
[2024-12-28T17:03:52.058+0000] {logging_mixin.py:190} INFO - [2024-12-28T17:03:52.058+0000] {dag.py:3239} INFO - Sync 1 DAGs
[2024-12-28T17:03:52.081+0000] {logging_mixin.py:190} INFO - [2024-12-28T17:03:52.081+0000] {dag.py:4180} INFO - Setting next_dagrun for example_branch_operator to 2024-12-27 00:00:00+00:00, run_after=2024-12-28 00:00:00+00:00
[2024-12-28T17:03:52.100+0000] {processor.py:208} INFO - Processing /home/airflow/.local/lib/python3.12/site-packages/airflow/example_dags/example_branch_operator.py took 0.091 seconds
