[2024-12-28T16:38:33.020+0000] {processor.py:186} INFO - Started process (PID=86) to work on /home/airflow/.local/lib/python3.12/site-packages/airflow/example_dags/example_branch_operator_decorator.py
[2024-12-28T16:38:33.020+0000] {processor.py:914} INFO - Processing file /home/airflow/.local/lib/python3.12/site-packages/airflow/example_dags/example_branch_operator_decorator.py for tasks to queue
[2024-12-28T16:38:33.022+0000] {logging_mixin.py:190} INFO - [2024-12-28T16:38:33.022+0000] {dagbag.py:588} INFO - Filling up the DagBag from /home/airflow/.local/lib/python3.12/site-packages/airflow/example_dags/example_branch_operator_decorator.py
[2024-12-28T16:38:33.043+0000] {processor.py:925} INFO - DAG(s) 'example_branch_python_operator_decorator' retrieved from /home/airflow/.local/lib/python3.12/site-packages/airflow/example_dags/example_branch_operator_decorator.py
[2024-12-28T16:38:33.158+0000] {logging_mixin.py:190} INFO - [2024-12-28T16:38:33.158+0000] {override.py:1911} INFO - Created Permission View: can delete on DAG:example_branch_python_operator_decorator
[2024-12-28T16:38:33.168+0000] {logging_mixin.py:190} INFO - [2024-12-28T16:38:33.168+0000] {override.py:1911} INFO - Created Permission View: can edit on DAG:example_branch_python_operator_decorator
[2024-12-28T16:38:33.175+0000] {logging_mixin.py:190} INFO - [2024-12-28T16:38:33.174+0000] {override.py:1911} INFO - Created Permission View: can read on DAG:example_branch_python_operator_decorator
[2024-12-28T16:38:33.182+0000] {logging_mixin.py:190} INFO - [2024-12-28T16:38:33.181+0000] {override.py:1911} INFO - Created Permission View: can create on DAG Run:example_branch_python_operator_decorator
[2024-12-28T16:38:33.189+0000] {logging_mixin.py:190} INFO - [2024-12-28T16:38:33.188+0000] {override.py:1911} INFO - Created Permission View: can delete on DAG Run:example_branch_python_operator_decorator
[2024-12-28T16:38:33.196+0000] {logging_mixin.py:190} INFO - [2024-12-28T16:38:33.196+0000] {override.py:1911} INFO - Created Permission View: menu access on DAG Run:example_branch_python_operator_decorator
[2024-12-28T16:38:33.204+0000] {logging_mixin.py:190} INFO - [2024-12-28T16:38:33.204+0000] {override.py:1911} INFO - Created Permission View: can read on DAG Run:example_branch_python_operator_decorator
[2024-12-28T16:38:33.205+0000] {logging_mixin.py:190} INFO - [2024-12-28T16:38:33.204+0000] {dag.py:3239} INFO - Sync 1 DAGs
[2024-12-28T16:38:33.221+0000] {logging_mixin.py:190} INFO - [2024-12-28T16:38:33.221+0000] {dag.py:3262} INFO - Creating ORM DAG for example_branch_python_operator_decorator
[2024-12-28T16:38:33.232+0000] {logging_mixin.py:190} INFO - [2024-12-28T16:38:33.232+0000] {dag.py:4180} INFO - Setting next_dagrun for example_branch_python_operator_decorator to 2024-12-27 00:00:00+00:00, run_after=2024-12-28 00:00:00+00:00
[2024-12-28T16:38:33.250+0000] {processor.py:208} INFO - Processing /home/airflow/.local/lib/python3.12/site-packages/airflow/example_dags/example_branch_operator_decorator.py took 0.235 seconds
[2024-12-28T16:39:03.917+0000] {processor.py:186} INFO - Started process (PID=148) to work on /home/airflow/.local/lib/python3.12/site-packages/airflow/example_dags/example_branch_operator_decorator.py
[2024-12-28T16:39:03.920+0000] {processor.py:914} INFO - Processing file /home/airflow/.local/lib/python3.12/site-packages/airflow/example_dags/example_branch_operator_decorator.py for tasks to queue
[2024-12-28T16:39:03.924+0000] {logging_mixin.py:190} INFO - [2024-12-28T16:39:03.924+0000] {dagbag.py:588} INFO - Filling up the DagBag from /home/airflow/.local/lib/python3.12/site-packages/airflow/example_dags/example_branch_operator_decorator.py
[2024-12-28T16:39:03.950+0000] {processor.py:925} INFO - DAG(s) 'example_branch_python_operator_decorator' retrieved from /home/airflow/.local/lib/python3.12/site-packages/airflow/example_dags/example_branch_operator_decorator.py
[2024-12-28T16:39:03.989+0000] {logging_mixin.py:190} INFO - [2024-12-28T16:39:03.989+0000] {dag.py:3239} INFO - Sync 1 DAGs
[2024-12-28T16:39:04.023+0000] {logging_mixin.py:190} INFO - [2024-12-28T16:39:04.023+0000] {dag.py:4180} INFO - Setting next_dagrun for example_branch_python_operator_decorator to 2024-12-27 00:00:00+00:00, run_after=2024-12-28 00:00:00+00:00
[2024-12-28T16:39:04.050+0000] {processor.py:208} INFO - Processing /home/airflow/.local/lib/python3.12/site-packages/airflow/example_dags/example_branch_operator_decorator.py took 0.142 seconds
[2024-12-28T16:39:34.153+0000] {processor.py:186} INFO - Started process (PID=211) to work on /home/airflow/.local/lib/python3.12/site-packages/airflow/example_dags/example_branch_operator_decorator.py
[2024-12-28T16:39:34.154+0000] {processor.py:914} INFO - Processing file /home/airflow/.local/lib/python3.12/site-packages/airflow/example_dags/example_branch_operator_decorator.py for tasks to queue
[2024-12-28T16:39:34.158+0000] {logging_mixin.py:190} INFO - [2024-12-28T16:39:34.157+0000] {dagbag.py:588} INFO - Filling up the DagBag from /home/airflow/.local/lib/python3.12/site-packages/airflow/example_dags/example_branch_operator_decorator.py
[2024-12-28T16:39:34.183+0000] {processor.py:925} INFO - DAG(s) 'example_branch_python_operator_decorator' retrieved from /home/airflow/.local/lib/python3.12/site-packages/airflow/example_dags/example_branch_operator_decorator.py
[2024-12-28T16:39:34.222+0000] {logging_mixin.py:190} INFO - [2024-12-28T16:39:34.222+0000] {dag.py:3239} INFO - Sync 1 DAGs
[2024-12-28T16:39:34.253+0000] {logging_mixin.py:190} INFO - [2024-12-28T16:39:34.253+0000] {dag.py:4180} INFO - Setting next_dagrun for example_branch_python_operator_decorator to 2024-12-27 00:00:00+00:00, run_after=2024-12-28 00:00:00+00:00
[2024-12-28T16:39:34.279+0000] {processor.py:208} INFO - Processing /home/airflow/.local/lib/python3.12/site-packages/airflow/example_dags/example_branch_operator_decorator.py took 0.136 seconds
[2024-12-28T16:40:05.183+0000] {processor.py:186} INFO - Started process (PID=274) to work on /home/airflow/.local/lib/python3.12/site-packages/airflow/example_dags/example_branch_operator_decorator.py
[2024-12-28T16:40:05.184+0000] {processor.py:914} INFO - Processing file /home/airflow/.local/lib/python3.12/site-packages/airflow/example_dags/example_branch_operator_decorator.py for tasks to queue
[2024-12-28T16:40:05.186+0000] {logging_mixin.py:190} INFO - [2024-12-28T16:40:05.186+0000] {dagbag.py:588} INFO - Filling up the DagBag from /home/airflow/.local/lib/python3.12/site-packages/airflow/example_dags/example_branch_operator_decorator.py
[2024-12-28T16:40:05.205+0000] {processor.py:925} INFO - DAG(s) 'example_branch_python_operator_decorator' retrieved from /home/airflow/.local/lib/python3.12/site-packages/airflow/example_dags/example_branch_operator_decorator.py
[2024-12-28T16:40:05.234+0000] {logging_mixin.py:190} INFO - [2024-12-28T16:40:05.233+0000] {dag.py:3239} INFO - Sync 1 DAGs
[2024-12-28T16:40:05.259+0000] {logging_mixin.py:190} INFO - [2024-12-28T16:40:05.259+0000] {dag.py:4180} INFO - Setting next_dagrun for example_branch_python_operator_decorator to 2024-12-27 00:00:00+00:00, run_after=2024-12-28 00:00:00+00:00
[2024-12-28T16:40:05.287+0000] {processor.py:208} INFO - Processing /home/airflow/.local/lib/python3.12/site-packages/airflow/example_dags/example_branch_operator_decorator.py took 0.109 seconds
[2024-12-28T16:42:39.182+0000] {processor.py:186} INFO - Started process (PID=85) to work on /home/airflow/.local/lib/python3.12/site-packages/airflow/example_dags/example_branch_operator_decorator.py
[2024-12-28T16:42:39.182+0000] {processor.py:914} INFO - Processing file /home/airflow/.local/lib/python3.12/site-packages/airflow/example_dags/example_branch_operator_decorator.py for tasks to queue
[2024-12-28T16:42:39.184+0000] {logging_mixin.py:190} INFO - [2024-12-28T16:42:39.184+0000] {dagbag.py:588} INFO - Filling up the DagBag from /home/airflow/.local/lib/python3.12/site-packages/airflow/example_dags/example_branch_operator_decorator.py
[2024-12-28T16:42:39.204+0000] {processor.py:925} INFO - DAG(s) 'example_branch_python_operator_decorator' retrieved from /home/airflow/.local/lib/python3.12/site-packages/airflow/example_dags/example_branch_operator_decorator.py
[2024-12-28T16:42:39.323+0000] {logging_mixin.py:190} INFO - [2024-12-28T16:42:39.322+0000] {dag.py:3239} INFO - Sync 1 DAGs
[2024-12-28T16:42:39.342+0000] {logging_mixin.py:190} INFO - [2024-12-28T16:42:39.342+0000] {dag.py:4180} INFO - Setting next_dagrun for example_branch_python_operator_decorator to 2024-12-27 00:00:00+00:00, run_after=2024-12-28 00:00:00+00:00
[2024-12-28T16:42:39.362+0000] {processor.py:208} INFO - Processing /home/airflow/.local/lib/python3.12/site-packages/airflow/example_dags/example_branch_operator_decorator.py took 0.186 seconds
[2024-12-28T16:43:10.308+0000] {processor.py:186} INFO - Started process (PID=147) to work on /home/airflow/.local/lib/python3.12/site-packages/airflow/example_dags/example_branch_operator_decorator.py
[2024-12-28T16:43:10.310+0000] {processor.py:914} INFO - Processing file /home/airflow/.local/lib/python3.12/site-packages/airflow/example_dags/example_branch_operator_decorator.py for tasks to queue
[2024-12-28T16:43:10.312+0000] {logging_mixin.py:190} INFO - [2024-12-28T16:43:10.312+0000] {dagbag.py:588} INFO - Filling up the DagBag from /home/airflow/.local/lib/python3.12/site-packages/airflow/example_dags/example_branch_operator_decorator.py
[2024-12-28T16:43:10.333+0000] {processor.py:925} INFO - DAG(s) 'example_branch_python_operator_decorator' retrieved from /home/airflow/.local/lib/python3.12/site-packages/airflow/example_dags/example_branch_operator_decorator.py
[2024-12-28T16:43:10.365+0000] {logging_mixin.py:190} INFO - [2024-12-28T16:43:10.364+0000] {dag.py:3239} INFO - Sync 1 DAGs
[2024-12-28T16:43:10.391+0000] {logging_mixin.py:190} INFO - [2024-12-28T16:43:10.391+0000] {dag.py:4180} INFO - Setting next_dagrun for example_branch_python_operator_decorator to 2024-12-27 00:00:00+00:00, run_after=2024-12-28 00:00:00+00:00
[2024-12-28T16:43:10.413+0000] {processor.py:208} INFO - Processing /home/airflow/.local/lib/python3.12/site-packages/airflow/example_dags/example_branch_operator_decorator.py took 0.112 seconds
[2024-12-28T16:43:40.698+0000] {processor.py:186} INFO - Started process (PID=210) to work on /home/airflow/.local/lib/python3.12/site-packages/airflow/example_dags/example_branch_operator_decorator.py
[2024-12-28T16:43:40.699+0000] {processor.py:914} INFO - Processing file /home/airflow/.local/lib/python3.12/site-packages/airflow/example_dags/example_branch_operator_decorator.py for tasks to queue
[2024-12-28T16:43:40.701+0000] {logging_mixin.py:190} INFO - [2024-12-28T16:43:40.701+0000] {dagbag.py:588} INFO - Filling up the DagBag from /home/airflow/.local/lib/python3.12/site-packages/airflow/example_dags/example_branch_operator_decorator.py
[2024-12-28T16:43:40.718+0000] {processor.py:925} INFO - DAG(s) 'example_branch_python_operator_decorator' retrieved from /home/airflow/.local/lib/python3.12/site-packages/airflow/example_dags/example_branch_operator_decorator.py
[2024-12-28T16:43:40.744+0000] {logging_mixin.py:190} INFO - [2024-12-28T16:43:40.744+0000] {dag.py:3239} INFO - Sync 1 DAGs
[2024-12-28T16:43:40.768+0000] {logging_mixin.py:190} INFO - [2024-12-28T16:43:40.768+0000] {dag.py:4180} INFO - Setting next_dagrun for example_branch_python_operator_decorator to 2024-12-27 00:00:00+00:00, run_after=2024-12-28 00:00:00+00:00
[2024-12-28T16:43:40.784+0000] {processor.py:208} INFO - Processing /home/airflow/.local/lib/python3.12/site-packages/airflow/example_dags/example_branch_operator_decorator.py took 0.091 seconds
[2024-12-28T16:44:11.392+0000] {processor.py:186} INFO - Started process (PID=273) to work on /home/airflow/.local/lib/python3.12/site-packages/airflow/example_dags/example_branch_operator_decorator.py
[2024-12-28T16:44:11.392+0000] {processor.py:914} INFO - Processing file /home/airflow/.local/lib/python3.12/site-packages/airflow/example_dags/example_branch_operator_decorator.py for tasks to queue
[2024-12-28T16:44:11.394+0000] {logging_mixin.py:190} INFO - [2024-12-28T16:44:11.394+0000] {dagbag.py:588} INFO - Filling up the DagBag from /home/airflow/.local/lib/python3.12/site-packages/airflow/example_dags/example_branch_operator_decorator.py
[2024-12-28T16:44:11.414+0000] {processor.py:925} INFO - DAG(s) 'example_branch_python_operator_decorator' retrieved from /home/airflow/.local/lib/python3.12/site-packages/airflow/example_dags/example_branch_operator_decorator.py
[2024-12-28T16:44:11.440+0000] {logging_mixin.py:190} INFO - [2024-12-28T16:44:11.440+0000] {dag.py:3239} INFO - Sync 1 DAGs
[2024-12-28T16:44:11.462+0000] {logging_mixin.py:190} INFO - [2024-12-28T16:44:11.462+0000] {dag.py:4180} INFO - Setting next_dagrun for example_branch_python_operator_decorator to 2024-12-27 00:00:00+00:00, run_after=2024-12-28 00:00:00+00:00
[2024-12-28T16:44:11.481+0000] {processor.py:208} INFO - Processing /home/airflow/.local/lib/python3.12/site-packages/airflow/example_dags/example_branch_operator_decorator.py took 0.097 seconds
[2024-12-28T16:44:41.595+0000] {processor.py:186} INFO - Started process (PID=336) to work on /home/airflow/.local/lib/python3.12/site-packages/airflow/example_dags/example_branch_operator_decorator.py
[2024-12-28T16:44:41.596+0000] {processor.py:914} INFO - Processing file /home/airflow/.local/lib/python3.12/site-packages/airflow/example_dags/example_branch_operator_decorator.py for tasks to queue
[2024-12-28T16:44:41.598+0000] {logging_mixin.py:190} INFO - [2024-12-28T16:44:41.597+0000] {dagbag.py:588} INFO - Filling up the DagBag from /home/airflow/.local/lib/python3.12/site-packages/airflow/example_dags/example_branch_operator_decorator.py
[2024-12-28T16:44:41.615+0000] {processor.py:925} INFO - DAG(s) 'example_branch_python_operator_decorator' retrieved from /home/airflow/.local/lib/python3.12/site-packages/airflow/example_dags/example_branch_operator_decorator.py
[2024-12-28T16:44:41.641+0000] {logging_mixin.py:190} INFO - [2024-12-28T16:44:41.641+0000] {dag.py:3239} INFO - Sync 1 DAGs
[2024-12-28T16:44:41.664+0000] {logging_mixin.py:190} INFO - [2024-12-28T16:44:41.664+0000] {dag.py:4180} INFO - Setting next_dagrun for example_branch_python_operator_decorator to 2024-12-27 00:00:00+00:00, run_after=2024-12-28 00:00:00+00:00
[2024-12-28T16:44:41.681+0000] {processor.py:208} INFO - Processing /home/airflow/.local/lib/python3.12/site-packages/airflow/example_dags/example_branch_operator_decorator.py took 0.091 seconds
[2024-12-28T16:45:12.141+0000] {processor.py:186} INFO - Started process (PID=405) to work on /home/airflow/.local/lib/python3.12/site-packages/airflow/example_dags/example_branch_operator_decorator.py
[2024-12-28T16:45:12.142+0000] {processor.py:914} INFO - Processing file /home/airflow/.local/lib/python3.12/site-packages/airflow/example_dags/example_branch_operator_decorator.py for tasks to queue
[2024-12-28T16:45:12.144+0000] {logging_mixin.py:190} INFO - [2024-12-28T16:45:12.143+0000] {dagbag.py:588} INFO - Filling up the DagBag from /home/airflow/.local/lib/python3.12/site-packages/airflow/example_dags/example_branch_operator_decorator.py
[2024-12-28T16:45:12.162+0000] {processor.py:925} INFO - DAG(s) 'example_branch_python_operator_decorator' retrieved from /home/airflow/.local/lib/python3.12/site-packages/airflow/example_dags/example_branch_operator_decorator.py
[2024-12-28T16:45:12.187+0000] {logging_mixin.py:190} INFO - [2024-12-28T16:45:12.187+0000] {dag.py:3239} INFO - Sync 1 DAGs
[2024-12-28T16:45:12.209+0000] {logging_mixin.py:190} INFO - [2024-12-28T16:45:12.208+0000] {dag.py:4180} INFO - Setting next_dagrun for example_branch_python_operator_decorator to 2024-12-27 00:00:00+00:00, run_after=2024-12-28 00:00:00+00:00
[2024-12-28T16:45:12.225+0000] {processor.py:208} INFO - Processing /home/airflow/.local/lib/python3.12/site-packages/airflow/example_dags/example_branch_operator_decorator.py took 0.090 seconds
[2024-12-28T16:45:42.660+0000] {processor.py:186} INFO - Started process (PID=468) to work on /home/airflow/.local/lib/python3.12/site-packages/airflow/example_dags/example_branch_operator_decorator.py
[2024-12-28T16:45:42.661+0000] {processor.py:914} INFO - Processing file /home/airflow/.local/lib/python3.12/site-packages/airflow/example_dags/example_branch_operator_decorator.py for tasks to queue
[2024-12-28T16:45:42.664+0000] {logging_mixin.py:190} INFO - [2024-12-28T16:45:42.663+0000] {dagbag.py:588} INFO - Filling up the DagBag from /home/airflow/.local/lib/python3.12/site-packages/airflow/example_dags/example_branch_operator_decorator.py
[2024-12-28T16:45:42.682+0000] {processor.py:925} INFO - DAG(s) 'example_branch_python_operator_decorator' retrieved from /home/airflow/.local/lib/python3.12/site-packages/airflow/example_dags/example_branch_operator_decorator.py
[2024-12-28T16:45:42.710+0000] {logging_mixin.py:190} INFO - [2024-12-28T16:45:42.710+0000] {dag.py:3239} INFO - Sync 1 DAGs
[2024-12-28T16:45:42.734+0000] {logging_mixin.py:190} INFO - [2024-12-28T16:45:42.733+0000] {dag.py:4180} INFO - Setting next_dagrun for example_branch_python_operator_decorator to 2024-12-27 00:00:00+00:00, run_after=2024-12-28 00:00:00+00:00
[2024-12-28T16:45:42.751+0000] {processor.py:208} INFO - Processing /home/airflow/.local/lib/python3.12/site-packages/airflow/example_dags/example_branch_operator_decorator.py took 0.097 seconds
[2024-12-28T16:46:13.487+0000] {processor.py:186} INFO - Started process (PID=531) to work on /home/airflow/.local/lib/python3.12/site-packages/airflow/example_dags/example_branch_operator_decorator.py
[2024-12-28T16:46:13.488+0000] {processor.py:914} INFO - Processing file /home/airflow/.local/lib/python3.12/site-packages/airflow/example_dags/example_branch_operator_decorator.py for tasks to queue
[2024-12-28T16:46:13.490+0000] {logging_mixin.py:190} INFO - [2024-12-28T16:46:13.490+0000] {dagbag.py:588} INFO - Filling up the DagBag from /home/airflow/.local/lib/python3.12/site-packages/airflow/example_dags/example_branch_operator_decorator.py
[2024-12-28T16:46:13.508+0000] {processor.py:925} INFO - DAG(s) 'example_branch_python_operator_decorator' retrieved from /home/airflow/.local/lib/python3.12/site-packages/airflow/example_dags/example_branch_operator_decorator.py
[2024-12-28T16:46:13.535+0000] {logging_mixin.py:190} INFO - [2024-12-28T16:46:13.535+0000] {dag.py:3239} INFO - Sync 1 DAGs
[2024-12-28T16:46:13.558+0000] {logging_mixin.py:190} INFO - [2024-12-28T16:46:13.558+0000] {dag.py:4180} INFO - Setting next_dagrun for example_branch_python_operator_decorator to 2024-12-27 00:00:00+00:00, run_after=2024-12-28 00:00:00+00:00
[2024-12-28T16:46:13.575+0000] {processor.py:208} INFO - Processing /home/airflow/.local/lib/python3.12/site-packages/airflow/example_dags/example_branch_operator_decorator.py took 0.093 seconds
[2024-12-28T16:46:43.832+0000] {processor.py:186} INFO - Started process (PID=594) to work on /home/airflow/.local/lib/python3.12/site-packages/airflow/example_dags/example_branch_operator_decorator.py
[2024-12-28T16:46:43.833+0000] {processor.py:914} INFO - Processing file /home/airflow/.local/lib/python3.12/site-packages/airflow/example_dags/example_branch_operator_decorator.py for tasks to queue
[2024-12-28T16:46:43.835+0000] {logging_mixin.py:190} INFO - [2024-12-28T16:46:43.834+0000] {dagbag.py:588} INFO - Filling up the DagBag from /home/airflow/.local/lib/python3.12/site-packages/airflow/example_dags/example_branch_operator_decorator.py
[2024-12-28T16:46:43.859+0000] {processor.py:925} INFO - DAG(s) 'example_branch_python_operator_decorator' retrieved from /home/airflow/.local/lib/python3.12/site-packages/airflow/example_dags/example_branch_operator_decorator.py
[2024-12-28T16:46:43.884+0000] {logging_mixin.py:190} INFO - [2024-12-28T16:46:43.884+0000] {dag.py:3239} INFO - Sync 1 DAGs
[2024-12-28T16:46:43.909+0000] {logging_mixin.py:190} INFO - [2024-12-28T16:46:43.909+0000] {dag.py:4180} INFO - Setting next_dagrun for example_branch_python_operator_decorator to 2024-12-27 00:00:00+00:00, run_after=2024-12-28 00:00:00+00:00
[2024-12-28T16:46:43.930+0000] {processor.py:208} INFO - Processing /home/airflow/.local/lib/python3.12/site-packages/airflow/example_dags/example_branch_operator_decorator.py took 0.105 seconds
[2024-12-28T16:47:14.023+0000] {processor.py:186} INFO - Started process (PID=657) to work on /home/airflow/.local/lib/python3.12/site-packages/airflow/example_dags/example_branch_operator_decorator.py
[2024-12-28T16:47:14.024+0000] {processor.py:914} INFO - Processing file /home/airflow/.local/lib/python3.12/site-packages/airflow/example_dags/example_branch_operator_decorator.py for tasks to queue
[2024-12-28T16:47:14.026+0000] {logging_mixin.py:190} INFO - [2024-12-28T16:47:14.026+0000] {dagbag.py:588} INFO - Filling up the DagBag from /home/airflow/.local/lib/python3.12/site-packages/airflow/example_dags/example_branch_operator_decorator.py
[2024-12-28T16:47:14.043+0000] {processor.py:925} INFO - DAG(s) 'example_branch_python_operator_decorator' retrieved from /home/airflow/.local/lib/python3.12/site-packages/airflow/example_dags/example_branch_operator_decorator.py
[2024-12-28T16:47:14.073+0000] {logging_mixin.py:190} INFO - [2024-12-28T16:47:14.072+0000] {dag.py:3239} INFO - Sync 1 DAGs
[2024-12-28T16:47:14.096+0000] {logging_mixin.py:190} INFO - [2024-12-28T16:47:14.095+0000] {dag.py:4180} INFO - Setting next_dagrun for example_branch_python_operator_decorator to 2024-12-27 00:00:00+00:00, run_after=2024-12-28 00:00:00+00:00
[2024-12-28T16:47:14.112+0000] {processor.py:208} INFO - Processing /home/airflow/.local/lib/python3.12/site-packages/airflow/example_dags/example_branch_operator_decorator.py took 0.094 seconds
[2024-12-28T16:47:44.662+0000] {processor.py:186} INFO - Started process (PID=721) to work on /home/airflow/.local/lib/python3.12/site-packages/airflow/example_dags/example_branch_operator_decorator.py
[2024-12-28T16:47:44.663+0000] {processor.py:914} INFO - Processing file /home/airflow/.local/lib/python3.12/site-packages/airflow/example_dags/example_branch_operator_decorator.py for tasks to queue
[2024-12-28T16:47:44.665+0000] {logging_mixin.py:190} INFO - [2024-12-28T16:47:44.665+0000] {dagbag.py:588} INFO - Filling up the DagBag from /home/airflow/.local/lib/python3.12/site-packages/airflow/example_dags/example_branch_operator_decorator.py
[2024-12-28T16:47:44.684+0000] {processor.py:925} INFO - DAG(s) 'example_branch_python_operator_decorator' retrieved from /home/airflow/.local/lib/python3.12/site-packages/airflow/example_dags/example_branch_operator_decorator.py
[2024-12-28T16:47:44.710+0000] {logging_mixin.py:190} INFO - [2024-12-28T16:47:44.709+0000] {dag.py:3239} INFO - Sync 1 DAGs
[2024-12-28T16:47:44.733+0000] {logging_mixin.py:190} INFO - [2024-12-28T16:47:44.733+0000] {dag.py:4180} INFO - Setting next_dagrun for example_branch_python_operator_decorator to 2024-12-27 00:00:00+00:00, run_after=2024-12-28 00:00:00+00:00
[2024-12-28T16:47:44.752+0000] {processor.py:208} INFO - Processing /home/airflow/.local/lib/python3.12/site-packages/airflow/example_dags/example_branch_operator_decorator.py took 0.095 seconds
[2024-12-28T16:52:21.703+0000] {processor.py:186} INFO - Started process (PID=87) to work on /home/airflow/.local/lib/python3.12/site-packages/airflow/example_dags/example_branch_operator_decorator.py
[2024-12-28T16:52:21.704+0000] {processor.py:914} INFO - Processing file /home/airflow/.local/lib/python3.12/site-packages/airflow/example_dags/example_branch_operator_decorator.py for tasks to queue
[2024-12-28T16:52:21.707+0000] {logging_mixin.py:190} INFO - [2024-12-28T16:52:21.706+0000] {dagbag.py:588} INFO - Filling up the DagBag from /home/airflow/.local/lib/python3.12/site-packages/airflow/example_dags/example_branch_operator_decorator.py
[2024-12-28T16:52:21.727+0000] {processor.py:925} INFO - DAG(s) 'example_branch_python_operator_decorator' retrieved from /home/airflow/.local/lib/python3.12/site-packages/airflow/example_dags/example_branch_operator_decorator.py
[2024-12-28T16:52:21.850+0000] {logging_mixin.py:190} INFO - [2024-12-28T16:52:21.849+0000] {dag.py:3239} INFO - Sync 1 DAGs
[2024-12-28T16:52:21.873+0000] {logging_mixin.py:190} INFO - [2024-12-28T16:52:21.873+0000] {dag.py:4180} INFO - Setting next_dagrun for example_branch_python_operator_decorator to 2024-12-27 00:00:00+00:00, run_after=2024-12-28 00:00:00+00:00
[2024-12-28T16:52:21.897+0000] {processor.py:208} INFO - Processing /home/airflow/.local/lib/python3.12/site-packages/airflow/example_dags/example_branch_operator_decorator.py took 0.200 seconds
[2024-12-28T16:52:52.341+0000] {processor.py:186} INFO - Started process (PID=150) to work on /home/airflow/.local/lib/python3.12/site-packages/airflow/example_dags/example_branch_operator_decorator.py
[2024-12-28T16:52:52.342+0000] {processor.py:914} INFO - Processing file /home/airflow/.local/lib/python3.12/site-packages/airflow/example_dags/example_branch_operator_decorator.py for tasks to queue
[2024-12-28T16:52:52.344+0000] {logging_mixin.py:190} INFO - [2024-12-28T16:52:52.344+0000] {dagbag.py:588} INFO - Filling up the DagBag from /home/airflow/.local/lib/python3.12/site-packages/airflow/example_dags/example_branch_operator_decorator.py
[2024-12-28T16:52:52.363+0000] {processor.py:925} INFO - DAG(s) 'example_branch_python_operator_decorator' retrieved from /home/airflow/.local/lib/python3.12/site-packages/airflow/example_dags/example_branch_operator_decorator.py
[2024-12-28T16:52:52.387+0000] {logging_mixin.py:190} INFO - [2024-12-28T16:52:52.387+0000] {dag.py:3239} INFO - Sync 1 DAGs
[2024-12-28T16:52:52.409+0000] {logging_mixin.py:190} INFO - [2024-12-28T16:52:52.409+0000] {dag.py:4180} INFO - Setting next_dagrun for example_branch_python_operator_decorator to 2024-12-27 00:00:00+00:00, run_after=2024-12-28 00:00:00+00:00
[2024-12-28T16:52:52.426+0000] {processor.py:208} INFO - Processing /home/airflow/.local/lib/python3.12/site-packages/airflow/example_dags/example_branch_operator_decorator.py took 0.090 seconds
[2024-12-28T16:53:22.651+0000] {processor.py:186} INFO - Started process (PID=214) to work on /home/airflow/.local/lib/python3.12/site-packages/airflow/example_dags/example_branch_operator_decorator.py
[2024-12-28T16:53:22.652+0000] {processor.py:914} INFO - Processing file /home/airflow/.local/lib/python3.12/site-packages/airflow/example_dags/example_branch_operator_decorator.py for tasks to queue
[2024-12-28T16:53:22.654+0000] {logging_mixin.py:190} INFO - [2024-12-28T16:53:22.654+0000] {dagbag.py:588} INFO - Filling up the DagBag from /home/airflow/.local/lib/python3.12/site-packages/airflow/example_dags/example_branch_operator_decorator.py
[2024-12-28T16:53:22.675+0000] {processor.py:925} INFO - DAG(s) 'example_branch_python_operator_decorator' retrieved from /home/airflow/.local/lib/python3.12/site-packages/airflow/example_dags/example_branch_operator_decorator.py
[2024-12-28T16:53:22.700+0000] {logging_mixin.py:190} INFO - [2024-12-28T16:53:22.700+0000] {dag.py:3239} INFO - Sync 1 DAGs
[2024-12-28T16:53:22.723+0000] {logging_mixin.py:190} INFO - [2024-12-28T16:53:22.722+0000] {dag.py:4180} INFO - Setting next_dagrun for example_branch_python_operator_decorator to 2024-12-27 00:00:00+00:00, run_after=2024-12-28 00:00:00+00:00
[2024-12-28T16:53:22.740+0000] {processor.py:208} INFO - Processing /home/airflow/.local/lib/python3.12/site-packages/airflow/example_dags/example_branch_operator_decorator.py took 0.094 seconds
[2024-12-28T16:53:54.492+0000] {processor.py:186} INFO - Started process (PID=282) to work on /home/airflow/.local/lib/python3.12/site-packages/airflow/example_dags/example_branch_operator_decorator.py
[2024-12-28T16:53:54.495+0000] {processor.py:914} INFO - Processing file /home/airflow/.local/lib/python3.12/site-packages/airflow/example_dags/example_branch_operator_decorator.py for tasks to queue
[2024-12-28T16:53:54.502+0000] {logging_mixin.py:190} INFO - [2024-12-28T16:53:54.499+0000] {dagbag.py:588} INFO - Filling up the DagBag from /home/airflow/.local/lib/python3.12/site-packages/airflow/example_dags/example_branch_operator_decorator.py
[2024-12-28T16:53:54.548+0000] {processor.py:925} INFO - DAG(s) 'example_branch_python_operator_decorator' retrieved from /home/airflow/.local/lib/python3.12/site-packages/airflow/example_dags/example_branch_operator_decorator.py
[2024-12-28T16:53:54.606+0000] {logging_mixin.py:190} INFO - [2024-12-28T16:53:54.606+0000] {dag.py:3239} INFO - Sync 1 DAGs
[2024-12-28T16:53:54.662+0000] {logging_mixin.py:190} INFO - [2024-12-28T16:53:54.662+0000] {dag.py:4180} INFO - Setting next_dagrun for example_branch_python_operator_decorator to 2024-12-27 00:00:00+00:00, run_after=2024-12-28 00:00:00+00:00
[2024-12-28T16:53:54.699+0000] {processor.py:208} INFO - Processing /home/airflow/.local/lib/python3.12/site-packages/airflow/example_dags/example_branch_operator_decorator.py took 0.220 seconds
[2024-12-28T16:54:25.814+0000] {processor.py:186} INFO - Started process (PID=346) to work on /home/airflow/.local/lib/python3.12/site-packages/airflow/example_dags/example_branch_operator_decorator.py
[2024-12-28T16:54:25.819+0000] {processor.py:914} INFO - Processing file /home/airflow/.local/lib/python3.12/site-packages/airflow/example_dags/example_branch_operator_decorator.py for tasks to queue
[2024-12-28T16:54:25.823+0000] {logging_mixin.py:190} INFO - [2024-12-28T16:54:25.822+0000] {dagbag.py:588} INFO - Filling up the DagBag from /home/airflow/.local/lib/python3.12/site-packages/airflow/example_dags/example_branch_operator_decorator.py
[2024-12-28T16:54:25.863+0000] {processor.py:925} INFO - DAG(s) 'example_branch_python_operator_decorator' retrieved from /home/airflow/.local/lib/python3.12/site-packages/airflow/example_dags/example_branch_operator_decorator.py
[2024-12-28T16:54:25.918+0000] {logging_mixin.py:190} INFO - [2024-12-28T16:54:25.918+0000] {dag.py:3239} INFO - Sync 1 DAGs
[2024-12-28T16:54:25.956+0000] {logging_mixin.py:190} INFO - [2024-12-28T16:54:25.956+0000] {dag.py:4180} INFO - Setting next_dagrun for example_branch_python_operator_decorator to 2024-12-27 00:00:00+00:00, run_after=2024-12-28 00:00:00+00:00
[2024-12-28T16:54:26.004+0000] {processor.py:208} INFO - Processing /home/airflow/.local/lib/python3.12/site-packages/airflow/example_dags/example_branch_operator_decorator.py took 0.201 seconds
[2024-12-28T16:54:56.688+0000] {processor.py:186} INFO - Started process (PID=410) to work on /home/airflow/.local/lib/python3.12/site-packages/airflow/example_dags/example_branch_operator_decorator.py
[2024-12-28T16:54:56.689+0000] {processor.py:914} INFO - Processing file /home/airflow/.local/lib/python3.12/site-packages/airflow/example_dags/example_branch_operator_decorator.py for tasks to queue
[2024-12-28T16:54:56.692+0000] {logging_mixin.py:190} INFO - [2024-12-28T16:54:56.691+0000] {dagbag.py:588} INFO - Filling up the DagBag from /home/airflow/.local/lib/python3.12/site-packages/airflow/example_dags/example_branch_operator_decorator.py
[2024-12-28T16:54:56.721+0000] {processor.py:925} INFO - DAG(s) 'example_branch_python_operator_decorator' retrieved from /home/airflow/.local/lib/python3.12/site-packages/airflow/example_dags/example_branch_operator_decorator.py
[2024-12-28T16:54:56.752+0000] {logging_mixin.py:190} INFO - [2024-12-28T16:54:56.752+0000] {dag.py:3239} INFO - Sync 1 DAGs
[2024-12-28T16:54:56.777+0000] {logging_mixin.py:190} INFO - [2024-12-28T16:54:56.777+0000] {dag.py:4180} INFO - Setting next_dagrun for example_branch_python_operator_decorator to 2024-12-27 00:00:00+00:00, run_after=2024-12-28 00:00:00+00:00
[2024-12-28T16:54:56.800+0000] {processor.py:208} INFO - Processing /home/airflow/.local/lib/python3.12/site-packages/airflow/example_dags/example_branch_operator_decorator.py took 0.120 seconds
[2024-12-28T16:55:26.952+0000] {processor.py:186} INFO - Started process (PID=474) to work on /home/airflow/.local/lib/python3.12/site-packages/airflow/example_dags/example_branch_operator_decorator.py
[2024-12-28T16:55:26.954+0000] {processor.py:914} INFO - Processing file /home/airflow/.local/lib/python3.12/site-packages/airflow/example_dags/example_branch_operator_decorator.py for tasks to queue
[2024-12-28T16:55:26.958+0000] {logging_mixin.py:190} INFO - [2024-12-28T16:55:26.957+0000] {dagbag.py:588} INFO - Filling up the DagBag from /home/airflow/.local/lib/python3.12/site-packages/airflow/example_dags/example_branch_operator_decorator.py
[2024-12-28T16:55:26.993+0000] {processor.py:925} INFO - DAG(s) 'example_branch_python_operator_decorator' retrieved from /home/airflow/.local/lib/python3.12/site-packages/airflow/example_dags/example_branch_operator_decorator.py
[2024-12-28T16:55:27.041+0000] {logging_mixin.py:190} INFO - [2024-12-28T16:55:27.039+0000] {dag.py:3239} INFO - Sync 1 DAGs
[2024-12-28T16:55:27.081+0000] {logging_mixin.py:190} INFO - [2024-12-28T16:55:27.080+0000] {dag.py:4180} INFO - Setting next_dagrun for example_branch_python_operator_decorator to 2024-12-27 00:00:00+00:00, run_after=2024-12-28 00:00:00+00:00
[2024-12-28T16:55:27.110+0000] {processor.py:208} INFO - Processing /home/airflow/.local/lib/python3.12/site-packages/airflow/example_dags/example_branch_operator_decorator.py took 0.167 seconds
[2024-12-28T16:55:57.598+0000] {processor.py:186} INFO - Started process (PID=538) to work on /home/airflow/.local/lib/python3.12/site-packages/airflow/example_dags/example_branch_operator_decorator.py
[2024-12-28T16:55:57.599+0000] {processor.py:914} INFO - Processing file /home/airflow/.local/lib/python3.12/site-packages/airflow/example_dags/example_branch_operator_decorator.py for tasks to queue
[2024-12-28T16:55:57.601+0000] {logging_mixin.py:190} INFO - [2024-12-28T16:55:57.600+0000] {dagbag.py:588} INFO - Filling up the DagBag from /home/airflow/.local/lib/python3.12/site-packages/airflow/example_dags/example_branch_operator_decorator.py
[2024-12-28T16:55:57.618+0000] {processor.py:925} INFO - DAG(s) 'example_branch_python_operator_decorator' retrieved from /home/airflow/.local/lib/python3.12/site-packages/airflow/example_dags/example_branch_operator_decorator.py
[2024-12-28T16:55:57.643+0000] {logging_mixin.py:190} INFO - [2024-12-28T16:55:57.643+0000] {dag.py:3239} INFO - Sync 1 DAGs
[2024-12-28T16:55:57.665+0000] {logging_mixin.py:190} INFO - [2024-12-28T16:55:57.665+0000] {dag.py:4180} INFO - Setting next_dagrun for example_branch_python_operator_decorator to 2024-12-27 00:00:00+00:00, run_after=2024-12-28 00:00:00+00:00
[2024-12-28T16:55:57.682+0000] {processor.py:208} INFO - Processing /home/airflow/.local/lib/python3.12/site-packages/airflow/example_dags/example_branch_operator_decorator.py took 0.089 seconds
[2024-12-28T16:56:28.038+0000] {processor.py:186} INFO - Started process (PID=602) to work on /home/airflow/.local/lib/python3.12/site-packages/airflow/example_dags/example_branch_operator_decorator.py
[2024-12-28T16:56:28.039+0000] {processor.py:914} INFO - Processing file /home/airflow/.local/lib/python3.12/site-packages/airflow/example_dags/example_branch_operator_decorator.py for tasks to queue
[2024-12-28T16:56:28.041+0000] {logging_mixin.py:190} INFO - [2024-12-28T16:56:28.040+0000] {dagbag.py:588} INFO - Filling up the DagBag from /home/airflow/.local/lib/python3.12/site-packages/airflow/example_dags/example_branch_operator_decorator.py
[2024-12-28T16:56:28.060+0000] {processor.py:925} INFO - DAG(s) 'example_branch_python_operator_decorator' retrieved from /home/airflow/.local/lib/python3.12/site-packages/airflow/example_dags/example_branch_operator_decorator.py
[2024-12-28T16:56:28.088+0000] {logging_mixin.py:190} INFO - [2024-12-28T16:56:28.088+0000] {dag.py:3239} INFO - Sync 1 DAGs
[2024-12-28T16:56:28.112+0000] {logging_mixin.py:190} INFO - [2024-12-28T16:56:28.112+0000] {dag.py:4180} INFO - Setting next_dagrun for example_branch_python_operator_decorator to 2024-12-27 00:00:00+00:00, run_after=2024-12-28 00:00:00+00:00
[2024-12-28T16:56:28.130+0000] {processor.py:208} INFO - Processing /home/airflow/.local/lib/python3.12/site-packages/airflow/example_dags/example_branch_operator_decorator.py took 0.099 seconds
[2024-12-28T16:56:58.847+0000] {processor.py:186} INFO - Started process (PID=666) to work on /home/airflow/.local/lib/python3.12/site-packages/airflow/example_dags/example_branch_operator_decorator.py
[2024-12-28T16:56:58.848+0000] {processor.py:914} INFO - Processing file /home/airflow/.local/lib/python3.12/site-packages/airflow/example_dags/example_branch_operator_decorator.py for tasks to queue
[2024-12-28T16:56:58.850+0000] {logging_mixin.py:190} INFO - [2024-12-28T16:56:58.850+0000] {dagbag.py:588} INFO - Filling up the DagBag from /home/airflow/.local/lib/python3.12/site-packages/airflow/example_dags/example_branch_operator_decorator.py
[2024-12-28T16:56:58.869+0000] {processor.py:925} INFO - DAG(s) 'example_branch_python_operator_decorator' retrieved from /home/airflow/.local/lib/python3.12/site-packages/airflow/example_dags/example_branch_operator_decorator.py
[2024-12-28T16:56:58.895+0000] {logging_mixin.py:190} INFO - [2024-12-28T16:56:58.895+0000] {dag.py:3239} INFO - Sync 1 DAGs
[2024-12-28T16:56:58.916+0000] {logging_mixin.py:190} INFO - [2024-12-28T16:56:58.916+0000] {dag.py:4180} INFO - Setting next_dagrun for example_branch_python_operator_decorator to 2024-12-27 00:00:00+00:00, run_after=2024-12-28 00:00:00+00:00
[2024-12-28T16:56:58.934+0000] {processor.py:208} INFO - Processing /home/airflow/.local/lib/python3.12/site-packages/airflow/example_dags/example_branch_operator_decorator.py took 0.092 seconds
[2024-12-28T16:57:29.475+0000] {processor.py:186} INFO - Started process (PID=730) to work on /home/airflow/.local/lib/python3.12/site-packages/airflow/example_dags/example_branch_operator_decorator.py
[2024-12-28T16:57:29.476+0000] {processor.py:914} INFO - Processing file /home/airflow/.local/lib/python3.12/site-packages/airflow/example_dags/example_branch_operator_decorator.py for tasks to queue
[2024-12-28T16:57:29.478+0000] {logging_mixin.py:190} INFO - [2024-12-28T16:57:29.478+0000] {dagbag.py:588} INFO - Filling up the DagBag from /home/airflow/.local/lib/python3.12/site-packages/airflow/example_dags/example_branch_operator_decorator.py
[2024-12-28T16:57:29.496+0000] {processor.py:925} INFO - DAG(s) 'example_branch_python_operator_decorator' retrieved from /home/airflow/.local/lib/python3.12/site-packages/airflow/example_dags/example_branch_operator_decorator.py
[2024-12-28T16:57:29.522+0000] {logging_mixin.py:190} INFO - [2024-12-28T16:57:29.522+0000] {dag.py:3239} INFO - Sync 1 DAGs
[2024-12-28T16:57:29.544+0000] {logging_mixin.py:190} INFO - [2024-12-28T16:57:29.544+0000] {dag.py:4180} INFO - Setting next_dagrun for example_branch_python_operator_decorator to 2024-12-27 00:00:00+00:00, run_after=2024-12-28 00:00:00+00:00
[2024-12-28T16:57:29.561+0000] {processor.py:208} INFO - Processing /home/airflow/.local/lib/python3.12/site-packages/airflow/example_dags/example_branch_operator_decorator.py took 0.092 seconds
[2024-12-28T16:58:00.149+0000] {processor.py:186} INFO - Started process (PID=794) to work on /home/airflow/.local/lib/python3.12/site-packages/airflow/example_dags/example_branch_operator_decorator.py
[2024-12-28T16:58:00.150+0000] {processor.py:914} INFO - Processing file /home/airflow/.local/lib/python3.12/site-packages/airflow/example_dags/example_branch_operator_decorator.py for tasks to queue
[2024-12-28T16:58:00.152+0000] {logging_mixin.py:190} INFO - [2024-12-28T16:58:00.151+0000] {dagbag.py:588} INFO - Filling up the DagBag from /home/airflow/.local/lib/python3.12/site-packages/airflow/example_dags/example_branch_operator_decorator.py
[2024-12-28T16:58:00.169+0000] {processor.py:925} INFO - DAG(s) 'example_branch_python_operator_decorator' retrieved from /home/airflow/.local/lib/python3.12/site-packages/airflow/example_dags/example_branch_operator_decorator.py
[2024-12-28T16:58:00.195+0000] {logging_mixin.py:190} INFO - [2024-12-28T16:58:00.195+0000] {dag.py:3239} INFO - Sync 1 DAGs
[2024-12-28T16:58:00.217+0000] {logging_mixin.py:190} INFO - [2024-12-28T16:58:00.216+0000] {dag.py:4180} INFO - Setting next_dagrun for example_branch_python_operator_decorator to 2024-12-27 00:00:00+00:00, run_after=2024-12-28 00:00:00+00:00
[2024-12-28T16:58:00.233+0000] {processor.py:208} INFO - Processing /home/airflow/.local/lib/python3.12/site-packages/airflow/example_dags/example_branch_operator_decorator.py took 0.090 seconds
[2024-12-28T16:58:30.419+0000] {processor.py:186} INFO - Started process (PID=858) to work on /home/airflow/.local/lib/python3.12/site-packages/airflow/example_dags/example_branch_operator_decorator.py
[2024-12-28T16:58:30.420+0000] {processor.py:914} INFO - Processing file /home/airflow/.local/lib/python3.12/site-packages/airflow/example_dags/example_branch_operator_decorator.py for tasks to queue
[2024-12-28T16:58:30.423+0000] {logging_mixin.py:190} INFO - [2024-12-28T16:58:30.422+0000] {dagbag.py:588} INFO - Filling up the DagBag from /home/airflow/.local/lib/python3.12/site-packages/airflow/example_dags/example_branch_operator_decorator.py
[2024-12-28T16:58:30.444+0000] {processor.py:925} INFO - DAG(s) 'example_branch_python_operator_decorator' retrieved from /home/airflow/.local/lib/python3.12/site-packages/airflow/example_dags/example_branch_operator_decorator.py
[2024-12-28T16:58:30.477+0000] {logging_mixin.py:190} INFO - [2024-12-28T16:58:30.477+0000] {dag.py:3239} INFO - Sync 1 DAGs
[2024-12-28T16:58:30.500+0000] {logging_mixin.py:190} INFO - [2024-12-28T16:58:30.500+0000] {dag.py:4180} INFO - Setting next_dagrun for example_branch_python_operator_decorator to 2024-12-27 00:00:00+00:00, run_after=2024-12-28 00:00:00+00:00
[2024-12-28T16:58:30.519+0000] {processor.py:208} INFO - Processing /home/airflow/.local/lib/python3.12/site-packages/airflow/example_dags/example_branch_operator_decorator.py took 0.105 seconds
[2024-12-28T16:59:00.612+0000] {processor.py:186} INFO - Started process (PID=922) to work on /home/airflow/.local/lib/python3.12/site-packages/airflow/example_dags/example_branch_operator_decorator.py
[2024-12-28T16:59:00.613+0000] {processor.py:914} INFO - Processing file /home/airflow/.local/lib/python3.12/site-packages/airflow/example_dags/example_branch_operator_decorator.py for tasks to queue
[2024-12-28T16:59:00.615+0000] {logging_mixin.py:190} INFO - [2024-12-28T16:59:00.615+0000] {dagbag.py:588} INFO - Filling up the DagBag from /home/airflow/.local/lib/python3.12/site-packages/airflow/example_dags/example_branch_operator_decorator.py
[2024-12-28T16:59:00.633+0000] {processor.py:925} INFO - DAG(s) 'example_branch_python_operator_decorator' retrieved from /home/airflow/.local/lib/python3.12/site-packages/airflow/example_dags/example_branch_operator_decorator.py
[2024-12-28T16:59:00.660+0000] {logging_mixin.py:190} INFO - [2024-12-28T16:59:00.659+0000] {dag.py:3239} INFO - Sync 1 DAGs
[2024-12-28T16:59:00.682+0000] {logging_mixin.py:190} INFO - [2024-12-28T16:59:00.682+0000] {dag.py:4180} INFO - Setting next_dagrun for example_branch_python_operator_decorator to 2024-12-27 00:00:00+00:00, run_after=2024-12-28 00:00:00+00:00
[2024-12-28T16:59:00.700+0000] {processor.py:208} INFO - Processing /home/airflow/.local/lib/python3.12/site-packages/airflow/example_dags/example_branch_operator_decorator.py took 0.094 seconds
[2024-12-28T16:59:30.932+0000] {processor.py:186} INFO - Started process (PID=986) to work on /home/airflow/.local/lib/python3.12/site-packages/airflow/example_dags/example_branch_operator_decorator.py
[2024-12-28T16:59:30.933+0000] {processor.py:914} INFO - Processing file /home/airflow/.local/lib/python3.12/site-packages/airflow/example_dags/example_branch_operator_decorator.py for tasks to queue
[2024-12-28T16:59:30.935+0000] {logging_mixin.py:190} INFO - [2024-12-28T16:59:30.935+0000] {dagbag.py:588} INFO - Filling up the DagBag from /home/airflow/.local/lib/python3.12/site-packages/airflow/example_dags/example_branch_operator_decorator.py
[2024-12-28T16:59:30.956+0000] {processor.py:925} INFO - DAG(s) 'example_branch_python_operator_decorator' retrieved from /home/airflow/.local/lib/python3.12/site-packages/airflow/example_dags/example_branch_operator_decorator.py
[2024-12-28T16:59:30.986+0000] {logging_mixin.py:190} INFO - [2024-12-28T16:59:30.985+0000] {dag.py:3239} INFO - Sync 1 DAGs
[2024-12-28T16:59:31.023+0000] {logging_mixin.py:190} INFO - [2024-12-28T16:59:31.023+0000] {dag.py:4180} INFO - Setting next_dagrun for example_branch_python_operator_decorator to 2024-12-27 00:00:00+00:00, run_after=2024-12-28 00:00:00+00:00
[2024-12-28T16:59:31.044+0000] {processor.py:208} INFO - Processing /home/airflow/.local/lib/python3.12/site-packages/airflow/example_dags/example_branch_operator_decorator.py took 0.119 seconds
[2024-12-28T17:00:01.731+0000] {processor.py:186} INFO - Started process (PID=1050) to work on /home/airflow/.local/lib/python3.12/site-packages/airflow/example_dags/example_branch_operator_decorator.py
[2024-12-28T17:00:01.732+0000] {processor.py:914} INFO - Processing file /home/airflow/.local/lib/python3.12/site-packages/airflow/example_dags/example_branch_operator_decorator.py for tasks to queue
[2024-12-28T17:00:01.734+0000] {logging_mixin.py:190} INFO - [2024-12-28T17:00:01.734+0000] {dagbag.py:588} INFO - Filling up the DagBag from /home/airflow/.local/lib/python3.12/site-packages/airflow/example_dags/example_branch_operator_decorator.py
[2024-12-28T17:00:01.751+0000] {processor.py:925} INFO - DAG(s) 'example_branch_python_operator_decorator' retrieved from /home/airflow/.local/lib/python3.12/site-packages/airflow/example_dags/example_branch_operator_decorator.py
[2024-12-28T17:00:01.778+0000] {logging_mixin.py:190} INFO - [2024-12-28T17:00:01.778+0000] {dag.py:3239} INFO - Sync 1 DAGs
[2024-12-28T17:00:01.799+0000] {logging_mixin.py:190} INFO - [2024-12-28T17:00:01.799+0000] {dag.py:4180} INFO - Setting next_dagrun for example_branch_python_operator_decorator to 2024-12-27 00:00:00+00:00, run_after=2024-12-28 00:00:00+00:00
[2024-12-28T17:00:01.816+0000] {processor.py:208} INFO - Processing /home/airflow/.local/lib/python3.12/site-packages/airflow/example_dags/example_branch_operator_decorator.py took 0.090 seconds
[2024-12-28T17:00:32.228+0000] {processor.py:186} INFO - Started process (PID=1114) to work on /home/airflow/.local/lib/python3.12/site-packages/airflow/example_dags/example_branch_operator_decorator.py
[2024-12-28T17:00:32.229+0000] {processor.py:914} INFO - Processing file /home/airflow/.local/lib/python3.12/site-packages/airflow/example_dags/example_branch_operator_decorator.py for tasks to queue
[2024-12-28T17:00:32.231+0000] {logging_mixin.py:190} INFO - [2024-12-28T17:00:32.231+0000] {dagbag.py:588} INFO - Filling up the DagBag from /home/airflow/.local/lib/python3.12/site-packages/airflow/example_dags/example_branch_operator_decorator.py
[2024-12-28T17:00:32.248+0000] {processor.py:925} INFO - DAG(s) 'example_branch_python_operator_decorator' retrieved from /home/airflow/.local/lib/python3.12/site-packages/airflow/example_dags/example_branch_operator_decorator.py
[2024-12-28T17:00:32.274+0000] {logging_mixin.py:190} INFO - [2024-12-28T17:00:32.274+0000] {dag.py:3239} INFO - Sync 1 DAGs
[2024-12-28T17:00:32.297+0000] {logging_mixin.py:190} INFO - [2024-12-28T17:00:32.297+0000] {dag.py:4180} INFO - Setting next_dagrun for example_branch_python_operator_decorator to 2024-12-27 00:00:00+00:00, run_after=2024-12-28 00:00:00+00:00
[2024-12-28T17:00:32.318+0000] {processor.py:208} INFO - Processing /home/airflow/.local/lib/python3.12/site-packages/airflow/example_dags/example_branch_operator_decorator.py took 0.095 seconds
[2024-12-28T17:01:02.726+0000] {processor.py:186} INFO - Started process (PID=1178) to work on /home/airflow/.local/lib/python3.12/site-packages/airflow/example_dags/example_branch_operator_decorator.py
[2024-12-28T17:01:02.727+0000] {processor.py:914} INFO - Processing file /home/airflow/.local/lib/python3.12/site-packages/airflow/example_dags/example_branch_operator_decorator.py for tasks to queue
[2024-12-28T17:01:02.729+0000] {logging_mixin.py:190} INFO - [2024-12-28T17:01:02.728+0000] {dagbag.py:588} INFO - Filling up the DagBag from /home/airflow/.local/lib/python3.12/site-packages/airflow/example_dags/example_branch_operator_decorator.py
[2024-12-28T17:01:02.746+0000] {processor.py:925} INFO - DAG(s) 'example_branch_python_operator_decorator' retrieved from /home/airflow/.local/lib/python3.12/site-packages/airflow/example_dags/example_branch_operator_decorator.py
[2024-12-28T17:01:02.772+0000] {logging_mixin.py:190} INFO - [2024-12-28T17:01:02.772+0000] {dag.py:3239} INFO - Sync 1 DAGs
[2024-12-28T17:01:02.793+0000] {logging_mixin.py:190} INFO - [2024-12-28T17:01:02.793+0000] {dag.py:4180} INFO - Setting next_dagrun for example_branch_python_operator_decorator to 2024-12-27 00:00:00+00:00, run_after=2024-12-28 00:00:00+00:00
[2024-12-28T17:01:02.810+0000] {processor.py:208} INFO - Processing /home/airflow/.local/lib/python3.12/site-packages/airflow/example_dags/example_branch_operator_decorator.py took 0.089 seconds
[2024-12-28T17:01:33.633+0000] {processor.py:186} INFO - Started process (PID=1242) to work on /home/airflow/.local/lib/python3.12/site-packages/airflow/example_dags/example_branch_operator_decorator.py
[2024-12-28T17:01:33.634+0000] {processor.py:914} INFO - Processing file /home/airflow/.local/lib/python3.12/site-packages/airflow/example_dags/example_branch_operator_decorator.py for tasks to queue
[2024-12-28T17:01:33.636+0000] {logging_mixin.py:190} INFO - [2024-12-28T17:01:33.636+0000] {dagbag.py:588} INFO - Filling up the DagBag from /home/airflow/.local/lib/python3.12/site-packages/airflow/example_dags/example_branch_operator_decorator.py
[2024-12-28T17:01:33.655+0000] {processor.py:925} INFO - DAG(s) 'example_branch_python_operator_decorator' retrieved from /home/airflow/.local/lib/python3.12/site-packages/airflow/example_dags/example_branch_operator_decorator.py
[2024-12-28T17:01:33.680+0000] {logging_mixin.py:190} INFO - [2024-12-28T17:01:33.680+0000] {dag.py:3239} INFO - Sync 1 DAGs
[2024-12-28T17:01:33.702+0000] {logging_mixin.py:190} INFO - [2024-12-28T17:01:33.702+0000] {dag.py:4180} INFO - Setting next_dagrun for example_branch_python_operator_decorator to 2024-12-27 00:00:00+00:00, run_after=2024-12-28 00:00:00+00:00
[2024-12-28T17:01:33.719+0000] {processor.py:208} INFO - Processing /home/airflow/.local/lib/python3.12/site-packages/airflow/example_dags/example_branch_operator_decorator.py took 0.092 seconds
[2024-12-28T17:02:04.271+0000] {processor.py:186} INFO - Started process (PID=1306) to work on /home/airflow/.local/lib/python3.12/site-packages/airflow/example_dags/example_branch_operator_decorator.py
[2024-12-28T17:02:04.272+0000] {processor.py:914} INFO - Processing file /home/airflow/.local/lib/python3.12/site-packages/airflow/example_dags/example_branch_operator_decorator.py for tasks to queue
[2024-12-28T17:02:04.274+0000] {logging_mixin.py:190} INFO - [2024-12-28T17:02:04.274+0000] {dagbag.py:588} INFO - Filling up the DagBag from /home/airflow/.local/lib/python3.12/site-packages/airflow/example_dags/example_branch_operator_decorator.py
[2024-12-28T17:02:04.291+0000] {processor.py:925} INFO - DAG(s) 'example_branch_python_operator_decorator' retrieved from /home/airflow/.local/lib/python3.12/site-packages/airflow/example_dags/example_branch_operator_decorator.py
[2024-12-28T17:02:04.316+0000] {logging_mixin.py:190} INFO - [2024-12-28T17:02:04.315+0000] {dag.py:3239} INFO - Sync 1 DAGs
[2024-12-28T17:02:04.336+0000] {logging_mixin.py:190} INFO - [2024-12-28T17:02:04.336+0000] {dag.py:4180} INFO - Setting next_dagrun for example_branch_python_operator_decorator to 2024-12-27 00:00:00+00:00, run_after=2024-12-28 00:00:00+00:00
[2024-12-28T17:02:04.353+0000] {processor.py:208} INFO - Processing /home/airflow/.local/lib/python3.12/site-packages/airflow/example_dags/example_branch_operator_decorator.py took 0.087 seconds
[2024-12-28T17:02:34.963+0000] {processor.py:186} INFO - Started process (PID=1379) to work on /home/airflow/.local/lib/python3.12/site-packages/airflow/example_dags/example_branch_operator_decorator.py
[2024-12-28T17:02:34.964+0000] {processor.py:914} INFO - Processing file /home/airflow/.local/lib/python3.12/site-packages/airflow/example_dags/example_branch_operator_decorator.py for tasks to queue
[2024-12-28T17:02:34.966+0000] {logging_mixin.py:190} INFO - [2024-12-28T17:02:34.965+0000] {dagbag.py:588} INFO - Filling up the DagBag from /home/airflow/.local/lib/python3.12/site-packages/airflow/example_dags/example_branch_operator_decorator.py
[2024-12-28T17:02:34.985+0000] {processor.py:925} INFO - DAG(s) 'example_branch_python_operator_decorator' retrieved from /home/airflow/.local/lib/python3.12/site-packages/airflow/example_dags/example_branch_operator_decorator.py
[2024-12-28T17:02:35.013+0000] {logging_mixin.py:190} INFO - [2024-12-28T17:02:35.013+0000] {dag.py:3239} INFO - Sync 1 DAGs
[2024-12-28T17:02:35.037+0000] {logging_mixin.py:190} INFO - [2024-12-28T17:02:35.037+0000] {dag.py:4180} INFO - Setting next_dagrun for example_branch_python_operator_decorator to 2024-12-27 00:00:00+00:00, run_after=2024-12-28 00:00:00+00:00
[2024-12-28T17:02:35.054+0000] {processor.py:208} INFO - Processing /home/airflow/.local/lib/python3.12/site-packages/airflow/example_dags/example_branch_operator_decorator.py took 0.096 seconds
[2024-12-28T17:03:05.451+0000] {processor.py:186} INFO - Started process (PID=1452) to work on /home/airflow/.local/lib/python3.12/site-packages/airflow/example_dags/example_branch_operator_decorator.py
[2024-12-28T17:03:05.451+0000] {processor.py:914} INFO - Processing file /home/airflow/.local/lib/python3.12/site-packages/airflow/example_dags/example_branch_operator_decorator.py for tasks to queue
[2024-12-28T17:03:05.453+0000] {logging_mixin.py:190} INFO - [2024-12-28T17:03:05.453+0000] {dagbag.py:588} INFO - Filling up the DagBag from /home/airflow/.local/lib/python3.12/site-packages/airflow/example_dags/example_branch_operator_decorator.py
[2024-12-28T17:03:05.473+0000] {processor.py:925} INFO - DAG(s) 'example_branch_python_operator_decorator' retrieved from /home/airflow/.local/lib/python3.12/site-packages/airflow/example_dags/example_branch_operator_decorator.py
[2024-12-28T17:03:05.500+0000] {logging_mixin.py:190} INFO - [2024-12-28T17:03:05.500+0000] {dag.py:3239} INFO - Sync 1 DAGs
[2024-12-28T17:03:05.523+0000] {logging_mixin.py:190} INFO - [2024-12-28T17:03:05.523+0000] {dag.py:4180} INFO - Setting next_dagrun for example_branch_python_operator_decorator to 2024-12-27 00:00:00+00:00, run_after=2024-12-28 00:00:00+00:00
[2024-12-28T17:03:05.542+0000] {processor.py:208} INFO - Processing /home/airflow/.local/lib/python3.12/site-packages/airflow/example_dags/example_branch_operator_decorator.py took 0.096 seconds
[2024-12-28T17:03:36.221+0000] {processor.py:186} INFO - Started process (PID=1529) to work on /home/airflow/.local/lib/python3.12/site-packages/airflow/example_dags/example_branch_operator_decorator.py
[2024-12-28T17:03:36.222+0000] {processor.py:914} INFO - Processing file /home/airflow/.local/lib/python3.12/site-packages/airflow/example_dags/example_branch_operator_decorator.py for tasks to queue
[2024-12-28T17:03:36.226+0000] {logging_mixin.py:190} INFO - [2024-12-28T17:03:36.225+0000] {dagbag.py:588} INFO - Filling up the DagBag from /home/airflow/.local/lib/python3.12/site-packages/airflow/example_dags/example_branch_operator_decorator.py
[2024-12-28T17:03:36.275+0000] {processor.py:925} INFO - DAG(s) 'example_branch_python_operator_decorator' retrieved from /home/airflow/.local/lib/python3.12/site-packages/airflow/example_dags/example_branch_operator_decorator.py
[2024-12-28T17:03:36.323+0000] {logging_mixin.py:190} INFO - [2024-12-28T17:03:36.322+0000] {dag.py:3239} INFO - Sync 1 DAGs
[2024-12-28T17:03:36.362+0000] {logging_mixin.py:190} INFO - [2024-12-28T17:03:36.362+0000] {dag.py:4180} INFO - Setting next_dagrun for example_branch_python_operator_decorator to 2024-12-27 00:00:00+00:00, run_after=2024-12-28 00:00:00+00:00
[2024-12-28T17:03:36.402+0000] {processor.py:208} INFO - Processing /home/airflow/.local/lib/python3.12/site-packages/airflow/example_dags/example_branch_operator_decorator.py took 0.195 seconds
