[2024-12-28T16:38:36.010+0000] {processor.py:186} INFO - Started process (PID=98) to work on /home/airflow/.local/lib/python3.12/site-packages/airflow/example_dags/example_external_task_marker_dag.py
[2024-12-28T16:38:36.011+0000] {processor.py:914} INFO - Processing file /home/airflow/.local/lib/python3.12/site-packages/airflow/example_dags/example_external_task_marker_dag.py for tasks to queue
[2024-12-28T16:38:36.013+0000] {logging_mixin.py:190} INFO - [2024-12-28T16:38:36.012+0000] {dagbag.py:588} INFO - Filling up the DagBag from /home/airflow/.local/lib/python3.12/site-packages/airflow/example_dags/example_external_task_marker_dag.py
[2024-12-28T16:38:36.021+0000] {processor.py:925} INFO - DAG(s) 'example_external_task_marker_child', 'example_external_task_marker_parent' retrieved from /home/airflow/.local/lib/python3.12/site-packages/airflow/example_dags/example_external_task_marker_dag.py
[2024-12-28T16:38:36.132+0000] {logging_mixin.py:190} INFO - [2024-12-28T16:38:36.131+0000] {override.py:1911} INFO - Created Permission View: can delete on DAG:example_external_task_marker_child
[2024-12-28T16:38:36.141+0000] {logging_mixin.py:190} INFO - [2024-12-28T16:38:36.140+0000] {override.py:1911} INFO - Created Permission View: can edit on DAG:example_external_task_marker_child
[2024-12-28T16:38:36.147+0000] {logging_mixin.py:190} INFO - [2024-12-28T16:38:36.146+0000] {override.py:1911} INFO - Created Permission View: can read on DAG:example_external_task_marker_child
[2024-12-28T16:38:36.153+0000] {logging_mixin.py:190} INFO - [2024-12-28T16:38:36.153+0000] {override.py:1911} INFO - Created Permission View: can create on DAG Run:example_external_task_marker_child
[2024-12-28T16:38:36.160+0000] {logging_mixin.py:190} INFO - [2024-12-28T16:38:36.160+0000] {override.py:1911} INFO - Created Permission View: can delete on DAG Run:example_external_task_marker_child
[2024-12-28T16:38:36.166+0000] {logging_mixin.py:190} INFO - [2024-12-28T16:38:36.166+0000] {override.py:1911} INFO - Created Permission View: menu access on DAG Run:example_external_task_marker_child
[2024-12-28T16:38:36.173+0000] {logging_mixin.py:190} INFO - [2024-12-28T16:38:36.172+0000] {override.py:1911} INFO - Created Permission View: can read on DAG Run:example_external_task_marker_child
[2024-12-28T16:38:36.184+0000] {logging_mixin.py:190} INFO - [2024-12-28T16:38:36.183+0000] {override.py:1911} INFO - Created Permission View: can delete on DAG:example_external_task_marker_parent
[2024-12-28T16:38:36.190+0000] {logging_mixin.py:190} INFO - [2024-12-28T16:38:36.189+0000] {override.py:1911} INFO - Created Permission View: can edit on DAG:example_external_task_marker_parent
[2024-12-28T16:38:36.196+0000] {logging_mixin.py:190} INFO - [2024-12-28T16:38:36.196+0000] {override.py:1911} INFO - Created Permission View: can read on DAG:example_external_task_marker_parent
[2024-12-28T16:38:36.202+0000] {logging_mixin.py:190} INFO - [2024-12-28T16:38:36.202+0000] {override.py:1911} INFO - Created Permission View: can create on DAG Run:example_external_task_marker_parent
[2024-12-28T16:38:36.208+0000] {logging_mixin.py:190} INFO - [2024-12-28T16:38:36.208+0000] {override.py:1911} INFO - Created Permission View: can delete on DAG Run:example_external_task_marker_parent
[2024-12-28T16:38:36.215+0000] {logging_mixin.py:190} INFO - [2024-12-28T16:38:36.214+0000] {override.py:1911} INFO - Created Permission View: menu access on DAG Run:example_external_task_marker_parent
[2024-12-28T16:38:36.221+0000] {logging_mixin.py:190} INFO - [2024-12-28T16:38:36.221+0000] {override.py:1911} INFO - Created Permission View: can read on DAG Run:example_external_task_marker_parent
[2024-12-28T16:38:36.221+0000] {logging_mixin.py:190} INFO - [2024-12-28T16:38:36.221+0000] {dag.py:3239} INFO - Sync 2 DAGs
[2024-12-28T16:38:36.236+0000] {logging_mixin.py:190} INFO - [2024-12-28T16:38:36.235+0000] {dag.py:3262} INFO - Creating ORM DAG for example_external_task_marker_parent
[2024-12-28T16:38:36.236+0000] {logging_mixin.py:190} INFO - [2024-12-28T16:38:36.236+0000] {dag.py:3262} INFO - Creating ORM DAG for example_external_task_marker_child
[2024-12-28T16:38:36.237+0000] {logging_mixin.py:190} INFO - [2024-12-28T16:38:36.237+0000] {dag.py:4180} INFO - Setting next_dagrun for example_external_task_marker_child to None, run_after=None
[2024-12-28T16:38:36.237+0000] {logging_mixin.py:190} INFO - [2024-12-28T16:38:36.237+0000] {dag.py:4180} INFO - Setting next_dagrun for example_external_task_marker_parent to None, run_after=None
[2024-12-28T16:38:36.254+0000] {processor.py:208} INFO - Processing /home/airflow/.local/lib/python3.12/site-packages/airflow/example_dags/example_external_task_marker_dag.py took 0.249 seconds
[2024-12-28T16:39:06.580+0000] {processor.py:186} INFO - Started process (PID=161) to work on /home/airflow/.local/lib/python3.12/site-packages/airflow/example_dags/example_external_task_marker_dag.py
[2024-12-28T16:39:06.581+0000] {processor.py:914} INFO - Processing file /home/airflow/.local/lib/python3.12/site-packages/airflow/example_dags/example_external_task_marker_dag.py for tasks to queue
[2024-12-28T16:39:06.583+0000] {logging_mixin.py:190} INFO - [2024-12-28T16:39:06.583+0000] {dagbag.py:588} INFO - Filling up the DagBag from /home/airflow/.local/lib/python3.12/site-packages/airflow/example_dags/example_external_task_marker_dag.py
[2024-12-28T16:39:06.591+0000] {processor.py:925} INFO - DAG(s) 'example_external_task_marker_parent', 'example_external_task_marker_child' retrieved from /home/airflow/.local/lib/python3.12/site-packages/airflow/example_dags/example_external_task_marker_dag.py
[2024-12-28T16:39:06.615+0000] {logging_mixin.py:190} INFO - [2024-12-28T16:39:06.614+0000] {dag.py:3239} INFO - Sync 2 DAGs
[2024-12-28T16:39:06.630+0000] {logging_mixin.py:190} INFO - [2024-12-28T16:39:06.630+0000] {dag.py:4180} INFO - Setting next_dagrun for example_external_task_marker_child to None, run_after=None
[2024-12-28T16:39:06.633+0000] {logging_mixin.py:190} INFO - [2024-12-28T16:39:06.633+0000] {dag.py:4180} INFO - Setting next_dagrun for example_external_task_marker_parent to None, run_after=None
[2024-12-28T16:39:06.649+0000] {processor.py:208} INFO - Processing /home/airflow/.local/lib/python3.12/site-packages/airflow/example_dags/example_external_task_marker_dag.py took 0.074 seconds
[2024-12-28T16:39:37.983+0000] {processor.py:186} INFO - Started process (PID=224) to work on /home/airflow/.local/lib/python3.12/site-packages/airflow/example_dags/example_external_task_marker_dag.py
[2024-12-28T16:39:37.985+0000] {processor.py:914} INFO - Processing file /home/airflow/.local/lib/python3.12/site-packages/airflow/example_dags/example_external_task_marker_dag.py for tasks to queue
[2024-12-28T16:39:37.988+0000] {logging_mixin.py:190} INFO - [2024-12-28T16:39:37.987+0000] {dagbag.py:588} INFO - Filling up the DagBag from /home/airflow/.local/lib/python3.12/site-packages/airflow/example_dags/example_external_task_marker_dag.py
[2024-12-28T16:39:37.998+0000] {processor.py:925} INFO - DAG(s) 'example_external_task_marker_child', 'example_external_task_marker_parent' retrieved from /home/airflow/.local/lib/python3.12/site-packages/airflow/example_dags/example_external_task_marker_dag.py
[2024-12-28T16:39:38.028+0000] {logging_mixin.py:190} INFO - [2024-12-28T16:39:38.027+0000] {dag.py:3239} INFO - Sync 2 DAGs
[2024-12-28T16:39:38.044+0000] {logging_mixin.py:190} INFO - [2024-12-28T16:39:38.044+0000] {dag.py:4180} INFO - Setting next_dagrun for example_external_task_marker_child to None, run_after=None
[2024-12-28T16:39:38.048+0000] {logging_mixin.py:190} INFO - [2024-12-28T16:39:38.048+0000] {dag.py:4180} INFO - Setting next_dagrun for example_external_task_marker_parent to None, run_after=None
[2024-12-28T16:39:38.068+0000] {processor.py:208} INFO - Processing /home/airflow/.local/lib/python3.12/site-packages/airflow/example_dags/example_external_task_marker_dag.py took 0.092 seconds
[2024-12-28T16:40:09.077+0000] {processor.py:186} INFO - Started process (PID=286) to work on /home/airflow/.local/lib/python3.12/site-packages/airflow/example_dags/example_external_task_marker_dag.py
[2024-12-28T16:40:09.078+0000] {processor.py:914} INFO - Processing file /home/airflow/.local/lib/python3.12/site-packages/airflow/example_dags/example_external_task_marker_dag.py for tasks to queue
[2024-12-28T16:40:09.081+0000] {logging_mixin.py:190} INFO - [2024-12-28T16:40:09.081+0000] {dagbag.py:588} INFO - Filling up the DagBag from /home/airflow/.local/lib/python3.12/site-packages/airflow/example_dags/example_external_task_marker_dag.py
[2024-12-28T16:40:09.090+0000] {processor.py:925} INFO - DAG(s) 'example_external_task_marker_child', 'example_external_task_marker_parent' retrieved from /home/airflow/.local/lib/python3.12/site-packages/airflow/example_dags/example_external_task_marker_dag.py
[2024-12-28T16:40:09.115+0000] {logging_mixin.py:190} INFO - [2024-12-28T16:40:09.114+0000] {dag.py:3239} INFO - Sync 2 DAGs
[2024-12-28T16:40:09.131+0000] {logging_mixin.py:190} INFO - [2024-12-28T16:40:09.131+0000] {dag.py:4180} INFO - Setting next_dagrun for example_external_task_marker_child to None, run_after=None
[2024-12-28T16:40:09.135+0000] {logging_mixin.py:190} INFO - [2024-12-28T16:40:09.135+0000] {dag.py:4180} INFO - Setting next_dagrun for example_external_task_marker_parent to None, run_after=None
[2024-12-28T16:40:09.151+0000] {processor.py:208} INFO - Processing /home/airflow/.local/lib/python3.12/site-packages/airflow/example_dags/example_external_task_marker_dag.py took 0.080 seconds
[2024-12-28T16:42:41.454+0000] {processor.py:186} INFO - Started process (PID=97) to work on /home/airflow/.local/lib/python3.12/site-packages/airflow/example_dags/example_external_task_marker_dag.py
[2024-12-28T16:42:41.456+0000] {processor.py:914} INFO - Processing file /home/airflow/.local/lib/python3.12/site-packages/airflow/example_dags/example_external_task_marker_dag.py for tasks to queue
[2024-12-28T16:42:41.458+0000] {logging_mixin.py:190} INFO - [2024-12-28T16:42:41.458+0000] {dagbag.py:588} INFO - Filling up the DagBag from /home/airflow/.local/lib/python3.12/site-packages/airflow/example_dags/example_external_task_marker_dag.py
[2024-12-28T16:42:41.467+0000] {processor.py:925} INFO - DAG(s) 'example_external_task_marker_child', 'example_external_task_marker_parent' retrieved from /home/airflow/.local/lib/python3.12/site-packages/airflow/example_dags/example_external_task_marker_dag.py
[2024-12-28T16:42:41.492+0000] {logging_mixin.py:190} INFO - [2024-12-28T16:42:41.492+0000] {dag.py:3239} INFO - Sync 2 DAGs
[2024-12-28T16:42:41.507+0000] {logging_mixin.py:190} INFO - [2024-12-28T16:42:41.507+0000] {dag.py:4180} INFO - Setting next_dagrun for example_external_task_marker_child to None, run_after=None
[2024-12-28T16:42:41.511+0000] {logging_mixin.py:190} INFO - [2024-12-28T16:42:41.511+0000] {dag.py:4180} INFO - Setting next_dagrun for example_external_task_marker_parent to None, run_after=None
[2024-12-28T16:42:41.529+0000] {processor.py:208} INFO - Processing /home/airflow/.local/lib/python3.12/site-packages/airflow/example_dags/example_external_task_marker_dag.py took 0.080 seconds
[2024-12-28T16:43:12.944+0000] {processor.py:186} INFO - Started process (PID=165) to work on /home/airflow/.local/lib/python3.12/site-packages/airflow/example_dags/example_external_task_marker_dag.py
[2024-12-28T16:43:12.945+0000] {processor.py:914} INFO - Processing file /home/airflow/.local/lib/python3.12/site-packages/airflow/example_dags/example_external_task_marker_dag.py for tasks to queue
[2024-12-28T16:43:12.947+0000] {logging_mixin.py:190} INFO - [2024-12-28T16:43:12.947+0000] {dagbag.py:588} INFO - Filling up the DagBag from /home/airflow/.local/lib/python3.12/site-packages/airflow/example_dags/example_external_task_marker_dag.py
[2024-12-28T16:43:12.955+0000] {processor.py:925} INFO - DAG(s) 'example_external_task_marker_parent', 'example_external_task_marker_child' retrieved from /home/airflow/.local/lib/python3.12/site-packages/airflow/example_dags/example_external_task_marker_dag.py
[2024-12-28T16:43:12.978+0000] {logging_mixin.py:190} INFO - [2024-12-28T16:43:12.978+0000] {dag.py:3239} INFO - Sync 2 DAGs
[2024-12-28T16:43:12.993+0000] {logging_mixin.py:190} INFO - [2024-12-28T16:43:12.993+0000] {dag.py:4180} INFO - Setting next_dagrun for example_external_task_marker_child to None, run_after=None
[2024-12-28T16:43:12.997+0000] {logging_mixin.py:190} INFO - [2024-12-28T16:43:12.997+0000] {dag.py:4180} INFO - Setting next_dagrun for example_external_task_marker_parent to None, run_after=None
[2024-12-28T16:43:13.013+0000] {processor.py:208} INFO - Processing /home/airflow/.local/lib/python3.12/site-packages/airflow/example_dags/example_external_task_marker_dag.py took 0.074 seconds
[2024-12-28T16:43:44.745+0000] {processor.py:186} INFO - Started process (PID=229) to work on /home/airflow/.local/lib/python3.12/site-packages/airflow/example_dags/example_external_task_marker_dag.py
[2024-12-28T16:43:44.745+0000] {processor.py:914} INFO - Processing file /home/airflow/.local/lib/python3.12/site-packages/airflow/example_dags/example_external_task_marker_dag.py for tasks to queue
[2024-12-28T16:43:44.747+0000] {logging_mixin.py:190} INFO - [2024-12-28T16:43:44.747+0000] {dagbag.py:588} INFO - Filling up the DagBag from /home/airflow/.local/lib/python3.12/site-packages/airflow/example_dags/example_external_task_marker_dag.py
[2024-12-28T16:43:44.754+0000] {processor.py:925} INFO - DAG(s) 'example_external_task_marker_child', 'example_external_task_marker_parent' retrieved from /home/airflow/.local/lib/python3.12/site-packages/airflow/example_dags/example_external_task_marker_dag.py
[2024-12-28T16:43:44.777+0000] {logging_mixin.py:190} INFO - [2024-12-28T16:43:44.776+0000] {dag.py:3239} INFO - Sync 2 DAGs
[2024-12-28T16:43:44.791+0000] {logging_mixin.py:190} INFO - [2024-12-28T16:43:44.791+0000] {dag.py:4180} INFO - Setting next_dagrun for example_external_task_marker_child to None, run_after=None
[2024-12-28T16:43:44.795+0000] {logging_mixin.py:190} INFO - [2024-12-28T16:43:44.794+0000] {dag.py:4180} INFO - Setting next_dagrun for example_external_task_marker_parent to None, run_after=None
[2024-12-28T16:43:44.811+0000] {processor.py:208} INFO - Processing /home/airflow/.local/lib/python3.12/site-packages/airflow/example_dags/example_external_task_marker_dag.py took 0.071 seconds
[2024-12-28T16:44:16.450+0000] {processor.py:186} INFO - Started process (PID=292) to work on /home/airflow/.local/lib/python3.12/site-packages/airflow/example_dags/example_external_task_marker_dag.py
[2024-12-28T16:44:16.451+0000] {processor.py:914} INFO - Processing file /home/airflow/.local/lib/python3.12/site-packages/airflow/example_dags/example_external_task_marker_dag.py for tasks to queue
[2024-12-28T16:44:16.453+0000] {logging_mixin.py:190} INFO - [2024-12-28T16:44:16.453+0000] {dagbag.py:588} INFO - Filling up the DagBag from /home/airflow/.local/lib/python3.12/site-packages/airflow/example_dags/example_external_task_marker_dag.py
[2024-12-28T16:44:16.459+0000] {processor.py:925} INFO - DAG(s) 'example_external_task_marker_parent', 'example_external_task_marker_child' retrieved from /home/airflow/.local/lib/python3.12/site-packages/airflow/example_dags/example_external_task_marker_dag.py
[2024-12-28T16:44:16.482+0000] {logging_mixin.py:190} INFO - [2024-12-28T16:44:16.482+0000] {dag.py:3239} INFO - Sync 2 DAGs
[2024-12-28T16:44:16.497+0000] {logging_mixin.py:190} INFO - [2024-12-28T16:44:16.497+0000] {dag.py:4180} INFO - Setting next_dagrun for example_external_task_marker_child to None, run_after=None
[2024-12-28T16:44:16.500+0000] {logging_mixin.py:190} INFO - [2024-12-28T16:44:16.500+0000] {dag.py:4180} INFO - Setting next_dagrun for example_external_task_marker_parent to None, run_after=None
[2024-12-28T16:44:16.515+0000] {processor.py:208} INFO - Processing /home/airflow/.local/lib/python3.12/site-packages/airflow/example_dags/example_external_task_marker_dag.py took 0.070 seconds
[2024-12-28T16:44:47.495+0000] {processor.py:186} INFO - Started process (PID=355) to work on /home/airflow/.local/lib/python3.12/site-packages/airflow/example_dags/example_external_task_marker_dag.py
[2024-12-28T16:44:47.496+0000] {processor.py:914} INFO - Processing file /home/airflow/.local/lib/python3.12/site-packages/airflow/example_dags/example_external_task_marker_dag.py for tasks to queue
[2024-12-28T16:44:47.498+0000] {logging_mixin.py:190} INFO - [2024-12-28T16:44:47.498+0000] {dagbag.py:588} INFO - Filling up the DagBag from /home/airflow/.local/lib/python3.12/site-packages/airflow/example_dags/example_external_task_marker_dag.py
[2024-12-28T16:44:47.505+0000] {processor.py:925} INFO - DAG(s) 'example_external_task_marker_parent', 'example_external_task_marker_child' retrieved from /home/airflow/.local/lib/python3.12/site-packages/airflow/example_dags/example_external_task_marker_dag.py
[2024-12-28T16:44:47.526+0000] {logging_mixin.py:190} INFO - [2024-12-28T16:44:47.526+0000] {dag.py:3239} INFO - Sync 2 DAGs
[2024-12-28T16:44:47.538+0000] {logging_mixin.py:190} INFO - [2024-12-28T16:44:47.538+0000] {dag.py:4180} INFO - Setting next_dagrun for example_external_task_marker_child to None, run_after=None
[2024-12-28T16:44:47.541+0000] {logging_mixin.py:190} INFO - [2024-12-28T16:44:47.541+0000] {dag.py:4180} INFO - Setting next_dagrun for example_external_task_marker_parent to None, run_after=None
[2024-12-28T16:44:47.555+0000] {processor.py:208} INFO - Processing /home/airflow/.local/lib/python3.12/site-packages/airflow/example_dags/example_external_task_marker_dag.py took 0.065 seconds
[2024-12-28T16:45:19.207+0000] {processor.py:186} INFO - Started process (PID=418) to work on /home/airflow/.local/lib/python3.12/site-packages/airflow/example_dags/example_external_task_marker_dag.py
[2024-12-28T16:45:19.208+0000] {processor.py:914} INFO - Processing file /home/airflow/.local/lib/python3.12/site-packages/airflow/example_dags/example_external_task_marker_dag.py for tasks to queue
[2024-12-28T16:45:19.210+0000] {logging_mixin.py:190} INFO - [2024-12-28T16:45:19.209+0000] {dagbag.py:588} INFO - Filling up the DagBag from /home/airflow/.local/lib/python3.12/site-packages/airflow/example_dags/example_external_task_marker_dag.py
[2024-12-28T16:45:19.217+0000] {processor.py:925} INFO - DAG(s) 'example_external_task_marker_parent', 'example_external_task_marker_child' retrieved from /home/airflow/.local/lib/python3.12/site-packages/airflow/example_dags/example_external_task_marker_dag.py
[2024-12-28T16:45:19.240+0000] {logging_mixin.py:190} INFO - [2024-12-28T16:45:19.240+0000] {dag.py:3239} INFO - Sync 2 DAGs
[2024-12-28T16:45:19.254+0000] {logging_mixin.py:190} INFO - [2024-12-28T16:45:19.254+0000] {dag.py:4180} INFO - Setting next_dagrun for example_external_task_marker_child to None, run_after=None
[2024-12-28T16:45:19.257+0000] {logging_mixin.py:190} INFO - [2024-12-28T16:45:19.257+0000] {dag.py:4180} INFO - Setting next_dagrun for example_external_task_marker_parent to None, run_after=None
[2024-12-28T16:45:19.272+0000] {processor.py:208} INFO - Processing /home/airflow/.local/lib/python3.12/site-packages/airflow/example_dags/example_external_task_marker_dag.py took 0.071 seconds
[2024-12-28T16:45:50.934+0000] {processor.py:186} INFO - Started process (PID=481) to work on /home/airflow/.local/lib/python3.12/site-packages/airflow/example_dags/example_external_task_marker_dag.py
[2024-12-28T16:45:50.935+0000] {processor.py:914} INFO - Processing file /home/airflow/.local/lib/python3.12/site-packages/airflow/example_dags/example_external_task_marker_dag.py for tasks to queue
[2024-12-28T16:45:50.937+0000] {logging_mixin.py:190} INFO - [2024-12-28T16:45:50.937+0000] {dagbag.py:588} INFO - Filling up the DagBag from /home/airflow/.local/lib/python3.12/site-packages/airflow/example_dags/example_external_task_marker_dag.py
[2024-12-28T16:45:50.944+0000] {processor.py:925} INFO - DAG(s) 'example_external_task_marker_parent', 'example_external_task_marker_child' retrieved from /home/airflow/.local/lib/python3.12/site-packages/airflow/example_dags/example_external_task_marker_dag.py
[2024-12-28T16:45:50.968+0000] {logging_mixin.py:190} INFO - [2024-12-28T16:45:50.967+0000] {dag.py:3239} INFO - Sync 2 DAGs
[2024-12-28T16:45:50.982+0000] {logging_mixin.py:190} INFO - [2024-12-28T16:45:50.982+0000] {dag.py:4180} INFO - Setting next_dagrun for example_external_task_marker_child to None, run_after=None
[2024-12-28T16:45:50.986+0000] {logging_mixin.py:190} INFO - [2024-12-28T16:45:50.986+0000] {dag.py:4180} INFO - Setting next_dagrun for example_external_task_marker_parent to None, run_after=None
[2024-12-28T16:45:51.001+0000] {processor.py:208} INFO - Processing /home/airflow/.local/lib/python3.12/site-packages/airflow/example_dags/example_external_task_marker_dag.py took 0.072 seconds
[2024-12-28T16:46:22.435+0000] {processor.py:186} INFO - Started process (PID=544) to work on /home/airflow/.local/lib/python3.12/site-packages/airflow/example_dags/example_external_task_marker_dag.py
[2024-12-28T16:46:22.436+0000] {processor.py:914} INFO - Processing file /home/airflow/.local/lib/python3.12/site-packages/airflow/example_dags/example_external_task_marker_dag.py for tasks to queue
[2024-12-28T16:46:22.438+0000] {logging_mixin.py:190} INFO - [2024-12-28T16:46:22.438+0000] {dagbag.py:588} INFO - Filling up the DagBag from /home/airflow/.local/lib/python3.12/site-packages/airflow/example_dags/example_external_task_marker_dag.py
[2024-12-28T16:46:22.448+0000] {processor.py:925} INFO - DAG(s) 'example_external_task_marker_child', 'example_external_task_marker_parent' retrieved from /home/airflow/.local/lib/python3.12/site-packages/airflow/example_dags/example_external_task_marker_dag.py
[2024-12-28T16:46:22.476+0000] {logging_mixin.py:190} INFO - [2024-12-28T16:46:22.476+0000] {dag.py:3239} INFO - Sync 2 DAGs
[2024-12-28T16:46:22.491+0000] {logging_mixin.py:190} INFO - [2024-12-28T16:46:22.490+0000] {dag.py:4180} INFO - Setting next_dagrun for example_external_task_marker_child to None, run_after=None
[2024-12-28T16:46:22.495+0000] {logging_mixin.py:190} INFO - [2024-12-28T16:46:22.495+0000] {dag.py:4180} INFO - Setting next_dagrun for example_external_task_marker_parent to None, run_after=None
[2024-12-28T16:46:22.513+0000] {processor.py:208} INFO - Processing /home/airflow/.local/lib/python3.12/site-packages/airflow/example_dags/example_external_task_marker_dag.py took 0.085 seconds
[2024-12-28T16:46:53.406+0000] {processor.py:186} INFO - Started process (PID=607) to work on /home/airflow/.local/lib/python3.12/site-packages/airflow/example_dags/example_external_task_marker_dag.py
[2024-12-28T16:46:53.407+0000] {processor.py:914} INFO - Processing file /home/airflow/.local/lib/python3.12/site-packages/airflow/example_dags/example_external_task_marker_dag.py for tasks to queue
[2024-12-28T16:46:53.410+0000] {logging_mixin.py:190} INFO - [2024-12-28T16:46:53.409+0000] {dagbag.py:588} INFO - Filling up the DagBag from /home/airflow/.local/lib/python3.12/site-packages/airflow/example_dags/example_external_task_marker_dag.py
[2024-12-28T16:46:53.417+0000] {processor.py:925} INFO - DAG(s) 'example_external_task_marker_parent', 'example_external_task_marker_child' retrieved from /home/airflow/.local/lib/python3.12/site-packages/airflow/example_dags/example_external_task_marker_dag.py
[2024-12-28T16:46:53.441+0000] {logging_mixin.py:190} INFO - [2024-12-28T16:46:53.441+0000] {dag.py:3239} INFO - Sync 2 DAGs
[2024-12-28T16:46:53.453+0000] {logging_mixin.py:190} INFO - [2024-12-28T16:46:53.453+0000] {dag.py:4180} INFO - Setting next_dagrun for example_external_task_marker_child to None, run_after=None
[2024-12-28T16:46:53.457+0000] {logging_mixin.py:190} INFO - [2024-12-28T16:46:53.457+0000] {dag.py:4180} INFO - Setting next_dagrun for example_external_task_marker_parent to None, run_after=None
[2024-12-28T16:46:53.472+0000] {processor.py:208} INFO - Processing /home/airflow/.local/lib/python3.12/site-packages/airflow/example_dags/example_external_task_marker_dag.py took 0.072 seconds
[2024-12-28T16:47:25.020+0000] {processor.py:186} INFO - Started process (PID=670) to work on /home/airflow/.local/lib/python3.12/site-packages/airflow/example_dags/example_external_task_marker_dag.py
[2024-12-28T16:47:25.021+0000] {processor.py:914} INFO - Processing file /home/airflow/.local/lib/python3.12/site-packages/airflow/example_dags/example_external_task_marker_dag.py for tasks to queue
[2024-12-28T16:47:25.023+0000] {logging_mixin.py:190} INFO - [2024-12-28T16:47:25.022+0000] {dagbag.py:588} INFO - Filling up the DagBag from /home/airflow/.local/lib/python3.12/site-packages/airflow/example_dags/example_external_task_marker_dag.py
[2024-12-28T16:47:25.031+0000] {processor.py:925} INFO - DAG(s) 'example_external_task_marker_child', 'example_external_task_marker_parent' retrieved from /home/airflow/.local/lib/python3.12/site-packages/airflow/example_dags/example_external_task_marker_dag.py
[2024-12-28T16:47:25.053+0000] {logging_mixin.py:190} INFO - [2024-12-28T16:47:25.053+0000] {dag.py:3239} INFO - Sync 2 DAGs
[2024-12-28T16:47:25.069+0000] {logging_mixin.py:190} INFO - [2024-12-28T16:47:25.069+0000] {dag.py:4180} INFO - Setting next_dagrun for example_external_task_marker_child to None, run_after=None
[2024-12-28T16:47:25.073+0000] {logging_mixin.py:190} INFO - [2024-12-28T16:47:25.072+0000] {dag.py:4180} INFO - Setting next_dagrun for example_external_task_marker_parent to None, run_after=None
[2024-12-28T16:47:25.091+0000] {processor.py:208} INFO - Processing /home/airflow/.local/lib/python3.12/site-packages/airflow/example_dags/example_external_task_marker_dag.py took 0.078 seconds
[2024-12-28T16:52:23.715+0000] {processor.py:186} INFO - Started process (PID=99) to work on /home/airflow/.local/lib/python3.12/site-packages/airflow/example_dags/example_external_task_marker_dag.py
[2024-12-28T16:52:23.716+0000] {processor.py:914} INFO - Processing file /home/airflow/.local/lib/python3.12/site-packages/airflow/example_dags/example_external_task_marker_dag.py for tasks to queue
[2024-12-28T16:52:23.718+0000] {logging_mixin.py:190} INFO - [2024-12-28T16:52:23.717+0000] {dagbag.py:588} INFO - Filling up the DagBag from /home/airflow/.local/lib/python3.12/site-packages/airflow/example_dags/example_external_task_marker_dag.py
[2024-12-28T16:52:23.726+0000] {processor.py:925} INFO - DAG(s) 'example_external_task_marker_child', 'example_external_task_marker_parent' retrieved from /home/airflow/.local/lib/python3.12/site-packages/airflow/example_dags/example_external_task_marker_dag.py
[2024-12-28T16:52:23.748+0000] {logging_mixin.py:190} INFO - [2024-12-28T16:52:23.748+0000] {dag.py:3239} INFO - Sync 2 DAGs
[2024-12-28T16:52:23.764+0000] {logging_mixin.py:190} INFO - [2024-12-28T16:52:23.763+0000] {dag.py:4180} INFO - Setting next_dagrun for example_external_task_marker_child to None, run_after=None
[2024-12-28T16:52:23.767+0000] {logging_mixin.py:190} INFO - [2024-12-28T16:52:23.767+0000] {dag.py:4180} INFO - Setting next_dagrun for example_external_task_marker_parent to None, run_after=None
[2024-12-28T16:52:23.781+0000] {processor.py:208} INFO - Processing /home/airflow/.local/lib/python3.12/site-packages/airflow/example_dags/example_external_task_marker_dag.py took 0.072 seconds
[2024-12-28T16:52:54.732+0000] {processor.py:186} INFO - Started process (PID=163) to work on /home/airflow/.local/lib/python3.12/site-packages/airflow/example_dags/example_external_task_marker_dag.py
[2024-12-28T16:52:54.733+0000] {processor.py:914} INFO - Processing file /home/airflow/.local/lib/python3.12/site-packages/airflow/example_dags/example_external_task_marker_dag.py for tasks to queue
[2024-12-28T16:52:54.735+0000] {logging_mixin.py:190} INFO - [2024-12-28T16:52:54.735+0000] {dagbag.py:588} INFO - Filling up the DagBag from /home/airflow/.local/lib/python3.12/site-packages/airflow/example_dags/example_external_task_marker_dag.py
[2024-12-28T16:52:54.745+0000] {processor.py:925} INFO - DAG(s) 'example_external_task_marker_parent', 'example_external_task_marker_child' retrieved from /home/airflow/.local/lib/python3.12/site-packages/airflow/example_dags/example_external_task_marker_dag.py
[2024-12-28T16:52:54.774+0000] {logging_mixin.py:190} INFO - [2024-12-28T16:52:54.774+0000] {dag.py:3239} INFO - Sync 2 DAGs
[2024-12-28T16:52:54.788+0000] {logging_mixin.py:190} INFO - [2024-12-28T16:52:54.788+0000] {dag.py:4180} INFO - Setting next_dagrun for example_external_task_marker_child to None, run_after=None
[2024-12-28T16:52:54.791+0000] {logging_mixin.py:190} INFO - [2024-12-28T16:52:54.791+0000] {dag.py:4180} INFO - Setting next_dagrun for example_external_task_marker_parent to None, run_after=None
[2024-12-28T16:52:54.805+0000] {processor.py:208} INFO - Processing /home/airflow/.local/lib/python3.12/site-packages/airflow/example_dags/example_external_task_marker_dag.py took 0.078 seconds
[2024-12-28T16:53:26.019+0000] {processor.py:186} INFO - Started process (PID=226) to work on /home/airflow/.local/lib/python3.12/site-packages/airflow/example_dags/example_external_task_marker_dag.py
[2024-12-28T16:53:26.020+0000] {processor.py:914} INFO - Processing file /home/airflow/.local/lib/python3.12/site-packages/airflow/example_dags/example_external_task_marker_dag.py for tasks to queue
[2024-12-28T16:53:26.022+0000] {logging_mixin.py:190} INFO - [2024-12-28T16:53:26.022+0000] {dagbag.py:588} INFO - Filling up the DagBag from /home/airflow/.local/lib/python3.12/site-packages/airflow/example_dags/example_external_task_marker_dag.py
[2024-12-28T16:53:26.029+0000] {processor.py:925} INFO - DAG(s) 'example_external_task_marker_child', 'example_external_task_marker_parent' retrieved from /home/airflow/.local/lib/python3.12/site-packages/airflow/example_dags/example_external_task_marker_dag.py
[2024-12-28T16:53:26.052+0000] {logging_mixin.py:190} INFO - [2024-12-28T16:53:26.051+0000] {dag.py:3239} INFO - Sync 2 DAGs
[2024-12-28T16:53:26.065+0000] {logging_mixin.py:190} INFO - [2024-12-28T16:53:26.065+0000] {dag.py:4180} INFO - Setting next_dagrun for example_external_task_marker_child to None, run_after=None
[2024-12-28T16:53:26.070+0000] {logging_mixin.py:190} INFO - [2024-12-28T16:53:26.070+0000] {dag.py:4180} INFO - Setting next_dagrun for example_external_task_marker_parent to None, run_after=None
[2024-12-28T16:53:26.085+0000] {processor.py:208} INFO - Processing /home/airflow/.local/lib/python3.12/site-packages/airflow/example_dags/example_external_task_marker_dag.py took 0.071 seconds
[2024-12-28T16:53:58.425+0000] {processor.py:186} INFO - Started process (PID=295) to work on /home/airflow/.local/lib/python3.12/site-packages/airflow/example_dags/example_external_task_marker_dag.py
[2024-12-28T16:53:58.427+0000] {processor.py:914} INFO - Processing file /home/airflow/.local/lib/python3.12/site-packages/airflow/example_dags/example_external_task_marker_dag.py for tasks to queue
[2024-12-28T16:53:58.431+0000] {logging_mixin.py:190} INFO - [2024-12-28T16:53:58.430+0000] {dagbag.py:588} INFO - Filling up the DagBag from /home/airflow/.local/lib/python3.12/site-packages/airflow/example_dags/example_external_task_marker_dag.py
[2024-12-28T16:53:58.443+0000] {processor.py:925} INFO - DAG(s) 'example_external_task_marker_parent', 'example_external_task_marker_child' retrieved from /home/airflow/.local/lib/python3.12/site-packages/airflow/example_dags/example_external_task_marker_dag.py
[2024-12-28T16:53:58.485+0000] {logging_mixin.py:190} INFO - [2024-12-28T16:53:58.484+0000] {dag.py:3239} INFO - Sync 2 DAGs
[2024-12-28T16:53:58.510+0000] {logging_mixin.py:190} INFO - [2024-12-28T16:53:58.510+0000] {dag.py:4180} INFO - Setting next_dagrun for example_external_task_marker_child to None, run_after=None
[2024-12-28T16:53:58.516+0000] {logging_mixin.py:190} INFO - [2024-12-28T16:53:58.515+0000] {dag.py:4180} INFO - Setting next_dagrun for example_external_task_marker_parent to None, run_after=None
[2024-12-28T16:53:58.545+0000] {processor.py:208} INFO - Processing /home/airflow/.local/lib/python3.12/site-packages/airflow/example_dags/example_external_task_marker_dag.py took 0.128 seconds
[2024-12-28T16:54:30.234+0000] {processor.py:186} INFO - Started process (PID=359) to work on /home/airflow/.local/lib/python3.12/site-packages/airflow/example_dags/example_external_task_marker_dag.py
[2024-12-28T16:54:30.235+0000] {processor.py:914} INFO - Processing file /home/airflow/.local/lib/python3.12/site-packages/airflow/example_dags/example_external_task_marker_dag.py for tasks to queue
[2024-12-28T16:54:30.238+0000] {logging_mixin.py:190} INFO - [2024-12-28T16:54:30.237+0000] {dagbag.py:588} INFO - Filling up the DagBag from /home/airflow/.local/lib/python3.12/site-packages/airflow/example_dags/example_external_task_marker_dag.py
[2024-12-28T16:54:30.247+0000] {processor.py:925} INFO - DAG(s) 'example_external_task_marker_parent', 'example_external_task_marker_child' retrieved from /home/airflow/.local/lib/python3.12/site-packages/airflow/example_dags/example_external_task_marker_dag.py
[2024-12-28T16:54:30.272+0000] {logging_mixin.py:190} INFO - [2024-12-28T16:54:30.271+0000] {dag.py:3239} INFO - Sync 2 DAGs
[2024-12-28T16:54:30.287+0000] {logging_mixin.py:190} INFO - [2024-12-28T16:54:30.286+0000] {dag.py:4180} INFO - Setting next_dagrun for example_external_task_marker_child to None, run_after=None
[2024-12-28T16:54:30.291+0000] {logging_mixin.py:190} INFO - [2024-12-28T16:54:30.290+0000] {dag.py:4180} INFO - Setting next_dagrun for example_external_task_marker_parent to None, run_after=None
[2024-12-28T16:54:30.306+0000] {processor.py:208} INFO - Processing /home/airflow/.local/lib/python3.12/site-packages/airflow/example_dags/example_external_task_marker_dag.py took 0.078 seconds
[2024-12-28T16:55:02.660+0000] {processor.py:186} INFO - Started process (PID=423) to work on /home/airflow/.local/lib/python3.12/site-packages/airflow/example_dags/example_external_task_marker_dag.py
[2024-12-28T16:55:02.662+0000] {processor.py:914} INFO - Processing file /home/airflow/.local/lib/python3.12/site-packages/airflow/example_dags/example_external_task_marker_dag.py for tasks to queue
[2024-12-28T16:55:02.666+0000] {logging_mixin.py:190} INFO - [2024-12-28T16:55:02.665+0000] {dagbag.py:588} INFO - Filling up the DagBag from /home/airflow/.local/lib/python3.12/site-packages/airflow/example_dags/example_external_task_marker_dag.py
[2024-12-28T16:55:02.681+0000] {processor.py:925} INFO - DAG(s) 'example_external_task_marker_child', 'example_external_task_marker_parent' retrieved from /home/airflow/.local/lib/python3.12/site-packages/airflow/example_dags/example_external_task_marker_dag.py
[2024-12-28T16:55:02.735+0000] {logging_mixin.py:190} INFO - [2024-12-28T16:55:02.735+0000] {dag.py:3239} INFO - Sync 2 DAGs
[2024-12-28T16:55:02.764+0000] {logging_mixin.py:190} INFO - [2024-12-28T16:55:02.763+0000] {dag.py:4180} INFO - Setting next_dagrun for example_external_task_marker_child to None, run_after=None
[2024-12-28T16:55:02.773+0000] {logging_mixin.py:190} INFO - [2024-12-28T16:55:02.773+0000] {dag.py:4180} INFO - Setting next_dagrun for example_external_task_marker_parent to None, run_after=None
[2024-12-28T16:55:02.809+0000] {processor.py:208} INFO - Processing /home/airflow/.local/lib/python3.12/site-packages/airflow/example_dags/example_external_task_marker_dag.py took 0.160 seconds
[2024-12-28T16:55:34.855+0000] {processor.py:186} INFO - Started process (PID=487) to work on /home/airflow/.local/lib/python3.12/site-packages/airflow/example_dags/example_external_task_marker_dag.py
[2024-12-28T16:55:34.859+0000] {processor.py:914} INFO - Processing file /home/airflow/.local/lib/python3.12/site-packages/airflow/example_dags/example_external_task_marker_dag.py for tasks to queue
[2024-12-28T16:55:34.863+0000] {logging_mixin.py:190} INFO - [2024-12-28T16:55:34.862+0000] {dagbag.py:588} INFO - Filling up the DagBag from /home/airflow/.local/lib/python3.12/site-packages/airflow/example_dags/example_external_task_marker_dag.py
[2024-12-28T16:55:34.877+0000] {processor.py:925} INFO - DAG(s) 'example_external_task_marker_child', 'example_external_task_marker_parent' retrieved from /home/airflow/.local/lib/python3.12/site-packages/airflow/example_dags/example_external_task_marker_dag.py
[2024-12-28T16:55:34.920+0000] {logging_mixin.py:190} INFO - [2024-12-28T16:55:34.920+0000] {dag.py:3239} INFO - Sync 2 DAGs
[2024-12-28T16:55:34.952+0000] {logging_mixin.py:190} INFO - [2024-12-28T16:55:34.951+0000] {dag.py:4180} INFO - Setting next_dagrun for example_external_task_marker_child to None, run_after=None
[2024-12-28T16:55:34.961+0000] {logging_mixin.py:190} INFO - [2024-12-28T16:55:34.960+0000] {dag.py:4180} INFO - Setting next_dagrun for example_external_task_marker_parent to None, run_after=None
[2024-12-28T16:55:35.000+0000] {processor.py:208} INFO - Processing /home/airflow/.local/lib/python3.12/site-packages/airflow/example_dags/example_external_task_marker_dag.py took 0.156 seconds
[2024-12-28T16:56:05.136+0000] {processor.py:186} INFO - Started process (PID=550) to work on /home/airflow/.local/lib/python3.12/site-packages/airflow/example_dags/example_external_task_marker_dag.py
[2024-12-28T16:56:05.138+0000] {processor.py:914} INFO - Processing file /home/airflow/.local/lib/python3.12/site-packages/airflow/example_dags/example_external_task_marker_dag.py for tasks to queue
[2024-12-28T16:56:05.140+0000] {logging_mixin.py:190} INFO - [2024-12-28T16:56:05.140+0000] {dagbag.py:588} INFO - Filling up the DagBag from /home/airflow/.local/lib/python3.12/site-packages/airflow/example_dags/example_external_task_marker_dag.py
[2024-12-28T16:56:05.149+0000] {processor.py:925} INFO - DAG(s) 'example_external_task_marker_child', 'example_external_task_marker_parent' retrieved from /home/airflow/.local/lib/python3.12/site-packages/airflow/example_dags/example_external_task_marker_dag.py
[2024-12-28T16:56:05.175+0000] {logging_mixin.py:190} INFO - [2024-12-28T16:56:05.175+0000] {dag.py:3239} INFO - Sync 2 DAGs
[2024-12-28T16:56:05.191+0000] {logging_mixin.py:190} INFO - [2024-12-28T16:56:05.190+0000] {dag.py:4180} INFO - Setting next_dagrun for example_external_task_marker_child to None, run_after=None
[2024-12-28T16:56:05.195+0000] {logging_mixin.py:190} INFO - [2024-12-28T16:56:05.195+0000] {dag.py:4180} INFO - Setting next_dagrun for example_external_task_marker_parent to None, run_after=None
[2024-12-28T16:56:05.214+0000] {processor.py:208} INFO - Processing /home/airflow/.local/lib/python3.12/site-packages/airflow/example_dags/example_external_task_marker_dag.py took 0.084 seconds
[2024-12-28T16:56:36.349+0000] {processor.py:186} INFO - Started process (PID=614) to work on /home/airflow/.local/lib/python3.12/site-packages/airflow/example_dags/example_external_task_marker_dag.py
[2024-12-28T16:56:36.350+0000] {processor.py:914} INFO - Processing file /home/airflow/.local/lib/python3.12/site-packages/airflow/example_dags/example_external_task_marker_dag.py for tasks to queue
[2024-12-28T16:56:36.353+0000] {logging_mixin.py:190} INFO - [2024-12-28T16:56:36.352+0000] {dagbag.py:588} INFO - Filling up the DagBag from /home/airflow/.local/lib/python3.12/site-packages/airflow/example_dags/example_external_task_marker_dag.py
[2024-12-28T16:56:36.360+0000] {processor.py:925} INFO - DAG(s) 'example_external_task_marker_parent', 'example_external_task_marker_child' retrieved from /home/airflow/.local/lib/python3.12/site-packages/airflow/example_dags/example_external_task_marker_dag.py
[2024-12-28T16:56:36.383+0000] {logging_mixin.py:190} INFO - [2024-12-28T16:56:36.382+0000] {dag.py:3239} INFO - Sync 2 DAGs
[2024-12-28T16:56:36.399+0000] {logging_mixin.py:190} INFO - [2024-12-28T16:56:36.398+0000] {dag.py:4180} INFO - Setting next_dagrun for example_external_task_marker_child to None, run_after=None
[2024-12-28T16:56:36.402+0000] {logging_mixin.py:190} INFO - [2024-12-28T16:56:36.402+0000] {dag.py:4180} INFO - Setting next_dagrun for example_external_task_marker_parent to None, run_after=None
[2024-12-28T16:56:36.417+0000] {processor.py:208} INFO - Processing /home/airflow/.local/lib/python3.12/site-packages/airflow/example_dags/example_external_task_marker_dag.py took 0.074 seconds
[2024-12-28T16:57:07.261+0000] {processor.py:186} INFO - Started process (PID=678) to work on /home/airflow/.local/lib/python3.12/site-packages/airflow/example_dags/example_external_task_marker_dag.py
[2024-12-28T16:57:07.262+0000] {processor.py:914} INFO - Processing file /home/airflow/.local/lib/python3.12/site-packages/airflow/example_dags/example_external_task_marker_dag.py for tasks to queue
[2024-12-28T16:57:07.264+0000] {logging_mixin.py:190} INFO - [2024-12-28T16:57:07.263+0000] {dagbag.py:588} INFO - Filling up the DagBag from /home/airflow/.local/lib/python3.12/site-packages/airflow/example_dags/example_external_task_marker_dag.py
[2024-12-28T16:57:07.272+0000] {processor.py:925} INFO - DAG(s) 'example_external_task_marker_parent', 'example_external_task_marker_child' retrieved from /home/airflow/.local/lib/python3.12/site-packages/airflow/example_dags/example_external_task_marker_dag.py
[2024-12-28T16:57:07.294+0000] {logging_mixin.py:190} INFO - [2024-12-28T16:57:07.294+0000] {dag.py:3239} INFO - Sync 2 DAGs
[2024-12-28T16:57:07.310+0000] {logging_mixin.py:190} INFO - [2024-12-28T16:57:07.309+0000] {dag.py:4180} INFO - Setting next_dagrun for example_external_task_marker_child to None, run_after=None
[2024-12-28T16:57:07.313+0000] {logging_mixin.py:190} INFO - [2024-12-28T16:57:07.313+0000] {dag.py:4180} INFO - Setting next_dagrun for example_external_task_marker_parent to None, run_after=None
[2024-12-28T16:57:07.328+0000] {processor.py:208} INFO - Processing /home/airflow/.local/lib/python3.12/site-packages/airflow/example_dags/example_external_task_marker_dag.py took 0.072 seconds
[2024-12-28T16:57:38.860+0000] {processor.py:186} INFO - Started process (PID=742) to work on /home/airflow/.local/lib/python3.12/site-packages/airflow/example_dags/example_external_task_marker_dag.py
[2024-12-28T16:57:38.861+0000] {processor.py:914} INFO - Processing file /home/airflow/.local/lib/python3.12/site-packages/airflow/example_dags/example_external_task_marker_dag.py for tasks to queue
[2024-12-28T16:57:38.863+0000] {logging_mixin.py:190} INFO - [2024-12-28T16:57:38.863+0000] {dagbag.py:588} INFO - Filling up the DagBag from /home/airflow/.local/lib/python3.12/site-packages/airflow/example_dags/example_external_task_marker_dag.py
[2024-12-28T16:57:38.871+0000] {processor.py:925} INFO - DAG(s) 'example_external_task_marker_child', 'example_external_task_marker_parent' retrieved from /home/airflow/.local/lib/python3.12/site-packages/airflow/example_dags/example_external_task_marker_dag.py
[2024-12-28T16:57:38.895+0000] {logging_mixin.py:190} INFO - [2024-12-28T16:57:38.894+0000] {dag.py:3239} INFO - Sync 2 DAGs
[2024-12-28T16:57:38.908+0000] {logging_mixin.py:190} INFO - [2024-12-28T16:57:38.907+0000] {dag.py:4180} INFO - Setting next_dagrun for example_external_task_marker_child to None, run_after=None
[2024-12-28T16:57:38.911+0000] {logging_mixin.py:190} INFO - [2024-12-28T16:57:38.911+0000] {dag.py:4180} INFO - Setting next_dagrun for example_external_task_marker_parent to None, run_after=None
[2024-12-28T16:57:38.927+0000] {processor.py:208} INFO - Processing /home/airflow/.local/lib/python3.12/site-packages/airflow/example_dags/example_external_task_marker_dag.py took 0.073 seconds
[2024-12-28T16:58:09.491+0000] {processor.py:186} INFO - Started process (PID=806) to work on /home/airflow/.local/lib/python3.12/site-packages/airflow/example_dags/example_external_task_marker_dag.py
[2024-12-28T16:58:09.492+0000] {processor.py:914} INFO - Processing file /home/airflow/.local/lib/python3.12/site-packages/airflow/example_dags/example_external_task_marker_dag.py for tasks to queue
[2024-12-28T16:58:09.494+0000] {logging_mixin.py:190} INFO - [2024-12-28T16:58:09.494+0000] {dagbag.py:588} INFO - Filling up the DagBag from /home/airflow/.local/lib/python3.12/site-packages/airflow/example_dags/example_external_task_marker_dag.py
[2024-12-28T16:58:09.502+0000] {processor.py:925} INFO - DAG(s) 'example_external_task_marker_parent', 'example_external_task_marker_child' retrieved from /home/airflow/.local/lib/python3.12/site-packages/airflow/example_dags/example_external_task_marker_dag.py
[2024-12-28T16:58:09.526+0000] {logging_mixin.py:190} INFO - [2024-12-28T16:58:09.526+0000] {dag.py:3239} INFO - Sync 2 DAGs
[2024-12-28T16:58:09.540+0000] {logging_mixin.py:190} INFO - [2024-12-28T16:58:09.540+0000] {dag.py:4180} INFO - Setting next_dagrun for example_external_task_marker_child to None, run_after=None
[2024-12-28T16:58:09.543+0000] {logging_mixin.py:190} INFO - [2024-12-28T16:58:09.543+0000] {dag.py:4180} INFO - Setting next_dagrun for example_external_task_marker_parent to None, run_after=None
[2024-12-28T16:58:09.559+0000] {processor.py:208} INFO - Processing /home/airflow/.local/lib/python3.12/site-packages/airflow/example_dags/example_external_task_marker_dag.py took 0.074 seconds
[2024-12-28T16:58:40.800+0000] {processor.py:186} INFO - Started process (PID=870) to work on /home/airflow/.local/lib/python3.12/site-packages/airflow/example_dags/example_external_task_marker_dag.py
[2024-12-28T16:58:40.801+0000] {processor.py:914} INFO - Processing file /home/airflow/.local/lib/python3.12/site-packages/airflow/example_dags/example_external_task_marker_dag.py for tasks to queue
[2024-12-28T16:58:40.804+0000] {logging_mixin.py:190} INFO - [2024-12-28T16:58:40.803+0000] {dagbag.py:588} INFO - Filling up the DagBag from /home/airflow/.local/lib/python3.12/site-packages/airflow/example_dags/example_external_task_marker_dag.py
[2024-12-28T16:58:40.811+0000] {processor.py:925} INFO - DAG(s) 'example_external_task_marker_parent', 'example_external_task_marker_child' retrieved from /home/airflow/.local/lib/python3.12/site-packages/airflow/example_dags/example_external_task_marker_dag.py
[2024-12-28T16:58:40.834+0000] {logging_mixin.py:190} INFO - [2024-12-28T16:58:40.834+0000] {dag.py:3239} INFO - Sync 2 DAGs
[2024-12-28T16:58:40.847+0000] {logging_mixin.py:190} INFO - [2024-12-28T16:58:40.847+0000] {dag.py:4180} INFO - Setting next_dagrun for example_external_task_marker_child to None, run_after=None
[2024-12-28T16:58:40.850+0000] {logging_mixin.py:190} INFO - [2024-12-28T16:58:40.850+0000] {dag.py:4180} INFO - Setting next_dagrun for example_external_task_marker_parent to None, run_after=None
[2024-12-28T16:58:40.865+0000] {processor.py:208} INFO - Processing /home/airflow/.local/lib/python3.12/site-packages/airflow/example_dags/example_external_task_marker_dag.py took 0.070 seconds
[2024-12-28T16:59:11.969+0000] {processor.py:186} INFO - Started process (PID=934) to work on /home/airflow/.local/lib/python3.12/site-packages/airflow/example_dags/example_external_task_marker_dag.py
[2024-12-28T16:59:11.970+0000] {processor.py:914} INFO - Processing file /home/airflow/.local/lib/python3.12/site-packages/airflow/example_dags/example_external_task_marker_dag.py for tasks to queue
[2024-12-28T16:59:11.972+0000] {logging_mixin.py:190} INFO - [2024-12-28T16:59:11.972+0000] {dagbag.py:588} INFO - Filling up the DagBag from /home/airflow/.local/lib/python3.12/site-packages/airflow/example_dags/example_external_task_marker_dag.py
[2024-12-28T16:59:11.979+0000] {processor.py:925} INFO - DAG(s) 'example_external_task_marker_child', 'example_external_task_marker_parent' retrieved from /home/airflow/.local/lib/python3.12/site-packages/airflow/example_dags/example_external_task_marker_dag.py
[2024-12-28T16:59:12.001+0000] {logging_mixin.py:190} INFO - [2024-12-28T16:59:12.001+0000] {dag.py:3239} INFO - Sync 2 DAGs
[2024-12-28T16:59:12.014+0000] {logging_mixin.py:190} INFO - [2024-12-28T16:59:12.014+0000] {dag.py:4180} INFO - Setting next_dagrun for example_external_task_marker_child to None, run_after=None
[2024-12-28T16:59:12.018+0000] {logging_mixin.py:190} INFO - [2024-12-28T16:59:12.018+0000] {dag.py:4180} INFO - Setting next_dagrun for example_external_task_marker_parent to None, run_after=None
[2024-12-28T16:59:12.031+0000] {processor.py:208} INFO - Processing /home/airflow/.local/lib/python3.12/site-packages/airflow/example_dags/example_external_task_marker_dag.py took 0.068 seconds
[2024-12-28T16:59:43.184+0000] {processor.py:186} INFO - Started process (PID=998) to work on /home/airflow/.local/lib/python3.12/site-packages/airflow/example_dags/example_external_task_marker_dag.py
[2024-12-28T16:59:43.185+0000] {processor.py:914} INFO - Processing file /home/airflow/.local/lib/python3.12/site-packages/airflow/example_dags/example_external_task_marker_dag.py for tasks to queue
[2024-12-28T16:59:43.187+0000] {logging_mixin.py:190} INFO - [2024-12-28T16:59:43.187+0000] {dagbag.py:588} INFO - Filling up the DagBag from /home/airflow/.local/lib/python3.12/site-packages/airflow/example_dags/example_external_task_marker_dag.py
[2024-12-28T16:59:43.194+0000] {processor.py:925} INFO - DAG(s) 'example_external_task_marker_parent', 'example_external_task_marker_child' retrieved from /home/airflow/.local/lib/python3.12/site-packages/airflow/example_dags/example_external_task_marker_dag.py
[2024-12-28T16:59:43.217+0000] {logging_mixin.py:190} INFO - [2024-12-28T16:59:43.216+0000] {dag.py:3239} INFO - Sync 2 DAGs
[2024-12-28T16:59:43.230+0000] {logging_mixin.py:190} INFO - [2024-12-28T16:59:43.229+0000] {dag.py:4180} INFO - Setting next_dagrun for example_external_task_marker_child to None, run_after=None
[2024-12-28T16:59:43.233+0000] {logging_mixin.py:190} INFO - [2024-12-28T16:59:43.233+0000] {dag.py:4180} INFO - Setting next_dagrun for example_external_task_marker_parent to None, run_after=None
[2024-12-28T16:59:43.247+0000] {processor.py:208} INFO - Processing /home/airflow/.local/lib/python3.12/site-packages/airflow/example_dags/example_external_task_marker_dag.py took 0.068 seconds
[2024-12-28T17:00:14.116+0000] {processor.py:186} INFO - Started process (PID=1062) to work on /home/airflow/.local/lib/python3.12/site-packages/airflow/example_dags/example_external_task_marker_dag.py
[2024-12-28T17:00:14.117+0000] {processor.py:914} INFO - Processing file /home/airflow/.local/lib/python3.12/site-packages/airflow/example_dags/example_external_task_marker_dag.py for tasks to queue
[2024-12-28T17:00:14.120+0000] {logging_mixin.py:190} INFO - [2024-12-28T17:00:14.119+0000] {dagbag.py:588} INFO - Filling up the DagBag from /home/airflow/.local/lib/python3.12/site-packages/airflow/example_dags/example_external_task_marker_dag.py
[2024-12-28T17:00:14.127+0000] {processor.py:925} INFO - DAG(s) 'example_external_task_marker_child', 'example_external_task_marker_parent' retrieved from /home/airflow/.local/lib/python3.12/site-packages/airflow/example_dags/example_external_task_marker_dag.py
[2024-12-28T17:00:14.149+0000] {logging_mixin.py:190} INFO - [2024-12-28T17:00:14.148+0000] {dag.py:3239} INFO - Sync 2 DAGs
[2024-12-28T17:00:14.162+0000] {logging_mixin.py:190} INFO - [2024-12-28T17:00:14.162+0000] {dag.py:4180} INFO - Setting next_dagrun for example_external_task_marker_child to None, run_after=None
[2024-12-28T17:00:14.166+0000] {logging_mixin.py:190} INFO - [2024-12-28T17:00:14.165+0000] {dag.py:4180} INFO - Setting next_dagrun for example_external_task_marker_parent to None, run_after=None
[2024-12-28T17:00:14.180+0000] {processor.py:208} INFO - Processing /home/airflow/.local/lib/python3.12/site-packages/airflow/example_dags/example_external_task_marker_dag.py took 0.069 seconds
[2024-12-28T17:00:45.456+0000] {processor.py:186} INFO - Started process (PID=1126) to work on /home/airflow/.local/lib/python3.12/site-packages/airflow/example_dags/example_external_task_marker_dag.py
[2024-12-28T17:00:45.457+0000] {processor.py:914} INFO - Processing file /home/airflow/.local/lib/python3.12/site-packages/airflow/example_dags/example_external_task_marker_dag.py for tasks to queue
[2024-12-28T17:00:45.459+0000] {logging_mixin.py:190} INFO - [2024-12-28T17:00:45.459+0000] {dagbag.py:588} INFO - Filling up the DagBag from /home/airflow/.local/lib/python3.12/site-packages/airflow/example_dags/example_external_task_marker_dag.py
[2024-12-28T17:00:45.466+0000] {processor.py:925} INFO - DAG(s) 'example_external_task_marker_parent', 'example_external_task_marker_child' retrieved from /home/airflow/.local/lib/python3.12/site-packages/airflow/example_dags/example_external_task_marker_dag.py
[2024-12-28T17:00:45.489+0000] {logging_mixin.py:190} INFO - [2024-12-28T17:00:45.489+0000] {dag.py:3239} INFO - Sync 2 DAGs
[2024-12-28T17:00:45.502+0000] {logging_mixin.py:190} INFO - [2024-12-28T17:00:45.502+0000] {dag.py:4180} INFO - Setting next_dagrun for example_external_task_marker_child to None, run_after=None
[2024-12-28T17:00:45.506+0000] {logging_mixin.py:190} INFO - [2024-12-28T17:00:45.506+0000] {dag.py:4180} INFO - Setting next_dagrun for example_external_task_marker_parent to None, run_after=None
[2024-12-28T17:00:45.521+0000] {processor.py:208} INFO - Processing /home/airflow/.local/lib/python3.12/site-packages/airflow/example_dags/example_external_task_marker_dag.py took 0.069 seconds
[2024-12-28T17:01:17.072+0000] {processor.py:186} INFO - Started process (PID=1190) to work on /home/airflow/.local/lib/python3.12/site-packages/airflow/example_dags/example_external_task_marker_dag.py
[2024-12-28T17:01:17.072+0000] {processor.py:914} INFO - Processing file /home/airflow/.local/lib/python3.12/site-packages/airflow/example_dags/example_external_task_marker_dag.py for tasks to queue
[2024-12-28T17:01:17.074+0000] {logging_mixin.py:190} INFO - [2024-12-28T17:01:17.074+0000] {dagbag.py:588} INFO - Filling up the DagBag from /home/airflow/.local/lib/python3.12/site-packages/airflow/example_dags/example_external_task_marker_dag.py
[2024-12-28T17:01:17.081+0000] {processor.py:925} INFO - DAG(s) 'example_external_task_marker_child', 'example_external_task_marker_parent' retrieved from /home/airflow/.local/lib/python3.12/site-packages/airflow/example_dags/example_external_task_marker_dag.py
[2024-12-28T17:01:17.105+0000] {logging_mixin.py:190} INFO - [2024-12-28T17:01:17.105+0000] {dag.py:3239} INFO - Sync 2 DAGs
[2024-12-28T17:01:17.119+0000] {logging_mixin.py:190} INFO - [2024-12-28T17:01:17.118+0000] {dag.py:4180} INFO - Setting next_dagrun for example_external_task_marker_child to None, run_after=None
[2024-12-28T17:01:17.122+0000] {logging_mixin.py:190} INFO - [2024-12-28T17:01:17.122+0000] {dag.py:4180} INFO - Setting next_dagrun for example_external_task_marker_parent to None, run_after=None
[2024-12-28T17:01:17.139+0000] {processor.py:208} INFO - Processing /home/airflow/.local/lib/python3.12/site-packages/airflow/example_dags/example_external_task_marker_dag.py took 0.073 seconds
[2024-12-28T17:01:48.045+0000] {processor.py:186} INFO - Started process (PID=1254) to work on /home/airflow/.local/lib/python3.12/site-packages/airflow/example_dags/example_external_task_marker_dag.py
[2024-12-28T17:01:48.046+0000] {processor.py:914} INFO - Processing file /home/airflow/.local/lib/python3.12/site-packages/airflow/example_dags/example_external_task_marker_dag.py for tasks to queue
[2024-12-28T17:01:48.049+0000] {logging_mixin.py:190} INFO - [2024-12-28T17:01:48.049+0000] {dagbag.py:588} INFO - Filling up the DagBag from /home/airflow/.local/lib/python3.12/site-packages/airflow/example_dags/example_external_task_marker_dag.py
[2024-12-28T17:01:48.057+0000] {processor.py:925} INFO - DAG(s) 'example_external_task_marker_child', 'example_external_task_marker_parent' retrieved from /home/airflow/.local/lib/python3.12/site-packages/airflow/example_dags/example_external_task_marker_dag.py
[2024-12-28T17:01:48.082+0000] {logging_mixin.py:190} INFO - [2024-12-28T17:01:48.082+0000] {dag.py:3239} INFO - Sync 2 DAGs
[2024-12-28T17:01:48.096+0000] {logging_mixin.py:190} INFO - [2024-12-28T17:01:48.096+0000] {dag.py:4180} INFO - Setting next_dagrun for example_external_task_marker_child to None, run_after=None
[2024-12-28T17:01:48.101+0000] {logging_mixin.py:190} INFO - [2024-12-28T17:01:48.100+0000] {dag.py:4180} INFO - Setting next_dagrun for example_external_task_marker_parent to None, run_after=None
[2024-12-28T17:01:48.118+0000] {processor.py:208} INFO - Processing /home/airflow/.local/lib/python3.12/site-packages/airflow/example_dags/example_external_task_marker_dag.py took 0.078 seconds
[2024-12-28T17:02:19.696+0000] {processor.py:186} INFO - Started process (PID=1318) to work on /home/airflow/.local/lib/python3.12/site-packages/airflow/example_dags/example_external_task_marker_dag.py
[2024-12-28T17:02:19.697+0000] {processor.py:914} INFO - Processing file /home/airflow/.local/lib/python3.12/site-packages/airflow/example_dags/example_external_task_marker_dag.py for tasks to queue
[2024-12-28T17:02:19.700+0000] {logging_mixin.py:190} INFO - [2024-12-28T17:02:19.699+0000] {dagbag.py:588} INFO - Filling up the DagBag from /home/airflow/.local/lib/python3.12/site-packages/airflow/example_dags/example_external_task_marker_dag.py
[2024-12-28T17:02:19.707+0000] {processor.py:925} INFO - DAG(s) 'example_external_task_marker_parent', 'example_external_task_marker_child' retrieved from /home/airflow/.local/lib/python3.12/site-packages/airflow/example_dags/example_external_task_marker_dag.py
[2024-12-28T17:02:19.732+0000] {logging_mixin.py:190} INFO - [2024-12-28T17:02:19.732+0000] {dag.py:3239} INFO - Sync 2 DAGs
[2024-12-28T17:02:19.745+0000] {logging_mixin.py:190} INFO - [2024-12-28T17:02:19.745+0000] {dag.py:4180} INFO - Setting next_dagrun for example_external_task_marker_child to None, run_after=None
[2024-12-28T17:02:19.749+0000] {logging_mixin.py:190} INFO - [2024-12-28T17:02:19.749+0000] {dag.py:4180} INFO - Setting next_dagrun for example_external_task_marker_parent to None, run_after=None
[2024-12-28T17:02:19.764+0000] {processor.py:208} INFO - Processing /home/airflow/.local/lib/python3.12/site-packages/airflow/example_dags/example_external_task_marker_dag.py took 0.073 seconds
[2024-12-28T17:02:50.316+0000] {processor.py:186} INFO - Started process (PID=1391) to work on /home/airflow/.local/lib/python3.12/site-packages/airflow/example_dags/example_external_task_marker_dag.py
[2024-12-28T17:02:50.317+0000] {processor.py:914} INFO - Processing file /home/airflow/.local/lib/python3.12/site-packages/airflow/example_dags/example_external_task_marker_dag.py for tasks to queue
[2024-12-28T17:02:50.320+0000] {logging_mixin.py:190} INFO - [2024-12-28T17:02:50.319+0000] {dagbag.py:588} INFO - Filling up the DagBag from /home/airflow/.local/lib/python3.12/site-packages/airflow/example_dags/example_external_task_marker_dag.py
[2024-12-28T17:02:50.327+0000] {processor.py:925} INFO - DAG(s) 'example_external_task_marker_child', 'example_external_task_marker_parent' retrieved from /home/airflow/.local/lib/python3.12/site-packages/airflow/example_dags/example_external_task_marker_dag.py
[2024-12-28T17:02:50.352+0000] {logging_mixin.py:190} INFO - [2024-12-28T17:02:50.352+0000] {dag.py:3239} INFO - Sync 2 DAGs
[2024-12-28T17:02:50.366+0000] {logging_mixin.py:190} INFO - [2024-12-28T17:02:50.366+0000] {dag.py:4180} INFO - Setting next_dagrun for example_external_task_marker_child to None, run_after=None
[2024-12-28T17:02:50.370+0000] {logging_mixin.py:190} INFO - [2024-12-28T17:02:50.370+0000] {dag.py:4180} INFO - Setting next_dagrun for example_external_task_marker_parent to None, run_after=None
[2024-12-28T17:02:50.385+0000] {processor.py:208} INFO - Processing /home/airflow/.local/lib/python3.12/site-packages/airflow/example_dags/example_external_task_marker_dag.py took 0.075 seconds
[2024-12-28T17:03:21.244+0000] {processor.py:186} INFO - Started process (PID=1467) to work on /home/airflow/.local/lib/python3.12/site-packages/airflow/example_dags/example_external_task_marker_dag.py
[2024-12-28T17:03:21.245+0000] {processor.py:914} INFO - Processing file /home/airflow/.local/lib/python3.12/site-packages/airflow/example_dags/example_external_task_marker_dag.py for tasks to queue
[2024-12-28T17:03:21.248+0000] {logging_mixin.py:190} INFO - [2024-12-28T17:03:21.247+0000] {dagbag.py:588} INFO - Filling up the DagBag from /home/airflow/.local/lib/python3.12/site-packages/airflow/example_dags/example_external_task_marker_dag.py
[2024-12-28T17:03:21.257+0000] {processor.py:925} INFO - DAG(s) 'example_external_task_marker_parent', 'example_external_task_marker_child' retrieved from /home/airflow/.local/lib/python3.12/site-packages/airflow/example_dags/example_external_task_marker_dag.py
[2024-12-28T17:03:21.287+0000] {logging_mixin.py:190} INFO - [2024-12-28T17:03:21.287+0000] {dag.py:3239} INFO - Sync 2 DAGs
[2024-12-28T17:03:21.303+0000] {logging_mixin.py:190} INFO - [2024-12-28T17:03:21.303+0000] {dag.py:4180} INFO - Setting next_dagrun for example_external_task_marker_child to None, run_after=None
[2024-12-28T17:03:21.307+0000] {logging_mixin.py:190} INFO - [2024-12-28T17:03:21.307+0000] {dag.py:4180} INFO - Setting next_dagrun for example_external_task_marker_parent to None, run_after=None
[2024-12-28T17:03:21.325+0000] {processor.py:208} INFO - Processing /home/airflow/.local/lib/python3.12/site-packages/airflow/example_dags/example_external_task_marker_dag.py took 0.088 seconds
[2024-12-28T17:03:52.131+0000] {processor.py:186} INFO - Started process (PID=1551) to work on /home/airflow/.local/lib/python3.12/site-packages/airflow/example_dags/example_external_task_marker_dag.py
[2024-12-28T17:03:52.132+0000] {processor.py:914} INFO - Processing file /home/airflow/.local/lib/python3.12/site-packages/airflow/example_dags/example_external_task_marker_dag.py for tasks to queue
[2024-12-28T17:03:52.134+0000] {logging_mixin.py:190} INFO - [2024-12-28T17:03:52.134+0000] {dagbag.py:588} INFO - Filling up the DagBag from /home/airflow/.local/lib/python3.12/site-packages/airflow/example_dags/example_external_task_marker_dag.py
[2024-12-28T17:03:52.142+0000] {processor.py:925} INFO - DAG(s) 'example_external_task_marker_parent', 'example_external_task_marker_child' retrieved from /home/airflow/.local/lib/python3.12/site-packages/airflow/example_dags/example_external_task_marker_dag.py
[2024-12-28T17:03:52.165+0000] {logging_mixin.py:190} INFO - [2024-12-28T17:03:52.164+0000] {dag.py:3239} INFO - Sync 2 DAGs
[2024-12-28T17:03:52.177+0000] {logging_mixin.py:190} INFO - [2024-12-28T17:03:52.177+0000] {dag.py:4180} INFO - Setting next_dagrun for example_external_task_marker_child to None, run_after=None
[2024-12-28T17:03:52.181+0000] {logging_mixin.py:190} INFO - [2024-12-28T17:03:52.181+0000] {dag.py:4180} INFO - Setting next_dagrun for example_external_task_marker_parent to None, run_after=None
[2024-12-28T17:03:52.195+0000] {processor.py:208} INFO - Processing /home/airflow/.local/lib/python3.12/site-packages/airflow/example_dags/example_external_task_marker_dag.py took 0.070 seconds
