[2024-12-28T16:38:36.550+0000] {processor.py:186} INFO - Started process (PID=101) to work on /home/airflow/.local/lib/python3.12/site-packages/airflow/example_dags/example_python_decorator.py
[2024-12-28T16:38:36.551+0000] {processor.py:914} INFO - Processing file /home/airflow/.local/lib/python3.12/site-packages/airflow/example_dags/example_python_decorator.py for tasks to queue
[2024-12-28T16:38:36.553+0000] {logging_mixin.py:190} INFO - [2024-12-28T16:38:36.552+0000] {dagbag.py:588} INFO - Filling up the DagBag from /home/airflow/.local/lib/python3.12/site-packages/airflow/example_dags/example_python_decorator.py
[2024-12-28T16:38:36.567+0000] {processor.py:925} INFO - DAG(s) 'example_python_decorator' retrieved from /home/airflow/.local/lib/python3.12/site-packages/airflow/example_dags/example_python_decorator.py
[2024-12-28T16:38:36.690+0000] {logging_mixin.py:190} INFO - [2024-12-28T16:38:36.690+0000] {override.py:1911} INFO - Created Permission View: can delete on DAG:example_python_decorator
[2024-12-28T16:38:36.700+0000] {logging_mixin.py:190} INFO - [2024-12-28T16:38:36.699+0000] {override.py:1911} INFO - Created Permission View: can edit on DAG:example_python_decorator
[2024-12-28T16:38:36.706+0000] {logging_mixin.py:190} INFO - [2024-12-28T16:38:36.706+0000] {override.py:1911} INFO - Created Permission View: can read on DAG:example_python_decorator
[2024-12-28T16:38:36.713+0000] {logging_mixin.py:190} INFO - [2024-12-28T16:38:36.712+0000] {override.py:1911} INFO - Created Permission View: can create on DAG Run:example_python_decorator
[2024-12-28T16:38:36.719+0000] {logging_mixin.py:190} INFO - [2024-12-28T16:38:36.719+0000] {override.py:1911} INFO - Created Permission View: can delete on DAG Run:example_python_decorator
[2024-12-28T16:38:36.727+0000] {logging_mixin.py:190} INFO - [2024-12-28T16:38:36.727+0000] {override.py:1911} INFO - Created Permission View: menu access on DAG Run:example_python_decorator
[2024-12-28T16:38:36.733+0000] {logging_mixin.py:190} INFO - [2024-12-28T16:38:36.733+0000] {override.py:1911} INFO - Created Permission View: can read on DAG Run:example_python_decorator
[2024-12-28T16:38:36.733+0000] {logging_mixin.py:190} INFO - [2024-12-28T16:38:36.733+0000] {dag.py:3239} INFO - Sync 1 DAGs
[2024-12-28T16:38:36.744+0000] {logging_mixin.py:190} INFO - [2024-12-28T16:38:36.744+0000] {dag.py:3262} INFO - Creating ORM DAG for example_python_decorator
[2024-12-28T16:38:36.745+0000] {logging_mixin.py:190} INFO - [2024-12-28T16:38:36.745+0000] {dag.py:4180} INFO - Setting next_dagrun for example_python_decorator to None, run_after=None
[2024-12-28T16:38:36.761+0000] {processor.py:208} INFO - Processing /home/airflow/.local/lib/python3.12/site-packages/airflow/example_dags/example_python_decorator.py took 0.217 seconds
[2024-12-28T16:39:06.891+0000] {processor.py:186} INFO - Started process (PID=164) to work on /home/airflow/.local/lib/python3.12/site-packages/airflow/example_dags/example_python_decorator.py
[2024-12-28T16:39:06.892+0000] {processor.py:914} INFO - Processing file /home/airflow/.local/lib/python3.12/site-packages/airflow/example_dags/example_python_decorator.py for tasks to queue
[2024-12-28T16:39:06.895+0000] {logging_mixin.py:190} INFO - [2024-12-28T16:39:06.894+0000] {dagbag.py:588} INFO - Filling up the DagBag from /home/airflow/.local/lib/python3.12/site-packages/airflow/example_dags/example_python_decorator.py
[2024-12-28T16:39:06.910+0000] {processor.py:925} INFO - DAG(s) 'example_python_decorator' retrieved from /home/airflow/.local/lib/python3.12/site-packages/airflow/example_dags/example_python_decorator.py
[2024-12-28T16:39:06.932+0000] {logging_mixin.py:190} INFO - [2024-12-28T16:39:06.932+0000] {dag.py:3239} INFO - Sync 1 DAGs
[2024-12-28T16:39:06.946+0000] {logging_mixin.py:190} INFO - [2024-12-28T16:39:06.946+0000] {dag.py:4180} INFO - Setting next_dagrun for example_python_decorator to None, run_after=None
[2024-12-28T16:39:06.964+0000] {processor.py:208} INFO - Processing /home/airflow/.local/lib/python3.12/site-packages/airflow/example_dags/example_python_decorator.py took 0.079 seconds
[2024-12-28T16:39:38.310+0000] {processor.py:186} INFO - Started process (PID=227) to work on /home/airflow/.local/lib/python3.12/site-packages/airflow/example_dags/example_python_decorator.py
[2024-12-28T16:39:38.311+0000] {processor.py:914} INFO - Processing file /home/airflow/.local/lib/python3.12/site-packages/airflow/example_dags/example_python_decorator.py for tasks to queue
[2024-12-28T16:39:38.313+0000] {logging_mixin.py:190} INFO - [2024-12-28T16:39:38.312+0000] {dagbag.py:588} INFO - Filling up the DagBag from /home/airflow/.local/lib/python3.12/site-packages/airflow/example_dags/example_python_decorator.py
[2024-12-28T16:39:38.325+0000] {processor.py:925} INFO - DAG(s) 'example_python_decorator' retrieved from /home/airflow/.local/lib/python3.12/site-packages/airflow/example_dags/example_python_decorator.py
[2024-12-28T16:39:38.346+0000] {logging_mixin.py:190} INFO - [2024-12-28T16:39:38.346+0000] {dag.py:3239} INFO - Sync 1 DAGs
[2024-12-28T16:39:38.359+0000] {logging_mixin.py:190} INFO - [2024-12-28T16:39:38.359+0000] {dag.py:4180} INFO - Setting next_dagrun for example_python_decorator to None, run_after=None
[2024-12-28T16:39:38.376+0000] {processor.py:208} INFO - Processing /home/airflow/.local/lib/python3.12/site-packages/airflow/example_dags/example_python_decorator.py took 0.071 seconds
[2024-12-28T16:40:09.322+0000] {processor.py:186} INFO - Started process (PID=290) to work on /home/airflow/.local/lib/python3.12/site-packages/airflow/example_dags/example_python_decorator.py
[2024-12-28T16:40:09.323+0000] {processor.py:914} INFO - Processing file /home/airflow/.local/lib/python3.12/site-packages/airflow/example_dags/example_python_decorator.py for tasks to queue
[2024-12-28T16:40:09.325+0000] {logging_mixin.py:190} INFO - [2024-12-28T16:40:09.325+0000] {dagbag.py:588} INFO - Filling up the DagBag from /home/airflow/.local/lib/python3.12/site-packages/airflow/example_dags/example_python_decorator.py
[2024-12-28T16:40:09.337+0000] {processor.py:925} INFO - DAG(s) 'example_python_decorator' retrieved from /home/airflow/.local/lib/python3.12/site-packages/airflow/example_dags/example_python_decorator.py
[2024-12-28T16:40:09.358+0000] {logging_mixin.py:190} INFO - [2024-12-28T16:40:09.358+0000] {dag.py:3239} INFO - Sync 1 DAGs
[2024-12-28T16:40:09.370+0000] {logging_mixin.py:190} INFO - [2024-12-28T16:40:09.370+0000] {dag.py:4180} INFO - Setting next_dagrun for example_python_decorator to None, run_after=None
[2024-12-28T16:40:09.388+0000] {processor.py:208} INFO - Processing /home/airflow/.local/lib/python3.12/site-packages/airflow/example_dags/example_python_decorator.py took 0.071 seconds
[2024-12-28T16:42:41.692+0000] {processor.py:186} INFO - Started process (PID=106) to work on /home/airflow/.local/lib/python3.12/site-packages/airflow/example_dags/example_python_decorator.py
[2024-12-28T16:42:41.694+0000] {processor.py:914} INFO - Processing file /home/airflow/.local/lib/python3.12/site-packages/airflow/example_dags/example_python_decorator.py for tasks to queue
[2024-12-28T16:42:41.696+0000] {logging_mixin.py:190} INFO - [2024-12-28T16:42:41.696+0000] {dagbag.py:588} INFO - Filling up the DagBag from /home/airflow/.local/lib/python3.12/site-packages/airflow/example_dags/example_python_decorator.py
[2024-12-28T16:42:41.713+0000] {processor.py:925} INFO - DAG(s) 'example_python_decorator' retrieved from /home/airflow/.local/lib/python3.12/site-packages/airflow/example_dags/example_python_decorator.py
[2024-12-28T16:42:41.840+0000] {logging_mixin.py:190} INFO - [2024-12-28T16:42:41.840+0000] {dag.py:3239} INFO - Sync 1 DAGs
[2024-12-28T16:42:41.854+0000] {logging_mixin.py:190} INFO - [2024-12-28T16:42:41.854+0000] {dag.py:4180} INFO - Setting next_dagrun for example_python_decorator to None, run_after=None
[2024-12-28T16:42:41.875+0000] {processor.py:208} INFO - Processing /home/airflow/.local/lib/python3.12/site-packages/airflow/example_dags/example_python_decorator.py took 0.189 seconds
[2024-12-28T16:43:13.275+0000] {processor.py:186} INFO - Started process (PID=169) to work on /home/airflow/.local/lib/python3.12/site-packages/airflow/example_dags/example_python_decorator.py
[2024-12-28T16:43:13.277+0000] {processor.py:914} INFO - Processing file /home/airflow/.local/lib/python3.12/site-packages/airflow/example_dags/example_python_decorator.py for tasks to queue
[2024-12-28T16:43:13.279+0000] {logging_mixin.py:190} INFO - [2024-12-28T16:43:13.278+0000] {dagbag.py:588} INFO - Filling up the DagBag from /home/airflow/.local/lib/python3.12/site-packages/airflow/example_dags/example_python_decorator.py
[2024-12-28T16:43:13.292+0000] {processor.py:925} INFO - DAG(s) 'example_python_decorator' retrieved from /home/airflow/.local/lib/python3.12/site-packages/airflow/example_dags/example_python_decorator.py
[2024-12-28T16:43:13.314+0000] {logging_mixin.py:190} INFO - [2024-12-28T16:43:13.314+0000] {dag.py:3239} INFO - Sync 1 DAGs
[2024-12-28T16:43:13.327+0000] {logging_mixin.py:190} INFO - [2024-12-28T16:43:13.327+0000] {dag.py:4180} INFO - Setting next_dagrun for example_python_decorator to None, run_after=None
[2024-12-28T16:43:13.347+0000] {processor.py:208} INFO - Processing /home/airflow/.local/lib/python3.12/site-packages/airflow/example_dags/example_python_decorator.py took 0.077 seconds
[2024-12-28T16:43:44.957+0000] {processor.py:186} INFO - Started process (PID=232) to work on /home/airflow/.local/lib/python3.12/site-packages/airflow/example_dags/example_python_decorator.py
[2024-12-28T16:43:44.958+0000] {processor.py:914} INFO - Processing file /home/airflow/.local/lib/python3.12/site-packages/airflow/example_dags/example_python_decorator.py for tasks to queue
[2024-12-28T16:43:44.960+0000] {logging_mixin.py:190} INFO - [2024-12-28T16:43:44.960+0000] {dagbag.py:588} INFO - Filling up the DagBag from /home/airflow/.local/lib/python3.12/site-packages/airflow/example_dags/example_python_decorator.py
[2024-12-28T16:43:44.973+0000] {processor.py:925} INFO - DAG(s) 'example_python_decorator' retrieved from /home/airflow/.local/lib/python3.12/site-packages/airflow/example_dags/example_python_decorator.py
[2024-12-28T16:43:44.993+0000] {logging_mixin.py:190} INFO - [2024-12-28T16:43:44.993+0000] {dag.py:3239} INFO - Sync 1 DAGs
[2024-12-28T16:43:45.007+0000] {logging_mixin.py:190} INFO - [2024-12-28T16:43:45.007+0000] {dag.py:4180} INFO - Setting next_dagrun for example_python_decorator to None, run_after=None
[2024-12-28T16:43:45.024+0000] {processor.py:208} INFO - Processing /home/airflow/.local/lib/python3.12/site-packages/airflow/example_dags/example_python_decorator.py took 0.072 seconds
[2024-12-28T16:44:16.663+0000] {processor.py:186} INFO - Started process (PID=295) to work on /home/airflow/.local/lib/python3.12/site-packages/airflow/example_dags/example_python_decorator.py
[2024-12-28T16:44:16.663+0000] {processor.py:914} INFO - Processing file /home/airflow/.local/lib/python3.12/site-packages/airflow/example_dags/example_python_decorator.py for tasks to queue
[2024-12-28T16:44:16.665+0000] {logging_mixin.py:190} INFO - [2024-12-28T16:44:16.665+0000] {dagbag.py:588} INFO - Filling up the DagBag from /home/airflow/.local/lib/python3.12/site-packages/airflow/example_dags/example_python_decorator.py
[2024-12-28T16:44:16.678+0000] {processor.py:925} INFO - DAG(s) 'example_python_decorator' retrieved from /home/airflow/.local/lib/python3.12/site-packages/airflow/example_dags/example_python_decorator.py
[2024-12-28T16:44:16.699+0000] {logging_mixin.py:190} INFO - [2024-12-28T16:44:16.698+0000] {dag.py:3239} INFO - Sync 1 DAGs
[2024-12-28T16:44:16.711+0000] {logging_mixin.py:190} INFO - [2024-12-28T16:44:16.711+0000] {dag.py:4180} INFO - Setting next_dagrun for example_python_decorator to None, run_after=None
[2024-12-28T16:44:16.729+0000] {processor.py:208} INFO - Processing /home/airflow/.local/lib/python3.12/site-packages/airflow/example_dags/example_python_decorator.py took 0.071 seconds
[2024-12-28T16:44:47.695+0000] {processor.py:186} INFO - Started process (PID=358) to work on /home/airflow/.local/lib/python3.12/site-packages/airflow/example_dags/example_python_decorator.py
[2024-12-28T16:44:47.695+0000] {processor.py:914} INFO - Processing file /home/airflow/.local/lib/python3.12/site-packages/airflow/example_dags/example_python_decorator.py for tasks to queue
[2024-12-28T16:44:47.697+0000] {logging_mixin.py:190} INFO - [2024-12-28T16:44:47.697+0000] {dagbag.py:588} INFO - Filling up the DagBag from /home/airflow/.local/lib/python3.12/site-packages/airflow/example_dags/example_python_decorator.py
[2024-12-28T16:44:47.710+0000] {processor.py:925} INFO - DAG(s) 'example_python_decorator' retrieved from /home/airflow/.local/lib/python3.12/site-packages/airflow/example_dags/example_python_decorator.py
[2024-12-28T16:44:47.731+0000] {logging_mixin.py:190} INFO - [2024-12-28T16:44:47.731+0000] {dag.py:3239} INFO - Sync 1 DAGs
[2024-12-28T16:44:47.744+0000] {logging_mixin.py:190} INFO - [2024-12-28T16:44:47.744+0000] {dag.py:4180} INFO - Setting next_dagrun for example_python_decorator to None, run_after=None
[2024-12-28T16:44:47.760+0000] {processor.py:208} INFO - Processing /home/airflow/.local/lib/python3.12/site-packages/airflow/example_dags/example_python_decorator.py took 0.071 seconds
[2024-12-28T16:45:19.418+0000] {processor.py:186} INFO - Started process (PID=421) to work on /home/airflow/.local/lib/python3.12/site-packages/airflow/example_dags/example_python_decorator.py
[2024-12-28T16:45:19.419+0000] {processor.py:914} INFO - Processing file /home/airflow/.local/lib/python3.12/site-packages/airflow/example_dags/example_python_decorator.py for tasks to queue
[2024-12-28T16:45:19.421+0000] {logging_mixin.py:190} INFO - [2024-12-28T16:45:19.420+0000] {dagbag.py:588} INFO - Filling up the DagBag from /home/airflow/.local/lib/python3.12/site-packages/airflow/example_dags/example_python_decorator.py
[2024-12-28T16:45:19.433+0000] {processor.py:925} INFO - DAG(s) 'example_python_decorator' retrieved from /home/airflow/.local/lib/python3.12/site-packages/airflow/example_dags/example_python_decorator.py
[2024-12-28T16:45:19.455+0000] {logging_mixin.py:190} INFO - [2024-12-28T16:45:19.454+0000] {dag.py:3239} INFO - Sync 1 DAGs
[2024-12-28T16:45:19.468+0000] {logging_mixin.py:190} INFO - [2024-12-28T16:45:19.468+0000] {dag.py:4180} INFO - Setting next_dagrun for example_python_decorator to None, run_after=None
[2024-12-28T16:45:19.484+0000] {processor.py:208} INFO - Processing /home/airflow/.local/lib/python3.12/site-packages/airflow/example_dags/example_python_decorator.py took 0.072 seconds
[2024-12-28T16:45:51.144+0000] {processor.py:186} INFO - Started process (PID=484) to work on /home/airflow/.local/lib/python3.12/site-packages/airflow/example_dags/example_python_decorator.py
[2024-12-28T16:45:51.145+0000] {processor.py:914} INFO - Processing file /home/airflow/.local/lib/python3.12/site-packages/airflow/example_dags/example_python_decorator.py for tasks to queue
[2024-12-28T16:45:51.147+0000] {logging_mixin.py:190} INFO - [2024-12-28T16:45:51.147+0000] {dagbag.py:588} INFO - Filling up the DagBag from /home/airflow/.local/lib/python3.12/site-packages/airflow/example_dags/example_python_decorator.py
[2024-12-28T16:45:51.162+0000] {processor.py:925} INFO - DAG(s) 'example_python_decorator' retrieved from /home/airflow/.local/lib/python3.12/site-packages/airflow/example_dags/example_python_decorator.py
[2024-12-28T16:45:51.187+0000] {logging_mixin.py:190} INFO - [2024-12-28T16:45:51.187+0000] {dag.py:3239} INFO - Sync 1 DAGs
[2024-12-28T16:45:51.202+0000] {logging_mixin.py:190} INFO - [2024-12-28T16:45:51.202+0000] {dag.py:4180} INFO - Setting next_dagrun for example_python_decorator to None, run_after=None
[2024-12-28T16:45:51.223+0000] {processor.py:208} INFO - Processing /home/airflow/.local/lib/python3.12/site-packages/airflow/example_dags/example_python_decorator.py took 0.085 seconds
[2024-12-28T16:46:22.662+0000] {processor.py:186} INFO - Started process (PID=547) to work on /home/airflow/.local/lib/python3.12/site-packages/airflow/example_dags/example_python_decorator.py
[2024-12-28T16:46:22.663+0000] {processor.py:914} INFO - Processing file /home/airflow/.local/lib/python3.12/site-packages/airflow/example_dags/example_python_decorator.py for tasks to queue
[2024-12-28T16:46:22.665+0000] {logging_mixin.py:190} INFO - [2024-12-28T16:46:22.665+0000] {dagbag.py:588} INFO - Filling up the DagBag from /home/airflow/.local/lib/python3.12/site-packages/airflow/example_dags/example_python_decorator.py
[2024-12-28T16:46:22.679+0000] {processor.py:925} INFO - DAG(s) 'example_python_decorator' retrieved from /home/airflow/.local/lib/python3.12/site-packages/airflow/example_dags/example_python_decorator.py
[2024-12-28T16:46:22.700+0000] {logging_mixin.py:190} INFO - [2024-12-28T16:46:22.700+0000] {dag.py:3239} INFO - Sync 1 DAGs
[2024-12-28T16:46:22.713+0000] {logging_mixin.py:190} INFO - [2024-12-28T16:46:22.713+0000] {dag.py:4180} INFO - Setting next_dagrun for example_python_decorator to None, run_after=None
[2024-12-28T16:46:22.731+0000] {processor.py:208} INFO - Processing /home/airflow/.local/lib/python3.12/site-packages/airflow/example_dags/example_python_decorator.py took 0.075 seconds
[2024-12-28T16:46:53.707+0000] {processor.py:186} INFO - Started process (PID=610) to work on /home/airflow/.local/lib/python3.12/site-packages/airflow/example_dags/example_python_decorator.py
[2024-12-28T16:46:53.708+0000] {processor.py:914} INFO - Processing file /home/airflow/.local/lib/python3.12/site-packages/airflow/example_dags/example_python_decorator.py for tasks to queue
[2024-12-28T16:46:53.710+0000] {logging_mixin.py:190} INFO - [2024-12-28T16:46:53.710+0000] {dagbag.py:588} INFO - Filling up the DagBag from /home/airflow/.local/lib/python3.12/site-packages/airflow/example_dags/example_python_decorator.py
[2024-12-28T16:46:53.722+0000] {processor.py:925} INFO - DAG(s) 'example_python_decorator' retrieved from /home/airflow/.local/lib/python3.12/site-packages/airflow/example_dags/example_python_decorator.py
[2024-12-28T16:46:53.743+0000] {logging_mixin.py:190} INFO - [2024-12-28T16:46:53.742+0000] {dag.py:3239} INFO - Sync 1 DAGs
[2024-12-28T16:46:53.757+0000] {logging_mixin.py:190} INFO - [2024-12-28T16:46:53.757+0000] {dag.py:4180} INFO - Setting next_dagrun for example_python_decorator to None, run_after=None
[2024-12-28T16:46:53.773+0000] {processor.py:208} INFO - Processing /home/airflow/.local/lib/python3.12/site-packages/airflow/example_dags/example_python_decorator.py took 0.073 seconds
[2024-12-28T16:47:25.240+0000] {processor.py:186} INFO - Started process (PID=673) to work on /home/airflow/.local/lib/python3.12/site-packages/airflow/example_dags/example_python_decorator.py
[2024-12-28T16:47:25.241+0000] {processor.py:914} INFO - Processing file /home/airflow/.local/lib/python3.12/site-packages/airflow/example_dags/example_python_decorator.py for tasks to queue
[2024-12-28T16:47:25.243+0000] {logging_mixin.py:190} INFO - [2024-12-28T16:47:25.243+0000] {dagbag.py:588} INFO - Filling up the DagBag from /home/airflow/.local/lib/python3.12/site-packages/airflow/example_dags/example_python_decorator.py
[2024-12-28T16:47:25.258+0000] {processor.py:925} INFO - DAG(s) 'example_python_decorator' retrieved from /home/airflow/.local/lib/python3.12/site-packages/airflow/example_dags/example_python_decorator.py
[2024-12-28T16:47:25.279+0000] {logging_mixin.py:190} INFO - [2024-12-28T16:47:25.279+0000] {dag.py:3239} INFO - Sync 1 DAGs
[2024-12-28T16:47:25.293+0000] {logging_mixin.py:190} INFO - [2024-12-28T16:47:25.293+0000] {dag.py:4180} INFO - Setting next_dagrun for example_python_decorator to None, run_after=None
[2024-12-28T16:47:25.313+0000] {processor.py:208} INFO - Processing /home/airflow/.local/lib/python3.12/site-packages/airflow/example_dags/example_python_decorator.py took 0.079 seconds
[2024-12-28T16:52:24.011+0000] {processor.py:186} INFO - Started process (PID=102) to work on /home/airflow/.local/lib/python3.12/site-packages/airflow/example_dags/example_python_decorator.py
[2024-12-28T16:52:24.013+0000] {processor.py:914} INFO - Processing file /home/airflow/.local/lib/python3.12/site-packages/airflow/example_dags/example_python_decorator.py for tasks to queue
[2024-12-28T16:52:24.015+0000] {logging_mixin.py:190} INFO - [2024-12-28T16:52:24.014+0000] {dagbag.py:588} INFO - Filling up the DagBag from /home/airflow/.local/lib/python3.12/site-packages/airflow/example_dags/example_python_decorator.py
[2024-12-28T16:52:24.028+0000] {processor.py:925} INFO - DAG(s) 'example_python_decorator' retrieved from /home/airflow/.local/lib/python3.12/site-packages/airflow/example_dags/example_python_decorator.py
[2024-12-28T16:52:24.134+0000] {logging_mixin.py:190} INFO - [2024-12-28T16:52:24.134+0000] {dag.py:3239} INFO - Sync 1 DAGs
[2024-12-28T16:52:24.146+0000] {logging_mixin.py:190} INFO - [2024-12-28T16:52:24.146+0000] {dag.py:4180} INFO - Setting next_dagrun for example_python_decorator to None, run_after=None
[2024-12-28T16:52:24.165+0000] {processor.py:208} INFO - Processing /home/airflow/.local/lib/python3.12/site-packages/airflow/example_dags/example_python_decorator.py took 0.159 seconds
[2024-12-28T16:52:55.031+0000] {processor.py:186} INFO - Started process (PID=166) to work on /home/airflow/.local/lib/python3.12/site-packages/airflow/example_dags/example_python_decorator.py
[2024-12-28T16:52:55.032+0000] {processor.py:914} INFO - Processing file /home/airflow/.local/lib/python3.12/site-packages/airflow/example_dags/example_python_decorator.py for tasks to queue
[2024-12-28T16:52:55.033+0000] {logging_mixin.py:190} INFO - [2024-12-28T16:52:55.033+0000] {dagbag.py:588} INFO - Filling up the DagBag from /home/airflow/.local/lib/python3.12/site-packages/airflow/example_dags/example_python_decorator.py
[2024-12-28T16:52:55.045+0000] {processor.py:925} INFO - DAG(s) 'example_python_decorator' retrieved from /home/airflow/.local/lib/python3.12/site-packages/airflow/example_dags/example_python_decorator.py
[2024-12-28T16:52:55.066+0000] {logging_mixin.py:190} INFO - [2024-12-28T16:52:55.066+0000] {dag.py:3239} INFO - Sync 1 DAGs
[2024-12-28T16:52:55.080+0000] {logging_mixin.py:190} INFO - [2024-12-28T16:52:55.080+0000] {dag.py:4180} INFO - Setting next_dagrun for example_python_decorator to None, run_after=None
[2024-12-28T16:52:55.096+0000] {processor.py:208} INFO - Processing /home/airflow/.local/lib/python3.12/site-packages/airflow/example_dags/example_python_decorator.py took 0.070 seconds
[2024-12-28T16:53:26.329+0000] {processor.py:186} INFO - Started process (PID=230) to work on /home/airflow/.local/lib/python3.12/site-packages/airflow/example_dags/example_python_decorator.py
[2024-12-28T16:53:26.330+0000] {processor.py:914} INFO - Processing file /home/airflow/.local/lib/python3.12/site-packages/airflow/example_dags/example_python_decorator.py for tasks to queue
[2024-12-28T16:53:26.332+0000] {logging_mixin.py:190} INFO - [2024-12-28T16:53:26.332+0000] {dagbag.py:588} INFO - Filling up the DagBag from /home/airflow/.local/lib/python3.12/site-packages/airflow/example_dags/example_python_decorator.py
[2024-12-28T16:53:26.345+0000] {processor.py:925} INFO - DAG(s) 'example_python_decorator' retrieved from /home/airflow/.local/lib/python3.12/site-packages/airflow/example_dags/example_python_decorator.py
[2024-12-28T16:53:26.366+0000] {logging_mixin.py:190} INFO - [2024-12-28T16:53:26.366+0000] {dag.py:3239} INFO - Sync 1 DAGs
[2024-12-28T16:53:26.381+0000] {logging_mixin.py:190} INFO - [2024-12-28T16:53:26.381+0000] {dag.py:4180} INFO - Setting next_dagrun for example_python_decorator to None, run_after=None
[2024-12-28T16:53:26.402+0000] {processor.py:208} INFO - Processing /home/airflow/.local/lib/python3.12/site-packages/airflow/example_dags/example_python_decorator.py took 0.078 seconds
[2024-12-28T16:53:58.888+0000] {processor.py:186} INFO - Started process (PID=298) to work on /home/airflow/.local/lib/python3.12/site-packages/airflow/example_dags/example_python_decorator.py
[2024-12-28T16:53:58.889+0000] {processor.py:914} INFO - Processing file /home/airflow/.local/lib/python3.12/site-packages/airflow/example_dags/example_python_decorator.py for tasks to queue
[2024-12-28T16:53:58.892+0000] {logging_mixin.py:190} INFO - [2024-12-28T16:53:58.891+0000] {dagbag.py:588} INFO - Filling up the DagBag from /home/airflow/.local/lib/python3.12/site-packages/airflow/example_dags/example_python_decorator.py
[2024-12-28T16:53:58.910+0000] {processor.py:925} INFO - DAG(s) 'example_python_decorator' retrieved from /home/airflow/.local/lib/python3.12/site-packages/airflow/example_dags/example_python_decorator.py
[2024-12-28T16:53:58.937+0000] {logging_mixin.py:190} INFO - [2024-12-28T16:53:58.936+0000] {dag.py:3239} INFO - Sync 1 DAGs
[2024-12-28T16:53:58.952+0000] {logging_mixin.py:190} INFO - [2024-12-28T16:53:58.951+0000] {dag.py:4180} INFO - Setting next_dagrun for example_python_decorator to None, run_after=None
[2024-12-28T16:53:58.976+0000] {processor.py:208} INFO - Processing /home/airflow/.local/lib/python3.12/site-packages/airflow/example_dags/example_python_decorator.py took 0.096 seconds
[2024-12-28T16:54:30.474+0000] {processor.py:186} INFO - Started process (PID=362) to work on /home/airflow/.local/lib/python3.12/site-packages/airflow/example_dags/example_python_decorator.py
[2024-12-28T16:54:30.476+0000] {processor.py:914} INFO - Processing file /home/airflow/.local/lib/python3.12/site-packages/airflow/example_dags/example_python_decorator.py for tasks to queue
[2024-12-28T16:54:30.480+0000] {logging_mixin.py:190} INFO - [2024-12-28T16:54:30.479+0000] {dagbag.py:588} INFO - Filling up the DagBag from /home/airflow/.local/lib/python3.12/site-packages/airflow/example_dags/example_python_decorator.py
[2024-12-28T16:54:30.504+0000] {processor.py:925} INFO - DAG(s) 'example_python_decorator' retrieved from /home/airflow/.local/lib/python3.12/site-packages/airflow/example_dags/example_python_decorator.py
[2024-12-28T16:54:30.531+0000] {logging_mixin.py:190} INFO - [2024-12-28T16:54:30.530+0000] {dag.py:3239} INFO - Sync 1 DAGs
[2024-12-28T16:54:30.545+0000] {logging_mixin.py:190} INFO - [2024-12-28T16:54:30.545+0000] {dag.py:4180} INFO - Setting next_dagrun for example_python_decorator to None, run_after=None
[2024-12-28T16:54:30.566+0000] {processor.py:208} INFO - Processing /home/airflow/.local/lib/python3.12/site-packages/airflow/example_dags/example_python_decorator.py took 0.101 seconds
[2024-12-28T16:55:03.251+0000] {processor.py:186} INFO - Started process (PID=426) to work on /home/airflow/.local/lib/python3.12/site-packages/airflow/example_dags/example_python_decorator.py
[2024-12-28T16:55:03.253+0000] {processor.py:914} INFO - Processing file /home/airflow/.local/lib/python3.12/site-packages/airflow/example_dags/example_python_decorator.py for tasks to queue
[2024-12-28T16:55:03.256+0000] {logging_mixin.py:190} INFO - [2024-12-28T16:55:03.256+0000] {dagbag.py:588} INFO - Filling up the DagBag from /home/airflow/.local/lib/python3.12/site-packages/airflow/example_dags/example_python_decorator.py
[2024-12-28T16:55:03.278+0000] {processor.py:925} INFO - DAG(s) 'example_python_decorator' retrieved from /home/airflow/.local/lib/python3.12/site-packages/airflow/example_dags/example_python_decorator.py
[2024-12-28T16:55:03.313+0000] {logging_mixin.py:190} INFO - [2024-12-28T16:55:03.312+0000] {dag.py:3239} INFO - Sync 1 DAGs
[2024-12-28T16:55:03.334+0000] {logging_mixin.py:190} INFO - [2024-12-28T16:55:03.334+0000] {dag.py:4180} INFO - Setting next_dagrun for example_python_decorator to None, run_after=None
[2024-12-28T16:55:03.373+0000] {processor.py:208} INFO - Processing /home/airflow/.local/lib/python3.12/site-packages/airflow/example_dags/example_python_decorator.py took 0.133 seconds
[2024-12-28T16:55:35.466+0000] {processor.py:186} INFO - Started process (PID=490) to work on /home/airflow/.local/lib/python3.12/site-packages/airflow/example_dags/example_python_decorator.py
[2024-12-28T16:55:35.468+0000] {processor.py:914} INFO - Processing file /home/airflow/.local/lib/python3.12/site-packages/airflow/example_dags/example_python_decorator.py for tasks to queue
[2024-12-28T16:55:35.471+0000] {logging_mixin.py:190} INFO - [2024-12-28T16:55:35.471+0000] {dagbag.py:588} INFO - Filling up the DagBag from /home/airflow/.local/lib/python3.12/site-packages/airflow/example_dags/example_python_decorator.py
[2024-12-28T16:55:35.497+0000] {processor.py:925} INFO - DAG(s) 'example_python_decorator' retrieved from /home/airflow/.local/lib/python3.12/site-packages/airflow/example_dags/example_python_decorator.py
[2024-12-28T16:55:35.536+0000] {logging_mixin.py:190} INFO - [2024-12-28T16:55:35.535+0000] {dag.py:3239} INFO - Sync 1 DAGs
[2024-12-28T16:55:35.561+0000] {logging_mixin.py:190} INFO - [2024-12-28T16:55:35.561+0000] {dag.py:4180} INFO - Setting next_dagrun for example_python_decorator to None, run_after=None
[2024-12-28T16:55:35.593+0000] {processor.py:208} INFO - Processing /home/airflow/.local/lib/python3.12/site-packages/airflow/example_dags/example_python_decorator.py took 0.143 seconds
[2024-12-28T16:56:06.481+0000] {processor.py:186} INFO - Started process (PID=554) to work on /home/airflow/.local/lib/python3.12/site-packages/airflow/example_dags/example_python_decorator.py
[2024-12-28T16:56:06.483+0000] {processor.py:914} INFO - Processing file /home/airflow/.local/lib/python3.12/site-packages/airflow/example_dags/example_python_decorator.py for tasks to queue
[2024-12-28T16:56:06.485+0000] {logging_mixin.py:190} INFO - [2024-12-28T16:56:06.485+0000] {dagbag.py:588} INFO - Filling up the DagBag from /home/airflow/.local/lib/python3.12/site-packages/airflow/example_dags/example_python_decorator.py
[2024-12-28T16:56:06.501+0000] {processor.py:925} INFO - DAG(s) 'example_python_decorator' retrieved from /home/airflow/.local/lib/python3.12/site-packages/airflow/example_dags/example_python_decorator.py
[2024-12-28T16:56:06.527+0000] {logging_mixin.py:190} INFO - [2024-12-28T16:56:06.527+0000] {dag.py:3239} INFO - Sync 1 DAGs
[2024-12-28T16:56:06.544+0000] {logging_mixin.py:190} INFO - [2024-12-28T16:56:06.543+0000] {dag.py:4180} INFO - Setting next_dagrun for example_python_decorator to None, run_after=None
[2024-12-28T16:56:06.564+0000] {processor.py:208} INFO - Processing /home/airflow/.local/lib/python3.12/site-packages/airflow/example_dags/example_python_decorator.py took 0.089 seconds
[2024-12-28T16:56:36.655+0000] {processor.py:186} INFO - Started process (PID=617) to work on /home/airflow/.local/lib/python3.12/site-packages/airflow/example_dags/example_python_decorator.py
[2024-12-28T16:56:36.656+0000] {processor.py:914} INFO - Processing file /home/airflow/.local/lib/python3.12/site-packages/airflow/example_dags/example_python_decorator.py for tasks to queue
[2024-12-28T16:56:36.658+0000] {logging_mixin.py:190} INFO - [2024-12-28T16:56:36.658+0000] {dagbag.py:588} INFO - Filling up the DagBag from /home/airflow/.local/lib/python3.12/site-packages/airflow/example_dags/example_python_decorator.py
[2024-12-28T16:56:36.672+0000] {processor.py:925} INFO - DAG(s) 'example_python_decorator' retrieved from /home/airflow/.local/lib/python3.12/site-packages/airflow/example_dags/example_python_decorator.py
[2024-12-28T16:56:36.695+0000] {logging_mixin.py:190} INFO - [2024-12-28T16:56:36.694+0000] {dag.py:3239} INFO - Sync 1 DAGs
[2024-12-28T16:56:36.709+0000] {logging_mixin.py:190} INFO - [2024-12-28T16:56:36.709+0000] {dag.py:4180} INFO - Setting next_dagrun for example_python_decorator to None, run_after=None
[2024-12-28T16:56:36.726+0000] {processor.py:208} INFO - Processing /home/airflow/.local/lib/python3.12/site-packages/airflow/example_dags/example_python_decorator.py took 0.077 seconds
[2024-12-28T16:57:07.378+0000] {processor.py:186} INFO - Started process (PID=681) to work on /home/airflow/.local/lib/python3.12/site-packages/airflow/example_dags/example_python_decorator.py
[2024-12-28T16:57:07.379+0000] {processor.py:914} INFO - Processing file /home/airflow/.local/lib/python3.12/site-packages/airflow/example_dags/example_python_decorator.py for tasks to queue
[2024-12-28T16:57:07.382+0000] {logging_mixin.py:190} INFO - [2024-12-28T16:57:07.381+0000] {dagbag.py:588} INFO - Filling up the DagBag from /home/airflow/.local/lib/python3.12/site-packages/airflow/example_dags/example_python_decorator.py
[2024-12-28T16:57:07.394+0000] {processor.py:925} INFO - DAG(s) 'example_python_decorator' retrieved from /home/airflow/.local/lib/python3.12/site-packages/airflow/example_dags/example_python_decorator.py
[2024-12-28T16:57:07.416+0000] {logging_mixin.py:190} INFO - [2024-12-28T16:57:07.416+0000] {dag.py:3239} INFO - Sync 1 DAGs
[2024-12-28T16:57:07.429+0000] {logging_mixin.py:190} INFO - [2024-12-28T16:57:07.429+0000] {dag.py:4180} INFO - Setting next_dagrun for example_python_decorator to None, run_after=None
[2024-12-28T16:57:07.449+0000] {processor.py:208} INFO - Processing /home/airflow/.local/lib/python3.12/site-packages/airflow/example_dags/example_python_decorator.py took 0.076 seconds
[2024-12-28T16:57:38.977+0000] {processor.py:186} INFO - Started process (PID=745) to work on /home/airflow/.local/lib/python3.12/site-packages/airflow/example_dags/example_python_decorator.py
[2024-12-28T16:57:38.978+0000] {processor.py:914} INFO - Processing file /home/airflow/.local/lib/python3.12/site-packages/airflow/example_dags/example_python_decorator.py for tasks to queue
[2024-12-28T16:57:38.980+0000] {logging_mixin.py:190} INFO - [2024-12-28T16:57:38.979+0000] {dagbag.py:588} INFO - Filling up the DagBag from /home/airflow/.local/lib/python3.12/site-packages/airflow/example_dags/example_python_decorator.py
[2024-12-28T16:57:38.993+0000] {processor.py:925} INFO - DAG(s) 'example_python_decorator' retrieved from /home/airflow/.local/lib/python3.12/site-packages/airflow/example_dags/example_python_decorator.py
[2024-12-28T16:57:39.015+0000] {logging_mixin.py:190} INFO - [2024-12-28T16:57:39.015+0000] {dag.py:3239} INFO - Sync 1 DAGs
[2024-12-28T16:57:39.029+0000] {logging_mixin.py:190} INFO - [2024-12-28T16:57:39.029+0000] {dag.py:4180} INFO - Setting next_dagrun for example_python_decorator to None, run_after=None
[2024-12-28T16:57:39.047+0000] {processor.py:208} INFO - Processing /home/airflow/.local/lib/python3.12/site-packages/airflow/example_dags/example_python_decorator.py took 0.075 seconds
[2024-12-28T16:58:09.699+0000] {processor.py:186} INFO - Started process (PID=809) to work on /home/airflow/.local/lib/python3.12/site-packages/airflow/example_dags/example_python_decorator.py
[2024-12-28T16:58:09.699+0000] {processor.py:914} INFO - Processing file /home/airflow/.local/lib/python3.12/site-packages/airflow/example_dags/example_python_decorator.py for tasks to queue
[2024-12-28T16:58:09.701+0000] {logging_mixin.py:190} INFO - [2024-12-28T16:58:09.701+0000] {dagbag.py:588} INFO - Filling up the DagBag from /home/airflow/.local/lib/python3.12/site-packages/airflow/example_dags/example_python_decorator.py
[2024-12-28T16:58:09.714+0000] {processor.py:925} INFO - DAG(s) 'example_python_decorator' retrieved from /home/airflow/.local/lib/python3.12/site-packages/airflow/example_dags/example_python_decorator.py
[2024-12-28T16:58:09.738+0000] {logging_mixin.py:190} INFO - [2024-12-28T16:58:09.737+0000] {dag.py:3239} INFO - Sync 1 DAGs
[2024-12-28T16:58:09.750+0000] {logging_mixin.py:190} INFO - [2024-12-28T16:58:09.750+0000] {dag.py:4180} INFO - Setting next_dagrun for example_python_decorator to None, run_after=None
[2024-12-28T16:58:09.767+0000] {processor.py:208} INFO - Processing /home/airflow/.local/lib/python3.12/site-packages/airflow/example_dags/example_python_decorator.py took 0.074 seconds
[2024-12-28T16:58:40.915+0000] {processor.py:186} INFO - Started process (PID=873) to work on /home/airflow/.local/lib/python3.12/site-packages/airflow/example_dags/example_python_decorator.py
[2024-12-28T16:58:40.916+0000] {processor.py:914} INFO - Processing file /home/airflow/.local/lib/python3.12/site-packages/airflow/example_dags/example_python_decorator.py for tasks to queue
[2024-12-28T16:58:40.918+0000] {logging_mixin.py:190} INFO - [2024-12-28T16:58:40.918+0000] {dagbag.py:588} INFO - Filling up the DagBag from /home/airflow/.local/lib/python3.12/site-packages/airflow/example_dags/example_python_decorator.py
[2024-12-28T16:58:40.931+0000] {processor.py:925} INFO - DAG(s) 'example_python_decorator' retrieved from /home/airflow/.local/lib/python3.12/site-packages/airflow/example_dags/example_python_decorator.py
[2024-12-28T16:58:40.953+0000] {logging_mixin.py:190} INFO - [2024-12-28T16:58:40.952+0000] {dag.py:3239} INFO - Sync 1 DAGs
[2024-12-28T16:58:40.965+0000] {logging_mixin.py:190} INFO - [2024-12-28T16:58:40.965+0000] {dag.py:4180} INFO - Setting next_dagrun for example_python_decorator to None, run_after=None
[2024-12-28T16:58:40.982+0000] {processor.py:208} INFO - Processing /home/airflow/.local/lib/python3.12/site-packages/airflow/example_dags/example_python_decorator.py took 0.073 seconds
[2024-12-28T16:59:12.087+0000] {processor.py:186} INFO - Started process (PID=937) to work on /home/airflow/.local/lib/python3.12/site-packages/airflow/example_dags/example_python_decorator.py
[2024-12-28T16:59:12.088+0000] {processor.py:914} INFO - Processing file /home/airflow/.local/lib/python3.12/site-packages/airflow/example_dags/example_python_decorator.py for tasks to queue
[2024-12-28T16:59:12.090+0000] {logging_mixin.py:190} INFO - [2024-12-28T16:59:12.090+0000] {dagbag.py:588} INFO - Filling up the DagBag from /home/airflow/.local/lib/python3.12/site-packages/airflow/example_dags/example_python_decorator.py
[2024-12-28T16:59:12.103+0000] {processor.py:925} INFO - DAG(s) 'example_python_decorator' retrieved from /home/airflow/.local/lib/python3.12/site-packages/airflow/example_dags/example_python_decorator.py
[2024-12-28T16:59:12.122+0000] {logging_mixin.py:190} INFO - [2024-12-28T16:59:12.122+0000] {dag.py:3239} INFO - Sync 1 DAGs
[2024-12-28T16:59:12.134+0000] {logging_mixin.py:190} INFO - [2024-12-28T16:59:12.134+0000] {dag.py:4180} INFO - Setting next_dagrun for example_python_decorator to None, run_after=None
[2024-12-28T16:59:12.151+0000] {processor.py:208} INFO - Processing /home/airflow/.local/lib/python3.12/site-packages/airflow/example_dags/example_python_decorator.py took 0.070 seconds
[2024-12-28T16:59:43.334+0000] {processor.py:186} INFO - Started process (PID=1001) to work on /home/airflow/.local/lib/python3.12/site-packages/airflow/example_dags/example_python_decorator.py
[2024-12-28T16:59:43.335+0000] {processor.py:914} INFO - Processing file /home/airflow/.local/lib/python3.12/site-packages/airflow/example_dags/example_python_decorator.py for tasks to queue
[2024-12-28T16:59:43.337+0000] {logging_mixin.py:190} INFO - [2024-12-28T16:59:43.337+0000] {dagbag.py:588} INFO - Filling up the DagBag from /home/airflow/.local/lib/python3.12/site-packages/airflow/example_dags/example_python_decorator.py
[2024-12-28T16:59:43.350+0000] {processor.py:925} INFO - DAG(s) 'example_python_decorator' retrieved from /home/airflow/.local/lib/python3.12/site-packages/airflow/example_dags/example_python_decorator.py
[2024-12-28T16:59:43.375+0000] {logging_mixin.py:190} INFO - [2024-12-28T16:59:43.375+0000] {dag.py:3239} INFO - Sync 1 DAGs
[2024-12-28T16:59:43.389+0000] {logging_mixin.py:190} INFO - [2024-12-28T16:59:43.388+0000] {dag.py:4180} INFO - Setting next_dagrun for example_python_decorator to None, run_after=None
[2024-12-28T16:59:43.407+0000] {processor.py:208} INFO - Processing /home/airflow/.local/lib/python3.12/site-packages/airflow/example_dags/example_python_decorator.py took 0.078 seconds
[2024-12-28T17:00:14.228+0000] {processor.py:186} INFO - Started process (PID=1065) to work on /home/airflow/.local/lib/python3.12/site-packages/airflow/example_dags/example_python_decorator.py
[2024-12-28T17:00:14.228+0000] {processor.py:914} INFO - Processing file /home/airflow/.local/lib/python3.12/site-packages/airflow/example_dags/example_python_decorator.py for tasks to queue
[2024-12-28T17:00:14.230+0000] {logging_mixin.py:190} INFO - [2024-12-28T17:00:14.230+0000] {dagbag.py:588} INFO - Filling up the DagBag from /home/airflow/.local/lib/python3.12/site-packages/airflow/example_dags/example_python_decorator.py
[2024-12-28T17:00:14.243+0000] {processor.py:925} INFO - DAG(s) 'example_python_decorator' retrieved from /home/airflow/.local/lib/python3.12/site-packages/airflow/example_dags/example_python_decorator.py
[2024-12-28T17:00:14.263+0000] {logging_mixin.py:190} INFO - [2024-12-28T17:00:14.263+0000] {dag.py:3239} INFO - Sync 1 DAGs
[2024-12-28T17:00:14.276+0000] {logging_mixin.py:190} INFO - [2024-12-28T17:00:14.276+0000] {dag.py:4180} INFO - Setting next_dagrun for example_python_decorator to None, run_after=None
[2024-12-28T17:00:14.292+0000] {processor.py:208} INFO - Processing /home/airflow/.local/lib/python3.12/site-packages/airflow/example_dags/example_python_decorator.py took 0.070 seconds
[2024-12-28T17:00:45.646+0000] {processor.py:186} INFO - Started process (PID=1129) to work on /home/airflow/.local/lib/python3.12/site-packages/airflow/example_dags/example_python_decorator.py
[2024-12-28T17:00:45.647+0000] {processor.py:914} INFO - Processing file /home/airflow/.local/lib/python3.12/site-packages/airflow/example_dags/example_python_decorator.py for tasks to queue
[2024-12-28T17:00:45.649+0000] {logging_mixin.py:190} INFO - [2024-12-28T17:00:45.649+0000] {dagbag.py:588} INFO - Filling up the DagBag from /home/airflow/.local/lib/python3.12/site-packages/airflow/example_dags/example_python_decorator.py
[2024-12-28T17:00:45.661+0000] {processor.py:925} INFO - DAG(s) 'example_python_decorator' retrieved from /home/airflow/.local/lib/python3.12/site-packages/airflow/example_dags/example_python_decorator.py
[2024-12-28T17:00:45.683+0000] {logging_mixin.py:190} INFO - [2024-12-28T17:00:45.682+0000] {dag.py:3239} INFO - Sync 1 DAGs
[2024-12-28T17:00:45.695+0000] {logging_mixin.py:190} INFO - [2024-12-28T17:00:45.695+0000] {dag.py:4180} INFO - Setting next_dagrun for example_python_decorator to None, run_after=None
[2024-12-28T17:00:45.711+0000] {processor.py:208} INFO - Processing /home/airflow/.local/lib/python3.12/site-packages/airflow/example_dags/example_python_decorator.py took 0.070 seconds
[2024-12-28T17:01:17.297+0000] {processor.py:186} INFO - Started process (PID=1193) to work on /home/airflow/.local/lib/python3.12/site-packages/airflow/example_dags/example_python_decorator.py
[2024-12-28T17:01:17.298+0000] {processor.py:914} INFO - Processing file /home/airflow/.local/lib/python3.12/site-packages/airflow/example_dags/example_python_decorator.py for tasks to queue
[2024-12-28T17:01:17.303+0000] {logging_mixin.py:190} INFO - [2024-12-28T17:01:17.302+0000] {dagbag.py:588} INFO - Filling up the DagBag from /home/airflow/.local/lib/python3.12/site-packages/airflow/example_dags/example_python_decorator.py
[2024-12-28T17:01:17.318+0000] {processor.py:925} INFO - DAG(s) 'example_python_decorator' retrieved from /home/airflow/.local/lib/python3.12/site-packages/airflow/example_dags/example_python_decorator.py
[2024-12-28T17:01:17.343+0000] {logging_mixin.py:190} INFO - [2024-12-28T17:01:17.343+0000] {dag.py:3239} INFO - Sync 1 DAGs
[2024-12-28T17:01:17.359+0000] {logging_mixin.py:190} INFO - [2024-12-28T17:01:17.359+0000] {dag.py:4180} INFO - Setting next_dagrun for example_python_decorator to None, run_after=None
[2024-12-28T17:01:17.382+0000] {processor.py:208} INFO - Processing /home/airflow/.local/lib/python3.12/site-packages/airflow/example_dags/example_python_decorator.py took 0.090 seconds
[2024-12-28T17:01:48.203+0000] {processor.py:186} INFO - Started process (PID=1257) to work on /home/airflow/.local/lib/python3.12/site-packages/airflow/example_dags/example_python_decorator.py
[2024-12-28T17:01:48.204+0000] {processor.py:914} INFO - Processing file /home/airflow/.local/lib/python3.12/site-packages/airflow/example_dags/example_python_decorator.py for tasks to queue
[2024-12-28T17:01:48.206+0000] {logging_mixin.py:190} INFO - [2024-12-28T17:01:48.206+0000] {dagbag.py:588} INFO - Filling up the DagBag from /home/airflow/.local/lib/python3.12/site-packages/airflow/example_dags/example_python_decorator.py
[2024-12-28T17:01:48.221+0000] {processor.py:925} INFO - DAG(s) 'example_python_decorator' retrieved from /home/airflow/.local/lib/python3.12/site-packages/airflow/example_dags/example_python_decorator.py
[2024-12-28T17:01:48.244+0000] {logging_mixin.py:190} INFO - [2024-12-28T17:01:48.244+0000] {dag.py:3239} INFO - Sync 1 DAGs
[2024-12-28T17:01:48.259+0000] {logging_mixin.py:190} INFO - [2024-12-28T17:01:48.259+0000] {dag.py:4180} INFO - Setting next_dagrun for example_python_decorator to None, run_after=None
[2024-12-28T17:01:48.275+0000] {processor.py:208} INFO - Processing /home/airflow/.local/lib/python3.12/site-packages/airflow/example_dags/example_python_decorator.py took 0.078 seconds
[2024-12-28T17:02:19.817+0000] {processor.py:186} INFO - Started process (PID=1321) to work on /home/airflow/.local/lib/python3.12/site-packages/airflow/example_dags/example_python_decorator.py
[2024-12-28T17:02:19.817+0000] {processor.py:914} INFO - Processing file /home/airflow/.local/lib/python3.12/site-packages/airflow/example_dags/example_python_decorator.py for tasks to queue
[2024-12-28T17:02:19.820+0000] {logging_mixin.py:190} INFO - [2024-12-28T17:02:19.819+0000] {dagbag.py:588} INFO - Filling up the DagBag from /home/airflow/.local/lib/python3.12/site-packages/airflow/example_dags/example_python_decorator.py
[2024-12-28T17:02:19.833+0000] {processor.py:925} INFO - DAG(s) 'example_python_decorator' retrieved from /home/airflow/.local/lib/python3.12/site-packages/airflow/example_dags/example_python_decorator.py
[2024-12-28T17:02:19.855+0000] {logging_mixin.py:190} INFO - [2024-12-28T17:02:19.855+0000] {dag.py:3239} INFO - Sync 1 DAGs
[2024-12-28T17:02:19.867+0000] {logging_mixin.py:190} INFO - [2024-12-28T17:02:19.867+0000] {dag.py:4180} INFO - Setting next_dagrun for example_python_decorator to None, run_after=None
[2024-12-28T17:02:19.884+0000] {processor.py:208} INFO - Processing /home/airflow/.local/lib/python3.12/site-packages/airflow/example_dags/example_python_decorator.py took 0.073 seconds
[2024-12-28T17:02:50.611+0000] {processor.py:186} INFO - Started process (PID=1396) to work on /home/airflow/.local/lib/python3.12/site-packages/airflow/example_dags/example_python_decorator.py
[2024-12-28T17:02:50.611+0000] {processor.py:914} INFO - Processing file /home/airflow/.local/lib/python3.12/site-packages/airflow/example_dags/example_python_decorator.py for tasks to queue
[2024-12-28T17:02:50.613+0000] {logging_mixin.py:190} INFO - [2024-12-28T17:02:50.613+0000] {dagbag.py:588} INFO - Filling up the DagBag from /home/airflow/.local/lib/python3.12/site-packages/airflow/example_dags/example_python_decorator.py
[2024-12-28T17:02:50.626+0000] {processor.py:925} INFO - DAG(s) 'example_python_decorator' retrieved from /home/airflow/.local/lib/python3.12/site-packages/airflow/example_dags/example_python_decorator.py
[2024-12-28T17:02:50.647+0000] {logging_mixin.py:190} INFO - [2024-12-28T17:02:50.647+0000] {dag.py:3239} INFO - Sync 1 DAGs
[2024-12-28T17:02:50.661+0000] {logging_mixin.py:190} INFO - [2024-12-28T17:02:50.660+0000] {dag.py:4180} INFO - Setting next_dagrun for example_python_decorator to None, run_after=None
[2024-12-28T17:02:50.678+0000] {processor.py:208} INFO - Processing /home/airflow/.local/lib/python3.12/site-packages/airflow/example_dags/example_python_decorator.py took 0.073 seconds
[2024-12-28T17:03:21.415+0000] {processor.py:186} INFO - Started process (PID=1476) to work on /home/airflow/.local/lib/python3.12/site-packages/airflow/example_dags/example_python_decorator.py
[2024-12-28T17:03:21.416+0000] {processor.py:914} INFO - Processing file /home/airflow/.local/lib/python3.12/site-packages/airflow/example_dags/example_python_decorator.py for tasks to queue
[2024-12-28T17:03:21.418+0000] {logging_mixin.py:190} INFO - [2024-12-28T17:03:21.418+0000] {dagbag.py:588} INFO - Filling up the DagBag from /home/airflow/.local/lib/python3.12/site-packages/airflow/example_dags/example_python_decorator.py
[2024-12-28T17:03:21.433+0000] {processor.py:925} INFO - DAG(s) 'example_python_decorator' retrieved from /home/airflow/.local/lib/python3.12/site-packages/airflow/example_dags/example_python_decorator.py
[2024-12-28T17:03:21.455+0000] {logging_mixin.py:190} INFO - [2024-12-28T17:03:21.455+0000] {dag.py:3239} INFO - Sync 1 DAGs
[2024-12-28T17:03:21.469+0000] {logging_mixin.py:190} INFO - [2024-12-28T17:03:21.469+0000] {dag.py:4180} INFO - Setting next_dagrun for example_python_decorator to None, run_after=None
[2024-12-28T17:03:21.489+0000] {processor.py:208} INFO - Processing /home/airflow/.local/lib/python3.12/site-packages/airflow/example_dags/example_python_decorator.py took 0.080 seconds
[2024-12-28T17:03:52.245+0000] {processor.py:186} INFO - Started process (PID=1554) to work on /home/airflow/.local/lib/python3.12/site-packages/airflow/example_dags/example_python_decorator.py
[2024-12-28T17:03:52.246+0000] {processor.py:914} INFO - Processing file /home/airflow/.local/lib/python3.12/site-packages/airflow/example_dags/example_python_decorator.py for tasks to queue
[2024-12-28T17:03:52.248+0000] {logging_mixin.py:190} INFO - [2024-12-28T17:03:52.248+0000] {dagbag.py:588} INFO - Filling up the DagBag from /home/airflow/.local/lib/python3.12/site-packages/airflow/example_dags/example_python_decorator.py
[2024-12-28T17:03:52.261+0000] {processor.py:925} INFO - DAG(s) 'example_python_decorator' retrieved from /home/airflow/.local/lib/python3.12/site-packages/airflow/example_dags/example_python_decorator.py
[2024-12-28T17:03:52.283+0000] {logging_mixin.py:190} INFO - [2024-12-28T17:03:52.283+0000] {dag.py:3239} INFO - Sync 1 DAGs
[2024-12-28T17:03:52.296+0000] {logging_mixin.py:190} INFO - [2024-12-28T17:03:52.296+0000] {dag.py:4180} INFO - Setting next_dagrun for example_python_decorator to None, run_after=None
[2024-12-28T17:03:52.314+0000] {processor.py:208} INFO - Processing /home/airflow/.local/lib/python3.12/site-packages/airflow/example_dags/example_python_decorator.py took 0.074 seconds
