[2024-12-28T16:38:35.242+0000] {processor.py:186} INFO - Started process (PID=93) to work on /home/airflow/.local/lib/python3.12/site-packages/airflow/example_dags/example_latest_only.py
[2024-12-28T16:38:35.243+0000] {processor.py:914} INFO - Processing file /home/airflow/.local/lib/python3.12/site-packages/airflow/example_dags/example_latest_only.py for tasks to queue
[2024-12-28T16:38:35.246+0000] {logging_mixin.py:190} INFO - [2024-12-28T16:38:35.245+0000] {dagbag.py:588} INFO - Filling up the DagBag from /home/airflow/.local/lib/python3.12/site-packages/airflow/example_dags/example_latest_only.py
[2024-12-28T16:38:35.253+0000] {processor.py:925} INFO - DAG(s) 'latest_only' retrieved from /home/airflow/.local/lib/python3.12/site-packages/airflow/example_dags/example_latest_only.py
[2024-12-28T16:38:35.365+0000] {logging_mixin.py:190} INFO - [2024-12-28T16:38:35.364+0000] {override.py:1911} INFO - Created Permission View: can delete on DAG:latest_only
[2024-12-28T16:38:35.376+0000] {logging_mixin.py:190} INFO - [2024-12-28T16:38:35.376+0000] {override.py:1911} INFO - Created Permission View: can edit on DAG:latest_only
[2024-12-28T16:38:35.383+0000] {logging_mixin.py:190} INFO - [2024-12-28T16:38:35.383+0000] {override.py:1911} INFO - Created Permission View: can read on DAG:latest_only
[2024-12-28T16:38:35.392+0000] {logging_mixin.py:190} INFO - [2024-12-28T16:38:35.392+0000] {override.py:1911} INFO - Created Permission View: can create on DAG Run:latest_only
[2024-12-28T16:38:35.401+0000] {logging_mixin.py:190} INFO - [2024-12-28T16:38:35.400+0000] {override.py:1911} INFO - Created Permission View: can delete on DAG Run:latest_only
[2024-12-28T16:38:35.408+0000] {logging_mixin.py:190} INFO - [2024-12-28T16:38:35.408+0000] {override.py:1911} INFO - Created Permission View: menu access on DAG Run:latest_only
[2024-12-28T16:38:35.418+0000] {logging_mixin.py:190} INFO - [2024-12-28T16:38:35.418+0000] {override.py:1911} INFO - Created Permission View: can read on DAG Run:latest_only
[2024-12-28T16:38:35.419+0000] {logging_mixin.py:190} INFO - [2024-12-28T16:38:35.418+0000] {dag.py:3239} INFO - Sync 1 DAGs
[2024-12-28T16:38:35.432+0000] {logging_mixin.py:190} INFO - [2024-12-28T16:38:35.432+0000] {dag.py:3262} INFO - Creating ORM DAG for latest_only
[2024-12-28T16:38:35.441+0000] {logging_mixin.py:190} INFO - [2024-12-28T16:38:35.441+0000] {dag.py:4180} INFO - Setting next_dagrun for latest_only to 2024-12-28 12:00:00+00:00, run_after=2024-12-28 16:00:00+00:00
[2024-12-28T16:38:35.460+0000] {processor.py:208} INFO - Processing /home/airflow/.local/lib/python3.12/site-packages/airflow/example_dags/example_latest_only.py took 0.224 seconds
[2024-12-28T16:39:06.224+0000] {processor.py:186} INFO - Started process (PID=156) to work on /home/airflow/.local/lib/python3.12/site-packages/airflow/example_dags/example_latest_only.py
[2024-12-28T16:39:06.225+0000] {processor.py:914} INFO - Processing file /home/airflow/.local/lib/python3.12/site-packages/airflow/example_dags/example_latest_only.py for tasks to queue
[2024-12-28T16:39:06.228+0000] {logging_mixin.py:190} INFO - [2024-12-28T16:39:06.227+0000] {dagbag.py:588} INFO - Filling up the DagBag from /home/airflow/.local/lib/python3.12/site-packages/airflow/example_dags/example_latest_only.py
[2024-12-28T16:39:06.237+0000] {processor.py:925} INFO - DAG(s) 'latest_only' retrieved from /home/airflow/.local/lib/python3.12/site-packages/airflow/example_dags/example_latest_only.py
[2024-12-28T16:39:06.260+0000] {logging_mixin.py:190} INFO - [2024-12-28T16:39:06.260+0000] {dag.py:3239} INFO - Sync 1 DAGs
[2024-12-28T16:39:06.285+0000] {logging_mixin.py:190} INFO - [2024-12-28T16:39:06.284+0000] {dag.py:4180} INFO - Setting next_dagrun for latest_only to 2024-12-28 12:00:00+00:00, run_after=2024-12-28 16:00:00+00:00
[2024-12-28T16:39:06.305+0000] {processor.py:208} INFO - Processing /home/airflow/.local/lib/python3.12/site-packages/airflow/example_dags/example_latest_only.py took 0.088 seconds
[2024-12-28T16:39:37.593+0000] {processor.py:186} INFO - Started process (PID=219) to work on /home/airflow/.local/lib/python3.12/site-packages/airflow/example_dags/example_latest_only.py
[2024-12-28T16:39:37.594+0000] {processor.py:914} INFO - Processing file /home/airflow/.local/lib/python3.12/site-packages/airflow/example_dags/example_latest_only.py for tasks to queue
[2024-12-28T16:39:37.596+0000] {logging_mixin.py:190} INFO - [2024-12-28T16:39:37.596+0000] {dagbag.py:588} INFO - Filling up the DagBag from /home/airflow/.local/lib/python3.12/site-packages/airflow/example_dags/example_latest_only.py
[2024-12-28T16:39:37.605+0000] {processor.py:925} INFO - DAG(s) 'latest_only' retrieved from /home/airflow/.local/lib/python3.12/site-packages/airflow/example_dags/example_latest_only.py
[2024-12-28T16:39:37.630+0000] {logging_mixin.py:190} INFO - [2024-12-28T16:39:37.630+0000] {dag.py:3239} INFO - Sync 1 DAGs
[2024-12-28T16:39:37.656+0000] {logging_mixin.py:190} INFO - [2024-12-28T16:39:37.656+0000] {dag.py:4180} INFO - Setting next_dagrun for latest_only to 2024-12-28 12:00:00+00:00, run_after=2024-12-28 16:00:00+00:00
[2024-12-28T16:39:37.677+0000] {processor.py:208} INFO - Processing /home/airflow/.local/lib/python3.12/site-packages/airflow/example_dags/example_latest_only.py took 0.092 seconds
[2024-12-28T16:40:08.503+0000] {processor.py:186} INFO - Started process (PID=282) to work on /home/airflow/.local/lib/python3.12/site-packages/airflow/example_dags/example_latest_only.py
[2024-12-28T16:40:08.504+0000] {processor.py:914} INFO - Processing file /home/airflow/.local/lib/python3.12/site-packages/airflow/example_dags/example_latest_only.py for tasks to queue
[2024-12-28T16:40:08.506+0000] {logging_mixin.py:190} INFO - [2024-12-28T16:40:08.506+0000] {dagbag.py:588} INFO - Filling up the DagBag from /home/airflow/.local/lib/python3.12/site-packages/airflow/example_dags/example_latest_only.py
[2024-12-28T16:40:08.518+0000] {processor.py:925} INFO - DAG(s) 'latest_only' retrieved from /home/airflow/.local/lib/python3.12/site-packages/airflow/example_dags/example_latest_only.py
[2024-12-28T16:40:08.547+0000] {logging_mixin.py:190} INFO - [2024-12-28T16:40:08.546+0000] {dag.py:3239} INFO - Sync 1 DAGs
[2024-12-28T16:40:08.577+0000] {logging_mixin.py:190} INFO - [2024-12-28T16:40:08.577+0000] {dag.py:4180} INFO - Setting next_dagrun for latest_only to 2024-12-28 12:00:00+00:00, run_after=2024-12-28 16:00:00+00:00
[2024-12-28T16:40:08.601+0000] {processor.py:208} INFO - Processing /home/airflow/.local/lib/python3.12/site-packages/airflow/example_dags/example_latest_only.py took 0.105 seconds
[2024-12-28T16:42:40.830+0000] {processor.py:186} INFO - Started process (PID=92) to work on /home/airflow/.local/lib/python3.12/site-packages/airflow/example_dags/example_latest_only.py
[2024-12-28T16:42:40.831+0000] {processor.py:914} INFO - Processing file /home/airflow/.local/lib/python3.12/site-packages/airflow/example_dags/example_latest_only.py for tasks to queue
[2024-12-28T16:42:40.834+0000] {logging_mixin.py:190} INFO - [2024-12-28T16:42:40.833+0000] {dagbag.py:588} INFO - Filling up the DagBag from /home/airflow/.local/lib/python3.12/site-packages/airflow/example_dags/example_latest_only.py
[2024-12-28T16:42:40.843+0000] {processor.py:925} INFO - DAG(s) 'latest_only' retrieved from /home/airflow/.local/lib/python3.12/site-packages/airflow/example_dags/example_latest_only.py
[2024-12-28T16:42:40.870+0000] {logging_mixin.py:190} INFO - [2024-12-28T16:42:40.870+0000] {dag.py:3239} INFO - Sync 1 DAGs
[2024-12-28T16:42:40.895+0000] {logging_mixin.py:190} INFO - [2024-12-28T16:42:40.895+0000] {dag.py:4180} INFO - Setting next_dagrun for latest_only to 2024-12-28 12:00:00+00:00, run_after=2024-12-28 16:00:00+00:00
[2024-12-28T16:42:40.913+0000] {processor.py:208} INFO - Processing /home/airflow/.local/lib/python3.12/site-packages/airflow/example_dags/example_latest_only.py took 0.088 seconds
[2024-12-28T16:43:12.598+0000] {processor.py:186} INFO - Started process (PID=161) to work on /home/airflow/.local/lib/python3.12/site-packages/airflow/example_dags/example_latest_only.py
[2024-12-28T16:43:12.599+0000] {processor.py:914} INFO - Processing file /home/airflow/.local/lib/python3.12/site-packages/airflow/example_dags/example_latest_only.py for tasks to queue
[2024-12-28T16:43:12.602+0000] {logging_mixin.py:190} INFO - [2024-12-28T16:43:12.601+0000] {dagbag.py:588} INFO - Filling up the DagBag from /home/airflow/.local/lib/python3.12/site-packages/airflow/example_dags/example_latest_only.py
[2024-12-28T16:43:12.610+0000] {processor.py:925} INFO - DAG(s) 'latest_only' retrieved from /home/airflow/.local/lib/python3.12/site-packages/airflow/example_dags/example_latest_only.py
[2024-12-28T16:43:12.634+0000] {logging_mixin.py:190} INFO - [2024-12-28T16:43:12.634+0000] {dag.py:3239} INFO - Sync 1 DAGs
[2024-12-28T16:43:12.661+0000] {logging_mixin.py:190} INFO - [2024-12-28T16:43:12.661+0000] {dag.py:4180} INFO - Setting next_dagrun for latest_only to 2024-12-28 12:00:00+00:00, run_after=2024-12-28 16:00:00+00:00
[2024-12-28T16:43:12.682+0000] {processor.py:208} INFO - Processing /home/airflow/.local/lib/python3.12/site-packages/airflow/example_dags/example_latest_only.py took 0.090 seconds
[2024-12-28T16:43:43.837+0000] {processor.py:186} INFO - Started process (PID=224) to work on /home/airflow/.local/lib/python3.12/site-packages/airflow/example_dags/example_latest_only.py
[2024-12-28T16:43:43.838+0000] {processor.py:914} INFO - Processing file /home/airflow/.local/lib/python3.12/site-packages/airflow/example_dags/example_latest_only.py for tasks to queue
[2024-12-28T16:43:43.840+0000] {logging_mixin.py:190} INFO - [2024-12-28T16:43:43.840+0000] {dagbag.py:588} INFO - Filling up the DagBag from /home/airflow/.local/lib/python3.12/site-packages/airflow/example_dags/example_latest_only.py
[2024-12-28T16:43:43.848+0000] {processor.py:925} INFO - DAG(s) 'latest_only' retrieved from /home/airflow/.local/lib/python3.12/site-packages/airflow/example_dags/example_latest_only.py
[2024-12-28T16:43:43.871+0000] {logging_mixin.py:190} INFO - [2024-12-28T16:43:43.871+0000] {dag.py:3239} INFO - Sync 1 DAGs
[2024-12-28T16:43:43.899+0000] {logging_mixin.py:190} INFO - [2024-12-28T16:43:43.898+0000] {dag.py:4180} INFO - Setting next_dagrun for latest_only to 2024-12-28 12:00:00+00:00, run_after=2024-12-28 16:00:00+00:00
[2024-12-28T16:43:43.918+0000] {processor.py:208} INFO - Processing /home/airflow/.local/lib/python3.12/site-packages/airflow/example_dags/example_latest_only.py took 0.088 seconds
[2024-12-28T16:44:15.564+0000] {processor.py:186} INFO - Started process (PID=287) to work on /home/airflow/.local/lib/python3.12/site-packages/airflow/example_dags/example_latest_only.py
[2024-12-28T16:44:15.565+0000] {processor.py:914} INFO - Processing file /home/airflow/.local/lib/python3.12/site-packages/airflow/example_dags/example_latest_only.py for tasks to queue
[2024-12-28T16:44:15.567+0000] {logging_mixin.py:190} INFO - [2024-12-28T16:44:15.566+0000] {dagbag.py:588} INFO - Filling up the DagBag from /home/airflow/.local/lib/python3.12/site-packages/airflow/example_dags/example_latest_only.py
[2024-12-28T16:44:15.573+0000] {processor.py:925} INFO - DAG(s) 'latest_only' retrieved from /home/airflow/.local/lib/python3.12/site-packages/airflow/example_dags/example_latest_only.py
[2024-12-28T16:44:15.592+0000] {logging_mixin.py:190} INFO - [2024-12-28T16:44:15.592+0000] {dag.py:3239} INFO - Sync 1 DAGs
[2024-12-28T16:44:15.613+0000] {logging_mixin.py:190} INFO - [2024-12-28T16:44:15.613+0000] {dag.py:4180} INFO - Setting next_dagrun for latest_only to 2024-12-28 12:00:00+00:00, run_after=2024-12-28 16:00:00+00:00
[2024-12-28T16:44:15.629+0000] {processor.py:208} INFO - Processing /home/airflow/.local/lib/python3.12/site-packages/airflow/example_dags/example_latest_only.py took 0.071 seconds
[2024-12-28T16:44:46.665+0000] {processor.py:186} INFO - Started process (PID=350) to work on /home/airflow/.local/lib/python3.12/site-packages/airflow/example_dags/example_latest_only.py
[2024-12-28T16:44:46.666+0000] {processor.py:914} INFO - Processing file /home/airflow/.local/lib/python3.12/site-packages/airflow/example_dags/example_latest_only.py for tasks to queue
[2024-12-28T16:44:46.668+0000] {logging_mixin.py:190} INFO - [2024-12-28T16:44:46.667+0000] {dagbag.py:588} INFO - Filling up the DagBag from /home/airflow/.local/lib/python3.12/site-packages/airflow/example_dags/example_latest_only.py
[2024-12-28T16:44:46.675+0000] {processor.py:925} INFO - DAG(s) 'latest_only' retrieved from /home/airflow/.local/lib/python3.12/site-packages/airflow/example_dags/example_latest_only.py
[2024-12-28T16:44:46.695+0000] {logging_mixin.py:190} INFO - [2024-12-28T16:44:46.694+0000] {dag.py:3239} INFO - Sync 1 DAGs
[2024-12-28T16:44:46.716+0000] {logging_mixin.py:190} INFO - [2024-12-28T16:44:46.716+0000] {dag.py:4180} INFO - Setting next_dagrun for latest_only to 2024-12-28 12:00:00+00:00, run_after=2024-12-28 16:00:00+00:00
[2024-12-28T16:44:46.732+0000] {processor.py:208} INFO - Processing /home/airflow/.local/lib/python3.12/site-packages/airflow/example_dags/example_latest_only.py took 0.073 seconds
[2024-12-28T16:45:18.288+0000] {processor.py:186} INFO - Started process (PID=413) to work on /home/airflow/.local/lib/python3.12/site-packages/airflow/example_dags/example_latest_only.py
[2024-12-28T16:45:18.288+0000] {processor.py:914} INFO - Processing file /home/airflow/.local/lib/python3.12/site-packages/airflow/example_dags/example_latest_only.py for tasks to queue
[2024-12-28T16:45:18.291+0000] {logging_mixin.py:190} INFO - [2024-12-28T16:45:18.290+0000] {dagbag.py:588} INFO - Filling up the DagBag from /home/airflow/.local/lib/python3.12/site-packages/airflow/example_dags/example_latest_only.py
[2024-12-28T16:45:18.300+0000] {processor.py:925} INFO - DAG(s) 'latest_only' retrieved from /home/airflow/.local/lib/python3.12/site-packages/airflow/example_dags/example_latest_only.py
[2024-12-28T16:45:18.331+0000] {logging_mixin.py:190} INFO - [2024-12-28T16:45:18.331+0000] {dag.py:3239} INFO - Sync 1 DAGs
[2024-12-28T16:45:18.361+0000] {logging_mixin.py:190} INFO - [2024-12-28T16:45:18.361+0000] {dag.py:4180} INFO - Setting next_dagrun for latest_only to 2024-12-28 12:00:00+00:00, run_after=2024-12-28 16:00:00+00:00
[2024-12-28T16:45:18.386+0000] {processor.py:208} INFO - Processing /home/airflow/.local/lib/python3.12/site-packages/airflow/example_dags/example_latest_only.py took 0.104 seconds
[2024-12-28T16:45:49.951+0000] {processor.py:186} INFO - Started process (PID=476) to work on /home/airflow/.local/lib/python3.12/site-packages/airflow/example_dags/example_latest_only.py
[2024-12-28T16:45:49.952+0000] {processor.py:914} INFO - Processing file /home/airflow/.local/lib/python3.12/site-packages/airflow/example_dags/example_latest_only.py for tasks to queue
[2024-12-28T16:45:49.955+0000] {logging_mixin.py:190} INFO - [2024-12-28T16:45:49.954+0000] {dagbag.py:588} INFO - Filling up the DagBag from /home/airflow/.local/lib/python3.12/site-packages/airflow/example_dags/example_latest_only.py
[2024-12-28T16:45:49.963+0000] {processor.py:925} INFO - DAG(s) 'latest_only' retrieved from /home/airflow/.local/lib/python3.12/site-packages/airflow/example_dags/example_latest_only.py
[2024-12-28T16:45:49.987+0000] {logging_mixin.py:190} INFO - [2024-12-28T16:45:49.987+0000] {dag.py:3239} INFO - Sync 1 DAGs
[2024-12-28T16:45:50.016+0000] {logging_mixin.py:190} INFO - [2024-12-28T16:45:50.015+0000] {dag.py:4180} INFO - Setting next_dagrun for latest_only to 2024-12-28 12:00:00+00:00, run_after=2024-12-28 16:00:00+00:00
[2024-12-28T16:45:50.039+0000] {processor.py:208} INFO - Processing /home/airflow/.local/lib/python3.12/site-packages/airflow/example_dags/example_latest_only.py took 0.094 seconds
[2024-12-28T16:46:21.565+0000] {processor.py:186} INFO - Started process (PID=539) to work on /home/airflow/.local/lib/python3.12/site-packages/airflow/example_dags/example_latest_only.py
[2024-12-28T16:46:21.566+0000] {processor.py:914} INFO - Processing file /home/airflow/.local/lib/python3.12/site-packages/airflow/example_dags/example_latest_only.py for tasks to queue
[2024-12-28T16:46:21.568+0000] {logging_mixin.py:190} INFO - [2024-12-28T16:46:21.568+0000] {dagbag.py:588} INFO - Filling up the DagBag from /home/airflow/.local/lib/python3.12/site-packages/airflow/example_dags/example_latest_only.py
[2024-12-28T16:46:21.575+0000] {processor.py:925} INFO - DAG(s) 'latest_only' retrieved from /home/airflow/.local/lib/python3.12/site-packages/airflow/example_dags/example_latest_only.py
[2024-12-28T16:46:21.593+0000] {logging_mixin.py:190} INFO - [2024-12-28T16:46:21.593+0000] {dag.py:3239} INFO - Sync 1 DAGs
[2024-12-28T16:46:21.614+0000] {logging_mixin.py:190} INFO - [2024-12-28T16:46:21.614+0000] {dag.py:4180} INFO - Setting next_dagrun for latest_only to 2024-12-28 12:00:00+00:00, run_after=2024-12-28 16:00:00+00:00
[2024-12-28T16:46:21.631+0000] {processor.py:208} INFO - Processing /home/airflow/.local/lib/python3.12/site-packages/airflow/example_dags/example_latest_only.py took 0.071 seconds
[2024-12-28T16:46:52.994+0000] {processor.py:186} INFO - Started process (PID=602) to work on /home/airflow/.local/lib/python3.12/site-packages/airflow/example_dags/example_latest_only.py
[2024-12-28T16:46:52.995+0000] {processor.py:914} INFO - Processing file /home/airflow/.local/lib/python3.12/site-packages/airflow/example_dags/example_latest_only.py for tasks to queue
[2024-12-28T16:46:52.998+0000] {logging_mixin.py:190} INFO - [2024-12-28T16:46:52.997+0000] {dagbag.py:588} INFO - Filling up the DagBag from /home/airflow/.local/lib/python3.12/site-packages/airflow/example_dags/example_latest_only.py
[2024-12-28T16:46:53.007+0000] {processor.py:925} INFO - DAG(s) 'latest_only' retrieved from /home/airflow/.local/lib/python3.12/site-packages/airflow/example_dags/example_latest_only.py
[2024-12-28T16:46:53.032+0000] {logging_mixin.py:190} INFO - [2024-12-28T16:46:53.031+0000] {dag.py:3239} INFO - Sync 1 DAGs
[2024-12-28T16:46:53.062+0000] {logging_mixin.py:190} INFO - [2024-12-28T16:46:53.062+0000] {dag.py:4180} INFO - Setting next_dagrun for latest_only to 2024-12-28 12:00:00+00:00, run_after=2024-12-28 16:00:00+00:00
[2024-12-28T16:46:53.085+0000] {processor.py:208} INFO - Processing /home/airflow/.local/lib/python3.12/site-packages/airflow/example_dags/example_latest_only.py took 0.098 seconds
[2024-12-28T16:47:24.132+0000] {processor.py:186} INFO - Started process (PID=665) to work on /home/airflow/.local/lib/python3.12/site-packages/airflow/example_dags/example_latest_only.py
[2024-12-28T16:47:24.133+0000] {processor.py:914} INFO - Processing file /home/airflow/.local/lib/python3.12/site-packages/airflow/example_dags/example_latest_only.py for tasks to queue
[2024-12-28T16:47:24.135+0000] {logging_mixin.py:190} INFO - [2024-12-28T16:47:24.135+0000] {dagbag.py:588} INFO - Filling up the DagBag from /home/airflow/.local/lib/python3.12/site-packages/airflow/example_dags/example_latest_only.py
[2024-12-28T16:47:24.142+0000] {processor.py:925} INFO - DAG(s) 'latest_only' retrieved from /home/airflow/.local/lib/python3.12/site-packages/airflow/example_dags/example_latest_only.py
[2024-12-28T16:47:24.161+0000] {logging_mixin.py:190} INFO - [2024-12-28T16:47:24.161+0000] {dag.py:3239} INFO - Sync 1 DAGs
[2024-12-28T16:47:24.184+0000] {logging_mixin.py:190} INFO - [2024-12-28T16:47:24.184+0000] {dag.py:4180} INFO - Setting next_dagrun for latest_only to 2024-12-28 12:00:00+00:00, run_after=2024-12-28 16:00:00+00:00
[2024-12-28T16:47:24.202+0000] {processor.py:208} INFO - Processing /home/airflow/.local/lib/python3.12/site-packages/airflow/example_dags/example_latest_only.py took 0.075 seconds
[2024-12-28T16:52:23.160+0000] {processor.py:186} INFO - Started process (PID=94) to work on /home/airflow/.local/lib/python3.12/site-packages/airflow/example_dags/example_latest_only.py
[2024-12-28T16:52:23.161+0000] {processor.py:914} INFO - Processing file /home/airflow/.local/lib/python3.12/site-packages/airflow/example_dags/example_latest_only.py for tasks to queue
[2024-12-28T16:52:23.163+0000] {logging_mixin.py:190} INFO - [2024-12-28T16:52:23.163+0000] {dagbag.py:588} INFO - Filling up the DagBag from /home/airflow/.local/lib/python3.12/site-packages/airflow/example_dags/example_latest_only.py
[2024-12-28T16:52:23.171+0000] {processor.py:925} INFO - DAG(s) 'latest_only' retrieved from /home/airflow/.local/lib/python3.12/site-packages/airflow/example_dags/example_latest_only.py
[2024-12-28T16:52:23.196+0000] {logging_mixin.py:190} INFO - [2024-12-28T16:52:23.196+0000] {dag.py:3239} INFO - Sync 1 DAGs
[2024-12-28T16:52:23.218+0000] {logging_mixin.py:190} INFO - [2024-12-28T16:52:23.217+0000] {dag.py:4180} INFO - Setting next_dagrun for latest_only to 2024-12-28 12:00:00+00:00, run_after=2024-12-28 16:00:00+00:00
[2024-12-28T16:52:23.235+0000] {processor.py:208} INFO - Processing /home/airflow/.local/lib/python3.12/site-packages/airflow/example_dags/example_latest_only.py took 0.080 seconds
[2024-12-28T16:52:54.340+0000] {processor.py:186} INFO - Started process (PID=158) to work on /home/airflow/.local/lib/python3.12/site-packages/airflow/example_dags/example_latest_only.py
[2024-12-28T16:52:54.341+0000] {processor.py:914} INFO - Processing file /home/airflow/.local/lib/python3.12/site-packages/airflow/example_dags/example_latest_only.py for tasks to queue
[2024-12-28T16:52:54.343+0000] {logging_mixin.py:190} INFO - [2024-12-28T16:52:54.343+0000] {dagbag.py:588} INFO - Filling up the DagBag from /home/airflow/.local/lib/python3.12/site-packages/airflow/example_dags/example_latest_only.py
[2024-12-28T16:52:54.350+0000] {processor.py:925} INFO - DAG(s) 'latest_only' retrieved from /home/airflow/.local/lib/python3.12/site-packages/airflow/example_dags/example_latest_only.py
[2024-12-28T16:52:54.373+0000] {logging_mixin.py:190} INFO - [2024-12-28T16:52:54.373+0000] {dag.py:3239} INFO - Sync 1 DAGs
[2024-12-28T16:52:54.396+0000] {logging_mixin.py:190} INFO - [2024-12-28T16:52:54.396+0000] {dag.py:4180} INFO - Setting next_dagrun for latest_only to 2024-12-28 12:00:00+00:00, run_after=2024-12-28 16:00:00+00:00
[2024-12-28T16:52:54.415+0000] {processor.py:208} INFO - Processing /home/airflow/.local/lib/python3.12/site-packages/airflow/example_dags/example_latest_only.py took 0.080 seconds
[2024-12-28T16:53:25.688+0000] {processor.py:186} INFO - Started process (PID=222) to work on /home/airflow/.local/lib/python3.12/site-packages/airflow/example_dags/example_latest_only.py
[2024-12-28T16:53:25.689+0000] {processor.py:914} INFO - Processing file /home/airflow/.local/lib/python3.12/site-packages/airflow/example_dags/example_latest_only.py for tasks to queue
[2024-12-28T16:53:25.691+0000] {logging_mixin.py:190} INFO - [2024-12-28T16:53:25.691+0000] {dagbag.py:588} INFO - Filling up the DagBag from /home/airflow/.local/lib/python3.12/site-packages/airflow/example_dags/example_latest_only.py
[2024-12-28T16:53:25.697+0000] {processor.py:925} INFO - DAG(s) 'latest_only' retrieved from /home/airflow/.local/lib/python3.12/site-packages/airflow/example_dags/example_latest_only.py
[2024-12-28T16:53:25.716+0000] {logging_mixin.py:190} INFO - [2024-12-28T16:53:25.715+0000] {dag.py:3239} INFO - Sync 1 DAGs
[2024-12-28T16:53:25.738+0000] {logging_mixin.py:190} INFO - [2024-12-28T16:53:25.738+0000] {dag.py:4180} INFO - Setting next_dagrun for latest_only to 2024-12-28 12:00:00+00:00, run_after=2024-12-28 16:00:00+00:00
[2024-12-28T16:53:25.759+0000] {processor.py:208} INFO - Processing /home/airflow/.local/lib/python3.12/site-packages/airflow/example_dags/example_latest_only.py took 0.076 seconds
[2024-12-28T16:53:57.848+0000] {processor.py:186} INFO - Started process (PID=290) to work on /home/airflow/.local/lib/python3.12/site-packages/airflow/example_dags/example_latest_only.py
[2024-12-28T16:53:57.850+0000] {processor.py:914} INFO - Processing file /home/airflow/.local/lib/python3.12/site-packages/airflow/example_dags/example_latest_only.py for tasks to queue
[2024-12-28T16:53:57.854+0000] {logging_mixin.py:190} INFO - [2024-12-28T16:53:57.854+0000] {dagbag.py:588} INFO - Filling up the DagBag from /home/airflow/.local/lib/python3.12/site-packages/airflow/example_dags/example_latest_only.py
[2024-12-28T16:53:57.867+0000] {processor.py:925} INFO - DAG(s) 'latest_only' retrieved from /home/airflow/.local/lib/python3.12/site-packages/airflow/example_dags/example_latest_only.py
[2024-12-28T16:53:57.909+0000] {logging_mixin.py:190} INFO - [2024-12-28T16:53:57.908+0000] {dag.py:3239} INFO - Sync 1 DAGs
[2024-12-28T16:53:57.947+0000] {logging_mixin.py:190} INFO - [2024-12-28T16:53:57.947+0000] {dag.py:4180} INFO - Setting next_dagrun for latest_only to 2024-12-28 12:00:00+00:00, run_after=2024-12-28 16:00:00+00:00
[2024-12-28T16:53:57.983+0000] {processor.py:208} INFO - Processing /home/airflow/.local/lib/python3.12/site-packages/airflow/example_dags/example_latest_only.py took 0.145 seconds
[2024-12-28T16:54:29.315+0000] {processor.py:186} INFO - Started process (PID=354) to work on /home/airflow/.local/lib/python3.12/site-packages/airflow/example_dags/example_latest_only.py
[2024-12-28T16:54:29.316+0000] {processor.py:914} INFO - Processing file /home/airflow/.local/lib/python3.12/site-packages/airflow/example_dags/example_latest_only.py for tasks to queue
[2024-12-28T16:54:29.318+0000] {logging_mixin.py:190} INFO - [2024-12-28T16:54:29.318+0000] {dagbag.py:588} INFO - Filling up the DagBag from /home/airflow/.local/lib/python3.12/site-packages/airflow/example_dags/example_latest_only.py
[2024-12-28T16:54:29.326+0000] {processor.py:925} INFO - DAG(s) 'latest_only' retrieved from /home/airflow/.local/lib/python3.12/site-packages/airflow/example_dags/example_latest_only.py
[2024-12-28T16:54:29.346+0000] {logging_mixin.py:190} INFO - [2024-12-28T16:54:29.346+0000] {dag.py:3239} INFO - Sync 1 DAGs
[2024-12-28T16:54:29.372+0000] {logging_mixin.py:190} INFO - [2024-12-28T16:54:29.371+0000] {dag.py:4180} INFO - Setting next_dagrun for latest_only to 2024-12-28 12:00:00+00:00, run_after=2024-12-28 16:00:00+00:00
[2024-12-28T16:54:29.391+0000] {processor.py:208} INFO - Processing /home/airflow/.local/lib/python3.12/site-packages/airflow/example_dags/example_latest_only.py took 0.081 seconds
[2024-12-28T16:55:01.775+0000] {processor.py:186} INFO - Started process (PID=418) to work on /home/airflow/.local/lib/python3.12/site-packages/airflow/example_dags/example_latest_only.py
[2024-12-28T16:55:01.780+0000] {processor.py:914} INFO - Processing file /home/airflow/.local/lib/python3.12/site-packages/airflow/example_dags/example_latest_only.py for tasks to queue
[2024-12-28T16:55:01.783+0000] {logging_mixin.py:190} INFO - [2024-12-28T16:55:01.783+0000] {dagbag.py:588} INFO - Filling up the DagBag from /home/airflow/.local/lib/python3.12/site-packages/airflow/example_dags/example_latest_only.py
[2024-12-28T16:55:01.801+0000] {processor.py:925} INFO - DAG(s) 'latest_only' retrieved from /home/airflow/.local/lib/python3.12/site-packages/airflow/example_dags/example_latest_only.py
[2024-12-28T16:55:01.846+0000] {logging_mixin.py:190} INFO - [2024-12-28T16:55:01.845+0000] {dag.py:3239} INFO - Sync 1 DAGs
[2024-12-28T16:55:01.891+0000] {logging_mixin.py:190} INFO - [2024-12-28T16:55:01.891+0000] {dag.py:4180} INFO - Setting next_dagrun for latest_only to 2024-12-28 12:00:00+00:00, run_after=2024-12-28 16:00:00+00:00
[2024-12-28T16:55:01.930+0000] {processor.py:208} INFO - Processing /home/airflow/.local/lib/python3.12/site-packages/airflow/example_dags/example_latest_only.py took 0.170 seconds
[2024-12-28T16:55:34.034+0000] {processor.py:186} INFO - Started process (PID=482) to work on /home/airflow/.local/lib/python3.12/site-packages/airflow/example_dags/example_latest_only.py
[2024-12-28T16:55:34.037+0000] {processor.py:914} INFO - Processing file /home/airflow/.local/lib/python3.12/site-packages/airflow/example_dags/example_latest_only.py for tasks to queue
[2024-12-28T16:55:34.044+0000] {logging_mixin.py:190} INFO - [2024-12-28T16:55:34.043+0000] {dagbag.py:588} INFO - Filling up the DagBag from /home/airflow/.local/lib/python3.12/site-packages/airflow/example_dags/example_latest_only.py
[2024-12-28T16:55:34.059+0000] {processor.py:925} INFO - DAG(s) 'latest_only' retrieved from /home/airflow/.local/lib/python3.12/site-packages/airflow/example_dags/example_latest_only.py
[2024-12-28T16:55:34.104+0000] {logging_mixin.py:190} INFO - [2024-12-28T16:55:34.103+0000] {dag.py:3239} INFO - Sync 1 DAGs
[2024-12-28T16:55:34.148+0000] {logging_mixin.py:190} INFO - [2024-12-28T16:55:34.148+0000] {dag.py:4180} INFO - Setting next_dagrun for latest_only to 2024-12-28 12:00:00+00:00, run_after=2024-12-28 16:00:00+00:00
[2024-12-28T16:55:34.192+0000] {processor.py:208} INFO - Processing /home/airflow/.local/lib/python3.12/site-packages/airflow/example_dags/example_latest_only.py took 0.177 seconds
[2024-12-28T16:56:04.814+0000] {processor.py:186} INFO - Started process (PID=546) to work on /home/airflow/.local/lib/python3.12/site-packages/airflow/example_dags/example_latest_only.py
[2024-12-28T16:56:04.815+0000] {processor.py:914} INFO - Processing file /home/airflow/.local/lib/python3.12/site-packages/airflow/example_dags/example_latest_only.py for tasks to queue
[2024-12-28T16:56:04.817+0000] {logging_mixin.py:190} INFO - [2024-12-28T16:56:04.817+0000] {dagbag.py:588} INFO - Filling up the DagBag from /home/airflow/.local/lib/python3.12/site-packages/airflow/example_dags/example_latest_only.py
[2024-12-28T16:56:04.826+0000] {processor.py:925} INFO - DAG(s) 'latest_only' retrieved from /home/airflow/.local/lib/python3.12/site-packages/airflow/example_dags/example_latest_only.py
[2024-12-28T16:56:04.849+0000] {logging_mixin.py:190} INFO - [2024-12-28T16:56:04.849+0000] {dag.py:3239} INFO - Sync 1 DAGs
[2024-12-28T16:56:04.875+0000] {logging_mixin.py:190} INFO - [2024-12-28T16:56:04.875+0000] {dag.py:4180} INFO - Setting next_dagrun for latest_only to 2024-12-28 12:00:00+00:00, run_after=2024-12-28 16:00:00+00:00
[2024-12-28T16:56:04.895+0000] {processor.py:208} INFO - Processing /home/airflow/.local/lib/python3.12/site-packages/airflow/example_dags/example_latest_only.py took 0.088 seconds
[2024-12-28T16:56:36.116+0000] {processor.py:186} INFO - Started process (PID=610) to work on /home/airflow/.local/lib/python3.12/site-packages/airflow/example_dags/example_latest_only.py
[2024-12-28T16:56:36.117+0000] {processor.py:914} INFO - Processing file /home/airflow/.local/lib/python3.12/site-packages/airflow/example_dags/example_latest_only.py for tasks to queue
[2024-12-28T16:56:36.119+0000] {logging_mixin.py:190} INFO - [2024-12-28T16:56:36.119+0000] {dagbag.py:588} INFO - Filling up the DagBag from /home/airflow/.local/lib/python3.12/site-packages/airflow/example_dags/example_latest_only.py
[2024-12-28T16:56:36.126+0000] {processor.py:925} INFO - DAG(s) 'latest_only' retrieved from /home/airflow/.local/lib/python3.12/site-packages/airflow/example_dags/example_latest_only.py
[2024-12-28T16:56:36.147+0000] {logging_mixin.py:190} INFO - [2024-12-28T16:56:36.147+0000] {dag.py:3239} INFO - Sync 1 DAGs
[2024-12-28T16:56:36.170+0000] {logging_mixin.py:190} INFO - [2024-12-28T16:56:36.170+0000] {dag.py:4180} INFO - Setting next_dagrun for latest_only to 2024-12-28 12:00:00+00:00, run_after=2024-12-28 16:00:00+00:00
[2024-12-28T16:56:36.188+0000] {processor.py:208} INFO - Processing /home/airflow/.local/lib/python3.12/site-packages/airflow/example_dags/example_latest_only.py took 0.079 seconds
[2024-12-28T16:57:06.930+0000] {processor.py:186} INFO - Started process (PID=674) to work on /home/airflow/.local/lib/python3.12/site-packages/airflow/example_dags/example_latest_only.py
[2024-12-28T16:57:06.931+0000] {processor.py:914} INFO - Processing file /home/airflow/.local/lib/python3.12/site-packages/airflow/example_dags/example_latest_only.py for tasks to queue
[2024-12-28T16:57:06.933+0000] {logging_mixin.py:190} INFO - [2024-12-28T16:57:06.933+0000] {dagbag.py:588} INFO - Filling up the DagBag from /home/airflow/.local/lib/python3.12/site-packages/airflow/example_dags/example_latest_only.py
[2024-12-28T16:57:06.940+0000] {processor.py:925} INFO - DAG(s) 'latest_only' retrieved from /home/airflow/.local/lib/python3.12/site-packages/airflow/example_dags/example_latest_only.py
[2024-12-28T16:57:06.959+0000] {logging_mixin.py:190} INFO - [2024-12-28T16:57:06.959+0000] {dag.py:3239} INFO - Sync 1 DAGs
[2024-12-28T16:57:06.982+0000] {logging_mixin.py:190} INFO - [2024-12-28T16:57:06.982+0000] {dag.py:4180} INFO - Setting next_dagrun for latest_only to 2024-12-28 12:00:00+00:00, run_after=2024-12-28 16:00:00+00:00
[2024-12-28T16:57:06.998+0000] {processor.py:208} INFO - Processing /home/airflow/.local/lib/python3.12/site-packages/airflow/example_dags/example_latest_only.py took 0.074 seconds
[2024-12-28T16:57:38.527+0000] {processor.py:186} INFO - Started process (PID=738) to work on /home/airflow/.local/lib/python3.12/site-packages/airflow/example_dags/example_latest_only.py
[2024-12-28T16:57:38.528+0000] {processor.py:914} INFO - Processing file /home/airflow/.local/lib/python3.12/site-packages/airflow/example_dags/example_latest_only.py for tasks to queue
[2024-12-28T16:57:38.530+0000] {logging_mixin.py:190} INFO - [2024-12-28T16:57:38.530+0000] {dagbag.py:588} INFO - Filling up the DagBag from /home/airflow/.local/lib/python3.12/site-packages/airflow/example_dags/example_latest_only.py
[2024-12-28T16:57:38.537+0000] {processor.py:925} INFO - DAG(s) 'latest_only' retrieved from /home/airflow/.local/lib/python3.12/site-packages/airflow/example_dags/example_latest_only.py
[2024-12-28T16:57:38.556+0000] {logging_mixin.py:190} INFO - [2024-12-28T16:57:38.556+0000] {dag.py:3239} INFO - Sync 1 DAGs
[2024-12-28T16:57:38.576+0000] {logging_mixin.py:190} INFO - [2024-12-28T16:57:38.576+0000] {dag.py:4180} INFO - Setting next_dagrun for latest_only to 2024-12-28 12:00:00+00:00, run_after=2024-12-28 16:00:00+00:00
[2024-12-28T16:57:38.592+0000] {processor.py:208} INFO - Processing /home/airflow/.local/lib/python3.12/site-packages/airflow/example_dags/example_latest_only.py took 0.070 seconds
[2024-12-28T16:58:09.264+0000] {processor.py:186} INFO - Started process (PID=802) to work on /home/airflow/.local/lib/python3.12/site-packages/airflow/example_dags/example_latest_only.py
[2024-12-28T16:58:09.265+0000] {processor.py:914} INFO - Processing file /home/airflow/.local/lib/python3.12/site-packages/airflow/example_dags/example_latest_only.py for tasks to queue
[2024-12-28T16:58:09.266+0000] {logging_mixin.py:190} INFO - [2024-12-28T16:58:09.266+0000] {dagbag.py:588} INFO - Filling up the DagBag from /home/airflow/.local/lib/python3.12/site-packages/airflow/example_dags/example_latest_only.py
[2024-12-28T16:58:09.274+0000] {processor.py:925} INFO - DAG(s) 'latest_only' retrieved from /home/airflow/.local/lib/python3.12/site-packages/airflow/example_dags/example_latest_only.py
[2024-12-28T16:58:09.294+0000] {logging_mixin.py:190} INFO - [2024-12-28T16:58:09.294+0000] {dag.py:3239} INFO - Sync 1 DAGs
[2024-12-28T16:58:09.316+0000] {logging_mixin.py:190} INFO - [2024-12-28T16:58:09.316+0000] {dag.py:4180} INFO - Setting next_dagrun for latest_only to 2024-12-28 12:00:00+00:00, run_after=2024-12-28 16:00:00+00:00
[2024-12-28T16:58:09.333+0000] {processor.py:208} INFO - Processing /home/airflow/.local/lib/python3.12/site-packages/airflow/example_dags/example_latest_only.py took 0.074 seconds
[2024-12-28T16:58:40.467+0000] {processor.py:186} INFO - Started process (PID=866) to work on /home/airflow/.local/lib/python3.12/site-packages/airflow/example_dags/example_latest_only.py
[2024-12-28T16:58:40.468+0000] {processor.py:914} INFO - Processing file /home/airflow/.local/lib/python3.12/site-packages/airflow/example_dags/example_latest_only.py for tasks to queue
[2024-12-28T16:58:40.471+0000] {logging_mixin.py:190} INFO - [2024-12-28T16:58:40.471+0000] {dagbag.py:588} INFO - Filling up the DagBag from /home/airflow/.local/lib/python3.12/site-packages/airflow/example_dags/example_latest_only.py
[2024-12-28T16:58:40.479+0000] {processor.py:925} INFO - DAG(s) 'latest_only' retrieved from /home/airflow/.local/lib/python3.12/site-packages/airflow/example_dags/example_latest_only.py
[2024-12-28T16:58:40.500+0000] {logging_mixin.py:190} INFO - [2024-12-28T16:58:40.500+0000] {dag.py:3239} INFO - Sync 1 DAGs
[2024-12-28T16:58:40.523+0000] {logging_mixin.py:190} INFO - [2024-12-28T16:58:40.523+0000] {dag.py:4180} INFO - Setting next_dagrun for latest_only to 2024-12-28 12:00:00+00:00, run_after=2024-12-28 16:00:00+00:00
[2024-12-28T16:58:40.542+0000] {processor.py:208} INFO - Processing /home/airflow/.local/lib/python3.12/site-packages/airflow/example_dags/example_latest_only.py took 0.080 seconds
[2024-12-28T16:59:11.652+0000] {processor.py:186} INFO - Started process (PID=930) to work on /home/airflow/.local/lib/python3.12/site-packages/airflow/example_dags/example_latest_only.py
[2024-12-28T16:59:11.653+0000] {processor.py:914} INFO - Processing file /home/airflow/.local/lib/python3.12/site-packages/airflow/example_dags/example_latest_only.py for tasks to queue
[2024-12-28T16:59:11.655+0000] {logging_mixin.py:190} INFO - [2024-12-28T16:59:11.654+0000] {dagbag.py:588} INFO - Filling up the DagBag from /home/airflow/.local/lib/python3.12/site-packages/airflow/example_dags/example_latest_only.py
[2024-12-28T16:59:11.661+0000] {processor.py:925} INFO - DAG(s) 'latest_only' retrieved from /home/airflow/.local/lib/python3.12/site-packages/airflow/example_dags/example_latest_only.py
[2024-12-28T16:59:11.679+0000] {logging_mixin.py:190} INFO - [2024-12-28T16:59:11.678+0000] {dag.py:3239} INFO - Sync 1 DAGs
[2024-12-28T16:59:11.699+0000] {logging_mixin.py:190} INFO - [2024-12-28T16:59:11.699+0000] {dag.py:4180} INFO - Setting next_dagrun for latest_only to 2024-12-28 12:00:00+00:00, run_after=2024-12-28 16:00:00+00:00
[2024-12-28T16:59:11.715+0000] {processor.py:208} INFO - Processing /home/airflow/.local/lib/python3.12/site-packages/airflow/example_dags/example_latest_only.py took 0.068 seconds
[2024-12-28T16:59:42.989+0000] {processor.py:186} INFO - Started process (PID=994) to work on /home/airflow/.local/lib/python3.12/site-packages/airflow/example_dags/example_latest_only.py
[2024-12-28T16:59:42.989+0000] {processor.py:914} INFO - Processing file /home/airflow/.local/lib/python3.12/site-packages/airflow/example_dags/example_latest_only.py for tasks to queue
[2024-12-28T16:59:42.991+0000] {logging_mixin.py:190} INFO - [2024-12-28T16:59:42.991+0000] {dagbag.py:588} INFO - Filling up the DagBag from /home/airflow/.local/lib/python3.12/site-packages/airflow/example_dags/example_latest_only.py
[2024-12-28T16:59:42.997+0000] {processor.py:925} INFO - DAG(s) 'latest_only' retrieved from /home/airflow/.local/lib/python3.12/site-packages/airflow/example_dags/example_latest_only.py
[2024-12-28T16:59:43.016+0000] {logging_mixin.py:190} INFO - [2024-12-28T16:59:43.016+0000] {dag.py:3239} INFO - Sync 1 DAGs
[2024-12-28T16:59:43.037+0000] {logging_mixin.py:190} INFO - [2024-12-28T16:59:43.037+0000] {dag.py:4180} INFO - Setting next_dagrun for latest_only to 2024-12-28 12:00:00+00:00, run_after=2024-12-28 16:00:00+00:00
[2024-12-28T16:59:43.052+0000] {processor.py:208} INFO - Processing /home/airflow/.local/lib/python3.12/site-packages/airflow/example_dags/example_latest_only.py took 0.069 seconds
[2024-12-28T17:00:13.794+0000] {processor.py:186} INFO - Started process (PID=1058) to work on /home/airflow/.local/lib/python3.12/site-packages/airflow/example_dags/example_latest_only.py
[2024-12-28T17:00:13.794+0000] {processor.py:914} INFO - Processing file /home/airflow/.local/lib/python3.12/site-packages/airflow/example_dags/example_latest_only.py for tasks to queue
[2024-12-28T17:00:13.796+0000] {logging_mixin.py:190} INFO - [2024-12-28T17:00:13.796+0000] {dagbag.py:588} INFO - Filling up the DagBag from /home/airflow/.local/lib/python3.12/site-packages/airflow/example_dags/example_latest_only.py
[2024-12-28T17:00:13.803+0000] {processor.py:925} INFO - DAG(s) 'latest_only' retrieved from /home/airflow/.local/lib/python3.12/site-packages/airflow/example_dags/example_latest_only.py
[2024-12-28T17:00:13.821+0000] {logging_mixin.py:190} INFO - [2024-12-28T17:00:13.821+0000] {dag.py:3239} INFO - Sync 1 DAGs
[2024-12-28T17:00:13.842+0000] {logging_mixin.py:190} INFO - [2024-12-28T17:00:13.842+0000] {dag.py:4180} INFO - Setting next_dagrun for latest_only to 2024-12-28 12:00:00+00:00, run_after=2024-12-28 16:00:00+00:00
[2024-12-28T17:00:13.860+0000] {processor.py:208} INFO - Processing /home/airflow/.local/lib/python3.12/site-packages/airflow/example_dags/example_latest_only.py took 0.072 seconds
[2024-12-28T17:00:45.242+0000] {processor.py:186} INFO - Started process (PID=1122) to work on /home/airflow/.local/lib/python3.12/site-packages/airflow/example_dags/example_latest_only.py
[2024-12-28T17:00:45.242+0000] {processor.py:914} INFO - Processing file /home/airflow/.local/lib/python3.12/site-packages/airflow/example_dags/example_latest_only.py for tasks to queue
[2024-12-28T17:00:45.244+0000] {logging_mixin.py:190} INFO - [2024-12-28T17:00:45.244+0000] {dagbag.py:588} INFO - Filling up the DagBag from /home/airflow/.local/lib/python3.12/site-packages/airflow/example_dags/example_latest_only.py
[2024-12-28T17:00:45.251+0000] {processor.py:925} INFO - DAG(s) 'latest_only' retrieved from /home/airflow/.local/lib/python3.12/site-packages/airflow/example_dags/example_latest_only.py
[2024-12-28T17:00:45.269+0000] {logging_mixin.py:190} INFO - [2024-12-28T17:00:45.269+0000] {dag.py:3239} INFO - Sync 1 DAGs
[2024-12-28T17:00:45.291+0000] {logging_mixin.py:190} INFO - [2024-12-28T17:00:45.291+0000] {dag.py:4180} INFO - Setting next_dagrun for latest_only to 2024-12-28 12:00:00+00:00, run_after=2024-12-28 16:00:00+00:00
[2024-12-28T17:00:45.307+0000] {processor.py:208} INFO - Processing /home/airflow/.local/lib/python3.12/site-packages/airflow/example_dags/example_latest_only.py took 0.070 seconds
[2024-12-28T17:01:16.847+0000] {processor.py:186} INFO - Started process (PID=1186) to work on /home/airflow/.local/lib/python3.12/site-packages/airflow/example_dags/example_latest_only.py
[2024-12-28T17:01:16.848+0000] {processor.py:914} INFO - Processing file /home/airflow/.local/lib/python3.12/site-packages/airflow/example_dags/example_latest_only.py for tasks to queue
[2024-12-28T17:01:16.850+0000] {logging_mixin.py:190} INFO - [2024-12-28T17:01:16.849+0000] {dagbag.py:588} INFO - Filling up the DagBag from /home/airflow/.local/lib/python3.12/site-packages/airflow/example_dags/example_latest_only.py
[2024-12-28T17:01:16.856+0000] {processor.py:925} INFO - DAG(s) 'latest_only' retrieved from /home/airflow/.local/lib/python3.12/site-packages/airflow/example_dags/example_latest_only.py
[2024-12-28T17:01:16.874+0000] {logging_mixin.py:190} INFO - [2024-12-28T17:01:16.874+0000] {dag.py:3239} INFO - Sync 1 DAGs
[2024-12-28T17:01:16.896+0000] {logging_mixin.py:190} INFO - [2024-12-28T17:01:16.896+0000] {dag.py:4180} INFO - Setting next_dagrun for latest_only to 2024-12-28 12:00:00+00:00, run_after=2024-12-28 16:00:00+00:00
[2024-12-28T17:01:16.914+0000] {processor.py:208} INFO - Processing /home/airflow/.local/lib/python3.12/site-packages/airflow/example_dags/example_latest_only.py took 0.073 seconds
[2024-12-28T17:01:47.831+0000] {processor.py:186} INFO - Started process (PID=1250) to work on /home/airflow/.local/lib/python3.12/site-packages/airflow/example_dags/example_latest_only.py
[2024-12-28T17:01:47.832+0000] {processor.py:914} INFO - Processing file /home/airflow/.local/lib/python3.12/site-packages/airflow/example_dags/example_latest_only.py for tasks to queue
[2024-12-28T17:01:47.835+0000] {logging_mixin.py:190} INFO - [2024-12-28T17:01:47.834+0000] {dagbag.py:588} INFO - Filling up the DagBag from /home/airflow/.local/lib/python3.12/site-packages/airflow/example_dags/example_latest_only.py
[2024-12-28T17:01:47.841+0000] {processor.py:925} INFO - DAG(s) 'latest_only' retrieved from /home/airflow/.local/lib/python3.12/site-packages/airflow/example_dags/example_latest_only.py
[2024-12-28T17:01:47.861+0000] {logging_mixin.py:190} INFO - [2024-12-28T17:01:47.861+0000] {dag.py:3239} INFO - Sync 1 DAGs
[2024-12-28T17:01:47.885+0000] {logging_mixin.py:190} INFO - [2024-12-28T17:01:47.885+0000] {dag.py:4180} INFO - Setting next_dagrun for latest_only to 2024-12-28 12:00:00+00:00, run_after=2024-12-28 16:00:00+00:00
[2024-12-28T17:01:47.904+0000] {processor.py:208} INFO - Processing /home/airflow/.local/lib/python3.12/site-packages/airflow/example_dags/example_latest_only.py took 0.078 seconds
[2024-12-28T17:02:19.359+0000] {processor.py:186} INFO - Started process (PID=1314) to work on /home/airflow/.local/lib/python3.12/site-packages/airflow/example_dags/example_latest_only.py
[2024-12-28T17:02:19.360+0000] {processor.py:914} INFO - Processing file /home/airflow/.local/lib/python3.12/site-packages/airflow/example_dags/example_latest_only.py for tasks to queue
[2024-12-28T17:02:19.362+0000] {logging_mixin.py:190} INFO - [2024-12-28T17:02:19.361+0000] {dagbag.py:588} INFO - Filling up the DagBag from /home/airflow/.local/lib/python3.12/site-packages/airflow/example_dags/example_latest_only.py
[2024-12-28T17:02:19.370+0000] {processor.py:925} INFO - DAG(s) 'latest_only' retrieved from /home/airflow/.local/lib/python3.12/site-packages/airflow/example_dags/example_latest_only.py
[2024-12-28T17:02:19.390+0000] {logging_mixin.py:190} INFO - [2024-12-28T17:02:19.389+0000] {dag.py:3239} INFO - Sync 1 DAGs
[2024-12-28T17:02:19.416+0000] {logging_mixin.py:190} INFO - [2024-12-28T17:02:19.415+0000] {dag.py:4180} INFO - Setting next_dagrun for latest_only to 2024-12-28 12:00:00+00:00, run_after=2024-12-28 16:00:00+00:00
[2024-12-28T17:02:19.438+0000] {processor.py:208} INFO - Processing /home/airflow/.local/lib/python3.12/site-packages/airflow/example_dags/example_latest_only.py took 0.085 seconds
[2024-12-28T17:02:49.996+0000] {processor.py:186} INFO - Started process (PID=1387) to work on /home/airflow/.local/lib/python3.12/site-packages/airflow/example_dags/example_latest_only.py
[2024-12-28T17:02:49.997+0000] {processor.py:914} INFO - Processing file /home/airflow/.local/lib/python3.12/site-packages/airflow/example_dags/example_latest_only.py for tasks to queue
[2024-12-28T17:02:49.999+0000] {logging_mixin.py:190} INFO - [2024-12-28T17:02:49.999+0000] {dagbag.py:588} INFO - Filling up the DagBag from /home/airflow/.local/lib/python3.12/site-packages/airflow/example_dags/example_latest_only.py
[2024-12-28T17:02:50.006+0000] {processor.py:925} INFO - DAG(s) 'latest_only' retrieved from /home/airflow/.local/lib/python3.12/site-packages/airflow/example_dags/example_latest_only.py
[2024-12-28T17:02:50.024+0000] {logging_mixin.py:190} INFO - [2024-12-28T17:02:50.023+0000] {dag.py:3239} INFO - Sync 1 DAGs
[2024-12-28T17:02:50.044+0000] {logging_mixin.py:190} INFO - [2024-12-28T17:02:50.044+0000] {dag.py:4180} INFO - Setting next_dagrun for latest_only to 2024-12-28 12:00:00+00:00, run_after=2024-12-28 16:00:00+00:00
[2024-12-28T17:02:50.060+0000] {processor.py:208} INFO - Processing /home/airflow/.local/lib/python3.12/site-packages/airflow/example_dags/example_latest_only.py took 0.068 seconds
[2024-12-28T17:03:20.961+0000] {processor.py:186} INFO - Started process (PID=1463) to work on /home/airflow/.local/lib/python3.12/site-packages/airflow/example_dags/example_latest_only.py
[2024-12-28T17:03:20.961+0000] {processor.py:914} INFO - Processing file /home/airflow/.local/lib/python3.12/site-packages/airflow/example_dags/example_latest_only.py for tasks to queue
[2024-12-28T17:03:20.963+0000] {logging_mixin.py:190} INFO - [2024-12-28T17:03:20.963+0000] {dagbag.py:588} INFO - Filling up the DagBag from /home/airflow/.local/lib/python3.12/site-packages/airflow/example_dags/example_latest_only.py
[2024-12-28T17:03:20.970+0000] {processor.py:925} INFO - DAG(s) 'latest_only' retrieved from /home/airflow/.local/lib/python3.12/site-packages/airflow/example_dags/example_latest_only.py
[2024-12-28T17:03:20.989+0000] {logging_mixin.py:190} INFO - [2024-12-28T17:03:20.989+0000] {dag.py:3239} INFO - Sync 1 DAGs
[2024-12-28T17:03:21.010+0000] {logging_mixin.py:190} INFO - [2024-12-28T17:03:21.010+0000] {dag.py:4180} INFO - Setting next_dagrun for latest_only to 2024-12-28 12:00:00+00:00, run_after=2024-12-28 16:00:00+00:00
[2024-12-28T17:03:21.027+0000] {processor.py:208} INFO - Processing /home/airflow/.local/lib/python3.12/site-packages/airflow/example_dags/example_latest_only.py took 0.072 seconds
[2024-12-28T17:03:51.791+0000] {processor.py:186} INFO - Started process (PID=1547) to work on /home/airflow/.local/lib/python3.12/site-packages/airflow/example_dags/example_latest_only.py
[2024-12-28T17:03:51.792+0000] {processor.py:914} INFO - Processing file /home/airflow/.local/lib/python3.12/site-packages/airflow/example_dags/example_latest_only.py for tasks to queue
[2024-12-28T17:03:51.794+0000] {logging_mixin.py:190} INFO - [2024-12-28T17:03:51.794+0000] {dagbag.py:588} INFO - Filling up the DagBag from /home/airflow/.local/lib/python3.12/site-packages/airflow/example_dags/example_latest_only.py
[2024-12-28T17:03:51.801+0000] {processor.py:925} INFO - DAG(s) 'latest_only' retrieved from /home/airflow/.local/lib/python3.12/site-packages/airflow/example_dags/example_latest_only.py
[2024-12-28T17:03:51.821+0000] {logging_mixin.py:190} INFO - [2024-12-28T17:03:51.820+0000] {dag.py:3239} INFO - Sync 1 DAGs
[2024-12-28T17:03:51.842+0000] {logging_mixin.py:190} INFO - [2024-12-28T17:03:51.842+0000] {dag.py:4180} INFO - Setting next_dagrun for latest_only to 2024-12-28 12:00:00+00:00, run_after=2024-12-28 16:00:00+00:00
[2024-12-28T17:03:51.859+0000] {processor.py:208} INFO - Processing /home/airflow/.local/lib/python3.12/site-packages/airflow/example_dags/example_latest_only.py took 0.074 seconds
