[2024-12-28T16:38:35.504+0000] {processor.py:186} INFO - Started process (PID=95) to work on /home/airflow/.local/lib/python3.12/site-packages/airflow/example_dags/example_inlet_event_extra.py
[2024-12-28T16:38:35.505+0000] {processor.py:914} INFO - Processing file /home/airflow/.local/lib/python3.12/site-packages/airflow/example_dags/example_inlet_event_extra.py for tasks to queue
[2024-12-28T16:38:35.508+0000] {logging_mixin.py:190} INFO - [2024-12-28T16:38:35.507+0000] {dagbag.py:588} INFO - Filling up the DagBag from /home/airflow/.local/lib/python3.12/site-packages/airflow/example_dags/example_inlet_event_extra.py
[2024-12-28T16:38:36.058+0000] {processor.py:925} INFO - DAG(s) 'read_dataset_event_from_classic', 'read_dataset_event' retrieved from /home/airflow/.local/lib/python3.12/site-packages/airflow/example_dags/example_inlet_event_extra.py
[2024-12-28T16:38:36.154+0000] {logging_mixin.py:190} INFO - [2024-12-28T16:38:36.153+0000] {override.py:1911} INFO - Created Permission View: can delete on DAG:read_dataset_event_from_classic
[2024-12-28T16:38:36.164+0000] {logging_mixin.py:190} INFO - [2024-12-28T16:38:36.164+0000] {override.py:1911} INFO - Created Permission View: can edit on DAG:read_dataset_event_from_classic
[2024-12-28T16:38:36.171+0000] {logging_mixin.py:190} INFO - [2024-12-28T16:38:36.171+0000] {override.py:1911} INFO - Created Permission View: can read on DAG:read_dataset_event_from_classic
[2024-12-28T16:38:36.179+0000] {logging_mixin.py:190} INFO - [2024-12-28T16:38:36.179+0000] {override.py:1911} INFO - Created Permission View: can create on DAG Run:read_dataset_event_from_classic
[2024-12-28T16:38:36.185+0000] {logging_mixin.py:190} INFO - [2024-12-28T16:38:36.185+0000] {override.py:1911} INFO - Created Permission View: can delete on DAG Run:read_dataset_event_from_classic
[2024-12-28T16:38:36.192+0000] {logging_mixin.py:190} INFO - [2024-12-28T16:38:36.192+0000] {override.py:1911} INFO - Created Permission View: menu access on DAG Run:read_dataset_event_from_classic
[2024-12-28T16:38:36.199+0000] {logging_mixin.py:190} INFO - [2024-12-28T16:38:36.198+0000] {override.py:1911} INFO - Created Permission View: can read on DAG Run:read_dataset_event_from_classic
[2024-12-28T16:38:36.211+0000] {logging_mixin.py:190} INFO - [2024-12-28T16:38:36.210+0000] {override.py:1911} INFO - Created Permission View: can delete on DAG:read_dataset_event
[2024-12-28T16:38:36.217+0000] {logging_mixin.py:190} INFO - [2024-12-28T16:38:36.217+0000] {override.py:1911} INFO - Created Permission View: can edit on DAG:read_dataset_event
[2024-12-28T16:38:36.224+0000] {logging_mixin.py:190} INFO - [2024-12-28T16:38:36.223+0000] {override.py:1911} INFO - Created Permission View: can read on DAG:read_dataset_event
[2024-12-28T16:38:36.231+0000] {logging_mixin.py:190} INFO - [2024-12-28T16:38:36.231+0000] {override.py:1911} INFO - Created Permission View: can create on DAG Run:read_dataset_event
[2024-12-28T16:38:36.238+0000] {logging_mixin.py:190} INFO - [2024-12-28T16:38:36.237+0000] {override.py:1911} INFO - Created Permission View: can delete on DAG Run:read_dataset_event
[2024-12-28T16:38:36.244+0000] {logging_mixin.py:190} INFO - [2024-12-28T16:38:36.244+0000] {override.py:1911} INFO - Created Permission View: menu access on DAG Run:read_dataset_event
[2024-12-28T16:38:36.251+0000] {logging_mixin.py:190} INFO - [2024-12-28T16:38:36.251+0000] {override.py:1911} INFO - Created Permission View: can read on DAG Run:read_dataset_event
[2024-12-28T16:38:36.251+0000] {logging_mixin.py:190} INFO - [2024-12-28T16:38:36.251+0000] {dag.py:3239} INFO - Sync 2 DAGs
[2024-12-28T16:38:36.264+0000] {logging_mixin.py:190} INFO - [2024-12-28T16:38:36.264+0000] {dag.py:3262} INFO - Creating ORM DAG for read_dataset_event
[2024-12-28T16:38:36.265+0000] {logging_mixin.py:190} INFO - [2024-12-28T16:38:36.265+0000] {dag.py:3262} INFO - Creating ORM DAG for read_dataset_event_from_classic
[2024-12-28T16:38:36.276+0000] {logging_mixin.py:190} INFO - [2024-12-28T16:38:36.276+0000] {dag.py:4180} INFO - Setting next_dagrun for read_dataset_event to 2024-12-27 00:00:00+00:00, run_after=2024-12-28 00:00:00+00:00
[2024-12-28T16:38:36.278+0000] {logging_mixin.py:190} INFO - [2024-12-28T16:38:36.278+0000] {dag.py:4180} INFO - Setting next_dagrun for read_dataset_event_from_classic to 2024-12-27 00:00:00+00:00, run_after=2024-12-28 00:00:00+00:00
[2024-12-28T16:38:36.294+0000] {processor.py:208} INFO - Processing /home/airflow/.local/lib/python3.12/site-packages/airflow/example_dags/example_inlet_event_extra.py took 0.796 seconds
[2024-12-28T16:39:06.531+0000] {processor.py:186} INFO - Started process (PID=160) to work on /home/airflow/.local/lib/python3.12/site-packages/airflow/example_dags/example_inlet_event_extra.py
[2024-12-28T16:39:06.532+0000] {processor.py:914} INFO - Processing file /home/airflow/.local/lib/python3.12/site-packages/airflow/example_dags/example_inlet_event_extra.py for tasks to queue
[2024-12-28T16:39:06.534+0000] {logging_mixin.py:190} INFO - [2024-12-28T16:39:06.534+0000] {dagbag.py:588} INFO - Filling up the DagBag from /home/airflow/.local/lib/python3.12/site-packages/airflow/example_dags/example_inlet_event_extra.py
[2024-12-28T16:39:07.055+0000] {processor.py:925} INFO - DAG(s) 'read_dataset_event', 'read_dataset_event_from_classic' retrieved from /home/airflow/.local/lib/python3.12/site-packages/airflow/example_dags/example_inlet_event_extra.py
[2024-12-28T16:39:07.076+0000] {logging_mixin.py:190} INFO - [2024-12-28T16:39:07.075+0000] {dag.py:3239} INFO - Sync 2 DAGs
[2024-12-28T16:39:07.100+0000] {logging_mixin.py:190} INFO - [2024-12-28T16:39:07.100+0000] {dag.py:4180} INFO - Setting next_dagrun for read_dataset_event to 2024-12-27 00:00:00+00:00, run_after=2024-12-28 00:00:00+00:00
[2024-12-28T16:39:07.105+0000] {logging_mixin.py:190} INFO - [2024-12-28T16:39:07.105+0000] {dag.py:4180} INFO - Setting next_dagrun for read_dataset_event_from_classic to 2024-12-27 00:00:00+00:00, run_after=2024-12-28 00:00:00+00:00
[2024-12-28T16:39:07.121+0000] {processor.py:208} INFO - Processing /home/airflow/.local/lib/python3.12/site-packages/airflow/example_dags/example_inlet_event_extra.py took 0.596 seconds
[2024-12-28T16:39:37.768+0000] {processor.py:186} INFO - Started process (PID=222) to work on /home/airflow/.local/lib/python3.12/site-packages/airflow/example_dags/example_inlet_event_extra.py
[2024-12-28T16:39:37.770+0000] {processor.py:914} INFO - Processing file /home/airflow/.local/lib/python3.12/site-packages/airflow/example_dags/example_inlet_event_extra.py for tasks to queue
[2024-12-28T16:39:37.772+0000] {logging_mixin.py:190} INFO - [2024-12-28T16:39:37.772+0000] {dagbag.py:588} INFO - Filling up the DagBag from /home/airflow/.local/lib/python3.12/site-packages/airflow/example_dags/example_inlet_event_extra.py
[2024-12-28T16:39:38.342+0000] {processor.py:925} INFO - DAG(s) 'read_dataset_event', 'read_dataset_event_from_classic' retrieved from /home/airflow/.local/lib/python3.12/site-packages/airflow/example_dags/example_inlet_event_extra.py
[2024-12-28T16:39:38.363+0000] {logging_mixin.py:190} INFO - [2024-12-28T16:39:38.362+0000] {dag.py:3239} INFO - Sync 2 DAGs
[2024-12-28T16:39:38.386+0000] {logging_mixin.py:190} INFO - [2024-12-28T16:39:38.386+0000] {dag.py:4180} INFO - Setting next_dagrun for read_dataset_event to 2024-12-27 00:00:00+00:00, run_after=2024-12-28 00:00:00+00:00
[2024-12-28T16:39:38.390+0000] {logging_mixin.py:190} INFO - [2024-12-28T16:39:38.390+0000] {dag.py:4180} INFO - Setting next_dagrun for read_dataset_event_from_classic to 2024-12-27 00:00:00+00:00, run_after=2024-12-28 00:00:00+00:00
[2024-12-28T16:39:38.405+0000] {processor.py:208} INFO - Processing /home/airflow/.local/lib/python3.12/site-packages/airflow/example_dags/example_inlet_event_extra.py took 0.642 seconds
[2024-12-28T16:40:09.190+0000] {processor.py:186} INFO - Started process (PID=288) to work on /home/airflow/.local/lib/python3.12/site-packages/airflow/example_dags/example_inlet_event_extra.py
[2024-12-28T16:40:09.190+0000] {processor.py:914} INFO - Processing file /home/airflow/.local/lib/python3.12/site-packages/airflow/example_dags/example_inlet_event_extra.py for tasks to queue
[2024-12-28T16:40:09.192+0000] {logging_mixin.py:190} INFO - [2024-12-28T16:40:09.192+0000] {dagbag.py:588} INFO - Filling up the DagBag from /home/airflow/.local/lib/python3.12/site-packages/airflow/example_dags/example_inlet_event_extra.py
[2024-12-28T16:40:09.738+0000] {processor.py:925} INFO - DAG(s) 'read_dataset_event_from_classic', 'read_dataset_event' retrieved from /home/airflow/.local/lib/python3.12/site-packages/airflow/example_dags/example_inlet_event_extra.py
[2024-12-28T16:40:09.758+0000] {logging_mixin.py:190} INFO - [2024-12-28T16:40:09.758+0000] {dag.py:3239} INFO - Sync 2 DAGs
[2024-12-28T16:40:09.781+0000] {logging_mixin.py:190} INFO - [2024-12-28T16:40:09.781+0000] {dag.py:4180} INFO - Setting next_dagrun for read_dataset_event to 2024-12-27 00:00:00+00:00, run_after=2024-12-28 00:00:00+00:00
[2024-12-28T16:40:09.786+0000] {logging_mixin.py:190} INFO - [2024-12-28T16:40:09.786+0000] {dag.py:4180} INFO - Setting next_dagrun for read_dataset_event_from_classic to 2024-12-27 00:00:00+00:00, run_after=2024-12-28 00:00:00+00:00
[2024-12-28T16:40:09.800+0000] {processor.py:208} INFO - Processing /home/airflow/.local/lib/python3.12/site-packages/airflow/example_dags/example_inlet_event_extra.py took 0.616 seconds
[2024-12-28T16:42:40.952+0000] {processor.py:186} INFO - Started process (PID=94) to work on /home/airflow/.local/lib/python3.12/site-packages/airflow/example_dags/example_inlet_event_extra.py
[2024-12-28T16:42:40.953+0000] {processor.py:914} INFO - Processing file /home/airflow/.local/lib/python3.12/site-packages/airflow/example_dags/example_inlet_event_extra.py for tasks to queue
[2024-12-28T16:42:40.956+0000] {logging_mixin.py:190} INFO - [2024-12-28T16:42:40.955+0000] {dagbag.py:588} INFO - Filling up the DagBag from /home/airflow/.local/lib/python3.12/site-packages/airflow/example_dags/example_inlet_event_extra.py
[2024-12-28T16:42:41.511+0000] {processor.py:925} INFO - DAG(s) 'read_dataset_event', 'read_dataset_event_from_classic' retrieved from /home/airflow/.local/lib/python3.12/site-packages/airflow/example_dags/example_inlet_event_extra.py
[2024-12-28T16:42:41.537+0000] {logging_mixin.py:190} INFO - [2024-12-28T16:42:41.537+0000] {dag.py:3239} INFO - Sync 2 DAGs
[2024-12-28T16:42:41.561+0000] {logging_mixin.py:190} INFO - [2024-12-28T16:42:41.561+0000] {dag.py:4180} INFO - Setting next_dagrun for read_dataset_event to 2024-12-27 00:00:00+00:00, run_after=2024-12-28 00:00:00+00:00
[2024-12-28T16:42:41.566+0000] {logging_mixin.py:190} INFO - [2024-12-28T16:42:41.566+0000] {dag.py:4180} INFO - Setting next_dagrun for read_dataset_event_from_classic to 2024-12-27 00:00:00+00:00, run_after=2024-12-28 00:00:00+00:00
[2024-12-28T16:42:41.585+0000] {processor.py:208} INFO - Processing /home/airflow/.local/lib/python3.12/site-packages/airflow/example_dags/example_inlet_event_extra.py took 0.639 seconds
[2024-12-28T16:43:13.051+0000] {processor.py:186} INFO - Started process (PID=166) to work on /home/airflow/.local/lib/python3.12/site-packages/airflow/example_dags/example_inlet_event_extra.py
[2024-12-28T16:43:13.052+0000] {processor.py:914} INFO - Processing file /home/airflow/.local/lib/python3.12/site-packages/airflow/example_dags/example_inlet_event_extra.py for tasks to queue
[2024-12-28T16:43:13.054+0000] {logging_mixin.py:190} INFO - [2024-12-28T16:43:13.054+0000] {dagbag.py:588} INFO - Filling up the DagBag from /home/airflow/.local/lib/python3.12/site-packages/airflow/example_dags/example_inlet_event_extra.py
[2024-12-28T16:43:13.592+0000] {processor.py:925} INFO - DAG(s) 'read_dataset_event_from_classic', 'read_dataset_event' retrieved from /home/airflow/.local/lib/python3.12/site-packages/airflow/example_dags/example_inlet_event_extra.py
[2024-12-28T16:43:13.613+0000] {logging_mixin.py:190} INFO - [2024-12-28T16:43:13.613+0000] {dag.py:3239} INFO - Sync 2 DAGs
[2024-12-28T16:43:13.638+0000] {logging_mixin.py:190} INFO - [2024-12-28T16:43:13.638+0000] {dag.py:4180} INFO - Setting next_dagrun for read_dataset_event to 2024-12-27 00:00:00+00:00, run_after=2024-12-28 00:00:00+00:00
[2024-12-28T16:43:13.642+0000] {logging_mixin.py:190} INFO - [2024-12-28T16:43:13.642+0000] {dag.py:4180} INFO - Setting next_dagrun for read_dataset_event_from_classic to 2024-12-27 00:00:00+00:00, run_after=2024-12-28 00:00:00+00:00
[2024-12-28T16:43:13.656+0000] {processor.py:208} INFO - Processing /home/airflow/.local/lib/python3.12/site-packages/airflow/example_dags/example_inlet_event_extra.py took 0.613 seconds
[2024-12-28T16:43:44.085+0000] {processor.py:186} INFO - Started process (PID=227) to work on /home/airflow/.local/lib/python3.12/site-packages/airflow/example_dags/example_inlet_event_extra.py
[2024-12-28T16:43:44.086+0000] {processor.py:914} INFO - Processing file /home/airflow/.local/lib/python3.12/site-packages/airflow/example_dags/example_inlet_event_extra.py for tasks to queue
[2024-12-28T16:43:44.089+0000] {logging_mixin.py:190} INFO - [2024-12-28T16:43:44.088+0000] {dagbag.py:588} INFO - Filling up the DagBag from /home/airflow/.local/lib/python3.12/site-packages/airflow/example_dags/example_inlet_event_extra.py
[2024-12-28T16:43:44.634+0000] {processor.py:925} INFO - DAG(s) 'read_dataset_event_from_classic', 'read_dataset_event' retrieved from /home/airflow/.local/lib/python3.12/site-packages/airflow/example_dags/example_inlet_event_extra.py
[2024-12-28T16:43:44.654+0000] {logging_mixin.py:190} INFO - [2024-12-28T16:43:44.653+0000] {dag.py:3239} INFO - Sync 2 DAGs
[2024-12-28T16:43:44.674+0000] {logging_mixin.py:190} INFO - [2024-12-28T16:43:44.674+0000] {dag.py:4180} INFO - Setting next_dagrun for read_dataset_event to 2024-12-27 00:00:00+00:00, run_after=2024-12-28 00:00:00+00:00
[2024-12-28T16:43:44.678+0000] {logging_mixin.py:190} INFO - [2024-12-28T16:43:44.678+0000] {dag.py:4180} INFO - Setting next_dagrun for read_dataset_event_from_classic to 2024-12-27 00:00:00+00:00, run_after=2024-12-28 00:00:00+00:00
[2024-12-28T16:43:44.693+0000] {processor.py:208} INFO - Processing /home/airflow/.local/lib/python3.12/site-packages/airflow/example_dags/example_inlet_event_extra.py took 0.615 seconds
[2024-12-28T16:44:15.774+0000] {processor.py:186} INFO - Started process (PID=290) to work on /home/airflow/.local/lib/python3.12/site-packages/airflow/example_dags/example_inlet_event_extra.py
[2024-12-28T16:44:15.775+0000] {processor.py:914} INFO - Processing file /home/airflow/.local/lib/python3.12/site-packages/airflow/example_dags/example_inlet_event_extra.py for tasks to queue
[2024-12-28T16:44:15.777+0000] {logging_mixin.py:190} INFO - [2024-12-28T16:44:15.777+0000] {dagbag.py:588} INFO - Filling up the DagBag from /home/airflow/.local/lib/python3.12/site-packages/airflow/example_dags/example_inlet_event_extra.py
[2024-12-28T16:44:16.340+0000] {processor.py:925} INFO - DAG(s) 'read_dataset_event', 'read_dataset_event_from_classic' retrieved from /home/airflow/.local/lib/python3.12/site-packages/airflow/example_dags/example_inlet_event_extra.py
[2024-12-28T16:44:16.360+0000] {logging_mixin.py:190} INFO - [2024-12-28T16:44:16.359+0000] {dag.py:3239} INFO - Sync 2 DAGs
[2024-12-28T16:44:16.383+0000] {logging_mixin.py:190} INFO - [2024-12-28T16:44:16.383+0000] {dag.py:4180} INFO - Setting next_dagrun for read_dataset_event to 2024-12-27 00:00:00+00:00, run_after=2024-12-28 00:00:00+00:00
[2024-12-28T16:44:16.388+0000] {logging_mixin.py:190} INFO - [2024-12-28T16:44:16.387+0000] {dag.py:4180} INFO - Setting next_dagrun for read_dataset_event_from_classic to 2024-12-27 00:00:00+00:00, run_after=2024-12-28 00:00:00+00:00
[2024-12-28T16:44:16.402+0000] {processor.py:208} INFO - Processing /home/airflow/.local/lib/python3.12/site-packages/airflow/example_dags/example_inlet_event_extra.py took 0.632 seconds
[2024-12-28T16:44:46.865+0000] {processor.py:186} INFO - Started process (PID=353) to work on /home/airflow/.local/lib/python3.12/site-packages/airflow/example_dags/example_inlet_event_extra.py
[2024-12-28T16:44:46.866+0000] {processor.py:914} INFO - Processing file /home/airflow/.local/lib/python3.12/site-packages/airflow/example_dags/example_inlet_event_extra.py for tasks to queue
[2024-12-28T16:44:46.868+0000] {logging_mixin.py:190} INFO - [2024-12-28T16:44:46.868+0000] {dagbag.py:588} INFO - Filling up the DagBag from /home/airflow/.local/lib/python3.12/site-packages/airflow/example_dags/example_inlet_event_extra.py
[2024-12-28T16:44:47.382+0000] {processor.py:925} INFO - DAG(s) 'read_dataset_event_from_classic', 'read_dataset_event' retrieved from /home/airflow/.local/lib/python3.12/site-packages/airflow/example_dags/example_inlet_event_extra.py
[2024-12-28T16:44:47.403+0000] {logging_mixin.py:190} INFO - [2024-12-28T16:44:47.403+0000] {dag.py:3239} INFO - Sync 2 DAGs
[2024-12-28T16:44:47.425+0000] {logging_mixin.py:190} INFO - [2024-12-28T16:44:47.425+0000] {dag.py:4180} INFO - Setting next_dagrun for read_dataset_event to 2024-12-27 00:00:00+00:00, run_after=2024-12-28 00:00:00+00:00
[2024-12-28T16:44:47.430+0000] {logging_mixin.py:190} INFO - [2024-12-28T16:44:47.430+0000] {dag.py:4180} INFO - Setting next_dagrun for read_dataset_event_from_classic to 2024-12-27 00:00:00+00:00, run_after=2024-12-28 00:00:00+00:00
[2024-12-28T16:44:47.445+0000] {processor.py:208} INFO - Processing /home/airflow/.local/lib/python3.12/site-packages/airflow/example_dags/example_inlet_event_extra.py took 0.586 seconds
[2024-12-28T16:45:18.556+0000] {processor.py:186} INFO - Started process (PID=416) to work on /home/airflow/.local/lib/python3.12/site-packages/airflow/example_dags/example_inlet_event_extra.py
[2024-12-28T16:45:18.557+0000] {processor.py:914} INFO - Processing file /home/airflow/.local/lib/python3.12/site-packages/airflow/example_dags/example_inlet_event_extra.py for tasks to queue
[2024-12-28T16:45:18.559+0000] {logging_mixin.py:190} INFO - [2024-12-28T16:45:18.559+0000] {dagbag.py:588} INFO - Filling up the DagBag from /home/airflow/.local/lib/python3.12/site-packages/airflow/example_dags/example_inlet_event_extra.py
[2024-12-28T16:45:19.092+0000] {processor.py:925} INFO - DAG(s) 'read_dataset_event', 'read_dataset_event_from_classic' retrieved from /home/airflow/.local/lib/python3.12/site-packages/airflow/example_dags/example_inlet_event_extra.py
[2024-12-28T16:45:19.112+0000] {logging_mixin.py:190} INFO - [2024-12-28T16:45:19.112+0000] {dag.py:3239} INFO - Sync 2 DAGs
[2024-12-28T16:45:19.135+0000] {logging_mixin.py:190} INFO - [2024-12-28T16:45:19.135+0000] {dag.py:4180} INFO - Setting next_dagrun for read_dataset_event to 2024-12-27 00:00:00+00:00, run_after=2024-12-28 00:00:00+00:00
[2024-12-28T16:45:19.140+0000] {logging_mixin.py:190} INFO - [2024-12-28T16:45:19.140+0000] {dag.py:4180} INFO - Setting next_dagrun for read_dataset_event_from_classic to 2024-12-27 00:00:00+00:00, run_after=2024-12-28 00:00:00+00:00
[2024-12-28T16:45:19.157+0000] {processor.py:208} INFO - Processing /home/airflow/.local/lib/python3.12/site-packages/airflow/example_dags/example_inlet_event_extra.py took 0.606 seconds
[2024-12-28T16:45:50.235+0000] {processor.py:186} INFO - Started process (PID=479) to work on /home/airflow/.local/lib/python3.12/site-packages/airflow/example_dags/example_inlet_event_extra.py
[2024-12-28T16:45:50.238+0000] {processor.py:914} INFO - Processing file /home/airflow/.local/lib/python3.12/site-packages/airflow/example_dags/example_inlet_event_extra.py for tasks to queue
[2024-12-28T16:45:50.241+0000] {logging_mixin.py:190} INFO - [2024-12-28T16:45:50.241+0000] {dagbag.py:588} INFO - Filling up the DagBag from /home/airflow/.local/lib/python3.12/site-packages/airflow/example_dags/example_inlet_event_extra.py
[2024-12-28T16:45:50.821+0000] {processor.py:925} INFO - DAG(s) 'read_dataset_event', 'read_dataset_event_from_classic' retrieved from /home/airflow/.local/lib/python3.12/site-packages/airflow/example_dags/example_inlet_event_extra.py
[2024-12-28T16:45:50.843+0000] {logging_mixin.py:190} INFO - [2024-12-28T16:45:50.842+0000] {dag.py:3239} INFO - Sync 2 DAGs
[2024-12-28T16:45:50.866+0000] {logging_mixin.py:190} INFO - [2024-12-28T16:45:50.866+0000] {dag.py:4180} INFO - Setting next_dagrun for read_dataset_event to 2024-12-27 00:00:00+00:00, run_after=2024-12-28 00:00:00+00:00
[2024-12-28T16:45:50.870+0000] {logging_mixin.py:190} INFO - [2024-12-28T16:45:50.870+0000] {dag.py:4180} INFO - Setting next_dagrun for read_dataset_event_from_classic to 2024-12-27 00:00:00+00:00, run_after=2024-12-28 00:00:00+00:00
[2024-12-28T16:45:50.886+0000] {processor.py:208} INFO - Processing /home/airflow/.local/lib/python3.12/site-packages/airflow/example_dags/example_inlet_event_extra.py took 0.659 seconds
[2024-12-28T16:46:21.770+0000] {processor.py:186} INFO - Started process (PID=542) to work on /home/airflow/.local/lib/python3.12/site-packages/airflow/example_dags/example_inlet_event_extra.py
[2024-12-28T16:46:21.771+0000] {processor.py:914} INFO - Processing file /home/airflow/.local/lib/python3.12/site-packages/airflow/example_dags/example_inlet_event_extra.py for tasks to queue
[2024-12-28T16:46:21.773+0000] {logging_mixin.py:190} INFO - [2024-12-28T16:46:21.773+0000] {dagbag.py:588} INFO - Filling up the DagBag from /home/airflow/.local/lib/python3.12/site-packages/airflow/example_dags/example_inlet_event_extra.py
[2024-12-28T16:46:22.302+0000] {processor.py:925} INFO - DAG(s) 'read_dataset_event', 'read_dataset_event_from_classic' retrieved from /home/airflow/.local/lib/python3.12/site-packages/airflow/example_dags/example_inlet_event_extra.py
[2024-12-28T16:46:22.329+0000] {logging_mixin.py:190} INFO - [2024-12-28T16:46:22.329+0000] {dag.py:3239} INFO - Sync 2 DAGs
[2024-12-28T16:46:22.355+0000] {logging_mixin.py:190} INFO - [2024-12-28T16:46:22.354+0000] {dag.py:4180} INFO - Setting next_dagrun for read_dataset_event to 2024-12-27 00:00:00+00:00, run_after=2024-12-28 00:00:00+00:00
[2024-12-28T16:46:22.360+0000] {logging_mixin.py:190} INFO - [2024-12-28T16:46:22.359+0000] {dag.py:4180} INFO - Setting next_dagrun for read_dataset_event_from_classic to 2024-12-27 00:00:00+00:00, run_after=2024-12-28 00:00:00+00:00
[2024-12-28T16:46:22.378+0000] {processor.py:208} INFO - Processing /home/airflow/.local/lib/python3.12/site-packages/airflow/example_dags/example_inlet_event_extra.py took 0.614 seconds
[2024-12-28T16:46:53.252+0000] {processor.py:186} INFO - Started process (PID=605) to work on /home/airflow/.local/lib/python3.12/site-packages/airflow/example_dags/example_inlet_event_extra.py
[2024-12-28T16:46:53.254+0000] {processor.py:914} INFO - Processing file /home/airflow/.local/lib/python3.12/site-packages/airflow/example_dags/example_inlet_event_extra.py for tasks to queue
[2024-12-28T16:46:53.256+0000] {logging_mixin.py:190} INFO - [2024-12-28T16:46:53.256+0000] {dagbag.py:588} INFO - Filling up the DagBag from /home/airflow/.local/lib/python3.12/site-packages/airflow/example_dags/example_inlet_event_extra.py
[2024-12-28T16:46:53.812+0000] {processor.py:925} INFO - DAG(s) 'read_dataset_event', 'read_dataset_event_from_classic' retrieved from /home/airflow/.local/lib/python3.12/site-packages/airflow/example_dags/example_inlet_event_extra.py
[2024-12-28T16:46:53.837+0000] {logging_mixin.py:190} INFO - [2024-12-28T16:46:53.837+0000] {dag.py:3239} INFO - Sync 2 DAGs
[2024-12-28T16:46:53.867+0000] {logging_mixin.py:190} INFO - [2024-12-28T16:46:53.867+0000] {dag.py:4180} INFO - Setting next_dagrun for read_dataset_event to 2024-12-27 00:00:00+00:00, run_after=2024-12-28 00:00:00+00:00
[2024-12-28T16:46:53.874+0000] {logging_mixin.py:190} INFO - [2024-12-28T16:46:53.874+0000] {dag.py:4180} INFO - Setting next_dagrun for read_dataset_event_from_classic to 2024-12-27 00:00:00+00:00, run_after=2024-12-28 00:00:00+00:00
[2024-12-28T16:46:53.893+0000] {processor.py:208} INFO - Processing /home/airflow/.local/lib/python3.12/site-packages/airflow/example_dags/example_inlet_event_extra.py took 0.647 seconds
[2024-12-28T16:47:24.364+0000] {processor.py:186} INFO - Started process (PID=668) to work on /home/airflow/.local/lib/python3.12/site-packages/airflow/example_dags/example_inlet_event_extra.py
[2024-12-28T16:47:24.365+0000] {processor.py:914} INFO - Processing file /home/airflow/.local/lib/python3.12/site-packages/airflow/example_dags/example_inlet_event_extra.py for tasks to queue
[2024-12-28T16:47:24.367+0000] {logging_mixin.py:190} INFO - [2024-12-28T16:47:24.366+0000] {dagbag.py:588} INFO - Filling up the DagBag from /home/airflow/.local/lib/python3.12/site-packages/airflow/example_dags/example_inlet_event_extra.py
[2024-12-28T16:47:24.897+0000] {processor.py:925} INFO - DAG(s) 'read_dataset_event', 'read_dataset_event_from_classic' retrieved from /home/airflow/.local/lib/python3.12/site-packages/airflow/example_dags/example_inlet_event_extra.py
[2024-12-28T16:47:24.917+0000] {logging_mixin.py:190} INFO - [2024-12-28T16:47:24.916+0000] {dag.py:3239} INFO - Sync 2 DAGs
[2024-12-28T16:47:24.942+0000] {logging_mixin.py:190} INFO - [2024-12-28T16:47:24.942+0000] {dag.py:4180} INFO - Setting next_dagrun for read_dataset_event to 2024-12-27 00:00:00+00:00, run_after=2024-12-28 00:00:00+00:00
[2024-12-28T16:47:24.947+0000] {logging_mixin.py:190} INFO - [2024-12-28T16:47:24.947+0000] {dag.py:4180} INFO - Setting next_dagrun for read_dataset_event_from_classic to 2024-12-27 00:00:00+00:00, run_after=2024-12-28 00:00:00+00:00
[2024-12-28T16:47:24.963+0000] {processor.py:208} INFO - Processing /home/airflow/.local/lib/python3.12/site-packages/airflow/example_dags/example_inlet_event_extra.py took 0.605 seconds
[2024-12-28T16:52:23.268+0000] {processor.py:186} INFO - Started process (PID=96) to work on /home/airflow/.local/lib/python3.12/site-packages/airflow/example_dags/example_inlet_event_extra.py
[2024-12-28T16:52:23.269+0000] {processor.py:914} INFO - Processing file /home/airflow/.local/lib/python3.12/site-packages/airflow/example_dags/example_inlet_event_extra.py for tasks to queue
[2024-12-28T16:52:23.271+0000] {logging_mixin.py:190} INFO - [2024-12-28T16:52:23.271+0000] {dagbag.py:588} INFO - Filling up the DagBag from /home/airflow/.local/lib/python3.12/site-packages/airflow/example_dags/example_inlet_event_extra.py
[2024-12-28T16:52:23.808+0000] {processor.py:925} INFO - DAG(s) 'read_dataset_event_from_classic', 'read_dataset_event' retrieved from /home/airflow/.local/lib/python3.12/site-packages/airflow/example_dags/example_inlet_event_extra.py
[2024-12-28T16:52:23.832+0000] {logging_mixin.py:190} INFO - [2024-12-28T16:52:23.832+0000] {dag.py:3239} INFO - Sync 2 DAGs
[2024-12-28T16:52:23.852+0000] {logging_mixin.py:190} INFO - [2024-12-28T16:52:23.852+0000] {dag.py:4180} INFO - Setting next_dagrun for read_dataset_event to 2024-12-27 00:00:00+00:00, run_after=2024-12-28 00:00:00+00:00
[2024-12-28T16:52:23.856+0000] {logging_mixin.py:190} INFO - [2024-12-28T16:52:23.856+0000] {dag.py:4180} INFO - Setting next_dagrun for read_dataset_event_from_classic to 2024-12-27 00:00:00+00:00, run_after=2024-12-28 00:00:00+00:00
[2024-12-28T16:52:23.871+0000] {processor.py:208} INFO - Processing /home/airflow/.local/lib/python3.12/site-packages/airflow/example_dags/example_inlet_event_extra.py took 0.608 seconds
[2024-12-28T16:52:54.570+0000] {processor.py:186} INFO - Started process (PID=161) to work on /home/airflow/.local/lib/python3.12/site-packages/airflow/example_dags/example_inlet_event_extra.py
[2024-12-28T16:52:54.571+0000] {processor.py:914} INFO - Processing file /home/airflow/.local/lib/python3.12/site-packages/airflow/example_dags/example_inlet_event_extra.py for tasks to queue
[2024-12-28T16:52:54.573+0000] {logging_mixin.py:190} INFO - [2024-12-28T16:52:54.573+0000] {dagbag.py:588} INFO - Filling up the DagBag from /home/airflow/.local/lib/python3.12/site-packages/airflow/example_dags/example_inlet_event_extra.py
[2024-12-28T16:52:55.097+0000] {processor.py:925} INFO - DAG(s) 'read_dataset_event', 'read_dataset_event_from_classic' retrieved from /home/airflow/.local/lib/python3.12/site-packages/airflow/example_dags/example_inlet_event_extra.py
[2024-12-28T16:52:55.116+0000] {logging_mixin.py:190} INFO - [2024-12-28T16:52:55.116+0000] {dag.py:3239} INFO - Sync 2 DAGs
[2024-12-28T16:52:55.139+0000] {logging_mixin.py:190} INFO - [2024-12-28T16:52:55.139+0000] {dag.py:4180} INFO - Setting next_dagrun for read_dataset_event to 2024-12-27 00:00:00+00:00, run_after=2024-12-28 00:00:00+00:00
[2024-12-28T16:52:55.144+0000] {logging_mixin.py:190} INFO - [2024-12-28T16:52:55.144+0000] {dag.py:4180} INFO - Setting next_dagrun for read_dataset_event_from_classic to 2024-12-27 00:00:00+00:00, run_after=2024-12-28 00:00:00+00:00
[2024-12-28T16:52:55.158+0000] {processor.py:208} INFO - Processing /home/airflow/.local/lib/python3.12/site-packages/airflow/example_dags/example_inlet_event_extra.py took 0.593 seconds
[2024-12-28T16:53:26.118+0000] {processor.py:186} INFO - Started process (PID=227) to work on /home/airflow/.local/lib/python3.12/site-packages/airflow/example_dags/example_inlet_event_extra.py
[2024-12-28T16:53:26.119+0000] {processor.py:914} INFO - Processing file /home/airflow/.local/lib/python3.12/site-packages/airflow/example_dags/example_inlet_event_extra.py for tasks to queue
[2024-12-28T16:53:26.122+0000] {logging_mixin.py:190} INFO - [2024-12-28T16:53:26.121+0000] {dagbag.py:588} INFO - Filling up the DagBag from /home/airflow/.local/lib/python3.12/site-packages/airflow/example_dags/example_inlet_event_extra.py
[2024-12-28T16:53:26.636+0000] {processor.py:925} INFO - DAG(s) 'read_dataset_event', 'read_dataset_event_from_classic' retrieved from /home/airflow/.local/lib/python3.12/site-packages/airflow/example_dags/example_inlet_event_extra.py
[2024-12-28T16:53:26.657+0000] {logging_mixin.py:190} INFO - [2024-12-28T16:53:26.656+0000] {dag.py:3239} INFO - Sync 2 DAGs
[2024-12-28T16:53:26.680+0000] {logging_mixin.py:190} INFO - [2024-12-28T16:53:26.680+0000] {dag.py:4180} INFO - Setting next_dagrun for read_dataset_event to 2024-12-27 00:00:00+00:00, run_after=2024-12-28 00:00:00+00:00
[2024-12-28T16:53:26.684+0000] {logging_mixin.py:190} INFO - [2024-12-28T16:53:26.684+0000] {dag.py:4180} INFO - Setting next_dagrun for read_dataset_event_from_classic to 2024-12-27 00:00:00+00:00, run_after=2024-12-28 00:00:00+00:00
[2024-12-28T16:53:26.699+0000] {processor.py:208} INFO - Processing /home/airflow/.local/lib/python3.12/site-packages/airflow/example_dags/example_inlet_event_extra.py took 0.586 seconds
[2024-12-28T16:53:58.311+0000] {processor.py:186} INFO - Started process (PID=294) to work on /home/airflow/.local/lib/python3.12/site-packages/airflow/example_dags/example_inlet_event_extra.py
[2024-12-28T16:53:58.314+0000] {processor.py:914} INFO - Processing file /home/airflow/.local/lib/python3.12/site-packages/airflow/example_dags/example_inlet_event_extra.py for tasks to queue
[2024-12-28T16:53:58.318+0000] {logging_mixin.py:190} INFO - [2024-12-28T16:53:58.317+0000] {dagbag.py:588} INFO - Filling up the DagBag from /home/airflow/.local/lib/python3.12/site-packages/airflow/example_dags/example_inlet_event_extra.py
[2024-12-28T16:53:59.166+0000] {processor.py:925} INFO - DAG(s) 'read_dataset_event', 'read_dataset_event_from_classic' retrieved from /home/airflow/.local/lib/python3.12/site-packages/airflow/example_dags/example_inlet_event_extra.py
[2024-12-28T16:53:59.187+0000] {logging_mixin.py:190} INFO - [2024-12-28T16:53:59.187+0000] {dag.py:3239} INFO - Sync 2 DAGs
[2024-12-28T16:53:59.215+0000] {logging_mixin.py:190} INFO - [2024-12-28T16:53:59.215+0000] {dag.py:4180} INFO - Setting next_dagrun for read_dataset_event to 2024-12-27 00:00:00+00:00, run_after=2024-12-28 00:00:00+00:00
[2024-12-28T16:53:59.221+0000] {logging_mixin.py:190} INFO - [2024-12-28T16:53:59.221+0000] {dag.py:4180} INFO - Setting next_dagrun for read_dataset_event_from_classic to 2024-12-27 00:00:00+00:00, run_after=2024-12-28 00:00:00+00:00
[2024-12-28T16:53:59.239+0000] {processor.py:208} INFO - Processing /home/airflow/.local/lib/python3.12/site-packages/airflow/example_dags/example_inlet_event_extra.py took 0.940 seconds
[2024-12-28T16:54:29.545+0000] {processor.py:186} INFO - Started process (PID=357) to work on /home/airflow/.local/lib/python3.12/site-packages/airflow/example_dags/example_inlet_event_extra.py
[2024-12-28T16:54:29.546+0000] {processor.py:914} INFO - Processing file /home/airflow/.local/lib/python3.12/site-packages/airflow/example_dags/example_inlet_event_extra.py for tasks to queue
[2024-12-28T16:54:29.548+0000] {logging_mixin.py:190} INFO - [2024-12-28T16:54:29.548+0000] {dagbag.py:588} INFO - Filling up the DagBag from /home/airflow/.local/lib/python3.12/site-packages/airflow/example_dags/example_inlet_event_extra.py
[2024-12-28T16:54:30.109+0000] {processor.py:925} INFO - DAG(s) 'read_dataset_event', 'read_dataset_event_from_classic' retrieved from /home/airflow/.local/lib/python3.12/site-packages/airflow/example_dags/example_inlet_event_extra.py
[2024-12-28T16:54:30.129+0000] {logging_mixin.py:190} INFO - [2024-12-28T16:54:30.129+0000] {dag.py:3239} INFO - Sync 2 DAGs
[2024-12-28T16:54:30.153+0000] {logging_mixin.py:190} INFO - [2024-12-28T16:54:30.153+0000] {dag.py:4180} INFO - Setting next_dagrun for read_dataset_event to 2024-12-27 00:00:00+00:00, run_after=2024-12-28 00:00:00+00:00
[2024-12-28T16:54:30.159+0000] {logging_mixin.py:190} INFO - [2024-12-28T16:54:30.158+0000] {dag.py:4180} INFO - Setting next_dagrun for read_dataset_event_from_classic to 2024-12-27 00:00:00+00:00, run_after=2024-12-28 00:00:00+00:00
[2024-12-28T16:54:30.177+0000] {processor.py:208} INFO - Processing /home/airflow/.local/lib/python3.12/site-packages/airflow/example_dags/example_inlet_event_extra.py took 0.637 seconds
[2024-12-28T16:55:02.266+0000] {processor.py:186} INFO - Started process (PID=421) to work on /home/airflow/.local/lib/python3.12/site-packages/airflow/example_dags/example_inlet_event_extra.py
[2024-12-28T16:55:02.268+0000] {processor.py:914} INFO - Processing file /home/airflow/.local/lib/python3.12/site-packages/airflow/example_dags/example_inlet_event_extra.py for tasks to queue
[2024-12-28T16:55:02.271+0000] {logging_mixin.py:190} INFO - [2024-12-28T16:55:02.270+0000] {dagbag.py:588} INFO - Filling up the DagBag from /home/airflow/.local/lib/python3.12/site-packages/airflow/example_dags/example_inlet_event_extra.py
[2024-12-28T16:55:03.359+0000] {processor.py:925} INFO - DAG(s) 'read_dataset_event_from_classic', 'read_dataset_event' retrieved from /home/airflow/.local/lib/python3.12/site-packages/airflow/example_dags/example_inlet_event_extra.py
[2024-12-28T16:55:03.404+0000] {logging_mixin.py:190} INFO - [2024-12-28T16:55:03.404+0000] {dag.py:3239} INFO - Sync 2 DAGs
[2024-12-28T16:55:03.448+0000] {logging_mixin.py:190} INFO - [2024-12-28T16:55:03.448+0000] {dag.py:4180} INFO - Setting next_dagrun for read_dataset_event to 2024-12-27 00:00:00+00:00, run_after=2024-12-28 00:00:00+00:00
[2024-12-28T16:55:03.457+0000] {logging_mixin.py:190} INFO - [2024-12-28T16:55:03.456+0000] {dag.py:4180} INFO - Setting next_dagrun for read_dataset_event_from_classic to 2024-12-27 00:00:00+00:00, run_after=2024-12-28 00:00:00+00:00
[2024-12-28T16:55:03.485+0000] {processor.py:208} INFO - Processing /home/airflow/.local/lib/python3.12/site-packages/airflow/example_dags/example_inlet_event_extra.py took 1.229 seconds
[2024-12-28T16:55:34.512+0000] {processor.py:186} INFO - Started process (PID=485) to work on /home/airflow/.local/lib/python3.12/site-packages/airflow/example_dags/example_inlet_event_extra.py
[2024-12-28T16:55:34.514+0000] {processor.py:914} INFO - Processing file /home/airflow/.local/lib/python3.12/site-packages/airflow/example_dags/example_inlet_event_extra.py for tasks to queue
[2024-12-28T16:55:34.518+0000] {logging_mixin.py:190} INFO - [2024-12-28T16:55:34.517+0000] {dagbag.py:588} INFO - Filling up the DagBag from /home/airflow/.local/lib/python3.12/site-packages/airflow/example_dags/example_inlet_event_extra.py
[2024-12-28T16:55:35.598+0000] {processor.py:925} INFO - DAG(s) 'read_dataset_event', 'read_dataset_event_from_classic' retrieved from /home/airflow/.local/lib/python3.12/site-packages/airflow/example_dags/example_inlet_event_extra.py
[2024-12-28T16:55:35.643+0000] {logging_mixin.py:190} INFO - [2024-12-28T16:55:35.643+0000] {dag.py:3239} INFO - Sync 2 DAGs
[2024-12-28T16:55:35.687+0000] {logging_mixin.py:190} INFO - [2024-12-28T16:55:35.687+0000] {dag.py:4180} INFO - Setting next_dagrun for read_dataset_event to 2024-12-27 00:00:00+00:00, run_after=2024-12-28 00:00:00+00:00
[2024-12-28T16:55:35.703+0000] {logging_mixin.py:190} INFO - [2024-12-28T16:55:35.703+0000] {dag.py:4180} INFO - Setting next_dagrun for read_dataset_event_from_classic to 2024-12-27 00:00:00+00:00, run_after=2024-12-28 00:00:00+00:00
[2024-12-28T16:55:35.737+0000] {processor.py:208} INFO - Processing /home/airflow/.local/lib/python3.12/site-packages/airflow/example_dags/example_inlet_event_extra.py took 1.239 seconds
[2024-12-28T16:56:06.222+0000] {processor.py:186} INFO - Started process (PID=551) to work on /home/airflow/.local/lib/python3.12/site-packages/airflow/example_dags/example_inlet_event_extra.py
[2024-12-28T16:56:06.224+0000] {processor.py:914} INFO - Processing file /home/airflow/.local/lib/python3.12/site-packages/airflow/example_dags/example_inlet_event_extra.py for tasks to queue
[2024-12-28T16:56:06.227+0000] {logging_mixin.py:190} INFO - [2024-12-28T16:56:06.227+0000] {dagbag.py:588} INFO - Filling up the DagBag from /home/airflow/.local/lib/python3.12/site-packages/airflow/example_dags/example_inlet_event_extra.py
[2024-12-28T16:56:06.840+0000] {processor.py:925} INFO - DAG(s) 'read_dataset_event_from_classic', 'read_dataset_event' retrieved from /home/airflow/.local/lib/python3.12/site-packages/airflow/example_dags/example_inlet_event_extra.py
[2024-12-28T16:56:06.866+0000] {logging_mixin.py:190} INFO - [2024-12-28T16:56:06.865+0000] {dag.py:3239} INFO - Sync 2 DAGs
[2024-12-28T16:56:06.891+0000] {logging_mixin.py:190} INFO - [2024-12-28T16:56:06.891+0000] {dag.py:4180} INFO - Setting next_dagrun for read_dataset_event to 2024-12-27 00:00:00+00:00, run_after=2024-12-28 00:00:00+00:00
[2024-12-28T16:56:06.897+0000] {logging_mixin.py:190} INFO - [2024-12-28T16:56:06.896+0000] {dag.py:4180} INFO - Setting next_dagrun for read_dataset_event_from_classic to 2024-12-27 00:00:00+00:00, run_after=2024-12-28 00:00:00+00:00
[2024-12-28T16:56:06.914+0000] {processor.py:208} INFO - Processing /home/airflow/.local/lib/python3.12/site-packages/airflow/example_dags/example_inlet_event_extra.py took 0.699 seconds
[2024-12-28T16:56:36.971+0000] {processor.py:186} INFO - Started process (PID=620) to work on /home/airflow/.local/lib/python3.12/site-packages/airflow/example_dags/example_inlet_event_extra.py
[2024-12-28T16:56:36.972+0000] {processor.py:914} INFO - Processing file /home/airflow/.local/lib/python3.12/site-packages/airflow/example_dags/example_inlet_event_extra.py for tasks to queue
[2024-12-28T16:56:36.974+0000] {logging_mixin.py:190} INFO - [2024-12-28T16:56:36.974+0000] {dagbag.py:588} INFO - Filling up the DagBag from /home/airflow/.local/lib/python3.12/site-packages/airflow/example_dags/example_inlet_event_extra.py
[2024-12-28T16:56:37.521+0000] {processor.py:925} INFO - DAG(s) 'read_dataset_event', 'read_dataset_event_from_classic' retrieved from /home/airflow/.local/lib/python3.12/site-packages/airflow/example_dags/example_inlet_event_extra.py
[2024-12-28T16:56:37.541+0000] {logging_mixin.py:190} INFO - [2024-12-28T16:56:37.540+0000] {dag.py:3239} INFO - Sync 2 DAGs
[2024-12-28T16:56:37.563+0000] {logging_mixin.py:190} INFO - [2024-12-28T16:56:37.563+0000] {dag.py:4180} INFO - Setting next_dagrun for read_dataset_event to 2024-12-27 00:00:00+00:00, run_after=2024-12-28 00:00:00+00:00
[2024-12-28T16:56:37.568+0000] {logging_mixin.py:190} INFO - [2024-12-28T16:56:37.568+0000] {dag.py:4180} INFO - Setting next_dagrun for read_dataset_event_from_classic to 2024-12-27 00:00:00+00:00, run_after=2024-12-28 00:00:00+00:00
[2024-12-28T16:56:37.585+0000] {processor.py:208} INFO - Processing /home/airflow/.local/lib/python3.12/site-packages/airflow/example_dags/example_inlet_event_extra.py took 0.619 seconds
[2024-12-28T16:57:08.578+0000] {processor.py:186} INFO - Started process (PID=684) to work on /home/airflow/.local/lib/python3.12/site-packages/airflow/example_dags/example_inlet_event_extra.py
[2024-12-28T16:57:08.581+0000] {processor.py:914} INFO - Processing file /home/airflow/.local/lib/python3.12/site-packages/airflow/example_dags/example_inlet_event_extra.py for tasks to queue
[2024-12-28T16:57:08.583+0000] {logging_mixin.py:190} INFO - [2024-12-28T16:57:08.583+0000] {dagbag.py:588} INFO - Filling up the DagBag from /home/airflow/.local/lib/python3.12/site-packages/airflow/example_dags/example_inlet_event_extra.py
[2024-12-28T16:57:09.104+0000] {processor.py:925} INFO - DAG(s) 'read_dataset_event_from_classic', 'read_dataset_event' retrieved from /home/airflow/.local/lib/python3.12/site-packages/airflow/example_dags/example_inlet_event_extra.py
[2024-12-28T16:57:09.124+0000] {logging_mixin.py:190} INFO - [2024-12-28T16:57:09.124+0000] {dag.py:3239} INFO - Sync 2 DAGs
[2024-12-28T16:57:09.145+0000] {logging_mixin.py:190} INFO - [2024-12-28T16:57:09.145+0000] {dag.py:4180} INFO - Setting next_dagrun for read_dataset_event to 2024-12-27 00:00:00+00:00, run_after=2024-12-28 00:00:00+00:00
[2024-12-28T16:57:09.150+0000] {logging_mixin.py:190} INFO - [2024-12-28T16:57:09.150+0000] {dag.py:4180} INFO - Setting next_dagrun for read_dataset_event_from_classic to 2024-12-27 00:00:00+00:00, run_after=2024-12-28 00:00:00+00:00
[2024-12-28T16:57:09.166+0000] {processor.py:208} INFO - Processing /home/airflow/.local/lib/python3.12/site-packages/airflow/example_dags/example_inlet_event_extra.py took 0.593 seconds
[2024-12-28T16:57:39.594+0000] {processor.py:186} INFO - Started process (PID=753) to work on /home/airflow/.local/lib/python3.12/site-packages/airflow/example_dags/example_inlet_event_extra.py
[2024-12-28T16:57:39.595+0000] {processor.py:914} INFO - Processing file /home/airflow/.local/lib/python3.12/site-packages/airflow/example_dags/example_inlet_event_extra.py for tasks to queue
[2024-12-28T16:57:39.597+0000] {logging_mixin.py:190} INFO - [2024-12-28T16:57:39.597+0000] {dagbag.py:588} INFO - Filling up the DagBag from /home/airflow/.local/lib/python3.12/site-packages/airflow/example_dags/example_inlet_event_extra.py
[2024-12-28T16:57:40.135+0000] {processor.py:925} INFO - DAG(s) 'read_dataset_event_from_classic', 'read_dataset_event' retrieved from /home/airflow/.local/lib/python3.12/site-packages/airflow/example_dags/example_inlet_event_extra.py
[2024-12-28T16:57:40.155+0000] {logging_mixin.py:190} INFO - [2024-12-28T16:57:40.155+0000] {dag.py:3239} INFO - Sync 2 DAGs
[2024-12-28T16:57:40.178+0000] {logging_mixin.py:190} INFO - [2024-12-28T16:57:40.178+0000] {dag.py:4180} INFO - Setting next_dagrun for read_dataset_event to 2024-12-27 00:00:00+00:00, run_after=2024-12-28 00:00:00+00:00
[2024-12-28T16:57:40.183+0000] {logging_mixin.py:190} INFO - [2024-12-28T16:57:40.183+0000] {dag.py:4180} INFO - Setting next_dagrun for read_dataset_event_from_classic to 2024-12-27 00:00:00+00:00, run_after=2024-12-28 00:00:00+00:00
[2024-12-28T16:57:40.197+0000] {processor.py:208} INFO - Processing /home/airflow/.local/lib/python3.12/site-packages/airflow/example_dags/example_inlet_event_extra.py took 0.608 seconds
[2024-12-28T16:58:10.320+0000] {processor.py:186} INFO - Started process (PID=818) to work on /home/airflow/.local/lib/python3.12/site-packages/airflow/example_dags/example_inlet_event_extra.py
[2024-12-28T16:58:10.321+0000] {processor.py:914} INFO - Processing file /home/airflow/.local/lib/python3.12/site-packages/airflow/example_dags/example_inlet_event_extra.py for tasks to queue
[2024-12-28T16:58:10.323+0000] {logging_mixin.py:190} INFO - [2024-12-28T16:58:10.323+0000] {dagbag.py:588} INFO - Filling up the DagBag from /home/airflow/.local/lib/python3.12/site-packages/airflow/example_dags/example_inlet_event_extra.py
[2024-12-28T16:58:10.841+0000] {processor.py:925} INFO - DAG(s) 'read_dataset_event_from_classic', 'read_dataset_event' retrieved from /home/airflow/.local/lib/python3.12/site-packages/airflow/example_dags/example_inlet_event_extra.py
[2024-12-28T16:58:10.864+0000] {logging_mixin.py:190} INFO - [2024-12-28T16:58:10.864+0000] {dag.py:3239} INFO - Sync 2 DAGs
[2024-12-28T16:58:10.890+0000] {logging_mixin.py:190} INFO - [2024-12-28T16:58:10.890+0000] {dag.py:4180} INFO - Setting next_dagrun for read_dataset_event to 2024-12-27 00:00:00+00:00, run_after=2024-12-28 00:00:00+00:00
[2024-12-28T16:58:10.894+0000] {logging_mixin.py:190} INFO - [2024-12-28T16:58:10.894+0000] {dag.py:4180} INFO - Setting next_dagrun for read_dataset_event_from_classic to 2024-12-27 00:00:00+00:00, run_after=2024-12-28 00:00:00+00:00
[2024-12-28T16:58:10.911+0000] {processor.py:208} INFO - Processing /home/airflow/.local/lib/python3.12/site-packages/airflow/example_dags/example_inlet_event_extra.py took 0.597 seconds
[2024-12-28T16:58:41.515+0000] {processor.py:186} INFO - Started process (PID=882) to work on /home/airflow/.local/lib/python3.12/site-packages/airflow/example_dags/example_inlet_event_extra.py
[2024-12-28T16:58:41.516+0000] {processor.py:914} INFO - Processing file /home/airflow/.local/lib/python3.12/site-packages/airflow/example_dags/example_inlet_event_extra.py for tasks to queue
[2024-12-28T16:58:41.518+0000] {logging_mixin.py:190} INFO - [2024-12-28T16:58:41.518+0000] {dagbag.py:588} INFO - Filling up the DagBag from /home/airflow/.local/lib/python3.12/site-packages/airflow/example_dags/example_inlet_event_extra.py
[2024-12-28T16:58:42.090+0000] {processor.py:925} INFO - DAG(s) 'read_dataset_event', 'read_dataset_event_from_classic' retrieved from /home/airflow/.local/lib/python3.12/site-packages/airflow/example_dags/example_inlet_event_extra.py
[2024-12-28T16:58:42.111+0000] {logging_mixin.py:190} INFO - [2024-12-28T16:58:42.110+0000] {dag.py:3239} INFO - Sync 2 DAGs
[2024-12-28T16:58:42.133+0000] {logging_mixin.py:190} INFO - [2024-12-28T16:58:42.133+0000] {dag.py:4180} INFO - Setting next_dagrun for read_dataset_event to 2024-12-27 00:00:00+00:00, run_after=2024-12-28 00:00:00+00:00
[2024-12-28T16:58:42.137+0000] {logging_mixin.py:190} INFO - [2024-12-28T16:58:42.137+0000] {dag.py:4180} INFO - Setting next_dagrun for read_dataset_event_from_classic to 2024-12-27 00:00:00+00:00, run_after=2024-12-28 00:00:00+00:00
[2024-12-28T16:58:42.153+0000] {processor.py:208} INFO - Processing /home/airflow/.local/lib/python3.12/site-packages/airflow/example_dags/example_inlet_event_extra.py took 0.643 seconds
[2024-12-28T16:59:12.578+0000] {processor.py:186} INFO - Started process (PID=946) to work on /home/airflow/.local/lib/python3.12/site-packages/airflow/example_dags/example_inlet_event_extra.py
[2024-12-28T16:59:12.579+0000] {processor.py:914} INFO - Processing file /home/airflow/.local/lib/python3.12/site-packages/airflow/example_dags/example_inlet_event_extra.py for tasks to queue
[2024-12-28T16:59:12.581+0000] {logging_mixin.py:190} INFO - [2024-12-28T16:59:12.580+0000] {dagbag.py:588} INFO - Filling up the DagBag from /home/airflow/.local/lib/python3.12/site-packages/airflow/example_dags/example_inlet_event_extra.py
[2024-12-28T16:59:13.085+0000] {processor.py:925} INFO - DAG(s) 'read_dataset_event', 'read_dataset_event_from_classic' retrieved from /home/airflow/.local/lib/python3.12/site-packages/airflow/example_dags/example_inlet_event_extra.py
[2024-12-28T16:59:13.105+0000] {logging_mixin.py:190} INFO - [2024-12-28T16:59:13.105+0000] {dag.py:3239} INFO - Sync 2 DAGs
[2024-12-28T16:59:13.129+0000] {logging_mixin.py:190} INFO - [2024-12-28T16:59:13.129+0000] {dag.py:4180} INFO - Setting next_dagrun for read_dataset_event to 2024-12-27 00:00:00+00:00, run_after=2024-12-28 00:00:00+00:00
[2024-12-28T16:59:13.133+0000] {logging_mixin.py:190} INFO - [2024-12-28T16:59:13.133+0000] {dag.py:4180} INFO - Setting next_dagrun for read_dataset_event_from_classic to 2024-12-27 00:00:00+00:00, run_after=2024-12-28 00:00:00+00:00
[2024-12-28T16:59:13.147+0000] {processor.py:208} INFO - Processing /home/airflow/.local/lib/python3.12/site-packages/airflow/example_dags/example_inlet_event_extra.py took 0.575 seconds
[2024-12-28T16:59:43.376+0000] {processor.py:186} INFO - Started process (PID=1002) to work on /home/airflow/.local/lib/python3.12/site-packages/airflow/example_dags/example_inlet_event_extra.py
[2024-12-28T16:59:43.377+0000] {processor.py:914} INFO - Processing file /home/airflow/.local/lib/python3.12/site-packages/airflow/example_dags/example_inlet_event_extra.py for tasks to queue
[2024-12-28T16:59:43.379+0000] {logging_mixin.py:190} INFO - [2024-12-28T16:59:43.379+0000] {dagbag.py:588} INFO - Filling up the DagBag from /home/airflow/.local/lib/python3.12/site-packages/airflow/example_dags/example_inlet_event_extra.py
[2024-12-28T16:59:43.969+0000] {processor.py:925} INFO - DAG(s) 'read_dataset_event_from_classic', 'read_dataset_event' retrieved from /home/airflow/.local/lib/python3.12/site-packages/airflow/example_dags/example_inlet_event_extra.py
[2024-12-28T16:59:43.992+0000] {logging_mixin.py:190} INFO - [2024-12-28T16:59:43.992+0000] {dag.py:3239} INFO - Sync 2 DAGs
[2024-12-28T16:59:44.017+0000] {logging_mixin.py:190} INFO - [2024-12-28T16:59:44.017+0000] {dag.py:4180} INFO - Setting next_dagrun for read_dataset_event to 2024-12-27 00:00:00+00:00, run_after=2024-12-28 00:00:00+00:00
[2024-12-28T16:59:44.022+0000] {logging_mixin.py:190} INFO - [2024-12-28T16:59:44.022+0000] {dag.py:4180} INFO - Setting next_dagrun for read_dataset_event_from_classic to 2024-12-27 00:00:00+00:00, run_after=2024-12-28 00:00:00+00:00
[2024-12-28T16:59:44.042+0000] {processor.py:208} INFO - Processing /home/airflow/.local/lib/python3.12/site-packages/airflow/example_dags/example_inlet_event_extra.py took 0.673 seconds
[2024-12-28T17:00:14.424+0000] {processor.py:186} INFO - Started process (PID=1069) to work on /home/airflow/.local/lib/python3.12/site-packages/airflow/example_dags/example_inlet_event_extra.py
[2024-12-28T17:00:14.424+0000] {processor.py:914} INFO - Processing file /home/airflow/.local/lib/python3.12/site-packages/airflow/example_dags/example_inlet_event_extra.py for tasks to queue
[2024-12-28T17:00:14.426+0000] {logging_mixin.py:190} INFO - [2024-12-28T17:00:14.426+0000] {dagbag.py:588} INFO - Filling up the DagBag from /home/airflow/.local/lib/python3.12/site-packages/airflow/example_dags/example_inlet_event_extra.py
[2024-12-28T17:00:14.930+0000] {processor.py:925} INFO - DAG(s) 'read_dataset_event_from_classic', 'read_dataset_event' retrieved from /home/airflow/.local/lib/python3.12/site-packages/airflow/example_dags/example_inlet_event_extra.py
[2024-12-28T17:00:14.949+0000] {logging_mixin.py:190} INFO - [2024-12-28T17:00:14.949+0000] {dag.py:3239} INFO - Sync 2 DAGs
[2024-12-28T17:00:14.970+0000] {logging_mixin.py:190} INFO - [2024-12-28T17:00:14.970+0000] {dag.py:4180} INFO - Setting next_dagrun for read_dataset_event to 2024-12-27 00:00:00+00:00, run_after=2024-12-28 00:00:00+00:00
[2024-12-28T17:00:14.975+0000] {logging_mixin.py:190} INFO - [2024-12-28T17:00:14.975+0000] {dag.py:4180} INFO - Setting next_dagrun for read_dataset_event_from_classic to 2024-12-27 00:00:00+00:00, run_after=2024-12-28 00:00:00+00:00
[2024-12-28T17:00:14.989+0000] {processor.py:208} INFO - Processing /home/airflow/.local/lib/python3.12/site-packages/airflow/example_dags/example_inlet_event_extra.py took 0.570 seconds
[2024-12-28T17:00:45.948+0000] {processor.py:186} INFO - Started process (PID=1133) to work on /home/airflow/.local/lib/python3.12/site-packages/airflow/example_dags/example_inlet_event_extra.py
[2024-12-28T17:00:45.949+0000] {processor.py:914} INFO - Processing file /home/airflow/.local/lib/python3.12/site-packages/airflow/example_dags/example_inlet_event_extra.py for tasks to queue
[2024-12-28T17:00:45.951+0000] {logging_mixin.py:190} INFO - [2024-12-28T17:00:45.951+0000] {dagbag.py:588} INFO - Filling up the DagBag from /home/airflow/.local/lib/python3.12/site-packages/airflow/example_dags/example_inlet_event_extra.py
[2024-12-28T17:00:46.464+0000] {processor.py:925} INFO - DAG(s) 'read_dataset_event', 'read_dataset_event_from_classic' retrieved from /home/airflow/.local/lib/python3.12/site-packages/airflow/example_dags/example_inlet_event_extra.py
[2024-12-28T17:00:46.484+0000] {logging_mixin.py:190} INFO - [2024-12-28T17:00:46.484+0000] {dag.py:3239} INFO - Sync 2 DAGs
[2024-12-28T17:00:46.505+0000] {logging_mixin.py:190} INFO - [2024-12-28T17:00:46.505+0000] {dag.py:4180} INFO - Setting next_dagrun for read_dataset_event to 2024-12-27 00:00:00+00:00, run_after=2024-12-28 00:00:00+00:00
[2024-12-28T17:00:46.509+0000] {logging_mixin.py:190} INFO - [2024-12-28T17:00:46.509+0000] {dag.py:4180} INFO - Setting next_dagrun for read_dataset_event_from_classic to 2024-12-27 00:00:00+00:00, run_after=2024-12-28 00:00:00+00:00
[2024-12-28T17:00:46.523+0000] {processor.py:208} INFO - Processing /home/airflow/.local/lib/python3.12/site-packages/airflow/example_dags/example_inlet_event_extra.py took 0.579 seconds
[2024-12-28T17:01:17.639+0000] {processor.py:186} INFO - Started process (PID=1197) to work on /home/airflow/.local/lib/python3.12/site-packages/airflow/example_dags/example_inlet_event_extra.py
[2024-12-28T17:01:17.640+0000] {processor.py:914} INFO - Processing file /home/airflow/.local/lib/python3.12/site-packages/airflow/example_dags/example_inlet_event_extra.py for tasks to queue
[2024-12-28T17:01:17.643+0000] {logging_mixin.py:190} INFO - [2024-12-28T17:01:17.642+0000] {dagbag.py:588} INFO - Filling up the DagBag from /home/airflow/.local/lib/python3.12/site-packages/airflow/example_dags/example_inlet_event_extra.py
[2024-12-28T17:01:18.193+0000] {processor.py:925} INFO - DAG(s) 'read_dataset_event_from_classic', 'read_dataset_event' retrieved from /home/airflow/.local/lib/python3.12/site-packages/airflow/example_dags/example_inlet_event_extra.py
[2024-12-28T17:01:18.213+0000] {logging_mixin.py:190} INFO - [2024-12-28T17:01:18.213+0000] {dag.py:3239} INFO - Sync 2 DAGs
[2024-12-28T17:01:18.237+0000] {logging_mixin.py:190} INFO - [2024-12-28T17:01:18.236+0000] {dag.py:4180} INFO - Setting next_dagrun for read_dataset_event to 2024-12-27 00:00:00+00:00, run_after=2024-12-28 00:00:00+00:00
[2024-12-28T17:01:18.241+0000] {logging_mixin.py:190} INFO - [2024-12-28T17:01:18.241+0000] {dag.py:4180} INFO - Setting next_dagrun for read_dataset_event_from_classic to 2024-12-27 00:00:00+00:00, run_after=2024-12-28 00:00:00+00:00
[2024-12-28T17:01:18.257+0000] {processor.py:208} INFO - Processing /home/airflow/.local/lib/python3.12/site-packages/airflow/example_dags/example_inlet_event_extra.py took 0.623 seconds
[2024-12-28T17:01:48.467+0000] {processor.py:186} INFO - Started process (PID=1262) to work on /home/airflow/.local/lib/python3.12/site-packages/airflow/example_dags/example_inlet_event_extra.py
[2024-12-28T17:01:48.469+0000] {processor.py:914} INFO - Processing file /home/airflow/.local/lib/python3.12/site-packages/airflow/example_dags/example_inlet_event_extra.py for tasks to queue
[2024-12-28T17:01:48.471+0000] {logging_mixin.py:190} INFO - [2024-12-28T17:01:48.471+0000] {dagbag.py:588} INFO - Filling up the DagBag from /home/airflow/.local/lib/python3.12/site-packages/airflow/example_dags/example_inlet_event_extra.py
[2024-12-28T17:01:48.980+0000] {processor.py:925} INFO - DAG(s) 'read_dataset_event', 'read_dataset_event_from_classic' retrieved from /home/airflow/.local/lib/python3.12/site-packages/airflow/example_dags/example_inlet_event_extra.py
[2024-12-28T17:01:48.999+0000] {logging_mixin.py:190} INFO - [2024-12-28T17:01:48.998+0000] {dag.py:3239} INFO - Sync 2 DAGs
[2024-12-28T17:01:49.021+0000] {logging_mixin.py:190} INFO - [2024-12-28T17:01:49.021+0000] {dag.py:4180} INFO - Setting next_dagrun for read_dataset_event to 2024-12-27 00:00:00+00:00, run_after=2024-12-28 00:00:00+00:00
[2024-12-28T17:01:49.026+0000] {logging_mixin.py:190} INFO - [2024-12-28T17:01:49.026+0000] {dag.py:4180} INFO - Setting next_dagrun for read_dataset_event_from_classic to 2024-12-27 00:00:00+00:00, run_after=2024-12-28 00:00:00+00:00
[2024-12-28T17:01:49.040+0000] {processor.py:208} INFO - Processing /home/airflow/.local/lib/python3.12/site-packages/airflow/example_dags/example_inlet_event_extra.py took 0.578 seconds
[2024-12-28T17:02:21.363+0000] {processor.py:186} INFO - Started process (PID=1341) to work on /home/airflow/.local/lib/python3.12/site-packages/airflow/example_dags/example_inlet_event_extra.py
[2024-12-28T17:02:21.364+0000] {processor.py:914} INFO - Processing file /home/airflow/.local/lib/python3.12/site-packages/airflow/example_dags/example_inlet_event_extra.py for tasks to queue
[2024-12-28T17:02:21.366+0000] {logging_mixin.py:190} INFO - [2024-12-28T17:02:21.366+0000] {dagbag.py:588} INFO - Filling up the DagBag from /home/airflow/.local/lib/python3.12/site-packages/airflow/example_dags/example_inlet_event_extra.py
[2024-12-28T17:02:21.872+0000] {processor.py:925} INFO - DAG(s) 'read_dataset_event_from_classic', 'read_dataset_event' retrieved from /home/airflow/.local/lib/python3.12/site-packages/airflow/example_dags/example_inlet_event_extra.py
[2024-12-28T17:02:21.892+0000] {logging_mixin.py:190} INFO - [2024-12-28T17:02:21.891+0000] {dag.py:3239} INFO - Sync 2 DAGs
[2024-12-28T17:02:21.912+0000] {logging_mixin.py:190} INFO - [2024-12-28T17:02:21.912+0000] {dag.py:4180} INFO - Setting next_dagrun for read_dataset_event to 2024-12-27 00:00:00+00:00, run_after=2024-12-28 00:00:00+00:00
[2024-12-28T17:02:21.916+0000] {logging_mixin.py:190} INFO - [2024-12-28T17:02:21.916+0000] {dag.py:4180} INFO - Setting next_dagrun for read_dataset_event_from_classic to 2024-12-27 00:00:00+00:00, run_after=2024-12-28 00:00:00+00:00
[2024-12-28T17:02:21.930+0000] {processor.py:208} INFO - Processing /home/airflow/.local/lib/python3.12/site-packages/airflow/example_dags/example_inlet_event_extra.py took 0.572 seconds
[2024-12-28T17:02:52.593+0000] {processor.py:186} INFO - Started process (PID=1416) to work on /home/airflow/.local/lib/python3.12/site-packages/airflow/example_dags/example_inlet_event_extra.py
[2024-12-28T17:02:52.593+0000] {processor.py:914} INFO - Processing file /home/airflow/.local/lib/python3.12/site-packages/airflow/example_dags/example_inlet_event_extra.py for tasks to queue
[2024-12-28T17:02:52.596+0000] {logging_mixin.py:190} INFO - [2024-12-28T17:02:52.595+0000] {dagbag.py:588} INFO - Filling up the DagBag from /home/airflow/.local/lib/python3.12/site-packages/airflow/example_dags/example_inlet_event_extra.py
[2024-12-28T17:02:53.162+0000] {processor.py:925} INFO - DAG(s) 'read_dataset_event_from_classic', 'read_dataset_event' retrieved from /home/airflow/.local/lib/python3.12/site-packages/airflow/example_dags/example_inlet_event_extra.py
[2024-12-28T17:02:53.189+0000] {logging_mixin.py:190} INFO - [2024-12-28T17:02:53.188+0000] {dag.py:3239} INFO - Sync 2 DAGs
[2024-12-28T17:02:53.214+0000] {logging_mixin.py:190} INFO - [2024-12-28T17:02:53.214+0000] {dag.py:4180} INFO - Setting next_dagrun for read_dataset_event to 2024-12-27 00:00:00+00:00, run_after=2024-12-28 00:00:00+00:00
[2024-12-28T17:02:53.221+0000] {logging_mixin.py:190} INFO - [2024-12-28T17:02:53.220+0000] {dag.py:4180} INFO - Setting next_dagrun for read_dataset_event_from_classic to 2024-12-27 00:00:00+00:00, run_after=2024-12-28 00:00:00+00:00
[2024-12-28T17:02:53.240+0000] {processor.py:208} INFO - Processing /home/airflow/.local/lib/python3.12/site-packages/airflow/example_dags/example_inlet_event_extra.py took 0.653 seconds
[2024-12-28T17:03:24.083+0000] {processor.py:186} INFO - Started process (PID=1489) to work on /home/airflow/.local/lib/python3.12/site-packages/airflow/example_dags/example_inlet_event_extra.py
[2024-12-28T17:03:24.085+0000] {processor.py:914} INFO - Processing file /home/airflow/.local/lib/python3.12/site-packages/airflow/example_dags/example_inlet_event_extra.py for tasks to queue
[2024-12-28T17:03:24.088+0000] {logging_mixin.py:190} INFO - [2024-12-28T17:03:24.088+0000] {dagbag.py:588} INFO - Filling up the DagBag from /home/airflow/.local/lib/python3.12/site-packages/airflow/example_dags/example_inlet_event_extra.py
[2024-12-28T17:03:24.699+0000] {processor.py:925} INFO - DAG(s) 'read_dataset_event', 'read_dataset_event_from_classic' retrieved from /home/airflow/.local/lib/python3.12/site-packages/airflow/example_dags/example_inlet_event_extra.py
[2024-12-28T17:03:24.721+0000] {logging_mixin.py:190} INFO - [2024-12-28T17:03:24.721+0000] {dag.py:3239} INFO - Sync 2 DAGs
[2024-12-28T17:03:24.743+0000] {logging_mixin.py:190} INFO - [2024-12-28T17:03:24.743+0000] {dag.py:4180} INFO - Setting next_dagrun for read_dataset_event to 2024-12-27 00:00:00+00:00, run_after=2024-12-28 00:00:00+00:00
[2024-12-28T17:03:24.748+0000] {logging_mixin.py:190} INFO - [2024-12-28T17:03:24.747+0000] {dag.py:4180} INFO - Setting next_dagrun for read_dataset_event_from_classic to 2024-12-27 00:00:00+00:00, run_after=2024-12-28 00:00:00+00:00
[2024-12-28T17:03:24.766+0000] {processor.py:208} INFO - Processing /home/airflow/.local/lib/python3.12/site-packages/airflow/example_dags/example_inlet_event_extra.py took 0.689 seconds
[2024-12-28T17:03:54.945+0000] {processor.py:186} INFO - Started process (PID=1566) to work on /home/airflow/.local/lib/python3.12/site-packages/airflow/example_dags/example_inlet_event_extra.py
[2024-12-28T17:03:54.946+0000] {processor.py:914} INFO - Processing file /home/airflow/.local/lib/python3.12/site-packages/airflow/example_dags/example_inlet_event_extra.py for tasks to queue
[2024-12-28T17:03:54.948+0000] {logging_mixin.py:190} INFO - [2024-12-28T17:03:54.948+0000] {dagbag.py:588} INFO - Filling up the DagBag from /home/airflow/.local/lib/python3.12/site-packages/airflow/example_dags/example_inlet_event_extra.py
[2024-12-28T17:03:55.445+0000] {processor.py:925} INFO - DAG(s) 'read_dataset_event', 'read_dataset_event_from_classic' retrieved from /home/airflow/.local/lib/python3.12/site-packages/airflow/example_dags/example_inlet_event_extra.py
[2024-12-28T17:03:55.465+0000] {logging_mixin.py:190} INFO - [2024-12-28T17:03:55.464+0000] {dag.py:3239} INFO - Sync 2 DAGs
[2024-12-28T17:03:55.484+0000] {logging_mixin.py:190} INFO - [2024-12-28T17:03:55.484+0000] {dag.py:4180} INFO - Setting next_dagrun for read_dataset_event to 2024-12-27 00:00:00+00:00, run_after=2024-12-28 00:00:00+00:00
[2024-12-28T17:03:55.488+0000] {logging_mixin.py:190} INFO - [2024-12-28T17:03:55.488+0000] {dag.py:4180} INFO - Setting next_dagrun for read_dataset_event_from_classic to 2024-12-27 00:00:00+00:00, run_after=2024-12-28 00:00:00+00:00
[2024-12-28T17:03:55.504+0000] {processor.py:208} INFO - Processing /home/airflow/.local/lib/python3.12/site-packages/airflow/example_dags/example_inlet_event_extra.py took 0.563 seconds
