[2024-12-28T16:38:29.859+0000] {processor.py:186} INFO - Started process (PID=59) to work on /home/airflow/.local/lib/python3.12/site-packages/airflow/example_dags/example_bash_decorator.py
[2024-12-28T16:38:29.860+0000] {processor.py:914} INFO - Processing file /home/airflow/.local/lib/python3.12/site-packages/airflow/example_dags/example_bash_decorator.py for tasks to queue
[2024-12-28T16:38:29.862+0000] {logging_mixin.py:190} INFO - [2024-12-28T16:38:29.862+0000] {dagbag.py:588} INFO - Filling up the DagBag from /home/airflow/.local/lib/python3.12/site-packages/airflow/example_dags/example_bash_decorator.py
[2024-12-28T16:38:29.885+0000] {processor.py:925} INFO - DAG(s) 'example_bash_decorator' retrieved from /home/airflow/.local/lib/python3.12/site-packages/airflow/example_dags/example_bash_decorator.py
[2024-12-28T16:38:30.121+0000] {logging_mixin.py:190} INFO - [2024-12-28T16:38:30.120+0000] {override.py:1911} INFO - Created Permission View: can delete on DAG:example_bash_decorator
[2024-12-28T16:38:30.132+0000] {logging_mixin.py:190} INFO - [2024-12-28T16:38:30.132+0000] {override.py:1911} INFO - Created Permission View: can edit on DAG:example_bash_decorator
[2024-12-28T16:38:30.140+0000] {logging_mixin.py:190} INFO - [2024-12-28T16:38:30.140+0000] {override.py:1911} INFO - Created Permission View: can read on DAG:example_bash_decorator
[2024-12-28T16:38:30.149+0000] {logging_mixin.py:190} INFO - [2024-12-28T16:38:30.149+0000] {override.py:1911} INFO - Created Permission View: can create on DAG Run:example_bash_decorator
[2024-12-28T16:38:30.157+0000] {logging_mixin.py:190} INFO - [2024-12-28T16:38:30.157+0000] {override.py:1911} INFO - Created Permission View: can delete on DAG Run:example_bash_decorator
[2024-12-28T16:38:30.165+0000] {logging_mixin.py:190} INFO - [2024-12-28T16:38:30.165+0000] {override.py:1911} INFO - Created Permission View: menu access on DAG Run:example_bash_decorator
[2024-12-28T16:38:30.173+0000] {logging_mixin.py:190} INFO - [2024-12-28T16:38:30.173+0000] {override.py:1911} INFO - Created Permission View: can read on DAG Run:example_bash_decorator
[2024-12-28T16:38:30.174+0000] {logging_mixin.py:190} INFO - [2024-12-28T16:38:30.174+0000] {dag.py:3239} INFO - Sync 1 DAGs
[2024-12-28T16:38:30.185+0000] {logging_mixin.py:190} INFO - [2024-12-28T16:38:30.185+0000] {dag.py:3262} INFO - Creating ORM DAG for example_bash_decorator
[2024-12-28T16:38:30.186+0000] {logging_mixin.py:190} INFO - [2024-12-28T16:38:30.186+0000] {dag.py:4180} INFO - Setting next_dagrun for example_bash_decorator to None, run_after=None
[2024-12-28T16:38:30.203+0000] {processor.py:208} INFO - Processing /home/airflow/.local/lib/python3.12/site-packages/airflow/example_dags/example_bash_decorator.py took 0.350 seconds
[2024-12-28T16:39:00.299+0000] {processor.py:186} INFO - Started process (PID=128) to work on /home/airflow/.local/lib/python3.12/site-packages/airflow/example_dags/example_bash_decorator.py
[2024-12-28T16:39:00.300+0000] {processor.py:914} INFO - Processing file /home/airflow/.local/lib/python3.12/site-packages/airflow/example_dags/example_bash_decorator.py for tasks to queue
[2024-12-28T16:39:00.302+0000] {logging_mixin.py:190} INFO - [2024-12-28T16:39:00.302+0000] {dagbag.py:588} INFO - Filling up the DagBag from /home/airflow/.local/lib/python3.12/site-packages/airflow/example_dags/example_bash_decorator.py
[2024-12-28T16:39:00.318+0000] {processor.py:925} INFO - DAG(s) 'example_bash_decorator' retrieved from /home/airflow/.local/lib/python3.12/site-packages/airflow/example_dags/example_bash_decorator.py
[2024-12-28T16:39:00.344+0000] {logging_mixin.py:190} INFO - [2024-12-28T16:39:00.343+0000] {dag.py:3239} INFO - Sync 1 DAGs
[2024-12-28T16:39:00.359+0000] {logging_mixin.py:190} INFO - [2024-12-28T16:39:00.359+0000] {dag.py:4180} INFO - Setting next_dagrun for example_bash_decorator to None, run_after=None
[2024-12-28T16:39:00.381+0000] {processor.py:208} INFO - Processing /home/airflow/.local/lib/python3.12/site-packages/airflow/example_dags/example_bash_decorator.py took 0.089 seconds
[2024-12-28T16:39:30.477+0000] {processor.py:186} INFO - Started process (PID=191) to work on /home/airflow/.local/lib/python3.12/site-packages/airflow/example_dags/example_bash_decorator.py
[2024-12-28T16:39:30.477+0000] {processor.py:914} INFO - Processing file /home/airflow/.local/lib/python3.12/site-packages/airflow/example_dags/example_bash_decorator.py for tasks to queue
[2024-12-28T16:39:30.480+0000] {logging_mixin.py:190} INFO - [2024-12-28T16:39:30.480+0000] {dagbag.py:588} INFO - Filling up the DagBag from /home/airflow/.local/lib/python3.12/site-packages/airflow/example_dags/example_bash_decorator.py
[2024-12-28T16:39:30.500+0000] {processor.py:925} INFO - DAG(s) 'example_bash_decorator' retrieved from /home/airflow/.local/lib/python3.12/site-packages/airflow/example_dags/example_bash_decorator.py
[2024-12-28T16:39:30.529+0000] {logging_mixin.py:190} INFO - [2024-12-28T16:39:30.528+0000] {dag.py:3239} INFO - Sync 1 DAGs
[2024-12-28T16:39:30.546+0000] {logging_mixin.py:190} INFO - [2024-12-28T16:39:30.546+0000] {dag.py:4180} INFO - Setting next_dagrun for example_bash_decorator to None, run_after=None
[2024-12-28T16:39:30.572+0000] {processor.py:208} INFO - Processing /home/airflow/.local/lib/python3.12/site-packages/airflow/example_dags/example_bash_decorator.py took 0.103 seconds
[2024-12-28T16:40:00.756+0000] {processor.py:186} INFO - Started process (PID=254) to work on /home/airflow/.local/lib/python3.12/site-packages/airflow/example_dags/example_bash_decorator.py
[2024-12-28T16:40:00.758+0000] {processor.py:914} INFO - Processing file /home/airflow/.local/lib/python3.12/site-packages/airflow/example_dags/example_bash_decorator.py for tasks to queue
[2024-12-28T16:40:00.762+0000] {logging_mixin.py:190} INFO - [2024-12-28T16:40:00.762+0000] {dagbag.py:588} INFO - Filling up the DagBag from /home/airflow/.local/lib/python3.12/site-packages/airflow/example_dags/example_bash_decorator.py
[2024-12-28T16:40:00.785+0000] {processor.py:925} INFO - DAG(s) 'example_bash_decorator' retrieved from /home/airflow/.local/lib/python3.12/site-packages/airflow/example_dags/example_bash_decorator.py
[2024-12-28T16:40:00.822+0000] {logging_mixin.py:190} INFO - [2024-12-28T16:40:00.821+0000] {dag.py:3239} INFO - Sync 1 DAGs
[2024-12-28T16:40:00.839+0000] {logging_mixin.py:190} INFO - [2024-12-28T16:40:00.839+0000] {dag.py:4180} INFO - Setting next_dagrun for example_bash_decorator to None, run_after=None
[2024-12-28T16:40:00.865+0000] {processor.py:208} INFO - Processing /home/airflow/.local/lib/python3.12/site-packages/airflow/example_dags/example_bash_decorator.py took 0.119 seconds
[2024-12-28T16:42:37.510+0000] {processor.py:186} INFO - Started process (PID=64) to work on /home/airflow/.local/lib/python3.12/site-packages/airflow/example_dags/example_bash_decorator.py
[2024-12-28T16:42:37.511+0000] {processor.py:914} INFO - Processing file /home/airflow/.local/lib/python3.12/site-packages/airflow/example_dags/example_bash_decorator.py for tasks to queue
[2024-12-28T16:42:37.513+0000] {logging_mixin.py:190} INFO - [2024-12-28T16:42:37.513+0000] {dagbag.py:588} INFO - Filling up the DagBag from /home/airflow/.local/lib/python3.12/site-packages/airflow/example_dags/example_bash_decorator.py
[2024-12-28T16:42:37.548+0000] {processor.py:925} INFO - DAG(s) 'example_bash_decorator' retrieved from /home/airflow/.local/lib/python3.12/site-packages/airflow/example_dags/example_bash_decorator.py
[2024-12-28T16:42:37.819+0000] {logging_mixin.py:190} INFO - [2024-12-28T16:42:37.819+0000] {dag.py:3239} INFO - Sync 1 DAGs
[2024-12-28T16:42:37.833+0000] {logging_mixin.py:190} INFO - [2024-12-28T16:42:37.833+0000] {dag.py:4180} INFO - Setting next_dagrun for example_bash_decorator to None, run_after=None
[2024-12-28T16:42:37.856+0000] {processor.py:208} INFO - Processing /home/airflow/.local/lib/python3.12/site-packages/airflow/example_dags/example_bash_decorator.py took 0.355 seconds
[2024-12-28T16:43:08.763+0000] {processor.py:186} INFO - Started process (PID=127) to work on /home/airflow/.local/lib/python3.12/site-packages/airflow/example_dags/example_bash_decorator.py
[2024-12-28T16:43:08.766+0000] {processor.py:914} INFO - Processing file /home/airflow/.local/lib/python3.12/site-packages/airflow/example_dags/example_bash_decorator.py for tasks to queue
[2024-12-28T16:43:08.769+0000] {logging_mixin.py:190} INFO - [2024-12-28T16:43:08.769+0000] {dagbag.py:588} INFO - Filling up the DagBag from /home/airflow/.local/lib/python3.12/site-packages/airflow/example_dags/example_bash_decorator.py
[2024-12-28T16:43:08.785+0000] {processor.py:925} INFO - DAG(s) 'example_bash_decorator' retrieved from /home/airflow/.local/lib/python3.12/site-packages/airflow/example_dags/example_bash_decorator.py
[2024-12-28T16:43:08.814+0000] {logging_mixin.py:190} INFO - [2024-12-28T16:43:08.813+0000] {dag.py:3239} INFO - Sync 1 DAGs
[2024-12-28T16:43:08.829+0000] {logging_mixin.py:190} INFO - [2024-12-28T16:43:08.828+0000] {dag.py:4180} INFO - Setting next_dagrun for example_bash_decorator to None, run_after=None
[2024-12-28T16:43:08.850+0000] {processor.py:208} INFO - Processing /home/airflow/.local/lib/python3.12/site-packages/airflow/example_dags/example_bash_decorator.py took 0.093 seconds
[2024-12-28T16:43:39.554+0000] {processor.py:186} INFO - Started process (PID=190) to work on /home/airflow/.local/lib/python3.12/site-packages/airflow/example_dags/example_bash_decorator.py
[2024-12-28T16:43:39.555+0000] {processor.py:914} INFO - Processing file /home/airflow/.local/lib/python3.12/site-packages/airflow/example_dags/example_bash_decorator.py for tasks to queue
[2024-12-28T16:43:39.557+0000] {logging_mixin.py:190} INFO - [2024-12-28T16:43:39.557+0000] {dagbag.py:588} INFO - Filling up the DagBag from /home/airflow/.local/lib/python3.12/site-packages/airflow/example_dags/example_bash_decorator.py
[2024-12-28T16:43:39.570+0000] {processor.py:925} INFO - DAG(s) 'example_bash_decorator' retrieved from /home/airflow/.local/lib/python3.12/site-packages/airflow/example_dags/example_bash_decorator.py
[2024-12-28T16:43:39.593+0000] {logging_mixin.py:190} INFO - [2024-12-28T16:43:39.593+0000] {dag.py:3239} INFO - Sync 1 DAGs
[2024-12-28T16:43:39.606+0000] {logging_mixin.py:190} INFO - [2024-12-28T16:43:39.606+0000] {dag.py:4180} INFO - Setting next_dagrun for example_bash_decorator to None, run_after=None
[2024-12-28T16:43:39.622+0000] {processor.py:208} INFO - Processing /home/airflow/.local/lib/python3.12/site-packages/airflow/example_dags/example_bash_decorator.py took 0.073 seconds
[2024-12-28T16:44:09.840+0000] {processor.py:186} INFO - Started process (PID=253) to work on /home/airflow/.local/lib/python3.12/site-packages/airflow/example_dags/example_bash_decorator.py
[2024-12-28T16:44:09.843+0000] {processor.py:914} INFO - Processing file /home/airflow/.local/lib/python3.12/site-packages/airflow/example_dags/example_bash_decorator.py for tasks to queue
[2024-12-28T16:44:09.846+0000] {logging_mixin.py:190} INFO - [2024-12-28T16:44:09.845+0000] {dagbag.py:588} INFO - Filling up the DagBag from /home/airflow/.local/lib/python3.12/site-packages/airflow/example_dags/example_bash_decorator.py
[2024-12-28T16:44:09.862+0000] {processor.py:925} INFO - DAG(s) 'example_bash_decorator' retrieved from /home/airflow/.local/lib/python3.12/site-packages/airflow/example_dags/example_bash_decorator.py
[2024-12-28T16:44:09.889+0000] {logging_mixin.py:190} INFO - [2024-12-28T16:44:09.888+0000] {dag.py:3239} INFO - Sync 1 DAGs
[2024-12-28T16:44:09.905+0000] {logging_mixin.py:190} INFO - [2024-12-28T16:44:09.905+0000] {dag.py:4180} INFO - Setting next_dagrun for example_bash_decorator to None, run_after=None
[2024-12-28T16:44:09.936+0000] {processor.py:208} INFO - Processing /home/airflow/.local/lib/python3.12/site-packages/airflow/example_dags/example_bash_decorator.py took 0.102 seconds
[2024-12-28T16:44:40.457+0000] {processor.py:186} INFO - Started process (PID=316) to work on /home/airflow/.local/lib/python3.12/site-packages/airflow/example_dags/example_bash_decorator.py
[2024-12-28T16:44:40.460+0000] {processor.py:914} INFO - Processing file /home/airflow/.local/lib/python3.12/site-packages/airflow/example_dags/example_bash_decorator.py for tasks to queue
[2024-12-28T16:44:40.462+0000] {logging_mixin.py:190} INFO - [2024-12-28T16:44:40.461+0000] {dagbag.py:588} INFO - Filling up the DagBag from /home/airflow/.local/lib/python3.12/site-packages/airflow/example_dags/example_bash_decorator.py
[2024-12-28T16:44:40.475+0000] {processor.py:925} INFO - DAG(s) 'example_bash_decorator' retrieved from /home/airflow/.local/lib/python3.12/site-packages/airflow/example_dags/example_bash_decorator.py
[2024-12-28T16:44:40.496+0000] {logging_mixin.py:190} INFO - [2024-12-28T16:44:40.496+0000] {dag.py:3239} INFO - Sync 1 DAGs
[2024-12-28T16:44:40.508+0000] {logging_mixin.py:190} INFO - [2024-12-28T16:44:40.508+0000] {dag.py:4180} INFO - Setting next_dagrun for example_bash_decorator to None, run_after=None
[2024-12-28T16:44:40.523+0000] {processor.py:208} INFO - Processing /home/airflow/.local/lib/python3.12/site-packages/airflow/example_dags/example_bash_decorator.py took 0.071 seconds
[2024-12-28T16:45:10.630+0000] {processor.py:186} INFO - Started process (PID=379) to work on /home/airflow/.local/lib/python3.12/site-packages/airflow/example_dags/example_bash_decorator.py
[2024-12-28T16:45:10.631+0000] {processor.py:914} INFO - Processing file /home/airflow/.local/lib/python3.12/site-packages/airflow/example_dags/example_bash_decorator.py for tasks to queue
[2024-12-28T16:45:10.634+0000] {logging_mixin.py:190} INFO - [2024-12-28T16:45:10.633+0000] {dagbag.py:588} INFO - Filling up the DagBag from /home/airflow/.local/lib/python3.12/site-packages/airflow/example_dags/example_bash_decorator.py
[2024-12-28T16:45:10.650+0000] {processor.py:925} INFO - DAG(s) 'example_bash_decorator' retrieved from /home/airflow/.local/lib/python3.12/site-packages/airflow/example_dags/example_bash_decorator.py
[2024-12-28T16:45:10.678+0000] {logging_mixin.py:190} INFO - [2024-12-28T16:45:10.677+0000] {dag.py:3239} INFO - Sync 1 DAGs
[2024-12-28T16:45:10.693+0000] {logging_mixin.py:190} INFO - [2024-12-28T16:45:10.692+0000] {dag.py:4180} INFO - Setting next_dagrun for example_bash_decorator to None, run_after=None
[2024-12-28T16:45:10.715+0000] {processor.py:208} INFO - Processing /home/airflow/.local/lib/python3.12/site-packages/airflow/example_dags/example_bash_decorator.py took 0.093 seconds
[2024-12-28T16:45:41.297+0000] {processor.py:186} INFO - Started process (PID=442) to work on /home/airflow/.local/lib/python3.12/site-packages/airflow/example_dags/example_bash_decorator.py
[2024-12-28T16:45:41.300+0000] {processor.py:914} INFO - Processing file /home/airflow/.local/lib/python3.12/site-packages/airflow/example_dags/example_bash_decorator.py for tasks to queue
[2024-12-28T16:45:41.302+0000] {logging_mixin.py:190} INFO - [2024-12-28T16:45:41.302+0000] {dagbag.py:588} INFO - Filling up the DagBag from /home/airflow/.local/lib/python3.12/site-packages/airflow/example_dags/example_bash_decorator.py
[2024-12-28T16:45:41.319+0000] {processor.py:925} INFO - DAG(s) 'example_bash_decorator' retrieved from /home/airflow/.local/lib/python3.12/site-packages/airflow/example_dags/example_bash_decorator.py
[2024-12-28T16:45:41.346+0000] {logging_mixin.py:190} INFO - [2024-12-28T16:45:41.345+0000] {dag.py:3239} INFO - Sync 1 DAGs
[2024-12-28T16:45:41.362+0000] {logging_mixin.py:190} INFO - [2024-12-28T16:45:41.362+0000] {dag.py:4180} INFO - Setting next_dagrun for example_bash_decorator to None, run_after=None
[2024-12-28T16:45:41.382+0000] {processor.py:208} INFO - Processing /home/airflow/.local/lib/python3.12/site-packages/airflow/example_dags/example_bash_decorator.py took 0.092 seconds
[2024-12-28T16:46:11.916+0000] {processor.py:186} INFO - Started process (PID=505) to work on /home/airflow/.local/lib/python3.12/site-packages/airflow/example_dags/example_bash_decorator.py
[2024-12-28T16:46:11.918+0000] {processor.py:914} INFO - Processing file /home/airflow/.local/lib/python3.12/site-packages/airflow/example_dags/example_bash_decorator.py for tasks to queue
[2024-12-28T16:46:11.921+0000] {logging_mixin.py:190} INFO - [2024-12-28T16:46:11.921+0000] {dagbag.py:588} INFO - Filling up the DagBag from /home/airflow/.local/lib/python3.12/site-packages/airflow/example_dags/example_bash_decorator.py
[2024-12-28T16:46:11.940+0000] {processor.py:925} INFO - DAG(s) 'example_bash_decorator' retrieved from /home/airflow/.local/lib/python3.12/site-packages/airflow/example_dags/example_bash_decorator.py
[2024-12-28T16:46:11.967+0000] {logging_mixin.py:190} INFO - [2024-12-28T16:46:11.966+0000] {dag.py:3239} INFO - Sync 1 DAGs
[2024-12-28T16:46:11.983+0000] {logging_mixin.py:190} INFO - [2024-12-28T16:46:11.983+0000] {dag.py:4180} INFO - Setting next_dagrun for example_bash_decorator to None, run_after=None
[2024-12-28T16:46:12.003+0000] {processor.py:208} INFO - Processing /home/airflow/.local/lib/python3.12/site-packages/airflow/example_dags/example_bash_decorator.py took 0.094 seconds
[2024-12-28T16:46:42.503+0000] {processor.py:186} INFO - Started process (PID=574) to work on /home/airflow/.local/lib/python3.12/site-packages/airflow/example_dags/example_bash_decorator.py
[2024-12-28T16:46:42.506+0000] {processor.py:914} INFO - Processing file /home/airflow/.local/lib/python3.12/site-packages/airflow/example_dags/example_bash_decorator.py for tasks to queue
[2024-12-28T16:46:42.509+0000] {logging_mixin.py:190} INFO - [2024-12-28T16:46:42.508+0000] {dagbag.py:588} INFO - Filling up the DagBag from /home/airflow/.local/lib/python3.12/site-packages/airflow/example_dags/example_bash_decorator.py
[2024-12-28T16:46:42.526+0000] {processor.py:925} INFO - DAG(s) 'example_bash_decorator' retrieved from /home/airflow/.local/lib/python3.12/site-packages/airflow/example_dags/example_bash_decorator.py
[2024-12-28T16:46:42.552+0000] {logging_mixin.py:190} INFO - [2024-12-28T16:46:42.552+0000] {dag.py:3239} INFO - Sync 1 DAGs
[2024-12-28T16:46:42.568+0000] {logging_mixin.py:190} INFO - [2024-12-28T16:46:42.568+0000] {dag.py:4180} INFO - Setting next_dagrun for example_bash_decorator to None, run_after=None
[2024-12-28T16:46:42.589+0000] {processor.py:208} INFO - Processing /home/airflow/.local/lib/python3.12/site-packages/airflow/example_dags/example_bash_decorator.py took 0.092 seconds
[2024-12-28T16:47:12.641+0000] {processor.py:186} INFO - Started process (PID=637) to work on /home/airflow/.local/lib/python3.12/site-packages/airflow/example_dags/example_bash_decorator.py
[2024-12-28T16:47:12.643+0000] {processor.py:914} INFO - Processing file /home/airflow/.local/lib/python3.12/site-packages/airflow/example_dags/example_bash_decorator.py for tasks to queue
[2024-12-28T16:47:12.646+0000] {logging_mixin.py:190} INFO - [2024-12-28T16:47:12.645+0000] {dagbag.py:588} INFO - Filling up the DagBag from /home/airflow/.local/lib/python3.12/site-packages/airflow/example_dags/example_bash_decorator.py
[2024-12-28T16:47:12.667+0000] {processor.py:925} INFO - DAG(s) 'example_bash_decorator' retrieved from /home/airflow/.local/lib/python3.12/site-packages/airflow/example_dags/example_bash_decorator.py
[2024-12-28T16:47:12.696+0000] {logging_mixin.py:190} INFO - [2024-12-28T16:47:12.696+0000] {dag.py:3239} INFO - Sync 1 DAGs
[2024-12-28T16:47:12.712+0000] {logging_mixin.py:190} INFO - [2024-12-28T16:47:12.711+0000] {dag.py:4180} INFO - Setting next_dagrun for example_bash_decorator to None, run_after=None
[2024-12-28T16:47:12.732+0000] {processor.py:208} INFO - Processing /home/airflow/.local/lib/python3.12/site-packages/airflow/example_dags/example_bash_decorator.py took 0.096 seconds
[2024-12-28T16:47:43.158+0000] {processor.py:186} INFO - Started process (PID=701) to work on /home/airflow/.local/lib/python3.12/site-packages/airflow/example_dags/example_bash_decorator.py
[2024-12-28T16:47:43.159+0000] {processor.py:914} INFO - Processing file /home/airflow/.local/lib/python3.12/site-packages/airflow/example_dags/example_bash_decorator.py for tasks to queue
[2024-12-28T16:47:43.162+0000] {logging_mixin.py:190} INFO - [2024-12-28T16:47:43.161+0000] {dagbag.py:588} INFO - Filling up the DagBag from /home/airflow/.local/lib/python3.12/site-packages/airflow/example_dags/example_bash_decorator.py
[2024-12-28T16:47:43.178+0000] {processor.py:925} INFO - DAG(s) 'example_bash_decorator' retrieved from /home/airflow/.local/lib/python3.12/site-packages/airflow/example_dags/example_bash_decorator.py
[2024-12-28T16:47:43.208+0000] {logging_mixin.py:190} INFO - [2024-12-28T16:47:43.208+0000] {dag.py:3239} INFO - Sync 1 DAGs
[2024-12-28T16:47:43.226+0000] {logging_mixin.py:190} INFO - [2024-12-28T16:47:43.226+0000] {dag.py:4180} INFO - Setting next_dagrun for example_bash_decorator to None, run_after=None
[2024-12-28T16:47:43.247+0000] {processor.py:208} INFO - Processing /home/airflow/.local/lib/python3.12/site-packages/airflow/example_dags/example_bash_decorator.py took 0.097 seconds
[2024-12-28T16:52:19.863+0000] {processor.py:186} INFO - Started process (PID=60) to work on /home/airflow/.local/lib/python3.12/site-packages/airflow/example_dags/example_bash_decorator.py
[2024-12-28T16:52:19.864+0000] {processor.py:914} INFO - Processing file /home/airflow/.local/lib/python3.12/site-packages/airflow/example_dags/example_bash_decorator.py for tasks to queue
[2024-12-28T16:52:19.866+0000] {logging_mixin.py:190} INFO - [2024-12-28T16:52:19.866+0000] {dagbag.py:588} INFO - Filling up the DagBag from /home/airflow/.local/lib/python3.12/site-packages/airflow/example_dags/example_bash_decorator.py
[2024-12-28T16:52:19.893+0000] {processor.py:925} INFO - DAG(s) 'example_bash_decorator' retrieved from /home/airflow/.local/lib/python3.12/site-packages/airflow/example_dags/example_bash_decorator.py
[2024-12-28T16:52:20.122+0000] {logging_mixin.py:190} INFO - [2024-12-28T16:52:20.122+0000] {dag.py:3239} INFO - Sync 1 DAGs
[2024-12-28T16:52:20.132+0000] {logging_mixin.py:190} INFO - [2024-12-28T16:52:20.132+0000] {dag.py:4180} INFO - Setting next_dagrun for example_bash_decorator to None, run_after=None
[2024-12-28T16:52:20.154+0000] {processor.py:208} INFO - Processing /home/airflow/.local/lib/python3.12/site-packages/airflow/example_dags/example_bash_decorator.py took 0.297 seconds
[2024-12-28T16:52:50.737+0000] {processor.py:186} INFO - Started process (PID=130) to work on /home/airflow/.local/lib/python3.12/site-packages/airflow/example_dags/example_bash_decorator.py
[2024-12-28T16:52:50.738+0000] {processor.py:914} INFO - Processing file /home/airflow/.local/lib/python3.12/site-packages/airflow/example_dags/example_bash_decorator.py for tasks to queue
[2024-12-28T16:52:50.740+0000] {logging_mixin.py:190} INFO - [2024-12-28T16:52:50.740+0000] {dagbag.py:588} INFO - Filling up the DagBag from /home/airflow/.local/lib/python3.12/site-packages/airflow/example_dags/example_bash_decorator.py
[2024-12-28T16:52:50.755+0000] {processor.py:925} INFO - DAG(s) 'example_bash_decorator' retrieved from /home/airflow/.local/lib/python3.12/site-packages/airflow/example_dags/example_bash_decorator.py
[2024-12-28T16:52:50.785+0000] {logging_mixin.py:190} INFO - [2024-12-28T16:52:50.785+0000] {dag.py:3239} INFO - Sync 1 DAGs
[2024-12-28T16:52:50.800+0000] {logging_mixin.py:190} INFO - [2024-12-28T16:52:50.800+0000] {dag.py:4180} INFO - Setting next_dagrun for example_bash_decorator to None, run_after=None
[2024-12-28T16:52:50.821+0000] {processor.py:208} INFO - Processing /home/airflow/.local/lib/python3.12/site-packages/airflow/example_dags/example_bash_decorator.py took 0.090 seconds
[2024-12-28T16:53:21.095+0000] {processor.py:186} INFO - Started process (PID=194) to work on /home/airflow/.local/lib/python3.12/site-packages/airflow/example_dags/example_bash_decorator.py
[2024-12-28T16:53:21.097+0000] {processor.py:914} INFO - Processing file /home/airflow/.local/lib/python3.12/site-packages/airflow/example_dags/example_bash_decorator.py for tasks to queue
[2024-12-28T16:53:21.099+0000] {logging_mixin.py:190} INFO - [2024-12-28T16:53:21.099+0000] {dagbag.py:588} INFO - Filling up the DagBag from /home/airflow/.local/lib/python3.12/site-packages/airflow/example_dags/example_bash_decorator.py
[2024-12-28T16:53:21.114+0000] {processor.py:925} INFO - DAG(s) 'example_bash_decorator' retrieved from /home/airflow/.local/lib/python3.12/site-packages/airflow/example_dags/example_bash_decorator.py
[2024-12-28T16:53:21.137+0000] {logging_mixin.py:190} INFO - [2024-12-28T16:53:21.137+0000] {dag.py:3239} INFO - Sync 1 DAGs
[2024-12-28T16:53:21.150+0000] {logging_mixin.py:190} INFO - [2024-12-28T16:53:21.149+0000] {dag.py:4180} INFO - Setting next_dagrun for example_bash_decorator to None, run_after=None
[2024-12-28T16:53:21.166+0000] {processor.py:208} INFO - Processing /home/airflow/.local/lib/python3.12/site-packages/airflow/example_dags/example_bash_decorator.py took 0.078 seconds
[2024-12-28T16:53:51.733+0000] {processor.py:186} INFO - Started process (PID=262) to work on /home/airflow/.local/lib/python3.12/site-packages/airflow/example_dags/example_bash_decorator.py
[2024-12-28T16:53:51.735+0000] {processor.py:914} INFO - Processing file /home/airflow/.local/lib/python3.12/site-packages/airflow/example_dags/example_bash_decorator.py for tasks to queue
[2024-12-28T16:53:51.740+0000] {logging_mixin.py:190} INFO - [2024-12-28T16:53:51.739+0000] {dagbag.py:588} INFO - Filling up the DagBag from /home/airflow/.local/lib/python3.12/site-packages/airflow/example_dags/example_bash_decorator.py
[2024-12-28T16:53:51.773+0000] {processor.py:925} INFO - DAG(s) 'example_bash_decorator' retrieved from /home/airflow/.local/lib/python3.12/site-packages/airflow/example_dags/example_bash_decorator.py
[2024-12-28T16:53:51.817+0000] {logging_mixin.py:190} INFO - [2024-12-28T16:53:51.816+0000] {dag.py:3239} INFO - Sync 1 DAGs
[2024-12-28T16:53:51.843+0000] {logging_mixin.py:190} INFO - [2024-12-28T16:53:51.842+0000] {dag.py:4180} INFO - Setting next_dagrun for example_bash_decorator to None, run_after=None
[2024-12-28T16:53:51.877+0000] {processor.py:208} INFO - Processing /home/airflow/.local/lib/python3.12/site-packages/airflow/example_dags/example_bash_decorator.py took 0.154 seconds
[2024-12-28T16:54:21.973+0000] {processor.py:186} INFO - Started process (PID=326) to work on /home/airflow/.local/lib/python3.12/site-packages/airflow/example_dags/example_bash_decorator.py
[2024-12-28T16:54:21.974+0000] {processor.py:914} INFO - Processing file /home/airflow/.local/lib/python3.12/site-packages/airflow/example_dags/example_bash_decorator.py for tasks to queue
[2024-12-28T16:54:21.978+0000] {logging_mixin.py:190} INFO - [2024-12-28T16:54:21.977+0000] {dagbag.py:588} INFO - Filling up the DagBag from /home/airflow/.local/lib/python3.12/site-packages/airflow/example_dags/example_bash_decorator.py
[2024-12-28T16:54:22.001+0000] {processor.py:925} INFO - DAG(s) 'example_bash_decorator' retrieved from /home/airflow/.local/lib/python3.12/site-packages/airflow/example_dags/example_bash_decorator.py
[2024-12-28T16:54:22.029+0000] {logging_mixin.py:190} INFO - [2024-12-28T16:54:22.028+0000] {dag.py:3239} INFO - Sync 1 DAGs
[2024-12-28T16:54:22.045+0000] {logging_mixin.py:190} INFO - [2024-12-28T16:54:22.045+0000] {dag.py:4180} INFO - Setting next_dagrun for example_bash_decorator to None, run_after=None
[2024-12-28T16:54:22.073+0000] {processor.py:208} INFO - Processing /home/airflow/.local/lib/python3.12/site-packages/airflow/example_dags/example_bash_decorator.py took 0.109 seconds
[2024-12-28T16:54:52.471+0000] {processor.py:186} INFO - Started process (PID=390) to work on /home/airflow/.local/lib/python3.12/site-packages/airflow/example_dags/example_bash_decorator.py
[2024-12-28T16:54:52.477+0000] {processor.py:914} INFO - Processing file /home/airflow/.local/lib/python3.12/site-packages/airflow/example_dags/example_bash_decorator.py for tasks to queue
[2024-12-28T16:54:52.481+0000] {logging_mixin.py:190} INFO - [2024-12-28T16:54:52.480+0000] {dagbag.py:588} INFO - Filling up the DagBag from /home/airflow/.local/lib/python3.12/site-packages/airflow/example_dags/example_bash_decorator.py
[2024-12-28T16:54:52.507+0000] {processor.py:925} INFO - DAG(s) 'example_bash_decorator' retrieved from /home/airflow/.local/lib/python3.12/site-packages/airflow/example_dags/example_bash_decorator.py
[2024-12-28T16:54:52.550+0000] {logging_mixin.py:190} INFO - [2024-12-28T16:54:52.550+0000] {dag.py:3239} INFO - Sync 1 DAGs
[2024-12-28T16:54:52.576+0000] {logging_mixin.py:190} INFO - [2024-12-28T16:54:52.576+0000] {dag.py:4180} INFO - Setting next_dagrun for example_bash_decorator to None, run_after=None
[2024-12-28T16:54:52.608+0000] {processor.py:208} INFO - Processing /home/airflow/.local/lib/python3.12/site-packages/airflow/example_dags/example_bash_decorator.py took 0.147 seconds
[2024-12-28T16:55:23.527+0000] {processor.py:186} INFO - Started process (PID=454) to work on /home/airflow/.local/lib/python3.12/site-packages/airflow/example_dags/example_bash_decorator.py
[2024-12-28T16:55:23.532+0000] {processor.py:914} INFO - Processing file /home/airflow/.local/lib/python3.12/site-packages/airflow/example_dags/example_bash_decorator.py for tasks to queue
[2024-12-28T16:55:23.537+0000] {logging_mixin.py:190} INFO - [2024-12-28T16:55:23.536+0000] {dagbag.py:588} INFO - Filling up the DagBag from /home/airflow/.local/lib/python3.12/site-packages/airflow/example_dags/example_bash_decorator.py
[2024-12-28T16:55:23.568+0000] {processor.py:925} INFO - DAG(s) 'example_bash_decorator' retrieved from /home/airflow/.local/lib/python3.12/site-packages/airflow/example_dags/example_bash_decorator.py
[2024-12-28T16:55:23.611+0000] {logging_mixin.py:190} INFO - [2024-12-28T16:55:23.610+0000] {dag.py:3239} INFO - Sync 1 DAGs
[2024-12-28T16:55:23.638+0000] {logging_mixin.py:190} INFO - [2024-12-28T16:55:23.637+0000] {dag.py:4180} INFO - Setting next_dagrun for example_bash_decorator to None, run_after=None
[2024-12-28T16:55:23.683+0000] {processor.py:208} INFO - Processing /home/airflow/.local/lib/python3.12/site-packages/airflow/example_dags/example_bash_decorator.py took 0.166 seconds
[2024-12-28T16:55:53.974+0000] {processor.py:186} INFO - Started process (PID=518) to work on /home/airflow/.local/lib/python3.12/site-packages/airflow/example_dags/example_bash_decorator.py
[2024-12-28T16:55:53.975+0000] {processor.py:914} INFO - Processing file /home/airflow/.local/lib/python3.12/site-packages/airflow/example_dags/example_bash_decorator.py for tasks to queue
[2024-12-28T16:55:53.979+0000] {logging_mixin.py:190} INFO - [2024-12-28T16:55:53.978+0000] {dagbag.py:588} INFO - Filling up the DagBag from /home/airflow/.local/lib/python3.12/site-packages/airflow/example_dags/example_bash_decorator.py
[2024-12-28T16:55:54.003+0000] {processor.py:925} INFO - DAG(s) 'example_bash_decorator' retrieved from /home/airflow/.local/lib/python3.12/site-packages/airflow/example_dags/example_bash_decorator.py
[2024-12-28T16:55:54.042+0000] {logging_mixin.py:190} INFO - [2024-12-28T16:55:54.042+0000] {dag.py:3239} INFO - Sync 1 DAGs
[2024-12-28T16:55:54.065+0000] {logging_mixin.py:190} INFO - [2024-12-28T16:55:54.065+0000] {dag.py:4180} INFO - Setting next_dagrun for example_bash_decorator to None, run_after=None
[2024-12-28T16:55:54.094+0000] {processor.py:208} INFO - Processing /home/airflow/.local/lib/python3.12/site-packages/airflow/example_dags/example_bash_decorator.py took 0.128 seconds
[2024-12-28T16:56:24.609+0000] {processor.py:186} INFO - Started process (PID=582) to work on /home/airflow/.local/lib/python3.12/site-packages/airflow/example_dags/example_bash_decorator.py
[2024-12-28T16:56:24.611+0000] {processor.py:914} INFO - Processing file /home/airflow/.local/lib/python3.12/site-packages/airflow/example_dags/example_bash_decorator.py for tasks to queue
[2024-12-28T16:56:24.613+0000] {logging_mixin.py:190} INFO - [2024-12-28T16:56:24.613+0000] {dagbag.py:588} INFO - Filling up the DagBag from /home/airflow/.local/lib/python3.12/site-packages/airflow/example_dags/example_bash_decorator.py
[2024-12-28T16:56:24.628+0000] {processor.py:925} INFO - DAG(s) 'example_bash_decorator' retrieved from /home/airflow/.local/lib/python3.12/site-packages/airflow/example_dags/example_bash_decorator.py
[2024-12-28T16:56:24.655+0000] {logging_mixin.py:190} INFO - [2024-12-28T16:56:24.655+0000] {dag.py:3239} INFO - Sync 1 DAGs
[2024-12-28T16:56:24.670+0000] {logging_mixin.py:190} INFO - [2024-12-28T16:56:24.670+0000] {dag.py:4180} INFO - Setting next_dagrun for example_bash_decorator to None, run_after=None
[2024-12-28T16:56:24.692+0000] {processor.py:208} INFO - Processing /home/airflow/.local/lib/python3.12/site-packages/airflow/example_dags/example_bash_decorator.py took 0.089 seconds
[2024-12-28T16:56:55.641+0000] {processor.py:186} INFO - Started process (PID=646) to work on /home/airflow/.local/lib/python3.12/site-packages/airflow/example_dags/example_bash_decorator.py
[2024-12-28T16:56:55.642+0000] {processor.py:914} INFO - Processing file /home/airflow/.local/lib/python3.12/site-packages/airflow/example_dags/example_bash_decorator.py for tasks to queue
[2024-12-28T16:56:55.644+0000] {logging_mixin.py:190} INFO - [2024-12-28T16:56:55.644+0000] {dagbag.py:588} INFO - Filling up the DagBag from /home/airflow/.local/lib/python3.12/site-packages/airflow/example_dags/example_bash_decorator.py
[2024-12-28T16:56:55.657+0000] {processor.py:925} INFO - DAG(s) 'example_bash_decorator' retrieved from /home/airflow/.local/lib/python3.12/site-packages/airflow/example_dags/example_bash_decorator.py
[2024-12-28T16:56:55.681+0000] {logging_mixin.py:190} INFO - [2024-12-28T16:56:55.681+0000] {dag.py:3239} INFO - Sync 1 DAGs
[2024-12-28T16:56:55.694+0000] {logging_mixin.py:190} INFO - [2024-12-28T16:56:55.693+0000] {dag.py:4180} INFO - Setting next_dagrun for example_bash_decorator to None, run_after=None
[2024-12-28T16:56:55.711+0000] {processor.py:208} INFO - Processing /home/airflow/.local/lib/python3.12/site-packages/airflow/example_dags/example_bash_decorator.py took 0.076 seconds
[2024-12-28T16:57:26.248+0000] {processor.py:186} INFO - Started process (PID=710) to work on /home/airflow/.local/lib/python3.12/site-packages/airflow/example_dags/example_bash_decorator.py
[2024-12-28T16:57:26.250+0000] {processor.py:914} INFO - Processing file /home/airflow/.local/lib/python3.12/site-packages/airflow/example_dags/example_bash_decorator.py for tasks to queue
[2024-12-28T16:57:26.252+0000] {logging_mixin.py:190} INFO - [2024-12-28T16:57:26.252+0000] {dagbag.py:588} INFO - Filling up the DagBag from /home/airflow/.local/lib/python3.12/site-packages/airflow/example_dags/example_bash_decorator.py
[2024-12-28T16:57:26.267+0000] {processor.py:925} INFO - DAG(s) 'example_bash_decorator' retrieved from /home/airflow/.local/lib/python3.12/site-packages/airflow/example_dags/example_bash_decorator.py
[2024-12-28T16:57:26.291+0000] {logging_mixin.py:190} INFO - [2024-12-28T16:57:26.291+0000] {dag.py:3239} INFO - Sync 1 DAGs
[2024-12-28T16:57:26.304+0000] {logging_mixin.py:190} INFO - [2024-12-28T16:57:26.304+0000] {dag.py:4180} INFO - Setting next_dagrun for example_bash_decorator to None, run_after=None
[2024-12-28T16:57:26.322+0000] {processor.py:208} INFO - Processing /home/airflow/.local/lib/python3.12/site-packages/airflow/example_dags/example_bash_decorator.py took 0.080 seconds
[2024-12-28T16:57:56.937+0000] {processor.py:186} INFO - Started process (PID=774) to work on /home/airflow/.local/lib/python3.12/site-packages/airflow/example_dags/example_bash_decorator.py
[2024-12-28T16:57:56.939+0000] {processor.py:914} INFO - Processing file /home/airflow/.local/lib/python3.12/site-packages/airflow/example_dags/example_bash_decorator.py for tasks to queue
[2024-12-28T16:57:56.942+0000] {logging_mixin.py:190} INFO - [2024-12-28T16:57:56.941+0000] {dagbag.py:588} INFO - Filling up the DagBag from /home/airflow/.local/lib/python3.12/site-packages/airflow/example_dags/example_bash_decorator.py
[2024-12-28T16:57:56.955+0000] {processor.py:925} INFO - DAG(s) 'example_bash_decorator' retrieved from /home/airflow/.local/lib/python3.12/site-packages/airflow/example_dags/example_bash_decorator.py
[2024-12-28T16:57:56.977+0000] {logging_mixin.py:190} INFO - [2024-12-28T16:57:56.977+0000] {dag.py:3239} INFO - Sync 1 DAGs
[2024-12-28T16:57:56.991+0000] {logging_mixin.py:190} INFO - [2024-12-28T16:57:56.991+0000] {dag.py:4180} INFO - Setting next_dagrun for example_bash_decorator to None, run_after=None
[2024-12-28T16:57:57.008+0000] {processor.py:208} INFO - Processing /home/airflow/.local/lib/python3.12/site-packages/airflow/example_dags/example_bash_decorator.py took 0.077 seconds
[2024-12-28T16:58:27.197+0000] {processor.py:186} INFO - Started process (PID=838) to work on /home/airflow/.local/lib/python3.12/site-packages/airflow/example_dags/example_bash_decorator.py
[2024-12-28T16:58:27.200+0000] {processor.py:914} INFO - Processing file /home/airflow/.local/lib/python3.12/site-packages/airflow/example_dags/example_bash_decorator.py for tasks to queue
[2024-12-28T16:58:27.202+0000] {logging_mixin.py:190} INFO - [2024-12-28T16:58:27.202+0000] {dagbag.py:588} INFO - Filling up the DagBag from /home/airflow/.local/lib/python3.12/site-packages/airflow/example_dags/example_bash_decorator.py
[2024-12-28T16:58:27.216+0000] {processor.py:925} INFO - DAG(s) 'example_bash_decorator' retrieved from /home/airflow/.local/lib/python3.12/site-packages/airflow/example_dags/example_bash_decorator.py
[2024-12-28T16:58:27.240+0000] {logging_mixin.py:190} INFO - [2024-12-28T16:58:27.240+0000] {dag.py:3239} INFO - Sync 1 DAGs
[2024-12-28T16:58:27.255+0000] {logging_mixin.py:190} INFO - [2024-12-28T16:58:27.255+0000] {dag.py:4180} INFO - Setting next_dagrun for example_bash_decorator to None, run_after=None
[2024-12-28T16:58:27.272+0000] {processor.py:208} INFO - Processing /home/airflow/.local/lib/python3.12/site-packages/airflow/example_dags/example_bash_decorator.py took 0.081 seconds
[2024-12-28T16:58:57.521+0000] {processor.py:186} INFO - Started process (PID=902) to work on /home/airflow/.local/lib/python3.12/site-packages/airflow/example_dags/example_bash_decorator.py
[2024-12-28T16:58:57.524+0000] {processor.py:914} INFO - Processing file /home/airflow/.local/lib/python3.12/site-packages/airflow/example_dags/example_bash_decorator.py for tasks to queue
[2024-12-28T16:58:57.526+0000] {logging_mixin.py:190} INFO - [2024-12-28T16:58:57.526+0000] {dagbag.py:588} INFO - Filling up the DagBag from /home/airflow/.local/lib/python3.12/site-packages/airflow/example_dags/example_bash_decorator.py
[2024-12-28T16:58:57.541+0000] {processor.py:925} INFO - DAG(s) 'example_bash_decorator' retrieved from /home/airflow/.local/lib/python3.12/site-packages/airflow/example_dags/example_bash_decorator.py
[2024-12-28T16:58:57.565+0000] {logging_mixin.py:190} INFO - [2024-12-28T16:58:57.564+0000] {dag.py:3239} INFO - Sync 1 DAGs
[2024-12-28T16:58:57.579+0000] {logging_mixin.py:190} INFO - [2024-12-28T16:58:57.578+0000] {dag.py:4180} INFO - Setting next_dagrun for example_bash_decorator to None, run_after=None
[2024-12-28T16:58:57.597+0000] {processor.py:208} INFO - Processing /home/airflow/.local/lib/python3.12/site-packages/airflow/example_dags/example_bash_decorator.py took 0.082 seconds
[2024-12-28T16:59:27.692+0000] {processor.py:186} INFO - Started process (PID=966) to work on /home/airflow/.local/lib/python3.12/site-packages/airflow/example_dags/example_bash_decorator.py
[2024-12-28T16:59:27.694+0000] {processor.py:914} INFO - Processing file /home/airflow/.local/lib/python3.12/site-packages/airflow/example_dags/example_bash_decorator.py for tasks to queue
[2024-12-28T16:59:27.697+0000] {logging_mixin.py:190} INFO - [2024-12-28T16:59:27.697+0000] {dagbag.py:588} INFO - Filling up the DagBag from /home/airflow/.local/lib/python3.12/site-packages/airflow/example_dags/example_bash_decorator.py
[2024-12-28T16:59:27.710+0000] {processor.py:925} INFO - DAG(s) 'example_bash_decorator' retrieved from /home/airflow/.local/lib/python3.12/site-packages/airflow/example_dags/example_bash_decorator.py
[2024-12-28T16:59:27.731+0000] {logging_mixin.py:190} INFO - [2024-12-28T16:59:27.731+0000] {dag.py:3239} INFO - Sync 1 DAGs
[2024-12-28T16:59:27.745+0000] {logging_mixin.py:190} INFO - [2024-12-28T16:59:27.744+0000] {dag.py:4180} INFO - Setting next_dagrun for example_bash_decorator to None, run_after=None
[2024-12-28T16:59:27.761+0000] {processor.py:208} INFO - Processing /home/airflow/.local/lib/python3.12/site-packages/airflow/example_dags/example_bash_decorator.py took 0.074 seconds
[2024-12-28T16:59:58.632+0000] {processor.py:186} INFO - Started process (PID=1030) to work on /home/airflow/.local/lib/python3.12/site-packages/airflow/example_dags/example_bash_decorator.py
[2024-12-28T16:59:58.633+0000] {processor.py:914} INFO - Processing file /home/airflow/.local/lib/python3.12/site-packages/airflow/example_dags/example_bash_decorator.py for tasks to queue
[2024-12-28T16:59:58.635+0000] {logging_mixin.py:190} INFO - [2024-12-28T16:59:58.635+0000] {dagbag.py:588} INFO - Filling up the DagBag from /home/airflow/.local/lib/python3.12/site-packages/airflow/example_dags/example_bash_decorator.py
[2024-12-28T16:59:58.649+0000] {processor.py:925} INFO - DAG(s) 'example_bash_decorator' retrieved from /home/airflow/.local/lib/python3.12/site-packages/airflow/example_dags/example_bash_decorator.py
[2024-12-28T16:59:58.672+0000] {logging_mixin.py:190} INFO - [2024-12-28T16:59:58.672+0000] {dag.py:3239} INFO - Sync 1 DAGs
[2024-12-28T16:59:58.684+0000] {logging_mixin.py:190} INFO - [2024-12-28T16:59:58.684+0000] {dag.py:4180} INFO - Setting next_dagrun for example_bash_decorator to None, run_after=None
[2024-12-28T16:59:58.703+0000] {processor.py:208} INFO - Processing /home/airflow/.local/lib/python3.12/site-packages/airflow/example_dags/example_bash_decorator.py took 0.076 seconds
[2024-12-28T17:00:29.195+0000] {processor.py:186} INFO - Started process (PID=1094) to work on /home/airflow/.local/lib/python3.12/site-packages/airflow/example_dags/example_bash_decorator.py
[2024-12-28T17:00:29.195+0000] {processor.py:914} INFO - Processing file /home/airflow/.local/lib/python3.12/site-packages/airflow/example_dags/example_bash_decorator.py for tasks to queue
[2024-12-28T17:00:29.198+0000] {logging_mixin.py:190} INFO - [2024-12-28T17:00:29.197+0000] {dagbag.py:588} INFO - Filling up the DagBag from /home/airflow/.local/lib/python3.12/site-packages/airflow/example_dags/example_bash_decorator.py
[2024-12-28T17:00:29.210+0000] {processor.py:925} INFO - DAG(s) 'example_bash_decorator' retrieved from /home/airflow/.local/lib/python3.12/site-packages/airflow/example_dags/example_bash_decorator.py
[2024-12-28T17:00:29.231+0000] {logging_mixin.py:190} INFO - [2024-12-28T17:00:29.231+0000] {dag.py:3239} INFO - Sync 1 DAGs
[2024-12-28T17:00:29.244+0000] {logging_mixin.py:190} INFO - [2024-12-28T17:00:29.244+0000] {dag.py:4180} INFO - Setting next_dagrun for example_bash_decorator to None, run_after=None
[2024-12-28T17:00:29.259+0000] {processor.py:208} INFO - Processing /home/airflow/.local/lib/python3.12/site-packages/airflow/example_dags/example_bash_decorator.py took 0.070 seconds
[2024-12-28T17:00:59.629+0000] {processor.py:186} INFO - Started process (PID=1158) to work on /home/airflow/.local/lib/python3.12/site-packages/airflow/example_dags/example_bash_decorator.py
[2024-12-28T17:00:59.630+0000] {processor.py:914} INFO - Processing file /home/airflow/.local/lib/python3.12/site-packages/airflow/example_dags/example_bash_decorator.py for tasks to queue
[2024-12-28T17:00:59.632+0000] {logging_mixin.py:190} INFO - [2024-12-28T17:00:59.632+0000] {dagbag.py:588} INFO - Filling up the DagBag from /home/airflow/.local/lib/python3.12/site-packages/airflow/example_dags/example_bash_decorator.py
[2024-12-28T17:00:59.645+0000] {processor.py:925} INFO - DAG(s) 'example_bash_decorator' retrieved from /home/airflow/.local/lib/python3.12/site-packages/airflow/example_dags/example_bash_decorator.py
[2024-12-28T17:00:59.665+0000] {logging_mixin.py:190} INFO - [2024-12-28T17:00:59.665+0000] {dag.py:3239} INFO - Sync 1 DAGs
[2024-12-28T17:00:59.677+0000] {logging_mixin.py:190} INFO - [2024-12-28T17:00:59.676+0000] {dag.py:4180} INFO - Setting next_dagrun for example_bash_decorator to None, run_after=None
[2024-12-28T17:00:59.692+0000] {processor.py:208} INFO - Processing /home/airflow/.local/lib/python3.12/site-packages/airflow/example_dags/example_bash_decorator.py took 0.068 seconds
[2024-12-28T17:01:30.461+0000] {processor.py:186} INFO - Started process (PID=1222) to work on /home/airflow/.local/lib/python3.12/site-packages/airflow/example_dags/example_bash_decorator.py
[2024-12-28T17:01:30.463+0000] {processor.py:914} INFO - Processing file /home/airflow/.local/lib/python3.12/site-packages/airflow/example_dags/example_bash_decorator.py for tasks to queue
[2024-12-28T17:01:30.465+0000] {logging_mixin.py:190} INFO - [2024-12-28T17:01:30.465+0000] {dagbag.py:588} INFO - Filling up the DagBag from /home/airflow/.local/lib/python3.12/site-packages/airflow/example_dags/example_bash_decorator.py
[2024-12-28T17:01:30.480+0000] {processor.py:925} INFO - DAG(s) 'example_bash_decorator' retrieved from /home/airflow/.local/lib/python3.12/site-packages/airflow/example_dags/example_bash_decorator.py
[2024-12-28T17:01:30.501+0000] {logging_mixin.py:190} INFO - [2024-12-28T17:01:30.501+0000] {dag.py:3239} INFO - Sync 1 DAGs
[2024-12-28T17:01:30.514+0000] {logging_mixin.py:190} INFO - [2024-12-28T17:01:30.514+0000] {dag.py:4180} INFO - Setting next_dagrun for example_bash_decorator to None, run_after=None
[2024-12-28T17:01:30.530+0000] {processor.py:208} INFO - Processing /home/airflow/.local/lib/python3.12/site-packages/airflow/example_dags/example_bash_decorator.py took 0.074 seconds
[2024-12-28T17:02:01.124+0000] {processor.py:186} INFO - Started process (PID=1286) to work on /home/airflow/.local/lib/python3.12/site-packages/airflow/example_dags/example_bash_decorator.py
[2024-12-28T17:02:01.125+0000] {processor.py:914} INFO - Processing file /home/airflow/.local/lib/python3.12/site-packages/airflow/example_dags/example_bash_decorator.py for tasks to queue
[2024-12-28T17:02:01.127+0000] {logging_mixin.py:190} INFO - [2024-12-28T17:02:01.127+0000] {dagbag.py:588} INFO - Filling up the DagBag from /home/airflow/.local/lib/python3.12/site-packages/airflow/example_dags/example_bash_decorator.py
[2024-12-28T17:02:01.140+0000] {processor.py:925} INFO - DAG(s) 'example_bash_decorator' retrieved from /home/airflow/.local/lib/python3.12/site-packages/airflow/example_dags/example_bash_decorator.py
[2024-12-28T17:02:01.162+0000] {logging_mixin.py:190} INFO - [2024-12-28T17:02:01.162+0000] {dag.py:3239} INFO - Sync 1 DAGs
[2024-12-28T17:02:01.174+0000] {logging_mixin.py:190} INFO - [2024-12-28T17:02:01.174+0000] {dag.py:4180} INFO - Setting next_dagrun for example_bash_decorator to None, run_after=None
[2024-12-28T17:02:01.190+0000] {processor.py:208} INFO - Processing /home/airflow/.local/lib/python3.12/site-packages/airflow/example_dags/example_bash_decorator.py took 0.071 seconds
[2024-12-28T17:02:31.906+0000] {processor.py:186} INFO - Started process (PID=1359) to work on /home/airflow/.local/lib/python3.12/site-packages/airflow/example_dags/example_bash_decorator.py
[2024-12-28T17:02:31.909+0000] {processor.py:914} INFO - Processing file /home/airflow/.local/lib/python3.12/site-packages/airflow/example_dags/example_bash_decorator.py for tasks to queue
[2024-12-28T17:02:31.911+0000] {logging_mixin.py:190} INFO - [2024-12-28T17:02:31.911+0000] {dagbag.py:588} INFO - Filling up the DagBag from /home/airflow/.local/lib/python3.12/site-packages/airflow/example_dags/example_bash_decorator.py
[2024-12-28T17:02:31.924+0000] {processor.py:925} INFO - DAG(s) 'example_bash_decorator' retrieved from /home/airflow/.local/lib/python3.12/site-packages/airflow/example_dags/example_bash_decorator.py
[2024-12-28T17:02:31.945+0000] {logging_mixin.py:190} INFO - [2024-12-28T17:02:31.945+0000] {dag.py:3239} INFO - Sync 1 DAGs
[2024-12-28T17:02:31.958+0000] {logging_mixin.py:190} INFO - [2024-12-28T17:02:31.958+0000] {dag.py:4180} INFO - Setting next_dagrun for example_bash_decorator to None, run_after=None
[2024-12-28T17:02:31.974+0000] {processor.py:208} INFO - Processing /home/airflow/.local/lib/python3.12/site-packages/airflow/example_dags/example_bash_decorator.py took 0.073 seconds
[2024-12-28T17:03:02.194+0000] {processor.py:186} INFO - Started process (PID=1432) to work on /home/airflow/.local/lib/python3.12/site-packages/airflow/example_dags/example_bash_decorator.py
[2024-12-28T17:03:02.195+0000] {processor.py:914} INFO - Processing file /home/airflow/.local/lib/python3.12/site-packages/airflow/example_dags/example_bash_decorator.py for tasks to queue
[2024-12-28T17:03:02.197+0000] {logging_mixin.py:190} INFO - [2024-12-28T17:03:02.196+0000] {dagbag.py:588} INFO - Filling up the DagBag from /home/airflow/.local/lib/python3.12/site-packages/airflow/example_dags/example_bash_decorator.py
[2024-12-28T17:03:02.209+0000] {processor.py:925} INFO - DAG(s) 'example_bash_decorator' retrieved from /home/airflow/.local/lib/python3.12/site-packages/airflow/example_dags/example_bash_decorator.py
[2024-12-28T17:03:02.231+0000] {logging_mixin.py:190} INFO - [2024-12-28T17:03:02.231+0000] {dag.py:3239} INFO - Sync 1 DAGs
[2024-12-28T17:03:02.244+0000] {logging_mixin.py:190} INFO - [2024-12-28T17:03:02.243+0000] {dag.py:4180} INFO - Setting next_dagrun for example_bash_decorator to None, run_after=None
[2024-12-28T17:03:02.261+0000] {processor.py:208} INFO - Processing /home/airflow/.local/lib/python3.12/site-packages/airflow/example_dags/example_bash_decorator.py took 0.072 seconds
[2024-12-28T17:03:32.531+0000] {processor.py:186} INFO - Started process (PID=1509) to work on /home/airflow/.local/lib/python3.12/site-packages/airflow/example_dags/example_bash_decorator.py
[2024-12-28T17:03:32.532+0000] {processor.py:914} INFO - Processing file /home/airflow/.local/lib/python3.12/site-packages/airflow/example_dags/example_bash_decorator.py for tasks to queue
[2024-12-28T17:03:32.536+0000] {logging_mixin.py:190} INFO - [2024-12-28T17:03:32.535+0000] {dagbag.py:588} INFO - Filling up the DagBag from /home/airflow/.local/lib/python3.12/site-packages/airflow/example_dags/example_bash_decorator.py
[2024-12-28T17:03:32.560+0000] {processor.py:925} INFO - DAG(s) 'example_bash_decorator' retrieved from /home/airflow/.local/lib/python3.12/site-packages/airflow/example_dags/example_bash_decorator.py
[2024-12-28T17:03:32.616+0000] {logging_mixin.py:190} INFO - [2024-12-28T17:03:32.615+0000] {dag.py:3239} INFO - Sync 1 DAGs
[2024-12-28T17:03:32.648+0000] {logging_mixin.py:190} INFO - [2024-12-28T17:03:32.648+0000] {dag.py:4180} INFO - Setting next_dagrun for example_bash_decorator to None, run_after=None
[2024-12-28T17:03:32.693+0000] {processor.py:208} INFO - Processing /home/airflow/.local/lib/python3.12/site-packages/airflow/example_dags/example_bash_decorator.py took 0.175 seconds
[2024-12-28T17:04:02.841+0000] {processor.py:186} INFO - Started process (PID=1582) to work on /home/airflow/.local/lib/python3.12/site-packages/airflow/example_dags/example_bash_decorator.py
[2024-12-28T17:04:02.842+0000] {processor.py:914} INFO - Processing file /home/airflow/.local/lib/python3.12/site-packages/airflow/example_dags/example_bash_decorator.py for tasks to queue
[2024-12-28T17:04:02.844+0000] {logging_mixin.py:190} INFO - [2024-12-28T17:04:02.844+0000] {dagbag.py:588} INFO - Filling up the DagBag from /home/airflow/.local/lib/python3.12/site-packages/airflow/example_dags/example_bash_decorator.py
[2024-12-28T17:04:02.859+0000] {processor.py:925} INFO - DAG(s) 'example_bash_decorator' retrieved from /home/airflow/.local/lib/python3.12/site-packages/airflow/example_dags/example_bash_decorator.py
[2024-12-28T17:04:02.881+0000] {logging_mixin.py:190} INFO - [2024-12-28T17:04:02.881+0000] {dag.py:3239} INFO - Sync 1 DAGs
[2024-12-28T17:04:02.893+0000] {logging_mixin.py:190} INFO - [2024-12-28T17:04:02.892+0000] {dag.py:4180} INFO - Setting next_dagrun for example_bash_decorator to None, run_after=None
[2024-12-28T17:04:02.907+0000] {processor.py:208} INFO - Processing /home/airflow/.local/lib/python3.12/site-packages/airflow/example_dags/example_bash_decorator.py took 0.073 seconds
