[2024-12-28T16:38:33.800+0000] {processor.py:186} INFO - Started process (PID=89) to work on /home/airflow/.local/lib/python3.12/site-packages/airflow/example_dags/example_latest_only_with_trigger.py
[2024-12-28T16:38:33.801+0000] {processor.py:914} INFO - Processing file /home/airflow/.local/lib/python3.12/site-packages/airflow/example_dags/example_latest_only_with_trigger.py for tasks to queue
[2024-12-28T16:38:33.803+0000] {logging_mixin.py:190} INFO - [2024-12-28T16:38:33.803+0000] {dagbag.py:588} INFO - Filling up the DagBag from /home/airflow/.local/lib/python3.12/site-packages/airflow/example_dags/example_latest_only_with_trigger.py
[2024-12-28T16:38:33.811+0000] {processor.py:925} INFO - DAG(s) 'latest_only_with_trigger' retrieved from /home/airflow/.local/lib/python3.12/site-packages/airflow/example_dags/example_latest_only_with_trigger.py
[2024-12-28T16:38:33.919+0000] {logging_mixin.py:190} INFO - [2024-12-28T16:38:33.918+0000] {override.py:1911} INFO - Created Permission View: can delete on DAG:latest_only_with_trigger
[2024-12-28T16:38:33.928+0000] {logging_mixin.py:190} INFO - [2024-12-28T16:38:33.928+0000] {override.py:1911} INFO - Created Permission View: can edit on DAG:latest_only_with_trigger
[2024-12-28T16:38:33.935+0000] {logging_mixin.py:190} INFO - [2024-12-28T16:38:33.934+0000] {override.py:1911} INFO - Created Permission View: can read on DAG:latest_only_with_trigger
[2024-12-28T16:38:33.942+0000] {logging_mixin.py:190} INFO - [2024-12-28T16:38:33.941+0000] {override.py:1911} INFO - Created Permission View: can create on DAG Run:latest_only_with_trigger
[2024-12-28T16:38:33.949+0000] {logging_mixin.py:190} INFO - [2024-12-28T16:38:33.948+0000] {override.py:1911} INFO - Created Permission View: can delete on DAG Run:latest_only_with_trigger
[2024-12-28T16:38:33.955+0000] {logging_mixin.py:190} INFO - [2024-12-28T16:38:33.955+0000] {override.py:1911} INFO - Created Permission View: menu access on DAG Run:latest_only_with_trigger
[2024-12-28T16:38:33.962+0000] {logging_mixin.py:190} INFO - [2024-12-28T16:38:33.961+0000] {override.py:1911} INFO - Created Permission View: can read on DAG Run:latest_only_with_trigger
[2024-12-28T16:38:33.962+0000] {logging_mixin.py:190} INFO - [2024-12-28T16:38:33.962+0000] {dag.py:3239} INFO - Sync 1 DAGs
[2024-12-28T16:38:33.975+0000] {logging_mixin.py:190} INFO - [2024-12-28T16:38:33.975+0000] {dag.py:3262} INFO - Creating ORM DAG for latest_only_with_trigger
[2024-12-28T16:38:33.984+0000] {logging_mixin.py:190} INFO - [2024-12-28T16:38:33.984+0000] {dag.py:4180} INFO - Setting next_dagrun for latest_only_with_trigger to 2024-12-28 12:00:00+00:00, run_after=2024-12-28 16:00:00+00:00
[2024-12-28T16:38:34.000+0000] {processor.py:208} INFO - Processing /home/airflow/.local/lib/python3.12/site-packages/airflow/example_dags/example_latest_only_with_trigger.py took 0.206 seconds
[2024-12-28T16:39:04.107+0000] {processor.py:186} INFO - Started process (PID=151) to work on /home/airflow/.local/lib/python3.12/site-packages/airflow/example_dags/example_latest_only_with_trigger.py
[2024-12-28T16:39:04.109+0000] {processor.py:914} INFO - Processing file /home/airflow/.local/lib/python3.12/site-packages/airflow/example_dags/example_latest_only_with_trigger.py for tasks to queue
[2024-12-28T16:39:04.113+0000] {logging_mixin.py:190} INFO - [2024-12-28T16:39:04.112+0000] {dagbag.py:588} INFO - Filling up the DagBag from /home/airflow/.local/lib/python3.12/site-packages/airflow/example_dags/example_latest_only_with_trigger.py
[2024-12-28T16:39:04.124+0000] {processor.py:925} INFO - DAG(s) 'latest_only_with_trigger' retrieved from /home/airflow/.local/lib/python3.12/site-packages/airflow/example_dags/example_latest_only_with_trigger.py
[2024-12-28T16:39:04.151+0000] {logging_mixin.py:190} INFO - [2024-12-28T16:39:04.150+0000] {dag.py:3239} INFO - Sync 1 DAGs
[2024-12-28T16:39:04.178+0000] {logging_mixin.py:190} INFO - [2024-12-28T16:39:04.178+0000] {dag.py:4180} INFO - Setting next_dagrun for latest_only_with_trigger to 2024-12-28 12:00:00+00:00, run_after=2024-12-28 16:00:00+00:00
[2024-12-28T16:39:04.203+0000] {processor.py:208} INFO - Processing /home/airflow/.local/lib/python3.12/site-packages/airflow/example_dags/example_latest_only_with_trigger.py took 0.105 seconds
[2024-12-28T16:39:34.364+0000] {processor.py:186} INFO - Started process (PID=214) to work on /home/airflow/.local/lib/python3.12/site-packages/airflow/example_dags/example_latest_only_with_trigger.py
[2024-12-28T16:39:34.366+0000] {processor.py:914} INFO - Processing file /home/airflow/.local/lib/python3.12/site-packages/airflow/example_dags/example_latest_only_with_trigger.py for tasks to queue
[2024-12-28T16:39:34.371+0000] {logging_mixin.py:190} INFO - [2024-12-28T16:39:34.371+0000] {dagbag.py:588} INFO - Filling up the DagBag from /home/airflow/.local/lib/python3.12/site-packages/airflow/example_dags/example_latest_only_with_trigger.py
[2024-12-28T16:39:34.384+0000] {processor.py:925} INFO - DAG(s) 'latest_only_with_trigger' retrieved from /home/airflow/.local/lib/python3.12/site-packages/airflow/example_dags/example_latest_only_with_trigger.py
[2024-12-28T16:39:34.422+0000] {logging_mixin.py:190} INFO - [2024-12-28T16:39:34.422+0000] {dag.py:3239} INFO - Sync 1 DAGs
[2024-12-28T16:39:34.460+0000] {logging_mixin.py:190} INFO - [2024-12-28T16:39:34.460+0000] {dag.py:4180} INFO - Setting next_dagrun for latest_only_with_trigger to 2024-12-28 12:00:00+00:00, run_after=2024-12-28 16:00:00+00:00
[2024-12-28T16:39:34.493+0000] {processor.py:208} INFO - Processing /home/airflow/.local/lib/python3.12/site-packages/airflow/example_dags/example_latest_only_with_trigger.py took 0.139 seconds
[2024-12-28T16:40:05.331+0000] {processor.py:186} INFO - Started process (PID=277) to work on /home/airflow/.local/lib/python3.12/site-packages/airflow/example_dags/example_latest_only_with_trigger.py
[2024-12-28T16:40:05.333+0000] {processor.py:914} INFO - Processing file /home/airflow/.local/lib/python3.12/site-packages/airflow/example_dags/example_latest_only_with_trigger.py for tasks to queue
[2024-12-28T16:40:05.336+0000] {logging_mixin.py:190} INFO - [2024-12-28T16:40:05.335+0000] {dagbag.py:588} INFO - Filling up the DagBag from /home/airflow/.local/lib/python3.12/site-packages/airflow/example_dags/example_latest_only_with_trigger.py
[2024-12-28T16:40:05.345+0000] {processor.py:925} INFO - DAG(s) 'latest_only_with_trigger' retrieved from /home/airflow/.local/lib/python3.12/site-packages/airflow/example_dags/example_latest_only_with_trigger.py
[2024-12-28T16:40:05.372+0000] {logging_mixin.py:190} INFO - [2024-12-28T16:40:05.371+0000] {dag.py:3239} INFO - Sync 1 DAGs
[2024-12-28T16:40:05.397+0000] {logging_mixin.py:190} INFO - [2024-12-28T16:40:05.397+0000] {dag.py:4180} INFO - Setting next_dagrun for latest_only_with_trigger to 2024-12-28 12:00:00+00:00, run_after=2024-12-28 16:00:00+00:00
[2024-12-28T16:40:05.416+0000] {processor.py:208} INFO - Processing /home/airflow/.local/lib/python3.12/site-packages/airflow/example_dags/example_latest_only_with_trigger.py took 0.092 seconds
[2024-12-28T16:42:39.666+0000] {processor.py:186} INFO - Started process (PID=88) to work on /home/airflow/.local/lib/python3.12/site-packages/airflow/example_dags/example_latest_only_with_trigger.py
[2024-12-28T16:42:39.667+0000] {processor.py:914} INFO - Processing file /home/airflow/.local/lib/python3.12/site-packages/airflow/example_dags/example_latest_only_with_trigger.py for tasks to queue
[2024-12-28T16:42:39.669+0000] {logging_mixin.py:190} INFO - [2024-12-28T16:42:39.669+0000] {dagbag.py:588} INFO - Filling up the DagBag from /home/airflow/.local/lib/python3.12/site-packages/airflow/example_dags/example_latest_only_with_trigger.py
[2024-12-28T16:42:39.679+0000] {processor.py:925} INFO - DAG(s) 'latest_only_with_trigger' retrieved from /home/airflow/.local/lib/python3.12/site-packages/airflow/example_dags/example_latest_only_with_trigger.py
[2024-12-28T16:42:39.711+0000] {logging_mixin.py:190} INFO - [2024-12-28T16:42:39.711+0000] {dag.py:3239} INFO - Sync 1 DAGs
[2024-12-28T16:42:39.735+0000] {logging_mixin.py:190} INFO - [2024-12-28T16:42:39.735+0000] {dag.py:4180} INFO - Setting next_dagrun for latest_only_with_trigger to 2024-12-28 12:00:00+00:00, run_after=2024-12-28 16:00:00+00:00
[2024-12-28T16:42:39.754+0000] {processor.py:208} INFO - Processing /home/airflow/.local/lib/python3.12/site-packages/airflow/example_dags/example_latest_only_with_trigger.py took 0.094 seconds
[2024-12-28T16:43:10.525+0000] {processor.py:186} INFO - Started process (PID=150) to work on /home/airflow/.local/lib/python3.12/site-packages/airflow/example_dags/example_latest_only_with_trigger.py
[2024-12-28T16:43:10.526+0000] {processor.py:914} INFO - Processing file /home/airflow/.local/lib/python3.12/site-packages/airflow/example_dags/example_latest_only_with_trigger.py for tasks to queue
[2024-12-28T16:43:10.528+0000] {logging_mixin.py:190} INFO - [2024-12-28T16:43:10.528+0000] {dagbag.py:588} INFO - Filling up the DagBag from /home/airflow/.local/lib/python3.12/site-packages/airflow/example_dags/example_latest_only_with_trigger.py
[2024-12-28T16:43:10.535+0000] {processor.py:925} INFO - DAG(s) 'latest_only_with_trigger' retrieved from /home/airflow/.local/lib/python3.12/site-packages/airflow/example_dags/example_latest_only_with_trigger.py
[2024-12-28T16:43:10.554+0000] {logging_mixin.py:190} INFO - [2024-12-28T16:43:10.554+0000] {dag.py:3239} INFO - Sync 1 DAGs
[2024-12-28T16:43:10.576+0000] {logging_mixin.py:190} INFO - [2024-12-28T16:43:10.576+0000] {dag.py:4180} INFO - Setting next_dagrun for latest_only_with_trigger to 2024-12-28 12:00:00+00:00, run_after=2024-12-28 16:00:00+00:00
[2024-12-28T16:43:10.592+0000] {processor.py:208} INFO - Processing /home/airflow/.local/lib/python3.12/site-packages/airflow/example_dags/example_latest_only_with_trigger.py took 0.072 seconds
[2024-12-28T16:43:40.855+0000] {processor.py:186} INFO - Started process (PID=213) to work on /home/airflow/.local/lib/python3.12/site-packages/airflow/example_dags/example_latest_only_with_trigger.py
[2024-12-28T16:43:40.856+0000] {processor.py:914} INFO - Processing file /home/airflow/.local/lib/python3.12/site-packages/airflow/example_dags/example_latest_only_with_trigger.py for tasks to queue
[2024-12-28T16:43:40.858+0000] {logging_mixin.py:190} INFO - [2024-12-28T16:43:40.858+0000] {dagbag.py:588} INFO - Filling up the DagBag from /home/airflow/.local/lib/python3.12/site-packages/airflow/example_dags/example_latest_only_with_trigger.py
[2024-12-28T16:43:40.865+0000] {processor.py:925} INFO - DAG(s) 'latest_only_with_trigger' retrieved from /home/airflow/.local/lib/python3.12/site-packages/airflow/example_dags/example_latest_only_with_trigger.py
[2024-12-28T16:43:40.886+0000] {logging_mixin.py:190} INFO - [2024-12-28T16:43:40.886+0000] {dag.py:3239} INFO - Sync 1 DAGs
[2024-12-28T16:43:40.907+0000] {logging_mixin.py:190} INFO - [2024-12-28T16:43:40.907+0000] {dag.py:4180} INFO - Setting next_dagrun for latest_only_with_trigger to 2024-12-28 12:00:00+00:00, run_after=2024-12-28 16:00:00+00:00
[2024-12-28T16:43:40.924+0000] {processor.py:208} INFO - Processing /home/airflow/.local/lib/python3.12/site-packages/airflow/example_dags/example_latest_only_with_trigger.py took 0.074 seconds
[2024-12-28T16:44:11.596+0000] {processor.py:186} INFO - Started process (PID=276) to work on /home/airflow/.local/lib/python3.12/site-packages/airflow/example_dags/example_latest_only_with_trigger.py
[2024-12-28T16:44:11.597+0000] {processor.py:914} INFO - Processing file /home/airflow/.local/lib/python3.12/site-packages/airflow/example_dags/example_latest_only_with_trigger.py for tasks to queue
[2024-12-28T16:44:11.598+0000] {logging_mixin.py:190} INFO - [2024-12-28T16:44:11.598+0000] {dagbag.py:588} INFO - Filling up the DagBag from /home/airflow/.local/lib/python3.12/site-packages/airflow/example_dags/example_latest_only_with_trigger.py
[2024-12-28T16:44:11.605+0000] {processor.py:925} INFO - DAG(s) 'latest_only_with_trigger' retrieved from /home/airflow/.local/lib/python3.12/site-packages/airflow/example_dags/example_latest_only_with_trigger.py
[2024-12-28T16:44:11.626+0000] {logging_mixin.py:190} INFO - [2024-12-28T16:44:11.626+0000] {dag.py:3239} INFO - Sync 1 DAGs
[2024-12-28T16:44:11.649+0000] {logging_mixin.py:190} INFO - [2024-12-28T16:44:11.649+0000] {dag.py:4180} INFO - Setting next_dagrun for latest_only_with_trigger to 2024-12-28 12:00:00+00:00, run_after=2024-12-28 16:00:00+00:00
[2024-12-28T16:44:11.666+0000] {processor.py:208} INFO - Processing /home/airflow/.local/lib/python3.12/site-packages/airflow/example_dags/example_latest_only_with_trigger.py took 0.076 seconds
[2024-12-28T16:44:41.748+0000] {processor.py:186} INFO - Started process (PID=339) to work on /home/airflow/.local/lib/python3.12/site-packages/airflow/example_dags/example_latest_only_with_trigger.py
[2024-12-28T16:44:41.749+0000] {processor.py:914} INFO - Processing file /home/airflow/.local/lib/python3.12/site-packages/airflow/example_dags/example_latest_only_with_trigger.py for tasks to queue
[2024-12-28T16:44:41.751+0000] {logging_mixin.py:190} INFO - [2024-12-28T16:44:41.751+0000] {dagbag.py:588} INFO - Filling up the DagBag from /home/airflow/.local/lib/python3.12/site-packages/airflow/example_dags/example_latest_only_with_trigger.py
[2024-12-28T16:44:41.758+0000] {processor.py:925} INFO - DAG(s) 'latest_only_with_trigger' retrieved from /home/airflow/.local/lib/python3.12/site-packages/airflow/example_dags/example_latest_only_with_trigger.py
[2024-12-28T16:44:41.777+0000] {logging_mixin.py:190} INFO - [2024-12-28T16:44:41.777+0000] {dag.py:3239} INFO - Sync 1 DAGs
[2024-12-28T16:44:41.798+0000] {logging_mixin.py:190} INFO - [2024-12-28T16:44:41.798+0000] {dag.py:4180} INFO - Setting next_dagrun for latest_only_with_trigger to 2024-12-28 12:00:00+00:00, run_after=2024-12-28 16:00:00+00:00
[2024-12-28T16:44:41.813+0000] {processor.py:208} INFO - Processing /home/airflow/.local/lib/python3.12/site-packages/airflow/example_dags/example_latest_only_with_trigger.py took 0.070 seconds
[2024-12-28T16:45:12.332+0000] {processor.py:186} INFO - Started process (PID=408) to work on /home/airflow/.local/lib/python3.12/site-packages/airflow/example_dags/example_latest_only_with_trigger.py
[2024-12-28T16:45:12.334+0000] {processor.py:914} INFO - Processing file /home/airflow/.local/lib/python3.12/site-packages/airflow/example_dags/example_latest_only_with_trigger.py for tasks to queue
[2024-12-28T16:45:12.336+0000] {logging_mixin.py:190} INFO - [2024-12-28T16:45:12.336+0000] {dagbag.py:588} INFO - Filling up the DagBag from /home/airflow/.local/lib/python3.12/site-packages/airflow/example_dags/example_latest_only_with_trigger.py
[2024-12-28T16:45:12.343+0000] {processor.py:925} INFO - DAG(s) 'latest_only_with_trigger' retrieved from /home/airflow/.local/lib/python3.12/site-packages/airflow/example_dags/example_latest_only_with_trigger.py
[2024-12-28T16:45:12.363+0000] {logging_mixin.py:190} INFO - [2024-12-28T16:45:12.363+0000] {dag.py:3239} INFO - Sync 1 DAGs
[2024-12-28T16:45:12.387+0000] {logging_mixin.py:190} INFO - [2024-12-28T16:45:12.387+0000] {dag.py:4180} INFO - Setting next_dagrun for latest_only_with_trigger to 2024-12-28 12:00:00+00:00, run_after=2024-12-28 16:00:00+00:00
[2024-12-28T16:45:12.404+0000] {processor.py:208} INFO - Processing /home/airflow/.local/lib/python3.12/site-packages/airflow/example_dags/example_latest_only_with_trigger.py took 0.077 seconds
[2024-12-28T16:45:42.821+0000] {processor.py:186} INFO - Started process (PID=471) to work on /home/airflow/.local/lib/python3.12/site-packages/airflow/example_dags/example_latest_only_with_trigger.py
[2024-12-28T16:45:42.822+0000] {processor.py:914} INFO - Processing file /home/airflow/.local/lib/python3.12/site-packages/airflow/example_dags/example_latest_only_with_trigger.py for tasks to queue
[2024-12-28T16:45:42.824+0000] {logging_mixin.py:190} INFO - [2024-12-28T16:45:42.823+0000] {dagbag.py:588} INFO - Filling up the DagBag from /home/airflow/.local/lib/python3.12/site-packages/airflow/example_dags/example_latest_only_with_trigger.py
[2024-12-28T16:45:42.830+0000] {processor.py:925} INFO - DAG(s) 'latest_only_with_trigger' retrieved from /home/airflow/.local/lib/python3.12/site-packages/airflow/example_dags/example_latest_only_with_trigger.py
[2024-12-28T16:45:42.850+0000] {logging_mixin.py:190} INFO - [2024-12-28T16:45:42.850+0000] {dag.py:3239} INFO - Sync 1 DAGs
[2024-12-28T16:45:42.871+0000] {logging_mixin.py:190} INFO - [2024-12-28T16:45:42.871+0000] {dag.py:4180} INFO - Setting next_dagrun for latest_only_with_trigger to 2024-12-28 12:00:00+00:00, run_after=2024-12-28 16:00:00+00:00
[2024-12-28T16:45:42.887+0000] {processor.py:208} INFO - Processing /home/airflow/.local/lib/python3.12/site-packages/airflow/example_dags/example_latest_only_with_trigger.py took 0.072 seconds
[2024-12-28T16:46:13.678+0000] {processor.py:186} INFO - Started process (PID=534) to work on /home/airflow/.local/lib/python3.12/site-packages/airflow/example_dags/example_latest_only_with_trigger.py
[2024-12-28T16:46:13.679+0000] {processor.py:914} INFO - Processing file /home/airflow/.local/lib/python3.12/site-packages/airflow/example_dags/example_latest_only_with_trigger.py for tasks to queue
[2024-12-28T16:46:13.681+0000] {logging_mixin.py:190} INFO - [2024-12-28T16:46:13.680+0000] {dagbag.py:588} INFO - Filling up the DagBag from /home/airflow/.local/lib/python3.12/site-packages/airflow/example_dags/example_latest_only_with_trigger.py
[2024-12-28T16:46:13.687+0000] {processor.py:925} INFO - DAG(s) 'latest_only_with_trigger' retrieved from /home/airflow/.local/lib/python3.12/site-packages/airflow/example_dags/example_latest_only_with_trigger.py
[2024-12-28T16:46:13.706+0000] {logging_mixin.py:190} INFO - [2024-12-28T16:46:13.706+0000] {dag.py:3239} INFO - Sync 1 DAGs
[2024-12-28T16:46:13.727+0000] {logging_mixin.py:190} INFO - [2024-12-28T16:46:13.727+0000] {dag.py:4180} INFO - Setting next_dagrun for latest_only_with_trigger to 2024-12-28 12:00:00+00:00, run_after=2024-12-28 16:00:00+00:00
[2024-12-28T16:46:13.743+0000] {processor.py:208} INFO - Processing /home/airflow/.local/lib/python3.12/site-packages/airflow/example_dags/example_latest_only_with_trigger.py took 0.071 seconds
[2024-12-28T16:46:44.001+0000] {processor.py:186} INFO - Started process (PID=597) to work on /home/airflow/.local/lib/python3.12/site-packages/airflow/example_dags/example_latest_only_with_trigger.py
[2024-12-28T16:46:44.002+0000] {processor.py:914} INFO - Processing file /home/airflow/.local/lib/python3.12/site-packages/airflow/example_dags/example_latest_only_with_trigger.py for tasks to queue
[2024-12-28T16:46:44.005+0000] {logging_mixin.py:190} INFO - [2024-12-28T16:46:44.004+0000] {dagbag.py:588} INFO - Filling up the DagBag from /home/airflow/.local/lib/python3.12/site-packages/airflow/example_dags/example_latest_only_with_trigger.py
[2024-12-28T16:46:44.014+0000] {processor.py:925} INFO - DAG(s) 'latest_only_with_trigger' retrieved from /home/airflow/.local/lib/python3.12/site-packages/airflow/example_dags/example_latest_only_with_trigger.py
[2024-12-28T16:46:44.037+0000] {logging_mixin.py:190} INFO - [2024-12-28T16:46:44.037+0000] {dag.py:3239} INFO - Sync 1 DAGs
[2024-12-28T16:46:44.060+0000] {logging_mixin.py:190} INFO - [2024-12-28T16:46:44.060+0000] {dag.py:4180} INFO - Setting next_dagrun for latest_only_with_trigger to 2024-12-28 12:00:00+00:00, run_after=2024-12-28 16:00:00+00:00
[2024-12-28T16:46:44.078+0000] {processor.py:208} INFO - Processing /home/airflow/.local/lib/python3.12/site-packages/airflow/example_dags/example_latest_only_with_trigger.py took 0.083 seconds
[2024-12-28T16:47:14.184+0000] {processor.py:186} INFO - Started process (PID=660) to work on /home/airflow/.local/lib/python3.12/site-packages/airflow/example_dags/example_latest_only_with_trigger.py
[2024-12-28T16:47:14.185+0000] {processor.py:914} INFO - Processing file /home/airflow/.local/lib/python3.12/site-packages/airflow/example_dags/example_latest_only_with_trigger.py for tasks to queue
[2024-12-28T16:47:14.187+0000] {logging_mixin.py:190} INFO - [2024-12-28T16:47:14.187+0000] {dagbag.py:588} INFO - Filling up the DagBag from /home/airflow/.local/lib/python3.12/site-packages/airflow/example_dags/example_latest_only_with_trigger.py
[2024-12-28T16:47:14.194+0000] {processor.py:925} INFO - DAG(s) 'latest_only_with_trigger' retrieved from /home/airflow/.local/lib/python3.12/site-packages/airflow/example_dags/example_latest_only_with_trigger.py
[2024-12-28T16:47:14.213+0000] {logging_mixin.py:190} INFO - [2024-12-28T16:47:14.213+0000] {dag.py:3239} INFO - Sync 1 DAGs
[2024-12-28T16:47:14.235+0000] {logging_mixin.py:190} INFO - [2024-12-28T16:47:14.235+0000] {dag.py:4180} INFO - Setting next_dagrun for latest_only_with_trigger to 2024-12-28 12:00:00+00:00, run_after=2024-12-28 16:00:00+00:00
[2024-12-28T16:47:14.251+0000] {processor.py:208} INFO - Processing /home/airflow/.local/lib/python3.12/site-packages/airflow/example_dags/example_latest_only_with_trigger.py took 0.073 seconds
[2024-12-28T16:47:44.786+0000] {processor.py:186} INFO - Started process (PID=724) to work on /home/airflow/.local/lib/python3.12/site-packages/airflow/example_dags/example_latest_only_with_trigger.py
[2024-12-28T16:47:44.787+0000] {processor.py:914} INFO - Processing file /home/airflow/.local/lib/python3.12/site-packages/airflow/example_dags/example_latest_only_with_trigger.py for tasks to queue
[2024-12-28T16:47:44.789+0000] {logging_mixin.py:190} INFO - [2024-12-28T16:47:44.788+0000] {dagbag.py:588} INFO - Filling up the DagBag from /home/airflow/.local/lib/python3.12/site-packages/airflow/example_dags/example_latest_only_with_trigger.py
[2024-12-28T16:47:44.796+0000] {processor.py:925} INFO - DAG(s) 'latest_only_with_trigger' retrieved from /home/airflow/.local/lib/python3.12/site-packages/airflow/example_dags/example_latest_only_with_trigger.py
[2024-12-28T16:47:44.816+0000] {logging_mixin.py:190} INFO - [2024-12-28T16:47:44.816+0000] {dag.py:3239} INFO - Sync 1 DAGs
[2024-12-28T16:47:44.838+0000] {logging_mixin.py:190} INFO - [2024-12-28T16:47:44.838+0000] {dag.py:4180} INFO - Setting next_dagrun for latest_only_with_trigger to 2024-12-28 12:00:00+00:00, run_after=2024-12-28 16:00:00+00:00
[2024-12-28T16:47:44.855+0000] {processor.py:208} INFO - Processing /home/airflow/.local/lib/python3.12/site-packages/airflow/example_dags/example_latest_only_with_trigger.py took 0.074 seconds
[2024-12-28T16:52:22.167+0000] {processor.py:186} INFO - Started process (PID=90) to work on /home/airflow/.local/lib/python3.12/site-packages/airflow/example_dags/example_latest_only_with_trigger.py
[2024-12-28T16:52:22.168+0000] {processor.py:914} INFO - Processing file /home/airflow/.local/lib/python3.12/site-packages/airflow/example_dags/example_latest_only_with_trigger.py for tasks to queue
[2024-12-28T16:52:22.170+0000] {logging_mixin.py:190} INFO - [2024-12-28T16:52:22.170+0000] {dagbag.py:588} INFO - Filling up the DagBag from /home/airflow/.local/lib/python3.12/site-packages/airflow/example_dags/example_latest_only_with_trigger.py
[2024-12-28T16:52:22.178+0000] {processor.py:925} INFO - DAG(s) 'latest_only_with_trigger' retrieved from /home/airflow/.local/lib/python3.12/site-packages/airflow/example_dags/example_latest_only_with_trigger.py
[2024-12-28T16:52:22.204+0000] {logging_mixin.py:190} INFO - [2024-12-28T16:52:22.204+0000] {dag.py:3239} INFO - Sync 1 DAGs
[2024-12-28T16:52:22.228+0000] {logging_mixin.py:190} INFO - [2024-12-28T16:52:22.227+0000] {dag.py:4180} INFO - Setting next_dagrun for latest_only_with_trigger to 2024-12-28 12:00:00+00:00, run_after=2024-12-28 16:00:00+00:00
[2024-12-28T16:52:22.245+0000] {processor.py:208} INFO - Processing /home/airflow/.local/lib/python3.12/site-packages/airflow/example_dags/example_latest_only_with_trigger.py took 0.084 seconds
[2024-12-28T16:52:52.550+0000] {processor.py:186} INFO - Started process (PID=153) to work on /home/airflow/.local/lib/python3.12/site-packages/airflow/example_dags/example_latest_only_with_trigger.py
[2024-12-28T16:52:52.551+0000] {processor.py:914} INFO - Processing file /home/airflow/.local/lib/python3.12/site-packages/airflow/example_dags/example_latest_only_with_trigger.py for tasks to queue
[2024-12-28T16:52:52.553+0000] {logging_mixin.py:190} INFO - [2024-12-28T16:52:52.553+0000] {dagbag.py:588} INFO - Filling up the DagBag from /home/airflow/.local/lib/python3.12/site-packages/airflow/example_dags/example_latest_only_with_trigger.py
[2024-12-28T16:52:52.560+0000] {processor.py:925} INFO - DAG(s) 'latest_only_with_trigger' retrieved from /home/airflow/.local/lib/python3.12/site-packages/airflow/example_dags/example_latest_only_with_trigger.py
[2024-12-28T16:52:52.579+0000] {logging_mixin.py:190} INFO - [2024-12-28T16:52:52.578+0000] {dag.py:3239} INFO - Sync 1 DAGs
[2024-12-28T16:52:52.600+0000] {logging_mixin.py:190} INFO - [2024-12-28T16:52:52.600+0000] {dag.py:4180} INFO - Setting next_dagrun for latest_only_with_trigger to 2024-12-28 12:00:00+00:00, run_after=2024-12-28 16:00:00+00:00
[2024-12-28T16:52:52.616+0000] {processor.py:208} INFO - Processing /home/airflow/.local/lib/python3.12/site-packages/airflow/example_dags/example_latest_only_with_trigger.py took 0.071 seconds
[2024-12-28T16:53:22.874+0000] {processor.py:186} INFO - Started process (PID=217) to work on /home/airflow/.local/lib/python3.12/site-packages/airflow/example_dags/example_latest_only_with_trigger.py
[2024-12-28T16:53:22.875+0000] {processor.py:914} INFO - Processing file /home/airflow/.local/lib/python3.12/site-packages/airflow/example_dags/example_latest_only_with_trigger.py for tasks to queue
[2024-12-28T16:53:22.877+0000] {logging_mixin.py:190} INFO - [2024-12-28T16:53:22.877+0000] {dagbag.py:588} INFO - Filling up the DagBag from /home/airflow/.local/lib/python3.12/site-packages/airflow/example_dags/example_latest_only_with_trigger.py
[2024-12-28T16:53:22.883+0000] {processor.py:925} INFO - DAG(s) 'latest_only_with_trigger' retrieved from /home/airflow/.local/lib/python3.12/site-packages/airflow/example_dags/example_latest_only_with_trigger.py
[2024-12-28T16:53:22.903+0000] {logging_mixin.py:190} INFO - [2024-12-28T16:53:22.903+0000] {dag.py:3239} INFO - Sync 1 DAGs
[2024-12-28T16:53:22.925+0000] {logging_mixin.py:190} INFO - [2024-12-28T16:53:22.925+0000] {dag.py:4180} INFO - Setting next_dagrun for latest_only_with_trigger to 2024-12-28 12:00:00+00:00, run_after=2024-12-28 16:00:00+00:00
[2024-12-28T16:53:22.944+0000] {processor.py:208} INFO - Processing /home/airflow/.local/lib/python3.12/site-packages/airflow/example_dags/example_latest_only_with_trigger.py took 0.076 seconds
[2024-12-28T16:53:54.886+0000] {processor.py:186} INFO - Started process (PID=285) to work on /home/airflow/.local/lib/python3.12/site-packages/airflow/example_dags/example_latest_only_with_trigger.py
[2024-12-28T16:53:54.891+0000] {processor.py:914} INFO - Processing file /home/airflow/.local/lib/python3.12/site-packages/airflow/example_dags/example_latest_only_with_trigger.py for tasks to queue
[2024-12-28T16:53:54.896+0000] {logging_mixin.py:190} INFO - [2024-12-28T16:53:54.896+0000] {dagbag.py:588} INFO - Filling up the DagBag from /home/airflow/.local/lib/python3.12/site-packages/airflow/example_dags/example_latest_only_with_trigger.py
[2024-12-28T16:53:54.919+0000] {processor.py:925} INFO - DAG(s) 'latest_only_with_trigger' retrieved from /home/airflow/.local/lib/python3.12/site-packages/airflow/example_dags/example_latest_only_with_trigger.py
[2024-12-28T16:53:54.961+0000] {logging_mixin.py:190} INFO - [2024-12-28T16:53:54.961+0000] {dag.py:3239} INFO - Sync 1 DAGs
[2024-12-28T16:53:55.001+0000] {logging_mixin.py:190} INFO - [2024-12-28T16:53:55.001+0000] {dag.py:4180} INFO - Setting next_dagrun for latest_only_with_trigger to 2024-12-28 12:00:00+00:00, run_after=2024-12-28 16:00:00+00:00
[2024-12-28T16:53:55.037+0000] {processor.py:208} INFO - Processing /home/airflow/.local/lib/python3.12/site-packages/airflow/example_dags/example_latest_only_with_trigger.py took 0.169 seconds
[2024-12-28T16:54:26.285+0000] {processor.py:186} INFO - Started process (PID=349) to work on /home/airflow/.local/lib/python3.12/site-packages/airflow/example_dags/example_latest_only_with_trigger.py
[2024-12-28T16:54:26.290+0000] {processor.py:914} INFO - Processing file /home/airflow/.local/lib/python3.12/site-packages/airflow/example_dags/example_latest_only_with_trigger.py for tasks to queue
[2024-12-28T16:54:26.293+0000] {logging_mixin.py:190} INFO - [2024-12-28T16:54:26.293+0000] {dagbag.py:588} INFO - Filling up the DagBag from /home/airflow/.local/lib/python3.12/site-packages/airflow/example_dags/example_latest_only_with_trigger.py
[2024-12-28T16:54:26.307+0000] {processor.py:925} INFO - DAG(s) 'latest_only_with_trigger' retrieved from /home/airflow/.local/lib/python3.12/site-packages/airflow/example_dags/example_latest_only_with_trigger.py
[2024-12-28T16:54:26.358+0000] {logging_mixin.py:190} INFO - [2024-12-28T16:54:26.357+0000] {dag.py:3239} INFO - Sync 1 DAGs
[2024-12-28T16:54:26.401+0000] {logging_mixin.py:190} INFO - [2024-12-28T16:54:26.401+0000] {dag.py:4180} INFO - Setting next_dagrun for latest_only_with_trigger to 2024-12-28 12:00:00+00:00, run_after=2024-12-28 16:00:00+00:00
[2024-12-28T16:54:26.458+0000] {processor.py:208} INFO - Processing /home/airflow/.local/lib/python3.12/site-packages/airflow/example_dags/example_latest_only_with_trigger.py took 0.184 seconds
[2024-12-28T16:54:56.956+0000] {processor.py:186} INFO - Started process (PID=413) to work on /home/airflow/.local/lib/python3.12/site-packages/airflow/example_dags/example_latest_only_with_trigger.py
[2024-12-28T16:54:56.958+0000] {processor.py:914} INFO - Processing file /home/airflow/.local/lib/python3.12/site-packages/airflow/example_dags/example_latest_only_with_trigger.py for tasks to queue
[2024-12-28T16:54:56.965+0000] {logging_mixin.py:190} INFO - [2024-12-28T16:54:56.964+0000] {dagbag.py:588} INFO - Filling up the DagBag from /home/airflow/.local/lib/python3.12/site-packages/airflow/example_dags/example_latest_only_with_trigger.py
[2024-12-28T16:54:56.976+0000] {processor.py:925} INFO - DAG(s) 'latest_only_with_trigger' retrieved from /home/airflow/.local/lib/python3.12/site-packages/airflow/example_dags/example_latest_only_with_trigger.py
[2024-12-28T16:54:57.001+0000] {logging_mixin.py:190} INFO - [2024-12-28T16:54:57.001+0000] {dag.py:3239} INFO - Sync 1 DAGs
[2024-12-28T16:54:57.030+0000] {logging_mixin.py:190} INFO - [2024-12-28T16:54:57.030+0000] {dag.py:4180} INFO - Setting next_dagrun for latest_only_with_trigger to 2024-12-28 12:00:00+00:00, run_after=2024-12-28 16:00:00+00:00
[2024-12-28T16:54:57.052+0000] {processor.py:208} INFO - Processing /home/airflow/.local/lib/python3.12/site-packages/airflow/example_dags/example_latest_only_with_trigger.py took 0.103 seconds
[2024-12-28T16:55:27.267+0000] {processor.py:186} INFO - Started process (PID=477) to work on /home/airflow/.local/lib/python3.12/site-packages/airflow/example_dags/example_latest_only_with_trigger.py
[2024-12-28T16:55:27.268+0000] {processor.py:914} INFO - Processing file /home/airflow/.local/lib/python3.12/site-packages/airflow/example_dags/example_latest_only_with_trigger.py for tasks to queue
[2024-12-28T16:55:27.272+0000] {logging_mixin.py:190} INFO - [2024-12-28T16:55:27.271+0000] {dagbag.py:588} INFO - Filling up the DagBag from /home/airflow/.local/lib/python3.12/site-packages/airflow/example_dags/example_latest_only_with_trigger.py
[2024-12-28T16:55:27.284+0000] {processor.py:925} INFO - DAG(s) 'latest_only_with_trigger' retrieved from /home/airflow/.local/lib/python3.12/site-packages/airflow/example_dags/example_latest_only_with_trigger.py
[2024-12-28T16:55:27.315+0000] {logging_mixin.py:190} INFO - [2024-12-28T16:55:27.315+0000] {dag.py:3239} INFO - Sync 1 DAGs
[2024-12-28T16:55:27.346+0000] {logging_mixin.py:190} INFO - [2024-12-28T16:55:27.346+0000] {dag.py:4180} INFO - Setting next_dagrun for latest_only_with_trigger to 2024-12-28 12:00:00+00:00, run_after=2024-12-28 16:00:00+00:00
[2024-12-28T16:55:27.372+0000] {processor.py:208} INFO - Processing /home/airflow/.local/lib/python3.12/site-packages/airflow/example_dags/example_latest_only_with_trigger.py took 0.115 seconds
[2024-12-28T16:55:57.795+0000] {processor.py:186} INFO - Started process (PID=541) to work on /home/airflow/.local/lib/python3.12/site-packages/airflow/example_dags/example_latest_only_with_trigger.py
[2024-12-28T16:55:57.796+0000] {processor.py:914} INFO - Processing file /home/airflow/.local/lib/python3.12/site-packages/airflow/example_dags/example_latest_only_with_trigger.py for tasks to queue
[2024-12-28T16:55:57.799+0000] {logging_mixin.py:190} INFO - [2024-12-28T16:55:57.798+0000] {dagbag.py:588} INFO - Filling up the DagBag from /home/airflow/.local/lib/python3.12/site-packages/airflow/example_dags/example_latest_only_with_trigger.py
[2024-12-28T16:55:57.805+0000] {processor.py:925} INFO - DAG(s) 'latest_only_with_trigger' retrieved from /home/airflow/.local/lib/python3.12/site-packages/airflow/example_dags/example_latest_only_with_trigger.py
[2024-12-28T16:55:57.824+0000] {logging_mixin.py:190} INFO - [2024-12-28T16:55:57.823+0000] {dag.py:3239} INFO - Sync 1 DAGs
[2024-12-28T16:55:57.846+0000] {logging_mixin.py:190} INFO - [2024-12-28T16:55:57.846+0000] {dag.py:4180} INFO - Setting next_dagrun for latest_only_with_trigger to 2024-12-28 12:00:00+00:00, run_after=2024-12-28 16:00:00+00:00
[2024-12-28T16:55:57.863+0000] {processor.py:208} INFO - Processing /home/airflow/.local/lib/python3.12/site-packages/airflow/example_dags/example_latest_only_with_trigger.py took 0.073 seconds
[2024-12-28T16:56:28.238+0000] {processor.py:186} INFO - Started process (PID=605) to work on /home/airflow/.local/lib/python3.12/site-packages/airflow/example_dags/example_latest_only_with_trigger.py
[2024-12-28T16:56:28.239+0000] {processor.py:914} INFO - Processing file /home/airflow/.local/lib/python3.12/site-packages/airflow/example_dags/example_latest_only_with_trigger.py for tasks to queue
[2024-12-28T16:56:28.241+0000] {logging_mixin.py:190} INFO - [2024-12-28T16:56:28.240+0000] {dagbag.py:588} INFO - Filling up the DagBag from /home/airflow/.local/lib/python3.12/site-packages/airflow/example_dags/example_latest_only_with_trigger.py
[2024-12-28T16:56:28.248+0000] {processor.py:925} INFO - DAG(s) 'latest_only_with_trigger' retrieved from /home/airflow/.local/lib/python3.12/site-packages/airflow/example_dags/example_latest_only_with_trigger.py
[2024-12-28T16:56:28.267+0000] {logging_mixin.py:190} INFO - [2024-12-28T16:56:28.267+0000] {dag.py:3239} INFO - Sync 1 DAGs
[2024-12-28T16:56:28.289+0000] {logging_mixin.py:190} INFO - [2024-12-28T16:56:28.289+0000] {dag.py:4180} INFO - Setting next_dagrun for latest_only_with_trigger to 2024-12-28 12:00:00+00:00, run_after=2024-12-28 16:00:00+00:00
[2024-12-28T16:56:28.306+0000] {processor.py:208} INFO - Processing /home/airflow/.local/lib/python3.12/site-packages/airflow/example_dags/example_latest_only_with_trigger.py took 0.074 seconds
[2024-12-28T16:56:59.058+0000] {processor.py:186} INFO - Started process (PID=669) to work on /home/airflow/.local/lib/python3.12/site-packages/airflow/example_dags/example_latest_only_with_trigger.py
[2024-12-28T16:56:59.059+0000] {processor.py:914} INFO - Processing file /home/airflow/.local/lib/python3.12/site-packages/airflow/example_dags/example_latest_only_with_trigger.py for tasks to queue
[2024-12-28T16:56:59.061+0000] {logging_mixin.py:190} INFO - [2024-12-28T16:56:59.061+0000] {dagbag.py:588} INFO - Filling up the DagBag from /home/airflow/.local/lib/python3.12/site-packages/airflow/example_dags/example_latest_only_with_trigger.py
[2024-12-28T16:56:59.068+0000] {processor.py:925} INFO - DAG(s) 'latest_only_with_trigger' retrieved from /home/airflow/.local/lib/python3.12/site-packages/airflow/example_dags/example_latest_only_with_trigger.py
[2024-12-28T16:56:59.089+0000] {logging_mixin.py:190} INFO - [2024-12-28T16:56:59.089+0000] {dag.py:3239} INFO - Sync 1 DAGs
[2024-12-28T16:56:59.111+0000] {logging_mixin.py:190} INFO - [2024-12-28T16:56:59.110+0000] {dag.py:4180} INFO - Setting next_dagrun for latest_only_with_trigger to 2024-12-28 12:00:00+00:00, run_after=2024-12-28 16:00:00+00:00
[2024-12-28T16:56:59.127+0000] {processor.py:208} INFO - Processing /home/airflow/.local/lib/python3.12/site-packages/airflow/example_dags/example_latest_only_with_trigger.py took 0.075 seconds
[2024-12-28T16:57:29.685+0000] {processor.py:186} INFO - Started process (PID=733) to work on /home/airflow/.local/lib/python3.12/site-packages/airflow/example_dags/example_latest_only_with_trigger.py
[2024-12-28T16:57:29.686+0000] {processor.py:914} INFO - Processing file /home/airflow/.local/lib/python3.12/site-packages/airflow/example_dags/example_latest_only_with_trigger.py for tasks to queue
[2024-12-28T16:57:29.688+0000] {logging_mixin.py:190} INFO - [2024-12-28T16:57:29.687+0000] {dagbag.py:588} INFO - Filling up the DagBag from /home/airflow/.local/lib/python3.12/site-packages/airflow/example_dags/example_latest_only_with_trigger.py
[2024-12-28T16:57:29.695+0000] {processor.py:925} INFO - DAG(s) 'latest_only_with_trigger' retrieved from /home/airflow/.local/lib/python3.12/site-packages/airflow/example_dags/example_latest_only_with_trigger.py
[2024-12-28T16:57:29.716+0000] {logging_mixin.py:190} INFO - [2024-12-28T16:57:29.716+0000] {dag.py:3239} INFO - Sync 1 DAGs
[2024-12-28T16:57:29.740+0000] {logging_mixin.py:190} INFO - [2024-12-28T16:57:29.739+0000] {dag.py:4180} INFO - Setting next_dagrun for latest_only_with_trigger to 2024-12-28 12:00:00+00:00, run_after=2024-12-28 16:00:00+00:00
[2024-12-28T16:57:29.756+0000] {processor.py:208} INFO - Processing /home/airflow/.local/lib/python3.12/site-packages/airflow/example_dags/example_latest_only_with_trigger.py took 0.077 seconds
[2024-12-28T16:58:00.364+0000] {processor.py:186} INFO - Started process (PID=797) to work on /home/airflow/.local/lib/python3.12/site-packages/airflow/example_dags/example_latest_only_with_trigger.py
[2024-12-28T16:58:00.365+0000] {processor.py:914} INFO - Processing file /home/airflow/.local/lib/python3.12/site-packages/airflow/example_dags/example_latest_only_with_trigger.py for tasks to queue
[2024-12-28T16:58:00.367+0000] {logging_mixin.py:190} INFO - [2024-12-28T16:58:00.367+0000] {dagbag.py:588} INFO - Filling up the DagBag from /home/airflow/.local/lib/python3.12/site-packages/airflow/example_dags/example_latest_only_with_trigger.py
[2024-12-28T16:58:00.375+0000] {processor.py:925} INFO - DAG(s) 'latest_only_with_trigger' retrieved from /home/airflow/.local/lib/python3.12/site-packages/airflow/example_dags/example_latest_only_with_trigger.py
[2024-12-28T16:58:00.394+0000] {logging_mixin.py:190} INFO - [2024-12-28T16:58:00.394+0000] {dag.py:3239} INFO - Sync 1 DAGs
[2024-12-28T16:58:00.415+0000] {logging_mixin.py:190} INFO - [2024-12-28T16:58:00.415+0000] {dag.py:4180} INFO - Setting next_dagrun for latest_only_with_trigger to 2024-12-28 12:00:00+00:00, run_after=2024-12-28 16:00:00+00:00
[2024-12-28T16:58:00.432+0000] {processor.py:208} INFO - Processing /home/airflow/.local/lib/python3.12/site-packages/airflow/example_dags/example_latest_only_with_trigger.py took 0.073 seconds
[2024-12-28T16:58:30.648+0000] {processor.py:186} INFO - Started process (PID=861) to work on /home/airflow/.local/lib/python3.12/site-packages/airflow/example_dags/example_latest_only_with_trigger.py
[2024-12-28T16:58:30.649+0000] {processor.py:914} INFO - Processing file /home/airflow/.local/lib/python3.12/site-packages/airflow/example_dags/example_latest_only_with_trigger.py for tasks to queue
[2024-12-28T16:58:30.651+0000] {logging_mixin.py:190} INFO - [2024-12-28T16:58:30.650+0000] {dagbag.py:588} INFO - Filling up the DagBag from /home/airflow/.local/lib/python3.12/site-packages/airflow/example_dags/example_latest_only_with_trigger.py
[2024-12-28T16:58:30.657+0000] {processor.py:925} INFO - DAG(s) 'latest_only_with_trigger' retrieved from /home/airflow/.local/lib/python3.12/site-packages/airflow/example_dags/example_latest_only_with_trigger.py
[2024-12-28T16:58:30.678+0000] {logging_mixin.py:190} INFO - [2024-12-28T16:58:30.678+0000] {dag.py:3239} INFO - Sync 1 DAGs
[2024-12-28T16:58:30.700+0000] {logging_mixin.py:190} INFO - [2024-12-28T16:58:30.700+0000] {dag.py:4180} INFO - Setting next_dagrun for latest_only_with_trigger to 2024-12-28 12:00:00+00:00, run_after=2024-12-28 16:00:00+00:00
[2024-12-28T16:58:30.718+0000] {processor.py:208} INFO - Processing /home/airflow/.local/lib/python3.12/site-packages/airflow/example_dags/example_latest_only_with_trigger.py took 0.077 seconds
[2024-12-28T16:59:00.795+0000] {processor.py:186} INFO - Started process (PID=925) to work on /home/airflow/.local/lib/python3.12/site-packages/airflow/example_dags/example_latest_only_with_trigger.py
[2024-12-28T16:59:00.795+0000] {processor.py:914} INFO - Processing file /home/airflow/.local/lib/python3.12/site-packages/airflow/example_dags/example_latest_only_with_trigger.py for tasks to queue
[2024-12-28T16:59:00.797+0000] {logging_mixin.py:190} INFO - [2024-12-28T16:59:00.797+0000] {dagbag.py:588} INFO - Filling up the DagBag from /home/airflow/.local/lib/python3.12/site-packages/airflow/example_dags/example_latest_only_with_trigger.py
[2024-12-28T16:59:00.804+0000] {processor.py:925} INFO - DAG(s) 'latest_only_with_trigger' retrieved from /home/airflow/.local/lib/python3.12/site-packages/airflow/example_dags/example_latest_only_with_trigger.py
[2024-12-28T16:59:00.825+0000] {logging_mixin.py:190} INFO - [2024-12-28T16:59:00.825+0000] {dag.py:3239} INFO - Sync 1 DAGs
[2024-12-28T16:59:00.846+0000] {logging_mixin.py:190} INFO - [2024-12-28T16:59:00.845+0000] {dag.py:4180} INFO - Setting next_dagrun for latest_only_with_trigger to 2024-12-28 12:00:00+00:00, run_after=2024-12-28 16:00:00+00:00
[2024-12-28T16:59:00.861+0000] {processor.py:208} INFO - Processing /home/airflow/.local/lib/python3.12/site-packages/airflow/example_dags/example_latest_only_with_trigger.py took 0.072 seconds
[2024-12-28T16:59:31.178+0000] {processor.py:186} INFO - Started process (PID=989) to work on /home/airflow/.local/lib/python3.12/site-packages/airflow/example_dags/example_latest_only_with_trigger.py
[2024-12-28T16:59:31.179+0000] {processor.py:914} INFO - Processing file /home/airflow/.local/lib/python3.12/site-packages/airflow/example_dags/example_latest_only_with_trigger.py for tasks to queue
[2024-12-28T16:59:31.182+0000] {logging_mixin.py:190} INFO - [2024-12-28T16:59:31.182+0000] {dagbag.py:588} INFO - Filling up the DagBag from /home/airflow/.local/lib/python3.12/site-packages/airflow/example_dags/example_latest_only_with_trigger.py
[2024-12-28T16:59:31.189+0000] {processor.py:925} INFO - DAG(s) 'latest_only_with_trigger' retrieved from /home/airflow/.local/lib/python3.12/site-packages/airflow/example_dags/example_latest_only_with_trigger.py
[2024-12-28T16:59:31.209+0000] {logging_mixin.py:190} INFO - [2024-12-28T16:59:31.209+0000] {dag.py:3239} INFO - Sync 1 DAGs
[2024-12-28T16:59:31.233+0000] {logging_mixin.py:190} INFO - [2024-12-28T16:59:31.232+0000] {dag.py:4180} INFO - Setting next_dagrun for latest_only_with_trigger to 2024-12-28 12:00:00+00:00, run_after=2024-12-28 16:00:00+00:00
[2024-12-28T16:59:31.252+0000] {processor.py:208} INFO - Processing /home/airflow/.local/lib/python3.12/site-packages/airflow/example_dags/example_latest_only_with_trigger.py took 0.079 seconds
[2024-12-28T17:00:01.924+0000] {processor.py:186} INFO - Started process (PID=1053) to work on /home/airflow/.local/lib/python3.12/site-packages/airflow/example_dags/example_latest_only_with_trigger.py
[2024-12-28T17:00:01.925+0000] {processor.py:914} INFO - Processing file /home/airflow/.local/lib/python3.12/site-packages/airflow/example_dags/example_latest_only_with_trigger.py for tasks to queue
[2024-12-28T17:00:01.927+0000] {logging_mixin.py:190} INFO - [2024-12-28T17:00:01.927+0000] {dagbag.py:588} INFO - Filling up the DagBag from /home/airflow/.local/lib/python3.12/site-packages/airflow/example_dags/example_latest_only_with_trigger.py
[2024-12-28T17:00:01.934+0000] {processor.py:925} INFO - DAG(s) 'latest_only_with_trigger' retrieved from /home/airflow/.local/lib/python3.12/site-packages/airflow/example_dags/example_latest_only_with_trigger.py
[2024-12-28T17:00:01.954+0000] {logging_mixin.py:190} INFO - [2024-12-28T17:00:01.954+0000] {dag.py:3239} INFO - Sync 1 DAGs
[2024-12-28T17:00:01.976+0000] {logging_mixin.py:190} INFO - [2024-12-28T17:00:01.975+0000] {dag.py:4180} INFO - Setting next_dagrun for latest_only_with_trigger to 2024-12-28 12:00:00+00:00, run_after=2024-12-28 16:00:00+00:00
[2024-12-28T17:00:01.992+0000] {processor.py:208} INFO - Processing /home/airflow/.local/lib/python3.12/site-packages/airflow/example_dags/example_latest_only_with_trigger.py took 0.073 seconds
[2024-12-28T17:00:32.415+0000] {processor.py:186} INFO - Started process (PID=1117) to work on /home/airflow/.local/lib/python3.12/site-packages/airflow/example_dags/example_latest_only_with_trigger.py
[2024-12-28T17:00:32.416+0000] {processor.py:914} INFO - Processing file /home/airflow/.local/lib/python3.12/site-packages/airflow/example_dags/example_latest_only_with_trigger.py for tasks to queue
[2024-12-28T17:00:32.418+0000] {logging_mixin.py:190} INFO - [2024-12-28T17:00:32.417+0000] {dagbag.py:588} INFO - Filling up the DagBag from /home/airflow/.local/lib/python3.12/site-packages/airflow/example_dags/example_latest_only_with_trigger.py
[2024-12-28T17:00:32.424+0000] {processor.py:925} INFO - DAG(s) 'latest_only_with_trigger' retrieved from /home/airflow/.local/lib/python3.12/site-packages/airflow/example_dags/example_latest_only_with_trigger.py
[2024-12-28T17:00:32.442+0000] {logging_mixin.py:190} INFO - [2024-12-28T17:00:32.442+0000] {dag.py:3239} INFO - Sync 1 DAGs
[2024-12-28T17:00:32.462+0000] {logging_mixin.py:190} INFO - [2024-12-28T17:00:32.462+0000] {dag.py:4180} INFO - Setting next_dagrun for latest_only_with_trigger to 2024-12-28 12:00:00+00:00, run_after=2024-12-28 16:00:00+00:00
[2024-12-28T17:00:32.478+0000] {processor.py:208} INFO - Processing /home/airflow/.local/lib/python3.12/site-packages/airflow/example_dags/example_latest_only_with_trigger.py took 0.068 seconds
[2024-12-28T17:01:02.928+0000] {processor.py:186} INFO - Started process (PID=1181) to work on /home/airflow/.local/lib/python3.12/site-packages/airflow/example_dags/example_latest_only_with_trigger.py
[2024-12-28T17:01:02.929+0000] {processor.py:914} INFO - Processing file /home/airflow/.local/lib/python3.12/site-packages/airflow/example_dags/example_latest_only_with_trigger.py for tasks to queue
[2024-12-28T17:01:02.931+0000] {logging_mixin.py:190} INFO - [2024-12-28T17:01:02.931+0000] {dagbag.py:588} INFO - Filling up the DagBag from /home/airflow/.local/lib/python3.12/site-packages/airflow/example_dags/example_latest_only_with_trigger.py
[2024-12-28T17:01:02.942+0000] {processor.py:925} INFO - DAG(s) 'latest_only_with_trigger' retrieved from /home/airflow/.local/lib/python3.12/site-packages/airflow/example_dags/example_latest_only_with_trigger.py
[2024-12-28T17:01:02.963+0000] {logging_mixin.py:190} INFO - [2024-12-28T17:01:02.963+0000] {dag.py:3239} INFO - Sync 1 DAGs
[2024-12-28T17:01:02.986+0000] {logging_mixin.py:190} INFO - [2024-12-28T17:01:02.986+0000] {dag.py:4180} INFO - Setting next_dagrun for latest_only_with_trigger to 2024-12-28 12:00:00+00:00, run_after=2024-12-28 16:00:00+00:00
[2024-12-28T17:01:03.008+0000] {processor.py:208} INFO - Processing /home/airflow/.local/lib/python3.12/site-packages/airflow/example_dags/example_latest_only_with_trigger.py took 0.087 seconds
[2024-12-28T17:01:33.844+0000] {processor.py:186} INFO - Started process (PID=1245) to work on /home/airflow/.local/lib/python3.12/site-packages/airflow/example_dags/example_latest_only_with_trigger.py
[2024-12-28T17:01:33.845+0000] {processor.py:914} INFO - Processing file /home/airflow/.local/lib/python3.12/site-packages/airflow/example_dags/example_latest_only_with_trigger.py for tasks to queue
[2024-12-28T17:01:33.847+0000] {logging_mixin.py:190} INFO - [2024-12-28T17:01:33.847+0000] {dagbag.py:588} INFO - Filling up the DagBag from /home/airflow/.local/lib/python3.12/site-packages/airflow/example_dags/example_latest_only_with_trigger.py
[2024-12-28T17:01:33.854+0000] {processor.py:925} INFO - DAG(s) 'latest_only_with_trigger' retrieved from /home/airflow/.local/lib/python3.12/site-packages/airflow/example_dags/example_latest_only_with_trigger.py
[2024-12-28T17:01:33.878+0000] {logging_mixin.py:190} INFO - [2024-12-28T17:01:33.877+0000] {dag.py:3239} INFO - Sync 1 DAGs
[2024-12-28T17:01:33.899+0000] {logging_mixin.py:190} INFO - [2024-12-28T17:01:33.899+0000] {dag.py:4180} INFO - Setting next_dagrun for latest_only_with_trigger to 2024-12-28 12:00:00+00:00, run_after=2024-12-28 16:00:00+00:00
[2024-12-28T17:01:33.918+0000] {processor.py:208} INFO - Processing /home/airflow/.local/lib/python3.12/site-packages/airflow/example_dags/example_latest_only_with_trigger.py took 0.080 seconds
[2024-12-28T17:02:04.480+0000] {processor.py:186} INFO - Started process (PID=1309) to work on /home/airflow/.local/lib/python3.12/site-packages/airflow/example_dags/example_latest_only_with_trigger.py
[2024-12-28T17:02:04.481+0000] {processor.py:914} INFO - Processing file /home/airflow/.local/lib/python3.12/site-packages/airflow/example_dags/example_latest_only_with_trigger.py for tasks to queue
[2024-12-28T17:02:04.483+0000] {logging_mixin.py:190} INFO - [2024-12-28T17:02:04.482+0000] {dagbag.py:588} INFO - Filling up the DagBag from /home/airflow/.local/lib/python3.12/site-packages/airflow/example_dags/example_latest_only_with_trigger.py
[2024-12-28T17:02:04.489+0000] {processor.py:925} INFO - DAG(s) 'latest_only_with_trigger' retrieved from /home/airflow/.local/lib/python3.12/site-packages/airflow/example_dags/example_latest_only_with_trigger.py
[2024-12-28T17:02:04.508+0000] {logging_mixin.py:190} INFO - [2024-12-28T17:02:04.508+0000] {dag.py:3239} INFO - Sync 1 DAGs
[2024-12-28T17:02:04.528+0000] {logging_mixin.py:190} INFO - [2024-12-28T17:02:04.528+0000] {dag.py:4180} INFO - Setting next_dagrun for latest_only_with_trigger to 2024-12-28 12:00:00+00:00, run_after=2024-12-28 16:00:00+00:00
[2024-12-28T17:02:04.544+0000] {processor.py:208} INFO - Processing /home/airflow/.local/lib/python3.12/site-packages/airflow/example_dags/example_latest_only_with_trigger.py took 0.069 seconds
[2024-12-28T17:02:35.153+0000] {processor.py:186} INFO - Started process (PID=1382) to work on /home/airflow/.local/lib/python3.12/site-packages/airflow/example_dags/example_latest_only_with_trigger.py
[2024-12-28T17:02:35.154+0000] {processor.py:914} INFO - Processing file /home/airflow/.local/lib/python3.12/site-packages/airflow/example_dags/example_latest_only_with_trigger.py for tasks to queue
[2024-12-28T17:02:35.156+0000] {logging_mixin.py:190} INFO - [2024-12-28T17:02:35.156+0000] {dagbag.py:588} INFO - Filling up the DagBag from /home/airflow/.local/lib/python3.12/site-packages/airflow/example_dags/example_latest_only_with_trigger.py
[2024-12-28T17:02:35.163+0000] {processor.py:925} INFO - DAG(s) 'latest_only_with_trigger' retrieved from /home/airflow/.local/lib/python3.12/site-packages/airflow/example_dags/example_latest_only_with_trigger.py
[2024-12-28T17:02:35.181+0000] {logging_mixin.py:190} INFO - [2024-12-28T17:02:35.181+0000] {dag.py:3239} INFO - Sync 1 DAGs
[2024-12-28T17:02:35.201+0000] {logging_mixin.py:190} INFO - [2024-12-28T17:02:35.201+0000] {dag.py:4180} INFO - Setting next_dagrun for latest_only_with_trigger to 2024-12-28 12:00:00+00:00, run_after=2024-12-28 16:00:00+00:00
[2024-12-28T17:02:35.217+0000] {processor.py:208} INFO - Processing /home/airflow/.local/lib/python3.12/site-packages/airflow/example_dags/example_latest_only_with_trigger.py took 0.069 seconds
[2024-12-28T17:03:05.679+0000] {processor.py:186} INFO - Started process (PID=1455) to work on /home/airflow/.local/lib/python3.12/site-packages/airflow/example_dags/example_latest_only_with_trigger.py
[2024-12-28T17:03:05.679+0000] {processor.py:914} INFO - Processing file /home/airflow/.local/lib/python3.12/site-packages/airflow/example_dags/example_latest_only_with_trigger.py for tasks to queue
[2024-12-28T17:03:05.681+0000] {logging_mixin.py:190} INFO - [2024-12-28T17:03:05.681+0000] {dagbag.py:588} INFO - Filling up the DagBag from /home/airflow/.local/lib/python3.12/site-packages/airflow/example_dags/example_latest_only_with_trigger.py
[2024-12-28T17:03:05.688+0000] {processor.py:925} INFO - DAG(s) 'latest_only_with_trigger' retrieved from /home/airflow/.local/lib/python3.12/site-packages/airflow/example_dags/example_latest_only_with_trigger.py
[2024-12-28T17:03:05.708+0000] {logging_mixin.py:190} INFO - [2024-12-28T17:03:05.707+0000] {dag.py:3239} INFO - Sync 1 DAGs
[2024-12-28T17:03:05.729+0000] {logging_mixin.py:190} INFO - [2024-12-28T17:03:05.729+0000] {dag.py:4180} INFO - Setting next_dagrun for latest_only_with_trigger to 2024-12-28 12:00:00+00:00, run_after=2024-12-28 16:00:00+00:00
[2024-12-28T17:03:05.745+0000] {processor.py:208} INFO - Processing /home/airflow/.local/lib/python3.12/site-packages/airflow/example_dags/example_latest_only_with_trigger.py took 0.071 seconds
[2024-12-28T17:03:36.623+0000] {processor.py:186} INFO - Started process (PID=1532) to work on /home/airflow/.local/lib/python3.12/site-packages/airflow/example_dags/example_latest_only_with_trigger.py
[2024-12-28T17:03:36.625+0000] {processor.py:914} INFO - Processing file /home/airflow/.local/lib/python3.12/site-packages/airflow/example_dags/example_latest_only_with_trigger.py for tasks to queue
[2024-12-28T17:03:36.632+0000] {logging_mixin.py:190} INFO - [2024-12-28T17:03:36.632+0000] {dagbag.py:588} INFO - Filling up the DagBag from /home/airflow/.local/lib/python3.12/site-packages/airflow/example_dags/example_latest_only_with_trigger.py
[2024-12-28T17:03:36.646+0000] {processor.py:925} INFO - DAG(s) 'latest_only_with_trigger' retrieved from /home/airflow/.local/lib/python3.12/site-packages/airflow/example_dags/example_latest_only_with_trigger.py
[2024-12-28T17:03:36.681+0000] {logging_mixin.py:190} INFO - [2024-12-28T17:03:36.681+0000] {dag.py:3239} INFO - Sync 1 DAGs
[2024-12-28T17:03:36.720+0000] {logging_mixin.py:190} INFO - [2024-12-28T17:03:36.719+0000] {dag.py:4180} INFO - Setting next_dagrun for latest_only_with_trigger to 2024-12-28 12:00:00+00:00, run_after=2024-12-28 16:00:00+00:00
[2024-12-28T17:03:36.753+0000] {processor.py:208} INFO - Processing /home/airflow/.local/lib/python3.12/site-packages/airflow/example_dags/example_latest_only_with_trigger.py took 0.143 seconds
