[2024-12-28T16:38:33.519+0000] {processor.py:186} INFO - Started process (PID=88) to work on /home/airflow/.local/lib/python3.12/site-packages/airflow/example_dags/example_xcomargs.py
[2024-12-28T16:38:33.519+0000] {processor.py:914} INFO - Processing file /home/airflow/.local/lib/python3.12/site-packages/airflow/example_dags/example_xcomargs.py for tasks to queue
[2024-12-28T16:38:33.522+0000] {logging_mixin.py:190} INFO - [2024-12-28T16:38:33.521+0000] {dagbag.py:588} INFO - Filling up the DagBag from /home/airflow/.local/lib/python3.12/site-packages/airflow/example_dags/example_xcomargs.py
[2024-12-28T16:38:33.532+0000] {processor.py:925} INFO - DAG(s) 'example_xcom_args_with_operators', 'example_xcom_args' retrieved from /home/airflow/.local/lib/python3.12/site-packages/airflow/example_dags/example_xcomargs.py
[2024-12-28T16:38:33.637+0000] {logging_mixin.py:190} INFO - [2024-12-28T16:38:33.637+0000] {override.py:1911} INFO - Created Permission View: can delete on DAG:example_xcom_args_with_operators
[2024-12-28T16:38:33.647+0000] {logging_mixin.py:190} INFO - [2024-12-28T16:38:33.647+0000] {override.py:1911} INFO - Created Permission View: can edit on DAG:example_xcom_args_with_operators
[2024-12-28T16:38:33.653+0000] {logging_mixin.py:190} INFO - [2024-12-28T16:38:33.653+0000] {override.py:1911} INFO - Created Permission View: can read on DAG:example_xcom_args_with_operators
[2024-12-28T16:38:33.660+0000] {logging_mixin.py:190} INFO - [2024-12-28T16:38:33.660+0000] {override.py:1911} INFO - Created Permission View: can create on DAG Run:example_xcom_args_with_operators
[2024-12-28T16:38:33.667+0000] {logging_mixin.py:190} INFO - [2024-12-28T16:38:33.666+0000] {override.py:1911} INFO - Created Permission View: can delete on DAG Run:example_xcom_args_with_operators
[2024-12-28T16:38:33.673+0000] {logging_mixin.py:190} INFO - [2024-12-28T16:38:33.673+0000] {override.py:1911} INFO - Created Permission View: menu access on DAG Run:example_xcom_args_with_operators
[2024-12-28T16:38:33.680+0000] {logging_mixin.py:190} INFO - [2024-12-28T16:38:33.679+0000] {override.py:1911} INFO - Created Permission View: can read on DAG Run:example_xcom_args_with_operators
[2024-12-28T16:38:33.691+0000] {logging_mixin.py:190} INFO - [2024-12-28T16:38:33.690+0000] {override.py:1911} INFO - Created Permission View: can delete on DAG:example_xcom_args
[2024-12-28T16:38:33.697+0000] {logging_mixin.py:190} INFO - [2024-12-28T16:38:33.697+0000] {override.py:1911} INFO - Created Permission View: can edit on DAG:example_xcom_args
[2024-12-28T16:38:33.703+0000] {logging_mixin.py:190} INFO - [2024-12-28T16:38:33.703+0000] {override.py:1911} INFO - Created Permission View: can read on DAG:example_xcom_args
[2024-12-28T16:38:33.711+0000] {logging_mixin.py:190} INFO - [2024-12-28T16:38:33.710+0000] {override.py:1911} INFO - Created Permission View: can create on DAG Run:example_xcom_args
[2024-12-28T16:38:33.717+0000] {logging_mixin.py:190} INFO - [2024-12-28T16:38:33.717+0000] {override.py:1911} INFO - Created Permission View: can delete on DAG Run:example_xcom_args
[2024-12-28T16:38:33.723+0000] {logging_mixin.py:190} INFO - [2024-12-28T16:38:33.723+0000] {override.py:1911} INFO - Created Permission View: menu access on DAG Run:example_xcom_args
[2024-12-28T16:38:33.730+0000] {logging_mixin.py:190} INFO - [2024-12-28T16:38:33.730+0000] {override.py:1911} INFO - Created Permission View: can read on DAG Run:example_xcom_args
[2024-12-28T16:38:33.730+0000] {logging_mixin.py:190} INFO - [2024-12-28T16:38:33.730+0000] {dag.py:3239} INFO - Sync 2 DAGs
[2024-12-28T16:38:33.745+0000] {logging_mixin.py:190} INFO - [2024-12-28T16:38:33.745+0000] {dag.py:3262} INFO - Creating ORM DAG for example_xcom_args
[2024-12-28T16:38:33.745+0000] {logging_mixin.py:190} INFO - [2024-12-28T16:38:33.745+0000] {dag.py:3262} INFO - Creating ORM DAG for example_xcom_args_with_operators
[2024-12-28T16:38:33.746+0000] {logging_mixin.py:190} INFO - [2024-12-28T16:38:33.746+0000] {dag.py:4180} INFO - Setting next_dagrun for example_xcom_args to None, run_after=None
[2024-12-28T16:38:33.746+0000] {logging_mixin.py:190} INFO - [2024-12-28T16:38:33.746+0000] {dag.py:4180} INFO - Setting next_dagrun for example_xcom_args_with_operators to None, run_after=None
[2024-12-28T16:38:33.764+0000] {processor.py:208} INFO - Processing /home/airflow/.local/lib/python3.12/site-packages/airflow/example_dags/example_xcomargs.py took 0.251 seconds
[2024-12-28T16:39:04.082+0000] {processor.py:186} INFO - Started process (PID=150) to work on /home/airflow/.local/lib/python3.12/site-packages/airflow/example_dags/example_xcomargs.py
[2024-12-28T16:39:04.084+0000] {processor.py:914} INFO - Processing file /home/airflow/.local/lib/python3.12/site-packages/airflow/example_dags/example_xcomargs.py for tasks to queue
[2024-12-28T16:39:04.088+0000] {logging_mixin.py:190} INFO - [2024-12-28T16:39:04.087+0000] {dagbag.py:588} INFO - Filling up the DagBag from /home/airflow/.local/lib/python3.12/site-packages/airflow/example_dags/example_xcomargs.py
[2024-12-28T16:39:04.101+0000] {processor.py:925} INFO - DAG(s) 'example_xcom_args_with_operators', 'example_xcom_args' retrieved from /home/airflow/.local/lib/python3.12/site-packages/airflow/example_dags/example_xcomargs.py
[2024-12-28T16:39:04.130+0000] {logging_mixin.py:190} INFO - [2024-12-28T16:39:04.130+0000] {dag.py:3239} INFO - Sync 2 DAGs
[2024-12-28T16:39:04.147+0000] {logging_mixin.py:190} INFO - [2024-12-28T16:39:04.147+0000] {dag.py:4180} INFO - Setting next_dagrun for example_xcom_args to None, run_after=None
[2024-12-28T16:39:04.152+0000] {logging_mixin.py:190} INFO - [2024-12-28T16:39:04.151+0000] {dag.py:4180} INFO - Setting next_dagrun for example_xcom_args_with_operators to None, run_after=None
[2024-12-28T16:39:04.170+0000] {processor.py:208} INFO - Processing /home/airflow/.local/lib/python3.12/site-packages/airflow/example_dags/example_xcomargs.py took 0.096 seconds
[2024-12-28T16:39:34.327+0000] {processor.py:186} INFO - Started process (PID=213) to work on /home/airflow/.local/lib/python3.12/site-packages/airflow/example_dags/example_xcomargs.py
[2024-12-28T16:39:34.328+0000] {processor.py:914} INFO - Processing file /home/airflow/.local/lib/python3.12/site-packages/airflow/example_dags/example_xcomargs.py for tasks to queue
[2024-12-28T16:39:34.332+0000] {logging_mixin.py:190} INFO - [2024-12-28T16:39:34.332+0000] {dagbag.py:588} INFO - Filling up the DagBag from /home/airflow/.local/lib/python3.12/site-packages/airflow/example_dags/example_xcomargs.py
[2024-12-28T16:39:34.346+0000] {processor.py:925} INFO - DAG(s) 'example_xcom_args_with_operators', 'example_xcom_args' retrieved from /home/airflow/.local/lib/python3.12/site-packages/airflow/example_dags/example_xcomargs.py
[2024-12-28T16:39:34.382+0000] {logging_mixin.py:190} INFO - [2024-12-28T16:39:34.381+0000] {dag.py:3239} INFO - Sync 2 DAGs
[2024-12-28T16:39:34.401+0000] {logging_mixin.py:190} INFO - [2024-12-28T16:39:34.401+0000] {dag.py:4180} INFO - Setting next_dagrun for example_xcom_args to None, run_after=None
[2024-12-28T16:39:34.406+0000] {logging_mixin.py:190} INFO - [2024-12-28T16:39:34.406+0000] {dag.py:4180} INFO - Setting next_dagrun for example_xcom_args_with_operators to None, run_after=None
[2024-12-28T16:39:34.427+0000] {processor.py:208} INFO - Processing /home/airflow/.local/lib/python3.12/site-packages/airflow/example_dags/example_xcomargs.py took 0.109 seconds
[2024-12-28T16:40:05.303+0000] {processor.py:186} INFO - Started process (PID=276) to work on /home/airflow/.local/lib/python3.12/site-packages/airflow/example_dags/example_xcomargs.py
[2024-12-28T16:40:05.304+0000] {processor.py:914} INFO - Processing file /home/airflow/.local/lib/python3.12/site-packages/airflow/example_dags/example_xcomargs.py for tasks to queue
[2024-12-28T16:40:05.307+0000] {logging_mixin.py:190} INFO - [2024-12-28T16:40:05.306+0000] {dagbag.py:588} INFO - Filling up the DagBag from /home/airflow/.local/lib/python3.12/site-packages/airflow/example_dags/example_xcomargs.py
[2024-12-28T16:40:05.318+0000] {processor.py:925} INFO - DAG(s) 'example_xcom_args', 'example_xcom_args_with_operators' retrieved from /home/airflow/.local/lib/python3.12/site-packages/airflow/example_dags/example_xcomargs.py
[2024-12-28T16:40:05.347+0000] {logging_mixin.py:190} INFO - [2024-12-28T16:40:05.347+0000] {dag.py:3239} INFO - Sync 2 DAGs
[2024-12-28T16:40:05.363+0000] {logging_mixin.py:190} INFO - [2024-12-28T16:40:05.362+0000] {dag.py:4180} INFO - Setting next_dagrun for example_xcom_args to None, run_after=None
[2024-12-28T16:40:05.366+0000] {logging_mixin.py:190} INFO - [2024-12-28T16:40:05.366+0000] {dag.py:4180} INFO - Setting next_dagrun for example_xcom_args_with_operators to None, run_after=None
[2024-12-28T16:40:05.383+0000] {processor.py:208} INFO - Processing /home/airflow/.local/lib/python3.12/site-packages/airflow/example_dags/example_xcomargs.py took 0.086 seconds
[2024-12-28T16:42:39.531+0000] {processor.py:186} INFO - Started process (PID=87) to work on /home/airflow/.local/lib/python3.12/site-packages/airflow/example_dags/example_xcomargs.py
[2024-12-28T16:42:39.532+0000] {processor.py:914} INFO - Processing file /home/airflow/.local/lib/python3.12/site-packages/airflow/example_dags/example_xcomargs.py for tasks to queue
[2024-12-28T16:42:39.535+0000] {logging_mixin.py:190} INFO - [2024-12-28T16:42:39.534+0000] {dagbag.py:588} INFO - Filling up the DagBag from /home/airflow/.local/lib/python3.12/site-packages/airflow/example_dags/example_xcomargs.py
[2024-12-28T16:42:39.547+0000] {processor.py:925} INFO - DAG(s) 'example_xcom_args', 'example_xcom_args_with_operators' retrieved from /home/airflow/.local/lib/python3.12/site-packages/airflow/example_dags/example_xcomargs.py
[2024-12-28T16:42:39.583+0000] {logging_mixin.py:190} INFO - [2024-12-28T16:42:39.582+0000] {dag.py:3239} INFO - Sync 2 DAGs
[2024-12-28T16:42:39.600+0000] {logging_mixin.py:190} INFO - [2024-12-28T16:42:39.600+0000] {dag.py:4180} INFO - Setting next_dagrun for example_xcom_args to None, run_after=None
[2024-12-28T16:42:39.604+0000] {logging_mixin.py:190} INFO - [2024-12-28T16:42:39.604+0000] {dag.py:4180} INFO - Setting next_dagrun for example_xcom_args_with_operators to None, run_after=None
[2024-12-28T16:42:39.626+0000] {processor.py:208} INFO - Processing /home/airflow/.local/lib/python3.12/site-packages/airflow/example_dags/example_xcomargs.py took 0.102 seconds
[2024-12-28T16:43:10.453+0000] {processor.py:186} INFO - Started process (PID=149) to work on /home/airflow/.local/lib/python3.12/site-packages/airflow/example_dags/example_xcomargs.py
[2024-12-28T16:43:10.454+0000] {processor.py:914} INFO - Processing file /home/airflow/.local/lib/python3.12/site-packages/airflow/example_dags/example_xcomargs.py for tasks to queue
[2024-12-28T16:43:10.456+0000] {logging_mixin.py:190} INFO - [2024-12-28T16:43:10.455+0000] {dagbag.py:588} INFO - Filling up the DagBag from /home/airflow/.local/lib/python3.12/site-packages/airflow/example_dags/example_xcomargs.py
[2024-12-28T16:43:10.464+0000] {processor.py:925} INFO - DAG(s) 'example_xcom_args', 'example_xcom_args_with_operators' retrieved from /home/airflow/.local/lib/python3.12/site-packages/airflow/example_dags/example_xcomargs.py
[2024-12-28T16:43:10.489+0000] {logging_mixin.py:190} INFO - [2024-12-28T16:43:10.489+0000] {dag.py:3239} INFO - Sync 2 DAGs
[2024-12-28T16:43:10.502+0000] {logging_mixin.py:190} INFO - [2024-12-28T16:43:10.502+0000] {dag.py:4180} INFO - Setting next_dagrun for example_xcom_args to None, run_after=None
[2024-12-28T16:43:10.506+0000] {logging_mixin.py:190} INFO - [2024-12-28T16:43:10.506+0000] {dag.py:4180} INFO - Setting next_dagrun for example_xcom_args_with_operators to None, run_after=None
[2024-12-28T16:43:10.521+0000] {processor.py:208} INFO - Processing /home/airflow/.local/lib/python3.12/site-packages/airflow/example_dags/example_xcomargs.py took 0.074 seconds
[2024-12-28T16:43:40.815+0000] {processor.py:186} INFO - Started process (PID=212) to work on /home/airflow/.local/lib/python3.12/site-packages/airflow/example_dags/example_xcomargs.py
[2024-12-28T16:43:40.816+0000] {processor.py:914} INFO - Processing file /home/airflow/.local/lib/python3.12/site-packages/airflow/example_dags/example_xcomargs.py for tasks to queue
[2024-12-28T16:43:40.818+0000] {logging_mixin.py:190} INFO - [2024-12-28T16:43:40.818+0000] {dagbag.py:588} INFO - Filling up the DagBag from /home/airflow/.local/lib/python3.12/site-packages/airflow/example_dags/example_xcomargs.py
[2024-12-28T16:43:40.829+0000] {processor.py:925} INFO - DAG(s) 'example_xcom_args', 'example_xcom_args_with_operators' retrieved from /home/airflow/.local/lib/python3.12/site-packages/airflow/example_dags/example_xcomargs.py
[2024-12-28T16:43:40.851+0000] {logging_mixin.py:190} INFO - [2024-12-28T16:43:40.851+0000] {dag.py:3239} INFO - Sync 2 DAGs
[2024-12-28T16:43:40.863+0000] {logging_mixin.py:190} INFO - [2024-12-28T16:43:40.863+0000] {dag.py:4180} INFO - Setting next_dagrun for example_xcom_args to None, run_after=None
[2024-12-28T16:43:40.866+0000] {logging_mixin.py:190} INFO - [2024-12-28T16:43:40.866+0000] {dag.py:4180} INFO - Setting next_dagrun for example_xcom_args_with_operators to None, run_after=None
[2024-12-28T16:43:40.880+0000] {processor.py:208} INFO - Processing /home/airflow/.local/lib/python3.12/site-packages/airflow/example_dags/example_xcomargs.py took 0.070 seconds
[2024-12-28T16:44:11.514+0000] {processor.py:186} INFO - Started process (PID=275) to work on /home/airflow/.local/lib/python3.12/site-packages/airflow/example_dags/example_xcomargs.py
[2024-12-28T16:44:11.515+0000] {processor.py:914} INFO - Processing file /home/airflow/.local/lib/python3.12/site-packages/airflow/example_dags/example_xcomargs.py for tasks to queue
[2024-12-28T16:44:11.517+0000] {logging_mixin.py:190} INFO - [2024-12-28T16:44:11.516+0000] {dagbag.py:588} INFO - Filling up the DagBag from /home/airflow/.local/lib/python3.12/site-packages/airflow/example_dags/example_xcomargs.py
[2024-12-28T16:44:11.526+0000] {processor.py:925} INFO - DAG(s) 'example_xcom_args_with_operators', 'example_xcom_args' retrieved from /home/airflow/.local/lib/python3.12/site-packages/airflow/example_dags/example_xcomargs.py
[2024-12-28T16:44:11.549+0000] {logging_mixin.py:190} INFO - [2024-12-28T16:44:11.549+0000] {dag.py:3239} INFO - Sync 2 DAGs
[2024-12-28T16:44:11.563+0000] {logging_mixin.py:190} INFO - [2024-12-28T16:44:11.563+0000] {dag.py:4180} INFO - Setting next_dagrun for example_xcom_args to None, run_after=None
[2024-12-28T16:44:11.567+0000] {logging_mixin.py:190} INFO - [2024-12-28T16:44:11.567+0000] {dag.py:4180} INFO - Setting next_dagrun for example_xcom_args_with_operators to None, run_after=None
[2024-12-28T16:44:11.583+0000] {processor.py:208} INFO - Processing /home/airflow/.local/lib/python3.12/site-packages/airflow/example_dags/example_xcomargs.py took 0.075 seconds
[2024-12-28T16:44:41.714+0000] {processor.py:186} INFO - Started process (PID=338) to work on /home/airflow/.local/lib/python3.12/site-packages/airflow/example_dags/example_xcomargs.py
[2024-12-28T16:44:41.715+0000] {processor.py:914} INFO - Processing file /home/airflow/.local/lib/python3.12/site-packages/airflow/example_dags/example_xcomargs.py for tasks to queue
[2024-12-28T16:44:41.717+0000] {logging_mixin.py:190} INFO - [2024-12-28T16:44:41.716+0000] {dagbag.py:588} INFO - Filling up the DagBag from /home/airflow/.local/lib/python3.12/site-packages/airflow/example_dags/example_xcomargs.py
[2024-12-28T16:44:41.726+0000] {processor.py:925} INFO - DAG(s) 'example_xcom_args_with_operators', 'example_xcom_args' retrieved from /home/airflow/.local/lib/python3.12/site-packages/airflow/example_dags/example_xcomargs.py
[2024-12-28T16:44:41.748+0000] {logging_mixin.py:190} INFO - [2024-12-28T16:44:41.748+0000] {dag.py:3239} INFO - Sync 2 DAGs
[2024-12-28T16:44:41.763+0000] {logging_mixin.py:190} INFO - [2024-12-28T16:44:41.763+0000] {dag.py:4180} INFO - Setting next_dagrun for example_xcom_args to None, run_after=None
[2024-12-28T16:44:41.766+0000] {logging_mixin.py:190} INFO - [2024-12-28T16:44:41.766+0000] {dag.py:4180} INFO - Setting next_dagrun for example_xcom_args_with_operators to None, run_after=None
[2024-12-28T16:44:41.780+0000] {processor.py:208} INFO - Processing /home/airflow/.local/lib/python3.12/site-packages/airflow/example_dags/example_xcomargs.py took 0.071 seconds
[2024-12-28T16:45:12.258+0000] {processor.py:186} INFO - Started process (PID=407) to work on /home/airflow/.local/lib/python3.12/site-packages/airflow/example_dags/example_xcomargs.py
[2024-12-28T16:45:12.259+0000] {processor.py:914} INFO - Processing file /home/airflow/.local/lib/python3.12/site-packages/airflow/example_dags/example_xcomargs.py for tasks to queue
[2024-12-28T16:45:12.261+0000] {logging_mixin.py:190} INFO - [2024-12-28T16:45:12.261+0000] {dagbag.py:588} INFO - Filling up the DagBag from /home/airflow/.local/lib/python3.12/site-packages/airflow/example_dags/example_xcomargs.py
[2024-12-28T16:45:12.271+0000] {processor.py:925} INFO - DAG(s) 'example_xcom_args', 'example_xcom_args_with_operators' retrieved from /home/airflow/.local/lib/python3.12/site-packages/airflow/example_dags/example_xcomargs.py
[2024-12-28T16:45:12.295+0000] {logging_mixin.py:190} INFO - [2024-12-28T16:45:12.294+0000] {dag.py:3239} INFO - Sync 2 DAGs
[2024-12-28T16:45:12.310+0000] {logging_mixin.py:190} INFO - [2024-12-28T16:45:12.310+0000] {dag.py:4180} INFO - Setting next_dagrun for example_xcom_args to None, run_after=None
[2024-12-28T16:45:12.313+0000] {logging_mixin.py:190} INFO - [2024-12-28T16:45:12.313+0000] {dag.py:4180} INFO - Setting next_dagrun for example_xcom_args_with_operators to None, run_after=None
[2024-12-28T16:45:12.330+0000] {processor.py:208} INFO - Processing /home/airflow/.local/lib/python3.12/site-packages/airflow/example_dags/example_xcomargs.py took 0.076 seconds
[2024-12-28T16:45:42.784+0000] {processor.py:186} INFO - Started process (PID=470) to work on /home/airflow/.local/lib/python3.12/site-packages/airflow/example_dags/example_xcomargs.py
[2024-12-28T16:45:42.785+0000] {processor.py:914} INFO - Processing file /home/airflow/.local/lib/python3.12/site-packages/airflow/example_dags/example_xcomargs.py for tasks to queue
[2024-12-28T16:45:42.786+0000] {logging_mixin.py:190} INFO - [2024-12-28T16:45:42.786+0000] {dagbag.py:588} INFO - Filling up the DagBag from /home/airflow/.local/lib/python3.12/site-packages/airflow/example_dags/example_xcomargs.py
[2024-12-28T16:45:42.796+0000] {processor.py:925} INFO - DAG(s) 'example_xcom_args_with_operators', 'example_xcom_args' retrieved from /home/airflow/.local/lib/python3.12/site-packages/airflow/example_dags/example_xcomargs.py
[2024-12-28T16:45:42.819+0000] {logging_mixin.py:190} INFO - [2024-12-28T16:45:42.819+0000] {dag.py:3239} INFO - Sync 2 DAGs
[2024-12-28T16:45:42.834+0000] {logging_mixin.py:190} INFO - [2024-12-28T16:45:42.833+0000] {dag.py:4180} INFO - Setting next_dagrun for example_xcom_args to None, run_after=None
[2024-12-28T16:45:42.837+0000] {logging_mixin.py:190} INFO - [2024-12-28T16:45:42.837+0000] {dag.py:4180} INFO - Setting next_dagrun for example_xcom_args_with_operators to None, run_after=None
[2024-12-28T16:45:42.853+0000] {processor.py:208} INFO - Processing /home/airflow/.local/lib/python3.12/site-packages/airflow/example_dags/example_xcomargs.py took 0.075 seconds
[2024-12-28T16:46:13.609+0000] {processor.py:186} INFO - Started process (PID=533) to work on /home/airflow/.local/lib/python3.12/site-packages/airflow/example_dags/example_xcomargs.py
[2024-12-28T16:46:13.610+0000] {processor.py:914} INFO - Processing file /home/airflow/.local/lib/python3.12/site-packages/airflow/example_dags/example_xcomargs.py for tasks to queue
[2024-12-28T16:46:13.611+0000] {logging_mixin.py:190} INFO - [2024-12-28T16:46:13.611+0000] {dagbag.py:588} INFO - Filling up the DagBag from /home/airflow/.local/lib/python3.12/site-packages/airflow/example_dags/example_xcomargs.py
[2024-12-28T16:46:13.620+0000] {processor.py:925} INFO - DAG(s) 'example_xcom_args_with_operators', 'example_xcom_args' retrieved from /home/airflow/.local/lib/python3.12/site-packages/airflow/example_dags/example_xcomargs.py
[2024-12-28T16:46:13.642+0000] {logging_mixin.py:190} INFO - [2024-12-28T16:46:13.642+0000] {dag.py:3239} INFO - Sync 2 DAGs
[2024-12-28T16:46:13.656+0000] {logging_mixin.py:190} INFO - [2024-12-28T16:46:13.656+0000] {dag.py:4180} INFO - Setting next_dagrun for example_xcom_args to None, run_after=None
[2024-12-28T16:46:13.659+0000] {logging_mixin.py:190} INFO - [2024-12-28T16:46:13.659+0000] {dag.py:4180} INFO - Setting next_dagrun for example_xcom_args_with_operators to None, run_after=None
[2024-12-28T16:46:13.674+0000] {processor.py:208} INFO - Processing /home/airflow/.local/lib/python3.12/site-packages/airflow/example_dags/example_xcomargs.py took 0.071 seconds
[2024-12-28T16:46:43.973+0000] {processor.py:186} INFO - Started process (PID=596) to work on /home/airflow/.local/lib/python3.12/site-packages/airflow/example_dags/example_xcomargs.py
[2024-12-28T16:46:43.974+0000] {processor.py:914} INFO - Processing file /home/airflow/.local/lib/python3.12/site-packages/airflow/example_dags/example_xcomargs.py for tasks to queue
[2024-12-28T16:46:43.977+0000] {logging_mixin.py:190} INFO - [2024-12-28T16:46:43.976+0000] {dagbag.py:588} INFO - Filling up the DagBag from /home/airflow/.local/lib/python3.12/site-packages/airflow/example_dags/example_xcomargs.py
[2024-12-28T16:46:43.987+0000] {processor.py:925} INFO - DAG(s) 'example_xcom_args_with_operators', 'example_xcom_args' retrieved from /home/airflow/.local/lib/python3.12/site-packages/airflow/example_dags/example_xcomargs.py
[2024-12-28T16:46:44.015+0000] {logging_mixin.py:190} INFO - [2024-12-28T16:46:44.015+0000] {dag.py:3239} INFO - Sync 2 DAGs
[2024-12-28T16:46:44.030+0000] {logging_mixin.py:190} INFO - [2024-12-28T16:46:44.030+0000] {dag.py:4180} INFO - Setting next_dagrun for example_xcom_args to None, run_after=None
[2024-12-28T16:46:44.034+0000] {logging_mixin.py:190} INFO - [2024-12-28T16:46:44.034+0000] {dag.py:4180} INFO - Setting next_dagrun for example_xcom_args_with_operators to None, run_after=None
[2024-12-28T16:46:44.051+0000] {processor.py:208} INFO - Processing /home/airflow/.local/lib/python3.12/site-packages/airflow/example_dags/example_xcomargs.py took 0.084 seconds
[2024-12-28T16:47:14.146+0000] {processor.py:186} INFO - Started process (PID=659) to work on /home/airflow/.local/lib/python3.12/site-packages/airflow/example_dags/example_xcomargs.py
[2024-12-28T16:47:14.147+0000] {processor.py:914} INFO - Processing file /home/airflow/.local/lib/python3.12/site-packages/airflow/example_dags/example_xcomargs.py for tasks to queue
[2024-12-28T16:47:14.149+0000] {logging_mixin.py:190} INFO - [2024-12-28T16:47:14.149+0000] {dagbag.py:588} INFO - Filling up the DagBag from /home/airflow/.local/lib/python3.12/site-packages/airflow/example_dags/example_xcomargs.py
[2024-12-28T16:47:14.159+0000] {processor.py:925} INFO - DAG(s) 'example_xcom_args_with_operators', 'example_xcom_args' retrieved from /home/airflow/.local/lib/python3.12/site-packages/airflow/example_dags/example_xcomargs.py
[2024-12-28T16:47:14.184+0000] {logging_mixin.py:190} INFO - [2024-12-28T16:47:14.184+0000] {dag.py:3239} INFO - Sync 2 DAGs
[2024-12-28T16:47:14.198+0000] {logging_mixin.py:190} INFO - [2024-12-28T16:47:14.198+0000] {dag.py:4180} INFO - Setting next_dagrun for example_xcom_args to None, run_after=None
[2024-12-28T16:47:14.203+0000] {logging_mixin.py:190} INFO - [2024-12-28T16:47:14.203+0000] {dag.py:4180} INFO - Setting next_dagrun for example_xcom_args_with_operators to None, run_after=None
[2024-12-28T16:47:14.217+0000] {processor.py:208} INFO - Processing /home/airflow/.local/lib/python3.12/site-packages/airflow/example_dags/example_xcomargs.py took 0.077 seconds
[2024-12-28T16:47:44.770+0000] {processor.py:186} INFO - Started process (PID=723) to work on /home/airflow/.local/lib/python3.12/site-packages/airflow/example_dags/example_xcomargs.py
[2024-12-28T16:47:44.771+0000] {processor.py:914} INFO - Processing file /home/airflow/.local/lib/python3.12/site-packages/airflow/example_dags/example_xcomargs.py for tasks to queue
[2024-12-28T16:47:44.773+0000] {logging_mixin.py:190} INFO - [2024-12-28T16:47:44.772+0000] {dagbag.py:588} INFO - Filling up the DagBag from /home/airflow/.local/lib/python3.12/site-packages/airflow/example_dags/example_xcomargs.py
[2024-12-28T16:47:44.781+0000] {processor.py:925} INFO - DAG(s) 'example_xcom_args_with_operators', 'example_xcom_args' retrieved from /home/airflow/.local/lib/python3.12/site-packages/airflow/example_dags/example_xcomargs.py
[2024-12-28T16:47:44.802+0000] {logging_mixin.py:190} INFO - [2024-12-28T16:47:44.802+0000] {dag.py:3239} INFO - Sync 2 DAGs
[2024-12-28T16:47:44.816+0000] {logging_mixin.py:190} INFO - [2024-12-28T16:47:44.816+0000] {dag.py:4180} INFO - Setting next_dagrun for example_xcom_args to None, run_after=None
[2024-12-28T16:47:44.819+0000] {logging_mixin.py:190} INFO - [2024-12-28T16:47:44.819+0000] {dag.py:4180} INFO - Setting next_dagrun for example_xcom_args_with_operators to None, run_after=None
[2024-12-28T16:47:44.835+0000] {processor.py:208} INFO - Processing /home/airflow/.local/lib/python3.12/site-packages/airflow/example_dags/example_xcomargs.py took 0.070 seconds
[2024-12-28T16:52:22.056+0000] {processor.py:186} INFO - Started process (PID=89) to work on /home/airflow/.local/lib/python3.12/site-packages/airflow/example_dags/example_xcomargs.py
[2024-12-28T16:52:22.057+0000] {processor.py:914} INFO - Processing file /home/airflow/.local/lib/python3.12/site-packages/airflow/example_dags/example_xcomargs.py for tasks to queue
[2024-12-28T16:52:22.059+0000] {logging_mixin.py:190} INFO - [2024-12-28T16:52:22.059+0000] {dagbag.py:588} INFO - Filling up the DagBag from /home/airflow/.local/lib/python3.12/site-packages/airflow/example_dags/example_xcomargs.py
[2024-12-28T16:52:22.069+0000] {processor.py:925} INFO - DAG(s) 'example_xcom_args', 'example_xcom_args_with_operators' retrieved from /home/airflow/.local/lib/python3.12/site-packages/airflow/example_dags/example_xcomargs.py
[2024-12-28T16:52:22.098+0000] {logging_mixin.py:190} INFO - [2024-12-28T16:52:22.098+0000] {dag.py:3239} INFO - Sync 2 DAGs
[2024-12-28T16:52:22.112+0000] {logging_mixin.py:190} INFO - [2024-12-28T16:52:22.112+0000] {dag.py:4180} INFO - Setting next_dagrun for example_xcom_args to None, run_after=None
[2024-12-28T16:52:22.116+0000] {logging_mixin.py:190} INFO - [2024-12-28T16:52:22.116+0000] {dag.py:4180} INFO - Setting next_dagrun for example_xcom_args_with_operators to None, run_after=None
[2024-12-28T16:52:22.133+0000] {processor.py:208} INFO - Processing /home/airflow/.local/lib/python3.12/site-packages/airflow/example_dags/example_xcomargs.py took 0.082 seconds
[2024-12-28T16:52:52.454+0000] {processor.py:186} INFO - Started process (PID=152) to work on /home/airflow/.local/lib/python3.12/site-packages/airflow/example_dags/example_xcomargs.py
[2024-12-28T16:52:52.455+0000] {processor.py:914} INFO - Processing file /home/airflow/.local/lib/python3.12/site-packages/airflow/example_dags/example_xcomargs.py for tasks to queue
[2024-12-28T16:52:52.457+0000] {logging_mixin.py:190} INFO - [2024-12-28T16:52:52.456+0000] {dagbag.py:588} INFO - Filling up the DagBag from /home/airflow/.local/lib/python3.12/site-packages/airflow/example_dags/example_xcomargs.py
[2024-12-28T16:52:52.465+0000] {processor.py:925} INFO - DAG(s) 'example_xcom_args', 'example_xcom_args_with_operators' retrieved from /home/airflow/.local/lib/python3.12/site-packages/airflow/example_dags/example_xcomargs.py
[2024-12-28T16:52:52.487+0000] {logging_mixin.py:190} INFO - [2024-12-28T16:52:52.487+0000] {dag.py:3239} INFO - Sync 2 DAGs
[2024-12-28T16:52:52.502+0000] {logging_mixin.py:190} INFO - [2024-12-28T16:52:52.501+0000] {dag.py:4180} INFO - Setting next_dagrun for example_xcom_args to None, run_after=None
[2024-12-28T16:52:52.505+0000] {logging_mixin.py:190} INFO - [2024-12-28T16:52:52.505+0000] {dag.py:4180} INFO - Setting next_dagrun for example_xcom_args_with_operators to None, run_after=None
[2024-12-28T16:52:52.520+0000] {processor.py:208} INFO - Processing /home/airflow/.local/lib/python3.12/site-packages/airflow/example_dags/example_xcomargs.py took 0.071 seconds
[2024-12-28T16:53:22.774+0000] {processor.py:186} INFO - Started process (PID=216) to work on /home/airflow/.local/lib/python3.12/site-packages/airflow/example_dags/example_xcomargs.py
[2024-12-28T16:53:22.775+0000] {processor.py:914} INFO - Processing file /home/airflow/.local/lib/python3.12/site-packages/airflow/example_dags/example_xcomargs.py for tasks to queue
[2024-12-28T16:53:22.778+0000] {logging_mixin.py:190} INFO - [2024-12-28T16:53:22.777+0000] {dagbag.py:588} INFO - Filling up the DagBag from /home/airflow/.local/lib/python3.12/site-packages/airflow/example_dags/example_xcomargs.py
[2024-12-28T16:53:22.787+0000] {processor.py:925} INFO - DAG(s) 'example_xcom_args', 'example_xcom_args_with_operators' retrieved from /home/airflow/.local/lib/python3.12/site-packages/airflow/example_dags/example_xcomargs.py
[2024-12-28T16:53:22.810+0000] {logging_mixin.py:190} INFO - [2024-12-28T16:53:22.809+0000] {dag.py:3239} INFO - Sync 2 DAGs
[2024-12-28T16:53:22.823+0000] {logging_mixin.py:190} INFO - [2024-12-28T16:53:22.822+0000] {dag.py:4180} INFO - Setting next_dagrun for example_xcom_args to None, run_after=None
[2024-12-28T16:53:22.826+0000] {logging_mixin.py:190} INFO - [2024-12-28T16:53:22.826+0000] {dag.py:4180} INFO - Setting next_dagrun for example_xcom_args_with_operators to None, run_after=None
[2024-12-28T16:53:22.840+0000] {processor.py:208} INFO - Processing /home/airflow/.local/lib/python3.12/site-packages/airflow/example_dags/example_xcomargs.py took 0.071 seconds
[2024-12-28T16:53:54.800+0000] {processor.py:186} INFO - Started process (PID=284) to work on /home/airflow/.local/lib/python3.12/site-packages/airflow/example_dags/example_xcomargs.py
[2024-12-28T16:53:54.806+0000] {processor.py:914} INFO - Processing file /home/airflow/.local/lib/python3.12/site-packages/airflow/example_dags/example_xcomargs.py for tasks to queue
[2024-12-28T16:53:54.810+0000] {logging_mixin.py:190} INFO - [2024-12-28T16:53:54.810+0000] {dagbag.py:588} INFO - Filling up the DagBag from /home/airflow/.local/lib/python3.12/site-packages/airflow/example_dags/example_xcomargs.py
[2024-12-28T16:53:54.830+0000] {processor.py:925} INFO - DAG(s) 'example_xcom_args', 'example_xcom_args_with_operators' retrieved from /home/airflow/.local/lib/python3.12/site-packages/airflow/example_dags/example_xcomargs.py
[2024-12-28T16:53:54.878+0000] {logging_mixin.py:190} INFO - [2024-12-28T16:53:54.878+0000] {dag.py:3239} INFO - Sync 2 DAGs
[2024-12-28T16:53:54.909+0000] {logging_mixin.py:190} INFO - [2024-12-28T16:53:54.908+0000] {dag.py:4180} INFO - Setting next_dagrun for example_xcom_args to None, run_after=None
[2024-12-28T16:53:54.918+0000] {logging_mixin.py:190} INFO - [2024-12-28T16:53:54.918+0000] {dag.py:4180} INFO - Setting next_dagrun for example_xcom_args_with_operators to None, run_after=None
[2024-12-28T16:53:54.952+0000] {processor.py:208} INFO - Processing /home/airflow/.local/lib/python3.12/site-packages/airflow/example_dags/example_xcomargs.py took 0.160 seconds
[2024-12-28T16:54:26.065+0000] {processor.py:186} INFO - Started process (PID=348) to work on /home/airflow/.local/lib/python3.12/site-packages/airflow/example_dags/example_xcomargs.py
[2024-12-28T16:54:26.068+0000] {processor.py:914} INFO - Processing file /home/airflow/.local/lib/python3.12/site-packages/airflow/example_dags/example_xcomargs.py for tasks to queue
[2024-12-28T16:54:26.082+0000] {logging_mixin.py:190} INFO - [2024-12-28T16:54:26.071+0000] {dagbag.py:588} INFO - Filling up the DagBag from /home/airflow/.local/lib/python3.12/site-packages/airflow/example_dags/example_xcomargs.py
[2024-12-28T16:54:26.102+0000] {processor.py:925} INFO - DAG(s) 'example_xcom_args_with_operators', 'example_xcom_args' retrieved from /home/airflow/.local/lib/python3.12/site-packages/airflow/example_dags/example_xcomargs.py
[2024-12-28T16:54:26.152+0000] {logging_mixin.py:190} INFO - [2024-12-28T16:54:26.152+0000] {dag.py:3239} INFO - Sync 2 DAGs
[2024-12-28T16:54:26.176+0000] {logging_mixin.py:190} INFO - [2024-12-28T16:54:26.175+0000] {dag.py:4180} INFO - Setting next_dagrun for example_xcom_args to None, run_after=None
[2024-12-28T16:54:26.183+0000] {logging_mixin.py:190} INFO - [2024-12-28T16:54:26.183+0000] {dag.py:4180} INFO - Setting next_dagrun for example_xcom_args_with_operators to None, run_after=None
[2024-12-28T16:54:26.216+0000] {processor.py:208} INFO - Processing /home/airflow/.local/lib/python3.12/site-packages/airflow/example_dags/example_xcomargs.py took 0.164 seconds
[2024-12-28T16:54:56.854+0000] {processor.py:186} INFO - Started process (PID=412) to work on /home/airflow/.local/lib/python3.12/site-packages/airflow/example_dags/example_xcomargs.py
[2024-12-28T16:54:56.856+0000] {processor.py:914} INFO - Processing file /home/airflow/.local/lib/python3.12/site-packages/airflow/example_dags/example_xcomargs.py for tasks to queue
[2024-12-28T16:54:56.862+0000] {logging_mixin.py:190} INFO - [2024-12-28T16:54:56.861+0000] {dagbag.py:588} INFO - Filling up the DagBag from /home/airflow/.local/lib/python3.12/site-packages/airflow/example_dags/example_xcomargs.py
[2024-12-28T16:54:56.877+0000] {processor.py:925} INFO - DAG(s) 'example_xcom_args_with_operators', 'example_xcom_args' retrieved from /home/airflow/.local/lib/python3.12/site-packages/airflow/example_dags/example_xcomargs.py
[2024-12-28T16:54:56.909+0000] {logging_mixin.py:190} INFO - [2024-12-28T16:54:56.908+0000] {dag.py:3239} INFO - Sync 2 DAGs
[2024-12-28T16:54:56.925+0000] {logging_mixin.py:190} INFO - [2024-12-28T16:54:56.925+0000] {dag.py:4180} INFO - Setting next_dagrun for example_xcom_args to None, run_after=None
[2024-12-28T16:54:56.930+0000] {logging_mixin.py:190} INFO - [2024-12-28T16:54:56.930+0000] {dag.py:4180} INFO - Setting next_dagrun for example_xcom_args_with_operators to None, run_after=None
[2024-12-28T16:54:56.955+0000] {processor.py:208} INFO - Processing /home/airflow/.local/lib/python3.12/site-packages/airflow/example_dags/example_xcomargs.py took 0.110 seconds
[2024-12-28T16:55:27.170+0000] {processor.py:186} INFO - Started process (PID=476) to work on /home/airflow/.local/lib/python3.12/site-packages/airflow/example_dags/example_xcomargs.py
[2024-12-28T16:55:27.171+0000] {processor.py:914} INFO - Processing file /home/airflow/.local/lib/python3.12/site-packages/airflow/example_dags/example_xcomargs.py for tasks to queue
[2024-12-28T16:55:27.175+0000] {logging_mixin.py:190} INFO - [2024-12-28T16:55:27.174+0000] {dagbag.py:588} INFO - Filling up the DagBag from /home/airflow/.local/lib/python3.12/site-packages/airflow/example_dags/example_xcomargs.py
[2024-12-28T16:55:27.193+0000] {processor.py:925} INFO - DAG(s) 'example_xcom_args', 'example_xcom_args_with_operators' retrieved from /home/airflow/.local/lib/python3.12/site-packages/airflow/example_dags/example_xcomargs.py
[2024-12-28T16:55:27.232+0000] {logging_mixin.py:190} INFO - [2024-12-28T16:55:27.232+0000] {dag.py:3239} INFO - Sync 2 DAGs
[2024-12-28T16:55:27.253+0000] {logging_mixin.py:190} INFO - [2024-12-28T16:55:27.252+0000] {dag.py:4180} INFO - Setting next_dagrun for example_xcom_args to None, run_after=None
[2024-12-28T16:55:27.259+0000] {logging_mixin.py:190} INFO - [2024-12-28T16:55:27.258+0000] {dag.py:4180} INFO - Setting next_dagrun for example_xcom_args_with_operators to None, run_after=None
[2024-12-28T16:55:27.285+0000] {processor.py:208} INFO - Processing /home/airflow/.local/lib/python3.12/site-packages/airflow/example_dags/example_xcomargs.py took 0.125 seconds
[2024-12-28T16:55:57.717+0000] {processor.py:186} INFO - Started process (PID=540) to work on /home/airflow/.local/lib/python3.12/site-packages/airflow/example_dags/example_xcomargs.py
[2024-12-28T16:55:57.718+0000] {processor.py:914} INFO - Processing file /home/airflow/.local/lib/python3.12/site-packages/airflow/example_dags/example_xcomargs.py for tasks to queue
[2024-12-28T16:55:57.720+0000] {logging_mixin.py:190} INFO - [2024-12-28T16:55:57.719+0000] {dagbag.py:588} INFO - Filling up the DagBag from /home/airflow/.local/lib/python3.12/site-packages/airflow/example_dags/example_xcomargs.py
[2024-12-28T16:55:57.729+0000] {processor.py:925} INFO - DAG(s) 'example_xcom_args', 'example_xcom_args_with_operators' retrieved from /home/airflow/.local/lib/python3.12/site-packages/airflow/example_dags/example_xcomargs.py
[2024-12-28T16:55:57.752+0000] {logging_mixin.py:190} INFO - [2024-12-28T16:55:57.752+0000] {dag.py:3239} INFO - Sync 2 DAGs
[2024-12-28T16:55:57.768+0000] {logging_mixin.py:190} INFO - [2024-12-28T16:55:57.767+0000] {dag.py:4180} INFO - Setting next_dagrun for example_xcom_args to None, run_after=None
[2024-12-28T16:55:57.771+0000] {logging_mixin.py:190} INFO - [2024-12-28T16:55:57.771+0000] {dag.py:4180} INFO - Setting next_dagrun for example_xcom_args_with_operators to None, run_after=None
[2024-12-28T16:55:57.786+0000] {processor.py:208} INFO - Processing /home/airflow/.local/lib/python3.12/site-packages/airflow/example_dags/example_xcomargs.py took 0.075 seconds
[2024-12-28T16:56:28.170+0000] {processor.py:186} INFO - Started process (PID=604) to work on /home/airflow/.local/lib/python3.12/site-packages/airflow/example_dags/example_xcomargs.py
[2024-12-28T16:56:28.171+0000] {processor.py:914} INFO - Processing file /home/airflow/.local/lib/python3.12/site-packages/airflow/example_dags/example_xcomargs.py for tasks to queue
[2024-12-28T16:56:28.173+0000] {logging_mixin.py:190} INFO - [2024-12-28T16:56:28.173+0000] {dagbag.py:588} INFO - Filling up the DagBag from /home/airflow/.local/lib/python3.12/site-packages/airflow/example_dags/example_xcomargs.py
[2024-12-28T16:56:28.183+0000] {processor.py:925} INFO - DAG(s) 'example_xcom_args_with_operators', 'example_xcom_args' retrieved from /home/airflow/.local/lib/python3.12/site-packages/airflow/example_dags/example_xcomargs.py
[2024-12-28T16:56:28.207+0000] {logging_mixin.py:190} INFO - [2024-12-28T16:56:28.207+0000] {dag.py:3239} INFO - Sync 2 DAGs
[2024-12-28T16:56:28.221+0000] {logging_mixin.py:190} INFO - [2024-12-28T16:56:28.221+0000] {dag.py:4180} INFO - Setting next_dagrun for example_xcom_args to None, run_after=None
[2024-12-28T16:56:28.225+0000] {logging_mixin.py:190} INFO - [2024-12-28T16:56:28.224+0000] {dag.py:4180} INFO - Setting next_dagrun for example_xcom_args_with_operators to None, run_after=None
[2024-12-28T16:56:28.241+0000] {processor.py:208} INFO - Processing /home/airflow/.local/lib/python3.12/site-packages/airflow/example_dags/example_xcomargs.py took 0.077 seconds
[2024-12-28T16:56:58.956+0000] {processor.py:186} INFO - Started process (PID=668) to work on /home/airflow/.local/lib/python3.12/site-packages/airflow/example_dags/example_xcomargs.py
[2024-12-28T16:56:58.957+0000] {processor.py:914} INFO - Processing file /home/airflow/.local/lib/python3.12/site-packages/airflow/example_dags/example_xcomargs.py for tasks to queue
[2024-12-28T16:56:58.958+0000] {logging_mixin.py:190} INFO - [2024-12-28T16:56:58.958+0000] {dagbag.py:588} INFO - Filling up the DagBag from /home/airflow/.local/lib/python3.12/site-packages/airflow/example_dags/example_xcomargs.py
[2024-12-28T16:56:58.967+0000] {processor.py:925} INFO - DAG(s) 'example_xcom_args_with_operators', 'example_xcom_args' retrieved from /home/airflow/.local/lib/python3.12/site-packages/airflow/example_dags/example_xcomargs.py
[2024-12-28T16:56:58.992+0000] {logging_mixin.py:190} INFO - [2024-12-28T16:56:58.991+0000] {dag.py:3239} INFO - Sync 2 DAGs
[2024-12-28T16:56:59.005+0000] {logging_mixin.py:190} INFO - [2024-12-28T16:56:59.005+0000] {dag.py:4180} INFO - Setting next_dagrun for example_xcom_args to None, run_after=None
[2024-12-28T16:56:59.009+0000] {logging_mixin.py:190} INFO - [2024-12-28T16:56:59.008+0000] {dag.py:4180} INFO - Setting next_dagrun for example_xcom_args_with_operators to None, run_after=None
[2024-12-28T16:56:59.024+0000] {processor.py:208} INFO - Processing /home/airflow/.local/lib/python3.12/site-packages/airflow/example_dags/example_xcomargs.py took 0.074 seconds
[2024-12-28T16:57:29.584+0000] {processor.py:186} INFO - Started process (PID=732) to work on /home/airflow/.local/lib/python3.12/site-packages/airflow/example_dags/example_xcomargs.py
[2024-12-28T16:57:29.585+0000] {processor.py:914} INFO - Processing file /home/airflow/.local/lib/python3.12/site-packages/airflow/example_dags/example_xcomargs.py for tasks to queue
[2024-12-28T16:57:29.587+0000] {logging_mixin.py:190} INFO - [2024-12-28T16:57:29.586+0000] {dagbag.py:588} INFO - Filling up the DagBag from /home/airflow/.local/lib/python3.12/site-packages/airflow/example_dags/example_xcomargs.py
[2024-12-28T16:57:29.596+0000] {processor.py:925} INFO - DAG(s) 'example_xcom_args', 'example_xcom_args_with_operators' retrieved from /home/airflow/.local/lib/python3.12/site-packages/airflow/example_dags/example_xcomargs.py
[2024-12-28T16:57:29.619+0000] {logging_mixin.py:190} INFO - [2024-12-28T16:57:29.619+0000] {dag.py:3239} INFO - Sync 2 DAGs
[2024-12-28T16:57:29.634+0000] {logging_mixin.py:190} INFO - [2024-12-28T16:57:29.633+0000] {dag.py:4180} INFO - Setting next_dagrun for example_xcom_args to None, run_after=None
[2024-12-28T16:57:29.637+0000] {logging_mixin.py:190} INFO - [2024-12-28T16:57:29.637+0000] {dag.py:4180} INFO - Setting next_dagrun for example_xcom_args_with_operators to None, run_after=None
[2024-12-28T16:57:29.652+0000] {processor.py:208} INFO - Processing /home/airflow/.local/lib/python3.12/site-packages/airflow/example_dags/example_xcomargs.py took 0.073 seconds
[2024-12-28T16:58:00.263+0000] {processor.py:186} INFO - Started process (PID=796) to work on /home/airflow/.local/lib/python3.12/site-packages/airflow/example_dags/example_xcomargs.py
[2024-12-28T16:58:00.264+0000] {processor.py:914} INFO - Processing file /home/airflow/.local/lib/python3.12/site-packages/airflow/example_dags/example_xcomargs.py for tasks to queue
[2024-12-28T16:58:00.266+0000] {logging_mixin.py:190} INFO - [2024-12-28T16:58:00.265+0000] {dagbag.py:588} INFO - Filling up the DagBag from /home/airflow/.local/lib/python3.12/site-packages/airflow/example_dags/example_xcomargs.py
[2024-12-28T16:58:00.275+0000] {processor.py:925} INFO - DAG(s) 'example_xcom_args_with_operators', 'example_xcom_args' retrieved from /home/airflow/.local/lib/python3.12/site-packages/airflow/example_dags/example_xcomargs.py
[2024-12-28T16:58:00.298+0000] {logging_mixin.py:190} INFO - [2024-12-28T16:58:00.298+0000] {dag.py:3239} INFO - Sync 2 DAGs
[2024-12-28T16:58:00.312+0000] {logging_mixin.py:190} INFO - [2024-12-28T16:58:00.311+0000] {dag.py:4180} INFO - Setting next_dagrun for example_xcom_args to None, run_after=None
[2024-12-28T16:58:00.315+0000] {logging_mixin.py:190} INFO - [2024-12-28T16:58:00.315+0000] {dag.py:4180} INFO - Setting next_dagrun for example_xcom_args_with_operators to None, run_after=None
[2024-12-28T16:58:00.331+0000] {processor.py:208} INFO - Processing /home/airflow/.local/lib/python3.12/site-packages/airflow/example_dags/example_xcomargs.py took 0.073 seconds
[2024-12-28T16:58:30.546+0000] {processor.py:186} INFO - Started process (PID=860) to work on /home/airflow/.local/lib/python3.12/site-packages/airflow/example_dags/example_xcomargs.py
[2024-12-28T16:58:30.546+0000] {processor.py:914} INFO - Processing file /home/airflow/.local/lib/python3.12/site-packages/airflow/example_dags/example_xcomargs.py for tasks to queue
[2024-12-28T16:58:30.548+0000] {logging_mixin.py:190} INFO - [2024-12-28T16:58:30.548+0000] {dagbag.py:588} INFO - Filling up the DagBag from /home/airflow/.local/lib/python3.12/site-packages/airflow/example_dags/example_xcomargs.py
[2024-12-28T16:58:30.557+0000] {processor.py:925} INFO - DAG(s) 'example_xcom_args_with_operators', 'example_xcom_args' retrieved from /home/airflow/.local/lib/python3.12/site-packages/airflow/example_dags/example_xcomargs.py
[2024-12-28T16:58:30.579+0000] {logging_mixin.py:190} INFO - [2024-12-28T16:58:30.579+0000] {dag.py:3239} INFO - Sync 2 DAGs
[2024-12-28T16:58:30.593+0000] {logging_mixin.py:190} INFO - [2024-12-28T16:58:30.593+0000] {dag.py:4180} INFO - Setting next_dagrun for example_xcom_args to None, run_after=None
[2024-12-28T16:58:30.597+0000] {logging_mixin.py:190} INFO - [2024-12-28T16:58:30.596+0000] {dag.py:4180} INFO - Setting next_dagrun for example_xcom_args_with_operators to None, run_after=None
[2024-12-28T16:58:30.613+0000] {processor.py:208} INFO - Processing /home/airflow/.local/lib/python3.12/site-packages/airflow/example_dags/example_xcomargs.py took 0.073 seconds
[2024-12-28T16:59:00.735+0000] {processor.py:186} INFO - Started process (PID=924) to work on /home/airflow/.local/lib/python3.12/site-packages/airflow/example_dags/example_xcomargs.py
[2024-12-28T16:59:00.736+0000] {processor.py:914} INFO - Processing file /home/airflow/.local/lib/python3.12/site-packages/airflow/example_dags/example_xcomargs.py for tasks to queue
[2024-12-28T16:59:00.738+0000] {logging_mixin.py:190} INFO - [2024-12-28T16:59:00.738+0000] {dagbag.py:588} INFO - Filling up the DagBag from /home/airflow/.local/lib/python3.12/site-packages/airflow/example_dags/example_xcomargs.py
[2024-12-28T16:59:00.748+0000] {processor.py:925} INFO - DAG(s) 'example_xcom_args_with_operators', 'example_xcom_args' retrieved from /home/airflow/.local/lib/python3.12/site-packages/airflow/example_dags/example_xcomargs.py
[2024-12-28T16:59:00.771+0000] {logging_mixin.py:190} INFO - [2024-12-28T16:59:00.771+0000] {dag.py:3239} INFO - Sync 2 DAGs
[2024-12-28T16:59:00.785+0000] {logging_mixin.py:190} INFO - [2024-12-28T16:59:00.785+0000] {dag.py:4180} INFO - Setting next_dagrun for example_xcom_args to None, run_after=None
[2024-12-28T16:59:00.788+0000] {logging_mixin.py:190} INFO - [2024-12-28T16:59:00.788+0000] {dag.py:4180} INFO - Setting next_dagrun for example_xcom_args_with_operators to None, run_after=None
[2024-12-28T16:59:00.803+0000] {processor.py:208} INFO - Processing /home/airflow/.local/lib/python3.12/site-packages/airflow/example_dags/example_xcomargs.py took 0.074 seconds
[2024-12-28T16:59:31.072+0000] {processor.py:186} INFO - Started process (PID=988) to work on /home/airflow/.local/lib/python3.12/site-packages/airflow/example_dags/example_xcomargs.py
[2024-12-28T16:59:31.073+0000] {processor.py:914} INFO - Processing file /home/airflow/.local/lib/python3.12/site-packages/airflow/example_dags/example_xcomargs.py for tasks to queue
[2024-12-28T16:59:31.075+0000] {logging_mixin.py:190} INFO - [2024-12-28T16:59:31.075+0000] {dagbag.py:588} INFO - Filling up the DagBag from /home/airflow/.local/lib/python3.12/site-packages/airflow/example_dags/example_xcomargs.py
[2024-12-28T16:59:31.086+0000] {processor.py:925} INFO - DAG(s) 'example_xcom_args_with_operators', 'example_xcom_args' retrieved from /home/airflow/.local/lib/python3.12/site-packages/airflow/example_dags/example_xcomargs.py
[2024-12-28T16:59:31.109+0000] {logging_mixin.py:190} INFO - [2024-12-28T16:59:31.109+0000] {dag.py:3239} INFO - Sync 2 DAGs
[2024-12-28T16:59:31.123+0000] {logging_mixin.py:190} INFO - [2024-12-28T16:59:31.123+0000] {dag.py:4180} INFO - Setting next_dagrun for example_xcom_args to None, run_after=None
[2024-12-28T16:59:31.126+0000] {logging_mixin.py:190} INFO - [2024-12-28T16:59:31.126+0000] {dag.py:4180} INFO - Setting next_dagrun for example_xcom_args_with_operators to None, run_after=None
[2024-12-28T16:59:31.144+0000] {processor.py:208} INFO - Processing /home/airflow/.local/lib/python3.12/site-packages/airflow/example_dags/example_xcomargs.py took 0.077 seconds
[2024-12-28T17:00:01.849+0000] {processor.py:186} INFO - Started process (PID=1052) to work on /home/airflow/.local/lib/python3.12/site-packages/airflow/example_dags/example_xcomargs.py
[2024-12-28T17:00:01.850+0000] {processor.py:914} INFO - Processing file /home/airflow/.local/lib/python3.12/site-packages/airflow/example_dags/example_xcomargs.py for tasks to queue
[2024-12-28T17:00:01.852+0000] {logging_mixin.py:190} INFO - [2024-12-28T17:00:01.852+0000] {dagbag.py:588} INFO - Filling up the DagBag from /home/airflow/.local/lib/python3.12/site-packages/airflow/example_dags/example_xcomargs.py
[2024-12-28T17:00:01.862+0000] {processor.py:925} INFO - DAG(s) 'example_xcom_args_with_operators', 'example_xcom_args' retrieved from /home/airflow/.local/lib/python3.12/site-packages/airflow/example_dags/example_xcomargs.py
[2024-12-28T17:00:01.889+0000] {logging_mixin.py:190} INFO - [2024-12-28T17:00:01.889+0000] {dag.py:3239} INFO - Sync 2 DAGs
[2024-12-28T17:00:01.906+0000] {logging_mixin.py:190} INFO - [2024-12-28T17:00:01.906+0000] {dag.py:4180} INFO - Setting next_dagrun for example_xcom_args to None, run_after=None
[2024-12-28T17:00:01.910+0000] {logging_mixin.py:190} INFO - [2024-12-28T17:00:01.910+0000] {dag.py:4180} INFO - Setting next_dagrun for example_xcom_args_with_operators to None, run_after=None
[2024-12-28T17:00:01.930+0000] {processor.py:208} INFO - Processing /home/airflow/.local/lib/python3.12/site-packages/airflow/example_dags/example_xcomargs.py took 0.086 seconds
[2024-12-28T17:00:32.352+0000] {processor.py:186} INFO - Started process (PID=1116) to work on /home/airflow/.local/lib/python3.12/site-packages/airflow/example_dags/example_xcomargs.py
[2024-12-28T17:00:32.352+0000] {processor.py:914} INFO - Processing file /home/airflow/.local/lib/python3.12/site-packages/airflow/example_dags/example_xcomargs.py for tasks to queue
[2024-12-28T17:00:32.354+0000] {logging_mixin.py:190} INFO - [2024-12-28T17:00:32.354+0000] {dagbag.py:588} INFO - Filling up the DagBag from /home/airflow/.local/lib/python3.12/site-packages/airflow/example_dags/example_xcomargs.py
[2024-12-28T17:00:32.363+0000] {processor.py:925} INFO - DAG(s) 'example_xcom_args', 'example_xcom_args_with_operators' retrieved from /home/airflow/.local/lib/python3.12/site-packages/airflow/example_dags/example_xcomargs.py
[2024-12-28T17:00:32.384+0000] {logging_mixin.py:190} INFO - [2024-12-28T17:00:32.384+0000] {dag.py:3239} INFO - Sync 2 DAGs
[2024-12-28T17:00:32.397+0000] {logging_mixin.py:190} INFO - [2024-12-28T17:00:32.396+0000] {dag.py:4180} INFO - Setting next_dagrun for example_xcom_args to None, run_after=None
[2024-12-28T17:00:32.400+0000] {logging_mixin.py:190} INFO - [2024-12-28T17:00:32.400+0000] {dag.py:4180} INFO - Setting next_dagrun for example_xcom_args_with_operators to None, run_after=None
[2024-12-28T17:00:32.414+0000] {processor.py:208} INFO - Processing /home/airflow/.local/lib/python3.12/site-packages/airflow/example_dags/example_xcomargs.py took 0.068 seconds
[2024-12-28T17:01:02.846+0000] {processor.py:186} INFO - Started process (PID=1180) to work on /home/airflow/.local/lib/python3.12/site-packages/airflow/example_dags/example_xcomargs.py
[2024-12-28T17:01:02.847+0000] {processor.py:914} INFO - Processing file /home/airflow/.local/lib/python3.12/site-packages/airflow/example_dags/example_xcomargs.py for tasks to queue
[2024-12-28T17:01:02.849+0000] {logging_mixin.py:190} INFO - [2024-12-28T17:01:02.849+0000] {dagbag.py:588} INFO - Filling up the DagBag from /home/airflow/.local/lib/python3.12/site-packages/airflow/example_dags/example_xcomargs.py
[2024-12-28T17:01:02.859+0000] {processor.py:925} INFO - DAG(s) 'example_xcom_args_with_operators', 'example_xcom_args' retrieved from /home/airflow/.local/lib/python3.12/site-packages/airflow/example_dags/example_xcomargs.py
[2024-12-28T17:01:02.881+0000] {logging_mixin.py:190} INFO - [2024-12-28T17:01:02.881+0000] {dag.py:3239} INFO - Sync 2 DAGs
[2024-12-28T17:01:02.893+0000] {logging_mixin.py:190} INFO - [2024-12-28T17:01:02.893+0000] {dag.py:4180} INFO - Setting next_dagrun for example_xcom_args to None, run_after=None
[2024-12-28T17:01:02.897+0000] {logging_mixin.py:190} INFO - [2024-12-28T17:01:02.896+0000] {dag.py:4180} INFO - Setting next_dagrun for example_xcom_args_with_operators to None, run_after=None
[2024-12-28T17:01:02.916+0000] {processor.py:208} INFO - Processing /home/airflow/.local/lib/python3.12/site-packages/airflow/example_dags/example_xcomargs.py took 0.077 seconds
[2024-12-28T17:01:33.761+0000] {processor.py:186} INFO - Started process (PID=1244) to work on /home/airflow/.local/lib/python3.12/site-packages/airflow/example_dags/example_xcomargs.py
[2024-12-28T17:01:33.762+0000] {processor.py:914} INFO - Processing file /home/airflow/.local/lib/python3.12/site-packages/airflow/example_dags/example_xcomargs.py for tasks to queue
[2024-12-28T17:01:33.764+0000] {logging_mixin.py:190} INFO - [2024-12-28T17:01:33.764+0000] {dagbag.py:588} INFO - Filling up the DagBag from /home/airflow/.local/lib/python3.12/site-packages/airflow/example_dags/example_xcomargs.py
[2024-12-28T17:01:33.775+0000] {processor.py:925} INFO - DAG(s) 'example_xcom_args_with_operators', 'example_xcom_args' retrieved from /home/airflow/.local/lib/python3.12/site-packages/airflow/example_dags/example_xcomargs.py
[2024-12-28T17:01:33.800+0000] {logging_mixin.py:190} INFO - [2024-12-28T17:01:33.799+0000] {dag.py:3239} INFO - Sync 2 DAGs
[2024-12-28T17:01:33.814+0000] {logging_mixin.py:190} INFO - [2024-12-28T17:01:33.814+0000] {dag.py:4180} INFO - Setting next_dagrun for example_xcom_args to None, run_after=None
[2024-12-28T17:01:33.818+0000] {logging_mixin.py:190} INFO - [2024-12-28T17:01:33.817+0000] {dag.py:4180} INFO - Setting next_dagrun for example_xcom_args_with_operators to None, run_after=None
[2024-12-28T17:01:33.835+0000] {processor.py:208} INFO - Processing /home/airflow/.local/lib/python3.12/site-packages/airflow/example_dags/example_xcomargs.py took 0.081 seconds
[2024-12-28T17:02:04.384+0000] {processor.py:186} INFO - Started process (PID=1308) to work on /home/airflow/.local/lib/python3.12/site-packages/airflow/example_dags/example_xcomargs.py
[2024-12-28T17:02:04.384+0000] {processor.py:914} INFO - Processing file /home/airflow/.local/lib/python3.12/site-packages/airflow/example_dags/example_xcomargs.py for tasks to queue
[2024-12-28T17:02:04.386+0000] {logging_mixin.py:190} INFO - [2024-12-28T17:02:04.386+0000] {dagbag.py:588} INFO - Filling up the DagBag from /home/airflow/.local/lib/python3.12/site-packages/airflow/example_dags/example_xcomargs.py
[2024-12-28T17:02:04.395+0000] {processor.py:925} INFO - DAG(s) 'example_xcom_args_with_operators', 'example_xcom_args' retrieved from /home/airflow/.local/lib/python3.12/site-packages/airflow/example_dags/example_xcomargs.py
[2024-12-28T17:02:04.418+0000] {logging_mixin.py:190} INFO - [2024-12-28T17:02:04.418+0000] {dag.py:3239} INFO - Sync 2 DAGs
[2024-12-28T17:02:04.432+0000] {logging_mixin.py:190} INFO - [2024-12-28T17:02:04.431+0000] {dag.py:4180} INFO - Setting next_dagrun for example_xcom_args to None, run_after=None
[2024-12-28T17:02:04.435+0000] {logging_mixin.py:190} INFO - [2024-12-28T17:02:04.435+0000] {dag.py:4180} INFO - Setting next_dagrun for example_xcom_args_with_operators to None, run_after=None
[2024-12-28T17:02:04.449+0000] {processor.py:208} INFO - Processing /home/airflow/.local/lib/python3.12/site-packages/airflow/example_dags/example_xcomargs.py took 0.071 seconds
[2024-12-28T17:02:35.087+0000] {processor.py:186} INFO - Started process (PID=1381) to work on /home/airflow/.local/lib/python3.12/site-packages/airflow/example_dags/example_xcomargs.py
[2024-12-28T17:02:35.088+0000] {processor.py:914} INFO - Processing file /home/airflow/.local/lib/python3.12/site-packages/airflow/example_dags/example_xcomargs.py for tasks to queue
[2024-12-28T17:02:35.090+0000] {logging_mixin.py:190} INFO - [2024-12-28T17:02:35.089+0000] {dagbag.py:588} INFO - Filling up the DagBag from /home/airflow/.local/lib/python3.12/site-packages/airflow/example_dags/example_xcomargs.py
[2024-12-28T17:02:35.098+0000] {processor.py:925} INFO - DAG(s) 'example_xcom_args_with_operators', 'example_xcom_args' retrieved from /home/airflow/.local/lib/python3.12/site-packages/airflow/example_dags/example_xcomargs.py
[2024-12-28T17:02:35.122+0000] {logging_mixin.py:190} INFO - [2024-12-28T17:02:35.122+0000] {dag.py:3239} INFO - Sync 2 DAGs
[2024-12-28T17:02:35.135+0000] {logging_mixin.py:190} INFO - [2024-12-28T17:02:35.135+0000] {dag.py:4180} INFO - Setting next_dagrun for example_xcom_args to None, run_after=None
[2024-12-28T17:02:35.139+0000] {logging_mixin.py:190} INFO - [2024-12-28T17:02:35.139+0000] {dag.py:4180} INFO - Setting next_dagrun for example_xcom_args_with_operators to None, run_after=None
[2024-12-28T17:02:35.155+0000] {processor.py:208} INFO - Processing /home/airflow/.local/lib/python3.12/site-packages/airflow/example_dags/example_xcomargs.py took 0.073 seconds
[2024-12-28T17:03:05.576+0000] {processor.py:186} INFO - Started process (PID=1454) to work on /home/airflow/.local/lib/python3.12/site-packages/airflow/example_dags/example_xcomargs.py
[2024-12-28T17:03:05.577+0000] {processor.py:914} INFO - Processing file /home/airflow/.local/lib/python3.12/site-packages/airflow/example_dags/example_xcomargs.py for tasks to queue
[2024-12-28T17:03:05.578+0000] {logging_mixin.py:190} INFO - [2024-12-28T17:03:05.578+0000] {dagbag.py:588} INFO - Filling up the DagBag from /home/airflow/.local/lib/python3.12/site-packages/airflow/example_dags/example_xcomargs.py
[2024-12-28T17:03:05.588+0000] {processor.py:925} INFO - DAG(s) 'example_xcom_args_with_operators', 'example_xcom_args' retrieved from /home/airflow/.local/lib/python3.12/site-packages/airflow/example_dags/example_xcomargs.py
[2024-12-28T17:03:05.612+0000] {logging_mixin.py:190} INFO - [2024-12-28T17:03:05.612+0000] {dag.py:3239} INFO - Sync 2 DAGs
[2024-12-28T17:03:05.627+0000] {logging_mixin.py:190} INFO - [2024-12-28T17:03:05.627+0000] {dag.py:4180} INFO - Setting next_dagrun for example_xcom_args to None, run_after=None
[2024-12-28T17:03:05.631+0000] {logging_mixin.py:190} INFO - [2024-12-28T17:03:05.631+0000] {dag.py:4180} INFO - Setting next_dagrun for example_xcom_args_with_operators to None, run_after=None
[2024-12-28T17:03:05.646+0000] {processor.py:208} INFO - Processing /home/airflow/.local/lib/python3.12/site-packages/airflow/example_dags/example_xcomargs.py took 0.075 seconds
[2024-12-28T17:03:36.477+0000] {processor.py:186} INFO - Started process (PID=1531) to work on /home/airflow/.local/lib/python3.12/site-packages/airflow/example_dags/example_xcomargs.py
[2024-12-28T17:03:36.479+0000] {processor.py:914} INFO - Processing file /home/airflow/.local/lib/python3.12/site-packages/airflow/example_dags/example_xcomargs.py for tasks to queue
[2024-12-28T17:03:36.484+0000] {logging_mixin.py:190} INFO - [2024-12-28T17:03:36.483+0000] {dagbag.py:588} INFO - Filling up the DagBag from /home/airflow/.local/lib/python3.12/site-packages/airflow/example_dags/example_xcomargs.py
[2024-12-28T17:03:36.509+0000] {processor.py:925} INFO - DAG(s) 'example_xcom_args', 'example_xcom_args_with_operators' retrieved from /home/airflow/.local/lib/python3.12/site-packages/airflow/example_dags/example_xcomargs.py
[2024-12-28T17:03:36.551+0000] {logging_mixin.py:190} INFO - [2024-12-28T17:03:36.550+0000] {dag.py:3239} INFO - Sync 2 DAGs
[2024-12-28T17:03:36.575+0000] {logging_mixin.py:190} INFO - [2024-12-28T17:03:36.575+0000] {dag.py:4180} INFO - Setting next_dagrun for example_xcom_args to None, run_after=None
[2024-12-28T17:03:36.582+0000] {logging_mixin.py:190} INFO - [2024-12-28T17:03:36.581+0000] {dag.py:4180} INFO - Setting next_dagrun for example_xcom_args_with_operators to None, run_after=None
[2024-12-28T17:03:36.610+0000] {processor.py:208} INFO - Processing /home/airflow/.local/lib/python3.12/site-packages/airflow/example_dags/example_xcomargs.py took 0.144 seconds
