[2024-12-28T16:38:37.930+0000] {processor.py:186} INFO - Started process (PID=110) to work on /home/airflow/.local/lib/python3.12/site-packages/airflow/example_dags/example_complex.py
[2024-12-28T16:38:37.931+0000] {processor.py:914} INFO - Processing file /home/airflow/.local/lib/python3.12/site-packages/airflow/example_dags/example_complex.py for tasks to queue
[2024-12-28T16:38:37.933+0000] {logging_mixin.py:190} INFO - [2024-12-28T16:38:37.933+0000] {dagbag.py:588} INFO - Filling up the DagBag from /home/airflow/.local/lib/python3.12/site-packages/airflow/example_dags/example_complex.py
[2024-12-28T16:38:37.944+0000] {processor.py:925} INFO - DAG(s) 'example_complex' retrieved from /home/airflow/.local/lib/python3.12/site-packages/airflow/example_dags/example_complex.py
[2024-12-28T16:38:38.062+0000] {logging_mixin.py:190} INFO - [2024-12-28T16:38:38.062+0000] {override.py:1911} INFO - Created Permission View: can delete on DAG:example_complex
[2024-12-28T16:38:38.071+0000] {logging_mixin.py:190} INFO - [2024-12-28T16:38:38.071+0000] {override.py:1911} INFO - Created Permission View: can edit on DAG:example_complex
[2024-12-28T16:38:38.077+0000] {logging_mixin.py:190} INFO - [2024-12-28T16:38:38.076+0000] {override.py:1911} INFO - Created Permission View: can read on DAG:example_complex
[2024-12-28T16:38:38.082+0000] {logging_mixin.py:190} INFO - [2024-12-28T16:38:38.082+0000] {override.py:1911} INFO - Created Permission View: can create on DAG Run:example_complex
[2024-12-28T16:38:38.087+0000] {logging_mixin.py:190} INFO - [2024-12-28T16:38:38.087+0000] {override.py:1911} INFO - Created Permission View: can delete on DAG Run:example_complex
[2024-12-28T16:38:38.093+0000] {logging_mixin.py:190} INFO - [2024-12-28T16:38:38.092+0000] {override.py:1911} INFO - Created Permission View: menu access on DAG Run:example_complex
[2024-12-28T16:38:38.098+0000] {logging_mixin.py:190} INFO - [2024-12-28T16:38:38.098+0000] {override.py:1911} INFO - Created Permission View: can read on DAG Run:example_complex
[2024-12-28T16:38:38.098+0000] {logging_mixin.py:190} INFO - [2024-12-28T16:38:38.098+0000] {dag.py:3239} INFO - Sync 1 DAGs
[2024-12-28T16:38:38.110+0000] {logging_mixin.py:190} INFO - [2024-12-28T16:38:38.110+0000] {dag.py:3262} INFO - Creating ORM DAG for example_complex
[2024-12-28T16:38:38.111+0000] {logging_mixin.py:190} INFO - [2024-12-28T16:38:38.111+0000] {dag.py:4180} INFO - Setting next_dagrun for example_complex to None, run_after=None
[2024-12-28T16:38:38.126+0000] {processor.py:208} INFO - Processing /home/airflow/.local/lib/python3.12/site-packages/airflow/example_dags/example_complex.py took 0.201 seconds
[2024-12-28T16:39:08.519+0000] {processor.py:186} INFO - Started process (PID=172) to work on /home/airflow/.local/lib/python3.12/site-packages/airflow/example_dags/example_complex.py
[2024-12-28T16:39:08.521+0000] {processor.py:914} INFO - Processing file /home/airflow/.local/lib/python3.12/site-packages/airflow/example_dags/example_complex.py for tasks to queue
[2024-12-28T16:39:08.524+0000] {logging_mixin.py:190} INFO - [2024-12-28T16:39:08.523+0000] {dagbag.py:588} INFO - Filling up the DagBag from /home/airflow/.local/lib/python3.12/site-packages/airflow/example_dags/example_complex.py
[2024-12-28T16:39:08.537+0000] {processor.py:925} INFO - DAG(s) 'example_complex' retrieved from /home/airflow/.local/lib/python3.12/site-packages/airflow/example_dags/example_complex.py
[2024-12-28T16:39:08.573+0000] {logging_mixin.py:190} INFO - [2024-12-28T16:39:08.573+0000] {dag.py:3239} INFO - Sync 1 DAGs
[2024-12-28T16:39:08.588+0000] {logging_mixin.py:190} INFO - [2024-12-28T16:39:08.588+0000] {dag.py:4180} INFO - Setting next_dagrun for example_complex to None, run_after=None
[2024-12-28T16:39:08.610+0000] {processor.py:208} INFO - Processing /home/airflow/.local/lib/python3.12/site-packages/airflow/example_dags/example_complex.py took 0.098 seconds
[2024-12-28T16:39:38.764+0000] {processor.py:186} INFO - Started process (PID=235) to work on /home/airflow/.local/lib/python3.12/site-packages/airflow/example_dags/example_complex.py
[2024-12-28T16:39:38.765+0000] {processor.py:914} INFO - Processing file /home/airflow/.local/lib/python3.12/site-packages/airflow/example_dags/example_complex.py for tasks to queue
[2024-12-28T16:39:38.767+0000] {logging_mixin.py:190} INFO - [2024-12-28T16:39:38.767+0000] {dagbag.py:588} INFO - Filling up the DagBag from /home/airflow/.local/lib/python3.12/site-packages/airflow/example_dags/example_complex.py
[2024-12-28T16:39:38.778+0000] {processor.py:925} INFO - DAG(s) 'example_complex' retrieved from /home/airflow/.local/lib/python3.12/site-packages/airflow/example_dags/example_complex.py
[2024-12-28T16:39:38.808+0000] {logging_mixin.py:190} INFO - [2024-12-28T16:39:38.808+0000] {dag.py:3239} INFO - Sync 1 DAGs
[2024-12-28T16:39:38.823+0000] {logging_mixin.py:190} INFO - [2024-12-28T16:39:38.822+0000] {dag.py:4180} INFO - Setting next_dagrun for example_complex to None, run_after=None
[2024-12-28T16:39:38.842+0000] {processor.py:208} INFO - Processing /home/airflow/.local/lib/python3.12/site-packages/airflow/example_dags/example_complex.py took 0.083 seconds
[2024-12-28T16:40:10.041+0000] {processor.py:186} INFO - Started process (PID=298) to work on /home/airflow/.local/lib/python3.12/site-packages/airflow/example_dags/example_complex.py
[2024-12-28T16:40:10.042+0000] {processor.py:914} INFO - Processing file /home/airflow/.local/lib/python3.12/site-packages/airflow/example_dags/example_complex.py for tasks to queue
[2024-12-28T16:40:10.044+0000] {logging_mixin.py:190} INFO - [2024-12-28T16:40:10.044+0000] {dagbag.py:588} INFO - Filling up the DagBag from /home/airflow/.local/lib/python3.12/site-packages/airflow/example_dags/example_complex.py
[2024-12-28T16:40:10.056+0000] {processor.py:925} INFO - DAG(s) 'example_complex' retrieved from /home/airflow/.local/lib/python3.12/site-packages/airflow/example_dags/example_complex.py
[2024-12-28T16:40:10.084+0000] {logging_mixin.py:190} INFO - [2024-12-28T16:40:10.084+0000] {dag.py:3239} INFO - Sync 1 DAGs
[2024-12-28T16:40:10.098+0000] {logging_mixin.py:190} INFO - [2024-12-28T16:40:10.098+0000] {dag.py:4180} INFO - Setting next_dagrun for example_complex to None, run_after=None
[2024-12-28T16:40:10.115+0000] {processor.py:208} INFO - Processing /home/airflow/.local/lib/python3.12/site-packages/airflow/example_dags/example_complex.py took 0.079 seconds
[2024-12-28T16:42:42.455+0000] {processor.py:186} INFO - Started process (PID=115) to work on /home/airflow/.local/lib/python3.12/site-packages/airflow/example_dags/example_complex.py
[2024-12-28T16:42:42.456+0000] {processor.py:914} INFO - Processing file /home/airflow/.local/lib/python3.12/site-packages/airflow/example_dags/example_complex.py for tasks to queue
[2024-12-28T16:42:42.459+0000] {logging_mixin.py:190} INFO - [2024-12-28T16:42:42.459+0000] {dagbag.py:588} INFO - Filling up the DagBag from /home/airflow/.local/lib/python3.12/site-packages/airflow/example_dags/example_complex.py
[2024-12-28T16:42:42.471+0000] {processor.py:925} INFO - DAG(s) 'example_complex' retrieved from /home/airflow/.local/lib/python3.12/site-packages/airflow/example_dags/example_complex.py
[2024-12-28T16:42:42.507+0000] {logging_mixin.py:190} INFO - [2024-12-28T16:42:42.507+0000] {dag.py:3239} INFO - Sync 1 DAGs
[2024-12-28T16:42:42.522+0000] {logging_mixin.py:190} INFO - [2024-12-28T16:42:42.521+0000] {dag.py:4180} INFO - Setting next_dagrun for example_complex to None, run_after=None
[2024-12-28T16:42:42.543+0000] {processor.py:208} INFO - Processing /home/airflow/.local/lib/python3.12/site-packages/airflow/example_dags/example_complex.py took 0.094 seconds
[2024-12-28T16:43:14.049+0000] {processor.py:186} INFO - Started process (PID=178) to work on /home/airflow/.local/lib/python3.12/site-packages/airflow/example_dags/example_complex.py
[2024-12-28T16:43:14.050+0000] {processor.py:914} INFO - Processing file /home/airflow/.local/lib/python3.12/site-packages/airflow/example_dags/example_complex.py for tasks to queue
[2024-12-28T16:43:14.052+0000] {logging_mixin.py:190} INFO - [2024-12-28T16:43:14.052+0000] {dagbag.py:588} INFO - Filling up the DagBag from /home/airflow/.local/lib/python3.12/site-packages/airflow/example_dags/example_complex.py
[2024-12-28T16:43:14.063+0000] {processor.py:925} INFO - DAG(s) 'example_complex' retrieved from /home/airflow/.local/lib/python3.12/site-packages/airflow/example_dags/example_complex.py
[2024-12-28T16:43:14.092+0000] {logging_mixin.py:190} INFO - [2024-12-28T16:43:14.091+0000] {dag.py:3239} INFO - Sync 1 DAGs
[2024-12-28T16:43:14.106+0000] {logging_mixin.py:190} INFO - [2024-12-28T16:43:14.106+0000] {dag.py:4180} INFO - Setting next_dagrun for example_complex to None, run_after=None
[2024-12-28T16:43:14.124+0000] {processor.py:208} INFO - Processing /home/airflow/.local/lib/python3.12/site-packages/airflow/example_dags/example_complex.py took 0.080 seconds
[2024-12-28T16:43:45.577+0000] {processor.py:186} INFO - Started process (PID=241) to work on /home/airflow/.local/lib/python3.12/site-packages/airflow/example_dags/example_complex.py
[2024-12-28T16:43:45.578+0000] {processor.py:914} INFO - Processing file /home/airflow/.local/lib/python3.12/site-packages/airflow/example_dags/example_complex.py for tasks to queue
[2024-12-28T16:43:45.580+0000] {logging_mixin.py:190} INFO - [2024-12-28T16:43:45.579+0000] {dagbag.py:588} INFO - Filling up the DagBag from /home/airflow/.local/lib/python3.12/site-packages/airflow/example_dags/example_complex.py
[2024-12-28T16:43:45.590+0000] {processor.py:925} INFO - DAG(s) 'example_complex' retrieved from /home/airflow/.local/lib/python3.12/site-packages/airflow/example_dags/example_complex.py
[2024-12-28T16:43:45.617+0000] {logging_mixin.py:190} INFO - [2024-12-28T16:43:45.617+0000] {dag.py:3239} INFO - Sync 1 DAGs
[2024-12-28T16:43:45.631+0000] {logging_mixin.py:190} INFO - [2024-12-28T16:43:45.631+0000] {dag.py:4180} INFO - Setting next_dagrun for example_complex to None, run_after=None
[2024-12-28T16:43:45.648+0000] {processor.py:208} INFO - Processing /home/airflow/.local/lib/python3.12/site-packages/airflow/example_dags/example_complex.py took 0.077 seconds
[2024-12-28T16:44:17.171+0000] {processor.py:186} INFO - Started process (PID=303) to work on /home/airflow/.local/lib/python3.12/site-packages/airflow/example_dags/example_complex.py
[2024-12-28T16:44:17.171+0000] {processor.py:914} INFO - Processing file /home/airflow/.local/lib/python3.12/site-packages/airflow/example_dags/example_complex.py for tasks to queue
[2024-12-28T16:44:17.173+0000] {logging_mixin.py:190} INFO - [2024-12-28T16:44:17.173+0000] {dagbag.py:588} INFO - Filling up the DagBag from /home/airflow/.local/lib/python3.12/site-packages/airflow/example_dags/example_complex.py
[2024-12-28T16:44:17.184+0000] {processor.py:925} INFO - DAG(s) 'example_complex' retrieved from /home/airflow/.local/lib/python3.12/site-packages/airflow/example_dags/example_complex.py
[2024-12-28T16:44:17.211+0000] {logging_mixin.py:190} INFO - [2024-12-28T16:44:17.211+0000] {dag.py:3239} INFO - Sync 1 DAGs
[2024-12-28T16:44:17.224+0000] {logging_mixin.py:190} INFO - [2024-12-28T16:44:17.224+0000] {dag.py:4180} INFO - Setting next_dagrun for example_complex to None, run_after=None
[2024-12-28T16:44:17.239+0000] {processor.py:208} INFO - Processing /home/airflow/.local/lib/python3.12/site-packages/airflow/example_dags/example_complex.py took 0.074 seconds
[2024-12-28T16:44:48.217+0000] {processor.py:186} INFO - Started process (PID=366) to work on /home/airflow/.local/lib/python3.12/site-packages/airflow/example_dags/example_complex.py
[2024-12-28T16:44:48.217+0000] {processor.py:914} INFO - Processing file /home/airflow/.local/lib/python3.12/site-packages/airflow/example_dags/example_complex.py for tasks to queue
[2024-12-28T16:44:48.219+0000] {logging_mixin.py:190} INFO - [2024-12-28T16:44:48.219+0000] {dagbag.py:588} INFO - Filling up the DagBag from /home/airflow/.local/lib/python3.12/site-packages/airflow/example_dags/example_complex.py
[2024-12-28T16:44:48.231+0000] {processor.py:925} INFO - DAG(s) 'example_complex' retrieved from /home/airflow/.local/lib/python3.12/site-packages/airflow/example_dags/example_complex.py
[2024-12-28T16:44:48.260+0000] {logging_mixin.py:190} INFO - [2024-12-28T16:44:48.260+0000] {dag.py:3239} INFO - Sync 1 DAGs
[2024-12-28T16:44:48.275+0000] {logging_mixin.py:190} INFO - [2024-12-28T16:44:48.275+0000] {dag.py:4180} INFO - Setting next_dagrun for example_complex to None, run_after=None
[2024-12-28T16:44:48.294+0000] {processor.py:208} INFO - Processing /home/airflow/.local/lib/python3.12/site-packages/airflow/example_dags/example_complex.py took 0.084 seconds
[2024-12-28T16:45:19.931+0000] {processor.py:186} INFO - Started process (PID=429) to work on /home/airflow/.local/lib/python3.12/site-packages/airflow/example_dags/example_complex.py
[2024-12-28T16:45:19.932+0000] {processor.py:914} INFO - Processing file /home/airflow/.local/lib/python3.12/site-packages/airflow/example_dags/example_complex.py for tasks to queue
[2024-12-28T16:45:19.934+0000] {logging_mixin.py:190} INFO - [2024-12-28T16:45:19.934+0000] {dagbag.py:588} INFO - Filling up the DagBag from /home/airflow/.local/lib/python3.12/site-packages/airflow/example_dags/example_complex.py
[2024-12-28T16:45:19.945+0000] {processor.py:925} INFO - DAG(s) 'example_complex' retrieved from /home/airflow/.local/lib/python3.12/site-packages/airflow/example_dags/example_complex.py
[2024-12-28T16:45:19.976+0000] {logging_mixin.py:190} INFO - [2024-12-28T16:45:19.976+0000] {dag.py:3239} INFO - Sync 1 DAGs
[2024-12-28T16:45:19.989+0000] {logging_mixin.py:190} INFO - [2024-12-28T16:45:19.989+0000] {dag.py:4180} INFO - Setting next_dagrun for example_complex to None, run_after=None
[2024-12-28T16:45:20.008+0000] {processor.py:208} INFO - Processing /home/airflow/.local/lib/python3.12/site-packages/airflow/example_dags/example_complex.py took 0.082 seconds
[2024-12-28T16:45:51.659+0000] {processor.py:186} INFO - Started process (PID=492) to work on /home/airflow/.local/lib/python3.12/site-packages/airflow/example_dags/example_complex.py
[2024-12-28T16:45:51.660+0000] {processor.py:914} INFO - Processing file /home/airflow/.local/lib/python3.12/site-packages/airflow/example_dags/example_complex.py for tasks to queue
[2024-12-28T16:45:51.663+0000] {logging_mixin.py:190} INFO - [2024-12-28T16:45:51.662+0000] {dagbag.py:588} INFO - Filling up the DagBag from /home/airflow/.local/lib/python3.12/site-packages/airflow/example_dags/example_complex.py
[2024-12-28T16:45:51.673+0000] {processor.py:925} INFO - DAG(s) 'example_complex' retrieved from /home/airflow/.local/lib/python3.12/site-packages/airflow/example_dags/example_complex.py
[2024-12-28T16:45:51.701+0000] {logging_mixin.py:190} INFO - [2024-12-28T16:45:51.701+0000] {dag.py:3239} INFO - Sync 1 DAGs
[2024-12-28T16:45:51.715+0000] {logging_mixin.py:190} INFO - [2024-12-28T16:45:51.714+0000] {dag.py:4180} INFO - Setting next_dagrun for example_complex to None, run_after=None
[2024-12-28T16:45:51.732+0000] {processor.py:208} INFO - Processing /home/airflow/.local/lib/python3.12/site-packages/airflow/example_dags/example_complex.py took 0.078 seconds
[2024-12-28T16:46:23.083+0000] {processor.py:186} INFO - Started process (PID=555) to work on /home/airflow/.local/lib/python3.12/site-packages/airflow/example_dags/example_complex.py
[2024-12-28T16:46:23.084+0000] {processor.py:914} INFO - Processing file /home/airflow/.local/lib/python3.12/site-packages/airflow/example_dags/example_complex.py for tasks to queue
[2024-12-28T16:46:23.086+0000] {logging_mixin.py:190} INFO - [2024-12-28T16:46:23.086+0000] {dagbag.py:588} INFO - Filling up the DagBag from /home/airflow/.local/lib/python3.12/site-packages/airflow/example_dags/example_complex.py
[2024-12-28T16:46:23.097+0000] {processor.py:925} INFO - DAG(s) 'example_complex' retrieved from /home/airflow/.local/lib/python3.12/site-packages/airflow/example_dags/example_complex.py
[2024-12-28T16:46:23.134+0000] {logging_mixin.py:190} INFO - [2024-12-28T16:46:23.133+0000] {dag.py:3239} INFO - Sync 1 DAGs
[2024-12-28T16:46:23.147+0000] {logging_mixin.py:190} INFO - [2024-12-28T16:46:23.147+0000] {dag.py:4180} INFO - Setting next_dagrun for example_complex to None, run_after=None
[2024-12-28T16:46:23.167+0000] {processor.py:208} INFO - Processing /home/airflow/.local/lib/python3.12/site-packages/airflow/example_dags/example_complex.py took 0.090 seconds
[2024-12-28T16:46:54.355+0000] {processor.py:186} INFO - Started process (PID=618) to work on /home/airflow/.local/lib/python3.12/site-packages/airflow/example_dags/example_complex.py
[2024-12-28T16:46:54.356+0000] {processor.py:914} INFO - Processing file /home/airflow/.local/lib/python3.12/site-packages/airflow/example_dags/example_complex.py for tasks to queue
[2024-12-28T16:46:54.358+0000] {logging_mixin.py:190} INFO - [2024-12-28T16:46:54.358+0000] {dagbag.py:588} INFO - Filling up the DagBag from /home/airflow/.local/lib/python3.12/site-packages/airflow/example_dags/example_complex.py
[2024-12-28T16:46:54.368+0000] {processor.py:925} INFO - DAG(s) 'example_complex' retrieved from /home/airflow/.local/lib/python3.12/site-packages/airflow/example_dags/example_complex.py
[2024-12-28T16:46:54.399+0000] {logging_mixin.py:190} INFO - [2024-12-28T16:46:54.399+0000] {dag.py:3239} INFO - Sync 1 DAGs
[2024-12-28T16:46:54.415+0000] {logging_mixin.py:190} INFO - [2024-12-28T16:46:54.414+0000] {dag.py:4180} INFO - Setting next_dagrun for example_complex to None, run_after=None
[2024-12-28T16:46:54.434+0000] {processor.py:208} INFO - Processing /home/airflow/.local/lib/python3.12/site-packages/airflow/example_dags/example_complex.py took 0.084 seconds
[2024-12-28T16:47:25.898+0000] {processor.py:186} INFO - Started process (PID=682) to work on /home/airflow/.local/lib/python3.12/site-packages/airflow/example_dags/example_complex.py
[2024-12-28T16:47:25.899+0000] {processor.py:914} INFO - Processing file /home/airflow/.local/lib/python3.12/site-packages/airflow/example_dags/example_complex.py for tasks to queue
[2024-12-28T16:47:25.901+0000] {logging_mixin.py:190} INFO - [2024-12-28T16:47:25.901+0000] {dagbag.py:588} INFO - Filling up the DagBag from /home/airflow/.local/lib/python3.12/site-packages/airflow/example_dags/example_complex.py
[2024-12-28T16:47:25.912+0000] {processor.py:925} INFO - DAG(s) 'example_complex' retrieved from /home/airflow/.local/lib/python3.12/site-packages/airflow/example_dags/example_complex.py
[2024-12-28T16:47:25.940+0000] {logging_mixin.py:190} INFO - [2024-12-28T16:47:25.940+0000] {dag.py:3239} INFO - Sync 1 DAGs
[2024-12-28T16:47:25.954+0000] {logging_mixin.py:190} INFO - [2024-12-28T16:47:25.954+0000] {dag.py:4180} INFO - Setting next_dagrun for example_complex to None, run_after=None
[2024-12-28T16:47:25.970+0000] {processor.py:208} INFO - Processing /home/airflow/.local/lib/python3.12/site-packages/airflow/example_dags/example_complex.py took 0.077 seconds
[2024-12-28T16:52:24.574+0000] {processor.py:186} INFO - Started process (PID=111) to work on /home/airflow/.local/lib/python3.12/site-packages/airflow/example_dags/example_complex.py
[2024-12-28T16:52:24.575+0000] {processor.py:914} INFO - Processing file /home/airflow/.local/lib/python3.12/site-packages/airflow/example_dags/example_complex.py for tasks to queue
[2024-12-28T16:52:24.577+0000] {logging_mixin.py:190} INFO - [2024-12-28T16:52:24.577+0000] {dagbag.py:588} INFO - Filling up the DagBag from /home/airflow/.local/lib/python3.12/site-packages/airflow/example_dags/example_complex.py
[2024-12-28T16:52:24.588+0000] {processor.py:925} INFO - DAG(s) 'example_complex' retrieved from /home/airflow/.local/lib/python3.12/site-packages/airflow/example_dags/example_complex.py
[2024-12-28T16:52:24.617+0000] {logging_mixin.py:190} INFO - [2024-12-28T16:52:24.617+0000] {dag.py:3239} INFO - Sync 1 DAGs
[2024-12-28T16:52:24.631+0000] {logging_mixin.py:190} INFO - [2024-12-28T16:52:24.630+0000] {dag.py:4180} INFO - Setting next_dagrun for example_complex to None, run_after=None
[2024-12-28T16:52:24.647+0000] {processor.py:208} INFO - Processing /home/airflow/.local/lib/python3.12/site-packages/airflow/example_dags/example_complex.py took 0.077 seconds
[2024-12-28T16:52:55.612+0000] {processor.py:186} INFO - Started process (PID=175) to work on /home/airflow/.local/lib/python3.12/site-packages/airflow/example_dags/example_complex.py
[2024-12-28T16:52:55.613+0000] {processor.py:914} INFO - Processing file /home/airflow/.local/lib/python3.12/site-packages/airflow/example_dags/example_complex.py for tasks to queue
[2024-12-28T16:52:55.615+0000] {logging_mixin.py:190} INFO - [2024-12-28T16:52:55.615+0000] {dagbag.py:588} INFO - Filling up the DagBag from /home/airflow/.local/lib/python3.12/site-packages/airflow/example_dags/example_complex.py
[2024-12-28T16:52:55.625+0000] {processor.py:925} INFO - DAG(s) 'example_complex' retrieved from /home/airflow/.local/lib/python3.12/site-packages/airflow/example_dags/example_complex.py
[2024-12-28T16:52:55.651+0000] {logging_mixin.py:190} INFO - [2024-12-28T16:52:55.651+0000] {dag.py:3239} INFO - Sync 1 DAGs
[2024-12-28T16:52:55.664+0000] {logging_mixin.py:190} INFO - [2024-12-28T16:52:55.664+0000] {dag.py:4180} INFO - Setting next_dagrun for example_complex to None, run_after=None
[2024-12-28T16:52:55.681+0000] {processor.py:208} INFO - Processing /home/airflow/.local/lib/python3.12/site-packages/airflow/example_dags/example_complex.py took 0.074 seconds
[2024-12-28T16:53:27.089+0000] {processor.py:186} INFO - Started process (PID=239) to work on /home/airflow/.local/lib/python3.12/site-packages/airflow/example_dags/example_complex.py
[2024-12-28T16:53:27.089+0000] {processor.py:914} INFO - Processing file /home/airflow/.local/lib/python3.12/site-packages/airflow/example_dags/example_complex.py for tasks to queue
[2024-12-28T16:53:27.091+0000] {logging_mixin.py:190} INFO - [2024-12-28T16:53:27.091+0000] {dagbag.py:588} INFO - Filling up the DagBag from /home/airflow/.local/lib/python3.12/site-packages/airflow/example_dags/example_complex.py
[2024-12-28T16:53:27.103+0000] {processor.py:925} INFO - DAG(s) 'example_complex' retrieved from /home/airflow/.local/lib/python3.12/site-packages/airflow/example_dags/example_complex.py
[2024-12-28T16:53:27.134+0000] {logging_mixin.py:190} INFO - [2024-12-28T16:53:27.134+0000] {dag.py:3239} INFO - Sync 1 DAGs
[2024-12-28T16:53:27.148+0000] {logging_mixin.py:190} INFO - [2024-12-28T16:53:27.148+0000] {dag.py:4180} INFO - Setting next_dagrun for example_complex to None, run_after=None
[2024-12-28T16:53:27.166+0000] {processor.py:208} INFO - Processing /home/airflow/.local/lib/python3.12/site-packages/airflow/example_dags/example_complex.py took 0.083 seconds
[2024-12-28T16:53:59.747+0000] {processor.py:186} INFO - Started process (PID=307) to work on /home/airflow/.local/lib/python3.12/site-packages/airflow/example_dags/example_complex.py
[2024-12-28T16:53:59.747+0000] {processor.py:914} INFO - Processing file /home/airflow/.local/lib/python3.12/site-packages/airflow/example_dags/example_complex.py for tasks to queue
[2024-12-28T16:53:59.749+0000] {logging_mixin.py:190} INFO - [2024-12-28T16:53:59.749+0000] {dagbag.py:588} INFO - Filling up the DagBag from /home/airflow/.local/lib/python3.12/site-packages/airflow/example_dags/example_complex.py
[2024-12-28T16:53:59.760+0000] {processor.py:925} INFO - DAG(s) 'example_complex' retrieved from /home/airflow/.local/lib/python3.12/site-packages/airflow/example_dags/example_complex.py
[2024-12-28T16:53:59.796+0000] {logging_mixin.py:190} INFO - [2024-12-28T16:53:59.795+0000] {dag.py:3239} INFO - Sync 1 DAGs
[2024-12-28T16:53:59.811+0000] {logging_mixin.py:190} INFO - [2024-12-28T16:53:59.811+0000] {dag.py:4180} INFO - Setting next_dagrun for example_complex to None, run_after=None
[2024-12-28T16:53:59.832+0000] {processor.py:208} INFO - Processing /home/airflow/.local/lib/python3.12/site-packages/airflow/example_dags/example_complex.py took 0.090 seconds
[2024-12-28T16:54:31.628+0000] {processor.py:186} INFO - Started process (PID=371) to work on /home/airflow/.local/lib/python3.12/site-packages/airflow/example_dags/example_complex.py
[2024-12-28T16:54:31.629+0000] {processor.py:914} INFO - Processing file /home/airflow/.local/lib/python3.12/site-packages/airflow/example_dags/example_complex.py for tasks to queue
[2024-12-28T16:54:31.634+0000] {logging_mixin.py:190} INFO - [2024-12-28T16:54:31.633+0000] {dagbag.py:588} INFO - Filling up the DagBag from /home/airflow/.local/lib/python3.12/site-packages/airflow/example_dags/example_complex.py
[2024-12-28T16:54:31.658+0000] {processor.py:925} INFO - DAG(s) 'example_complex' retrieved from /home/airflow/.local/lib/python3.12/site-packages/airflow/example_dags/example_complex.py
[2024-12-28T16:54:31.712+0000] {logging_mixin.py:190} INFO - [2024-12-28T16:54:31.711+0000] {dag.py:3239} INFO - Sync 1 DAGs
[2024-12-28T16:54:31.736+0000] {logging_mixin.py:190} INFO - [2024-12-28T16:54:31.735+0000] {dag.py:4180} INFO - Setting next_dagrun for example_complex to None, run_after=None
[2024-12-28T16:54:31.782+0000] {processor.py:208} INFO - Processing /home/airflow/.local/lib/python3.12/site-packages/airflow/example_dags/example_complex.py took 0.168 seconds
[2024-12-28T16:55:03.981+0000] {processor.py:186} INFO - Started process (PID=434) to work on /home/airflow/.local/lib/python3.12/site-packages/airflow/example_dags/example_complex.py
[2024-12-28T16:55:03.982+0000] {processor.py:914} INFO - Processing file /home/airflow/.local/lib/python3.12/site-packages/airflow/example_dags/example_complex.py for tasks to queue
[2024-12-28T16:55:03.984+0000] {logging_mixin.py:190} INFO - [2024-12-28T16:55:03.984+0000] {dagbag.py:588} INFO - Filling up the DagBag from /home/airflow/.local/lib/python3.12/site-packages/airflow/example_dags/example_complex.py
[2024-12-28T16:55:03.997+0000] {processor.py:925} INFO - DAG(s) 'example_complex' retrieved from /home/airflow/.local/lib/python3.12/site-packages/airflow/example_dags/example_complex.py
[2024-12-28T16:55:04.032+0000] {logging_mixin.py:190} INFO - [2024-12-28T16:55:04.032+0000] {dag.py:3239} INFO - Sync 1 DAGs
[2024-12-28T16:55:04.048+0000] {logging_mixin.py:190} INFO - [2024-12-28T16:55:04.048+0000] {dag.py:4180} INFO - Setting next_dagrun for example_complex to None, run_after=None
[2024-12-28T16:55:04.068+0000] {processor.py:208} INFO - Processing /home/airflow/.local/lib/python3.12/site-packages/airflow/example_dags/example_complex.py took 0.094 seconds
[2024-12-28T16:55:36.307+0000] {processor.py:186} INFO - Started process (PID=498) to work on /home/airflow/.local/lib/python3.12/site-packages/airflow/example_dags/example_complex.py
[2024-12-28T16:55:36.308+0000] {processor.py:914} INFO - Processing file /home/airflow/.local/lib/python3.12/site-packages/airflow/example_dags/example_complex.py for tasks to queue
[2024-12-28T16:55:36.310+0000] {logging_mixin.py:190} INFO - [2024-12-28T16:55:36.310+0000] {dagbag.py:588} INFO - Filling up the DagBag from /home/airflow/.local/lib/python3.12/site-packages/airflow/example_dags/example_complex.py
[2024-12-28T16:55:36.326+0000] {processor.py:925} INFO - DAG(s) 'example_complex' retrieved from /home/airflow/.local/lib/python3.12/site-packages/airflow/example_dags/example_complex.py
[2024-12-28T16:55:36.361+0000] {logging_mixin.py:190} INFO - [2024-12-28T16:55:36.360+0000] {dag.py:3239} INFO - Sync 1 DAGs
[2024-12-28T16:55:36.375+0000] {logging_mixin.py:190} INFO - [2024-12-28T16:55:36.375+0000] {dag.py:4180} INFO - Setting next_dagrun for example_complex to None, run_after=None
[2024-12-28T16:55:36.398+0000] {processor.py:208} INFO - Processing /home/airflow/.local/lib/python3.12/site-packages/airflow/example_dags/example_complex.py took 0.098 seconds
[2024-12-28T16:56:07.323+0000] {processor.py:186} INFO - Started process (PID=562) to work on /home/airflow/.local/lib/python3.12/site-packages/airflow/example_dags/example_complex.py
[2024-12-28T16:56:07.324+0000] {processor.py:914} INFO - Processing file /home/airflow/.local/lib/python3.12/site-packages/airflow/example_dags/example_complex.py for tasks to queue
[2024-12-28T16:56:07.327+0000] {logging_mixin.py:190} INFO - [2024-12-28T16:56:07.326+0000] {dagbag.py:588} INFO - Filling up the DagBag from /home/airflow/.local/lib/python3.12/site-packages/airflow/example_dags/example_complex.py
[2024-12-28T16:56:07.339+0000] {processor.py:925} INFO - DAG(s) 'example_complex' retrieved from /home/airflow/.local/lib/python3.12/site-packages/airflow/example_dags/example_complex.py
[2024-12-28T16:56:07.368+0000] {logging_mixin.py:190} INFO - [2024-12-28T16:56:07.368+0000] {dag.py:3239} INFO - Sync 1 DAGs
[2024-12-28T16:56:07.381+0000] {logging_mixin.py:190} INFO - [2024-12-28T16:56:07.381+0000] {dag.py:4180} INFO - Setting next_dagrun for example_complex to None, run_after=None
[2024-12-28T16:56:07.397+0000] {processor.py:208} INFO - Processing /home/airflow/.local/lib/python3.12/site-packages/airflow/example_dags/example_complex.py took 0.081 seconds
[2024-12-28T16:56:37.935+0000] {processor.py:186} INFO - Started process (PID=626) to work on /home/airflow/.local/lib/python3.12/site-packages/airflow/example_dags/example_complex.py
[2024-12-28T16:56:37.936+0000] {processor.py:914} INFO - Processing file /home/airflow/.local/lib/python3.12/site-packages/airflow/example_dags/example_complex.py for tasks to queue
[2024-12-28T16:56:37.938+0000] {logging_mixin.py:190} INFO - [2024-12-28T16:56:37.937+0000] {dagbag.py:588} INFO - Filling up the DagBag from /home/airflow/.local/lib/python3.12/site-packages/airflow/example_dags/example_complex.py
[2024-12-28T16:56:37.948+0000] {processor.py:925} INFO - DAG(s) 'example_complex' retrieved from /home/airflow/.local/lib/python3.12/site-packages/airflow/example_dags/example_complex.py
[2024-12-28T16:56:37.976+0000] {logging_mixin.py:190} INFO - [2024-12-28T16:56:37.976+0000] {dag.py:3239} INFO - Sync 1 DAGs
[2024-12-28T16:56:37.989+0000] {logging_mixin.py:190} INFO - [2024-12-28T16:56:37.989+0000] {dag.py:4180} INFO - Setting next_dagrun for example_complex to None, run_after=None
[2024-12-28T16:56:38.006+0000] {processor.py:208} INFO - Processing /home/airflow/.local/lib/python3.12/site-packages/airflow/example_dags/example_complex.py took 0.077 seconds
[2024-12-28T16:57:09.117+0000] {processor.py:186} INFO - Started process (PID=690) to work on /home/airflow/.local/lib/python3.12/site-packages/airflow/example_dags/example_complex.py
[2024-12-28T16:57:09.118+0000] {processor.py:914} INFO - Processing file /home/airflow/.local/lib/python3.12/site-packages/airflow/example_dags/example_complex.py for tasks to queue
[2024-12-28T16:57:09.120+0000] {logging_mixin.py:190} INFO - [2024-12-28T16:57:09.119+0000] {dagbag.py:588} INFO - Filling up the DagBag from /home/airflow/.local/lib/python3.12/site-packages/airflow/example_dags/example_complex.py
[2024-12-28T16:57:09.130+0000] {processor.py:925} INFO - DAG(s) 'example_complex' retrieved from /home/airflow/.local/lib/python3.12/site-packages/airflow/example_dags/example_complex.py
[2024-12-28T16:57:09.157+0000] {logging_mixin.py:190} INFO - [2024-12-28T16:57:09.157+0000] {dag.py:3239} INFO - Sync 1 DAGs
[2024-12-28T16:57:09.170+0000] {logging_mixin.py:190} INFO - [2024-12-28T16:57:09.170+0000] {dag.py:4180} INFO - Setting next_dagrun for example_complex to None, run_after=None
[2024-12-28T16:57:09.187+0000] {processor.py:208} INFO - Processing /home/airflow/.local/lib/python3.12/site-packages/airflow/example_dags/example_complex.py took 0.076 seconds
[2024-12-28T16:57:39.607+0000] {processor.py:186} INFO - Started process (PID=754) to work on /home/airflow/.local/lib/python3.12/site-packages/airflow/example_dags/example_complex.py
[2024-12-28T16:57:39.607+0000] {processor.py:914} INFO - Processing file /home/airflow/.local/lib/python3.12/site-packages/airflow/example_dags/example_complex.py for tasks to queue
[2024-12-28T16:57:39.609+0000] {logging_mixin.py:190} INFO - [2024-12-28T16:57:39.609+0000] {dagbag.py:588} INFO - Filling up the DagBag from /home/airflow/.local/lib/python3.12/site-packages/airflow/example_dags/example_complex.py
[2024-12-28T16:57:39.619+0000] {processor.py:925} INFO - DAG(s) 'example_complex' retrieved from /home/airflow/.local/lib/python3.12/site-packages/airflow/example_dags/example_complex.py
[2024-12-28T16:57:39.646+0000] {logging_mixin.py:190} INFO - [2024-12-28T16:57:39.646+0000] {dag.py:3239} INFO - Sync 1 DAGs
[2024-12-28T16:57:39.659+0000] {logging_mixin.py:190} INFO - [2024-12-28T16:57:39.659+0000] {dag.py:4180} INFO - Setting next_dagrun for example_complex to None, run_after=None
[2024-12-28T16:57:39.676+0000] {processor.py:208} INFO - Processing /home/airflow/.local/lib/python3.12/site-packages/airflow/example_dags/example_complex.py took 0.075 seconds
[2024-12-28T16:58:10.214+0000] {processor.py:186} INFO - Started process (PID=817) to work on /home/airflow/.local/lib/python3.12/site-packages/airflow/example_dags/example_complex.py
[2024-12-28T16:58:10.215+0000] {processor.py:914} INFO - Processing file /home/airflow/.local/lib/python3.12/site-packages/airflow/example_dags/example_complex.py for tasks to queue
[2024-12-28T16:58:10.217+0000] {logging_mixin.py:190} INFO - [2024-12-28T16:58:10.217+0000] {dagbag.py:588} INFO - Filling up the DagBag from /home/airflow/.local/lib/python3.12/site-packages/airflow/example_dags/example_complex.py
[2024-12-28T16:58:10.228+0000] {processor.py:925} INFO - DAG(s) 'example_complex' retrieved from /home/airflow/.local/lib/python3.12/site-packages/airflow/example_dags/example_complex.py
[2024-12-28T16:58:10.256+0000] {logging_mixin.py:190} INFO - [2024-12-28T16:58:10.256+0000] {dag.py:3239} INFO - Sync 1 DAGs
[2024-12-28T16:58:10.269+0000] {logging_mixin.py:190} INFO - [2024-12-28T16:58:10.269+0000] {dag.py:4180} INFO - Setting next_dagrun for example_complex to None, run_after=None
[2024-12-28T16:58:10.287+0000] {processor.py:208} INFO - Processing /home/airflow/.local/lib/python3.12/site-packages/airflow/example_dags/example_complex.py took 0.077 seconds
[2024-12-28T16:58:41.410+0000] {processor.py:186} INFO - Started process (PID=881) to work on /home/airflow/.local/lib/python3.12/site-packages/airflow/example_dags/example_complex.py
[2024-12-28T16:58:41.411+0000] {processor.py:914} INFO - Processing file /home/airflow/.local/lib/python3.12/site-packages/airflow/example_dags/example_complex.py for tasks to queue
[2024-12-28T16:58:41.414+0000] {logging_mixin.py:190} INFO - [2024-12-28T16:58:41.413+0000] {dagbag.py:588} INFO - Filling up the DagBag from /home/airflow/.local/lib/python3.12/site-packages/airflow/example_dags/example_complex.py
[2024-12-28T16:58:41.425+0000] {processor.py:925} INFO - DAG(s) 'example_complex' retrieved from /home/airflow/.local/lib/python3.12/site-packages/airflow/example_dags/example_complex.py
[2024-12-28T16:58:41.452+0000] {logging_mixin.py:190} INFO - [2024-12-28T16:58:41.452+0000] {dag.py:3239} INFO - Sync 1 DAGs
[2024-12-28T16:58:41.465+0000] {logging_mixin.py:190} INFO - [2024-12-28T16:58:41.465+0000] {dag.py:4180} INFO - Setting next_dagrun for example_complex to None, run_after=None
[2024-12-28T16:58:41.482+0000] {processor.py:208} INFO - Processing /home/airflow/.local/lib/python3.12/site-packages/airflow/example_dags/example_complex.py took 0.078 seconds
[2024-12-28T16:59:12.551+0000] {processor.py:186} INFO - Started process (PID=945) to work on /home/airflow/.local/lib/python3.12/site-packages/airflow/example_dags/example_complex.py
[2024-12-28T16:59:12.552+0000] {processor.py:914} INFO - Processing file /home/airflow/.local/lib/python3.12/site-packages/airflow/example_dags/example_complex.py for tasks to queue
[2024-12-28T16:59:12.554+0000] {logging_mixin.py:190} INFO - [2024-12-28T16:59:12.553+0000] {dagbag.py:588} INFO - Filling up the DagBag from /home/airflow/.local/lib/python3.12/site-packages/airflow/example_dags/example_complex.py
[2024-12-28T16:59:12.564+0000] {processor.py:925} INFO - DAG(s) 'example_complex' retrieved from /home/airflow/.local/lib/python3.12/site-packages/airflow/example_dags/example_complex.py
[2024-12-28T16:59:12.590+0000] {logging_mixin.py:190} INFO - [2024-12-28T16:59:12.590+0000] {dag.py:3239} INFO - Sync 1 DAGs
[2024-12-28T16:59:12.602+0000] {logging_mixin.py:190} INFO - [2024-12-28T16:59:12.602+0000] {dag.py:4180} INFO - Setting next_dagrun for example_complex to None, run_after=None
[2024-12-28T16:59:12.618+0000] {processor.py:208} INFO - Processing /home/airflow/.local/lib/python3.12/site-packages/airflow/example_dags/example_complex.py took 0.073 seconds
[2024-12-28T16:59:44.228+0000] {processor.py:186} INFO - Started process (PID=1010) to work on /home/airflow/.local/lib/python3.12/site-packages/airflow/example_dags/example_complex.py
[2024-12-28T16:59:44.229+0000] {processor.py:914} INFO - Processing file /home/airflow/.local/lib/python3.12/site-packages/airflow/example_dags/example_complex.py for tasks to queue
[2024-12-28T16:59:44.231+0000] {logging_mixin.py:190} INFO - [2024-12-28T16:59:44.231+0000] {dagbag.py:588} INFO - Filling up the DagBag from /home/airflow/.local/lib/python3.12/site-packages/airflow/example_dags/example_complex.py
[2024-12-28T16:59:44.242+0000] {processor.py:925} INFO - DAG(s) 'example_complex' retrieved from /home/airflow/.local/lib/python3.12/site-packages/airflow/example_dags/example_complex.py
[2024-12-28T16:59:44.269+0000] {logging_mixin.py:190} INFO - [2024-12-28T16:59:44.269+0000] {dag.py:3239} INFO - Sync 1 DAGs
[2024-12-28T16:59:44.282+0000] {logging_mixin.py:190} INFO - [2024-12-28T16:59:44.282+0000] {dag.py:4180} INFO - Setting next_dagrun for example_complex to None, run_after=None
[2024-12-28T16:59:44.300+0000] {processor.py:208} INFO - Processing /home/airflow/.local/lib/python3.12/site-packages/airflow/example_dags/example_complex.py took 0.078 seconds
[2024-12-28T17:00:14.914+0000] {processor.py:186} INFO - Started process (PID=1074) to work on /home/airflow/.local/lib/python3.12/site-packages/airflow/example_dags/example_complex.py
[2024-12-28T17:00:14.915+0000] {processor.py:914} INFO - Processing file /home/airflow/.local/lib/python3.12/site-packages/airflow/example_dags/example_complex.py for tasks to queue
[2024-12-28T17:00:14.917+0000] {logging_mixin.py:190} INFO - [2024-12-28T17:00:14.917+0000] {dagbag.py:588} INFO - Filling up the DagBag from /home/airflow/.local/lib/python3.12/site-packages/airflow/example_dags/example_complex.py
[2024-12-28T17:00:14.927+0000] {processor.py:925} INFO - DAG(s) 'example_complex' retrieved from /home/airflow/.local/lib/python3.12/site-packages/airflow/example_dags/example_complex.py
[2024-12-28T17:00:14.954+0000] {logging_mixin.py:190} INFO - [2024-12-28T17:00:14.954+0000] {dag.py:3239} INFO - Sync 1 DAGs
[2024-12-28T17:00:14.966+0000] {logging_mixin.py:190} INFO - [2024-12-28T17:00:14.966+0000] {dag.py:4180} INFO - Setting next_dagrun for example_complex to None, run_after=None
[2024-12-28T17:00:14.982+0000] {processor.py:208} INFO - Processing /home/airflow/.local/lib/python3.12/site-packages/airflow/example_dags/example_complex.py took 0.073 seconds
[2024-12-28T17:00:46.372+0000] {processor.py:186} INFO - Started process (PID=1138) to work on /home/airflow/.local/lib/python3.12/site-packages/airflow/example_dags/example_complex.py
[2024-12-28T17:00:46.372+0000] {processor.py:914} INFO - Processing file /home/airflow/.local/lib/python3.12/site-packages/airflow/example_dags/example_complex.py for tasks to queue
[2024-12-28T17:00:46.374+0000] {logging_mixin.py:190} INFO - [2024-12-28T17:00:46.374+0000] {dagbag.py:588} INFO - Filling up the DagBag from /home/airflow/.local/lib/python3.12/site-packages/airflow/example_dags/example_complex.py
[2024-12-28T17:00:46.384+0000] {processor.py:925} INFO - DAG(s) 'example_complex' retrieved from /home/airflow/.local/lib/python3.12/site-packages/airflow/example_dags/example_complex.py
[2024-12-28T17:00:46.411+0000] {logging_mixin.py:190} INFO - [2024-12-28T17:00:46.411+0000] {dag.py:3239} INFO - Sync 1 DAGs
[2024-12-28T17:00:46.424+0000] {logging_mixin.py:190} INFO - [2024-12-28T17:00:46.424+0000] {dag.py:4180} INFO - Setting next_dagrun for example_complex to None, run_after=None
[2024-12-28T17:00:46.440+0000] {processor.py:208} INFO - Processing /home/airflow/.local/lib/python3.12/site-packages/airflow/example_dags/example_complex.py took 0.074 seconds
[2024-12-28T17:01:18.084+0000] {processor.py:186} INFO - Started process (PID=1202) to work on /home/airflow/.local/lib/python3.12/site-packages/airflow/example_dags/example_complex.py
[2024-12-28T17:01:18.085+0000] {processor.py:914} INFO - Processing file /home/airflow/.local/lib/python3.12/site-packages/airflow/example_dags/example_complex.py for tasks to queue
[2024-12-28T17:01:18.087+0000] {logging_mixin.py:190} INFO - [2024-12-28T17:01:18.087+0000] {dagbag.py:588} INFO - Filling up the DagBag from /home/airflow/.local/lib/python3.12/site-packages/airflow/example_dags/example_complex.py
[2024-12-28T17:01:18.097+0000] {processor.py:925} INFO - DAG(s) 'example_complex' retrieved from /home/airflow/.local/lib/python3.12/site-packages/airflow/example_dags/example_complex.py
[2024-12-28T17:01:18.125+0000] {logging_mixin.py:190} INFO - [2024-12-28T17:01:18.125+0000] {dag.py:3239} INFO - Sync 1 DAGs
[2024-12-28T17:01:18.138+0000] {logging_mixin.py:190} INFO - [2024-12-28T17:01:18.138+0000] {dag.py:4180} INFO - Setting next_dagrun for example_complex to None, run_after=None
[2024-12-28T17:01:18.154+0000] {processor.py:208} INFO - Processing /home/airflow/.local/lib/python3.12/site-packages/airflow/example_dags/example_complex.py took 0.076 seconds
[2024-12-28T17:01:48.819+0000] {processor.py:186} INFO - Started process (PID=1266) to work on /home/airflow/.local/lib/python3.12/site-packages/airflow/example_dags/example_complex.py
[2024-12-28T17:01:48.819+0000] {processor.py:914} INFO - Processing file /home/airflow/.local/lib/python3.12/site-packages/airflow/example_dags/example_complex.py for tasks to queue
[2024-12-28T17:01:48.821+0000] {logging_mixin.py:190} INFO - [2024-12-28T17:01:48.821+0000] {dagbag.py:588} INFO - Filling up the DagBag from /home/airflow/.local/lib/python3.12/site-packages/airflow/example_dags/example_complex.py
[2024-12-28T17:01:48.831+0000] {processor.py:925} INFO - DAG(s) 'example_complex' retrieved from /home/airflow/.local/lib/python3.12/site-packages/airflow/example_dags/example_complex.py
[2024-12-28T17:01:48.857+0000] {logging_mixin.py:190} INFO - [2024-12-28T17:01:48.857+0000] {dag.py:3239} INFO - Sync 1 DAGs
[2024-12-28T17:01:48.870+0000] {logging_mixin.py:190} INFO - [2024-12-28T17:01:48.869+0000] {dag.py:4180} INFO - Setting next_dagrun for example_complex to None, run_after=None
[2024-12-28T17:01:48.886+0000] {processor.py:208} INFO - Processing /home/airflow/.local/lib/python3.12/site-packages/airflow/example_dags/example_complex.py took 0.073 seconds
[2024-12-28T17:02:22.092+0000] {processor.py:186} INFO - Started process (PID=1346) to work on /home/airflow/.local/lib/python3.12/site-packages/airflow/example_dags/example_complex.py
[2024-12-28T17:02:22.093+0000] {processor.py:914} INFO - Processing file /home/airflow/.local/lib/python3.12/site-packages/airflow/example_dags/example_complex.py for tasks to queue
[2024-12-28T17:02:22.095+0000] {logging_mixin.py:190} INFO - [2024-12-28T17:02:22.094+0000] {dagbag.py:588} INFO - Filling up the DagBag from /home/airflow/.local/lib/python3.12/site-packages/airflow/example_dags/example_complex.py
[2024-12-28T17:02:22.104+0000] {processor.py:925} INFO - DAG(s) 'example_complex' retrieved from /home/airflow/.local/lib/python3.12/site-packages/airflow/example_dags/example_complex.py
[2024-12-28T17:02:22.130+0000] {logging_mixin.py:190} INFO - [2024-12-28T17:02:22.130+0000] {dag.py:3239} INFO - Sync 1 DAGs
[2024-12-28T17:02:22.142+0000] {logging_mixin.py:190} INFO - [2024-12-28T17:02:22.142+0000] {dag.py:4180} INFO - Setting next_dagrun for example_complex to None, run_after=None
[2024-12-28T17:02:22.160+0000] {processor.py:208} INFO - Processing /home/airflow/.local/lib/python3.12/site-packages/airflow/example_dags/example_complex.py took 0.073 seconds
[2024-12-28T17:02:53.323+0000] {processor.py:186} INFO - Started process (PID=1419) to work on /home/airflow/.local/lib/python3.12/site-packages/airflow/example_dags/example_complex.py
[2024-12-28T17:02:53.324+0000] {processor.py:914} INFO - Processing file /home/airflow/.local/lib/python3.12/site-packages/airflow/example_dags/example_complex.py for tasks to queue
[2024-12-28T17:02:53.326+0000] {logging_mixin.py:190} INFO - [2024-12-28T17:02:53.326+0000] {dagbag.py:588} INFO - Filling up the DagBag from /home/airflow/.local/lib/python3.12/site-packages/airflow/example_dags/example_complex.py
[2024-12-28T17:02:53.339+0000] {processor.py:925} INFO - DAG(s) 'example_complex' retrieved from /home/airflow/.local/lib/python3.12/site-packages/airflow/example_dags/example_complex.py
[2024-12-28T17:02:53.371+0000] {logging_mixin.py:190} INFO - [2024-12-28T17:02:53.370+0000] {dag.py:3239} INFO - Sync 1 DAGs
[2024-12-28T17:02:53.384+0000] {logging_mixin.py:190} INFO - [2024-12-28T17:02:53.384+0000] {dag.py:4180} INFO - Setting next_dagrun for example_complex to None, run_after=None
[2024-12-28T17:02:53.405+0000] {processor.py:208} INFO - Processing /home/airflow/.local/lib/python3.12/site-packages/airflow/example_dags/example_complex.py took 0.089 seconds
[2024-12-28T17:03:24.896+0000] {processor.py:186} INFO - Started process (PID=1492) to work on /home/airflow/.local/lib/python3.12/site-packages/airflow/example_dags/example_complex.py
[2024-12-28T17:03:24.897+0000] {processor.py:914} INFO - Processing file /home/airflow/.local/lib/python3.12/site-packages/airflow/example_dags/example_complex.py for tasks to queue
[2024-12-28T17:03:24.899+0000] {logging_mixin.py:190} INFO - [2024-12-28T17:03:24.899+0000] {dagbag.py:588} INFO - Filling up the DagBag from /home/airflow/.local/lib/python3.12/site-packages/airflow/example_dags/example_complex.py
[2024-12-28T17:03:24.912+0000] {processor.py:925} INFO - DAG(s) 'example_complex' retrieved from /home/airflow/.local/lib/python3.12/site-packages/airflow/example_dags/example_complex.py
[2024-12-28T17:03:24.942+0000] {logging_mixin.py:190} INFO - [2024-12-28T17:03:24.941+0000] {dag.py:3239} INFO - Sync 1 DAGs
[2024-12-28T17:03:24.955+0000] {logging_mixin.py:190} INFO - [2024-12-28T17:03:24.954+0000] {dag.py:4180} INFO - Setting next_dagrun for example_complex to None, run_after=None
[2024-12-28T17:03:24.971+0000] {processor.py:208} INFO - Processing /home/airflow/.local/lib/python3.12/site-packages/airflow/example_dags/example_complex.py took 0.082 seconds
[2024-12-28T17:03:55.575+0000] {processor.py:186} INFO - Started process (PID=1569) to work on /home/airflow/.local/lib/python3.12/site-packages/airflow/example_dags/example_complex.py
[2024-12-28T17:03:55.576+0000] {processor.py:914} INFO - Processing file /home/airflow/.local/lib/python3.12/site-packages/airflow/example_dags/example_complex.py for tasks to queue
[2024-12-28T17:03:55.578+0000] {logging_mixin.py:190} INFO - [2024-12-28T17:03:55.578+0000] {dagbag.py:588} INFO - Filling up the DagBag from /home/airflow/.local/lib/python3.12/site-packages/airflow/example_dags/example_complex.py
[2024-12-28T17:03:55.588+0000] {processor.py:925} INFO - DAG(s) 'example_complex' retrieved from /home/airflow/.local/lib/python3.12/site-packages/airflow/example_dags/example_complex.py
[2024-12-28T17:03:55.615+0000] {logging_mixin.py:190} INFO - [2024-12-28T17:03:55.615+0000] {dag.py:3239} INFO - Sync 1 DAGs
[2024-12-28T17:03:55.628+0000] {logging_mixin.py:190} INFO - [2024-12-28T17:03:55.628+0000] {dag.py:4180} INFO - Setting next_dagrun for example_complex to None, run_after=None
[2024-12-28T17:03:55.645+0000] {processor.py:208} INFO - Processing /home/airflow/.local/lib/python3.12/site-packages/airflow/example_dags/example_complex.py took 0.075 seconds
