[2024-12-28T16:38:31.845+0000] {processor.py:186} INFO - Started process (PID=77) to work on /home/airflow/.local/lib/python3.12/site-packages/airflow/example_dags/example_nested_branch_dag.py
[2024-12-28T16:38:31.846+0000] {processor.py:914} INFO - Processing file /home/airflow/.local/lib/python3.12/site-packages/airflow/example_dags/example_nested_branch_dag.py for tasks to queue
[2024-12-28T16:38:31.848+0000] {logging_mixin.py:190} INFO - [2024-12-28T16:38:31.847+0000] {dagbag.py:588} INFO - Filling up the DagBag from /home/airflow/.local/lib/python3.12/site-packages/airflow/example_dags/example_nested_branch_dag.py
[2024-12-28T16:38:31.859+0000] {processor.py:925} INFO - DAG(s) 'example_nested_branch_dag' retrieved from /home/airflow/.local/lib/python3.12/site-packages/airflow/example_dags/example_nested_branch_dag.py
[2024-12-28T16:38:31.960+0000] {logging_mixin.py:190} INFO - [2024-12-28T16:38:31.960+0000] {override.py:1911} INFO - Created Permission View: can delete on DAG:example_nested_branch_dag
[2024-12-28T16:38:31.970+0000] {logging_mixin.py:190} INFO - [2024-12-28T16:38:31.970+0000] {override.py:1911} INFO - Created Permission View: can edit on DAG:example_nested_branch_dag
[2024-12-28T16:38:31.977+0000] {logging_mixin.py:190} INFO - [2024-12-28T16:38:31.977+0000] {override.py:1911} INFO - Created Permission View: can read on DAG:example_nested_branch_dag
[2024-12-28T16:38:31.984+0000] {logging_mixin.py:190} INFO - [2024-12-28T16:38:31.983+0000] {override.py:1911} INFO - Created Permission View: can create on DAG Run:example_nested_branch_dag
[2024-12-28T16:38:31.990+0000] {logging_mixin.py:190} INFO - [2024-12-28T16:38:31.990+0000] {override.py:1911} INFO - Created Permission View: can delete on DAG Run:example_nested_branch_dag
[2024-12-28T16:38:31.997+0000] {logging_mixin.py:190} INFO - [2024-12-28T16:38:31.996+0000] {override.py:1911} INFO - Created Permission View: menu access on DAG Run:example_nested_branch_dag
[2024-12-28T16:38:32.006+0000] {logging_mixin.py:190} INFO - [2024-12-28T16:38:32.005+0000] {override.py:1911} INFO - Created Permission View: can read on DAG Run:example_nested_branch_dag
[2024-12-28T16:38:32.006+0000] {logging_mixin.py:190} INFO - [2024-12-28T16:38:32.006+0000] {dag.py:3239} INFO - Sync 1 DAGs
[2024-12-28T16:38:32.017+0000] {logging_mixin.py:190} INFO - [2024-12-28T16:38:32.017+0000] {dag.py:3262} INFO - Creating ORM DAG for example_nested_branch_dag
[2024-12-28T16:38:32.029+0000] {logging_mixin.py:190} INFO - [2024-12-28T16:38:32.028+0000] {dag.py:4180} INFO - Setting next_dagrun for example_nested_branch_dag to 2024-12-27 00:00:00+00:00, run_after=2024-12-28 00:00:00+00:00
[2024-12-28T16:38:32.045+0000] {processor.py:208} INFO - Processing /home/airflow/.local/lib/python3.12/site-packages/airflow/example_dags/example_nested_branch_dag.py took 0.206 seconds
[2024-12-28T16:39:02.160+0000] {processor.py:186} INFO - Started process (PID=140) to work on /home/airflow/.local/lib/python3.12/site-packages/airflow/example_dags/example_nested_branch_dag.py
[2024-12-28T16:39:02.161+0000] {processor.py:914} INFO - Processing file /home/airflow/.local/lib/python3.12/site-packages/airflow/example_dags/example_nested_branch_dag.py for tasks to queue
[2024-12-28T16:39:02.163+0000] {logging_mixin.py:190} INFO - [2024-12-28T16:39:02.163+0000] {dagbag.py:588} INFO - Filling up the DagBag from /home/airflow/.local/lib/python3.12/site-packages/airflow/example_dags/example_nested_branch_dag.py
[2024-12-28T16:39:02.175+0000] {processor.py:925} INFO - DAG(s) 'example_nested_branch_dag' retrieved from /home/airflow/.local/lib/python3.12/site-packages/airflow/example_dags/example_nested_branch_dag.py
[2024-12-28T16:39:02.199+0000] {logging_mixin.py:190} INFO - [2024-12-28T16:39:02.199+0000] {dag.py:3239} INFO - Sync 1 DAGs
[2024-12-28T16:39:02.224+0000] {logging_mixin.py:190} INFO - [2024-12-28T16:39:02.224+0000] {dag.py:4180} INFO - Setting next_dagrun for example_nested_branch_dag to 2024-12-27 00:00:00+00:00, run_after=2024-12-28 00:00:00+00:00
[2024-12-28T16:39:02.244+0000] {processor.py:208} INFO - Processing /home/airflow/.local/lib/python3.12/site-packages/airflow/example_dags/example_nested_branch_dag.py took 0.091 seconds
[2024-12-28T16:39:32.346+0000] {processor.py:186} INFO - Started process (PID=203) to work on /home/airflow/.local/lib/python3.12/site-packages/airflow/example_dags/example_nested_branch_dag.py
[2024-12-28T16:39:32.347+0000] {processor.py:914} INFO - Processing file /home/airflow/.local/lib/python3.12/site-packages/airflow/example_dags/example_nested_branch_dag.py for tasks to queue
[2024-12-28T16:39:32.349+0000] {logging_mixin.py:190} INFO - [2024-12-28T16:39:32.349+0000] {dagbag.py:588} INFO - Filling up the DagBag from /home/airflow/.local/lib/python3.12/site-packages/airflow/example_dags/example_nested_branch_dag.py
[2024-12-28T16:39:32.360+0000] {processor.py:925} INFO - DAG(s) 'example_nested_branch_dag' retrieved from /home/airflow/.local/lib/python3.12/site-packages/airflow/example_dags/example_nested_branch_dag.py
[2024-12-28T16:39:32.383+0000] {logging_mixin.py:190} INFO - [2024-12-28T16:39:32.383+0000] {dag.py:3239} INFO - Sync 1 DAGs
[2024-12-28T16:39:32.405+0000] {logging_mixin.py:190} INFO - [2024-12-28T16:39:32.405+0000] {dag.py:4180} INFO - Setting next_dagrun for example_nested_branch_dag to 2024-12-27 00:00:00+00:00, run_after=2024-12-28 00:00:00+00:00
[2024-12-28T16:39:32.423+0000] {processor.py:208} INFO - Processing /home/airflow/.local/lib/python3.12/site-packages/airflow/example_dags/example_nested_branch_dag.py took 0.083 seconds
[2024-12-28T16:40:02.626+0000] {processor.py:186} INFO - Started process (PID=266) to work on /home/airflow/.local/lib/python3.12/site-packages/airflow/example_dags/example_nested_branch_dag.py
[2024-12-28T16:40:02.627+0000] {processor.py:914} INFO - Processing file /home/airflow/.local/lib/python3.12/site-packages/airflow/example_dags/example_nested_branch_dag.py for tasks to queue
[2024-12-28T16:40:02.629+0000] {logging_mixin.py:190} INFO - [2024-12-28T16:40:02.629+0000] {dagbag.py:588} INFO - Filling up the DagBag from /home/airflow/.local/lib/python3.12/site-packages/airflow/example_dags/example_nested_branch_dag.py
[2024-12-28T16:40:02.642+0000] {processor.py:925} INFO - DAG(s) 'example_nested_branch_dag' retrieved from /home/airflow/.local/lib/python3.12/site-packages/airflow/example_dags/example_nested_branch_dag.py
[2024-12-28T16:40:02.663+0000] {logging_mixin.py:190} INFO - [2024-12-28T16:40:02.663+0000] {dag.py:3239} INFO - Sync 1 DAGs
[2024-12-28T16:40:02.687+0000] {logging_mixin.py:190} INFO - [2024-12-28T16:40:02.687+0000] {dag.py:4180} INFO - Setting next_dagrun for example_nested_branch_dag to 2024-12-27 00:00:00+00:00, run_after=2024-12-28 00:00:00+00:00
[2024-12-28T16:40:02.703+0000] {processor.py:208} INFO - Processing /home/airflow/.local/lib/python3.12/site-packages/airflow/example_dags/example_nested_branch_dag.py took 0.084 seconds
[2024-12-28T16:42:38.583+0000] {processor.py:186} INFO - Started process (PID=76) to work on /home/airflow/.local/lib/python3.12/site-packages/airflow/example_dags/example_nested_branch_dag.py
[2024-12-28T16:42:38.584+0000] {processor.py:914} INFO - Processing file /home/airflow/.local/lib/python3.12/site-packages/airflow/example_dags/example_nested_branch_dag.py for tasks to queue
[2024-12-28T16:42:38.586+0000] {logging_mixin.py:190} INFO - [2024-12-28T16:42:38.586+0000] {dagbag.py:588} INFO - Filling up the DagBag from /home/airflow/.local/lib/python3.12/site-packages/airflow/example_dags/example_nested_branch_dag.py
[2024-12-28T16:42:38.597+0000] {processor.py:925} INFO - DAG(s) 'example_nested_branch_dag' retrieved from /home/airflow/.local/lib/python3.12/site-packages/airflow/example_dags/example_nested_branch_dag.py
[2024-12-28T16:42:38.625+0000] {logging_mixin.py:190} INFO - [2024-12-28T16:42:38.624+0000] {dag.py:3239} INFO - Sync 1 DAGs
[2024-12-28T16:42:38.646+0000] {logging_mixin.py:190} INFO - [2024-12-28T16:42:38.646+0000] {dag.py:4180} INFO - Setting next_dagrun for example_nested_branch_dag to 2024-12-27 00:00:00+00:00, run_after=2024-12-28 00:00:00+00:00
[2024-12-28T16:42:38.665+0000] {processor.py:208} INFO - Processing /home/airflow/.local/lib/python3.12/site-packages/airflow/example_dags/example_nested_branch_dag.py took 0.087 seconds
[2024-12-28T16:43:09.655+0000] {processor.py:186} INFO - Started process (PID=139) to work on /home/airflow/.local/lib/python3.12/site-packages/airflow/example_dags/example_nested_branch_dag.py
[2024-12-28T16:43:09.657+0000] {processor.py:914} INFO - Processing file /home/airflow/.local/lib/python3.12/site-packages/airflow/example_dags/example_nested_branch_dag.py for tasks to queue
[2024-12-28T16:43:09.660+0000] {logging_mixin.py:190} INFO - [2024-12-28T16:43:09.660+0000] {dagbag.py:588} INFO - Filling up the DagBag from /home/airflow/.local/lib/python3.12/site-packages/airflow/example_dags/example_nested_branch_dag.py
[2024-12-28T16:43:09.676+0000] {processor.py:925} INFO - DAG(s) 'example_nested_branch_dag' retrieved from /home/airflow/.local/lib/python3.12/site-packages/airflow/example_dags/example_nested_branch_dag.py
[2024-12-28T16:43:09.703+0000] {logging_mixin.py:190} INFO - [2024-12-28T16:43:09.702+0000] {dag.py:3239} INFO - Sync 1 DAGs
[2024-12-28T16:43:09.728+0000] {logging_mixin.py:190} INFO - [2024-12-28T16:43:09.728+0000] {dag.py:4180} INFO - Setting next_dagrun for example_nested_branch_dag to 2024-12-27 00:00:00+00:00, run_after=2024-12-28 00:00:00+00:00
[2024-12-28T16:43:09.751+0000] {processor.py:208} INFO - Processing /home/airflow/.local/lib/python3.12/site-packages/airflow/example_dags/example_nested_branch_dag.py took 0.103 seconds
[2024-12-28T16:43:40.259+0000] {processor.py:186} INFO - Started process (PID=202) to work on /home/airflow/.local/lib/python3.12/site-packages/airflow/example_dags/example_nested_branch_dag.py
[2024-12-28T16:43:40.260+0000] {processor.py:914} INFO - Processing file /home/airflow/.local/lib/python3.12/site-packages/airflow/example_dags/example_nested_branch_dag.py for tasks to queue
[2024-12-28T16:43:40.262+0000] {logging_mixin.py:190} INFO - [2024-12-28T16:43:40.262+0000] {dagbag.py:588} INFO - Filling up the DagBag from /home/airflow/.local/lib/python3.12/site-packages/airflow/example_dags/example_nested_branch_dag.py
[2024-12-28T16:43:40.272+0000] {processor.py:925} INFO - DAG(s) 'example_nested_branch_dag' retrieved from /home/airflow/.local/lib/python3.12/site-packages/airflow/example_dags/example_nested_branch_dag.py
[2024-12-28T16:43:40.293+0000] {logging_mixin.py:190} INFO - [2024-12-28T16:43:40.293+0000] {dag.py:3239} INFO - Sync 1 DAGs
[2024-12-28T16:43:40.317+0000] {logging_mixin.py:190} INFO - [2024-12-28T16:43:40.317+0000] {dag.py:4180} INFO - Setting next_dagrun for example_nested_branch_dag to 2024-12-27 00:00:00+00:00, run_after=2024-12-28 00:00:00+00:00
[2024-12-28T16:43:40.333+0000] {processor.py:208} INFO - Processing /home/airflow/.local/lib/python3.12/site-packages/airflow/example_dags/example_nested_branch_dag.py took 0.080 seconds
[2024-12-28T16:44:10.840+0000] {processor.py:186} INFO - Started process (PID=265) to work on /home/airflow/.local/lib/python3.12/site-packages/airflow/example_dags/example_nested_branch_dag.py
[2024-12-28T16:44:10.842+0000] {processor.py:914} INFO - Processing file /home/airflow/.local/lib/python3.12/site-packages/airflow/example_dags/example_nested_branch_dag.py for tasks to queue
[2024-12-28T16:44:10.845+0000] {logging_mixin.py:190} INFO - [2024-12-28T16:44:10.844+0000] {dagbag.py:588} INFO - Filling up the DagBag from /home/airflow/.local/lib/python3.12/site-packages/airflow/example_dags/example_nested_branch_dag.py
[2024-12-28T16:44:10.857+0000] {processor.py:925} INFO - DAG(s) 'example_nested_branch_dag' retrieved from /home/airflow/.local/lib/python3.12/site-packages/airflow/example_dags/example_nested_branch_dag.py
[2024-12-28T16:44:10.885+0000] {logging_mixin.py:190} INFO - [2024-12-28T16:44:10.885+0000] {dag.py:3239} INFO - Sync 1 DAGs
[2024-12-28T16:44:10.915+0000] {logging_mixin.py:190} INFO - [2024-12-28T16:44:10.915+0000] {dag.py:4180} INFO - Setting next_dagrun for example_nested_branch_dag to 2024-12-27 00:00:00+00:00, run_after=2024-12-28 00:00:00+00:00
[2024-12-28T16:44:10.942+0000] {processor.py:208} INFO - Processing /home/airflow/.local/lib/python3.12/site-packages/airflow/example_dags/example_nested_branch_dag.py took 0.108 seconds
[2024-12-28T16:44:41.159+0000] {processor.py:186} INFO - Started process (PID=328) to work on /home/airflow/.local/lib/python3.12/site-packages/airflow/example_dags/example_nested_branch_dag.py
[2024-12-28T16:44:41.160+0000] {processor.py:914} INFO - Processing file /home/airflow/.local/lib/python3.12/site-packages/airflow/example_dags/example_nested_branch_dag.py for tasks to queue
[2024-12-28T16:44:41.162+0000] {logging_mixin.py:190} INFO - [2024-12-28T16:44:41.161+0000] {dagbag.py:588} INFO - Filling up the DagBag from /home/airflow/.local/lib/python3.12/site-packages/airflow/example_dags/example_nested_branch_dag.py
[2024-12-28T16:44:41.173+0000] {processor.py:925} INFO - DAG(s) 'example_nested_branch_dag' retrieved from /home/airflow/.local/lib/python3.12/site-packages/airflow/example_dags/example_nested_branch_dag.py
[2024-12-28T16:44:41.195+0000] {logging_mixin.py:190} INFO - [2024-12-28T16:44:41.195+0000] {dag.py:3239} INFO - Sync 1 DAGs
[2024-12-28T16:44:41.217+0000] {logging_mixin.py:190} INFO - [2024-12-28T16:44:41.216+0000] {dag.py:4180} INFO - Setting next_dagrun for example_nested_branch_dag to 2024-12-27 00:00:00+00:00, run_after=2024-12-28 00:00:00+00:00
[2024-12-28T16:44:41.235+0000] {processor.py:208} INFO - Processing /home/airflow/.local/lib/python3.12/site-packages/airflow/example_dags/example_nested_branch_dag.py took 0.082 seconds
[2024-12-28T16:45:11.583+0000] {processor.py:186} INFO - Started process (PID=391) to work on /home/airflow/.local/lib/python3.12/site-packages/airflow/example_dags/example_nested_branch_dag.py
[2024-12-28T16:45:11.584+0000] {processor.py:914} INFO - Processing file /home/airflow/.local/lib/python3.12/site-packages/airflow/example_dags/example_nested_branch_dag.py for tasks to queue
[2024-12-28T16:45:11.587+0000] {logging_mixin.py:190} INFO - [2024-12-28T16:45:11.586+0000] {dagbag.py:588} INFO - Filling up the DagBag from /home/airflow/.local/lib/python3.12/site-packages/airflow/example_dags/example_nested_branch_dag.py
[2024-12-28T16:45:11.597+0000] {processor.py:925} INFO - DAG(s) 'example_nested_branch_dag' retrieved from /home/airflow/.local/lib/python3.12/site-packages/airflow/example_dags/example_nested_branch_dag.py
[2024-12-28T16:45:11.620+0000] {logging_mixin.py:190} INFO - [2024-12-28T16:45:11.620+0000] {dag.py:3239} INFO - Sync 1 DAGs
[2024-12-28T16:45:11.641+0000] {logging_mixin.py:190} INFO - [2024-12-28T16:45:11.641+0000] {dag.py:4180} INFO - Setting next_dagrun for example_nested_branch_dag to 2024-12-27 00:00:00+00:00, run_after=2024-12-28 00:00:00+00:00
[2024-12-28T16:45:11.657+0000] {processor.py:208} INFO - Processing /home/airflow/.local/lib/python3.12/site-packages/airflow/example_dags/example_nested_branch_dag.py took 0.080 seconds
[2024-12-28T16:45:42.186+0000] {processor.py:186} INFO - Started process (PID=460) to work on /home/airflow/.local/lib/python3.12/site-packages/airflow/example_dags/example_nested_branch_dag.py
[2024-12-28T16:45:42.187+0000] {processor.py:914} INFO - Processing file /home/airflow/.local/lib/python3.12/site-packages/airflow/example_dags/example_nested_branch_dag.py for tasks to queue
[2024-12-28T16:45:42.190+0000] {logging_mixin.py:190} INFO - [2024-12-28T16:45:42.189+0000] {dagbag.py:588} INFO - Filling up the DagBag from /home/airflow/.local/lib/python3.12/site-packages/airflow/example_dags/example_nested_branch_dag.py
[2024-12-28T16:45:42.202+0000] {processor.py:925} INFO - DAG(s) 'example_nested_branch_dag' retrieved from /home/airflow/.local/lib/python3.12/site-packages/airflow/example_dags/example_nested_branch_dag.py
[2024-12-28T16:45:42.226+0000] {logging_mixin.py:190} INFO - [2024-12-28T16:45:42.225+0000] {dag.py:3239} INFO - Sync 1 DAGs
[2024-12-28T16:45:42.252+0000] {logging_mixin.py:190} INFO - [2024-12-28T16:45:42.252+0000] {dag.py:4180} INFO - Setting next_dagrun for example_nested_branch_dag to 2024-12-27 00:00:00+00:00, run_after=2024-12-28 00:00:00+00:00
[2024-12-28T16:45:42.273+0000] {processor.py:208} INFO - Processing /home/airflow/.local/lib/python3.12/site-packages/airflow/example_dags/example_nested_branch_dag.py took 0.094 seconds
[2024-12-28T16:46:12.926+0000] {processor.py:186} INFO - Started process (PID=523) to work on /home/airflow/.local/lib/python3.12/site-packages/airflow/example_dags/example_nested_branch_dag.py
[2024-12-28T16:46:12.927+0000] {processor.py:914} INFO - Processing file /home/airflow/.local/lib/python3.12/site-packages/airflow/example_dags/example_nested_branch_dag.py for tasks to queue
[2024-12-28T16:46:12.930+0000] {logging_mixin.py:190} INFO - [2024-12-28T16:46:12.929+0000] {dagbag.py:588} INFO - Filling up the DagBag from /home/airflow/.local/lib/python3.12/site-packages/airflow/example_dags/example_nested_branch_dag.py
[2024-12-28T16:46:12.942+0000] {processor.py:925} INFO - DAG(s) 'example_nested_branch_dag' retrieved from /home/airflow/.local/lib/python3.12/site-packages/airflow/example_dags/example_nested_branch_dag.py
[2024-12-28T16:46:12.968+0000] {logging_mixin.py:190} INFO - [2024-12-28T16:46:12.968+0000] {dag.py:3239} INFO - Sync 1 DAGs
[2024-12-28T16:46:12.996+0000] {logging_mixin.py:190} INFO - [2024-12-28T16:46:12.995+0000] {dag.py:4180} INFO - Setting next_dagrun for example_nested_branch_dag to 2024-12-27 00:00:00+00:00, run_after=2024-12-28 00:00:00+00:00
[2024-12-28T16:46:13.017+0000] {processor.py:208} INFO - Processing /home/airflow/.local/lib/python3.12/site-packages/airflow/example_dags/example_nested_branch_dag.py took 0.098 seconds
[2024-12-28T16:46:43.354+0000] {processor.py:186} INFO - Started process (PID=586) to work on /home/airflow/.local/lib/python3.12/site-packages/airflow/example_dags/example_nested_branch_dag.py
[2024-12-28T16:46:43.355+0000] {processor.py:914} INFO - Processing file /home/airflow/.local/lib/python3.12/site-packages/airflow/example_dags/example_nested_branch_dag.py for tasks to queue
[2024-12-28T16:46:43.357+0000] {logging_mixin.py:190} INFO - [2024-12-28T16:46:43.357+0000] {dagbag.py:588} INFO - Filling up the DagBag from /home/airflow/.local/lib/python3.12/site-packages/airflow/example_dags/example_nested_branch_dag.py
[2024-12-28T16:46:43.369+0000] {processor.py:925} INFO - DAG(s) 'example_nested_branch_dag' retrieved from /home/airflow/.local/lib/python3.12/site-packages/airflow/example_dags/example_nested_branch_dag.py
[2024-12-28T16:46:43.393+0000] {logging_mixin.py:190} INFO - [2024-12-28T16:46:43.393+0000] {dag.py:3239} INFO - Sync 1 DAGs
[2024-12-28T16:46:43.416+0000] {logging_mixin.py:190} INFO - [2024-12-28T16:46:43.416+0000] {dag.py:4180} INFO - Setting next_dagrun for example_nested_branch_dag to 2024-12-27 00:00:00+00:00, run_after=2024-12-28 00:00:00+00:00
[2024-12-28T16:46:43.432+0000] {processor.py:208} INFO - Processing /home/airflow/.local/lib/python3.12/site-packages/airflow/example_dags/example_nested_branch_dag.py took 0.085 seconds
[2024-12-28T16:47:13.539+0000] {processor.py:186} INFO - Started process (PID=649) to work on /home/airflow/.local/lib/python3.12/site-packages/airflow/example_dags/example_nested_branch_dag.py
[2024-12-28T16:47:13.541+0000] {processor.py:914} INFO - Processing file /home/airflow/.local/lib/python3.12/site-packages/airflow/example_dags/example_nested_branch_dag.py for tasks to queue
[2024-12-28T16:47:13.543+0000] {logging_mixin.py:190} INFO - [2024-12-28T16:47:13.543+0000] {dagbag.py:588} INFO - Filling up the DagBag from /home/airflow/.local/lib/python3.12/site-packages/airflow/example_dags/example_nested_branch_dag.py
[2024-12-28T16:47:13.555+0000] {processor.py:925} INFO - DAG(s) 'example_nested_branch_dag' retrieved from /home/airflow/.local/lib/python3.12/site-packages/airflow/example_dags/example_nested_branch_dag.py
[2024-12-28T16:47:13.582+0000] {logging_mixin.py:190} INFO - [2024-12-28T16:47:13.582+0000] {dag.py:3239} INFO - Sync 1 DAGs
[2024-12-28T16:47:13.610+0000] {logging_mixin.py:190} INFO - [2024-12-28T16:47:13.610+0000] {dag.py:4180} INFO - Setting next_dagrun for example_nested_branch_dag to 2024-12-27 00:00:00+00:00, run_after=2024-12-28 00:00:00+00:00
[2024-12-28T16:47:13.631+0000] {processor.py:208} INFO - Processing /home/airflow/.local/lib/python3.12/site-packages/airflow/example_dags/example_nested_branch_dag.py took 0.099 seconds
[2024-12-28T16:47:44.121+0000] {processor.py:186} INFO - Started process (PID=713) to work on /home/airflow/.local/lib/python3.12/site-packages/airflow/example_dags/example_nested_branch_dag.py
[2024-12-28T16:47:44.122+0000] {processor.py:914} INFO - Processing file /home/airflow/.local/lib/python3.12/site-packages/airflow/example_dags/example_nested_branch_dag.py for tasks to queue
[2024-12-28T16:47:44.125+0000] {logging_mixin.py:190} INFO - [2024-12-28T16:47:44.124+0000] {dagbag.py:588} INFO - Filling up the DagBag from /home/airflow/.local/lib/python3.12/site-packages/airflow/example_dags/example_nested_branch_dag.py
[2024-12-28T16:47:44.137+0000] {processor.py:925} INFO - DAG(s) 'example_nested_branch_dag' retrieved from /home/airflow/.local/lib/python3.12/site-packages/airflow/example_dags/example_nested_branch_dag.py
[2024-12-28T16:47:44.160+0000] {logging_mixin.py:190} INFO - [2024-12-28T16:47:44.160+0000] {dag.py:3239} INFO - Sync 1 DAGs
[2024-12-28T16:47:44.186+0000] {logging_mixin.py:190} INFO - [2024-12-28T16:47:44.186+0000] {dag.py:4180} INFO - Setting next_dagrun for example_nested_branch_dag to 2024-12-27 00:00:00+00:00, run_after=2024-12-28 00:00:00+00:00
[2024-12-28T16:47:44.206+0000] {processor.py:208} INFO - Processing /home/airflow/.local/lib/python3.12/site-packages/airflow/example_dags/example_nested_branch_dag.py took 0.092 seconds
[2024-12-28T16:52:20.989+0000] {processor.py:186} INFO - Started process (PID=78) to work on /home/airflow/.local/lib/python3.12/site-packages/airflow/example_dags/example_nested_branch_dag.py
[2024-12-28T16:52:20.990+0000] {processor.py:914} INFO - Processing file /home/airflow/.local/lib/python3.12/site-packages/airflow/example_dags/example_nested_branch_dag.py for tasks to queue
[2024-12-28T16:52:20.992+0000] {logging_mixin.py:190} INFO - [2024-12-28T16:52:20.992+0000] {dagbag.py:588} INFO - Filling up the DagBag from /home/airflow/.local/lib/python3.12/site-packages/airflow/example_dags/example_nested_branch_dag.py
[2024-12-28T16:52:21.003+0000] {processor.py:925} INFO - DAG(s) 'example_nested_branch_dag' retrieved from /home/airflow/.local/lib/python3.12/site-packages/airflow/example_dags/example_nested_branch_dag.py
[2024-12-28T16:52:21.031+0000] {logging_mixin.py:190} INFO - [2024-12-28T16:52:21.031+0000] {dag.py:3239} INFO - Sync 1 DAGs
[2024-12-28T16:52:21.054+0000] {logging_mixin.py:190} INFO - [2024-12-28T16:52:21.054+0000] {dag.py:4180} INFO - Setting next_dagrun for example_nested_branch_dag to 2024-12-27 00:00:00+00:00, run_after=2024-12-28 00:00:00+00:00
[2024-12-28T16:52:21.078+0000] {processor.py:208} INFO - Processing /home/airflow/.local/lib/python3.12/site-packages/airflow/example_dags/example_nested_branch_dag.py took 0.094 seconds
[2024-12-28T16:52:51.708+0000] {processor.py:186} INFO - Started process (PID=142) to work on /home/airflow/.local/lib/python3.12/site-packages/airflow/example_dags/example_nested_branch_dag.py
[2024-12-28T16:52:51.709+0000] {processor.py:914} INFO - Processing file /home/airflow/.local/lib/python3.12/site-packages/airflow/example_dags/example_nested_branch_dag.py for tasks to queue
[2024-12-28T16:52:51.712+0000] {logging_mixin.py:190} INFO - [2024-12-28T16:52:51.711+0000] {dagbag.py:588} INFO - Filling up the DagBag from /home/airflow/.local/lib/python3.12/site-packages/airflow/example_dags/example_nested_branch_dag.py
[2024-12-28T16:52:51.724+0000] {processor.py:925} INFO - DAG(s) 'example_nested_branch_dag' retrieved from /home/airflow/.local/lib/python3.12/site-packages/airflow/example_dags/example_nested_branch_dag.py
[2024-12-28T16:52:51.749+0000] {logging_mixin.py:190} INFO - [2024-12-28T16:52:51.748+0000] {dag.py:3239} INFO - Sync 1 DAGs
[2024-12-28T16:52:51.773+0000] {logging_mixin.py:190} INFO - [2024-12-28T16:52:51.773+0000] {dag.py:4180} INFO - Setting next_dagrun for example_nested_branch_dag to 2024-12-27 00:00:00+00:00, run_after=2024-12-28 00:00:00+00:00
[2024-12-28T16:52:51.795+0000] {processor.py:208} INFO - Processing /home/airflow/.local/lib/python3.12/site-packages/airflow/example_dags/example_nested_branch_dag.py took 0.093 seconds
[2024-12-28T16:53:21.921+0000] {processor.py:186} INFO - Started process (PID=206) to work on /home/airflow/.local/lib/python3.12/site-packages/airflow/example_dags/example_nested_branch_dag.py
[2024-12-28T16:53:21.922+0000] {processor.py:914} INFO - Processing file /home/airflow/.local/lib/python3.12/site-packages/airflow/example_dags/example_nested_branch_dag.py for tasks to queue
[2024-12-28T16:53:21.924+0000] {logging_mixin.py:190} INFO - [2024-12-28T16:53:21.924+0000] {dagbag.py:588} INFO - Filling up the DagBag from /home/airflow/.local/lib/python3.12/site-packages/airflow/example_dags/example_nested_branch_dag.py
[2024-12-28T16:53:21.933+0000] {processor.py:925} INFO - DAG(s) 'example_nested_branch_dag' retrieved from /home/airflow/.local/lib/python3.12/site-packages/airflow/example_dags/example_nested_branch_dag.py
[2024-12-28T16:53:21.953+0000] {logging_mixin.py:190} INFO - [2024-12-28T16:53:21.953+0000] {dag.py:3239} INFO - Sync 1 DAGs
[2024-12-28T16:53:21.976+0000] {logging_mixin.py:190} INFO - [2024-12-28T16:53:21.976+0000] {dag.py:4180} INFO - Setting next_dagrun for example_nested_branch_dag to 2024-12-27 00:00:00+00:00, run_after=2024-12-28 00:00:00+00:00
[2024-12-28T16:53:21.992+0000] {processor.py:208} INFO - Processing /home/airflow/.local/lib/python3.12/site-packages/airflow/example_dags/example_nested_branch_dag.py took 0.076 seconds
[2024-12-28T16:53:53.384+0000] {processor.py:186} INFO - Started process (PID=274) to work on /home/airflow/.local/lib/python3.12/site-packages/airflow/example_dags/example_nested_branch_dag.py
[2024-12-28T16:53:53.386+0000] {processor.py:914} INFO - Processing file /home/airflow/.local/lib/python3.12/site-packages/airflow/example_dags/example_nested_branch_dag.py for tasks to queue
[2024-12-28T16:53:53.393+0000] {logging_mixin.py:190} INFO - [2024-12-28T16:53:53.392+0000] {dagbag.py:588} INFO - Filling up the DagBag from /home/airflow/.local/lib/python3.12/site-packages/airflow/example_dags/example_nested_branch_dag.py
[2024-12-28T16:53:53.416+0000] {processor.py:925} INFO - DAG(s) 'example_nested_branch_dag' retrieved from /home/airflow/.local/lib/python3.12/site-packages/airflow/example_dags/example_nested_branch_dag.py
[2024-12-28T16:53:53.465+0000] {logging_mixin.py:190} INFO - [2024-12-28T16:53:53.465+0000] {dag.py:3239} INFO - Sync 1 DAGs
[2024-12-28T16:53:53.513+0000] {logging_mixin.py:190} INFO - [2024-12-28T16:53:53.512+0000] {dag.py:4180} INFO - Setting next_dagrun for example_nested_branch_dag to 2024-12-27 00:00:00+00:00, run_after=2024-12-28 00:00:00+00:00
[2024-12-28T16:53:53.566+0000] {processor.py:208} INFO - Processing /home/airflow/.local/lib/python3.12/site-packages/airflow/example_dags/example_nested_branch_dag.py took 0.191 seconds
[2024-12-28T16:54:24.542+0000] {processor.py:186} INFO - Started process (PID=338) to work on /home/airflow/.local/lib/python3.12/site-packages/airflow/example_dags/example_nested_branch_dag.py
[2024-12-28T16:54:24.548+0000] {processor.py:914} INFO - Processing file /home/airflow/.local/lib/python3.12/site-packages/airflow/example_dags/example_nested_branch_dag.py for tasks to queue
[2024-12-28T16:54:24.551+0000] {logging_mixin.py:190} INFO - [2024-12-28T16:54:24.551+0000] {dagbag.py:588} INFO - Filling up the DagBag from /home/airflow/.local/lib/python3.12/site-packages/airflow/example_dags/example_nested_branch_dag.py
[2024-12-28T16:54:24.578+0000] {processor.py:925} INFO - DAG(s) 'example_nested_branch_dag' retrieved from /home/airflow/.local/lib/python3.12/site-packages/airflow/example_dags/example_nested_branch_dag.py
[2024-12-28T16:54:24.630+0000] {logging_mixin.py:190} INFO - [2024-12-28T16:54:24.629+0000] {dag.py:3239} INFO - Sync 1 DAGs
[2024-12-28T16:54:24.687+0000] {logging_mixin.py:190} INFO - [2024-12-28T16:54:24.687+0000] {dag.py:4180} INFO - Setting next_dagrun for example_nested_branch_dag to 2024-12-27 00:00:00+00:00, run_after=2024-12-28 00:00:00+00:00
[2024-12-28T16:54:24.720+0000] {processor.py:208} INFO - Processing /home/airflow/.local/lib/python3.12/site-packages/airflow/example_dags/example_nested_branch_dag.py took 0.190 seconds
[2024-12-28T16:54:55.181+0000] {processor.py:186} INFO - Started process (PID=402) to work on /home/airflow/.local/lib/python3.12/site-packages/airflow/example_dags/example_nested_branch_dag.py
[2024-12-28T16:54:55.182+0000] {processor.py:914} INFO - Processing file /home/airflow/.local/lib/python3.12/site-packages/airflow/example_dags/example_nested_branch_dag.py for tasks to queue
[2024-12-28T16:54:55.184+0000] {logging_mixin.py:190} INFO - [2024-12-28T16:54:55.184+0000] {dagbag.py:588} INFO - Filling up the DagBag from /home/airflow/.local/lib/python3.12/site-packages/airflow/example_dags/example_nested_branch_dag.py
[2024-12-28T16:54:55.196+0000] {processor.py:925} INFO - DAG(s) 'example_nested_branch_dag' retrieved from /home/airflow/.local/lib/python3.12/site-packages/airflow/example_dags/example_nested_branch_dag.py
[2024-12-28T16:54:55.217+0000] {logging_mixin.py:190} INFO - [2024-12-28T16:54:55.217+0000] {dag.py:3239} INFO - Sync 1 DAGs
[2024-12-28T16:54:55.238+0000] {logging_mixin.py:190} INFO - [2024-12-28T16:54:55.238+0000] {dag.py:4180} INFO - Setting next_dagrun for example_nested_branch_dag to 2024-12-27 00:00:00+00:00, run_after=2024-12-28 00:00:00+00:00
[2024-12-28T16:54:55.257+0000] {processor.py:208} INFO - Processing /home/airflow/.local/lib/python3.12/site-packages/airflow/example_dags/example_nested_branch_dag.py took 0.082 seconds
[2024-12-28T16:55:26.057+0000] {processor.py:186} INFO - Started process (PID=466) to work on /home/airflow/.local/lib/python3.12/site-packages/airflow/example_dags/example_nested_branch_dag.py
[2024-12-28T16:55:26.058+0000] {processor.py:914} INFO - Processing file /home/airflow/.local/lib/python3.12/site-packages/airflow/example_dags/example_nested_branch_dag.py for tasks to queue
[2024-12-28T16:55:26.063+0000] {logging_mixin.py:190} INFO - [2024-12-28T16:55:26.062+0000] {dagbag.py:588} INFO - Filling up the DagBag from /home/airflow/.local/lib/python3.12/site-packages/airflow/example_dags/example_nested_branch_dag.py
[2024-12-28T16:55:26.085+0000] {processor.py:925} INFO - DAG(s) 'example_nested_branch_dag' retrieved from /home/airflow/.local/lib/python3.12/site-packages/airflow/example_dags/example_nested_branch_dag.py
[2024-12-28T16:55:26.131+0000] {logging_mixin.py:190} INFO - [2024-12-28T16:55:26.130+0000] {dag.py:3239} INFO - Sync 1 DAGs
[2024-12-28T16:55:26.169+0000] {logging_mixin.py:190} INFO - [2024-12-28T16:55:26.169+0000] {dag.py:4180} INFO - Setting next_dagrun for example_nested_branch_dag to 2024-12-27 00:00:00+00:00, run_after=2024-12-28 00:00:00+00:00
[2024-12-28T16:55:26.205+0000] {processor.py:208} INFO - Processing /home/airflow/.local/lib/python3.12/site-packages/airflow/example_dags/example_nested_branch_dag.py took 0.162 seconds
[2024-12-28T16:55:57.155+0000] {processor.py:186} INFO - Started process (PID=530) to work on /home/airflow/.local/lib/python3.12/site-packages/airflow/example_dags/example_nested_branch_dag.py
[2024-12-28T16:55:57.157+0000] {processor.py:914} INFO - Processing file /home/airflow/.local/lib/python3.12/site-packages/airflow/example_dags/example_nested_branch_dag.py for tasks to queue
[2024-12-28T16:55:57.159+0000] {logging_mixin.py:190} INFO - [2024-12-28T16:55:57.159+0000] {dagbag.py:588} INFO - Filling up the DagBag from /home/airflow/.local/lib/python3.12/site-packages/airflow/example_dags/example_nested_branch_dag.py
[2024-12-28T16:55:57.170+0000] {processor.py:925} INFO - DAG(s) 'example_nested_branch_dag' retrieved from /home/airflow/.local/lib/python3.12/site-packages/airflow/example_dags/example_nested_branch_dag.py
[2024-12-28T16:55:57.191+0000] {logging_mixin.py:190} INFO - [2024-12-28T16:55:57.191+0000] {dag.py:3239} INFO - Sync 1 DAGs
[2024-12-28T16:55:57.213+0000] {logging_mixin.py:190} INFO - [2024-12-28T16:55:57.213+0000] {dag.py:4180} INFO - Setting next_dagrun for example_nested_branch_dag to 2024-12-27 00:00:00+00:00, run_after=2024-12-28 00:00:00+00:00
[2024-12-28T16:55:57.231+0000] {processor.py:208} INFO - Processing /home/airflow/.local/lib/python3.12/site-packages/airflow/example_dags/example_nested_branch_dag.py took 0.081 seconds
[2024-12-28T16:56:27.465+0000] {processor.py:186} INFO - Started process (PID=594) to work on /home/airflow/.local/lib/python3.12/site-packages/airflow/example_dags/example_nested_branch_dag.py
[2024-12-28T16:56:27.468+0000] {processor.py:914} INFO - Processing file /home/airflow/.local/lib/python3.12/site-packages/airflow/example_dags/example_nested_branch_dag.py for tasks to queue
[2024-12-28T16:56:27.472+0000] {logging_mixin.py:190} INFO - [2024-12-28T16:56:27.472+0000] {dagbag.py:588} INFO - Filling up the DagBag from /home/airflow/.local/lib/python3.12/site-packages/airflow/example_dags/example_nested_branch_dag.py
[2024-12-28T16:56:27.492+0000] {processor.py:925} INFO - DAG(s) 'example_nested_branch_dag' retrieved from /home/airflow/.local/lib/python3.12/site-packages/airflow/example_dags/example_nested_branch_dag.py
[2024-12-28T16:56:27.522+0000] {logging_mixin.py:190} INFO - [2024-12-28T16:56:27.521+0000] {dag.py:3239} INFO - Sync 1 DAGs
[2024-12-28T16:56:27.554+0000] {logging_mixin.py:190} INFO - [2024-12-28T16:56:27.554+0000] {dag.py:4180} INFO - Setting next_dagrun for example_nested_branch_dag to 2024-12-27 00:00:00+00:00, run_after=2024-12-28 00:00:00+00:00
[2024-12-28T16:56:27.580+0000] {processor.py:208} INFO - Processing /home/airflow/.local/lib/python3.12/site-packages/airflow/example_dags/example_nested_branch_dag.py took 0.122 seconds
[2024-12-28T16:56:58.297+0000] {processor.py:186} INFO - Started process (PID=658) to work on /home/airflow/.local/lib/python3.12/site-packages/airflow/example_dags/example_nested_branch_dag.py
[2024-12-28T16:56:58.299+0000] {processor.py:914} INFO - Processing file /home/airflow/.local/lib/python3.12/site-packages/airflow/example_dags/example_nested_branch_dag.py for tasks to queue
[2024-12-28T16:56:58.301+0000] {logging_mixin.py:190} INFO - [2024-12-28T16:56:58.301+0000] {dagbag.py:588} INFO - Filling up the DagBag from /home/airflow/.local/lib/python3.12/site-packages/airflow/example_dags/example_nested_branch_dag.py
[2024-12-28T16:56:58.312+0000] {processor.py:925} INFO - DAG(s) 'example_nested_branch_dag' retrieved from /home/airflow/.local/lib/python3.12/site-packages/airflow/example_dags/example_nested_branch_dag.py
[2024-12-28T16:56:58.334+0000] {logging_mixin.py:190} INFO - [2024-12-28T16:56:58.334+0000] {dag.py:3239} INFO - Sync 1 DAGs
[2024-12-28T16:56:58.356+0000] {logging_mixin.py:190} INFO - [2024-12-28T16:56:58.356+0000] {dag.py:4180} INFO - Setting next_dagrun for example_nested_branch_dag to 2024-12-27 00:00:00+00:00, run_after=2024-12-28 00:00:00+00:00
[2024-12-28T16:56:58.373+0000] {processor.py:208} INFO - Processing /home/airflow/.local/lib/python3.12/site-packages/airflow/example_dags/example_nested_branch_dag.py took 0.082 seconds
[2024-12-28T16:57:28.927+0000] {processor.py:186} INFO - Started process (PID=722) to work on /home/airflow/.local/lib/python3.12/site-packages/airflow/example_dags/example_nested_branch_dag.py
[2024-12-28T16:57:28.929+0000] {processor.py:914} INFO - Processing file /home/airflow/.local/lib/python3.12/site-packages/airflow/example_dags/example_nested_branch_dag.py for tasks to queue
[2024-12-28T16:57:28.931+0000] {logging_mixin.py:190} INFO - [2024-12-28T16:57:28.931+0000] {dagbag.py:588} INFO - Filling up the DagBag from /home/airflow/.local/lib/python3.12/site-packages/airflow/example_dags/example_nested_branch_dag.py
[2024-12-28T16:57:28.944+0000] {processor.py:925} INFO - DAG(s) 'example_nested_branch_dag' retrieved from /home/airflow/.local/lib/python3.12/site-packages/airflow/example_dags/example_nested_branch_dag.py
[2024-12-28T16:57:28.966+0000] {logging_mixin.py:190} INFO - [2024-12-28T16:57:28.965+0000] {dag.py:3239} INFO - Sync 1 DAGs
[2024-12-28T16:57:28.987+0000] {logging_mixin.py:190} INFO - [2024-12-28T16:57:28.987+0000] {dag.py:4180} INFO - Setting next_dagrun for example_nested_branch_dag to 2024-12-27 00:00:00+00:00, run_after=2024-12-28 00:00:00+00:00
[2024-12-28T16:57:29.003+0000] {processor.py:208} INFO - Processing /home/airflow/.local/lib/python3.12/site-packages/airflow/example_dags/example_nested_branch_dag.py took 0.082 seconds
[2024-12-28T16:57:59.611+0000] {processor.py:186} INFO - Started process (PID=786) to work on /home/airflow/.local/lib/python3.12/site-packages/airflow/example_dags/example_nested_branch_dag.py
[2024-12-28T16:57:59.613+0000] {processor.py:914} INFO - Processing file /home/airflow/.local/lib/python3.12/site-packages/airflow/example_dags/example_nested_branch_dag.py for tasks to queue
[2024-12-28T16:57:59.615+0000] {logging_mixin.py:190} INFO - [2024-12-28T16:57:59.615+0000] {dagbag.py:588} INFO - Filling up the DagBag from /home/airflow/.local/lib/python3.12/site-packages/airflow/example_dags/example_nested_branch_dag.py
[2024-12-28T16:57:59.626+0000] {processor.py:925} INFO - DAG(s) 'example_nested_branch_dag' retrieved from /home/airflow/.local/lib/python3.12/site-packages/airflow/example_dags/example_nested_branch_dag.py
[2024-12-28T16:57:59.647+0000] {logging_mixin.py:190} INFO - [2024-12-28T16:57:59.647+0000] {dag.py:3239} INFO - Sync 1 DAGs
[2024-12-28T16:57:59.668+0000] {logging_mixin.py:190} INFO - [2024-12-28T16:57:59.667+0000] {dag.py:4180} INFO - Setting next_dagrun for example_nested_branch_dag to 2024-12-27 00:00:00+00:00, run_after=2024-12-28 00:00:00+00:00
[2024-12-28T16:57:59.684+0000] {processor.py:208} INFO - Processing /home/airflow/.local/lib/python3.12/site-packages/airflow/example_dags/example_nested_branch_dag.py took 0.080 seconds
[2024-12-28T16:58:29.859+0000] {processor.py:186} INFO - Started process (PID=850) to work on /home/airflow/.local/lib/python3.12/site-packages/airflow/example_dags/example_nested_branch_dag.py
[2024-12-28T16:58:29.862+0000] {processor.py:914} INFO - Processing file /home/airflow/.local/lib/python3.12/site-packages/airflow/example_dags/example_nested_branch_dag.py for tasks to queue
[2024-12-28T16:58:29.864+0000] {logging_mixin.py:190} INFO - [2024-12-28T16:58:29.864+0000] {dagbag.py:588} INFO - Filling up the DagBag from /home/airflow/.local/lib/python3.12/site-packages/airflow/example_dags/example_nested_branch_dag.py
[2024-12-28T16:58:29.875+0000] {processor.py:925} INFO - DAG(s) 'example_nested_branch_dag' retrieved from /home/airflow/.local/lib/python3.12/site-packages/airflow/example_dags/example_nested_branch_dag.py
[2024-12-28T16:58:29.896+0000] {logging_mixin.py:190} INFO - [2024-12-28T16:58:29.895+0000] {dag.py:3239} INFO - Sync 1 DAGs
[2024-12-28T16:58:29.916+0000] {logging_mixin.py:190} INFO - [2024-12-28T16:58:29.915+0000] {dag.py:4180} INFO - Setting next_dagrun for example_nested_branch_dag to 2024-12-27 00:00:00+00:00, run_after=2024-12-28 00:00:00+00:00
[2024-12-28T16:58:29.933+0000] {processor.py:208} INFO - Processing /home/airflow/.local/lib/python3.12/site-packages/airflow/example_dags/example_nested_branch_dag.py took 0.079 seconds
[2024-12-28T16:59:00.172+0000] {processor.py:186} INFO - Started process (PID=914) to work on /home/airflow/.local/lib/python3.12/site-packages/airflow/example_dags/example_nested_branch_dag.py
[2024-12-28T16:59:00.174+0000] {processor.py:914} INFO - Processing file /home/airflow/.local/lib/python3.12/site-packages/airflow/example_dags/example_nested_branch_dag.py for tasks to queue
[2024-12-28T16:59:00.177+0000] {logging_mixin.py:190} INFO - [2024-12-28T16:59:00.176+0000] {dagbag.py:588} INFO - Filling up the DagBag from /home/airflow/.local/lib/python3.12/site-packages/airflow/example_dags/example_nested_branch_dag.py
[2024-12-28T16:59:00.186+0000] {processor.py:925} INFO - DAG(s) 'example_nested_branch_dag' retrieved from /home/airflow/.local/lib/python3.12/site-packages/airflow/example_dags/example_nested_branch_dag.py
[2024-12-28T16:59:00.206+0000] {logging_mixin.py:190} INFO - [2024-12-28T16:59:00.206+0000] {dag.py:3239} INFO - Sync 1 DAGs
[2024-12-28T16:59:00.227+0000] {logging_mixin.py:190} INFO - [2024-12-28T16:59:00.226+0000] {dag.py:4180} INFO - Setting next_dagrun for example_nested_branch_dag to 2024-12-27 00:00:00+00:00, run_after=2024-12-28 00:00:00+00:00
[2024-12-28T16:59:00.243+0000] {processor.py:208} INFO - Processing /home/airflow/.local/lib/python3.12/site-packages/airflow/example_dags/example_nested_branch_dag.py took 0.076 seconds
[2024-12-28T16:59:30.323+0000] {processor.py:186} INFO - Started process (PID=978) to work on /home/airflow/.local/lib/python3.12/site-packages/airflow/example_dags/example_nested_branch_dag.py
[2024-12-28T16:59:30.325+0000] {processor.py:914} INFO - Processing file /home/airflow/.local/lib/python3.12/site-packages/airflow/example_dags/example_nested_branch_dag.py for tasks to queue
[2024-12-28T16:59:30.327+0000] {logging_mixin.py:190} INFO - [2024-12-28T16:59:30.327+0000] {dagbag.py:588} INFO - Filling up the DagBag from /home/airflow/.local/lib/python3.12/site-packages/airflow/example_dags/example_nested_branch_dag.py
[2024-12-28T16:59:30.338+0000] {processor.py:925} INFO - DAG(s) 'example_nested_branch_dag' retrieved from /home/airflow/.local/lib/python3.12/site-packages/airflow/example_dags/example_nested_branch_dag.py
[2024-12-28T16:59:30.359+0000] {logging_mixin.py:190} INFO - [2024-12-28T16:59:30.359+0000] {dag.py:3239} INFO - Sync 1 DAGs
[2024-12-28T16:59:30.380+0000] {logging_mixin.py:190} INFO - [2024-12-28T16:59:30.380+0000] {dag.py:4180} INFO - Setting next_dagrun for example_nested_branch_dag to 2024-12-27 00:00:00+00:00, run_after=2024-12-28 00:00:00+00:00
[2024-12-28T16:59:30.400+0000] {processor.py:208} INFO - Processing /home/airflow/.local/lib/python3.12/site-packages/airflow/example_dags/example_nested_branch_dag.py took 0.083 seconds
[2024-12-28T17:00:01.292+0000] {processor.py:186} INFO - Started process (PID=1042) to work on /home/airflow/.local/lib/python3.12/site-packages/airflow/example_dags/example_nested_branch_dag.py
[2024-12-28T17:00:01.293+0000] {processor.py:914} INFO - Processing file /home/airflow/.local/lib/python3.12/site-packages/airflow/example_dags/example_nested_branch_dag.py for tasks to queue
[2024-12-28T17:00:01.295+0000] {logging_mixin.py:190} INFO - [2024-12-28T17:00:01.295+0000] {dagbag.py:588} INFO - Filling up the DagBag from /home/airflow/.local/lib/python3.12/site-packages/airflow/example_dags/example_nested_branch_dag.py
[2024-12-28T17:00:01.305+0000] {processor.py:925} INFO - DAG(s) 'example_nested_branch_dag' retrieved from /home/airflow/.local/lib/python3.12/site-packages/airflow/example_dags/example_nested_branch_dag.py
[2024-12-28T17:00:01.328+0000] {logging_mixin.py:190} INFO - [2024-12-28T17:00:01.327+0000] {dag.py:3239} INFO - Sync 1 DAGs
[2024-12-28T17:00:01.351+0000] {logging_mixin.py:190} INFO - [2024-12-28T17:00:01.351+0000] {dag.py:4180} INFO - Setting next_dagrun for example_nested_branch_dag to 2024-12-27 00:00:00+00:00, run_after=2024-12-28 00:00:00+00:00
[2024-12-28T17:00:01.368+0000] {processor.py:208} INFO - Processing /home/airflow/.local/lib/python3.12/site-packages/airflow/example_dags/example_nested_branch_dag.py took 0.081 seconds
[2024-12-28T17:00:31.804+0000] {processor.py:186} INFO - Started process (PID=1106) to work on /home/airflow/.local/lib/python3.12/site-packages/airflow/example_dags/example_nested_branch_dag.py
[2024-12-28T17:00:31.807+0000] {processor.py:914} INFO - Processing file /home/airflow/.local/lib/python3.12/site-packages/airflow/example_dags/example_nested_branch_dag.py for tasks to queue
[2024-12-28T17:00:31.810+0000] {logging_mixin.py:190} INFO - [2024-12-28T17:00:31.809+0000] {dagbag.py:588} INFO - Filling up the DagBag from /home/airflow/.local/lib/python3.12/site-packages/airflow/example_dags/example_nested_branch_dag.py
[2024-12-28T17:00:31.820+0000] {processor.py:925} INFO - DAG(s) 'example_nested_branch_dag' retrieved from /home/airflow/.local/lib/python3.12/site-packages/airflow/example_dags/example_nested_branch_dag.py
[2024-12-28T17:00:31.840+0000] {logging_mixin.py:190} INFO - [2024-12-28T17:00:31.840+0000] {dag.py:3239} INFO - Sync 1 DAGs
[2024-12-28T17:00:31.861+0000] {logging_mixin.py:190} INFO - [2024-12-28T17:00:31.861+0000] {dag.py:4180} INFO - Setting next_dagrun for example_nested_branch_dag to 2024-12-27 00:00:00+00:00, run_after=2024-12-28 00:00:00+00:00
[2024-12-28T17:00:31.877+0000] {processor.py:208} INFO - Processing /home/airflow/.local/lib/python3.12/site-packages/airflow/example_dags/example_nested_branch_dag.py took 0.078 seconds
[2024-12-28T17:01:02.240+0000] {processor.py:186} INFO - Started process (PID=1170) to work on /home/airflow/.local/lib/python3.12/site-packages/airflow/example_dags/example_nested_branch_dag.py
[2024-12-28T17:01:02.244+0000] {processor.py:914} INFO - Processing file /home/airflow/.local/lib/python3.12/site-packages/airflow/example_dags/example_nested_branch_dag.py for tasks to queue
[2024-12-28T17:01:02.246+0000] {logging_mixin.py:190} INFO - [2024-12-28T17:01:02.246+0000] {dagbag.py:588} INFO - Filling up the DagBag from /home/airflow/.local/lib/python3.12/site-packages/airflow/example_dags/example_nested_branch_dag.py
[2024-12-28T17:01:02.262+0000] {processor.py:925} INFO - DAG(s) 'example_nested_branch_dag' retrieved from /home/airflow/.local/lib/python3.12/site-packages/airflow/example_dags/example_nested_branch_dag.py
[2024-12-28T17:01:02.287+0000] {logging_mixin.py:190} INFO - [2024-12-28T17:01:02.286+0000] {dag.py:3239} INFO - Sync 1 DAGs
[2024-12-28T17:01:02.309+0000] {logging_mixin.py:190} INFO - [2024-12-28T17:01:02.308+0000] {dag.py:4180} INFO - Setting next_dagrun for example_nested_branch_dag to 2024-12-27 00:00:00+00:00, run_after=2024-12-28 00:00:00+00:00
[2024-12-28T17:01:02.333+0000] {processor.py:208} INFO - Processing /home/airflow/.local/lib/python3.12/site-packages/airflow/example_dags/example_nested_branch_dag.py took 0.102 seconds
[2024-12-28T17:01:33.077+0000] {processor.py:186} INFO - Started process (PID=1234) to work on /home/airflow/.local/lib/python3.12/site-packages/airflow/example_dags/example_nested_branch_dag.py
[2024-12-28T17:01:33.080+0000] {processor.py:914} INFO - Processing file /home/airflow/.local/lib/python3.12/site-packages/airflow/example_dags/example_nested_branch_dag.py for tasks to queue
[2024-12-28T17:01:33.082+0000] {logging_mixin.py:190} INFO - [2024-12-28T17:01:33.082+0000] {dagbag.py:588} INFO - Filling up the DagBag from /home/airflow/.local/lib/python3.12/site-packages/airflow/example_dags/example_nested_branch_dag.py
[2024-12-28T17:01:33.095+0000] {processor.py:925} INFO - DAG(s) 'example_nested_branch_dag' retrieved from /home/airflow/.local/lib/python3.12/site-packages/airflow/example_dags/example_nested_branch_dag.py
[2024-12-28T17:01:33.124+0000] {logging_mixin.py:190} INFO - [2024-12-28T17:01:33.124+0000] {dag.py:3239} INFO - Sync 1 DAGs
[2024-12-28T17:01:33.152+0000] {logging_mixin.py:190} INFO - [2024-12-28T17:01:33.152+0000] {dag.py:4180} INFO - Setting next_dagrun for example_nested_branch_dag to 2024-12-27 00:00:00+00:00, run_after=2024-12-28 00:00:00+00:00
[2024-12-28T17:01:33.179+0000] {processor.py:208} INFO - Processing /home/airflow/.local/lib/python3.12/site-packages/airflow/example_dags/example_nested_branch_dag.py took 0.108 seconds
[2024-12-28T17:02:03.745+0000] {processor.py:186} INFO - Started process (PID=1298) to work on /home/airflow/.local/lib/python3.12/site-packages/airflow/example_dags/example_nested_branch_dag.py
[2024-12-28T17:02:03.746+0000] {processor.py:914} INFO - Processing file /home/airflow/.local/lib/python3.12/site-packages/airflow/example_dags/example_nested_branch_dag.py for tasks to queue
[2024-12-28T17:02:03.748+0000] {logging_mixin.py:190} INFO - [2024-12-28T17:02:03.747+0000] {dagbag.py:588} INFO - Filling up the DagBag from /home/airflow/.local/lib/python3.12/site-packages/airflow/example_dags/example_nested_branch_dag.py
[2024-12-28T17:02:03.759+0000] {processor.py:925} INFO - DAG(s) 'example_nested_branch_dag' retrieved from /home/airflow/.local/lib/python3.12/site-packages/airflow/example_dags/example_nested_branch_dag.py
[2024-12-28T17:02:03.781+0000] {logging_mixin.py:190} INFO - [2024-12-28T17:02:03.780+0000] {dag.py:3239} INFO - Sync 1 DAGs
[2024-12-28T17:02:03.804+0000] {logging_mixin.py:190} INFO - [2024-12-28T17:02:03.804+0000] {dag.py:4180} INFO - Setting next_dagrun for example_nested_branch_dag to 2024-12-27 00:00:00+00:00, run_after=2024-12-28 00:00:00+00:00
[2024-12-28T17:02:03.823+0000] {processor.py:208} INFO - Processing /home/airflow/.local/lib/python3.12/site-packages/airflow/example_dags/example_nested_branch_dag.py took 0.083 seconds
[2024-12-28T17:02:34.531+0000] {processor.py:186} INFO - Started process (PID=1371) to work on /home/airflow/.local/lib/python3.12/site-packages/airflow/example_dags/example_nested_branch_dag.py
[2024-12-28T17:02:34.533+0000] {processor.py:914} INFO - Processing file /home/airflow/.local/lib/python3.12/site-packages/airflow/example_dags/example_nested_branch_dag.py for tasks to queue
[2024-12-28T17:02:34.535+0000] {logging_mixin.py:190} INFO - [2024-12-28T17:02:34.535+0000] {dagbag.py:588} INFO - Filling up the DagBag from /home/airflow/.local/lib/python3.12/site-packages/airflow/example_dags/example_nested_branch_dag.py
[2024-12-28T17:02:34.545+0000] {processor.py:925} INFO - DAG(s) 'example_nested_branch_dag' retrieved from /home/airflow/.local/lib/python3.12/site-packages/airflow/example_dags/example_nested_branch_dag.py
[2024-12-28T17:02:34.565+0000] {logging_mixin.py:190} INFO - [2024-12-28T17:02:34.565+0000] {dag.py:3239} INFO - Sync 1 DAGs
[2024-12-28T17:02:34.585+0000] {logging_mixin.py:190} INFO - [2024-12-28T17:02:34.585+0000] {dag.py:4180} INFO - Setting next_dagrun for example_nested_branch_dag to 2024-12-27 00:00:00+00:00, run_after=2024-12-28 00:00:00+00:00
[2024-12-28T17:02:34.603+0000] {processor.py:208} INFO - Processing /home/airflow/.local/lib/python3.12/site-packages/airflow/example_dags/example_nested_branch_dag.py took 0.077 seconds
[2024-12-28T17:03:04.874+0000] {processor.py:186} INFO - Started process (PID=1444) to work on /home/airflow/.local/lib/python3.12/site-packages/airflow/example_dags/example_nested_branch_dag.py
[2024-12-28T17:03:04.875+0000] {processor.py:914} INFO - Processing file /home/airflow/.local/lib/python3.12/site-packages/airflow/example_dags/example_nested_branch_dag.py for tasks to queue
[2024-12-28T17:03:04.877+0000] {logging_mixin.py:190} INFO - [2024-12-28T17:03:04.877+0000] {dagbag.py:588} INFO - Filling up the DagBag from /home/airflow/.local/lib/python3.12/site-packages/airflow/example_dags/example_nested_branch_dag.py
[2024-12-28T17:03:04.889+0000] {processor.py:925} INFO - DAG(s) 'example_nested_branch_dag' retrieved from /home/airflow/.local/lib/python3.12/site-packages/airflow/example_dags/example_nested_branch_dag.py
[2024-12-28T17:03:04.915+0000] {logging_mixin.py:190} INFO - [2024-12-28T17:03:04.915+0000] {dag.py:3239} INFO - Sync 1 DAGs
[2024-12-28T17:03:04.939+0000] {logging_mixin.py:190} INFO - [2024-12-28T17:03:04.939+0000] {dag.py:4180} INFO - Setting next_dagrun for example_nested_branch_dag to 2024-12-27 00:00:00+00:00, run_after=2024-12-28 00:00:00+00:00
[2024-12-28T17:03:04.960+0000] {processor.py:208} INFO - Processing /home/airflow/.local/lib/python3.12/site-packages/airflow/example_dags/example_nested_branch_dag.py took 0.092 seconds
[2024-12-28T17:03:35.037+0000] {processor.py:186} INFO - Started process (PID=1521) to work on /home/airflow/.local/lib/python3.12/site-packages/airflow/example_dags/example_nested_branch_dag.py
[2024-12-28T17:03:35.039+0000] {processor.py:914} INFO - Processing file /home/airflow/.local/lib/python3.12/site-packages/airflow/example_dags/example_nested_branch_dag.py for tasks to queue
[2024-12-28T17:03:35.044+0000] {logging_mixin.py:190} INFO - [2024-12-28T17:03:35.044+0000] {dagbag.py:588} INFO - Filling up the DagBag from /home/airflow/.local/lib/python3.12/site-packages/airflow/example_dags/example_nested_branch_dag.py
[2024-12-28T17:03:35.065+0000] {processor.py:925} INFO - DAG(s) 'example_nested_branch_dag' retrieved from /home/airflow/.local/lib/python3.12/site-packages/airflow/example_dags/example_nested_branch_dag.py
[2024-12-28T17:03:35.116+0000] {logging_mixin.py:190} INFO - [2024-12-28T17:03:35.115+0000] {dag.py:3239} INFO - Sync 1 DAGs
[2024-12-28T17:03:35.162+0000] {logging_mixin.py:190} INFO - [2024-12-28T17:03:35.161+0000] {dag.py:4180} INFO - Setting next_dagrun for example_nested_branch_dag to 2024-12-27 00:00:00+00:00, run_after=2024-12-28 00:00:00+00:00
[2024-12-28T17:03:35.201+0000] {processor.py:208} INFO - Processing /home/airflow/.local/lib/python3.12/site-packages/airflow/example_dags/example_nested_branch_dag.py took 0.179 seconds
