[2024-12-28T16:38:38.446+0000] {processor.py:186} INFO - Started process (PID=113) to work on /home/airflow/.local/lib/python3.12/site-packages/airflow/example_dags/example_branch_python_dop_operator_3.py
[2024-12-28T16:38:38.447+0000] {processor.py:914} INFO - Processing file /home/airflow/.local/lib/python3.12/site-packages/airflow/example_dags/example_branch_python_dop_operator_3.py for tasks to queue
[2024-12-28T16:38:38.449+0000] {logging_mixin.py:190} INFO - [2024-12-28T16:38:38.448+0000] {dagbag.py:588} INFO - Filling up the DagBag from /home/airflow/.local/lib/python3.12/site-packages/airflow/example_dags/example_branch_python_dop_operator_3.py
[2024-12-28T16:38:38.459+0000] {processor.py:925} INFO - DAG(s) 'example_branch_dop_operator_v3' retrieved from /home/airflow/.local/lib/python3.12/site-packages/airflow/example_dags/example_branch_python_dop_operator_3.py
[2024-12-28T16:38:38.580+0000] {logging_mixin.py:190} INFO - [2024-12-28T16:38:38.580+0000] {override.py:1911} INFO - Created Permission View: can delete on DAG:example_branch_dop_operator_v3
[2024-12-28T16:38:38.591+0000] {logging_mixin.py:190} INFO - [2024-12-28T16:38:38.591+0000] {override.py:1911} INFO - Created Permission View: can edit on DAG:example_branch_dop_operator_v3
[2024-12-28T16:38:38.598+0000] {logging_mixin.py:190} INFO - [2024-12-28T16:38:38.598+0000] {override.py:1911} INFO - Created Permission View: can read on DAG:example_branch_dop_operator_v3
[2024-12-28T16:38:38.606+0000] {logging_mixin.py:190} INFO - [2024-12-28T16:38:38.605+0000] {override.py:1911} INFO - Created Permission View: can create on DAG Run:example_branch_dop_operator_v3
[2024-12-28T16:38:38.612+0000] {logging_mixin.py:190} INFO - [2024-12-28T16:38:38.612+0000] {override.py:1911} INFO - Created Permission View: can delete on DAG Run:example_branch_dop_operator_v3
[2024-12-28T16:38:38.617+0000] {logging_mixin.py:190} INFO - [2024-12-28T16:38:38.617+0000] {override.py:1911} INFO - Created Permission View: menu access on DAG Run:example_branch_dop_operator_v3
[2024-12-28T16:38:38.623+0000] {logging_mixin.py:190} INFO - [2024-12-28T16:38:38.622+0000] {override.py:1911} INFO - Created Permission View: can read on DAG Run:example_branch_dop_operator_v3
[2024-12-28T16:38:38.623+0000] {logging_mixin.py:190} INFO - [2024-12-28T16:38:38.623+0000] {dag.py:3239} INFO - Sync 1 DAGs
[2024-12-28T16:38:38.635+0000] {logging_mixin.py:190} INFO - [2024-12-28T16:38:38.635+0000] {dag.py:3262} INFO - Creating ORM DAG for example_branch_dop_operator_v3
[2024-12-28T16:38:38.646+0000] {logging_mixin.py:190} INFO - [2024-12-28T16:38:38.646+0000] {dag.py:4180} INFO - Setting next_dagrun for example_branch_dop_operator_v3 to 2024-12-28 16:37:00+00:00, run_after=2024-12-28 16:38:00+00:00
[2024-12-28T16:38:38.660+0000] {processor.py:208} INFO - Processing /home/airflow/.local/lib/python3.12/site-packages/airflow/example_dags/example_branch_python_dop_operator_3.py took 0.220 seconds
[2024-12-28T16:39:08.857+0000] {processor.py:186} INFO - Started process (PID=176) to work on /home/airflow/.local/lib/python3.12/site-packages/airflow/example_dags/example_branch_python_dop_operator_3.py
[2024-12-28T16:39:08.858+0000] {processor.py:914} INFO - Processing file /home/airflow/.local/lib/python3.12/site-packages/airflow/example_dags/example_branch_python_dop_operator_3.py for tasks to queue
[2024-12-28T16:39:08.861+0000] {logging_mixin.py:190} INFO - [2024-12-28T16:39:08.860+0000] {dagbag.py:588} INFO - Filling up the DagBag from /home/airflow/.local/lib/python3.12/site-packages/airflow/example_dags/example_branch_python_dop_operator_3.py
[2024-12-28T16:39:08.871+0000] {processor.py:925} INFO - DAG(s) 'example_branch_dop_operator_v3' retrieved from /home/airflow/.local/lib/python3.12/site-packages/airflow/example_dags/example_branch_python_dop_operator_3.py
[2024-12-28T16:39:08.892+0000] {logging_mixin.py:190} INFO - [2024-12-28T16:39:08.891+0000] {dag.py:3239} INFO - Sync 1 DAGs
[2024-12-28T16:39:08.919+0000] {logging_mixin.py:190} INFO - [2024-12-28T16:39:08.919+0000] {dag.py:4180} INFO - Setting next_dagrun for example_branch_dop_operator_v3 to 2024-12-28 16:38:00+00:00, run_after=2024-12-28 16:39:00+00:00
[2024-12-28T16:39:08.937+0000] {processor.py:208} INFO - Processing /home/airflow/.local/lib/python3.12/site-packages/airflow/example_dags/example_branch_python_dop_operator_3.py took 0.085 seconds
[2024-12-28T16:39:38.974+0000] {processor.py:186} INFO - Started process (PID=238) to work on /home/airflow/.local/lib/python3.12/site-packages/airflow/example_dags/example_branch_python_dop_operator_3.py
[2024-12-28T16:39:38.975+0000] {processor.py:914} INFO - Processing file /home/airflow/.local/lib/python3.12/site-packages/airflow/example_dags/example_branch_python_dop_operator_3.py for tasks to queue
[2024-12-28T16:39:38.977+0000] {logging_mixin.py:190} INFO - [2024-12-28T16:39:38.977+0000] {dagbag.py:588} INFO - Filling up the DagBag from /home/airflow/.local/lib/python3.12/site-packages/airflow/example_dags/example_branch_python_dop_operator_3.py
[2024-12-28T16:39:38.986+0000] {processor.py:925} INFO - DAG(s) 'example_branch_dop_operator_v3' retrieved from /home/airflow/.local/lib/python3.12/site-packages/airflow/example_dags/example_branch_python_dop_operator_3.py
[2024-12-28T16:39:39.005+0000] {logging_mixin.py:190} INFO - [2024-12-28T16:39:39.005+0000] {dag.py:3239} INFO - Sync 1 DAGs
[2024-12-28T16:39:39.029+0000] {logging_mixin.py:190} INFO - [2024-12-28T16:39:39.029+0000] {dag.py:4180} INFO - Setting next_dagrun for example_branch_dop_operator_v3 to 2024-12-28 16:38:00+00:00, run_after=2024-12-28 16:39:00+00:00
[2024-12-28T16:39:39.045+0000] {processor.py:208} INFO - Processing /home/airflow/.local/lib/python3.12/site-packages/airflow/example_dags/example_branch_python_dop_operator_3.py took 0.076 seconds
[2024-12-28T16:40:10.182+0000] {processor.py:186} INFO - Started process (PID=301) to work on /home/airflow/.local/lib/python3.12/site-packages/airflow/example_dags/example_branch_python_dop_operator_3.py
[2024-12-28T16:40:10.183+0000] {processor.py:914} INFO - Processing file /home/airflow/.local/lib/python3.12/site-packages/airflow/example_dags/example_branch_python_dop_operator_3.py for tasks to queue
[2024-12-28T16:40:10.185+0000] {logging_mixin.py:190} INFO - [2024-12-28T16:40:10.185+0000] {dagbag.py:588} INFO - Filling up the DagBag from /home/airflow/.local/lib/python3.12/site-packages/airflow/example_dags/example_branch_python_dop_operator_3.py
[2024-12-28T16:40:10.195+0000] {processor.py:925} INFO - DAG(s) 'example_branch_dop_operator_v3' retrieved from /home/airflow/.local/lib/python3.12/site-packages/airflow/example_dags/example_branch_python_dop_operator_3.py
[2024-12-28T16:40:10.213+0000] {logging_mixin.py:190} INFO - [2024-12-28T16:40:10.213+0000] {dag.py:3239} INFO - Sync 1 DAGs
[2024-12-28T16:40:10.238+0000] {logging_mixin.py:190} INFO - [2024-12-28T16:40:10.238+0000] {dag.py:4180} INFO - Setting next_dagrun for example_branch_dop_operator_v3 to 2024-12-28 16:39:00+00:00, run_after=2024-12-28 16:40:00+00:00
[2024-12-28T16:40:10.257+0000] {processor.py:208} INFO - Processing /home/airflow/.local/lib/python3.12/site-packages/airflow/example_dags/example_branch_python_dop_operator_3.py took 0.080 seconds
[2024-12-28T16:42:42.807+0000] {processor.py:186} INFO - Started process (PID=118) to work on /home/airflow/.local/lib/python3.12/site-packages/airflow/example_dags/example_branch_python_dop_operator_3.py
[2024-12-28T16:42:42.808+0000] {processor.py:914} INFO - Processing file /home/airflow/.local/lib/python3.12/site-packages/airflow/example_dags/example_branch_python_dop_operator_3.py for tasks to queue
[2024-12-28T16:42:42.810+0000] {logging_mixin.py:190} INFO - [2024-12-28T16:42:42.810+0000] {dagbag.py:588} INFO - Filling up the DagBag from /home/airflow/.local/lib/python3.12/site-packages/airflow/example_dags/example_branch_python_dop_operator_3.py
[2024-12-28T16:42:42.821+0000] {processor.py:925} INFO - DAG(s) 'example_branch_dop_operator_v3' retrieved from /home/airflow/.local/lib/python3.12/site-packages/airflow/example_dags/example_branch_python_dop_operator_3.py
[2024-12-28T16:42:42.844+0000] {logging_mixin.py:190} INFO - [2024-12-28T16:42:42.844+0000] {dag.py:3239} INFO - Sync 1 DAGs
[2024-12-28T16:42:42.869+0000] {logging_mixin.py:190} INFO - [2024-12-28T16:42:42.869+0000] {dag.py:4180} INFO - Setting next_dagrun for example_branch_dop_operator_v3 to 2024-12-28 16:41:00+00:00, run_after=2024-12-28 16:42:00+00:00
[2024-12-28T16:42:42.888+0000] {processor.py:208} INFO - Processing /home/airflow/.local/lib/python3.12/site-packages/airflow/example_dags/example_branch_python_dop_operator_3.py took 0.087 seconds
[2024-12-28T16:43:14.375+0000] {processor.py:186} INFO - Started process (PID=181) to work on /home/airflow/.local/lib/python3.12/site-packages/airflow/example_dags/example_branch_python_dop_operator_3.py
[2024-12-28T16:43:14.376+0000] {processor.py:914} INFO - Processing file /home/airflow/.local/lib/python3.12/site-packages/airflow/example_dags/example_branch_python_dop_operator_3.py for tasks to queue
[2024-12-28T16:43:14.378+0000] {logging_mixin.py:190} INFO - [2024-12-28T16:43:14.378+0000] {dagbag.py:588} INFO - Filling up the DagBag from /home/airflow/.local/lib/python3.12/site-packages/airflow/example_dags/example_branch_python_dop_operator_3.py
[2024-12-28T16:43:14.388+0000] {processor.py:925} INFO - DAG(s) 'example_branch_dop_operator_v3' retrieved from /home/airflow/.local/lib/python3.12/site-packages/airflow/example_dags/example_branch_python_dop_operator_3.py
[2024-12-28T16:43:14.408+0000] {logging_mixin.py:190} INFO - [2024-12-28T16:43:14.408+0000] {dag.py:3239} INFO - Sync 1 DAGs
[2024-12-28T16:43:14.436+0000] {logging_mixin.py:190} INFO - [2024-12-28T16:43:14.436+0000] {dag.py:4180} INFO - Setting next_dagrun for example_branch_dop_operator_v3 to 2024-12-28 16:42:00+00:00, run_after=2024-12-28 16:43:00+00:00
[2024-12-28T16:43:14.453+0000] {processor.py:208} INFO - Processing /home/airflow/.local/lib/python3.12/site-packages/airflow/example_dags/example_branch_python_dop_operator_3.py took 0.084 seconds
[2024-12-28T16:43:45.884+0000] {processor.py:186} INFO - Started process (PID=244) to work on /home/airflow/.local/lib/python3.12/site-packages/airflow/example_dags/example_branch_python_dop_operator_3.py
[2024-12-28T16:43:45.885+0000] {processor.py:914} INFO - Processing file /home/airflow/.local/lib/python3.12/site-packages/airflow/example_dags/example_branch_python_dop_operator_3.py for tasks to queue
[2024-12-28T16:43:45.887+0000] {logging_mixin.py:190} INFO - [2024-12-28T16:43:45.887+0000] {dagbag.py:588} INFO - Filling up the DagBag from /home/airflow/.local/lib/python3.12/site-packages/airflow/example_dags/example_branch_python_dop_operator_3.py
[2024-12-28T16:43:45.897+0000] {processor.py:925} INFO - DAG(s) 'example_branch_dop_operator_v3' retrieved from /home/airflow/.local/lib/python3.12/site-packages/airflow/example_dags/example_branch_python_dop_operator_3.py
[2024-12-28T16:43:45.919+0000] {logging_mixin.py:190} INFO - [2024-12-28T16:43:45.918+0000] {dag.py:3239} INFO - Sync 1 DAGs
[2024-12-28T16:43:45.944+0000] {logging_mixin.py:190} INFO - [2024-12-28T16:43:45.944+0000] {dag.py:4180} INFO - Setting next_dagrun for example_branch_dop_operator_v3 to 2024-12-28 16:42:00+00:00, run_after=2024-12-28 16:43:00+00:00
[2024-12-28T16:43:45.961+0000] {processor.py:208} INFO - Processing /home/airflow/.local/lib/python3.12/site-packages/airflow/example_dags/example_branch_python_dop_operator_3.py took 0.082 seconds
[2024-12-28T16:44:17.495+0000] {processor.py:186} INFO - Started process (PID=307) to work on /home/airflow/.local/lib/python3.12/site-packages/airflow/example_dags/example_branch_python_dop_operator_3.py
[2024-12-28T16:44:17.496+0000] {processor.py:914} INFO - Processing file /home/airflow/.local/lib/python3.12/site-packages/airflow/example_dags/example_branch_python_dop_operator_3.py for tasks to queue
[2024-12-28T16:44:17.498+0000] {logging_mixin.py:190} INFO - [2024-12-28T16:44:17.498+0000] {dagbag.py:588} INFO - Filling up the DagBag from /home/airflow/.local/lib/python3.12/site-packages/airflow/example_dags/example_branch_python_dop_operator_3.py
[2024-12-28T16:44:17.508+0000] {processor.py:925} INFO - DAG(s) 'example_branch_dop_operator_v3' retrieved from /home/airflow/.local/lib/python3.12/site-packages/airflow/example_dags/example_branch_python_dop_operator_3.py
[2024-12-28T16:44:17.527+0000] {logging_mixin.py:190} INFO - [2024-12-28T16:44:17.527+0000] {dag.py:3239} INFO - Sync 1 DAGs
[2024-12-28T16:44:17.551+0000] {logging_mixin.py:190} INFO - [2024-12-28T16:44:17.551+0000] {dag.py:4180} INFO - Setting next_dagrun for example_branch_dop_operator_v3 to 2024-12-28 16:43:00+00:00, run_after=2024-12-28 16:44:00+00:00
[2024-12-28T16:44:17.571+0000] {processor.py:208} INFO - Processing /home/airflow/.local/lib/python3.12/site-packages/airflow/example_dags/example_branch_python_dop_operator_3.py took 0.081 seconds
[2024-12-28T16:44:48.454+0000] {processor.py:186} INFO - Started process (PID=369) to work on /home/airflow/.local/lib/python3.12/site-packages/airflow/example_dags/example_branch_python_dop_operator_3.py
[2024-12-28T16:44:48.455+0000] {processor.py:914} INFO - Processing file /home/airflow/.local/lib/python3.12/site-packages/airflow/example_dags/example_branch_python_dop_operator_3.py for tasks to queue
[2024-12-28T16:44:48.457+0000] {logging_mixin.py:190} INFO - [2024-12-28T16:44:48.457+0000] {dagbag.py:588} INFO - Filling up the DagBag from /home/airflow/.local/lib/python3.12/site-packages/airflow/example_dags/example_branch_python_dop_operator_3.py
[2024-12-28T16:44:48.468+0000] {processor.py:925} INFO - DAG(s) 'example_branch_dop_operator_v3' retrieved from /home/airflow/.local/lib/python3.12/site-packages/airflow/example_dags/example_branch_python_dop_operator_3.py
[2024-12-28T16:44:48.489+0000] {logging_mixin.py:190} INFO - [2024-12-28T16:44:48.489+0000] {dag.py:3239} INFO - Sync 1 DAGs
[2024-12-28T16:44:48.513+0000] {logging_mixin.py:190} INFO - [2024-12-28T16:44:48.513+0000] {dag.py:4180} INFO - Setting next_dagrun for example_branch_dop_operator_v3 to 2024-12-28 16:43:00+00:00, run_after=2024-12-28 16:44:00+00:00
[2024-12-28T16:44:48.531+0000] {processor.py:208} INFO - Processing /home/airflow/.local/lib/python3.12/site-packages/airflow/example_dags/example_branch_python_dop_operator_3.py took 0.082 seconds
[2024-12-28T16:45:20.250+0000] {processor.py:186} INFO - Started process (PID=433) to work on /home/airflow/.local/lib/python3.12/site-packages/airflow/example_dags/example_branch_python_dop_operator_3.py
[2024-12-28T16:45:20.251+0000] {processor.py:914} INFO - Processing file /home/airflow/.local/lib/python3.12/site-packages/airflow/example_dags/example_branch_python_dop_operator_3.py for tasks to queue
[2024-12-28T16:45:20.253+0000] {logging_mixin.py:190} INFO - [2024-12-28T16:45:20.252+0000] {dagbag.py:588} INFO - Filling up the DagBag from /home/airflow/.local/lib/python3.12/site-packages/airflow/example_dags/example_branch_python_dop_operator_3.py
[2024-12-28T16:45:20.262+0000] {processor.py:925} INFO - DAG(s) 'example_branch_dop_operator_v3' retrieved from /home/airflow/.local/lib/python3.12/site-packages/airflow/example_dags/example_branch_python_dop_operator_3.py
[2024-12-28T16:45:20.280+0000] {logging_mixin.py:190} INFO - [2024-12-28T16:45:20.280+0000] {dag.py:3239} INFO - Sync 1 DAGs
[2024-12-28T16:45:20.308+0000] {logging_mixin.py:190} INFO - [2024-12-28T16:45:20.307+0000] {dag.py:4180} INFO - Setting next_dagrun for example_branch_dop_operator_v3 to 2024-12-28 16:44:00+00:00, run_after=2024-12-28 16:45:00+00:00
[2024-12-28T16:45:20.327+0000] {processor.py:208} INFO - Processing /home/airflow/.local/lib/python3.12/site-packages/airflow/example_dags/example_branch_python_dop_operator_3.py took 0.082 seconds
[2024-12-28T16:45:51.919+0000] {processor.py:186} INFO - Started process (PID=496) to work on /home/airflow/.local/lib/python3.12/site-packages/airflow/example_dags/example_branch_python_dop_operator_3.py
[2024-12-28T16:45:51.920+0000] {processor.py:914} INFO - Processing file /home/airflow/.local/lib/python3.12/site-packages/airflow/example_dags/example_branch_python_dop_operator_3.py for tasks to queue
[2024-12-28T16:45:51.922+0000] {logging_mixin.py:190} INFO - [2024-12-28T16:45:51.922+0000] {dagbag.py:588} INFO - Filling up the DagBag from /home/airflow/.local/lib/python3.12/site-packages/airflow/example_dags/example_branch_python_dop_operator_3.py
[2024-12-28T16:45:51.931+0000] {processor.py:925} INFO - DAG(s) 'example_branch_dop_operator_v3' retrieved from /home/airflow/.local/lib/python3.12/site-packages/airflow/example_dags/example_branch_python_dop_operator_3.py
[2024-12-28T16:45:51.953+0000] {logging_mixin.py:190} INFO - [2024-12-28T16:45:51.953+0000] {dag.py:3239} INFO - Sync 1 DAGs
[2024-12-28T16:45:51.978+0000] {logging_mixin.py:190} INFO - [2024-12-28T16:45:51.978+0000] {dag.py:4180} INFO - Setting next_dagrun for example_branch_dop_operator_v3 to 2024-12-28 16:44:00+00:00, run_after=2024-12-28 16:45:00+00:00
[2024-12-28T16:45:51.998+0000] {processor.py:208} INFO - Processing /home/airflow/.local/lib/python3.12/site-packages/airflow/example_dags/example_branch_python_dop_operator_3.py took 0.085 seconds
[2024-12-28T16:46:23.451+0000] {processor.py:186} INFO - Started process (PID=559) to work on /home/airflow/.local/lib/python3.12/site-packages/airflow/example_dags/example_branch_python_dop_operator_3.py
[2024-12-28T16:46:23.452+0000] {processor.py:914} INFO - Processing file /home/airflow/.local/lib/python3.12/site-packages/airflow/example_dags/example_branch_python_dop_operator_3.py for tasks to queue
[2024-12-28T16:46:23.454+0000] {logging_mixin.py:190} INFO - [2024-12-28T16:46:23.454+0000] {dagbag.py:588} INFO - Filling up the DagBag from /home/airflow/.local/lib/python3.12/site-packages/airflow/example_dags/example_branch_python_dop_operator_3.py
[2024-12-28T16:46:23.467+0000] {processor.py:925} INFO - DAG(s) 'example_branch_dop_operator_v3' retrieved from /home/airflow/.local/lib/python3.12/site-packages/airflow/example_dags/example_branch_python_dop_operator_3.py
[2024-12-28T16:46:23.492+0000] {logging_mixin.py:190} INFO - [2024-12-28T16:46:23.492+0000] {dag.py:3239} INFO - Sync 1 DAGs
[2024-12-28T16:46:23.521+0000] {logging_mixin.py:190} INFO - [2024-12-28T16:46:23.521+0000] {dag.py:4180} INFO - Setting next_dagrun for example_branch_dop_operator_v3 to 2024-12-28 16:45:00+00:00, run_after=2024-12-28 16:46:00+00:00
[2024-12-28T16:46:23.545+0000] {processor.py:208} INFO - Processing /home/airflow/.local/lib/python3.12/site-packages/airflow/example_dags/example_branch_python_dop_operator_3.py took 0.100 seconds
[2024-12-28T16:46:54.696+0000] {processor.py:186} INFO - Started process (PID=622) to work on /home/airflow/.local/lib/python3.12/site-packages/airflow/example_dags/example_branch_python_dop_operator_3.py
[2024-12-28T16:46:54.697+0000] {processor.py:914} INFO - Processing file /home/airflow/.local/lib/python3.12/site-packages/airflow/example_dags/example_branch_python_dop_operator_3.py for tasks to queue
[2024-12-28T16:46:54.700+0000] {logging_mixin.py:190} INFO - [2024-12-28T16:46:54.699+0000] {dagbag.py:588} INFO - Filling up the DagBag from /home/airflow/.local/lib/python3.12/site-packages/airflow/example_dags/example_branch_python_dop_operator_3.py
[2024-12-28T16:46:54.711+0000] {processor.py:925} INFO - DAG(s) 'example_branch_dop_operator_v3' retrieved from /home/airflow/.local/lib/python3.12/site-packages/airflow/example_dags/example_branch_python_dop_operator_3.py
[2024-12-28T16:46:54.732+0000] {logging_mixin.py:190} INFO - [2024-12-28T16:46:54.731+0000] {dag.py:3239} INFO - Sync 1 DAGs
[2024-12-28T16:46:54.755+0000] {logging_mixin.py:190} INFO - [2024-12-28T16:46:54.754+0000] {dag.py:4180} INFO - Setting next_dagrun for example_branch_dop_operator_v3 to 2024-12-28 16:45:00+00:00, run_after=2024-12-28 16:46:00+00:00
[2024-12-28T16:46:54.771+0000] {processor.py:208} INFO - Processing /home/airflow/.local/lib/python3.12/site-packages/airflow/example_dags/example_branch_python_dop_operator_3.py took 0.081 seconds
[2024-12-28T16:47:26.225+0000] {processor.py:186} INFO - Started process (PID=685) to work on /home/airflow/.local/lib/python3.12/site-packages/airflow/example_dags/example_branch_python_dop_operator_3.py
[2024-12-28T16:47:26.227+0000] {processor.py:914} INFO - Processing file /home/airflow/.local/lib/python3.12/site-packages/airflow/example_dags/example_branch_python_dop_operator_3.py for tasks to queue
[2024-12-28T16:47:26.229+0000] {logging_mixin.py:190} INFO - [2024-12-28T16:47:26.228+0000] {dagbag.py:588} INFO - Filling up the DagBag from /home/airflow/.local/lib/python3.12/site-packages/airflow/example_dags/example_branch_python_dop_operator_3.py
[2024-12-28T16:47:26.238+0000] {processor.py:925} INFO - DAG(s) 'example_branch_dop_operator_v3' retrieved from /home/airflow/.local/lib/python3.12/site-packages/airflow/example_dags/example_branch_python_dop_operator_3.py
[2024-12-28T16:47:26.257+0000] {logging_mixin.py:190} INFO - [2024-12-28T16:47:26.257+0000] {dag.py:3239} INFO - Sync 1 DAGs
[2024-12-28T16:47:26.281+0000] {logging_mixin.py:190} INFO - [2024-12-28T16:47:26.281+0000] {dag.py:4180} INFO - Setting next_dagrun for example_branch_dop_operator_v3 to 2024-12-28 16:46:00+00:00, run_after=2024-12-28 16:47:00+00:00
[2024-12-28T16:47:26.299+0000] {processor.py:208} INFO - Processing /home/airflow/.local/lib/python3.12/site-packages/airflow/example_dags/example_branch_python_dop_operator_3.py took 0.079 seconds
[2024-12-28T16:52:24.888+0000] {processor.py:186} INFO - Started process (PID=114) to work on /home/airflow/.local/lib/python3.12/site-packages/airflow/example_dags/example_branch_python_dop_operator_3.py
[2024-12-28T16:52:24.889+0000] {processor.py:914} INFO - Processing file /home/airflow/.local/lib/python3.12/site-packages/airflow/example_dags/example_branch_python_dop_operator_3.py for tasks to queue
[2024-12-28T16:52:24.891+0000] {logging_mixin.py:190} INFO - [2024-12-28T16:52:24.891+0000] {dagbag.py:588} INFO - Filling up the DagBag from /home/airflow/.local/lib/python3.12/site-packages/airflow/example_dags/example_branch_python_dop_operator_3.py
[2024-12-28T16:52:24.901+0000] {processor.py:925} INFO - DAG(s) 'example_branch_dop_operator_v3' retrieved from /home/airflow/.local/lib/python3.12/site-packages/airflow/example_dags/example_branch_python_dop_operator_3.py
[2024-12-28T16:52:24.920+0000] {logging_mixin.py:190} INFO - [2024-12-28T16:52:24.919+0000] {dag.py:3239} INFO - Sync 1 DAGs
[2024-12-28T16:52:24.941+0000] {logging_mixin.py:190} INFO - [2024-12-28T16:52:24.940+0000] {dag.py:4180} INFO - Setting next_dagrun for example_branch_dop_operator_v3 to 2024-12-28 16:51:00+00:00, run_after=2024-12-28 16:52:00+00:00
[2024-12-28T16:52:24.957+0000] {processor.py:208} INFO - Processing /home/airflow/.local/lib/python3.12/site-packages/airflow/example_dags/example_branch_python_dop_operator_3.py took 0.073 seconds
[2024-12-28T16:52:55.929+0000] {processor.py:186} INFO - Started process (PID=178) to work on /home/airflow/.local/lib/python3.12/site-packages/airflow/example_dags/example_branch_python_dop_operator_3.py
[2024-12-28T16:52:55.930+0000] {processor.py:914} INFO - Processing file /home/airflow/.local/lib/python3.12/site-packages/airflow/example_dags/example_branch_python_dop_operator_3.py for tasks to queue
[2024-12-28T16:52:55.932+0000] {logging_mixin.py:190} INFO - [2024-12-28T16:52:55.932+0000] {dagbag.py:588} INFO - Filling up the DagBag from /home/airflow/.local/lib/python3.12/site-packages/airflow/example_dags/example_branch_python_dop_operator_3.py
[2024-12-28T16:52:55.941+0000] {processor.py:925} INFO - DAG(s) 'example_branch_dop_operator_v3' retrieved from /home/airflow/.local/lib/python3.12/site-packages/airflow/example_dags/example_branch_python_dop_operator_3.py
[2024-12-28T16:52:55.959+0000] {logging_mixin.py:190} INFO - [2024-12-28T16:52:55.959+0000] {dag.py:3239} INFO - Sync 1 DAGs
[2024-12-28T16:52:55.983+0000] {logging_mixin.py:190} INFO - [2024-12-28T16:52:55.983+0000] {dag.py:4180} INFO - Setting next_dagrun for example_branch_dop_operator_v3 to 2024-12-28 16:51:00+00:00, run_after=2024-12-28 16:52:00+00:00
[2024-12-28T16:52:55.999+0000] {processor.py:208} INFO - Processing /home/airflow/.local/lib/python3.12/site-packages/airflow/example_dags/example_branch_python_dop_operator_3.py took 0.075 seconds
[2024-12-28T16:53:27.414+0000] {processor.py:186} INFO - Started process (PID=242) to work on /home/airflow/.local/lib/python3.12/site-packages/airflow/example_dags/example_branch_python_dop_operator_3.py
[2024-12-28T16:53:27.415+0000] {processor.py:914} INFO - Processing file /home/airflow/.local/lib/python3.12/site-packages/airflow/example_dags/example_branch_python_dop_operator_3.py for tasks to queue
[2024-12-28T16:53:27.417+0000] {logging_mixin.py:190} INFO - [2024-12-28T16:53:27.416+0000] {dagbag.py:588} INFO - Filling up the DagBag from /home/airflow/.local/lib/python3.12/site-packages/airflow/example_dags/example_branch_python_dop_operator_3.py
[2024-12-28T16:53:27.427+0000] {processor.py:925} INFO - DAG(s) 'example_branch_dop_operator_v3' retrieved from /home/airflow/.local/lib/python3.12/site-packages/airflow/example_dags/example_branch_python_dop_operator_3.py
[2024-12-28T16:53:27.446+0000] {logging_mixin.py:190} INFO - [2024-12-28T16:53:27.446+0000] {dag.py:3239} INFO - Sync 1 DAGs
[2024-12-28T16:53:27.471+0000] {logging_mixin.py:190} INFO - [2024-12-28T16:53:27.471+0000] {dag.py:4180} INFO - Setting next_dagrun for example_branch_dop_operator_v3 to 2024-12-28 16:52:00+00:00, run_after=2024-12-28 16:53:00+00:00
[2024-12-28T16:53:27.491+0000] {processor.py:208} INFO - Processing /home/airflow/.local/lib/python3.12/site-packages/airflow/example_dags/example_branch_python_dop_operator_3.py took 0.082 seconds
[2024-12-28T16:54:00.092+0000] {processor.py:186} INFO - Started process (PID=310) to work on /home/airflow/.local/lib/python3.12/site-packages/airflow/example_dags/example_branch_python_dop_operator_3.py
[2024-12-28T16:54:00.093+0000] {processor.py:914} INFO - Processing file /home/airflow/.local/lib/python3.12/site-packages/airflow/example_dags/example_branch_python_dop_operator_3.py for tasks to queue
[2024-12-28T16:54:00.095+0000] {logging_mixin.py:190} INFO - [2024-12-28T16:54:00.095+0000] {dagbag.py:588} INFO - Filling up the DagBag from /home/airflow/.local/lib/python3.12/site-packages/airflow/example_dags/example_branch_python_dop_operator_3.py
[2024-12-28T16:54:00.105+0000] {processor.py:925} INFO - DAG(s) 'example_branch_dop_operator_v3' retrieved from /home/airflow/.local/lib/python3.12/site-packages/airflow/example_dags/example_branch_python_dop_operator_3.py
[2024-12-28T16:54:00.124+0000] {logging_mixin.py:190} INFO - [2024-12-28T16:54:00.124+0000] {dag.py:3239} INFO - Sync 1 DAGs
[2024-12-28T16:54:00.150+0000] {logging_mixin.py:190} INFO - [2024-12-28T16:54:00.150+0000] {dag.py:4180} INFO - Setting next_dagrun for example_branch_dop_operator_v3 to 2024-12-28 16:53:00+00:00, run_after=2024-12-28 16:54:00+00:00
[2024-12-28T16:54:00.168+0000] {processor.py:208} INFO - Processing /home/airflow/.local/lib/python3.12/site-packages/airflow/example_dags/example_branch_python_dop_operator_3.py took 0.081 seconds
[2024-12-28T16:54:32.373+0000] {processor.py:186} INFO - Started process (PID=374) to work on /home/airflow/.local/lib/python3.12/site-packages/airflow/example_dags/example_branch_python_dop_operator_3.py
[2024-12-28T16:54:32.376+0000] {processor.py:914} INFO - Processing file /home/airflow/.local/lib/python3.12/site-packages/airflow/example_dags/example_branch_python_dop_operator_3.py for tasks to queue
[2024-12-28T16:54:32.384+0000] {logging_mixin.py:190} INFO - [2024-12-28T16:54:32.379+0000] {dagbag.py:588} INFO - Filling up the DagBag from /home/airflow/.local/lib/python3.12/site-packages/airflow/example_dags/example_branch_python_dop_operator_3.py
[2024-12-28T16:54:32.402+0000] {processor.py:925} INFO - DAG(s) 'example_branch_dop_operator_v3' retrieved from /home/airflow/.local/lib/python3.12/site-packages/airflow/example_dags/example_branch_python_dop_operator_3.py
[2024-12-28T16:54:32.441+0000] {logging_mixin.py:190} INFO - [2024-12-28T16:54:32.440+0000] {dag.py:3239} INFO - Sync 1 DAGs
[2024-12-28T16:54:32.502+0000] {logging_mixin.py:190} INFO - [2024-12-28T16:54:32.501+0000] {dag.py:4180} INFO - Setting next_dagrun for example_branch_dop_operator_v3 to 2024-12-28 16:53:00+00:00, run_after=2024-12-28 16:54:00+00:00
[2024-12-28T16:54:32.544+0000] {processor.py:208} INFO - Processing /home/airflow/.local/lib/python3.12/site-packages/airflow/example_dags/example_branch_python_dop_operator_3.py took 0.181 seconds
[2024-12-28T16:55:04.286+0000] {processor.py:186} INFO - Started process (PID=438) to work on /home/airflow/.local/lib/python3.12/site-packages/airflow/example_dags/example_branch_python_dop_operator_3.py
[2024-12-28T16:55:04.287+0000] {processor.py:914} INFO - Processing file /home/airflow/.local/lib/python3.12/site-packages/airflow/example_dags/example_branch_python_dop_operator_3.py for tasks to queue
[2024-12-28T16:55:04.290+0000] {logging_mixin.py:190} INFO - [2024-12-28T16:55:04.290+0000] {dagbag.py:588} INFO - Filling up the DagBag from /home/airflow/.local/lib/python3.12/site-packages/airflow/example_dags/example_branch_python_dop_operator_3.py
[2024-12-28T16:55:04.299+0000] {processor.py:925} INFO - DAG(s) 'example_branch_dop_operator_v3' retrieved from /home/airflow/.local/lib/python3.12/site-packages/airflow/example_dags/example_branch_python_dop_operator_3.py
[2024-12-28T16:55:04.320+0000] {logging_mixin.py:190} INFO - [2024-12-28T16:55:04.319+0000] {dag.py:3239} INFO - Sync 1 DAGs
[2024-12-28T16:55:04.348+0000] {logging_mixin.py:190} INFO - [2024-12-28T16:55:04.348+0000] {dag.py:4180} INFO - Setting next_dagrun for example_branch_dop_operator_v3 to 2024-12-28 16:54:00+00:00, run_after=2024-12-28 16:55:00+00:00
[2024-12-28T16:55:04.367+0000] {processor.py:208} INFO - Processing /home/airflow/.local/lib/python3.12/site-packages/airflow/example_dags/example_branch_python_dop_operator_3.py took 0.086 seconds
[2024-12-28T16:55:36.547+0000] {processor.py:186} INFO - Started process (PID=501) to work on /home/airflow/.local/lib/python3.12/site-packages/airflow/example_dags/example_branch_python_dop_operator_3.py
[2024-12-28T16:55:36.548+0000] {processor.py:914} INFO - Processing file /home/airflow/.local/lib/python3.12/site-packages/airflow/example_dags/example_branch_python_dop_operator_3.py for tasks to queue
[2024-12-28T16:55:36.550+0000] {logging_mixin.py:190} INFO - [2024-12-28T16:55:36.549+0000] {dagbag.py:588} INFO - Filling up the DagBag from /home/airflow/.local/lib/python3.12/site-packages/airflow/example_dags/example_branch_python_dop_operator_3.py
[2024-12-28T16:55:36.563+0000] {processor.py:925} INFO - DAG(s) 'example_branch_dop_operator_v3' retrieved from /home/airflow/.local/lib/python3.12/site-packages/airflow/example_dags/example_branch_python_dop_operator_3.py
[2024-12-28T16:55:36.584+0000] {logging_mixin.py:190} INFO - [2024-12-28T16:55:36.584+0000] {dag.py:3239} INFO - Sync 1 DAGs
[2024-12-28T16:55:36.609+0000] {logging_mixin.py:190} INFO - [2024-12-28T16:55:36.609+0000] {dag.py:4180} INFO - Setting next_dagrun for example_branch_dop_operator_v3 to 2024-12-28 16:54:00+00:00, run_after=2024-12-28 16:55:00+00:00
[2024-12-28T16:55:36.630+0000] {processor.py:208} INFO - Processing /home/airflow/.local/lib/python3.12/site-packages/airflow/example_dags/example_branch_python_dop_operator_3.py took 0.089 seconds
[2024-12-28T16:56:07.463+0000] {processor.py:186} INFO - Started process (PID=565) to work on /home/airflow/.local/lib/python3.12/site-packages/airflow/example_dags/example_branch_python_dop_operator_3.py
[2024-12-28T16:56:07.464+0000] {processor.py:914} INFO - Processing file /home/airflow/.local/lib/python3.12/site-packages/airflow/example_dags/example_branch_python_dop_operator_3.py for tasks to queue
[2024-12-28T16:56:07.466+0000] {logging_mixin.py:190} INFO - [2024-12-28T16:56:07.466+0000] {dagbag.py:588} INFO - Filling up the DagBag from /home/airflow/.local/lib/python3.12/site-packages/airflow/example_dags/example_branch_python_dop_operator_3.py
[2024-12-28T16:56:07.475+0000] {processor.py:925} INFO - DAG(s) 'example_branch_dop_operator_v3' retrieved from /home/airflow/.local/lib/python3.12/site-packages/airflow/example_dags/example_branch_python_dop_operator_3.py
[2024-12-28T16:56:07.493+0000] {logging_mixin.py:190} INFO - [2024-12-28T16:56:07.493+0000] {dag.py:3239} INFO - Sync 1 DAGs
[2024-12-28T16:56:07.516+0000] {logging_mixin.py:190} INFO - [2024-12-28T16:56:07.516+0000] {dag.py:4180} INFO - Setting next_dagrun for example_branch_dop_operator_v3 to 2024-12-28 16:55:00+00:00, run_after=2024-12-28 16:56:00+00:00
[2024-12-28T16:56:07.533+0000] {processor.py:208} INFO - Processing /home/airflow/.local/lib/python3.12/site-packages/airflow/example_dags/example_branch_python_dop_operator_3.py took 0.075 seconds
[2024-12-28T16:56:38.085+0000] {processor.py:186} INFO - Started process (PID=629) to work on /home/airflow/.local/lib/python3.12/site-packages/airflow/example_dags/example_branch_python_dop_operator_3.py
[2024-12-28T16:56:38.086+0000] {processor.py:914} INFO - Processing file /home/airflow/.local/lib/python3.12/site-packages/airflow/example_dags/example_branch_python_dop_operator_3.py for tasks to queue
[2024-12-28T16:56:38.088+0000] {logging_mixin.py:190} INFO - [2024-12-28T16:56:38.088+0000] {dagbag.py:588} INFO - Filling up the DagBag from /home/airflow/.local/lib/python3.12/site-packages/airflow/example_dags/example_branch_python_dop_operator_3.py
[2024-12-28T16:56:38.098+0000] {processor.py:925} INFO - DAG(s) 'example_branch_dop_operator_v3' retrieved from /home/airflow/.local/lib/python3.12/site-packages/airflow/example_dags/example_branch_python_dop_operator_3.py
[2024-12-28T16:56:38.121+0000] {logging_mixin.py:190} INFO - [2024-12-28T16:56:38.121+0000] {dag.py:3239} INFO - Sync 1 DAGs
[2024-12-28T16:56:38.144+0000] {logging_mixin.py:190} INFO - [2024-12-28T16:56:38.143+0000] {dag.py:4180} INFO - Setting next_dagrun for example_branch_dop_operator_v3 to 2024-12-28 16:55:00+00:00, run_after=2024-12-28 16:56:00+00:00
[2024-12-28T16:56:38.166+0000] {processor.py:208} INFO - Processing /home/airflow/.local/lib/python3.12/site-packages/airflow/example_dags/example_branch_python_dop_operator_3.py took 0.086 seconds
[2024-12-28T16:57:09.338+0000] {processor.py:186} INFO - Started process (PID=693) to work on /home/airflow/.local/lib/python3.12/site-packages/airflow/example_dags/example_branch_python_dop_operator_3.py
[2024-12-28T16:57:09.339+0000] {processor.py:914} INFO - Processing file /home/airflow/.local/lib/python3.12/site-packages/airflow/example_dags/example_branch_python_dop_operator_3.py for tasks to queue
[2024-12-28T16:57:09.341+0000] {logging_mixin.py:190} INFO - [2024-12-28T16:57:09.340+0000] {dagbag.py:588} INFO - Filling up the DagBag from /home/airflow/.local/lib/python3.12/site-packages/airflow/example_dags/example_branch_python_dop_operator_3.py
[2024-12-28T16:57:09.350+0000] {processor.py:925} INFO - DAG(s) 'example_branch_dop_operator_v3' retrieved from /home/airflow/.local/lib/python3.12/site-packages/airflow/example_dags/example_branch_python_dop_operator_3.py
[2024-12-28T16:57:09.371+0000] {logging_mixin.py:190} INFO - [2024-12-28T16:57:09.370+0000] {dag.py:3239} INFO - Sync 1 DAGs
[2024-12-28T16:57:09.393+0000] {logging_mixin.py:190} INFO - [2024-12-28T16:57:09.393+0000] {dag.py:4180} INFO - Setting next_dagrun for example_branch_dop_operator_v3 to 2024-12-28 16:56:00+00:00, run_after=2024-12-28 16:57:00+00:00
[2024-12-28T16:57:09.411+0000] {processor.py:208} INFO - Processing /home/airflow/.local/lib/python3.12/site-packages/airflow/example_dags/example_branch_python_dop_operator_3.py took 0.079 seconds
[2024-12-28T16:57:39.917+0000] {processor.py:186} INFO - Started process (PID=757) to work on /home/airflow/.local/lib/python3.12/site-packages/airflow/example_dags/example_branch_python_dop_operator_3.py
[2024-12-28T16:57:39.918+0000] {processor.py:914} INFO - Processing file /home/airflow/.local/lib/python3.12/site-packages/airflow/example_dags/example_branch_python_dop_operator_3.py for tasks to queue
[2024-12-28T16:57:39.920+0000] {logging_mixin.py:190} INFO - [2024-12-28T16:57:39.920+0000] {dagbag.py:588} INFO - Filling up the DagBag from /home/airflow/.local/lib/python3.12/site-packages/airflow/example_dags/example_branch_python_dop_operator_3.py
[2024-12-28T16:57:39.929+0000] {processor.py:925} INFO - DAG(s) 'example_branch_dop_operator_v3' retrieved from /home/airflow/.local/lib/python3.12/site-packages/airflow/example_dags/example_branch_python_dop_operator_3.py
[2024-12-28T16:57:39.950+0000] {logging_mixin.py:190} INFO - [2024-12-28T16:57:39.949+0000] {dag.py:3239} INFO - Sync 1 DAGs
[2024-12-28T16:57:39.973+0000] {logging_mixin.py:190} INFO - [2024-12-28T16:57:39.973+0000] {dag.py:4180} INFO - Setting next_dagrun for example_branch_dop_operator_v3 to 2024-12-28 16:56:00+00:00, run_after=2024-12-28 16:57:00+00:00
[2024-12-28T16:57:39.990+0000] {processor.py:208} INFO - Processing /home/airflow/.local/lib/python3.12/site-packages/airflow/example_dags/example_branch_python_dop_operator_3.py took 0.079 seconds
[2024-12-28T16:58:11.065+0000] {processor.py:186} INFO - Started process (PID=821) to work on /home/airflow/.local/lib/python3.12/site-packages/airflow/example_dags/example_branch_python_dop_operator_3.py
[2024-12-28T16:58:11.066+0000] {processor.py:914} INFO - Processing file /home/airflow/.local/lib/python3.12/site-packages/airflow/example_dags/example_branch_python_dop_operator_3.py for tasks to queue
[2024-12-28T16:58:11.068+0000] {logging_mixin.py:190} INFO - [2024-12-28T16:58:11.067+0000] {dagbag.py:588} INFO - Filling up the DagBag from /home/airflow/.local/lib/python3.12/site-packages/airflow/example_dags/example_branch_python_dop_operator_3.py
[2024-12-28T16:58:11.078+0000] {processor.py:925} INFO - DAG(s) 'example_branch_dop_operator_v3' retrieved from /home/airflow/.local/lib/python3.12/site-packages/airflow/example_dags/example_branch_python_dop_operator_3.py
[2024-12-28T16:58:11.099+0000] {logging_mixin.py:190} INFO - [2024-12-28T16:58:11.098+0000] {dag.py:3239} INFO - Sync 1 DAGs
[2024-12-28T16:58:11.125+0000] {logging_mixin.py:190} INFO - [2024-12-28T16:58:11.125+0000] {dag.py:4180} INFO - Setting next_dagrun for example_branch_dop_operator_v3 to 2024-12-28 16:57:00+00:00, run_after=2024-12-28 16:58:00+00:00
[2024-12-28T16:58:11.143+0000] {processor.py:208} INFO - Processing /home/airflow/.local/lib/python3.12/site-packages/airflow/example_dags/example_branch_python_dop_operator_3.py took 0.084 seconds
[2024-12-28T16:58:42.298+0000] {processor.py:186} INFO - Started process (PID=885) to work on /home/airflow/.local/lib/python3.12/site-packages/airflow/example_dags/example_branch_python_dop_operator_3.py
[2024-12-28T16:58:42.299+0000] {processor.py:914} INFO - Processing file /home/airflow/.local/lib/python3.12/site-packages/airflow/example_dags/example_branch_python_dop_operator_3.py for tasks to queue
[2024-12-28T16:58:42.301+0000] {logging_mixin.py:190} INFO - [2024-12-28T16:58:42.301+0000] {dagbag.py:588} INFO - Filling up the DagBag from /home/airflow/.local/lib/python3.12/site-packages/airflow/example_dags/example_branch_python_dop_operator_3.py
[2024-12-28T16:58:42.313+0000] {processor.py:925} INFO - DAG(s) 'example_branch_dop_operator_v3' retrieved from /home/airflow/.local/lib/python3.12/site-packages/airflow/example_dags/example_branch_python_dop_operator_3.py
[2024-12-28T16:58:42.342+0000] {logging_mixin.py:190} INFO - [2024-12-28T16:58:42.341+0000] {dag.py:3239} INFO - Sync 1 DAGs
[2024-12-28T16:58:42.373+0000] {logging_mixin.py:190} INFO - [2024-12-28T16:58:42.373+0000] {dag.py:4180} INFO - Setting next_dagrun for example_branch_dop_operator_v3 to 2024-12-28 16:57:00+00:00, run_after=2024-12-28 16:58:00+00:00
[2024-12-28T16:58:42.396+0000] {processor.py:208} INFO - Processing /home/airflow/.local/lib/python3.12/site-packages/airflow/example_dags/example_branch_python_dop_operator_3.py took 0.103 seconds
[2024-12-28T16:59:12.852+0000] {processor.py:186} INFO - Started process (PID=949) to work on /home/airflow/.local/lib/python3.12/site-packages/airflow/example_dags/example_branch_python_dop_operator_3.py
[2024-12-28T16:59:12.853+0000] {processor.py:914} INFO - Processing file /home/airflow/.local/lib/python3.12/site-packages/airflow/example_dags/example_branch_python_dop_operator_3.py for tasks to queue
[2024-12-28T16:59:12.855+0000] {logging_mixin.py:190} INFO - [2024-12-28T16:59:12.855+0000] {dagbag.py:588} INFO - Filling up the DagBag from /home/airflow/.local/lib/python3.12/site-packages/airflow/example_dags/example_branch_python_dop_operator_3.py
[2024-12-28T16:59:12.864+0000] {processor.py:925} INFO - DAG(s) 'example_branch_dop_operator_v3' retrieved from /home/airflow/.local/lib/python3.12/site-packages/airflow/example_dags/example_branch_python_dop_operator_3.py
[2024-12-28T16:59:12.883+0000] {logging_mixin.py:190} INFO - [2024-12-28T16:59:12.882+0000] {dag.py:3239} INFO - Sync 1 DAGs
[2024-12-28T16:59:12.905+0000] {logging_mixin.py:190} INFO - [2024-12-28T16:59:12.905+0000] {dag.py:4180} INFO - Setting next_dagrun for example_branch_dop_operator_v3 to 2024-12-28 16:58:00+00:00, run_after=2024-12-28 16:59:00+00:00
[2024-12-28T16:59:12.921+0000] {processor.py:208} INFO - Processing /home/airflow/.local/lib/python3.12/site-packages/airflow/example_dags/example_branch_python_dop_operator_3.py took 0.074 seconds
[2024-12-28T16:59:44.364+0000] {processor.py:186} INFO - Started process (PID=1013) to work on /home/airflow/.local/lib/python3.12/site-packages/airflow/example_dags/example_branch_python_dop_operator_3.py
[2024-12-28T16:59:44.365+0000] {processor.py:914} INFO - Processing file /home/airflow/.local/lib/python3.12/site-packages/airflow/example_dags/example_branch_python_dop_operator_3.py for tasks to queue
[2024-12-28T16:59:44.366+0000] {logging_mixin.py:190} INFO - [2024-12-28T16:59:44.366+0000] {dagbag.py:588} INFO - Filling up the DagBag from /home/airflow/.local/lib/python3.12/site-packages/airflow/example_dags/example_branch_python_dop_operator_3.py
[2024-12-28T16:59:44.377+0000] {processor.py:925} INFO - DAG(s) 'example_branch_dop_operator_v3' retrieved from /home/airflow/.local/lib/python3.12/site-packages/airflow/example_dags/example_branch_python_dop_operator_3.py
[2024-12-28T16:59:44.399+0000] {logging_mixin.py:190} INFO - [2024-12-28T16:59:44.399+0000] {dag.py:3239} INFO - Sync 1 DAGs
[2024-12-28T16:59:44.428+0000] {logging_mixin.py:190} INFO - [2024-12-28T16:59:44.427+0000] {dag.py:4180} INFO - Setting next_dagrun for example_branch_dop_operator_v3 to 2024-12-28 16:58:00+00:00, run_after=2024-12-28 16:59:00+00:00
[2024-12-28T16:59:44.452+0000] {processor.py:208} INFO - Processing /home/airflow/.local/lib/python3.12/site-packages/airflow/example_dags/example_branch_python_dop_operator_3.py took 0.095 seconds
[2024-12-28T17:00:15.122+0000] {processor.py:186} INFO - Started process (PID=1077) to work on /home/airflow/.local/lib/python3.12/site-packages/airflow/example_dags/example_branch_python_dop_operator_3.py
[2024-12-28T17:00:15.123+0000] {processor.py:914} INFO - Processing file /home/airflow/.local/lib/python3.12/site-packages/airflow/example_dags/example_branch_python_dop_operator_3.py for tasks to queue
[2024-12-28T17:00:15.125+0000] {logging_mixin.py:190} INFO - [2024-12-28T17:00:15.124+0000] {dagbag.py:588} INFO - Filling up the DagBag from /home/airflow/.local/lib/python3.12/site-packages/airflow/example_dags/example_branch_python_dop_operator_3.py
[2024-12-28T17:00:15.133+0000] {processor.py:925} INFO - DAG(s) 'example_branch_dop_operator_v3' retrieved from /home/airflow/.local/lib/python3.12/site-packages/airflow/example_dags/example_branch_python_dop_operator_3.py
[2024-12-28T17:00:15.151+0000] {logging_mixin.py:190} INFO - [2024-12-28T17:00:15.151+0000] {dag.py:3239} INFO - Sync 1 DAGs
[2024-12-28T17:00:15.175+0000] {logging_mixin.py:190} INFO - [2024-12-28T17:00:15.175+0000] {dag.py:4180} INFO - Setting next_dagrun for example_branch_dop_operator_v3 to 2024-12-28 16:59:00+00:00, run_after=2024-12-28 17:00:00+00:00
[2024-12-28T17:00:15.191+0000] {processor.py:208} INFO - Processing /home/airflow/.local/lib/python3.12/site-packages/airflow/example_dags/example_branch_python_dop_operator_3.py took 0.075 seconds
[2024-12-28T17:00:46.587+0000] {processor.py:186} INFO - Started process (PID=1141) to work on /home/airflow/.local/lib/python3.12/site-packages/airflow/example_dags/example_branch_python_dop_operator_3.py
[2024-12-28T17:00:46.587+0000] {processor.py:914} INFO - Processing file /home/airflow/.local/lib/python3.12/site-packages/airflow/example_dags/example_branch_python_dop_operator_3.py for tasks to queue
[2024-12-28T17:00:46.589+0000] {logging_mixin.py:190} INFO - [2024-12-28T17:00:46.589+0000] {dagbag.py:588} INFO - Filling up the DagBag from /home/airflow/.local/lib/python3.12/site-packages/airflow/example_dags/example_branch_python_dop_operator_3.py
[2024-12-28T17:00:46.598+0000] {processor.py:925} INFO - DAG(s) 'example_branch_dop_operator_v3' retrieved from /home/airflow/.local/lib/python3.12/site-packages/airflow/example_dags/example_branch_python_dop_operator_3.py
[2024-12-28T17:00:46.616+0000] {logging_mixin.py:190} INFO - [2024-12-28T17:00:46.616+0000] {dag.py:3239} INFO - Sync 1 DAGs
[2024-12-28T17:00:46.639+0000] {logging_mixin.py:190} INFO - [2024-12-28T17:00:46.639+0000] {dag.py:4180} INFO - Setting next_dagrun for example_branch_dop_operator_v3 to 2024-12-28 16:59:00+00:00, run_after=2024-12-28 17:00:00+00:00
[2024-12-28T17:00:46.656+0000] {processor.py:208} INFO - Processing /home/airflow/.local/lib/python3.12/site-packages/airflow/example_dags/example_branch_python_dop_operator_3.py took 0.074 seconds
[2024-12-28T17:01:18.387+0000] {processor.py:186} INFO - Started process (PID=1205) to work on /home/airflow/.local/lib/python3.12/site-packages/airflow/example_dags/example_branch_python_dop_operator_3.py
[2024-12-28T17:01:18.388+0000] {processor.py:914} INFO - Processing file /home/airflow/.local/lib/python3.12/site-packages/airflow/example_dags/example_branch_python_dop_operator_3.py for tasks to queue
[2024-12-28T17:01:18.391+0000] {logging_mixin.py:190} INFO - [2024-12-28T17:01:18.390+0000] {dagbag.py:588} INFO - Filling up the DagBag from /home/airflow/.local/lib/python3.12/site-packages/airflow/example_dags/example_branch_python_dop_operator_3.py
[2024-12-28T17:01:18.402+0000] {processor.py:925} INFO - DAG(s) 'example_branch_dop_operator_v3' retrieved from /home/airflow/.local/lib/python3.12/site-packages/airflow/example_dags/example_branch_python_dop_operator_3.py
[2024-12-28T17:01:18.427+0000] {logging_mixin.py:190} INFO - [2024-12-28T17:01:18.426+0000] {dag.py:3239} INFO - Sync 1 DAGs
[2024-12-28T17:01:18.452+0000] {logging_mixin.py:190} INFO - [2024-12-28T17:01:18.451+0000] {dag.py:4180} INFO - Setting next_dagrun for example_branch_dop_operator_v3 to 2024-12-28 17:00:00+00:00, run_after=2024-12-28 17:01:00+00:00
[2024-12-28T17:01:18.470+0000] {processor.py:208} INFO - Processing /home/airflow/.local/lib/python3.12/site-packages/airflow/example_dags/example_branch_python_dop_operator_3.py took 0.088 seconds
[2024-12-28T17:01:49.081+0000] {processor.py:186} INFO - Started process (PID=1269) to work on /home/airflow/.local/lib/python3.12/site-packages/airflow/example_dags/example_branch_python_dop_operator_3.py
[2024-12-28T17:01:49.081+0000] {processor.py:914} INFO - Processing file /home/airflow/.local/lib/python3.12/site-packages/airflow/example_dags/example_branch_python_dop_operator_3.py for tasks to queue
[2024-12-28T17:01:49.083+0000] {logging_mixin.py:190} INFO - [2024-12-28T17:01:49.083+0000] {dagbag.py:588} INFO - Filling up the DagBag from /home/airflow/.local/lib/python3.12/site-packages/airflow/example_dags/example_branch_python_dop_operator_3.py
[2024-12-28T17:01:49.092+0000] {processor.py:925} INFO - DAG(s) 'example_branch_dop_operator_v3' retrieved from /home/airflow/.local/lib/python3.12/site-packages/airflow/example_dags/example_branch_python_dop_operator_3.py
[2024-12-28T17:01:49.110+0000] {logging_mixin.py:190} INFO - [2024-12-28T17:01:49.110+0000] {dag.py:3239} INFO - Sync 1 DAGs
[2024-12-28T17:01:49.135+0000] {logging_mixin.py:190} INFO - [2024-12-28T17:01:49.134+0000] {dag.py:4180} INFO - Setting next_dagrun for example_branch_dop_operator_v3 to 2024-12-28 17:00:00+00:00, run_after=2024-12-28 17:01:00+00:00
[2024-12-28T17:01:49.151+0000] {processor.py:208} INFO - Processing /home/airflow/.local/lib/python3.12/site-packages/airflow/example_dags/example_branch_python_dop_operator_3.py took 0.076 seconds
[2024-12-28T17:02:22.309+0000] {processor.py:186} INFO - Started process (PID=1349) to work on /home/airflow/.local/lib/python3.12/site-packages/airflow/example_dags/example_branch_python_dop_operator_3.py
[2024-12-28T17:02:22.310+0000] {processor.py:914} INFO - Processing file /home/airflow/.local/lib/python3.12/site-packages/airflow/example_dags/example_branch_python_dop_operator_3.py for tasks to queue
[2024-12-28T17:02:22.312+0000] {logging_mixin.py:190} INFO - [2024-12-28T17:02:22.312+0000] {dagbag.py:588} INFO - Filling up the DagBag from /home/airflow/.local/lib/python3.12/site-packages/airflow/example_dags/example_branch_python_dop_operator_3.py
[2024-12-28T17:02:22.321+0000] {processor.py:925} INFO - DAG(s) 'example_branch_dop_operator_v3' retrieved from /home/airflow/.local/lib/python3.12/site-packages/airflow/example_dags/example_branch_python_dop_operator_3.py
[2024-12-28T17:02:22.340+0000] {logging_mixin.py:190} INFO - [2024-12-28T17:02:22.340+0000] {dag.py:3239} INFO - Sync 1 DAGs
[2024-12-28T17:02:22.363+0000] {logging_mixin.py:190} INFO - [2024-12-28T17:02:22.363+0000] {dag.py:4180} INFO - Setting next_dagrun for example_branch_dop_operator_v3 to 2024-12-28 17:01:00+00:00, run_after=2024-12-28 17:02:00+00:00
[2024-12-28T17:02:22.380+0000] {processor.py:208} INFO - Processing /home/airflow/.local/lib/python3.12/site-packages/airflow/example_dags/example_branch_python_dop_operator_3.py took 0.076 seconds
[2024-12-28T17:02:53.570+0000] {processor.py:186} INFO - Started process (PID=1422) to work on /home/airflow/.local/lib/python3.12/site-packages/airflow/example_dags/example_branch_python_dop_operator_3.py
[2024-12-28T17:02:53.571+0000] {processor.py:914} INFO - Processing file /home/airflow/.local/lib/python3.12/site-packages/airflow/example_dags/example_branch_python_dop_operator_3.py for tasks to queue
[2024-12-28T17:02:53.573+0000] {logging_mixin.py:190} INFO - [2024-12-28T17:02:53.573+0000] {dagbag.py:588} INFO - Filling up the DagBag from /home/airflow/.local/lib/python3.12/site-packages/airflow/example_dags/example_branch_python_dop_operator_3.py
[2024-12-28T17:02:53.584+0000] {processor.py:925} INFO - DAG(s) 'example_branch_dop_operator_v3' retrieved from /home/airflow/.local/lib/python3.12/site-packages/airflow/example_dags/example_branch_python_dop_operator_3.py
[2024-12-28T17:02:53.608+0000] {logging_mixin.py:190} INFO - [2024-12-28T17:02:53.607+0000] {dag.py:3239} INFO - Sync 1 DAGs
[2024-12-28T17:02:53.637+0000] {logging_mixin.py:190} INFO - [2024-12-28T17:02:53.637+0000] {dag.py:4180} INFO - Setting next_dagrun for example_branch_dop_operator_v3 to 2024-12-28 17:01:00+00:00, run_after=2024-12-28 17:02:00+00:00
[2024-12-28T17:02:53.656+0000] {processor.py:208} INFO - Processing /home/airflow/.local/lib/python3.12/site-packages/airflow/example_dags/example_branch_python_dop_operator_3.py took 0.092 seconds
[2024-12-28T17:03:25.075+0000] {processor.py:186} INFO - Started process (PID=1495) to work on /home/airflow/.local/lib/python3.12/site-packages/airflow/example_dags/example_branch_python_dop_operator_3.py
[2024-12-28T17:03:25.076+0000] {processor.py:914} INFO - Processing file /home/airflow/.local/lib/python3.12/site-packages/airflow/example_dags/example_branch_python_dop_operator_3.py for tasks to queue
[2024-12-28T17:03:25.078+0000] {logging_mixin.py:190} INFO - [2024-12-28T17:03:25.078+0000] {dagbag.py:588} INFO - Filling up the DagBag from /home/airflow/.local/lib/python3.12/site-packages/airflow/example_dags/example_branch_python_dop_operator_3.py
[2024-12-28T17:03:25.088+0000] {processor.py:925} INFO - DAG(s) 'example_branch_dop_operator_v3' retrieved from /home/airflow/.local/lib/python3.12/site-packages/airflow/example_dags/example_branch_python_dop_operator_3.py
[2024-12-28T17:03:25.108+0000] {logging_mixin.py:190} INFO - [2024-12-28T17:03:25.107+0000] {dag.py:3239} INFO - Sync 1 DAGs
[2024-12-28T17:03:25.132+0000] {logging_mixin.py:190} INFO - [2024-12-28T17:03:25.132+0000] {dag.py:4180} INFO - Setting next_dagrun for example_branch_dop_operator_v3 to 2024-12-28 17:02:00+00:00, run_after=2024-12-28 17:03:00+00:00
[2024-12-28T17:03:25.151+0000] {processor.py:208} INFO - Processing /home/airflow/.local/lib/python3.12/site-packages/airflow/example_dags/example_branch_python_dop_operator_3.py took 0.082 seconds
[2024-12-28T17:03:55.797+0000] {processor.py:186} INFO - Started process (PID=1573) to work on /home/airflow/.local/lib/python3.12/site-packages/airflow/example_dags/example_branch_python_dop_operator_3.py
[2024-12-28T17:03:55.798+0000] {processor.py:914} INFO - Processing file /home/airflow/.local/lib/python3.12/site-packages/airflow/example_dags/example_branch_python_dop_operator_3.py for tasks to queue
[2024-12-28T17:03:55.800+0000] {logging_mixin.py:190} INFO - [2024-12-28T17:03:55.800+0000] {dagbag.py:588} INFO - Filling up the DagBag from /home/airflow/.local/lib/python3.12/site-packages/airflow/example_dags/example_branch_python_dop_operator_3.py
[2024-12-28T17:03:55.809+0000] {processor.py:925} INFO - DAG(s) 'example_branch_dop_operator_v3' retrieved from /home/airflow/.local/lib/python3.12/site-packages/airflow/example_dags/example_branch_python_dop_operator_3.py
[2024-12-28T17:03:55.829+0000] {logging_mixin.py:190} INFO - [2024-12-28T17:03:55.829+0000] {dag.py:3239} INFO - Sync 1 DAGs
[2024-12-28T17:03:55.854+0000] {logging_mixin.py:190} INFO - [2024-12-28T17:03:55.854+0000] {dag.py:4180} INFO - Setting next_dagrun for example_branch_dop_operator_v3 to 2024-12-28 17:02:00+00:00, run_after=2024-12-28 17:03:00+00:00
[2024-12-28T17:03:55.873+0000] {processor.py:208} INFO - Processing /home/airflow/.local/lib/python3.12/site-packages/airflow/example_dags/example_branch_python_dop_operator_3.py took 0.082 seconds
