[2024-12-28T16:38:32.780+0000] {processor.py:186} INFO - Started process (PID=84) to work on /home/airflow/.local/lib/python3.12/site-packages/airflow/example_dags/example_skip_dag.py
[2024-12-28T16:38:32.780+0000] {processor.py:914} INFO - Processing file /home/airflow/.local/lib/python3.12/site-packages/airflow/example_dags/example_skip_dag.py for tasks to queue
[2024-12-28T16:38:32.783+0000] {logging_mixin.py:190} INFO - [2024-12-28T16:38:32.782+0000] {dagbag.py:588} INFO - Filling up the DagBag from /home/airflow/.local/lib/python3.12/site-packages/airflow/example_dags/example_skip_dag.py
[2024-12-28T16:38:32.792+0000] {processor.py:925} INFO - DAG(s) 'example_skip_dag' retrieved from /home/airflow/.local/lib/python3.12/site-packages/airflow/example_dags/example_skip_dag.py
[2024-12-28T16:38:32.903+0000] {logging_mixin.py:190} INFO - [2024-12-28T16:38:32.902+0000] {override.py:1911} INFO - Created Permission View: can delete on DAG:example_skip_dag
[2024-12-28T16:38:32.910+0000] {logging_mixin.py:190} INFO - [2024-12-28T16:38:32.910+0000] {override.py:1911} INFO - Created Permission View: can edit on DAG:example_skip_dag
[2024-12-28T16:38:32.916+0000] {logging_mixin.py:190} INFO - [2024-12-28T16:38:32.915+0000] {override.py:1911} INFO - Created Permission View: can read on DAG:example_skip_dag
[2024-12-28T16:38:32.922+0000] {logging_mixin.py:190} INFO - [2024-12-28T16:38:32.922+0000] {override.py:1911} INFO - Created Permission View: can create on DAG Run:example_skip_dag
[2024-12-28T16:38:32.929+0000] {logging_mixin.py:190} INFO - [2024-12-28T16:38:32.928+0000] {override.py:1911} INFO - Created Permission View: can delete on DAG Run:example_skip_dag
[2024-12-28T16:38:32.936+0000] {logging_mixin.py:190} INFO - [2024-12-28T16:38:32.935+0000] {override.py:1911} INFO - Created Permission View: menu access on DAG Run:example_skip_dag
[2024-12-28T16:38:32.942+0000] {logging_mixin.py:190} INFO - [2024-12-28T16:38:32.941+0000] {override.py:1911} INFO - Created Permission View: can read on DAG Run:example_skip_dag
[2024-12-28T16:38:32.942+0000] {logging_mixin.py:190} INFO - [2024-12-28T16:38:32.942+0000] {dag.py:3239} INFO - Sync 1 DAGs
[2024-12-28T16:38:32.952+0000] {logging_mixin.py:190} INFO - [2024-12-28T16:38:32.952+0000] {dag.py:3262} INFO - Creating ORM DAG for example_skip_dag
[2024-12-28T16:38:32.963+0000] {logging_mixin.py:190} INFO - [2024-12-28T16:38:32.962+0000] {dag.py:4180} INFO - Setting next_dagrun for example_skip_dag to 2024-12-27 00:00:00+00:00, run_after=2024-12-28 00:00:00+00:00
[2024-12-28T16:38:32.978+0000] {processor.py:208} INFO - Processing /home/airflow/.local/lib/python3.12/site-packages/airflow/example_dags/example_skip_dag.py took 0.205 seconds
[2024-12-28T16:39:03.770+0000] {processor.py:186} INFO - Started process (PID=147) to work on /home/airflow/.local/lib/python3.12/site-packages/airflow/example_dags/example_skip_dag.py
[2024-12-28T16:39:03.771+0000] {processor.py:914} INFO - Processing file /home/airflow/.local/lib/python3.12/site-packages/airflow/example_dags/example_skip_dag.py for tasks to queue
[2024-12-28T16:39:03.773+0000] {logging_mixin.py:190} INFO - [2024-12-28T16:39:03.773+0000] {dagbag.py:588} INFO - Filling up the DagBag from /home/airflow/.local/lib/python3.12/site-packages/airflow/example_dags/example_skip_dag.py
[2024-12-28T16:39:03.782+0000] {processor.py:925} INFO - DAG(s) 'example_skip_dag' retrieved from /home/airflow/.local/lib/python3.12/site-packages/airflow/example_dags/example_skip_dag.py
[2024-12-28T16:39:03.807+0000] {logging_mixin.py:190} INFO - [2024-12-28T16:39:03.807+0000] {dag.py:3239} INFO - Sync 1 DAGs
[2024-12-28T16:39:03.834+0000] {logging_mixin.py:190} INFO - [2024-12-28T16:39:03.833+0000] {dag.py:4180} INFO - Setting next_dagrun for example_skip_dag to 2024-12-27 00:00:00+00:00, run_after=2024-12-28 00:00:00+00:00
[2024-12-28T16:39:03.860+0000] {processor.py:208} INFO - Processing /home/airflow/.local/lib/python3.12/site-packages/airflow/example_dags/example_skip_dag.py took 0.097 seconds
[2024-12-28T16:39:33.978+0000] {processor.py:186} INFO - Started process (PID=210) to work on /home/airflow/.local/lib/python3.12/site-packages/airflow/example_dags/example_skip_dag.py
[2024-12-28T16:39:33.979+0000] {processor.py:914} INFO - Processing file /home/airflow/.local/lib/python3.12/site-packages/airflow/example_dags/example_skip_dag.py for tasks to queue
[2024-12-28T16:39:33.983+0000] {logging_mixin.py:190} INFO - [2024-12-28T16:39:33.982+0000] {dagbag.py:588} INFO - Filling up the DagBag from /home/airflow/.local/lib/python3.12/site-packages/airflow/example_dags/example_skip_dag.py
[2024-12-28T16:39:33.996+0000] {processor.py:925} INFO - DAG(s) 'example_skip_dag' retrieved from /home/airflow/.local/lib/python3.12/site-packages/airflow/example_dags/example_skip_dag.py
[2024-12-28T16:39:34.027+0000] {logging_mixin.py:190} INFO - [2024-12-28T16:39:34.027+0000] {dag.py:3239} INFO - Sync 1 DAGs
[2024-12-28T16:39:34.064+0000] {logging_mixin.py:190} INFO - [2024-12-28T16:39:34.064+0000] {dag.py:4180} INFO - Setting next_dagrun for example_skip_dag to 2024-12-27 00:00:00+00:00, run_after=2024-12-28 00:00:00+00:00
[2024-12-28T16:39:34.098+0000] {processor.py:208} INFO - Processing /home/airflow/.local/lib/python3.12/site-packages/airflow/example_dags/example_skip_dag.py took 0.127 seconds
[2024-12-28T16:40:04.169+0000] {processor.py:186} INFO - Started process (PID=273) to work on /home/airflow/.local/lib/python3.12/site-packages/airflow/example_dags/example_skip_dag.py
[2024-12-28T16:40:04.170+0000] {processor.py:914} INFO - Processing file /home/airflow/.local/lib/python3.12/site-packages/airflow/example_dags/example_skip_dag.py for tasks to queue
[2024-12-28T16:40:04.172+0000] {logging_mixin.py:190} INFO - [2024-12-28T16:40:04.172+0000] {dagbag.py:588} INFO - Filling up the DagBag from /home/airflow/.local/lib/python3.12/site-packages/airflow/example_dags/example_skip_dag.py
[2024-12-28T16:40:04.179+0000] {processor.py:925} INFO - DAG(s) 'example_skip_dag' retrieved from /home/airflow/.local/lib/python3.12/site-packages/airflow/example_dags/example_skip_dag.py
[2024-12-28T16:40:04.201+0000] {logging_mixin.py:190} INFO - [2024-12-28T16:40:04.201+0000] {dag.py:3239} INFO - Sync 1 DAGs
[2024-12-28T16:40:04.221+0000] {logging_mixin.py:190} INFO - [2024-12-28T16:40:04.221+0000] {dag.py:4180} INFO - Setting next_dagrun for example_skip_dag to 2024-12-27 00:00:00+00:00, run_after=2024-12-28 00:00:00+00:00
[2024-12-28T16:40:04.236+0000] {processor.py:208} INFO - Processing /home/airflow/.local/lib/python3.12/site-packages/airflow/example_dags/example_skip_dag.py took 0.073 seconds
[2024-12-28T16:42:39.055+0000] {processor.py:186} INFO - Started process (PID=83) to work on /home/airflow/.local/lib/python3.12/site-packages/airflow/example_dags/example_skip_dag.py
[2024-12-28T16:42:39.056+0000] {processor.py:914} INFO - Processing file /home/airflow/.local/lib/python3.12/site-packages/airflow/example_dags/example_skip_dag.py for tasks to queue
[2024-12-28T16:42:39.058+0000] {logging_mixin.py:190} INFO - [2024-12-28T16:42:39.057+0000] {dagbag.py:588} INFO - Filling up the DagBag from /home/airflow/.local/lib/python3.12/site-packages/airflow/example_dags/example_skip_dag.py
[2024-12-28T16:42:39.066+0000] {processor.py:925} INFO - DAG(s) 'example_skip_dag' retrieved from /home/airflow/.local/lib/python3.12/site-packages/airflow/example_dags/example_skip_dag.py
[2024-12-28T16:42:39.094+0000] {logging_mixin.py:190} INFO - [2024-12-28T16:42:39.094+0000] {dag.py:3239} INFO - Sync 1 DAGs
[2024-12-28T16:42:39.116+0000] {logging_mixin.py:190} INFO - [2024-12-28T16:42:39.116+0000] {dag.py:4180} INFO - Setting next_dagrun for example_skip_dag to 2024-12-27 00:00:00+00:00, run_after=2024-12-28 00:00:00+00:00
[2024-12-28T16:42:39.136+0000] {processor.py:208} INFO - Processing /home/airflow/.local/lib/python3.12/site-packages/airflow/example_dags/example_skip_dag.py took 0.086 seconds
[2024-12-28T16:43:10.292+0000] {processor.py:186} INFO - Started process (PID=146) to work on /home/airflow/.local/lib/python3.12/site-packages/airflow/example_dags/example_skip_dag.py
[2024-12-28T16:43:10.294+0000] {processor.py:914} INFO - Processing file /home/airflow/.local/lib/python3.12/site-packages/airflow/example_dags/example_skip_dag.py for tasks to queue
[2024-12-28T16:43:10.297+0000] {logging_mixin.py:190} INFO - [2024-12-28T16:43:10.296+0000] {dagbag.py:588} INFO - Filling up the DagBag from /home/airflow/.local/lib/python3.12/site-packages/airflow/example_dags/example_skip_dag.py
[2024-12-28T16:43:10.307+0000] {processor.py:925} INFO - DAG(s) 'example_skip_dag' retrieved from /home/airflow/.local/lib/python3.12/site-packages/airflow/example_dags/example_skip_dag.py
[2024-12-28T16:43:10.332+0000] {logging_mixin.py:190} INFO - [2024-12-28T16:43:10.332+0000] {dag.py:3239} INFO - Sync 1 DAGs
[2024-12-28T16:43:10.358+0000] {logging_mixin.py:190} INFO - [2024-12-28T16:43:10.357+0000] {dag.py:4180} INFO - Setting next_dagrun for example_skip_dag to 2024-12-27 00:00:00+00:00, run_after=2024-12-28 00:00:00+00:00
[2024-12-28T16:43:10.379+0000] {processor.py:208} INFO - Processing /home/airflow/.local/lib/python3.12/site-packages/airflow/example_dags/example_skip_dag.py took 0.094 seconds
[2024-12-28T16:43:40.651+0000] {processor.py:186} INFO - Started process (PID=209) to work on /home/airflow/.local/lib/python3.12/site-packages/airflow/example_dags/example_skip_dag.py
[2024-12-28T16:43:40.652+0000] {processor.py:914} INFO - Processing file /home/airflow/.local/lib/python3.12/site-packages/airflow/example_dags/example_skip_dag.py for tasks to queue
[2024-12-28T16:43:40.654+0000] {logging_mixin.py:190} INFO - [2024-12-28T16:43:40.654+0000] {dagbag.py:588} INFO - Filling up the DagBag from /home/airflow/.local/lib/python3.12/site-packages/airflow/example_dags/example_skip_dag.py
[2024-12-28T16:43:40.662+0000] {processor.py:925} INFO - DAG(s) 'example_skip_dag' retrieved from /home/airflow/.local/lib/python3.12/site-packages/airflow/example_dags/example_skip_dag.py
[2024-12-28T16:43:40.683+0000] {logging_mixin.py:190} INFO - [2024-12-28T16:43:40.682+0000] {dag.py:3239} INFO - Sync 1 DAGs
[2024-12-28T16:43:40.704+0000] {logging_mixin.py:190} INFO - [2024-12-28T16:43:40.704+0000] {dag.py:4180} INFO - Setting next_dagrun for example_skip_dag to 2024-12-27 00:00:00+00:00, run_after=2024-12-28 00:00:00+00:00
[2024-12-28T16:43:40.720+0000] {processor.py:208} INFO - Processing /home/airflow/.local/lib/python3.12/site-packages/airflow/example_dags/example_skip_dag.py took 0.074 seconds
[2024-12-28T16:44:11.380+0000] {processor.py:186} INFO - Started process (PID=272) to work on /home/airflow/.local/lib/python3.12/site-packages/airflow/example_dags/example_skip_dag.py
[2024-12-28T16:44:11.381+0000] {processor.py:914} INFO - Processing file /home/airflow/.local/lib/python3.12/site-packages/airflow/example_dags/example_skip_dag.py for tasks to queue
[2024-12-28T16:44:11.384+0000] {logging_mixin.py:190} INFO - [2024-12-28T16:44:11.383+0000] {dagbag.py:588} INFO - Filling up the DagBag from /home/airflow/.local/lib/python3.12/site-packages/airflow/example_dags/example_skip_dag.py
[2024-12-28T16:44:11.393+0000] {processor.py:925} INFO - DAG(s) 'example_skip_dag' retrieved from /home/airflow/.local/lib/python3.12/site-packages/airflow/example_dags/example_skip_dag.py
[2024-12-28T16:44:11.416+0000] {logging_mixin.py:190} INFO - [2024-12-28T16:44:11.416+0000] {dag.py:3239} INFO - Sync 1 DAGs
[2024-12-28T16:44:11.436+0000] {logging_mixin.py:190} INFO - [2024-12-28T16:44:11.436+0000] {dag.py:4180} INFO - Setting next_dagrun for example_skip_dag to 2024-12-27 00:00:00+00:00, run_after=2024-12-28 00:00:00+00:00
[2024-12-28T16:44:11.454+0000] {processor.py:208} INFO - Processing /home/airflow/.local/lib/python3.12/site-packages/airflow/example_dags/example_skip_dag.py took 0.079 seconds
[2024-12-28T16:44:41.543+0000] {processor.py:186} INFO - Started process (PID=335) to work on /home/airflow/.local/lib/python3.12/site-packages/airflow/example_dags/example_skip_dag.py
[2024-12-28T16:44:41.544+0000] {processor.py:914} INFO - Processing file /home/airflow/.local/lib/python3.12/site-packages/airflow/example_dags/example_skip_dag.py for tasks to queue
[2024-12-28T16:44:41.547+0000] {logging_mixin.py:190} INFO - [2024-12-28T16:44:41.546+0000] {dagbag.py:588} INFO - Filling up the DagBag from /home/airflow/.local/lib/python3.12/site-packages/airflow/example_dags/example_skip_dag.py
[2024-12-28T16:44:41.554+0000] {processor.py:925} INFO - DAG(s) 'example_skip_dag' retrieved from /home/airflow/.local/lib/python3.12/site-packages/airflow/example_dags/example_skip_dag.py
[2024-12-28T16:44:41.576+0000] {logging_mixin.py:190} INFO - [2024-12-28T16:44:41.575+0000] {dag.py:3239} INFO - Sync 1 DAGs
[2024-12-28T16:44:41.597+0000] {logging_mixin.py:190} INFO - [2024-12-28T16:44:41.597+0000] {dag.py:4180} INFO - Setting next_dagrun for example_skip_dag to 2024-12-27 00:00:00+00:00, run_after=2024-12-28 00:00:00+00:00
[2024-12-28T16:44:41.613+0000] {processor.py:208} INFO - Processing /home/airflow/.local/lib/python3.12/site-packages/airflow/example_dags/example_skip_dag.py took 0.075 seconds
[2024-12-28T16:45:12.131+0000] {processor.py:186} INFO - Started process (PID=404) to work on /home/airflow/.local/lib/python3.12/site-packages/airflow/example_dags/example_skip_dag.py
[2024-12-28T16:45:12.132+0000] {processor.py:914} INFO - Processing file /home/airflow/.local/lib/python3.12/site-packages/airflow/example_dags/example_skip_dag.py for tasks to queue
[2024-12-28T16:45:12.135+0000] {logging_mixin.py:190} INFO - [2024-12-28T16:45:12.135+0000] {dagbag.py:588} INFO - Filling up the DagBag from /home/airflow/.local/lib/python3.12/site-packages/airflow/example_dags/example_skip_dag.py
[2024-12-28T16:45:12.143+0000] {processor.py:925} INFO - DAG(s) 'example_skip_dag' retrieved from /home/airflow/.local/lib/python3.12/site-packages/airflow/example_dags/example_skip_dag.py
[2024-12-28T16:45:12.164+0000] {logging_mixin.py:190} INFO - [2024-12-28T16:45:12.164+0000] {dag.py:3239} INFO - Sync 1 DAGs
[2024-12-28T16:45:12.183+0000] {logging_mixin.py:190} INFO - [2024-12-28T16:45:12.183+0000] {dag.py:4180} INFO - Setting next_dagrun for example_skip_dag to 2024-12-27 00:00:00+00:00, run_after=2024-12-28 00:00:00+00:00
[2024-12-28T16:45:12.198+0000] {processor.py:208} INFO - Processing /home/airflow/.local/lib/python3.12/site-packages/airflow/example_dags/example_skip_dag.py took 0.072 seconds
[2024-12-28T16:45:42.615+0000] {processor.py:186} INFO - Started process (PID=467) to work on /home/airflow/.local/lib/python3.12/site-packages/airflow/example_dags/example_skip_dag.py
[2024-12-28T16:45:42.616+0000] {processor.py:914} INFO - Processing file /home/airflow/.local/lib/python3.12/site-packages/airflow/example_dags/example_skip_dag.py for tasks to queue
[2024-12-28T16:45:42.618+0000] {logging_mixin.py:190} INFO - [2024-12-28T16:45:42.618+0000] {dagbag.py:588} INFO - Filling up the DagBag from /home/airflow/.local/lib/python3.12/site-packages/airflow/example_dags/example_skip_dag.py
[2024-12-28T16:45:42.625+0000] {processor.py:925} INFO - DAG(s) 'example_skip_dag' retrieved from /home/airflow/.local/lib/python3.12/site-packages/airflow/example_dags/example_skip_dag.py
[2024-12-28T16:45:42.646+0000] {logging_mixin.py:190} INFO - [2024-12-28T16:45:42.646+0000] {dag.py:3239} INFO - Sync 1 DAGs
[2024-12-28T16:45:42.669+0000] {logging_mixin.py:190} INFO - [2024-12-28T16:45:42.668+0000] {dag.py:4180} INFO - Setting next_dagrun for example_skip_dag to 2024-12-27 00:00:00+00:00, run_after=2024-12-28 00:00:00+00:00
[2024-12-28T16:45:42.685+0000] {processor.py:208} INFO - Processing /home/airflow/.local/lib/python3.12/site-packages/airflow/example_dags/example_skip_dag.py took 0.075 seconds
[2024-12-28T16:46:13.478+0000] {processor.py:186} INFO - Started process (PID=530) to work on /home/airflow/.local/lib/python3.12/site-packages/airflow/example_dags/example_skip_dag.py
[2024-12-28T16:46:13.479+0000] {processor.py:914} INFO - Processing file /home/airflow/.local/lib/python3.12/site-packages/airflow/example_dags/example_skip_dag.py for tasks to queue
[2024-12-28T16:46:13.481+0000] {logging_mixin.py:190} INFO - [2024-12-28T16:46:13.481+0000] {dagbag.py:588} INFO - Filling up the DagBag from /home/airflow/.local/lib/python3.12/site-packages/airflow/example_dags/example_skip_dag.py
[2024-12-28T16:46:13.488+0000] {processor.py:925} INFO - DAG(s) 'example_skip_dag' retrieved from /home/airflow/.local/lib/python3.12/site-packages/airflow/example_dags/example_skip_dag.py
[2024-12-28T16:46:13.509+0000] {logging_mixin.py:190} INFO - [2024-12-28T16:46:13.508+0000] {dag.py:3239} INFO - Sync 1 DAGs
[2024-12-28T16:46:13.531+0000] {logging_mixin.py:190} INFO - [2024-12-28T16:46:13.531+0000] {dag.py:4180} INFO - Setting next_dagrun for example_skip_dag to 2024-12-27 00:00:00+00:00, run_after=2024-12-28 00:00:00+00:00
[2024-12-28T16:46:13.547+0000] {processor.py:208} INFO - Processing /home/airflow/.local/lib/python3.12/site-packages/airflow/example_dags/example_skip_dag.py took 0.074 seconds
[2024-12-28T16:46:43.778+0000] {processor.py:186} INFO - Started process (PID=593) to work on /home/airflow/.local/lib/python3.12/site-packages/airflow/example_dags/example_skip_dag.py
[2024-12-28T16:46:43.779+0000] {processor.py:914} INFO - Processing file /home/airflow/.local/lib/python3.12/site-packages/airflow/example_dags/example_skip_dag.py for tasks to queue
[2024-12-28T16:46:43.781+0000] {logging_mixin.py:190} INFO - [2024-12-28T16:46:43.781+0000] {dagbag.py:588} INFO - Filling up the DagBag from /home/airflow/.local/lib/python3.12/site-packages/airflow/example_dags/example_skip_dag.py
[2024-12-28T16:46:43.789+0000] {processor.py:925} INFO - DAG(s) 'example_skip_dag' retrieved from /home/airflow/.local/lib/python3.12/site-packages/airflow/example_dags/example_skip_dag.py
[2024-12-28T16:46:43.810+0000] {logging_mixin.py:190} INFO - [2024-12-28T16:46:43.809+0000] {dag.py:3239} INFO - Sync 1 DAGs
[2024-12-28T16:46:43.830+0000] {logging_mixin.py:190} INFO - [2024-12-28T16:46:43.830+0000] {dag.py:4180} INFO - Setting next_dagrun for example_skip_dag to 2024-12-27 00:00:00+00:00, run_after=2024-12-28 00:00:00+00:00
[2024-12-28T16:46:43.846+0000] {processor.py:208} INFO - Processing /home/airflow/.local/lib/python3.12/site-packages/airflow/example_dags/example_skip_dag.py took 0.073 seconds
[2024-12-28T16:47:13.984+0000] {processor.py:186} INFO - Started process (PID=656) to work on /home/airflow/.local/lib/python3.12/site-packages/airflow/example_dags/example_skip_dag.py
[2024-12-28T16:47:13.985+0000] {processor.py:914} INFO - Processing file /home/airflow/.local/lib/python3.12/site-packages/airflow/example_dags/example_skip_dag.py for tasks to queue
[2024-12-28T16:47:13.987+0000] {logging_mixin.py:190} INFO - [2024-12-28T16:47:13.986+0000] {dagbag.py:588} INFO - Filling up the DagBag from /home/airflow/.local/lib/python3.12/site-packages/airflow/example_dags/example_skip_dag.py
[2024-12-28T16:47:13.994+0000] {processor.py:925} INFO - DAG(s) 'example_skip_dag' retrieved from /home/airflow/.local/lib/python3.12/site-packages/airflow/example_dags/example_skip_dag.py
[2024-12-28T16:47:14.015+0000] {logging_mixin.py:190} INFO - [2024-12-28T16:47:14.015+0000] {dag.py:3239} INFO - Sync 1 DAGs
[2024-12-28T16:47:14.034+0000] {logging_mixin.py:190} INFO - [2024-12-28T16:47:14.034+0000] {dag.py:4180} INFO - Setting next_dagrun for example_skip_dag to 2024-12-27 00:00:00+00:00, run_after=2024-12-28 00:00:00+00:00
[2024-12-28T16:47:14.049+0000] {processor.py:208} INFO - Processing /home/airflow/.local/lib/python3.12/site-packages/airflow/example_dags/example_skip_dag.py took 0.070 seconds
[2024-12-28T16:47:44.559+0000] {processor.py:186} INFO - Started process (PID=720) to work on /home/airflow/.local/lib/python3.12/site-packages/airflow/example_dags/example_skip_dag.py
[2024-12-28T16:47:44.560+0000] {processor.py:914} INFO - Processing file /home/airflow/.local/lib/python3.12/site-packages/airflow/example_dags/example_skip_dag.py for tasks to queue
[2024-12-28T16:47:44.562+0000] {logging_mixin.py:190} INFO - [2024-12-28T16:47:44.562+0000] {dagbag.py:588} INFO - Filling up the DagBag from /home/airflow/.local/lib/python3.12/site-packages/airflow/example_dags/example_skip_dag.py
[2024-12-28T16:47:44.569+0000] {processor.py:925} INFO - DAG(s) 'example_skip_dag' retrieved from /home/airflow/.local/lib/python3.12/site-packages/airflow/example_dags/example_skip_dag.py
[2024-12-28T16:47:44.593+0000] {logging_mixin.py:190} INFO - [2024-12-28T16:47:44.593+0000] {dag.py:3239} INFO - Sync 1 DAGs
[2024-12-28T16:47:44.614+0000] {logging_mixin.py:190} INFO - [2024-12-28T16:47:44.614+0000] {dag.py:4180} INFO - Setting next_dagrun for example_skip_dag to 2024-12-27 00:00:00+00:00, run_after=2024-12-28 00:00:00+00:00
[2024-12-28T16:47:44.630+0000] {processor.py:208} INFO - Processing /home/airflow/.local/lib/python3.12/site-packages/airflow/example_dags/example_skip_dag.py took 0.076 seconds
[2024-12-28T16:52:21.576+0000] {processor.py:186} INFO - Started process (PID=85) to work on /home/airflow/.local/lib/python3.12/site-packages/airflow/example_dags/example_skip_dag.py
[2024-12-28T16:52:21.577+0000] {processor.py:914} INFO - Processing file /home/airflow/.local/lib/python3.12/site-packages/airflow/example_dags/example_skip_dag.py for tasks to queue
[2024-12-28T16:52:21.580+0000] {logging_mixin.py:190} INFO - [2024-12-28T16:52:21.579+0000] {dagbag.py:588} INFO - Filling up the DagBag from /home/airflow/.local/lib/python3.12/site-packages/airflow/example_dags/example_skip_dag.py
[2024-12-28T16:52:21.592+0000] {processor.py:925} INFO - DAG(s) 'example_skip_dag' retrieved from /home/airflow/.local/lib/python3.12/site-packages/airflow/example_dags/example_skip_dag.py
[2024-12-28T16:52:21.622+0000] {logging_mixin.py:190} INFO - [2024-12-28T16:52:21.622+0000] {dag.py:3239} INFO - Sync 1 DAGs
[2024-12-28T16:52:21.645+0000] {logging_mixin.py:190} INFO - [2024-12-28T16:52:21.645+0000] {dag.py:4180} INFO - Setting next_dagrun for example_skip_dag to 2024-12-27 00:00:00+00:00, run_after=2024-12-28 00:00:00+00:00
[2024-12-28T16:52:21.665+0000] {processor.py:208} INFO - Processing /home/airflow/.local/lib/python3.12/site-packages/airflow/example_dags/example_skip_dag.py took 0.094 seconds
[2024-12-28T16:52:52.236+0000] {processor.py:186} INFO - Started process (PID=149) to work on /home/airflow/.local/lib/python3.12/site-packages/airflow/example_dags/example_skip_dag.py
[2024-12-28T16:52:52.237+0000] {processor.py:914} INFO - Processing file /home/airflow/.local/lib/python3.12/site-packages/airflow/example_dags/example_skip_dag.py for tasks to queue
[2024-12-28T16:52:52.240+0000] {logging_mixin.py:190} INFO - [2024-12-28T16:52:52.239+0000] {dagbag.py:588} INFO - Filling up the DagBag from /home/airflow/.local/lib/python3.12/site-packages/airflow/example_dags/example_skip_dag.py
[2024-12-28T16:52:52.246+0000] {processor.py:925} INFO - DAG(s) 'example_skip_dag' retrieved from /home/airflow/.local/lib/python3.12/site-packages/airflow/example_dags/example_skip_dag.py
[2024-12-28T16:52:52.267+0000] {logging_mixin.py:190} INFO - [2024-12-28T16:52:52.266+0000] {dag.py:3239} INFO - Sync 1 DAGs
[2024-12-28T16:52:52.290+0000] {logging_mixin.py:190} INFO - [2024-12-28T16:52:52.290+0000] {dag.py:4180} INFO - Setting next_dagrun for example_skip_dag to 2024-12-27 00:00:00+00:00, run_after=2024-12-28 00:00:00+00:00
[2024-12-28T16:52:52.307+0000] {processor.py:208} INFO - Processing /home/airflow/.local/lib/python3.12/site-packages/airflow/example_dags/example_skip_dag.py took 0.076 seconds
[2024-12-28T16:53:22.540+0000] {processor.py:186} INFO - Started process (PID=213) to work on /home/airflow/.local/lib/python3.12/site-packages/airflow/example_dags/example_skip_dag.py
[2024-12-28T16:53:22.541+0000] {processor.py:914} INFO - Processing file /home/airflow/.local/lib/python3.12/site-packages/airflow/example_dags/example_skip_dag.py for tasks to queue
[2024-12-28T16:53:22.543+0000] {logging_mixin.py:190} INFO - [2024-12-28T16:53:22.543+0000] {dagbag.py:588} INFO - Filling up the DagBag from /home/airflow/.local/lib/python3.12/site-packages/airflow/example_dags/example_skip_dag.py
[2024-12-28T16:53:22.550+0000] {processor.py:925} INFO - DAG(s) 'example_skip_dag' retrieved from /home/airflow/.local/lib/python3.12/site-packages/airflow/example_dags/example_skip_dag.py
[2024-12-28T16:53:22.573+0000] {logging_mixin.py:190} INFO - [2024-12-28T16:53:22.572+0000] {dag.py:3239} INFO - Sync 1 DAGs
[2024-12-28T16:53:22.596+0000] {logging_mixin.py:190} INFO - [2024-12-28T16:53:22.596+0000] {dag.py:4180} INFO - Setting next_dagrun for example_skip_dag to 2024-12-27 00:00:00+00:00, run_after=2024-12-28 00:00:00+00:00
[2024-12-28T16:53:22.616+0000] {processor.py:208} INFO - Processing /home/airflow/.local/lib/python3.12/site-packages/airflow/example_dags/example_skip_dag.py took 0.082 seconds
[2024-12-28T16:53:54.396+0000] {processor.py:186} INFO - Started process (PID=281) to work on /home/airflow/.local/lib/python3.12/site-packages/airflow/example_dags/example_skip_dag.py
[2024-12-28T16:53:54.398+0000] {processor.py:914} INFO - Processing file /home/airflow/.local/lib/python3.12/site-packages/airflow/example_dags/example_skip_dag.py for tasks to queue
[2024-12-28T16:53:54.401+0000] {logging_mixin.py:190} INFO - [2024-12-28T16:53:54.401+0000] {dagbag.py:588} INFO - Filling up the DagBag from /home/airflow/.local/lib/python3.12/site-packages/airflow/example_dags/example_skip_dag.py
[2024-12-28T16:53:54.422+0000] {processor.py:925} INFO - DAG(s) 'example_skip_dag' retrieved from /home/airflow/.local/lib/python3.12/site-packages/airflow/example_dags/example_skip_dag.py
[2024-12-28T16:53:54.476+0000] {logging_mixin.py:190} INFO - [2024-12-28T16:53:54.475+0000] {dag.py:3239} INFO - Sync 1 DAGs
[2024-12-28T16:53:54.517+0000] {logging_mixin.py:190} INFO - [2024-12-28T16:53:54.517+0000] {dag.py:4180} INFO - Setting next_dagrun for example_skip_dag to 2024-12-27 00:00:00+00:00, run_after=2024-12-28 00:00:00+00:00
[2024-12-28T16:53:54.557+0000] {processor.py:208} INFO - Processing /home/airflow/.local/lib/python3.12/site-packages/airflow/example_dags/example_skip_dag.py took 0.176 seconds
[2024-12-28T16:54:25.595+0000] {processor.py:186} INFO - Started process (PID=345) to work on /home/airflow/.local/lib/python3.12/site-packages/airflow/example_dags/example_skip_dag.py
[2024-12-28T16:54:25.597+0000] {processor.py:914} INFO - Processing file /home/airflow/.local/lib/python3.12/site-packages/airflow/example_dags/example_skip_dag.py for tasks to queue
[2024-12-28T16:54:25.601+0000] {logging_mixin.py:190} INFO - [2024-12-28T16:54:25.600+0000] {dagbag.py:588} INFO - Filling up the DagBag from /home/airflow/.local/lib/python3.12/site-packages/airflow/example_dags/example_skip_dag.py
[2024-12-28T16:54:25.615+0000] {processor.py:925} INFO - DAG(s) 'example_skip_dag' retrieved from /home/airflow/.local/lib/python3.12/site-packages/airflow/example_dags/example_skip_dag.py
[2024-12-28T16:54:25.655+0000] {logging_mixin.py:190} INFO - [2024-12-28T16:54:25.655+0000] {dag.py:3239} INFO - Sync 1 DAGs
[2024-12-28T16:54:25.701+0000] {logging_mixin.py:190} INFO - [2024-12-28T16:54:25.701+0000] {dag.py:4180} INFO - Setting next_dagrun for example_skip_dag to 2024-12-27 00:00:00+00:00, run_after=2024-12-28 00:00:00+00:00
[2024-12-28T16:54:25.738+0000] {processor.py:208} INFO - Processing /home/airflow/.local/lib/python3.12/site-packages/airflow/example_dags/example_skip_dag.py took 0.159 seconds
[2024-12-28T16:54:56.655+0000] {processor.py:186} INFO - Started process (PID=409) to work on /home/airflow/.local/lib/python3.12/site-packages/airflow/example_dags/example_skip_dag.py
[2024-12-28T16:54:56.656+0000] {processor.py:914} INFO - Processing file /home/airflow/.local/lib/python3.12/site-packages/airflow/example_dags/example_skip_dag.py for tasks to queue
[2024-12-28T16:54:56.659+0000] {logging_mixin.py:190} INFO - [2024-12-28T16:54:56.659+0000] {dagbag.py:588} INFO - Filling up the DagBag from /home/airflow/.local/lib/python3.12/site-packages/airflow/example_dags/example_skip_dag.py
[2024-12-28T16:54:56.667+0000] {processor.py:925} INFO - DAG(s) 'example_skip_dag' retrieved from /home/airflow/.local/lib/python3.12/site-packages/airflow/example_dags/example_skip_dag.py
[2024-12-28T16:54:56.697+0000] {logging_mixin.py:190} INFO - [2024-12-28T16:54:56.697+0000] {dag.py:3239} INFO - Sync 1 DAGs
[2024-12-28T16:54:56.731+0000] {logging_mixin.py:190} INFO - [2024-12-28T16:54:56.730+0000] {dag.py:4180} INFO - Setting next_dagrun for example_skip_dag to 2024-12-27 00:00:00+00:00, run_after=2024-12-28 00:00:00+00:00
[2024-12-28T16:54:56.759+0000] {processor.py:208} INFO - Processing /home/airflow/.local/lib/python3.12/site-packages/airflow/example_dags/example_skip_dag.py took 0.111 seconds
[2024-12-28T16:55:26.890+0000] {processor.py:186} INFO - Started process (PID=473) to work on /home/airflow/.local/lib/python3.12/site-packages/airflow/example_dags/example_skip_dag.py
[2024-12-28T16:55:26.892+0000] {processor.py:914} INFO - Processing file /home/airflow/.local/lib/python3.12/site-packages/airflow/example_dags/example_skip_dag.py for tasks to queue
[2024-12-28T16:55:26.895+0000] {logging_mixin.py:190} INFO - [2024-12-28T16:55:26.895+0000] {dagbag.py:588} INFO - Filling up the DagBag from /home/airflow/.local/lib/python3.12/site-packages/airflow/example_dags/example_skip_dag.py
[2024-12-28T16:55:26.912+0000] {processor.py:925} INFO - DAG(s) 'example_skip_dag' retrieved from /home/airflow/.local/lib/python3.12/site-packages/airflow/example_dags/example_skip_dag.py
[2024-12-28T16:55:26.949+0000] {logging_mixin.py:190} INFO - [2024-12-28T16:55:26.949+0000] {dag.py:3239} INFO - Sync 1 DAGs
[2024-12-28T16:55:26.988+0000] {logging_mixin.py:190} INFO - [2024-12-28T16:55:26.988+0000] {dag.py:4180} INFO - Setting next_dagrun for example_skip_dag to 2024-12-27 00:00:00+00:00, run_after=2024-12-28 00:00:00+00:00
[2024-12-28T16:55:27.024+0000] {processor.py:208} INFO - Processing /home/airflow/.local/lib/python3.12/site-packages/airflow/example_dags/example_skip_dag.py took 0.143 seconds
[2024-12-28T16:55:57.588+0000] {processor.py:186} INFO - Started process (PID=537) to work on /home/airflow/.local/lib/python3.12/site-packages/airflow/example_dags/example_skip_dag.py
[2024-12-28T16:55:57.590+0000] {processor.py:914} INFO - Processing file /home/airflow/.local/lib/python3.12/site-packages/airflow/example_dags/example_skip_dag.py for tasks to queue
[2024-12-28T16:55:57.592+0000] {logging_mixin.py:190} INFO - [2024-12-28T16:55:57.592+0000] {dagbag.py:588} INFO - Filling up the DagBag from /home/airflow/.local/lib/python3.12/site-packages/airflow/example_dags/example_skip_dag.py
[2024-12-28T16:55:57.600+0000] {processor.py:925} INFO - DAG(s) 'example_skip_dag' retrieved from /home/airflow/.local/lib/python3.12/site-packages/airflow/example_dags/example_skip_dag.py
[2024-12-28T16:55:57.620+0000] {logging_mixin.py:190} INFO - [2024-12-28T16:55:57.620+0000] {dag.py:3239} INFO - Sync 1 DAGs
[2024-12-28T16:55:57.640+0000] {logging_mixin.py:190} INFO - [2024-12-28T16:55:57.639+0000] {dag.py:4180} INFO - Setting next_dagrun for example_skip_dag to 2024-12-27 00:00:00+00:00, run_after=2024-12-28 00:00:00+00:00
[2024-12-28T16:55:57.655+0000] {processor.py:208} INFO - Processing /home/airflow/.local/lib/python3.12/site-packages/airflow/example_dags/example_skip_dag.py took 0.072 seconds
[2024-12-28T16:56:28.027+0000] {processor.py:186} INFO - Started process (PID=601) to work on /home/airflow/.local/lib/python3.12/site-packages/airflow/example_dags/example_skip_dag.py
[2024-12-28T16:56:28.028+0000] {processor.py:914} INFO - Processing file /home/airflow/.local/lib/python3.12/site-packages/airflow/example_dags/example_skip_dag.py for tasks to queue
[2024-12-28T16:56:28.030+0000] {logging_mixin.py:190} INFO - [2024-12-28T16:56:28.030+0000] {dagbag.py:588} INFO - Filling up the DagBag from /home/airflow/.local/lib/python3.12/site-packages/airflow/example_dags/example_skip_dag.py
[2024-12-28T16:56:28.038+0000] {processor.py:925} INFO - DAG(s) 'example_skip_dag' retrieved from /home/airflow/.local/lib/python3.12/site-packages/airflow/example_dags/example_skip_dag.py
[2024-12-28T16:56:28.060+0000] {logging_mixin.py:190} INFO - [2024-12-28T16:56:28.059+0000] {dag.py:3239} INFO - Sync 1 DAGs
[2024-12-28T16:56:28.079+0000] {logging_mixin.py:190} INFO - [2024-12-28T16:56:28.079+0000] {dag.py:4180} INFO - Setting next_dagrun for example_skip_dag to 2024-12-27 00:00:00+00:00, run_after=2024-12-28 00:00:00+00:00
[2024-12-28T16:56:28.096+0000] {processor.py:208} INFO - Processing /home/airflow/.local/lib/python3.12/site-packages/airflow/example_dags/example_skip_dag.py took 0.074 seconds
[2024-12-28T16:56:58.742+0000] {processor.py:186} INFO - Started process (PID=665) to work on /home/airflow/.local/lib/python3.12/site-packages/airflow/example_dags/example_skip_dag.py
[2024-12-28T16:56:58.743+0000] {processor.py:914} INFO - Processing file /home/airflow/.local/lib/python3.12/site-packages/airflow/example_dags/example_skip_dag.py for tasks to queue
[2024-12-28T16:56:58.745+0000] {logging_mixin.py:190} INFO - [2024-12-28T16:56:58.745+0000] {dagbag.py:588} INFO - Filling up the DagBag from /home/airflow/.local/lib/python3.12/site-packages/airflow/example_dags/example_skip_dag.py
[2024-12-28T16:56:58.753+0000] {processor.py:925} INFO - DAG(s) 'example_skip_dag' retrieved from /home/airflow/.local/lib/python3.12/site-packages/airflow/example_dags/example_skip_dag.py
[2024-12-28T16:56:58.776+0000] {logging_mixin.py:190} INFO - [2024-12-28T16:56:58.776+0000] {dag.py:3239} INFO - Sync 1 DAGs
[2024-12-28T16:56:58.796+0000] {logging_mixin.py:190} INFO - [2024-12-28T16:56:58.796+0000] {dag.py:4180} INFO - Setting next_dagrun for example_skip_dag to 2024-12-27 00:00:00+00:00, run_after=2024-12-28 00:00:00+00:00
[2024-12-28T16:56:58.812+0000] {processor.py:208} INFO - Processing /home/airflow/.local/lib/python3.12/site-packages/airflow/example_dags/example_skip_dag.py took 0.075 seconds
[2024-12-28T16:57:29.367+0000] {processor.py:186} INFO - Started process (PID=729) to work on /home/airflow/.local/lib/python3.12/site-packages/airflow/example_dags/example_skip_dag.py
[2024-12-28T16:57:29.368+0000] {processor.py:914} INFO - Processing file /home/airflow/.local/lib/python3.12/site-packages/airflow/example_dags/example_skip_dag.py for tasks to queue
[2024-12-28T16:57:29.370+0000] {logging_mixin.py:190} INFO - [2024-12-28T16:57:29.370+0000] {dagbag.py:588} INFO - Filling up the DagBag from /home/airflow/.local/lib/python3.12/site-packages/airflow/example_dags/example_skip_dag.py
[2024-12-28T16:57:29.378+0000] {processor.py:925} INFO - DAG(s) 'example_skip_dag' retrieved from /home/airflow/.local/lib/python3.12/site-packages/airflow/example_dags/example_skip_dag.py
[2024-12-28T16:57:29.401+0000] {logging_mixin.py:190} INFO - [2024-12-28T16:57:29.401+0000] {dag.py:3239} INFO - Sync 1 DAGs
[2024-12-28T16:57:29.424+0000] {logging_mixin.py:190} INFO - [2024-12-28T16:57:29.424+0000] {dag.py:4180} INFO - Setting next_dagrun for example_skip_dag to 2024-12-27 00:00:00+00:00, run_after=2024-12-28 00:00:00+00:00
[2024-12-28T16:57:29.441+0000] {processor.py:208} INFO - Processing /home/airflow/.local/lib/python3.12/site-packages/airflow/example_dags/example_skip_dag.py took 0.079 seconds
[2024-12-28T16:58:00.048+0000] {processor.py:186} INFO - Started process (PID=793) to work on /home/airflow/.local/lib/python3.12/site-packages/airflow/example_dags/example_skip_dag.py
[2024-12-28T16:58:00.048+0000] {processor.py:914} INFO - Processing file /home/airflow/.local/lib/python3.12/site-packages/airflow/example_dags/example_skip_dag.py for tasks to queue
[2024-12-28T16:58:00.050+0000] {logging_mixin.py:190} INFO - [2024-12-28T16:58:00.050+0000] {dagbag.py:588} INFO - Filling up the DagBag from /home/airflow/.local/lib/python3.12/site-packages/airflow/example_dags/example_skip_dag.py
[2024-12-28T16:58:00.058+0000] {processor.py:925} INFO - DAG(s) 'example_skip_dag' retrieved from /home/airflow/.local/lib/python3.12/site-packages/airflow/example_dags/example_skip_dag.py
[2024-12-28T16:58:00.080+0000] {logging_mixin.py:190} INFO - [2024-12-28T16:58:00.080+0000] {dag.py:3239} INFO - Sync 1 DAGs
[2024-12-28T16:58:00.101+0000] {logging_mixin.py:190} INFO - [2024-12-28T16:58:00.101+0000] {dag.py:4180} INFO - Setting next_dagrun for example_skip_dag to 2024-12-27 00:00:00+00:00, run_after=2024-12-28 00:00:00+00:00
[2024-12-28T16:58:00.117+0000] {processor.py:208} INFO - Processing /home/airflow/.local/lib/python3.12/site-packages/airflow/example_dags/example_skip_dag.py took 0.075 seconds
[2024-12-28T16:58:30.316+0000] {processor.py:186} INFO - Started process (PID=857) to work on /home/airflow/.local/lib/python3.12/site-packages/airflow/example_dags/example_skip_dag.py
[2024-12-28T16:58:30.317+0000] {processor.py:914} INFO - Processing file /home/airflow/.local/lib/python3.12/site-packages/airflow/example_dags/example_skip_dag.py for tasks to queue
[2024-12-28T16:58:30.318+0000] {logging_mixin.py:190} INFO - [2024-12-28T16:58:30.318+0000] {dagbag.py:588} INFO - Filling up the DagBag from /home/airflow/.local/lib/python3.12/site-packages/airflow/example_dags/example_skip_dag.py
[2024-12-28T16:58:30.326+0000] {processor.py:925} INFO - DAG(s) 'example_skip_dag' retrieved from /home/airflow/.local/lib/python3.12/site-packages/airflow/example_dags/example_skip_dag.py
[2024-12-28T16:58:30.346+0000] {logging_mixin.py:190} INFO - [2024-12-28T16:58:30.346+0000] {dag.py:3239} INFO - Sync 1 DAGs
[2024-12-28T16:58:30.368+0000] {logging_mixin.py:190} INFO - [2024-12-28T16:58:30.368+0000] {dag.py:4180} INFO - Setting next_dagrun for example_skip_dag to 2024-12-27 00:00:00+00:00, run_after=2024-12-28 00:00:00+00:00
[2024-12-28T16:58:30.387+0000] {processor.py:208} INFO - Processing /home/airflow/.local/lib/python3.12/site-packages/airflow/example_dags/example_skip_dag.py took 0.076 seconds
[2024-12-28T16:59:00.595+0000] {processor.py:186} INFO - Started process (PID=921) to work on /home/airflow/.local/lib/python3.12/site-packages/airflow/example_dags/example_skip_dag.py
[2024-12-28T16:59:00.595+0000] {processor.py:914} INFO - Processing file /home/airflow/.local/lib/python3.12/site-packages/airflow/example_dags/example_skip_dag.py for tasks to queue
[2024-12-28T16:59:00.597+0000] {logging_mixin.py:190} INFO - [2024-12-28T16:59:00.597+0000] {dagbag.py:588} INFO - Filling up the DagBag from /home/airflow/.local/lib/python3.12/site-packages/airflow/example_dags/example_skip_dag.py
[2024-12-28T16:59:00.604+0000] {processor.py:925} INFO - DAG(s) 'example_skip_dag' retrieved from /home/airflow/.local/lib/python3.12/site-packages/airflow/example_dags/example_skip_dag.py
[2024-12-28T16:59:00.624+0000] {logging_mixin.py:190} INFO - [2024-12-28T16:59:00.624+0000] {dag.py:3239} INFO - Sync 1 DAGs
[2024-12-28T16:59:00.645+0000] {logging_mixin.py:190} INFO - [2024-12-28T16:59:00.645+0000] {dag.py:4180} INFO - Setting next_dagrun for example_skip_dag to 2024-12-27 00:00:00+00:00, run_after=2024-12-28 00:00:00+00:00
[2024-12-28T16:59:00.661+0000] {processor.py:208} INFO - Processing /home/airflow/.local/lib/python3.12/site-packages/airflow/example_dags/example_skip_dag.py took 0.071 seconds
[2024-12-28T16:59:30.810+0000] {processor.py:186} INFO - Started process (PID=985) to work on /home/airflow/.local/lib/python3.12/site-packages/airflow/example_dags/example_skip_dag.py
[2024-12-28T16:59:30.811+0000] {processor.py:914} INFO - Processing file /home/airflow/.local/lib/python3.12/site-packages/airflow/example_dags/example_skip_dag.py for tasks to queue
[2024-12-28T16:59:30.815+0000] {logging_mixin.py:190} INFO - [2024-12-28T16:59:30.814+0000] {dagbag.py:588} INFO - Filling up the DagBag from /home/airflow/.local/lib/python3.12/site-packages/airflow/example_dags/example_skip_dag.py
[2024-12-28T16:59:30.823+0000] {processor.py:925} INFO - DAG(s) 'example_skip_dag' retrieved from /home/airflow/.local/lib/python3.12/site-packages/airflow/example_dags/example_skip_dag.py
[2024-12-28T16:59:30.847+0000] {logging_mixin.py:190} INFO - [2024-12-28T16:59:30.846+0000] {dag.py:3239} INFO - Sync 1 DAGs
[2024-12-28T16:59:30.872+0000] {logging_mixin.py:190} INFO - [2024-12-28T16:59:30.871+0000] {dag.py:4180} INFO - Setting next_dagrun for example_skip_dag to 2024-12-27 00:00:00+00:00, run_after=2024-12-28 00:00:00+00:00
[2024-12-28T16:59:30.889+0000] {processor.py:208} INFO - Processing /home/airflow/.local/lib/python3.12/site-packages/airflow/example_dags/example_skip_dag.py took 0.084 seconds
[2024-12-28T17:00:01.722+0000] {processor.py:186} INFO - Started process (PID=1049) to work on /home/airflow/.local/lib/python3.12/site-packages/airflow/example_dags/example_skip_dag.py
[2024-12-28T17:00:01.722+0000] {processor.py:914} INFO - Processing file /home/airflow/.local/lib/python3.12/site-packages/airflow/example_dags/example_skip_dag.py for tasks to queue
[2024-12-28T17:00:01.724+0000] {logging_mixin.py:190} INFO - [2024-12-28T17:00:01.724+0000] {dagbag.py:588} INFO - Filling up the DagBag from /home/airflow/.local/lib/python3.12/site-packages/airflow/example_dags/example_skip_dag.py
[2024-12-28T17:00:01.731+0000] {processor.py:925} INFO - DAG(s) 'example_skip_dag' retrieved from /home/airflow/.local/lib/python3.12/site-packages/airflow/example_dags/example_skip_dag.py
[2024-12-28T17:00:01.750+0000] {logging_mixin.py:190} INFO - [2024-12-28T17:00:01.750+0000] {dag.py:3239} INFO - Sync 1 DAGs
[2024-12-28T17:00:01.769+0000] {logging_mixin.py:190} INFO - [2024-12-28T17:00:01.769+0000] {dag.py:4180} INFO - Setting next_dagrun for example_skip_dag to 2024-12-27 00:00:00+00:00, run_after=2024-12-28 00:00:00+00:00
[2024-12-28T17:00:01.785+0000] {processor.py:208} INFO - Processing /home/airflow/.local/lib/python3.12/site-packages/airflow/example_dags/example_skip_dag.py took 0.069 seconds
[2024-12-28T17:00:32.218+0000] {processor.py:186} INFO - Started process (PID=1113) to work on /home/airflow/.local/lib/python3.12/site-packages/airflow/example_dags/example_skip_dag.py
[2024-12-28T17:00:32.219+0000] {processor.py:914} INFO - Processing file /home/airflow/.local/lib/python3.12/site-packages/airflow/example_dags/example_skip_dag.py for tasks to queue
[2024-12-28T17:00:32.221+0000] {logging_mixin.py:190} INFO - [2024-12-28T17:00:32.221+0000] {dagbag.py:588} INFO - Filling up the DagBag from /home/airflow/.local/lib/python3.12/site-packages/airflow/example_dags/example_skip_dag.py
[2024-12-28T17:00:32.227+0000] {processor.py:925} INFO - DAG(s) 'example_skip_dag' retrieved from /home/airflow/.local/lib/python3.12/site-packages/airflow/example_dags/example_skip_dag.py
[2024-12-28T17:00:32.247+0000] {logging_mixin.py:190} INFO - [2024-12-28T17:00:32.246+0000] {dag.py:3239} INFO - Sync 1 DAGs
[2024-12-28T17:00:32.266+0000] {logging_mixin.py:190} INFO - [2024-12-28T17:00:32.266+0000] {dag.py:4180} INFO - Setting next_dagrun for example_skip_dag to 2024-12-27 00:00:00+00:00, run_after=2024-12-28 00:00:00+00:00
[2024-12-28T17:00:32.282+0000] {processor.py:208} INFO - Processing /home/airflow/.local/lib/python3.12/site-packages/airflow/example_dags/example_skip_dag.py took 0.070 seconds
[2024-12-28T17:01:02.716+0000] {processor.py:186} INFO - Started process (PID=1177) to work on /home/airflow/.local/lib/python3.12/site-packages/airflow/example_dags/example_skip_dag.py
[2024-12-28T17:01:02.717+0000] {processor.py:914} INFO - Processing file /home/airflow/.local/lib/python3.12/site-packages/airflow/example_dags/example_skip_dag.py for tasks to queue
[2024-12-28T17:01:02.719+0000] {logging_mixin.py:190} INFO - [2024-12-28T17:01:02.719+0000] {dagbag.py:588} INFO - Filling up the DagBag from /home/airflow/.local/lib/python3.12/site-packages/airflow/example_dags/example_skip_dag.py
[2024-12-28T17:01:02.726+0000] {processor.py:925} INFO - DAG(s) 'example_skip_dag' retrieved from /home/airflow/.local/lib/python3.12/site-packages/airflow/example_dags/example_skip_dag.py
[2024-12-28T17:01:02.746+0000] {logging_mixin.py:190} INFO - [2024-12-28T17:01:02.746+0000] {dag.py:3239} INFO - Sync 1 DAGs
[2024-12-28T17:01:02.766+0000] {logging_mixin.py:190} INFO - [2024-12-28T17:01:02.766+0000] {dag.py:4180} INFO - Setting next_dagrun for example_skip_dag to 2024-12-27 00:00:00+00:00, run_after=2024-12-28 00:00:00+00:00
[2024-12-28T17:01:02.783+0000] {processor.py:208} INFO - Processing /home/airflow/.local/lib/python3.12/site-packages/airflow/example_dags/example_skip_dag.py took 0.072 seconds
[2024-12-28T17:01:33.621+0000] {processor.py:186} INFO - Started process (PID=1241) to work on /home/airflow/.local/lib/python3.12/site-packages/airflow/example_dags/example_skip_dag.py
[2024-12-28T17:01:33.622+0000] {processor.py:914} INFO - Processing file /home/airflow/.local/lib/python3.12/site-packages/airflow/example_dags/example_skip_dag.py for tasks to queue
[2024-12-28T17:01:33.625+0000] {logging_mixin.py:190} INFO - [2024-12-28T17:01:33.624+0000] {dagbag.py:588} INFO - Filling up the DagBag from /home/airflow/.local/lib/python3.12/site-packages/airflow/example_dags/example_skip_dag.py
[2024-12-28T17:01:33.632+0000] {processor.py:925} INFO - DAG(s) 'example_skip_dag' retrieved from /home/airflow/.local/lib/python3.12/site-packages/airflow/example_dags/example_skip_dag.py
[2024-12-28T17:01:33.655+0000] {logging_mixin.py:190} INFO - [2024-12-28T17:01:33.654+0000] {dag.py:3239} INFO - Sync 1 DAGs
[2024-12-28T17:01:33.678+0000] {logging_mixin.py:190} INFO - [2024-12-28T17:01:33.678+0000] {dag.py:4180} INFO - Setting next_dagrun for example_skip_dag to 2024-12-27 00:00:00+00:00, run_after=2024-12-28 00:00:00+00:00
[2024-12-28T17:01:33.695+0000] {processor.py:208} INFO - Processing /home/airflow/.local/lib/python3.12/site-packages/airflow/example_dags/example_skip_dag.py took 0.080 seconds
[2024-12-28T17:02:04.173+0000] {processor.py:186} INFO - Started process (PID=1305) to work on /home/airflow/.local/lib/python3.12/site-packages/airflow/example_dags/example_skip_dag.py
[2024-12-28T17:02:04.174+0000] {processor.py:914} INFO - Processing file /home/airflow/.local/lib/python3.12/site-packages/airflow/example_dags/example_skip_dag.py for tasks to queue
[2024-12-28T17:02:04.176+0000] {logging_mixin.py:190} INFO - [2024-12-28T17:02:04.176+0000] {dagbag.py:588} INFO - Filling up the DagBag from /home/airflow/.local/lib/python3.12/site-packages/airflow/example_dags/example_skip_dag.py
[2024-12-28T17:02:04.183+0000] {processor.py:925} INFO - DAG(s) 'example_skip_dag' retrieved from /home/airflow/.local/lib/python3.12/site-packages/airflow/example_dags/example_skip_dag.py
[2024-12-28T17:02:04.202+0000] {logging_mixin.py:190} INFO - [2024-12-28T17:02:04.202+0000] {dag.py:3239} INFO - Sync 1 DAGs
[2024-12-28T17:02:04.222+0000] {logging_mixin.py:190} INFO - [2024-12-28T17:02:04.222+0000] {dag.py:4180} INFO - Setting next_dagrun for example_skip_dag to 2024-12-27 00:00:00+00:00, run_after=2024-12-28 00:00:00+00:00
[2024-12-28T17:02:04.238+0000] {processor.py:208} INFO - Processing /home/airflow/.local/lib/python3.12/site-packages/airflow/example_dags/example_skip_dag.py took 0.070 seconds
[2024-12-28T17:02:34.952+0000] {processor.py:186} INFO - Started process (PID=1378) to work on /home/airflow/.local/lib/python3.12/site-packages/airflow/example_dags/example_skip_dag.py
[2024-12-28T17:02:34.953+0000] {processor.py:914} INFO - Processing file /home/airflow/.local/lib/python3.12/site-packages/airflow/example_dags/example_skip_dag.py for tasks to queue
[2024-12-28T17:02:34.955+0000] {logging_mixin.py:190} INFO - [2024-12-28T17:02:34.955+0000] {dagbag.py:588} INFO - Filling up the DagBag from /home/airflow/.local/lib/python3.12/site-packages/airflow/example_dags/example_skip_dag.py
[2024-12-28T17:02:34.962+0000] {processor.py:925} INFO - DAG(s) 'example_skip_dag' retrieved from /home/airflow/.local/lib/python3.12/site-packages/airflow/example_dags/example_skip_dag.py
[2024-12-28T17:02:34.982+0000] {logging_mixin.py:190} INFO - [2024-12-28T17:02:34.982+0000] {dag.py:3239} INFO - Sync 1 DAGs
[2024-12-28T17:02:35.002+0000] {logging_mixin.py:190} INFO - [2024-12-28T17:02:35.002+0000] {dag.py:4180} INFO - Setting next_dagrun for example_skip_dag to 2024-12-27 00:00:00+00:00, run_after=2024-12-28 00:00:00+00:00
[2024-12-28T17:02:35.018+0000] {processor.py:208} INFO - Processing /home/airflow/.local/lib/python3.12/site-packages/airflow/example_dags/example_skip_dag.py took 0.071 seconds
[2024-12-28T17:03:05.359+0000] {processor.py:186} INFO - Started process (PID=1451) to work on /home/airflow/.local/lib/python3.12/site-packages/airflow/example_dags/example_skip_dag.py
[2024-12-28T17:03:05.360+0000] {processor.py:914} INFO - Processing file /home/airflow/.local/lib/python3.12/site-packages/airflow/example_dags/example_skip_dag.py for tasks to queue
[2024-12-28T17:03:05.362+0000] {logging_mixin.py:190} INFO - [2024-12-28T17:03:05.361+0000] {dagbag.py:588} INFO - Filling up the DagBag from /home/airflow/.local/lib/python3.12/site-packages/airflow/example_dags/example_skip_dag.py
[2024-12-28T17:03:05.369+0000] {processor.py:925} INFO - DAG(s) 'example_skip_dag' retrieved from /home/airflow/.local/lib/python3.12/site-packages/airflow/example_dags/example_skip_dag.py
[2024-12-28T17:03:05.391+0000] {logging_mixin.py:190} INFO - [2024-12-28T17:03:05.390+0000] {dag.py:3239} INFO - Sync 1 DAGs
[2024-12-28T17:03:05.414+0000] {logging_mixin.py:190} INFO - [2024-12-28T17:03:05.414+0000] {dag.py:4180} INFO - Setting next_dagrun for example_skip_dag to 2024-12-27 00:00:00+00:00, run_after=2024-12-28 00:00:00+00:00
[2024-12-28T17:03:05.433+0000] {processor.py:208} INFO - Processing /home/airflow/.local/lib/python3.12/site-packages/airflow/example_dags/example_skip_dag.py took 0.080 seconds
[2024-12-28T17:03:36.193+0000] {processor.py:186} INFO - Started process (PID=1528) to work on /home/airflow/.local/lib/python3.12/site-packages/airflow/example_dags/example_skip_dag.py
[2024-12-28T17:03:36.198+0000] {processor.py:914} INFO - Processing file /home/airflow/.local/lib/python3.12/site-packages/airflow/example_dags/example_skip_dag.py for tasks to queue
[2024-12-28T17:03:36.202+0000] {logging_mixin.py:190} INFO - [2024-12-28T17:03:36.201+0000] {dagbag.py:588} INFO - Filling up the DagBag from /home/airflow/.local/lib/python3.12/site-packages/airflow/example_dags/example_skip_dag.py
[2024-12-28T17:03:36.217+0000] {processor.py:925} INFO - DAG(s) 'example_skip_dag' retrieved from /home/airflow/.local/lib/python3.12/site-packages/airflow/example_dags/example_skip_dag.py
[2024-12-28T17:03:36.254+0000] {logging_mixin.py:190} INFO - [2024-12-28T17:03:36.253+0000] {dag.py:3239} INFO - Sync 1 DAGs
[2024-12-28T17:03:36.293+0000] {logging_mixin.py:190} INFO - [2024-12-28T17:03:36.293+0000] {dag.py:4180} INFO - Setting next_dagrun for example_skip_dag to 2024-12-27 00:00:00+00:00, run_after=2024-12-28 00:00:00+00:00
[2024-12-28T17:03:36.331+0000] {processor.py:208} INFO - Processing /home/airflow/.local/lib/python3.12/site-packages/airflow/example_dags/example_skip_dag.py took 0.148 seconds
