[2024-12-28T16:38:37.686+0000] {processor.py:186} INFO - Started process (PID=109) to work on /home/airflow/.local/lib/python3.12/site-packages/airflow/example_dags/example_subdag_operator.py
[2024-12-28T16:38:37.687+0000] {processor.py:914} INFO - Processing file /home/airflow/.local/lib/python3.12/site-packages/airflow/example_dags/example_subdag_operator.py for tasks to queue
[2024-12-28T16:38:37.690+0000] {logging_mixin.py:190} INFO - [2024-12-28T16:38:37.689+0000] {dagbag.py:588} INFO - Filling up the DagBag from /home/airflow/.local/lib/python3.12/site-packages/airflow/example_dags/example_subdag_operator.py
[2024-12-28T16:38:37.717+0000] {processor.py:925} INFO - DAG(s) 'example_subdag_operator.section-1', 'example_subdag_operator.section-2', 'example_subdag_operator' retrieved from /home/airflow/.local/lib/python3.12/site-packages/airflow/example_dags/example_subdag_operator.py
[2024-12-28T16:38:37.810+0000] {logging_mixin.py:190} INFO - [2024-12-28T16:38:37.810+0000] {override.py:1911} INFO - Created Permission View: can delete on DAG:example_subdag_operator
[2024-12-28T16:38:37.819+0000] {logging_mixin.py:190} INFO - [2024-12-28T16:38:37.819+0000] {override.py:1911} INFO - Created Permission View: can edit on DAG:example_subdag_operator
[2024-12-28T16:38:37.825+0000] {logging_mixin.py:190} INFO - [2024-12-28T16:38:37.824+0000] {override.py:1911} INFO - Created Permission View: can read on DAG:example_subdag_operator
[2024-12-28T16:38:37.831+0000] {logging_mixin.py:190} INFO - [2024-12-28T16:38:37.830+0000] {override.py:1911} INFO - Created Permission View: can create on DAG Run:example_subdag_operator
[2024-12-28T16:38:37.836+0000] {logging_mixin.py:190} INFO - [2024-12-28T16:38:37.836+0000] {override.py:1911} INFO - Created Permission View: can delete on DAG Run:example_subdag_operator
[2024-12-28T16:38:37.842+0000] {logging_mixin.py:190} INFO - [2024-12-28T16:38:37.841+0000] {override.py:1911} INFO - Created Permission View: menu access on DAG Run:example_subdag_operator
[2024-12-28T16:38:37.847+0000] {logging_mixin.py:190} INFO - [2024-12-28T16:38:37.847+0000] {override.py:1911} INFO - Created Permission View: can read on DAG Run:example_subdag_operator
[2024-12-28T16:38:37.848+0000] {logging_mixin.py:190} INFO - [2024-12-28T16:38:37.848+0000] {dag.py:3239} INFO - Sync 3 DAGs
[2024-12-28T16:38:37.862+0000] {logging_mixin.py:190} INFO - [2024-12-28T16:38:37.861+0000] {dag.py:3262} INFO - Creating ORM DAG for example_subdag_operator
[2024-12-28T16:38:37.862+0000] {logging_mixin.py:190} INFO - [2024-12-28T16:38:37.862+0000] {dag.py:3262} INFO - Creating ORM DAG for example_subdag_operator.section-2
[2024-12-28T16:38:37.862+0000] {logging_mixin.py:190} INFO - [2024-12-28T16:38:37.862+0000] {dag.py:3262} INFO - Creating ORM DAG for example_subdag_operator.section-1
[2024-12-28T16:38:37.871+0000] {logging_mixin.py:190} INFO - [2024-12-28T16:38:37.870+0000] {dag.py:4180} INFO - Setting next_dagrun for example_subdag_operator to 2022-01-01 00:00:00+00:00, run_after=2022-01-01 00:00:00+00:00
[2024-12-28T16:38:37.871+0000] {logging_mixin.py:190} INFO - [2024-12-28T16:38:37.871+0000] {dag.py:4180} INFO - Setting next_dagrun for example_subdag_operator.section-1 to None, run_after=None
[2024-12-28T16:38:37.871+0000] {logging_mixin.py:190} INFO - [2024-12-28T16:38:37.871+0000] {dag.py:4180} INFO - Setting next_dagrun for example_subdag_operator.section-2 to None, run_after=None
[2024-12-28T16:38:37.880+0000] {logging_mixin.py:190} INFO - [2024-12-28T16:38:37.880+0000] {dag.py:3239} INFO - Sync 2 DAGs
[2024-12-28T16:38:37.885+0000] {logging_mixin.py:190} INFO - [2024-12-28T16:38:37.885+0000] {dag.py:4180} INFO - Setting next_dagrun for example_subdag_operator.section-1 to None, run_after=None
[2024-12-28T16:38:37.887+0000] {logging_mixin.py:190} INFO - [2024-12-28T16:38:37.887+0000] {dag.py:4180} INFO - Setting next_dagrun for example_subdag_operator.section-2 to None, run_after=None
[2024-12-28T16:38:37.898+0000] {processor.py:208} INFO - Processing /home/airflow/.local/lib/python3.12/site-packages/airflow/example_dags/example_subdag_operator.py took 0.218 seconds
[2024-12-28T16:39:08.377+0000] {processor.py:186} INFO - Started process (PID=171) to work on /home/airflow/.local/lib/python3.12/site-packages/airflow/example_dags/example_subdag_operator.py
[2024-12-28T16:39:08.378+0000] {processor.py:914} INFO - Processing file /home/airflow/.local/lib/python3.12/site-packages/airflow/example_dags/example_subdag_operator.py for tasks to queue
[2024-12-28T16:39:08.383+0000] {logging_mixin.py:190} INFO - [2024-12-28T16:39:08.382+0000] {dagbag.py:588} INFO - Filling up the DagBag from /home/airflow/.local/lib/python3.12/site-packages/airflow/example_dags/example_subdag_operator.py
[2024-12-28T16:39:08.412+0000] {processor.py:925} INFO - DAG(s) 'example_subdag_operator.section-1', 'example_subdag_operator.section-2', 'example_subdag_operator' retrieved from /home/airflow/.local/lib/python3.12/site-packages/airflow/example_dags/example_subdag_operator.py
[2024-12-28T16:39:08.429+0000] {logging_mixin.py:190} INFO - [2024-12-28T16:39:08.428+0000] {dag.py:3239} INFO - Sync 3 DAGs
[2024-12-28T16:39:08.456+0000] {logging_mixin.py:190} INFO - [2024-12-28T16:39:08.456+0000] {dag.py:4180} INFO - Setting next_dagrun for example_subdag_operator to 2022-01-01 00:00:00+00:00, run_after=2022-01-01 00:00:00+00:00
[2024-12-28T16:39:08.460+0000] {logging_mixin.py:190} INFO - [2024-12-28T16:39:08.460+0000] {dag.py:4180} INFO - Setting next_dagrun for example_subdag_operator.section-1 to None, run_after=None
[2024-12-28T16:39:08.463+0000] {logging_mixin.py:190} INFO - [2024-12-28T16:39:08.462+0000] {dag.py:4180} INFO - Setting next_dagrun for example_subdag_operator.section-2 to None, run_after=None
[2024-12-28T16:39:08.473+0000] {logging_mixin.py:190} INFO - [2024-12-28T16:39:08.473+0000] {dag.py:3239} INFO - Sync 2 DAGs
[2024-12-28T16:39:08.481+0000] {logging_mixin.py:190} INFO - [2024-12-28T16:39:08.480+0000] {dag.py:4180} INFO - Setting next_dagrun for example_subdag_operator.section-1 to None, run_after=None
[2024-12-28T16:39:08.481+0000] {logging_mixin.py:190} INFO - [2024-12-28T16:39:08.481+0000] {dag.py:4180} INFO - Setting next_dagrun for example_subdag_operator.section-2 to None, run_after=None
[2024-12-28T16:39:08.494+0000] {processor.py:208} INFO - Processing /home/airflow/.local/lib/python3.12/site-packages/airflow/example_dags/example_subdag_operator.py took 0.126 seconds
[2024-12-28T16:39:38.723+0000] {processor.py:186} INFO - Started process (PID=234) to work on /home/airflow/.local/lib/python3.12/site-packages/airflow/example_dags/example_subdag_operator.py
[2024-12-28T16:39:38.724+0000] {processor.py:914} INFO - Processing file /home/airflow/.local/lib/python3.12/site-packages/airflow/example_dags/example_subdag_operator.py for tasks to queue
[2024-12-28T16:39:38.727+0000] {logging_mixin.py:190} INFO - [2024-12-28T16:39:38.726+0000] {dagbag.py:588} INFO - Filling up the DagBag from /home/airflow/.local/lib/python3.12/site-packages/airflow/example_dags/example_subdag_operator.py
[2024-12-28T16:39:38.753+0000] {processor.py:925} INFO - DAG(s) 'example_subdag_operator.section-1', 'example_subdag_operator.section-2', 'example_subdag_operator' retrieved from /home/airflow/.local/lib/python3.12/site-packages/airflow/example_dags/example_subdag_operator.py
[2024-12-28T16:39:38.767+0000] {logging_mixin.py:190} INFO - [2024-12-28T16:39:38.767+0000] {dag.py:3239} INFO - Sync 3 DAGs
[2024-12-28T16:39:38.789+0000] {logging_mixin.py:190} INFO - [2024-12-28T16:39:38.788+0000] {dag.py:4180} INFO - Setting next_dagrun for example_subdag_operator to 2022-01-01 00:00:00+00:00, run_after=2022-01-01 00:00:00+00:00
[2024-12-28T16:39:38.792+0000] {logging_mixin.py:190} INFO - [2024-12-28T16:39:38.792+0000] {dag.py:4180} INFO - Setting next_dagrun for example_subdag_operator.section-1 to None, run_after=None
[2024-12-28T16:39:38.793+0000] {logging_mixin.py:190} INFO - [2024-12-28T16:39:38.793+0000] {dag.py:4180} INFO - Setting next_dagrun for example_subdag_operator.section-2 to None, run_after=None
[2024-12-28T16:39:38.800+0000] {logging_mixin.py:190} INFO - [2024-12-28T16:39:38.800+0000] {dag.py:3239} INFO - Sync 2 DAGs
[2024-12-28T16:39:38.805+0000] {logging_mixin.py:190} INFO - [2024-12-28T16:39:38.805+0000] {dag.py:4180} INFO - Setting next_dagrun for example_subdag_operator.section-1 to None, run_after=None
[2024-12-28T16:39:38.806+0000] {logging_mixin.py:190} INFO - [2024-12-28T16:39:38.806+0000] {dag.py:4180} INFO - Setting next_dagrun for example_subdag_operator.section-2 to None, run_after=None
[2024-12-28T16:39:38.816+0000] {processor.py:208} INFO - Processing /home/airflow/.local/lib/python3.12/site-packages/airflow/example_dags/example_subdag_operator.py took 0.098 seconds
[2024-12-28T16:40:09.928+0000] {processor.py:186} INFO - Started process (PID=297) to work on /home/airflow/.local/lib/python3.12/site-packages/airflow/example_dags/example_subdag_operator.py
[2024-12-28T16:40:09.929+0000] {processor.py:914} INFO - Processing file /home/airflow/.local/lib/python3.12/site-packages/airflow/example_dags/example_subdag_operator.py for tasks to queue
[2024-12-28T16:40:09.932+0000] {logging_mixin.py:190} INFO - [2024-12-28T16:40:09.931+0000] {dagbag.py:588} INFO - Filling up the DagBag from /home/airflow/.local/lib/python3.12/site-packages/airflow/example_dags/example_subdag_operator.py
[2024-12-28T16:40:09.959+0000] {processor.py:925} INFO - DAG(s) 'example_subdag_operator.section-1', 'example_subdag_operator.section-2', 'example_subdag_operator' retrieved from /home/airflow/.local/lib/python3.12/site-packages/airflow/example_dags/example_subdag_operator.py
[2024-12-28T16:40:09.976+0000] {logging_mixin.py:190} INFO - [2024-12-28T16:40:09.975+0000] {dag.py:3239} INFO - Sync 3 DAGs
[2024-12-28T16:40:10.001+0000] {logging_mixin.py:190} INFO - [2024-12-28T16:40:10.000+0000] {dag.py:4180} INFO - Setting next_dagrun for example_subdag_operator to 2022-01-01 00:00:00+00:00, run_after=2022-01-01 00:00:00+00:00
[2024-12-28T16:40:10.006+0000] {logging_mixin.py:190} INFO - [2024-12-28T16:40:10.006+0000] {dag.py:4180} INFO - Setting next_dagrun for example_subdag_operator.section-1 to None, run_after=None
[2024-12-28T16:40:10.008+0000] {logging_mixin.py:190} INFO - [2024-12-28T16:40:10.007+0000] {dag.py:4180} INFO - Setting next_dagrun for example_subdag_operator.section-2 to None, run_after=None
[2024-12-28T16:40:10.016+0000] {logging_mixin.py:190} INFO - [2024-12-28T16:40:10.015+0000] {dag.py:3239} INFO - Sync 2 DAGs
[2024-12-28T16:40:10.022+0000] {logging_mixin.py:190} INFO - [2024-12-28T16:40:10.021+0000] {dag.py:4180} INFO - Setting next_dagrun for example_subdag_operator.section-1 to None, run_after=None
[2024-12-28T16:40:10.022+0000] {logging_mixin.py:190} INFO - [2024-12-28T16:40:10.022+0000] {dag.py:4180} INFO - Setting next_dagrun for example_subdag_operator.section-2 to None, run_after=None
[2024-12-28T16:40:10.031+0000] {processor.py:208} INFO - Processing /home/airflow/.local/lib/python3.12/site-packages/airflow/example_dags/example_subdag_operator.py took 0.108 seconds
[2024-12-28T16:42:42.323+0000] {processor.py:186} INFO - Started process (PID=114) to work on /home/airflow/.local/lib/python3.12/site-packages/airflow/example_dags/example_subdag_operator.py
[2024-12-28T16:42:42.324+0000] {processor.py:914} INFO - Processing file /home/airflow/.local/lib/python3.12/site-packages/airflow/example_dags/example_subdag_operator.py for tasks to queue
[2024-12-28T16:42:42.326+0000] {logging_mixin.py:190} INFO - [2024-12-28T16:42:42.326+0000] {dagbag.py:588} INFO - Filling up the DagBag from /home/airflow/.local/lib/python3.12/site-packages/airflow/example_dags/example_subdag_operator.py
[2024-12-28T16:42:42.354+0000] {processor.py:925} INFO - DAG(s) 'example_subdag_operator.section-1', 'example_subdag_operator.section-2', 'example_subdag_operator' retrieved from /home/airflow/.local/lib/python3.12/site-packages/airflow/example_dags/example_subdag_operator.py
[2024-12-28T16:42:42.367+0000] {logging_mixin.py:190} INFO - [2024-12-28T16:42:42.367+0000] {dag.py:3239} INFO - Sync 3 DAGs
[2024-12-28T16:42:42.391+0000] {logging_mixin.py:190} INFO - [2024-12-28T16:42:42.391+0000] {dag.py:4180} INFO - Setting next_dagrun for example_subdag_operator to 2022-01-01 00:00:00+00:00, run_after=2022-01-01 00:00:00+00:00
[2024-12-28T16:42:42.395+0000] {logging_mixin.py:190} INFO - [2024-12-28T16:42:42.395+0000] {dag.py:4180} INFO - Setting next_dagrun for example_subdag_operator.section-1 to None, run_after=None
[2024-12-28T16:42:42.397+0000] {logging_mixin.py:190} INFO - [2024-12-28T16:42:42.396+0000] {dag.py:4180} INFO - Setting next_dagrun for example_subdag_operator.section-2 to None, run_after=None
[2024-12-28T16:42:42.404+0000] {logging_mixin.py:190} INFO - [2024-12-28T16:42:42.404+0000] {dag.py:3239} INFO - Sync 2 DAGs
[2024-12-28T16:42:42.410+0000] {logging_mixin.py:190} INFO - [2024-12-28T16:42:42.410+0000] {dag.py:4180} INFO - Setting next_dagrun for example_subdag_operator.section-1 to None, run_after=None
[2024-12-28T16:42:42.410+0000] {logging_mixin.py:190} INFO - [2024-12-28T16:42:42.410+0000] {dag.py:4180} INFO - Setting next_dagrun for example_subdag_operator.section-2 to None, run_after=None
[2024-12-28T16:42:42.422+0000] {processor.py:208} INFO - Processing /home/airflow/.local/lib/python3.12/site-packages/airflow/example_dags/example_subdag_operator.py took 0.104 seconds
[2024-12-28T16:43:13.913+0000] {processor.py:186} INFO - Started process (PID=177) to work on /home/airflow/.local/lib/python3.12/site-packages/airflow/example_dags/example_subdag_operator.py
[2024-12-28T16:43:13.914+0000] {processor.py:914} INFO - Processing file /home/airflow/.local/lib/python3.12/site-packages/airflow/example_dags/example_subdag_operator.py for tasks to queue
[2024-12-28T16:43:13.916+0000] {logging_mixin.py:190} INFO - [2024-12-28T16:43:13.916+0000] {dagbag.py:588} INFO - Filling up the DagBag from /home/airflow/.local/lib/python3.12/site-packages/airflow/example_dags/example_subdag_operator.py
[2024-12-28T16:43:13.945+0000] {processor.py:925} INFO - DAG(s) 'example_subdag_operator.section-1', 'example_subdag_operator.section-2', 'example_subdag_operator' retrieved from /home/airflow/.local/lib/python3.12/site-packages/airflow/example_dags/example_subdag_operator.py
[2024-12-28T16:43:13.962+0000] {logging_mixin.py:190} INFO - [2024-12-28T16:43:13.961+0000] {dag.py:3239} INFO - Sync 3 DAGs
[2024-12-28T16:43:13.983+0000] {logging_mixin.py:190} INFO - [2024-12-28T16:43:13.983+0000] {dag.py:4180} INFO - Setting next_dagrun for example_subdag_operator to 2022-01-01 00:00:00+00:00, run_after=2022-01-01 00:00:00+00:00
[2024-12-28T16:43:13.986+0000] {logging_mixin.py:190} INFO - [2024-12-28T16:43:13.986+0000] {dag.py:4180} INFO - Setting next_dagrun for example_subdag_operator.section-1 to None, run_after=None
[2024-12-28T16:43:13.988+0000] {logging_mixin.py:190} INFO - [2024-12-28T16:43:13.988+0000] {dag.py:4180} INFO - Setting next_dagrun for example_subdag_operator.section-2 to None, run_after=None
[2024-12-28T16:43:13.995+0000] {logging_mixin.py:190} INFO - [2024-12-28T16:43:13.995+0000] {dag.py:3239} INFO - Sync 2 DAGs
[2024-12-28T16:43:14.001+0000] {logging_mixin.py:190} INFO - [2024-12-28T16:43:14.000+0000] {dag.py:4180} INFO - Setting next_dagrun for example_subdag_operator.section-1 to None, run_after=None
[2024-12-28T16:43:14.001+0000] {logging_mixin.py:190} INFO - [2024-12-28T16:43:14.001+0000] {dag.py:4180} INFO - Setting next_dagrun for example_subdag_operator.section-2 to None, run_after=None
[2024-12-28T16:43:14.013+0000] {processor.py:208} INFO - Processing /home/airflow/.local/lib/python3.12/site-packages/airflow/example_dags/example_subdag_operator.py took 0.106 seconds
[2024-12-28T16:43:45.443+0000] {processor.py:186} INFO - Started process (PID=239) to work on /home/airflow/.local/lib/python3.12/site-packages/airflow/example_dags/example_subdag_operator.py
[2024-12-28T16:43:45.444+0000] {processor.py:914} INFO - Processing file /home/airflow/.local/lib/python3.12/site-packages/airflow/example_dags/example_subdag_operator.py for tasks to queue
[2024-12-28T16:43:45.446+0000] {logging_mixin.py:190} INFO - [2024-12-28T16:43:45.445+0000] {dagbag.py:588} INFO - Filling up the DagBag from /home/airflow/.local/lib/python3.12/site-packages/airflow/example_dags/example_subdag_operator.py
[2024-12-28T16:43:45.472+0000] {processor.py:925} INFO - DAG(s) 'example_subdag_operator.section-1', 'example_subdag_operator.section-2', 'example_subdag_operator' retrieved from /home/airflow/.local/lib/python3.12/site-packages/airflow/example_dags/example_subdag_operator.py
[2024-12-28T16:43:45.485+0000] {logging_mixin.py:190} INFO - [2024-12-28T16:43:45.484+0000] {dag.py:3239} INFO - Sync 3 DAGs
[2024-12-28T16:43:45.507+0000] {logging_mixin.py:190} INFO - [2024-12-28T16:43:45.507+0000] {dag.py:4180} INFO - Setting next_dagrun for example_subdag_operator to 2022-01-01 00:00:00+00:00, run_after=2022-01-01 00:00:00+00:00
[2024-12-28T16:43:45.510+0000] {logging_mixin.py:190} INFO - [2024-12-28T16:43:45.510+0000] {dag.py:4180} INFO - Setting next_dagrun for example_subdag_operator.section-1 to None, run_after=None
[2024-12-28T16:43:45.512+0000] {logging_mixin.py:190} INFO - [2024-12-28T16:43:45.512+0000] {dag.py:4180} INFO - Setting next_dagrun for example_subdag_operator.section-2 to None, run_after=None
[2024-12-28T16:43:45.518+0000] {logging_mixin.py:190} INFO - [2024-12-28T16:43:45.518+0000] {dag.py:3239} INFO - Sync 2 DAGs
[2024-12-28T16:43:45.524+0000] {logging_mixin.py:190} INFO - [2024-12-28T16:43:45.524+0000] {dag.py:4180} INFO - Setting next_dagrun for example_subdag_operator.section-1 to None, run_after=None
[2024-12-28T16:43:45.524+0000] {logging_mixin.py:190} INFO - [2024-12-28T16:43:45.524+0000] {dag.py:4180} INFO - Setting next_dagrun for example_subdag_operator.section-2 to None, run_after=None
[2024-12-28T16:43:45.534+0000] {processor.py:208} INFO - Processing /home/airflow/.local/lib/python3.12/site-packages/airflow/example_dags/example_subdag_operator.py took 0.097 seconds
[2024-12-28T16:44:17.162+0000] {processor.py:186} INFO - Started process (PID=302) to work on /home/airflow/.local/lib/python3.12/site-packages/airflow/example_dags/example_subdag_operator.py
[2024-12-28T16:44:17.163+0000] {processor.py:914} INFO - Processing file /home/airflow/.local/lib/python3.12/site-packages/airflow/example_dags/example_subdag_operator.py for tasks to queue
[2024-12-28T16:44:17.165+0000] {logging_mixin.py:190} INFO - [2024-12-28T16:44:17.165+0000] {dagbag.py:588} INFO - Filling up the DagBag from /home/airflow/.local/lib/python3.12/site-packages/airflow/example_dags/example_subdag_operator.py
[2024-12-28T16:44:17.190+0000] {processor.py:925} INFO - DAG(s) 'example_subdag_operator.section-1', 'example_subdag_operator.section-2', 'example_subdag_operator' retrieved from /home/airflow/.local/lib/python3.12/site-packages/airflow/example_dags/example_subdag_operator.py
[2024-12-28T16:44:17.204+0000] {logging_mixin.py:190} INFO - [2024-12-28T16:44:17.203+0000] {dag.py:3239} INFO - Sync 3 DAGs
[2024-12-28T16:44:17.228+0000] {logging_mixin.py:190} INFO - [2024-12-28T16:44:17.227+0000] {dag.py:4180} INFO - Setting next_dagrun for example_subdag_operator to 2022-01-01 00:00:00+00:00, run_after=2022-01-01 00:00:00+00:00
[2024-12-28T16:44:17.231+0000] {logging_mixin.py:190} INFO - [2024-12-28T16:44:17.231+0000] {dag.py:4180} INFO - Setting next_dagrun for example_subdag_operator.section-1 to None, run_after=None
[2024-12-28T16:44:17.233+0000] {logging_mixin.py:190} INFO - [2024-12-28T16:44:17.232+0000] {dag.py:4180} INFO - Setting next_dagrun for example_subdag_operator.section-2 to None, run_after=None
[2024-12-28T16:44:17.239+0000] {logging_mixin.py:190} INFO - [2024-12-28T16:44:17.239+0000] {dag.py:3239} INFO - Sync 2 DAGs
[2024-12-28T16:44:17.246+0000] {logging_mixin.py:190} INFO - [2024-12-28T16:44:17.246+0000] {dag.py:4180} INFO - Setting next_dagrun for example_subdag_operator.section-1 to None, run_after=None
[2024-12-28T16:44:17.247+0000] {logging_mixin.py:190} INFO - [2024-12-28T16:44:17.247+0000] {dag.py:4180} INFO - Setting next_dagrun for example_subdag_operator.section-2 to None, run_after=None
[2024-12-28T16:44:17.257+0000] {processor.py:208} INFO - Processing /home/airflow/.local/lib/python3.12/site-packages/airflow/example_dags/example_subdag_operator.py took 0.100 seconds
[2024-12-28T16:44:48.205+0000] {processor.py:186} INFO - Started process (PID=365) to work on /home/airflow/.local/lib/python3.12/site-packages/airflow/example_dags/example_subdag_operator.py
[2024-12-28T16:44:48.206+0000] {processor.py:914} INFO - Processing file /home/airflow/.local/lib/python3.12/site-packages/airflow/example_dags/example_subdag_operator.py for tasks to queue
[2024-12-28T16:44:48.208+0000] {logging_mixin.py:190} INFO - [2024-12-28T16:44:48.208+0000] {dagbag.py:588} INFO - Filling up the DagBag from /home/airflow/.local/lib/python3.12/site-packages/airflow/example_dags/example_subdag_operator.py
[2024-12-28T16:44:48.237+0000] {processor.py:925} INFO - DAG(s) 'example_subdag_operator.section-1', 'example_subdag_operator.section-2', 'example_subdag_operator' retrieved from /home/airflow/.local/lib/python3.12/site-packages/airflow/example_dags/example_subdag_operator.py
[2024-12-28T16:44:48.250+0000] {logging_mixin.py:190} INFO - [2024-12-28T16:44:48.250+0000] {dag.py:3239} INFO - Sync 3 DAGs
[2024-12-28T16:44:48.273+0000] {logging_mixin.py:190} INFO - [2024-12-28T16:44:48.272+0000] {dag.py:4180} INFO - Setting next_dagrun for example_subdag_operator to 2022-01-01 00:00:00+00:00, run_after=2022-01-01 00:00:00+00:00
[2024-12-28T16:44:48.276+0000] {logging_mixin.py:190} INFO - [2024-12-28T16:44:48.276+0000] {dag.py:4180} INFO - Setting next_dagrun for example_subdag_operator.section-1 to None, run_after=None
[2024-12-28T16:44:48.279+0000] {logging_mixin.py:190} INFO - [2024-12-28T16:44:48.279+0000] {dag.py:4180} INFO - Setting next_dagrun for example_subdag_operator.section-2 to None, run_after=None
[2024-12-28T16:44:48.285+0000] {logging_mixin.py:190} INFO - [2024-12-28T16:44:48.285+0000] {dag.py:3239} INFO - Sync 2 DAGs
[2024-12-28T16:44:48.291+0000] {logging_mixin.py:190} INFO - [2024-12-28T16:44:48.290+0000] {dag.py:4180} INFO - Setting next_dagrun for example_subdag_operator.section-1 to None, run_after=None
[2024-12-28T16:44:48.291+0000] {logging_mixin.py:190} INFO - [2024-12-28T16:44:48.291+0000] {dag.py:4180} INFO - Setting next_dagrun for example_subdag_operator.section-2 to None, run_after=None
[2024-12-28T16:44:48.302+0000] {processor.py:208} INFO - Processing /home/airflow/.local/lib/python3.12/site-packages/airflow/example_dags/example_subdag_operator.py took 0.103 seconds
[2024-12-28T16:45:19.905+0000] {processor.py:186} INFO - Started process (PID=428) to work on /home/airflow/.local/lib/python3.12/site-packages/airflow/example_dags/example_subdag_operator.py
[2024-12-28T16:45:19.906+0000] {processor.py:914} INFO - Processing file /home/airflow/.local/lib/python3.12/site-packages/airflow/example_dags/example_subdag_operator.py for tasks to queue
[2024-12-28T16:45:19.908+0000] {logging_mixin.py:190} INFO - [2024-12-28T16:45:19.908+0000] {dagbag.py:588} INFO - Filling up the DagBag from /home/airflow/.local/lib/python3.12/site-packages/airflow/example_dags/example_subdag_operator.py
[2024-12-28T16:45:19.934+0000] {processor.py:925} INFO - DAG(s) 'example_subdag_operator.section-1', 'example_subdag_operator.section-2', 'example_subdag_operator' retrieved from /home/airflow/.local/lib/python3.12/site-packages/airflow/example_dags/example_subdag_operator.py
[2024-12-28T16:45:19.949+0000] {logging_mixin.py:190} INFO - [2024-12-28T16:45:19.949+0000] {dag.py:3239} INFO - Sync 3 DAGs
[2024-12-28T16:45:19.972+0000] {logging_mixin.py:190} INFO - [2024-12-28T16:45:19.972+0000] {dag.py:4180} INFO - Setting next_dagrun for example_subdag_operator to 2022-01-01 00:00:00+00:00, run_after=2022-01-01 00:00:00+00:00
[2024-12-28T16:45:19.976+0000] {logging_mixin.py:190} INFO - [2024-12-28T16:45:19.976+0000] {dag.py:4180} INFO - Setting next_dagrun for example_subdag_operator.section-1 to None, run_after=None
[2024-12-28T16:45:19.977+0000] {logging_mixin.py:190} INFO - [2024-12-28T16:45:19.977+0000] {dag.py:4180} INFO - Setting next_dagrun for example_subdag_operator.section-2 to None, run_after=None
[2024-12-28T16:45:19.984+0000] {logging_mixin.py:190} INFO - [2024-12-28T16:45:19.984+0000] {dag.py:3239} INFO - Sync 2 DAGs
[2024-12-28T16:45:19.991+0000] {logging_mixin.py:190} INFO - [2024-12-28T16:45:19.991+0000] {dag.py:4180} INFO - Setting next_dagrun for example_subdag_operator.section-1 to None, run_after=None
[2024-12-28T16:45:19.991+0000] {logging_mixin.py:190} INFO - [2024-12-28T16:45:19.991+0000] {dag.py:4180} INFO - Setting next_dagrun for example_subdag_operator.section-2 to None, run_after=None
[2024-12-28T16:45:20.002+0000] {processor.py:208} INFO - Processing /home/airflow/.local/lib/python3.12/site-packages/airflow/example_dags/example_subdag_operator.py took 0.103 seconds
[2024-12-28T16:45:51.575+0000] {processor.py:186} INFO - Started process (PID=491) to work on /home/airflow/.local/lib/python3.12/site-packages/airflow/example_dags/example_subdag_operator.py
[2024-12-28T16:45:51.576+0000] {processor.py:914} INFO - Processing file /home/airflow/.local/lib/python3.12/site-packages/airflow/example_dags/example_subdag_operator.py for tasks to queue
[2024-12-28T16:45:51.578+0000] {logging_mixin.py:190} INFO - [2024-12-28T16:45:51.577+0000] {dagbag.py:588} INFO - Filling up the DagBag from /home/airflow/.local/lib/python3.12/site-packages/airflow/example_dags/example_subdag_operator.py
[2024-12-28T16:45:51.605+0000] {processor.py:925} INFO - DAG(s) 'example_subdag_operator.section-1', 'example_subdag_operator.section-2', 'example_subdag_operator' retrieved from /home/airflow/.local/lib/python3.12/site-packages/airflow/example_dags/example_subdag_operator.py
[2024-12-28T16:45:51.619+0000] {logging_mixin.py:190} INFO - [2024-12-28T16:45:51.619+0000] {dag.py:3239} INFO - Sync 3 DAGs
[2024-12-28T16:45:51.641+0000] {logging_mixin.py:190} INFO - [2024-12-28T16:45:51.641+0000] {dag.py:4180} INFO - Setting next_dagrun for example_subdag_operator to 2022-01-01 00:00:00+00:00, run_after=2022-01-01 00:00:00+00:00
[2024-12-28T16:45:51.645+0000] {logging_mixin.py:190} INFO - [2024-12-28T16:45:51.645+0000] {dag.py:4180} INFO - Setting next_dagrun for example_subdag_operator.section-1 to None, run_after=None
[2024-12-28T16:45:51.646+0000] {logging_mixin.py:190} INFO - [2024-12-28T16:45:51.646+0000] {dag.py:4180} INFO - Setting next_dagrun for example_subdag_operator.section-2 to None, run_after=None
[2024-12-28T16:45:51.653+0000] {logging_mixin.py:190} INFO - [2024-12-28T16:45:51.653+0000] {dag.py:3239} INFO - Sync 2 DAGs
[2024-12-28T16:45:51.660+0000] {logging_mixin.py:190} INFO - [2024-12-28T16:45:51.660+0000] {dag.py:4180} INFO - Setting next_dagrun for example_subdag_operator.section-1 to None, run_after=None
[2024-12-28T16:45:51.661+0000] {logging_mixin.py:190} INFO - [2024-12-28T16:45:51.661+0000] {dag.py:4180} INFO - Setting next_dagrun for example_subdag_operator.section-2 to None, run_after=None
[2024-12-28T16:45:51.671+0000] {processor.py:208} INFO - Processing /home/airflow/.local/lib/python3.12/site-packages/airflow/example_dags/example_subdag_operator.py took 0.102 seconds
[2024-12-28T16:46:23.018+0000] {processor.py:186} INFO - Started process (PID=554) to work on /home/airflow/.local/lib/python3.12/site-packages/airflow/example_dags/example_subdag_operator.py
[2024-12-28T16:46:23.019+0000] {processor.py:914} INFO - Processing file /home/airflow/.local/lib/python3.12/site-packages/airflow/example_dags/example_subdag_operator.py for tasks to queue
[2024-12-28T16:46:23.021+0000] {logging_mixin.py:190} INFO - [2024-12-28T16:46:23.021+0000] {dagbag.py:588} INFO - Filling up the DagBag from /home/airflow/.local/lib/python3.12/site-packages/airflow/example_dags/example_subdag_operator.py
[2024-12-28T16:46:23.047+0000] {processor.py:925} INFO - DAG(s) 'example_subdag_operator.section-1', 'example_subdag_operator.section-2', 'example_subdag_operator' retrieved from /home/airflow/.local/lib/python3.12/site-packages/airflow/example_dags/example_subdag_operator.py
[2024-12-28T16:46:23.061+0000] {logging_mixin.py:190} INFO - [2024-12-28T16:46:23.060+0000] {dag.py:3239} INFO - Sync 3 DAGs
[2024-12-28T16:46:23.083+0000] {logging_mixin.py:190} INFO - [2024-12-28T16:46:23.083+0000] {dag.py:4180} INFO - Setting next_dagrun for example_subdag_operator to 2022-01-01 00:00:00+00:00, run_after=2022-01-01 00:00:00+00:00
[2024-12-28T16:46:23.088+0000] {logging_mixin.py:190} INFO - [2024-12-28T16:46:23.088+0000] {dag.py:4180} INFO - Setting next_dagrun for example_subdag_operator.section-1 to None, run_after=None
[2024-12-28T16:46:23.090+0000] {logging_mixin.py:190} INFO - [2024-12-28T16:46:23.089+0000] {dag.py:4180} INFO - Setting next_dagrun for example_subdag_operator.section-2 to None, run_after=None
[2024-12-28T16:46:23.098+0000] {logging_mixin.py:190} INFO - [2024-12-28T16:46:23.098+0000] {dag.py:3239} INFO - Sync 2 DAGs
[2024-12-28T16:46:23.104+0000] {logging_mixin.py:190} INFO - [2024-12-28T16:46:23.104+0000] {dag.py:4180} INFO - Setting next_dagrun for example_subdag_operator.section-1 to None, run_after=None
[2024-12-28T16:46:23.104+0000] {logging_mixin.py:190} INFO - [2024-12-28T16:46:23.104+0000] {dag.py:4180} INFO - Setting next_dagrun for example_subdag_operator.section-2 to None, run_after=None
[2024-12-28T16:46:23.114+0000] {processor.py:208} INFO - Processing /home/airflow/.local/lib/python3.12/site-packages/airflow/example_dags/example_subdag_operator.py took 0.102 seconds
[2024-12-28T16:46:54.244+0000] {processor.py:186} INFO - Started process (PID=617) to work on /home/airflow/.local/lib/python3.12/site-packages/airflow/example_dags/example_subdag_operator.py
[2024-12-28T16:46:54.245+0000] {processor.py:914} INFO - Processing file /home/airflow/.local/lib/python3.12/site-packages/airflow/example_dags/example_subdag_operator.py for tasks to queue
[2024-12-28T16:46:54.247+0000] {logging_mixin.py:190} INFO - [2024-12-28T16:46:54.246+0000] {dagbag.py:588} INFO - Filling up the DagBag from /home/airflow/.local/lib/python3.12/site-packages/airflow/example_dags/example_subdag_operator.py
[2024-12-28T16:46:54.275+0000] {processor.py:925} INFO - DAG(s) 'example_subdag_operator.section-1', 'example_subdag_operator.section-2', 'example_subdag_operator' retrieved from /home/airflow/.local/lib/python3.12/site-packages/airflow/example_dags/example_subdag_operator.py
[2024-12-28T16:46:54.290+0000] {logging_mixin.py:190} INFO - [2024-12-28T16:46:54.290+0000] {dag.py:3239} INFO - Sync 3 DAGs
[2024-12-28T16:46:54.313+0000] {logging_mixin.py:190} INFO - [2024-12-28T16:46:54.312+0000] {dag.py:4180} INFO - Setting next_dagrun for example_subdag_operator to 2022-01-01 00:00:00+00:00, run_after=2022-01-01 00:00:00+00:00
[2024-12-28T16:46:54.316+0000] {logging_mixin.py:190} INFO - [2024-12-28T16:46:54.316+0000] {dag.py:4180} INFO - Setting next_dagrun for example_subdag_operator.section-1 to None, run_after=None
[2024-12-28T16:46:54.318+0000] {logging_mixin.py:190} INFO - [2024-12-28T16:46:54.318+0000] {dag.py:4180} INFO - Setting next_dagrun for example_subdag_operator.section-2 to None, run_after=None
[2024-12-28T16:46:54.324+0000] {logging_mixin.py:190} INFO - [2024-12-28T16:46:54.324+0000] {dag.py:3239} INFO - Sync 2 DAGs
[2024-12-28T16:46:54.330+0000] {logging_mixin.py:190} INFO - [2024-12-28T16:46:54.330+0000] {dag.py:4180} INFO - Setting next_dagrun for example_subdag_operator.section-1 to None, run_after=None
[2024-12-28T16:46:54.330+0000] {logging_mixin.py:190} INFO - [2024-12-28T16:46:54.330+0000] {dag.py:4180} INFO - Setting next_dagrun for example_subdag_operator.section-2 to None, run_after=None
[2024-12-28T16:46:54.339+0000] {processor.py:208} INFO - Processing /home/airflow/.local/lib/python3.12/site-packages/airflow/example_dags/example_subdag_operator.py took 0.102 seconds
[2024-12-28T16:47:25.770+0000] {processor.py:186} INFO - Started process (PID=681) to work on /home/airflow/.local/lib/python3.12/site-packages/airflow/example_dags/example_subdag_operator.py
[2024-12-28T16:47:25.771+0000] {processor.py:914} INFO - Processing file /home/airflow/.local/lib/python3.12/site-packages/airflow/example_dags/example_subdag_operator.py for tasks to queue
[2024-12-28T16:47:25.774+0000] {logging_mixin.py:190} INFO - [2024-12-28T16:47:25.773+0000] {dagbag.py:588} INFO - Filling up the DagBag from /home/airflow/.local/lib/python3.12/site-packages/airflow/example_dags/example_subdag_operator.py
[2024-12-28T16:47:25.798+0000] {processor.py:925} INFO - DAG(s) 'example_subdag_operator.section-1', 'example_subdag_operator.section-2', 'example_subdag_operator' retrieved from /home/airflow/.local/lib/python3.12/site-packages/airflow/example_dags/example_subdag_operator.py
[2024-12-28T16:47:25.813+0000] {logging_mixin.py:190} INFO - [2024-12-28T16:47:25.813+0000] {dag.py:3239} INFO - Sync 3 DAGs
[2024-12-28T16:47:25.834+0000] {logging_mixin.py:190} INFO - [2024-12-28T16:47:25.834+0000] {dag.py:4180} INFO - Setting next_dagrun for example_subdag_operator to 2022-01-01 00:00:00+00:00, run_after=2022-01-01 00:00:00+00:00
[2024-12-28T16:47:25.838+0000] {logging_mixin.py:190} INFO - [2024-12-28T16:47:25.837+0000] {dag.py:4180} INFO - Setting next_dagrun for example_subdag_operator.section-1 to None, run_after=None
[2024-12-28T16:47:25.840+0000] {logging_mixin.py:190} INFO - [2024-12-28T16:47:25.840+0000] {dag.py:4180} INFO - Setting next_dagrun for example_subdag_operator.section-2 to None, run_after=None
[2024-12-28T16:47:25.847+0000] {logging_mixin.py:190} INFO - [2024-12-28T16:47:25.847+0000] {dag.py:3239} INFO - Sync 2 DAGs
[2024-12-28T16:47:25.853+0000] {logging_mixin.py:190} INFO - [2024-12-28T16:47:25.852+0000] {dag.py:4180} INFO - Setting next_dagrun for example_subdag_operator.section-1 to None, run_after=None
[2024-12-28T16:47:25.853+0000] {logging_mixin.py:190} INFO - [2024-12-28T16:47:25.853+0000] {dag.py:4180} INFO - Setting next_dagrun for example_subdag_operator.section-2 to None, run_after=None
[2024-12-28T16:47:25.864+0000] {processor.py:208} INFO - Processing /home/airflow/.local/lib/python3.12/site-packages/airflow/example_dags/example_subdag_operator.py took 0.100 seconds
[2024-12-28T16:52:24.452+0000] {processor.py:186} INFO - Started process (PID=110) to work on /home/airflow/.local/lib/python3.12/site-packages/airflow/example_dags/example_subdag_operator.py
[2024-12-28T16:52:24.453+0000] {processor.py:914} INFO - Processing file /home/airflow/.local/lib/python3.12/site-packages/airflow/example_dags/example_subdag_operator.py for tasks to queue
[2024-12-28T16:52:24.455+0000] {logging_mixin.py:190} INFO - [2024-12-28T16:52:24.454+0000] {dagbag.py:588} INFO - Filling up the DagBag from /home/airflow/.local/lib/python3.12/site-packages/airflow/example_dags/example_subdag_operator.py
[2024-12-28T16:52:24.481+0000] {processor.py:925} INFO - DAG(s) 'example_subdag_operator.section-1', 'example_subdag_operator.section-2', 'example_subdag_operator' retrieved from /home/airflow/.local/lib/python3.12/site-packages/airflow/example_dags/example_subdag_operator.py
[2024-12-28T16:52:24.494+0000] {logging_mixin.py:190} INFO - [2024-12-28T16:52:24.493+0000] {dag.py:3239} INFO - Sync 3 DAGs
[2024-12-28T16:52:24.516+0000] {logging_mixin.py:190} INFO - [2024-12-28T16:52:24.515+0000] {dag.py:4180} INFO - Setting next_dagrun for example_subdag_operator to 2022-01-01 00:00:00+00:00, run_after=2022-01-01 00:00:00+00:00
[2024-12-28T16:52:24.519+0000] {logging_mixin.py:190} INFO - [2024-12-28T16:52:24.519+0000] {dag.py:4180} INFO - Setting next_dagrun for example_subdag_operator.section-1 to None, run_after=None
[2024-12-28T16:52:24.520+0000] {logging_mixin.py:190} INFO - [2024-12-28T16:52:24.520+0000] {dag.py:4180} INFO - Setting next_dagrun for example_subdag_operator.section-2 to None, run_after=None
[2024-12-28T16:52:24.527+0000] {logging_mixin.py:190} INFO - [2024-12-28T16:52:24.527+0000] {dag.py:3239} INFO - Sync 2 DAGs
[2024-12-28T16:52:24.533+0000] {logging_mixin.py:190} INFO - [2024-12-28T16:52:24.533+0000] {dag.py:4180} INFO - Setting next_dagrun for example_subdag_operator.section-1 to None, run_after=None
[2024-12-28T16:52:24.533+0000] {logging_mixin.py:190} INFO - [2024-12-28T16:52:24.533+0000] {dag.py:4180} INFO - Setting next_dagrun for example_subdag_operator.section-2 to None, run_after=None
[2024-12-28T16:52:24.542+0000] {processor.py:208} INFO - Processing /home/airflow/.local/lib/python3.12/site-packages/airflow/example_dags/example_subdag_operator.py took 0.096 seconds
[2024-12-28T16:52:55.491+0000] {processor.py:186} INFO - Started process (PID=174) to work on /home/airflow/.local/lib/python3.12/site-packages/airflow/example_dags/example_subdag_operator.py
[2024-12-28T16:52:55.492+0000] {processor.py:914} INFO - Processing file /home/airflow/.local/lib/python3.12/site-packages/airflow/example_dags/example_subdag_operator.py for tasks to queue
[2024-12-28T16:52:55.494+0000] {logging_mixin.py:190} INFO - [2024-12-28T16:52:55.494+0000] {dagbag.py:588} INFO - Filling up the DagBag from /home/airflow/.local/lib/python3.12/site-packages/airflow/example_dags/example_subdag_operator.py
[2024-12-28T16:52:55.519+0000] {processor.py:925} INFO - DAG(s) 'example_subdag_operator.section-1', 'example_subdag_operator.section-2', 'example_subdag_operator' retrieved from /home/airflow/.local/lib/python3.12/site-packages/airflow/example_dags/example_subdag_operator.py
[2024-12-28T16:52:55.532+0000] {logging_mixin.py:190} INFO - [2024-12-28T16:52:55.531+0000] {dag.py:3239} INFO - Sync 3 DAGs
[2024-12-28T16:52:55.553+0000] {logging_mixin.py:190} INFO - [2024-12-28T16:52:55.553+0000] {dag.py:4180} INFO - Setting next_dagrun for example_subdag_operator to 2022-01-01 00:00:00+00:00, run_after=2022-01-01 00:00:00+00:00
[2024-12-28T16:52:55.557+0000] {logging_mixin.py:190} INFO - [2024-12-28T16:52:55.556+0000] {dag.py:4180} INFO - Setting next_dagrun for example_subdag_operator.section-1 to None, run_after=None
[2024-12-28T16:52:55.558+0000] {logging_mixin.py:190} INFO - [2024-12-28T16:52:55.558+0000] {dag.py:4180} INFO - Setting next_dagrun for example_subdag_operator.section-2 to None, run_after=None
[2024-12-28T16:52:55.565+0000] {logging_mixin.py:190} INFO - [2024-12-28T16:52:55.564+0000] {dag.py:3239} INFO - Sync 2 DAGs
[2024-12-28T16:52:55.570+0000] {logging_mixin.py:190} INFO - [2024-12-28T16:52:55.569+0000] {dag.py:4180} INFO - Setting next_dagrun for example_subdag_operator.section-1 to None, run_after=None
[2024-12-28T16:52:55.570+0000] {logging_mixin.py:190} INFO - [2024-12-28T16:52:55.570+0000] {dag.py:4180} INFO - Setting next_dagrun for example_subdag_operator.section-2 to None, run_after=None
[2024-12-28T16:52:55.579+0000] {processor.py:208} INFO - Processing /home/airflow/.local/lib/python3.12/site-packages/airflow/example_dags/example_subdag_operator.py took 0.093 seconds
[2024-12-28T16:53:26.953+0000] {processor.py:186} INFO - Started process (PID=238) to work on /home/airflow/.local/lib/python3.12/site-packages/airflow/example_dags/example_subdag_operator.py
[2024-12-28T16:53:26.955+0000] {processor.py:914} INFO - Processing file /home/airflow/.local/lib/python3.12/site-packages/airflow/example_dags/example_subdag_operator.py for tasks to queue
[2024-12-28T16:53:26.957+0000] {logging_mixin.py:190} INFO - [2024-12-28T16:53:26.957+0000] {dagbag.py:588} INFO - Filling up the DagBag from /home/airflow/.local/lib/python3.12/site-packages/airflow/example_dags/example_subdag_operator.py
[2024-12-28T16:53:26.985+0000] {processor.py:925} INFO - DAG(s) 'example_subdag_operator.section-1', 'example_subdag_operator.section-2', 'example_subdag_operator' retrieved from /home/airflow/.local/lib/python3.12/site-packages/airflow/example_dags/example_subdag_operator.py
[2024-12-28T16:53:26.998+0000] {logging_mixin.py:190} INFO - [2024-12-28T16:53:26.998+0000] {dag.py:3239} INFO - Sync 3 DAGs
[2024-12-28T16:53:27.021+0000] {logging_mixin.py:190} INFO - [2024-12-28T16:53:27.020+0000] {dag.py:4180} INFO - Setting next_dagrun for example_subdag_operator to 2022-01-01 00:00:00+00:00, run_after=2022-01-01 00:00:00+00:00
[2024-12-28T16:53:27.024+0000] {logging_mixin.py:190} INFO - [2024-12-28T16:53:27.024+0000] {dag.py:4180} INFO - Setting next_dagrun for example_subdag_operator.section-1 to None, run_after=None
[2024-12-28T16:53:27.025+0000] {logging_mixin.py:190} INFO - [2024-12-28T16:53:27.025+0000] {dag.py:4180} INFO - Setting next_dagrun for example_subdag_operator.section-2 to None, run_after=None
[2024-12-28T16:53:27.032+0000] {logging_mixin.py:190} INFO - [2024-12-28T16:53:27.032+0000] {dag.py:3239} INFO - Sync 2 DAGs
[2024-12-28T16:53:27.038+0000] {logging_mixin.py:190} INFO - [2024-12-28T16:53:27.037+0000] {dag.py:4180} INFO - Setting next_dagrun for example_subdag_operator.section-1 to None, run_after=None
[2024-12-28T16:53:27.038+0000] {logging_mixin.py:190} INFO - [2024-12-28T16:53:27.038+0000] {dag.py:4180} INFO - Setting next_dagrun for example_subdag_operator.section-2 to None, run_after=None
[2024-12-28T16:53:27.049+0000] {processor.py:208} INFO - Processing /home/airflow/.local/lib/python3.12/site-packages/airflow/example_dags/example_subdag_operator.py took 0.102 seconds
[2024-12-28T16:53:59.609+0000] {processor.py:186} INFO - Started process (PID=306) to work on /home/airflow/.local/lib/python3.12/site-packages/airflow/example_dags/example_subdag_operator.py
[2024-12-28T16:53:59.610+0000] {processor.py:914} INFO - Processing file /home/airflow/.local/lib/python3.12/site-packages/airflow/example_dags/example_subdag_operator.py for tasks to queue
[2024-12-28T16:53:59.613+0000] {logging_mixin.py:190} INFO - [2024-12-28T16:53:59.612+0000] {dagbag.py:588} INFO - Filling up the DagBag from /home/airflow/.local/lib/python3.12/site-packages/airflow/example_dags/example_subdag_operator.py
[2024-12-28T16:53:59.642+0000] {processor.py:925} INFO - DAG(s) 'example_subdag_operator.section-1', 'example_subdag_operator.section-2', 'example_subdag_operator' retrieved from /home/airflow/.local/lib/python3.12/site-packages/airflow/example_dags/example_subdag_operator.py
[2024-12-28T16:53:59.656+0000] {logging_mixin.py:190} INFO - [2024-12-28T16:53:59.656+0000] {dag.py:3239} INFO - Sync 3 DAGs
[2024-12-28T16:53:59.681+0000] {logging_mixin.py:190} INFO - [2024-12-28T16:53:59.681+0000] {dag.py:4180} INFO - Setting next_dagrun for example_subdag_operator to 2022-01-01 00:00:00+00:00, run_after=2022-01-01 00:00:00+00:00
[2024-12-28T16:53:59.684+0000] {logging_mixin.py:190} INFO - [2024-12-28T16:53:59.684+0000] {dag.py:4180} INFO - Setting next_dagrun for example_subdag_operator.section-1 to None, run_after=None
[2024-12-28T16:53:59.686+0000] {logging_mixin.py:190} INFO - [2024-12-28T16:53:59.686+0000] {dag.py:4180} INFO - Setting next_dagrun for example_subdag_operator.section-2 to None, run_after=None
[2024-12-28T16:53:59.694+0000] {logging_mixin.py:190} INFO - [2024-12-28T16:53:59.693+0000] {dag.py:3239} INFO - Sync 2 DAGs
[2024-12-28T16:53:59.699+0000] {logging_mixin.py:190} INFO - [2024-12-28T16:53:59.699+0000] {dag.py:4180} INFO - Setting next_dagrun for example_subdag_operator.section-1 to None, run_after=None
[2024-12-28T16:53:59.699+0000] {logging_mixin.py:190} INFO - [2024-12-28T16:53:59.699+0000] {dag.py:4180} INFO - Setting next_dagrun for example_subdag_operator.section-2 to None, run_after=None
[2024-12-28T16:53:59.711+0000] {processor.py:208} INFO - Processing /home/airflow/.local/lib/python3.12/site-packages/airflow/example_dags/example_subdag_operator.py took 0.107 seconds
[2024-12-28T16:54:31.347+0000] {processor.py:186} INFO - Started process (PID=370) to work on /home/airflow/.local/lib/python3.12/site-packages/airflow/example_dags/example_subdag_operator.py
[2024-12-28T16:54:31.349+0000] {processor.py:914} INFO - Processing file /home/airflow/.local/lib/python3.12/site-packages/airflow/example_dags/example_subdag_operator.py for tasks to queue
[2024-12-28T16:54:31.354+0000] {logging_mixin.py:190} INFO - [2024-12-28T16:54:31.353+0000] {dagbag.py:588} INFO - Filling up the DagBag from /home/airflow/.local/lib/python3.12/site-packages/airflow/example_dags/example_subdag_operator.py
[2024-12-28T16:54:31.417+0000] {processor.py:925} INFO - DAG(s) 'example_subdag_operator.section-1', 'example_subdag_operator.section-2', 'example_subdag_operator' retrieved from /home/airflow/.local/lib/python3.12/site-packages/airflow/example_dags/example_subdag_operator.py
[2024-12-28T16:54:31.444+0000] {logging_mixin.py:190} INFO - [2024-12-28T16:54:31.444+0000] {dag.py:3239} INFO - Sync 3 DAGs
[2024-12-28T16:54:31.486+0000] {logging_mixin.py:190} INFO - [2024-12-28T16:54:31.485+0000] {dag.py:4180} INFO - Setting next_dagrun for example_subdag_operator to 2022-01-01 00:00:00+00:00, run_after=2022-01-01 00:00:00+00:00
[2024-12-28T16:54:31.492+0000] {logging_mixin.py:190} INFO - [2024-12-28T16:54:31.492+0000] {dag.py:4180} INFO - Setting next_dagrun for example_subdag_operator.section-1 to None, run_after=None
[2024-12-28T16:54:31.499+0000] {logging_mixin.py:190} INFO - [2024-12-28T16:54:31.499+0000] {dag.py:4180} INFO - Setting next_dagrun for example_subdag_operator.section-2 to None, run_after=None
[2024-12-28T16:54:31.513+0000] {logging_mixin.py:190} INFO - [2024-12-28T16:54:31.513+0000] {dag.py:3239} INFO - Sync 2 DAGs
[2024-12-28T16:54:31.525+0000] {logging_mixin.py:190} INFO - [2024-12-28T16:54:31.525+0000] {dag.py:4180} INFO - Setting next_dagrun for example_subdag_operator.section-1 to None, run_after=None
[2024-12-28T16:54:31.526+0000] {logging_mixin.py:190} INFO - [2024-12-28T16:54:31.525+0000] {dag.py:4180} INFO - Setting next_dagrun for example_subdag_operator.section-2 to None, run_after=None
[2024-12-28T16:54:31.546+0000] {processor.py:208} INFO - Processing /home/airflow/.local/lib/python3.12/site-packages/airflow/example_dags/example_subdag_operator.py took 0.210 seconds
[2024-12-28T16:55:03.899+0000] {processor.py:186} INFO - Started process (PID=433) to work on /home/airflow/.local/lib/python3.12/site-packages/airflow/example_dags/example_subdag_operator.py
[2024-12-28T16:55:03.901+0000] {processor.py:914} INFO - Processing file /home/airflow/.local/lib/python3.12/site-packages/airflow/example_dags/example_subdag_operator.py for tasks to queue
[2024-12-28T16:55:03.904+0000] {logging_mixin.py:190} INFO - [2024-12-28T16:55:03.903+0000] {dagbag.py:588} INFO - Filling up the DagBag from /home/airflow/.local/lib/python3.12/site-packages/airflow/example_dags/example_subdag_operator.py
[2024-12-28T16:55:03.936+0000] {processor.py:925} INFO - DAG(s) 'example_subdag_operator.section-1', 'example_subdag_operator.section-2', 'example_subdag_operator' retrieved from /home/airflow/.local/lib/python3.12/site-packages/airflow/example_dags/example_subdag_operator.py
[2024-12-28T16:55:03.951+0000] {logging_mixin.py:190} INFO - [2024-12-28T16:55:03.951+0000] {dag.py:3239} INFO - Sync 3 DAGs
[2024-12-28T16:55:03.978+0000] {logging_mixin.py:190} INFO - [2024-12-28T16:55:03.978+0000] {dag.py:4180} INFO - Setting next_dagrun for example_subdag_operator to 2022-01-01 00:00:00+00:00, run_after=2022-01-01 00:00:00+00:00
[2024-12-28T16:55:03.982+0000] {logging_mixin.py:190} INFO - [2024-12-28T16:55:03.982+0000] {dag.py:4180} INFO - Setting next_dagrun for example_subdag_operator.section-1 to None, run_after=None
[2024-12-28T16:55:03.984+0000] {logging_mixin.py:190} INFO - [2024-12-28T16:55:03.984+0000] {dag.py:4180} INFO - Setting next_dagrun for example_subdag_operator.section-2 to None, run_after=None
[2024-12-28T16:55:03.995+0000] {logging_mixin.py:190} INFO - [2024-12-28T16:55:03.994+0000] {dag.py:3239} INFO - Sync 2 DAGs
[2024-12-28T16:55:04.003+0000] {logging_mixin.py:190} INFO - [2024-12-28T16:55:04.003+0000] {dag.py:4180} INFO - Setting next_dagrun for example_subdag_operator.section-1 to None, run_after=None
[2024-12-28T16:55:04.004+0000] {logging_mixin.py:190} INFO - [2024-12-28T16:55:04.004+0000] {dag.py:4180} INFO - Setting next_dagrun for example_subdag_operator.section-2 to None, run_after=None
[2024-12-28T16:55:04.019+0000] {processor.py:208} INFO - Processing /home/airflow/.local/lib/python3.12/site-packages/airflow/example_dags/example_subdag_operator.py took 0.126 seconds
[2024-12-28T16:55:36.227+0000] {processor.py:186} INFO - Started process (PID=497) to work on /home/airflow/.local/lib/python3.12/site-packages/airflow/example_dags/example_subdag_operator.py
[2024-12-28T16:55:36.228+0000] {processor.py:914} INFO - Processing file /home/airflow/.local/lib/python3.12/site-packages/airflow/example_dags/example_subdag_operator.py for tasks to queue
[2024-12-28T16:55:36.231+0000] {logging_mixin.py:190} INFO - [2024-12-28T16:55:36.231+0000] {dagbag.py:588} INFO - Filling up the DagBag from /home/airflow/.local/lib/python3.12/site-packages/airflow/example_dags/example_subdag_operator.py
[2024-12-28T16:55:36.267+0000] {processor.py:925} INFO - DAG(s) 'example_subdag_operator.section-1', 'example_subdag_operator.section-2', 'example_subdag_operator' retrieved from /home/airflow/.local/lib/python3.12/site-packages/airflow/example_dags/example_subdag_operator.py
[2024-12-28T16:55:36.283+0000] {logging_mixin.py:190} INFO - [2024-12-28T16:55:36.283+0000] {dag.py:3239} INFO - Sync 3 DAGs
[2024-12-28T16:55:36.310+0000] {logging_mixin.py:190} INFO - [2024-12-28T16:55:36.310+0000] {dag.py:4180} INFO - Setting next_dagrun for example_subdag_operator to 2022-01-01 00:00:00+00:00, run_after=2022-01-01 00:00:00+00:00
[2024-12-28T16:55:36.315+0000] {logging_mixin.py:190} INFO - [2024-12-28T16:55:36.314+0000] {dag.py:4180} INFO - Setting next_dagrun for example_subdag_operator.section-1 to None, run_after=None
[2024-12-28T16:55:36.316+0000] {logging_mixin.py:190} INFO - [2024-12-28T16:55:36.316+0000] {dag.py:4180} INFO - Setting next_dagrun for example_subdag_operator.section-2 to None, run_after=None
[2024-12-28T16:55:36.326+0000] {logging_mixin.py:190} INFO - [2024-12-28T16:55:36.326+0000] {dag.py:3239} INFO - Sync 2 DAGs
[2024-12-28T16:55:36.333+0000] {logging_mixin.py:190} INFO - [2024-12-28T16:55:36.333+0000] {dag.py:4180} INFO - Setting next_dagrun for example_subdag_operator.section-1 to None, run_after=None
[2024-12-28T16:55:36.334+0000] {logging_mixin.py:190} INFO - [2024-12-28T16:55:36.334+0000] {dag.py:4180} INFO - Setting next_dagrun for example_subdag_operator.section-2 to None, run_after=None
[2024-12-28T16:55:36.348+0000] {processor.py:208} INFO - Processing /home/airflow/.local/lib/python3.12/site-packages/airflow/example_dags/example_subdag_operator.py took 0.128 seconds
[2024-12-28T16:56:07.202+0000] {processor.py:186} INFO - Started process (PID=561) to work on /home/airflow/.local/lib/python3.12/site-packages/airflow/example_dags/example_subdag_operator.py
[2024-12-28T16:56:07.203+0000] {processor.py:914} INFO - Processing file /home/airflow/.local/lib/python3.12/site-packages/airflow/example_dags/example_subdag_operator.py for tasks to queue
[2024-12-28T16:56:07.205+0000] {logging_mixin.py:190} INFO - [2024-12-28T16:56:07.205+0000] {dagbag.py:588} INFO - Filling up the DagBag from /home/airflow/.local/lib/python3.12/site-packages/airflow/example_dags/example_subdag_operator.py
[2024-12-28T16:56:07.237+0000] {processor.py:925} INFO - DAG(s) 'example_subdag_operator.section-1', 'example_subdag_operator.section-2', 'example_subdag_operator' retrieved from /home/airflow/.local/lib/python3.12/site-packages/airflow/example_dags/example_subdag_operator.py
[2024-12-28T16:56:07.252+0000] {logging_mixin.py:190} INFO - [2024-12-28T16:56:07.251+0000] {dag.py:3239} INFO - Sync 3 DAGs
[2024-12-28T16:56:07.274+0000] {logging_mixin.py:190} INFO - [2024-12-28T16:56:07.273+0000] {dag.py:4180} INFO - Setting next_dagrun for example_subdag_operator to 2022-01-01 00:00:00+00:00, run_after=2022-01-01 00:00:00+00:00
[2024-12-28T16:56:07.277+0000] {logging_mixin.py:190} INFO - [2024-12-28T16:56:07.277+0000] {dag.py:4180} INFO - Setting next_dagrun for example_subdag_operator.section-1 to None, run_after=None
[2024-12-28T16:56:07.279+0000] {logging_mixin.py:190} INFO - [2024-12-28T16:56:07.279+0000] {dag.py:4180} INFO - Setting next_dagrun for example_subdag_operator.section-2 to None, run_after=None
[2024-12-28T16:56:07.287+0000] {logging_mixin.py:190} INFO - [2024-12-28T16:56:07.286+0000] {dag.py:3239} INFO - Sync 2 DAGs
[2024-12-28T16:56:07.294+0000] {logging_mixin.py:190} INFO - [2024-12-28T16:56:07.294+0000] {dag.py:4180} INFO - Setting next_dagrun for example_subdag_operator.section-1 to None, run_after=None
[2024-12-28T16:56:07.294+0000] {logging_mixin.py:190} INFO - [2024-12-28T16:56:07.294+0000] {dag.py:4180} INFO - Setting next_dagrun for example_subdag_operator.section-2 to None, run_after=None
[2024-12-28T16:56:07.305+0000] {processor.py:208} INFO - Processing /home/airflow/.local/lib/python3.12/site-packages/airflow/example_dags/example_subdag_operator.py took 0.111 seconds
[2024-12-28T16:56:37.831+0000] {processor.py:186} INFO - Started process (PID=625) to work on /home/airflow/.local/lib/python3.12/site-packages/airflow/example_dags/example_subdag_operator.py
[2024-12-28T16:56:37.832+0000] {processor.py:914} INFO - Processing file /home/airflow/.local/lib/python3.12/site-packages/airflow/example_dags/example_subdag_operator.py for tasks to queue
[2024-12-28T16:56:37.834+0000] {logging_mixin.py:190} INFO - [2024-12-28T16:56:37.834+0000] {dagbag.py:588} INFO - Filling up the DagBag from /home/airflow/.local/lib/python3.12/site-packages/airflow/example_dags/example_subdag_operator.py
[2024-12-28T16:56:37.860+0000] {processor.py:925} INFO - DAG(s) 'example_subdag_operator.section-1', 'example_subdag_operator.section-2', 'example_subdag_operator' retrieved from /home/airflow/.local/lib/python3.12/site-packages/airflow/example_dags/example_subdag_operator.py
[2024-12-28T16:56:37.873+0000] {logging_mixin.py:190} INFO - [2024-12-28T16:56:37.873+0000] {dag.py:3239} INFO - Sync 3 DAGs
[2024-12-28T16:56:37.894+0000] {logging_mixin.py:190} INFO - [2024-12-28T16:56:37.894+0000] {dag.py:4180} INFO - Setting next_dagrun for example_subdag_operator to 2022-01-01 00:00:00+00:00, run_after=2022-01-01 00:00:00+00:00
[2024-12-28T16:56:37.898+0000] {logging_mixin.py:190} INFO - [2024-12-28T16:56:37.897+0000] {dag.py:4180} INFO - Setting next_dagrun for example_subdag_operator.section-1 to None, run_after=None
[2024-12-28T16:56:37.899+0000] {logging_mixin.py:190} INFO - [2024-12-28T16:56:37.899+0000] {dag.py:4180} INFO - Setting next_dagrun for example_subdag_operator.section-2 to None, run_after=None
[2024-12-28T16:56:37.907+0000] {logging_mixin.py:190} INFO - [2024-12-28T16:56:37.907+0000] {dag.py:3239} INFO - Sync 2 DAGs
[2024-12-28T16:56:37.913+0000] {logging_mixin.py:190} INFO - [2024-12-28T16:56:37.913+0000] {dag.py:4180} INFO - Setting next_dagrun for example_subdag_operator.section-1 to None, run_after=None
[2024-12-28T16:56:37.913+0000] {logging_mixin.py:190} INFO - [2024-12-28T16:56:37.913+0000] {dag.py:4180} INFO - Setting next_dagrun for example_subdag_operator.section-2 to None, run_after=None
[2024-12-28T16:56:37.923+0000] {processor.py:208} INFO - Processing /home/airflow/.local/lib/python3.12/site-packages/airflow/example_dags/example_subdag_operator.py took 0.098 seconds
[2024-12-28T16:57:08.989+0000] {processor.py:186} INFO - Started process (PID=689) to work on /home/airflow/.local/lib/python3.12/site-packages/airflow/example_dags/example_subdag_operator.py
[2024-12-28T16:57:08.990+0000] {processor.py:914} INFO - Processing file /home/airflow/.local/lib/python3.12/site-packages/airflow/example_dags/example_subdag_operator.py for tasks to queue
[2024-12-28T16:57:08.992+0000] {logging_mixin.py:190} INFO - [2024-12-28T16:57:08.992+0000] {dagbag.py:588} INFO - Filling up the DagBag from /home/airflow/.local/lib/python3.12/site-packages/airflow/example_dags/example_subdag_operator.py
[2024-12-28T16:57:09.019+0000] {processor.py:925} INFO - DAG(s) 'example_subdag_operator.section-1', 'example_subdag_operator.section-2', 'example_subdag_operator' retrieved from /home/airflow/.local/lib/python3.12/site-packages/airflow/example_dags/example_subdag_operator.py
[2024-12-28T16:57:09.032+0000] {logging_mixin.py:190} INFO - [2024-12-28T16:57:09.032+0000] {dag.py:3239} INFO - Sync 3 DAGs
[2024-12-28T16:57:09.053+0000] {logging_mixin.py:190} INFO - [2024-12-28T16:57:09.053+0000] {dag.py:4180} INFO - Setting next_dagrun for example_subdag_operator to 2022-01-01 00:00:00+00:00, run_after=2022-01-01 00:00:00+00:00
[2024-12-28T16:57:09.057+0000] {logging_mixin.py:190} INFO - [2024-12-28T16:57:09.057+0000] {dag.py:4180} INFO - Setting next_dagrun for example_subdag_operator.section-1 to None, run_after=None
[2024-12-28T16:57:09.058+0000] {logging_mixin.py:190} INFO - [2024-12-28T16:57:09.058+0000] {dag.py:4180} INFO - Setting next_dagrun for example_subdag_operator.section-2 to None, run_after=None
[2024-12-28T16:57:09.066+0000] {logging_mixin.py:190} INFO - [2024-12-28T16:57:09.066+0000] {dag.py:3239} INFO - Sync 2 DAGs
[2024-12-28T16:57:09.073+0000] {logging_mixin.py:190} INFO - [2024-12-28T16:57:09.072+0000] {dag.py:4180} INFO - Setting next_dagrun for example_subdag_operator.section-1 to None, run_after=None
[2024-12-28T16:57:09.073+0000] {logging_mixin.py:190} INFO - [2024-12-28T16:57:09.073+0000] {dag.py:4180} INFO - Setting next_dagrun for example_subdag_operator.section-2 to None, run_after=None
[2024-12-28T16:57:09.083+0000] {processor.py:208} INFO - Processing /home/airflow/.local/lib/python3.12/site-packages/airflow/example_dags/example_subdag_operator.py took 0.099 seconds
[2024-12-28T16:57:39.472+0000] {processor.py:186} INFO - Started process (PID=752) to work on /home/airflow/.local/lib/python3.12/site-packages/airflow/example_dags/example_subdag_operator.py
[2024-12-28T16:57:39.473+0000] {processor.py:914} INFO - Processing file /home/airflow/.local/lib/python3.12/site-packages/airflow/example_dags/example_subdag_operator.py for tasks to queue
[2024-12-28T16:57:39.475+0000] {logging_mixin.py:190} INFO - [2024-12-28T16:57:39.474+0000] {dagbag.py:588} INFO - Filling up the DagBag from /home/airflow/.local/lib/python3.12/site-packages/airflow/example_dags/example_subdag_operator.py
[2024-12-28T16:57:39.499+0000] {processor.py:925} INFO - DAG(s) 'example_subdag_operator.section-1', 'example_subdag_operator.section-2', 'example_subdag_operator' retrieved from /home/airflow/.local/lib/python3.12/site-packages/airflow/example_dags/example_subdag_operator.py
[2024-12-28T16:57:39.512+0000] {logging_mixin.py:190} INFO - [2024-12-28T16:57:39.512+0000] {dag.py:3239} INFO - Sync 3 DAGs
[2024-12-28T16:57:39.534+0000] {logging_mixin.py:190} INFO - [2024-12-28T16:57:39.534+0000] {dag.py:4180} INFO - Setting next_dagrun for example_subdag_operator to 2022-01-01 00:00:00+00:00, run_after=2022-01-01 00:00:00+00:00
[2024-12-28T16:57:39.537+0000] {logging_mixin.py:190} INFO - [2024-12-28T16:57:39.537+0000] {dag.py:4180} INFO - Setting next_dagrun for example_subdag_operator.section-1 to None, run_after=None
[2024-12-28T16:57:39.539+0000] {logging_mixin.py:190} INFO - [2024-12-28T16:57:39.539+0000] {dag.py:4180} INFO - Setting next_dagrun for example_subdag_operator.section-2 to None, run_after=None
[2024-12-28T16:57:39.545+0000] {logging_mixin.py:190} INFO - [2024-12-28T16:57:39.545+0000] {dag.py:3239} INFO - Sync 2 DAGs
[2024-12-28T16:57:39.552+0000] {logging_mixin.py:190} INFO - [2024-12-28T16:57:39.552+0000] {dag.py:4180} INFO - Setting next_dagrun for example_subdag_operator.section-1 to None, run_after=None
[2024-12-28T16:57:39.553+0000] {logging_mixin.py:190} INFO - [2024-12-28T16:57:39.553+0000] {dag.py:4180} INFO - Setting next_dagrun for example_subdag_operator.section-2 to None, run_after=None
[2024-12-28T16:57:39.562+0000] {processor.py:208} INFO - Processing /home/airflow/.local/lib/python3.12/site-packages/airflow/example_dags/example_subdag_operator.py took 0.096 seconds
[2024-12-28T16:58:10.205+0000] {processor.py:186} INFO - Started process (PID=816) to work on /home/airflow/.local/lib/python3.12/site-packages/airflow/example_dags/example_subdag_operator.py
[2024-12-28T16:58:10.205+0000] {processor.py:914} INFO - Processing file /home/airflow/.local/lib/python3.12/site-packages/airflow/example_dags/example_subdag_operator.py for tasks to queue
[2024-12-28T16:58:10.208+0000] {logging_mixin.py:190} INFO - [2024-12-28T16:58:10.207+0000] {dagbag.py:588} INFO - Filling up the DagBag from /home/airflow/.local/lib/python3.12/site-packages/airflow/example_dags/example_subdag_operator.py
[2024-12-28T16:58:10.232+0000] {processor.py:925} INFO - DAG(s) 'example_subdag_operator.section-1', 'example_subdag_operator.section-2', 'example_subdag_operator' retrieved from /home/airflow/.local/lib/python3.12/site-packages/airflow/example_dags/example_subdag_operator.py
[2024-12-28T16:58:10.246+0000] {logging_mixin.py:190} INFO - [2024-12-28T16:58:10.246+0000] {dag.py:3239} INFO - Sync 3 DAGs
[2024-12-28T16:58:10.267+0000] {logging_mixin.py:190} INFO - [2024-12-28T16:58:10.266+0000] {dag.py:4180} INFO - Setting next_dagrun for example_subdag_operator to 2022-01-01 00:00:00+00:00, run_after=2022-01-01 00:00:00+00:00
[2024-12-28T16:58:10.271+0000] {logging_mixin.py:190} INFO - [2024-12-28T16:58:10.270+0000] {dag.py:4180} INFO - Setting next_dagrun for example_subdag_operator.section-1 to None, run_after=None
[2024-12-28T16:58:10.272+0000] {logging_mixin.py:190} INFO - [2024-12-28T16:58:10.272+0000] {dag.py:4180} INFO - Setting next_dagrun for example_subdag_operator.section-2 to None, run_after=None
[2024-12-28T16:58:10.278+0000] {logging_mixin.py:190} INFO - [2024-12-28T16:58:10.278+0000] {dag.py:3239} INFO - Sync 2 DAGs
[2024-12-28T16:58:10.283+0000] {logging_mixin.py:190} INFO - [2024-12-28T16:58:10.283+0000] {dag.py:4180} INFO - Setting next_dagrun for example_subdag_operator.section-1 to None, run_after=None
[2024-12-28T16:58:10.283+0000] {logging_mixin.py:190} INFO - [2024-12-28T16:58:10.283+0000] {dag.py:4180} INFO - Setting next_dagrun for example_subdag_operator.section-2 to None, run_after=None
[2024-12-28T16:58:10.294+0000] {processor.py:208} INFO - Processing /home/airflow/.local/lib/python3.12/site-packages/airflow/example_dags/example_subdag_operator.py took 0.095 seconds
[2024-12-28T16:58:41.399+0000] {processor.py:186} INFO - Started process (PID=880) to work on /home/airflow/.local/lib/python3.12/site-packages/airflow/example_dags/example_subdag_operator.py
[2024-12-28T16:58:41.400+0000] {processor.py:914} INFO - Processing file /home/airflow/.local/lib/python3.12/site-packages/airflow/example_dags/example_subdag_operator.py for tasks to queue
[2024-12-28T16:58:41.402+0000] {logging_mixin.py:190} INFO - [2024-12-28T16:58:41.402+0000] {dagbag.py:588} INFO - Filling up the DagBag from /home/airflow/.local/lib/python3.12/site-packages/airflow/example_dags/example_subdag_operator.py
[2024-12-28T16:58:41.429+0000] {processor.py:925} INFO - DAG(s) 'example_subdag_operator.section-1', 'example_subdag_operator.section-2', 'example_subdag_operator' retrieved from /home/airflow/.local/lib/python3.12/site-packages/airflow/example_dags/example_subdag_operator.py
[2024-12-28T16:58:41.441+0000] {logging_mixin.py:190} INFO - [2024-12-28T16:58:41.441+0000] {dag.py:3239} INFO - Sync 3 DAGs
[2024-12-28T16:58:41.462+0000] {logging_mixin.py:190} INFO - [2024-12-28T16:58:41.462+0000] {dag.py:4180} INFO - Setting next_dagrun for example_subdag_operator to 2022-01-01 00:00:00+00:00, run_after=2022-01-01 00:00:00+00:00
[2024-12-28T16:58:41.465+0000] {logging_mixin.py:190} INFO - [2024-12-28T16:58:41.465+0000] {dag.py:4180} INFO - Setting next_dagrun for example_subdag_operator.section-1 to None, run_after=None
[2024-12-28T16:58:41.467+0000] {logging_mixin.py:190} INFO - [2024-12-28T16:58:41.467+0000] {dag.py:4180} INFO - Setting next_dagrun for example_subdag_operator.section-2 to None, run_after=None
[2024-12-28T16:58:41.473+0000] {logging_mixin.py:190} INFO - [2024-12-28T16:58:41.473+0000] {dag.py:3239} INFO - Sync 2 DAGs
[2024-12-28T16:58:41.478+0000] {logging_mixin.py:190} INFO - [2024-12-28T16:58:41.478+0000] {dag.py:4180} INFO - Setting next_dagrun for example_subdag_operator.section-1 to None, run_after=None
[2024-12-28T16:58:41.479+0000] {logging_mixin.py:190} INFO - [2024-12-28T16:58:41.479+0000] {dag.py:4180} INFO - Setting next_dagrun for example_subdag_operator.section-2 to None, run_after=None
[2024-12-28T16:58:41.490+0000] {processor.py:208} INFO - Processing /home/airflow/.local/lib/python3.12/site-packages/airflow/example_dags/example_subdag_operator.py took 0.096 seconds
[2024-12-28T16:59:12.455+0000] {processor.py:186} INFO - Started process (PID=944) to work on /home/airflow/.local/lib/python3.12/site-packages/airflow/example_dags/example_subdag_operator.py
[2024-12-28T16:59:12.456+0000] {processor.py:914} INFO - Processing file /home/airflow/.local/lib/python3.12/site-packages/airflow/example_dags/example_subdag_operator.py for tasks to queue
[2024-12-28T16:59:12.458+0000] {logging_mixin.py:190} INFO - [2024-12-28T16:59:12.458+0000] {dagbag.py:588} INFO - Filling up the DagBag from /home/airflow/.local/lib/python3.12/site-packages/airflow/example_dags/example_subdag_operator.py
[2024-12-28T16:59:12.483+0000] {processor.py:925} INFO - DAG(s) 'example_subdag_operator.section-1', 'example_subdag_operator.section-2', 'example_subdag_operator' retrieved from /home/airflow/.local/lib/python3.12/site-packages/airflow/example_dags/example_subdag_operator.py
[2024-12-28T16:59:12.498+0000] {logging_mixin.py:190} INFO - [2024-12-28T16:59:12.498+0000] {dag.py:3239} INFO - Sync 3 DAGs
[2024-12-28T16:59:12.518+0000] {logging_mixin.py:190} INFO - [2024-12-28T16:59:12.518+0000] {dag.py:4180} INFO - Setting next_dagrun for example_subdag_operator to 2022-01-01 00:00:00+00:00, run_after=2022-01-01 00:00:00+00:00
[2024-12-28T16:59:12.521+0000] {logging_mixin.py:190} INFO - [2024-12-28T16:59:12.521+0000] {dag.py:4180} INFO - Setting next_dagrun for example_subdag_operator.section-1 to None, run_after=None
[2024-12-28T16:59:12.522+0000] {logging_mixin.py:190} INFO - [2024-12-28T16:59:12.522+0000] {dag.py:4180} INFO - Setting next_dagrun for example_subdag_operator.section-2 to None, run_after=None
[2024-12-28T16:59:12.529+0000] {logging_mixin.py:190} INFO - [2024-12-28T16:59:12.529+0000] {dag.py:3239} INFO - Sync 2 DAGs
[2024-12-28T16:59:12.534+0000] {logging_mixin.py:190} INFO - [2024-12-28T16:59:12.534+0000] {dag.py:4180} INFO - Setting next_dagrun for example_subdag_operator.section-1 to None, run_after=None
[2024-12-28T16:59:12.534+0000] {logging_mixin.py:190} INFO - [2024-12-28T16:59:12.534+0000] {dag.py:4180} INFO - Setting next_dagrun for example_subdag_operator.section-2 to None, run_after=None
[2024-12-28T16:59:12.544+0000] {processor.py:208} INFO - Processing /home/airflow/.local/lib/python3.12/site-packages/airflow/example_dags/example_subdag_operator.py took 0.093 seconds
[2024-12-28T16:59:44.093+0000] {processor.py:186} INFO - Started process (PID=1009) to work on /home/airflow/.local/lib/python3.12/site-packages/airflow/example_dags/example_subdag_operator.py
[2024-12-28T16:59:44.094+0000] {processor.py:914} INFO - Processing file /home/airflow/.local/lib/python3.12/site-packages/airflow/example_dags/example_subdag_operator.py for tasks to queue
[2024-12-28T16:59:44.096+0000] {logging_mixin.py:190} INFO - [2024-12-28T16:59:44.096+0000] {dagbag.py:588} INFO - Filling up the DagBag from /home/airflow/.local/lib/python3.12/site-packages/airflow/example_dags/example_subdag_operator.py
[2024-12-28T16:59:44.121+0000] {processor.py:925} INFO - DAG(s) 'example_subdag_operator.section-1', 'example_subdag_operator.section-2', 'example_subdag_operator' retrieved from /home/airflow/.local/lib/python3.12/site-packages/airflow/example_dags/example_subdag_operator.py
[2024-12-28T16:59:44.135+0000] {logging_mixin.py:190} INFO - [2024-12-28T16:59:44.135+0000] {dag.py:3239} INFO - Sync 3 DAGs
[2024-12-28T16:59:44.159+0000] {logging_mixin.py:190} INFO - [2024-12-28T16:59:44.159+0000] {dag.py:4180} INFO - Setting next_dagrun for example_subdag_operator to 2022-01-01 00:00:00+00:00, run_after=2022-01-01 00:00:00+00:00
[2024-12-28T16:59:44.163+0000] {logging_mixin.py:190} INFO - [2024-12-28T16:59:44.162+0000] {dag.py:4180} INFO - Setting next_dagrun for example_subdag_operator.section-1 to None, run_after=None
[2024-12-28T16:59:44.164+0000] {logging_mixin.py:190} INFO - [2024-12-28T16:59:44.164+0000] {dag.py:4180} INFO - Setting next_dagrun for example_subdag_operator.section-2 to None, run_after=None
[2024-12-28T16:59:44.171+0000] {logging_mixin.py:190} INFO - [2024-12-28T16:59:44.171+0000] {dag.py:3239} INFO - Sync 2 DAGs
[2024-12-28T16:59:44.178+0000] {logging_mixin.py:190} INFO - [2024-12-28T16:59:44.178+0000] {dag.py:4180} INFO - Setting next_dagrun for example_subdag_operator.section-1 to None, run_after=None
[2024-12-28T16:59:44.179+0000] {logging_mixin.py:190} INFO - [2024-12-28T16:59:44.179+0000] {dag.py:4180} INFO - Setting next_dagrun for example_subdag_operator.section-2 to None, run_after=None
[2024-12-28T16:59:44.189+0000] {processor.py:208} INFO - Processing /home/airflow/.local/lib/python3.12/site-packages/airflow/example_dags/example_subdag_operator.py took 0.103 seconds
[2024-12-28T17:00:14.794+0000] {processor.py:186} INFO - Started process (PID=1073) to work on /home/airflow/.local/lib/python3.12/site-packages/airflow/example_dags/example_subdag_operator.py
[2024-12-28T17:00:14.795+0000] {processor.py:914} INFO - Processing file /home/airflow/.local/lib/python3.12/site-packages/airflow/example_dags/example_subdag_operator.py for tasks to queue
[2024-12-28T17:00:14.797+0000] {logging_mixin.py:190} INFO - [2024-12-28T17:00:14.796+0000] {dagbag.py:588} INFO - Filling up the DagBag from /home/airflow/.local/lib/python3.12/site-packages/airflow/example_dags/example_subdag_operator.py
[2024-12-28T17:00:14.821+0000] {processor.py:925} INFO - DAG(s) 'example_subdag_operator.section-1', 'example_subdag_operator.section-2', 'example_subdag_operator' retrieved from /home/airflow/.local/lib/python3.12/site-packages/airflow/example_dags/example_subdag_operator.py
[2024-12-28T17:00:14.834+0000] {logging_mixin.py:190} INFO - [2024-12-28T17:00:14.834+0000] {dag.py:3239} INFO - Sync 3 DAGs
[2024-12-28T17:00:14.856+0000] {logging_mixin.py:190} INFO - [2024-12-28T17:00:14.855+0000] {dag.py:4180} INFO - Setting next_dagrun for example_subdag_operator to 2022-01-01 00:00:00+00:00, run_after=2022-01-01 00:00:00+00:00
[2024-12-28T17:00:14.859+0000] {logging_mixin.py:190} INFO - [2024-12-28T17:00:14.859+0000] {dag.py:4180} INFO - Setting next_dagrun for example_subdag_operator.section-1 to None, run_after=None
[2024-12-28T17:00:14.860+0000] {logging_mixin.py:190} INFO - [2024-12-28T17:00:14.860+0000] {dag.py:4180} INFO - Setting next_dagrun for example_subdag_operator.section-2 to None, run_after=None
[2024-12-28T17:00:14.867+0000] {logging_mixin.py:190} INFO - [2024-12-28T17:00:14.866+0000] {dag.py:3239} INFO - Sync 2 DAGs
[2024-12-28T17:00:14.872+0000] {logging_mixin.py:190} INFO - [2024-12-28T17:00:14.872+0000] {dag.py:4180} INFO - Setting next_dagrun for example_subdag_operator.section-1 to None, run_after=None
[2024-12-28T17:00:14.873+0000] {logging_mixin.py:190} INFO - [2024-12-28T17:00:14.872+0000] {dag.py:4180} INFO - Setting next_dagrun for example_subdag_operator.section-2 to None, run_after=None
[2024-12-28T17:00:14.882+0000] {processor.py:208} INFO - Processing /home/airflow/.local/lib/python3.12/site-packages/airflow/example_dags/example_subdag_operator.py took 0.093 seconds
[2024-12-28T17:00:46.253+0000] {processor.py:186} INFO - Started process (PID=1137) to work on /home/airflow/.local/lib/python3.12/site-packages/airflow/example_dags/example_subdag_operator.py
[2024-12-28T17:00:46.254+0000] {processor.py:914} INFO - Processing file /home/airflow/.local/lib/python3.12/site-packages/airflow/example_dags/example_subdag_operator.py for tasks to queue
[2024-12-28T17:00:46.256+0000] {logging_mixin.py:190} INFO - [2024-12-28T17:00:46.256+0000] {dagbag.py:588} INFO - Filling up the DagBag from /home/airflow/.local/lib/python3.12/site-packages/airflow/example_dags/example_subdag_operator.py
[2024-12-28T17:00:46.280+0000] {processor.py:925} INFO - DAG(s) 'example_subdag_operator.section-1', 'example_subdag_operator.section-2', 'example_subdag_operator' retrieved from /home/airflow/.local/lib/python3.12/site-packages/airflow/example_dags/example_subdag_operator.py
[2024-12-28T17:00:46.293+0000] {logging_mixin.py:190} INFO - [2024-12-28T17:00:46.293+0000] {dag.py:3239} INFO - Sync 3 DAGs
[2024-12-28T17:00:46.314+0000] {logging_mixin.py:190} INFO - [2024-12-28T17:00:46.314+0000] {dag.py:4180} INFO - Setting next_dagrun for example_subdag_operator to 2022-01-01 00:00:00+00:00, run_after=2022-01-01 00:00:00+00:00
[2024-12-28T17:00:46.318+0000] {logging_mixin.py:190} INFO - [2024-12-28T17:00:46.317+0000] {dag.py:4180} INFO - Setting next_dagrun for example_subdag_operator.section-1 to None, run_after=None
[2024-12-28T17:00:46.319+0000] {logging_mixin.py:190} INFO - [2024-12-28T17:00:46.319+0000] {dag.py:4180} INFO - Setting next_dagrun for example_subdag_operator.section-2 to None, run_after=None
[2024-12-28T17:00:46.325+0000] {logging_mixin.py:190} INFO - [2024-12-28T17:00:46.325+0000] {dag.py:3239} INFO - Sync 2 DAGs
[2024-12-28T17:00:46.330+0000] {logging_mixin.py:190} INFO - [2024-12-28T17:00:46.330+0000] {dag.py:4180} INFO - Setting next_dagrun for example_subdag_operator.section-1 to None, run_after=None
[2024-12-28T17:00:46.330+0000] {logging_mixin.py:190} INFO - [2024-12-28T17:00:46.330+0000] {dag.py:4180} INFO - Setting next_dagrun for example_subdag_operator.section-2 to None, run_after=None
[2024-12-28T17:00:46.340+0000] {processor.py:208} INFO - Processing /home/airflow/.local/lib/python3.12/site-packages/airflow/example_dags/example_subdag_operator.py took 0.091 seconds
[2024-12-28T17:01:17.955+0000] {processor.py:186} INFO - Started process (PID=1201) to work on /home/airflow/.local/lib/python3.12/site-packages/airflow/example_dags/example_subdag_operator.py
[2024-12-28T17:01:17.956+0000] {processor.py:914} INFO - Processing file /home/airflow/.local/lib/python3.12/site-packages/airflow/example_dags/example_subdag_operator.py for tasks to queue
[2024-12-28T17:01:17.958+0000] {logging_mixin.py:190} INFO - [2024-12-28T17:01:17.958+0000] {dagbag.py:588} INFO - Filling up the DagBag from /home/airflow/.local/lib/python3.12/site-packages/airflow/example_dags/example_subdag_operator.py
[2024-12-28T17:01:17.985+0000] {processor.py:925} INFO - DAG(s) 'example_subdag_operator.section-1', 'example_subdag_operator.section-2', 'example_subdag_operator' retrieved from /home/airflow/.local/lib/python3.12/site-packages/airflow/example_dags/example_subdag_operator.py
[2024-12-28T17:01:17.998+0000] {logging_mixin.py:190} INFO - [2024-12-28T17:01:17.998+0000] {dag.py:3239} INFO - Sync 3 DAGs
[2024-12-28T17:01:18.021+0000] {logging_mixin.py:190} INFO - [2024-12-28T17:01:18.020+0000] {dag.py:4180} INFO - Setting next_dagrun for example_subdag_operator to 2022-01-01 00:00:00+00:00, run_after=2022-01-01 00:00:00+00:00
[2024-12-28T17:01:18.024+0000] {logging_mixin.py:190} INFO - [2024-12-28T17:01:18.024+0000] {dag.py:4180} INFO - Setting next_dagrun for example_subdag_operator.section-1 to None, run_after=None
[2024-12-28T17:01:18.025+0000] {logging_mixin.py:190} INFO - [2024-12-28T17:01:18.025+0000] {dag.py:4180} INFO - Setting next_dagrun for example_subdag_operator.section-2 to None, run_after=None
[2024-12-28T17:01:18.033+0000] {logging_mixin.py:190} INFO - [2024-12-28T17:01:18.032+0000] {dag.py:3239} INFO - Sync 2 DAGs
[2024-12-28T17:01:18.038+0000] {logging_mixin.py:190} INFO - [2024-12-28T17:01:18.038+0000] {dag.py:4180} INFO - Setting next_dagrun for example_subdag_operator.section-1 to None, run_after=None
[2024-12-28T17:01:18.038+0000] {logging_mixin.py:190} INFO - [2024-12-28T17:01:18.038+0000] {dag.py:4180} INFO - Setting next_dagrun for example_subdag_operator.section-2 to None, run_after=None
[2024-12-28T17:01:18.049+0000] {processor.py:208} INFO - Processing /home/airflow/.local/lib/python3.12/site-packages/airflow/example_dags/example_subdag_operator.py took 0.099 seconds
[2024-12-28T17:01:48.700+0000] {processor.py:186} INFO - Started process (PID=1265) to work on /home/airflow/.local/lib/python3.12/site-packages/airflow/example_dags/example_subdag_operator.py
[2024-12-28T17:01:48.701+0000] {processor.py:914} INFO - Processing file /home/airflow/.local/lib/python3.12/site-packages/airflow/example_dags/example_subdag_operator.py for tasks to queue
[2024-12-28T17:01:48.703+0000] {logging_mixin.py:190} INFO - [2024-12-28T17:01:48.703+0000] {dagbag.py:588} INFO - Filling up the DagBag from /home/airflow/.local/lib/python3.12/site-packages/airflow/example_dags/example_subdag_operator.py
[2024-12-28T17:01:48.728+0000] {processor.py:925} INFO - DAG(s) 'example_subdag_operator.section-1', 'example_subdag_operator.section-2', 'example_subdag_operator' retrieved from /home/airflow/.local/lib/python3.12/site-packages/airflow/example_dags/example_subdag_operator.py
[2024-12-28T17:01:48.741+0000] {logging_mixin.py:190} INFO - [2024-12-28T17:01:48.740+0000] {dag.py:3239} INFO - Sync 3 DAGs
[2024-12-28T17:01:48.761+0000] {logging_mixin.py:190} INFO - [2024-12-28T17:01:48.761+0000] {dag.py:4180} INFO - Setting next_dagrun for example_subdag_operator to 2022-01-01 00:00:00+00:00, run_after=2022-01-01 00:00:00+00:00
[2024-12-28T17:01:48.765+0000] {logging_mixin.py:190} INFO - [2024-12-28T17:01:48.765+0000] {dag.py:4180} INFO - Setting next_dagrun for example_subdag_operator.section-1 to None, run_after=None
[2024-12-28T17:01:48.766+0000] {logging_mixin.py:190} INFO - [2024-12-28T17:01:48.766+0000] {dag.py:4180} INFO - Setting next_dagrun for example_subdag_operator.section-2 to None, run_after=None
[2024-12-28T17:01:48.773+0000] {logging_mixin.py:190} INFO - [2024-12-28T17:01:48.772+0000] {dag.py:3239} INFO - Sync 2 DAGs
[2024-12-28T17:01:48.778+0000] {logging_mixin.py:190} INFO - [2024-12-28T17:01:48.777+0000] {dag.py:4180} INFO - Setting next_dagrun for example_subdag_operator.section-1 to None, run_after=None
[2024-12-28T17:01:48.778+0000] {logging_mixin.py:190} INFO - [2024-12-28T17:01:48.778+0000] {dag.py:4180} INFO - Setting next_dagrun for example_subdag_operator.section-2 to None, run_after=None
[2024-12-28T17:01:48.787+0000] {processor.py:208} INFO - Processing /home/airflow/.local/lib/python3.12/site-packages/airflow/example_dags/example_subdag_operator.py took 0.092 seconds
[2024-12-28T17:02:21.972+0000] {processor.py:186} INFO - Started process (PID=1345) to work on /home/airflow/.local/lib/python3.12/site-packages/airflow/example_dags/example_subdag_operator.py
[2024-12-28T17:02:21.973+0000] {processor.py:914} INFO - Processing file /home/airflow/.local/lib/python3.12/site-packages/airflow/example_dags/example_subdag_operator.py for tasks to queue
[2024-12-28T17:02:21.976+0000] {logging_mixin.py:190} INFO - [2024-12-28T17:02:21.975+0000] {dagbag.py:588} INFO - Filling up the DagBag from /home/airflow/.local/lib/python3.12/site-packages/airflow/example_dags/example_subdag_operator.py
[2024-12-28T17:02:22.000+0000] {processor.py:925} INFO - DAG(s) 'example_subdag_operator.section-1', 'example_subdag_operator.section-2', 'example_subdag_operator' retrieved from /home/airflow/.local/lib/python3.12/site-packages/airflow/example_dags/example_subdag_operator.py
[2024-12-28T17:02:22.013+0000] {logging_mixin.py:190} INFO - [2024-12-28T17:02:22.012+0000] {dag.py:3239} INFO - Sync 3 DAGs
[2024-12-28T17:02:22.033+0000] {logging_mixin.py:190} INFO - [2024-12-28T17:02:22.032+0000] {dag.py:4180} INFO - Setting next_dagrun for example_subdag_operator to 2022-01-01 00:00:00+00:00, run_after=2022-01-01 00:00:00+00:00
[2024-12-28T17:02:22.037+0000] {logging_mixin.py:190} INFO - [2024-12-28T17:02:22.037+0000] {dag.py:4180} INFO - Setting next_dagrun for example_subdag_operator.section-1 to None, run_after=None
[2024-12-28T17:02:22.038+0000] {logging_mixin.py:190} INFO - [2024-12-28T17:02:22.038+0000] {dag.py:4180} INFO - Setting next_dagrun for example_subdag_operator.section-2 to None, run_after=None
[2024-12-28T17:02:22.044+0000] {logging_mixin.py:190} INFO - [2024-12-28T17:02:22.044+0000] {dag.py:3239} INFO - Sync 2 DAGs
[2024-12-28T17:02:22.049+0000] {logging_mixin.py:190} INFO - [2024-12-28T17:02:22.049+0000] {dag.py:4180} INFO - Setting next_dagrun for example_subdag_operator.section-1 to None, run_after=None
[2024-12-28T17:02:22.050+0000] {logging_mixin.py:190} INFO - [2024-12-28T17:02:22.050+0000] {dag.py:4180} INFO - Setting next_dagrun for example_subdag_operator.section-2 to None, run_after=None
[2024-12-28T17:02:22.059+0000] {processor.py:208} INFO - Processing /home/airflow/.local/lib/python3.12/site-packages/airflow/example_dags/example_subdag_operator.py took 0.092 seconds
[2024-12-28T17:02:53.289+0000] {processor.py:186} INFO - Started process (PID=1418) to work on /home/airflow/.local/lib/python3.12/site-packages/airflow/example_dags/example_subdag_operator.py
[2024-12-28T17:02:53.290+0000] {processor.py:914} INFO - Processing file /home/airflow/.local/lib/python3.12/site-packages/airflow/example_dags/example_subdag_operator.py for tasks to queue
[2024-12-28T17:02:53.292+0000] {logging_mixin.py:190} INFO - [2024-12-28T17:02:53.292+0000] {dagbag.py:588} INFO - Filling up the DagBag from /home/airflow/.local/lib/python3.12/site-packages/airflow/example_dags/example_subdag_operator.py
[2024-12-28T17:02:53.320+0000] {processor.py:925} INFO - DAG(s) 'example_subdag_operator.section-1', 'example_subdag_operator.section-2', 'example_subdag_operator' retrieved from /home/airflow/.local/lib/python3.12/site-packages/airflow/example_dags/example_subdag_operator.py
[2024-12-28T17:02:53.335+0000] {logging_mixin.py:190} INFO - [2024-12-28T17:02:53.335+0000] {dag.py:3239} INFO - Sync 3 DAGs
[2024-12-28T17:02:53.363+0000] {logging_mixin.py:190} INFO - [2024-12-28T17:02:53.363+0000] {dag.py:4180} INFO - Setting next_dagrun for example_subdag_operator to 2022-01-01 00:00:00+00:00, run_after=2022-01-01 00:00:00+00:00
[2024-12-28T17:02:53.369+0000] {logging_mixin.py:190} INFO - [2024-12-28T17:02:53.369+0000] {dag.py:4180} INFO - Setting next_dagrun for example_subdag_operator.section-1 to None, run_after=None
[2024-12-28T17:02:53.371+0000] {logging_mixin.py:190} INFO - [2024-12-28T17:02:53.370+0000] {dag.py:4180} INFO - Setting next_dagrun for example_subdag_operator.section-2 to None, run_after=None
[2024-12-28T17:02:53.379+0000] {logging_mixin.py:190} INFO - [2024-12-28T17:02:53.378+0000] {dag.py:3239} INFO - Sync 2 DAGs
[2024-12-28T17:02:53.386+0000] {logging_mixin.py:190} INFO - [2024-12-28T17:02:53.386+0000] {dag.py:4180} INFO - Setting next_dagrun for example_subdag_operator.section-1 to None, run_after=None
[2024-12-28T17:02:53.387+0000] {logging_mixin.py:190} INFO - [2024-12-28T17:02:53.387+0000] {dag.py:4180} INFO - Setting next_dagrun for example_subdag_operator.section-2 to None, run_after=None
[2024-12-28T17:02:53.400+0000] {processor.py:208} INFO - Processing /home/airflow/.local/lib/python3.12/site-packages/airflow/example_dags/example_subdag_operator.py took 0.117 seconds
[2024-12-28T17:03:24.815+0000] {processor.py:186} INFO - Started process (PID=1491) to work on /home/airflow/.local/lib/python3.12/site-packages/airflow/example_dags/example_subdag_operator.py
[2024-12-28T17:03:24.816+0000] {processor.py:914} INFO - Processing file /home/airflow/.local/lib/python3.12/site-packages/airflow/example_dags/example_subdag_operator.py for tasks to queue
[2024-12-28T17:03:24.819+0000] {logging_mixin.py:190} INFO - [2024-12-28T17:03:24.819+0000] {dagbag.py:588} INFO - Filling up the DagBag from /home/airflow/.local/lib/python3.12/site-packages/airflow/example_dags/example_subdag_operator.py
[2024-12-28T17:03:24.845+0000] {processor.py:925} INFO - DAG(s) 'example_subdag_operator.section-1', 'example_subdag_operator.section-2', 'example_subdag_operator' retrieved from /home/airflow/.local/lib/python3.12/site-packages/airflow/example_dags/example_subdag_operator.py
[2024-12-28T17:03:24.860+0000] {logging_mixin.py:190} INFO - [2024-12-28T17:03:24.860+0000] {dag.py:3239} INFO - Sync 3 DAGs
[2024-12-28T17:03:24.882+0000] {logging_mixin.py:190} INFO - [2024-12-28T17:03:24.882+0000] {dag.py:4180} INFO - Setting next_dagrun for example_subdag_operator to 2022-01-01 00:00:00+00:00, run_after=2022-01-01 00:00:00+00:00
[2024-12-28T17:03:24.888+0000] {logging_mixin.py:190} INFO - [2024-12-28T17:03:24.887+0000] {dag.py:4180} INFO - Setting next_dagrun for example_subdag_operator.section-1 to None, run_after=None
[2024-12-28T17:03:24.889+0000] {logging_mixin.py:190} INFO - [2024-12-28T17:03:24.889+0000] {dag.py:4180} INFO - Setting next_dagrun for example_subdag_operator.section-2 to None, run_after=None
[2024-12-28T17:03:24.898+0000] {logging_mixin.py:190} INFO - [2024-12-28T17:03:24.898+0000] {dag.py:3239} INFO - Sync 2 DAGs
[2024-12-28T17:03:24.906+0000] {logging_mixin.py:190} INFO - [2024-12-28T17:03:24.906+0000] {dag.py:4180} INFO - Setting next_dagrun for example_subdag_operator.section-1 to None, run_after=None
[2024-12-28T17:03:24.906+0000] {logging_mixin.py:190} INFO - [2024-12-28T17:03:24.906+0000] {dag.py:4180} INFO - Setting next_dagrun for example_subdag_operator.section-2 to None, run_after=None
[2024-12-28T17:03:24.917+0000] {processor.py:208} INFO - Processing /home/airflow/.local/lib/python3.12/site-packages/airflow/example_dags/example_subdag_operator.py took 0.108 seconds
[2024-12-28T17:03:55.543+0000] {processor.py:186} INFO - Started process (PID=1568) to work on /home/airflow/.local/lib/python3.12/site-packages/airflow/example_dags/example_subdag_operator.py
[2024-12-28T17:03:55.543+0000] {processor.py:914} INFO - Processing file /home/airflow/.local/lib/python3.12/site-packages/airflow/example_dags/example_subdag_operator.py for tasks to queue
[2024-12-28T17:03:55.545+0000] {logging_mixin.py:190} INFO - [2024-12-28T17:03:55.545+0000] {dagbag.py:588} INFO - Filling up the DagBag from /home/airflow/.local/lib/python3.12/site-packages/airflow/example_dags/example_subdag_operator.py
[2024-12-28T17:03:55.573+0000] {processor.py:925} INFO - DAG(s) 'example_subdag_operator.section-1', 'example_subdag_operator.section-2', 'example_subdag_operator' retrieved from /home/airflow/.local/lib/python3.12/site-packages/airflow/example_dags/example_subdag_operator.py
[2024-12-28T17:03:55.585+0000] {logging_mixin.py:190} INFO - [2024-12-28T17:03:55.585+0000] {dag.py:3239} INFO - Sync 3 DAGs
[2024-12-28T17:03:55.606+0000] {logging_mixin.py:190} INFO - [2024-12-28T17:03:55.606+0000] {dag.py:4180} INFO - Setting next_dagrun for example_subdag_operator to 2022-01-01 00:00:00+00:00, run_after=2022-01-01 00:00:00+00:00
[2024-12-28T17:03:55.609+0000] {logging_mixin.py:190} INFO - [2024-12-28T17:03:55.609+0000] {dag.py:4180} INFO - Setting next_dagrun for example_subdag_operator.section-1 to None, run_after=None
[2024-12-28T17:03:55.611+0000] {logging_mixin.py:190} INFO - [2024-12-28T17:03:55.611+0000] {dag.py:4180} INFO - Setting next_dagrun for example_subdag_operator.section-2 to None, run_after=None
[2024-12-28T17:03:55.618+0000] {logging_mixin.py:190} INFO - [2024-12-28T17:03:55.618+0000] {dag.py:3239} INFO - Sync 2 DAGs
[2024-12-28T17:03:55.623+0000] {logging_mixin.py:190} INFO - [2024-12-28T17:03:55.623+0000] {dag.py:4180} INFO - Setting next_dagrun for example_subdag_operator.section-1 to None, run_after=None
[2024-12-28T17:03:55.623+0000] {logging_mixin.py:190} INFO - [2024-12-28T17:03:55.623+0000] {dag.py:4180} INFO - Setting next_dagrun for example_subdag_operator.section-2 to None, run_after=None
[2024-12-28T17:03:55.632+0000] {processor.py:208} INFO - Processing /home/airflow/.local/lib/python3.12/site-packages/airflow/example_dags/example_subdag_operator.py took 0.095 seconds
