[2024-12-28T16:38:31.394+0000] {processor.py:186} INFO - Started process (PID=73) to work on /home/airflow/.local/lib/python3.12/site-packages/airflow/example_dags/example_sensors.py
[2024-12-28T16:38:31.395+0000] {processor.py:914} INFO - Processing file /home/airflow/.local/lib/python3.12/site-packages/airflow/example_dags/example_sensors.py for tasks to queue
[2024-12-28T16:38:31.397+0000] {logging_mixin.py:190} INFO - [2024-12-28T16:38:31.397+0000] {dagbag.py:588} INFO - Filling up the DagBag from /home/airflow/.local/lib/python3.12/site-packages/airflow/example_dags/example_sensors.py
[2024-12-28T16:38:31.408+0000] {processor.py:925} INFO - DAG(s) 'example_sensors' retrieved from /home/airflow/.local/lib/python3.12/site-packages/airflow/example_dags/example_sensors.py
[2024-12-28T16:38:31.519+0000] {logging_mixin.py:190} INFO - [2024-12-28T16:38:31.518+0000] {override.py:1911} INFO - Created Permission View: can delete on DAG:example_sensors
[2024-12-28T16:38:31.527+0000] {logging_mixin.py:190} INFO - [2024-12-28T16:38:31.527+0000] {override.py:1911} INFO - Created Permission View: can edit on DAG:example_sensors
[2024-12-28T16:38:31.533+0000] {logging_mixin.py:190} INFO - [2024-12-28T16:38:31.533+0000] {override.py:1911} INFO - Created Permission View: can read on DAG:example_sensors
[2024-12-28T16:38:31.540+0000] {logging_mixin.py:190} INFO - [2024-12-28T16:38:31.540+0000] {override.py:1911} INFO - Created Permission View: can create on DAG Run:example_sensors
[2024-12-28T16:38:31.546+0000] {logging_mixin.py:190} INFO - [2024-12-28T16:38:31.546+0000] {override.py:1911} INFO - Created Permission View: can delete on DAG Run:example_sensors
[2024-12-28T16:38:31.552+0000] {logging_mixin.py:190} INFO - [2024-12-28T16:38:31.551+0000] {override.py:1911} INFO - Created Permission View: menu access on DAG Run:example_sensors
[2024-12-28T16:38:31.558+0000] {logging_mixin.py:190} INFO - [2024-12-28T16:38:31.557+0000] {override.py:1911} INFO - Created Permission View: can read on DAG Run:example_sensors
[2024-12-28T16:38:31.558+0000] {logging_mixin.py:190} INFO - [2024-12-28T16:38:31.558+0000] {dag.py:3239} INFO - Sync 1 DAGs
[2024-12-28T16:38:31.569+0000] {logging_mixin.py:190} INFO - [2024-12-28T16:38:31.569+0000] {dag.py:3262} INFO - Creating ORM DAG for example_sensors
[2024-12-28T16:38:31.569+0000] {logging_mixin.py:190} INFO - [2024-12-28T16:38:31.569+0000] {dag.py:4180} INFO - Setting next_dagrun for example_sensors to None, run_after=None
[2024-12-28T16:38:31.585+0000] {processor.py:208} INFO - Processing /home/airflow/.local/lib/python3.12/site-packages/airflow/example_dags/example_sensors.py took 0.196 seconds
[2024-12-28T16:39:01.895+0000] {processor.py:186} INFO - Started process (PID=136) to work on /home/airflow/.local/lib/python3.12/site-packages/airflow/example_dags/example_sensors.py
[2024-12-28T16:39:01.896+0000] {processor.py:914} INFO - Processing file /home/airflow/.local/lib/python3.12/site-packages/airflow/example_dags/example_sensors.py for tasks to queue
[2024-12-28T16:39:01.898+0000] {logging_mixin.py:190} INFO - [2024-12-28T16:39:01.898+0000] {dagbag.py:588} INFO - Filling up the DagBag from /home/airflow/.local/lib/python3.12/site-packages/airflow/example_dags/example_sensors.py
[2024-12-28T16:39:01.909+0000] {processor.py:925} INFO - DAG(s) 'example_sensors' retrieved from /home/airflow/.local/lib/python3.12/site-packages/airflow/example_dags/example_sensors.py
[2024-12-28T16:39:01.937+0000] {logging_mixin.py:190} INFO - [2024-12-28T16:39:01.937+0000] {dag.py:3239} INFO - Sync 1 DAGs
[2024-12-28T16:39:01.953+0000] {logging_mixin.py:190} INFO - [2024-12-28T16:39:01.952+0000] {dag.py:4180} INFO - Setting next_dagrun for example_sensors to None, run_after=None
[2024-12-28T16:39:01.973+0000] {processor.py:208} INFO - Processing /home/airflow/.local/lib/python3.12/site-packages/airflow/example_dags/example_sensors.py took 0.085 seconds
[2024-12-28T16:39:32.029+0000] {processor.py:186} INFO - Started process (PID=199) to work on /home/airflow/.local/lib/python3.12/site-packages/airflow/example_dags/example_sensors.py
[2024-12-28T16:39:32.030+0000] {processor.py:914} INFO - Processing file /home/airflow/.local/lib/python3.12/site-packages/airflow/example_dags/example_sensors.py for tasks to queue
[2024-12-28T16:39:32.032+0000] {logging_mixin.py:190} INFO - [2024-12-28T16:39:32.032+0000] {dagbag.py:588} INFO - Filling up the DagBag from /home/airflow/.local/lib/python3.12/site-packages/airflow/example_dags/example_sensors.py
[2024-12-28T16:39:32.041+0000] {processor.py:925} INFO - DAG(s) 'example_sensors' retrieved from /home/airflow/.local/lib/python3.12/site-packages/airflow/example_dags/example_sensors.py
[2024-12-28T16:39:32.064+0000] {logging_mixin.py:190} INFO - [2024-12-28T16:39:32.064+0000] {dag.py:3239} INFO - Sync 1 DAGs
[2024-12-28T16:39:32.078+0000] {logging_mixin.py:190} INFO - [2024-12-28T16:39:32.078+0000] {dag.py:4180} INFO - Setting next_dagrun for example_sensors to None, run_after=None
[2024-12-28T16:39:32.094+0000] {processor.py:208} INFO - Processing /home/airflow/.local/lib/python3.12/site-packages/airflow/example_dags/example_sensors.py took 0.071 seconds
[2024-12-28T16:40:02.382+0000] {processor.py:186} INFO - Started process (PID=262) to work on /home/airflow/.local/lib/python3.12/site-packages/airflow/example_dags/example_sensors.py
[2024-12-28T16:40:02.383+0000] {processor.py:914} INFO - Processing file /home/airflow/.local/lib/python3.12/site-packages/airflow/example_dags/example_sensors.py for tasks to queue
[2024-12-28T16:40:02.385+0000] {logging_mixin.py:190} INFO - [2024-12-28T16:40:02.384+0000] {dagbag.py:588} INFO - Filling up the DagBag from /home/airflow/.local/lib/python3.12/site-packages/airflow/example_dags/example_sensors.py
[2024-12-28T16:40:02.396+0000] {processor.py:925} INFO - DAG(s) 'example_sensors' retrieved from /home/airflow/.local/lib/python3.12/site-packages/airflow/example_dags/example_sensors.py
[2024-12-28T16:40:02.422+0000] {logging_mixin.py:190} INFO - [2024-12-28T16:40:02.422+0000] {dag.py:3239} INFO - Sync 1 DAGs
[2024-12-28T16:40:02.436+0000] {logging_mixin.py:190} INFO - [2024-12-28T16:40:02.436+0000] {dag.py:4180} INFO - Setting next_dagrun for example_sensors to None, run_after=None
[2024-12-28T16:40:02.454+0000] {processor.py:208} INFO - Processing /home/airflow/.local/lib/python3.12/site-packages/airflow/example_dags/example_sensors.py took 0.078 seconds
[2024-12-28T16:42:38.345+0000] {processor.py:186} INFO - Started process (PID=72) to work on /home/airflow/.local/lib/python3.12/site-packages/airflow/example_dags/example_sensors.py
[2024-12-28T16:42:38.346+0000] {processor.py:914} INFO - Processing file /home/airflow/.local/lib/python3.12/site-packages/airflow/example_dags/example_sensors.py for tasks to queue
[2024-12-28T16:42:38.348+0000] {logging_mixin.py:190} INFO - [2024-12-28T16:42:38.348+0000] {dagbag.py:588} INFO - Filling up the DagBag from /home/airflow/.local/lib/python3.12/site-packages/airflow/example_dags/example_sensors.py
[2024-12-28T16:42:38.360+0000] {processor.py:925} INFO - DAG(s) 'example_sensors' retrieved from /home/airflow/.local/lib/python3.12/site-packages/airflow/example_dags/example_sensors.py
[2024-12-28T16:42:38.391+0000] {logging_mixin.py:190} INFO - [2024-12-28T16:42:38.390+0000] {dag.py:3239} INFO - Sync 1 DAGs
[2024-12-28T16:42:38.405+0000] {logging_mixin.py:190} INFO - [2024-12-28T16:42:38.405+0000] {dag.py:4180} INFO - Setting next_dagrun for example_sensors to None, run_after=None
[2024-12-28T16:42:38.424+0000] {processor.py:208} INFO - Processing /home/airflow/.local/lib/python3.12/site-packages/airflow/example_dags/example_sensors.py took 0.084 seconds
[2024-12-28T16:43:09.362+0000] {processor.py:186} INFO - Started process (PID=135) to work on /home/airflow/.local/lib/python3.12/site-packages/airflow/example_dags/example_sensors.py
[2024-12-28T16:43:09.363+0000] {processor.py:914} INFO - Processing file /home/airflow/.local/lib/python3.12/site-packages/airflow/example_dags/example_sensors.py for tasks to queue
[2024-12-28T16:43:09.366+0000] {logging_mixin.py:190} INFO - [2024-12-28T16:43:09.366+0000] {dagbag.py:588} INFO - Filling up the DagBag from /home/airflow/.local/lib/python3.12/site-packages/airflow/example_dags/example_sensors.py
[2024-12-28T16:43:09.378+0000] {processor.py:925} INFO - DAG(s) 'example_sensors' retrieved from /home/airflow/.local/lib/python3.12/site-packages/airflow/example_dags/example_sensors.py
[2024-12-28T16:43:09.408+0000] {logging_mixin.py:190} INFO - [2024-12-28T16:43:09.407+0000] {dag.py:3239} INFO - Sync 1 DAGs
[2024-12-28T16:43:09.423+0000] {logging_mixin.py:190} INFO - [2024-12-28T16:43:09.422+0000] {dag.py:4180} INFO - Setting next_dagrun for example_sensors to None, run_after=None
[2024-12-28T16:43:09.445+0000] {processor.py:208} INFO - Processing /home/airflow/.local/lib/python3.12/site-packages/airflow/example_dags/example_sensors.py took 0.089 seconds
[2024-12-28T16:43:40.044+0000] {processor.py:186} INFO - Started process (PID=198) to work on /home/airflow/.local/lib/python3.12/site-packages/airflow/example_dags/example_sensors.py
[2024-12-28T16:43:40.044+0000] {processor.py:914} INFO - Processing file /home/airflow/.local/lib/python3.12/site-packages/airflow/example_dags/example_sensors.py for tasks to queue
[2024-12-28T16:43:40.046+0000] {logging_mixin.py:190} INFO - [2024-12-28T16:43:40.046+0000] {dagbag.py:588} INFO - Filling up the DagBag from /home/airflow/.local/lib/python3.12/site-packages/airflow/example_dags/example_sensors.py
[2024-12-28T16:43:40.058+0000] {processor.py:925} INFO - DAG(s) 'example_sensors' retrieved from /home/airflow/.local/lib/python3.12/site-packages/airflow/example_dags/example_sensors.py
[2024-12-28T16:43:40.082+0000] {logging_mixin.py:190} INFO - [2024-12-28T16:43:40.082+0000] {dag.py:3239} INFO - Sync 1 DAGs
[2024-12-28T16:43:40.094+0000] {logging_mixin.py:190} INFO - [2024-12-28T16:43:40.094+0000] {dag.py:4180} INFO - Setting next_dagrun for example_sensors to None, run_after=None
[2024-12-28T16:43:40.112+0000] {processor.py:208} INFO - Processing /home/airflow/.local/lib/python3.12/site-packages/airflow/example_dags/example_sensors.py took 0.074 seconds
[2024-12-28T16:44:10.467+0000] {processor.py:186} INFO - Started process (PID=261) to work on /home/airflow/.local/lib/python3.12/site-packages/airflow/example_dags/example_sensors.py
[2024-12-28T16:44:10.468+0000] {processor.py:914} INFO - Processing file /home/airflow/.local/lib/python3.12/site-packages/airflow/example_dags/example_sensors.py for tasks to queue
[2024-12-28T16:44:10.473+0000] {logging_mixin.py:190} INFO - [2024-12-28T16:44:10.471+0000] {dagbag.py:588} INFO - Filling up the DagBag from /home/airflow/.local/lib/python3.12/site-packages/airflow/example_dags/example_sensors.py
[2024-12-28T16:44:10.490+0000] {processor.py:925} INFO - DAG(s) 'example_sensors' retrieved from /home/airflow/.local/lib/python3.12/site-packages/airflow/example_dags/example_sensors.py
[2024-12-28T16:44:10.539+0000] {logging_mixin.py:190} INFO - [2024-12-28T16:44:10.538+0000] {dag.py:3239} INFO - Sync 1 DAGs
[2024-12-28T16:44:10.561+0000] {logging_mixin.py:190} INFO - [2024-12-28T16:44:10.561+0000] {dag.py:4180} INFO - Setting next_dagrun for example_sensors to None, run_after=None
[2024-12-28T16:44:10.605+0000] {processor.py:208} INFO - Processing /home/airflow/.local/lib/python3.12/site-packages/airflow/example_dags/example_sensors.py took 0.146 seconds
[2024-12-28T16:44:40.943+0000] {processor.py:186} INFO - Started process (PID=324) to work on /home/airflow/.local/lib/python3.12/site-packages/airflow/example_dags/example_sensors.py
[2024-12-28T16:44:40.944+0000] {processor.py:914} INFO - Processing file /home/airflow/.local/lib/python3.12/site-packages/airflow/example_dags/example_sensors.py for tasks to queue
[2024-12-28T16:44:40.946+0000] {logging_mixin.py:190} INFO - [2024-12-28T16:44:40.945+0000] {dagbag.py:588} INFO - Filling up the DagBag from /home/airflow/.local/lib/python3.12/site-packages/airflow/example_dags/example_sensors.py
[2024-12-28T16:44:40.956+0000] {processor.py:925} INFO - DAG(s) 'example_sensors' retrieved from /home/airflow/.local/lib/python3.12/site-packages/airflow/example_dags/example_sensors.py
[2024-12-28T16:44:40.980+0000] {logging_mixin.py:190} INFO - [2024-12-28T16:44:40.980+0000] {dag.py:3239} INFO - Sync 1 DAGs
[2024-12-28T16:44:40.994+0000] {logging_mixin.py:190} INFO - [2024-12-28T16:44:40.994+0000] {dag.py:4180} INFO - Setting next_dagrun for example_sensors to None, run_after=None
[2024-12-28T16:44:41.012+0000] {processor.py:208} INFO - Processing /home/airflow/.local/lib/python3.12/site-packages/airflow/example_dags/example_sensors.py took 0.074 seconds
[2024-12-28T16:45:11.280+0000] {processor.py:186} INFO - Started process (PID=387) to work on /home/airflow/.local/lib/python3.12/site-packages/airflow/example_dags/example_sensors.py
[2024-12-28T16:45:11.281+0000] {processor.py:914} INFO - Processing file /home/airflow/.local/lib/python3.12/site-packages/airflow/example_dags/example_sensors.py for tasks to queue
[2024-12-28T16:45:11.283+0000] {logging_mixin.py:190} INFO - [2024-12-28T16:45:11.283+0000] {dagbag.py:588} INFO - Filling up the DagBag from /home/airflow/.local/lib/python3.12/site-packages/airflow/example_dags/example_sensors.py
[2024-12-28T16:45:11.293+0000] {processor.py:925} INFO - DAG(s) 'example_sensors' retrieved from /home/airflow/.local/lib/python3.12/site-packages/airflow/example_dags/example_sensors.py
[2024-12-28T16:45:11.319+0000] {logging_mixin.py:190} INFO - [2024-12-28T16:45:11.318+0000] {dag.py:3239} INFO - Sync 1 DAGs
[2024-12-28T16:45:11.333+0000] {logging_mixin.py:190} INFO - [2024-12-28T16:45:11.333+0000] {dag.py:4180} INFO - Setting next_dagrun for example_sensors to None, run_after=None
[2024-12-28T16:45:11.349+0000] {processor.py:208} INFO - Processing /home/airflow/.local/lib/python3.12/site-packages/airflow/example_dags/example_sensors.py took 0.076 seconds
[2024-12-28T16:45:41.909+0000] {processor.py:186} INFO - Started process (PID=450) to work on /home/airflow/.local/lib/python3.12/site-packages/airflow/example_dags/example_sensors.py
[2024-12-28T16:45:41.911+0000] {processor.py:914} INFO - Processing file /home/airflow/.local/lib/python3.12/site-packages/airflow/example_dags/example_sensors.py for tasks to queue
[2024-12-28T16:45:41.913+0000] {logging_mixin.py:190} INFO - [2024-12-28T16:45:41.913+0000] {dagbag.py:588} INFO - Filling up the DagBag from /home/airflow/.local/lib/python3.12/site-packages/airflow/example_dags/example_sensors.py
[2024-12-28T16:45:41.924+0000] {processor.py:925} INFO - DAG(s) 'example_sensors' retrieved from /home/airflow/.local/lib/python3.12/site-packages/airflow/example_dags/example_sensors.py
[2024-12-28T16:45:41.954+0000] {logging_mixin.py:190} INFO - [2024-12-28T16:45:41.954+0000] {dag.py:3239} INFO - Sync 1 DAGs
[2024-12-28T16:45:41.970+0000] {logging_mixin.py:190} INFO - [2024-12-28T16:45:41.970+0000] {dag.py:4180} INFO - Setting next_dagrun for example_sensors to None, run_after=None
[2024-12-28T16:45:41.991+0000] {processor.py:208} INFO - Processing /home/airflow/.local/lib/python3.12/site-packages/airflow/example_dags/example_sensors.py took 0.088 seconds
[2024-12-28T16:46:12.537+0000] {processor.py:186} INFO - Started process (PID=519) to work on /home/airflow/.local/lib/python3.12/site-packages/airflow/example_dags/example_sensors.py
[2024-12-28T16:46:12.539+0000] {processor.py:914} INFO - Processing file /home/airflow/.local/lib/python3.12/site-packages/airflow/example_dags/example_sensors.py for tasks to queue
[2024-12-28T16:46:12.541+0000] {logging_mixin.py:190} INFO - [2024-12-28T16:46:12.541+0000] {dagbag.py:588} INFO - Filling up the DagBag from /home/airflow/.local/lib/python3.12/site-packages/airflow/example_dags/example_sensors.py
[2024-12-28T16:46:12.552+0000] {processor.py:925} INFO - DAG(s) 'example_sensors' retrieved from /home/airflow/.local/lib/python3.12/site-packages/airflow/example_dags/example_sensors.py
[2024-12-28T16:46:12.582+0000] {logging_mixin.py:190} INFO - [2024-12-28T16:46:12.581+0000] {dag.py:3239} INFO - Sync 1 DAGs
[2024-12-28T16:46:12.596+0000] {logging_mixin.py:190} INFO - [2024-12-28T16:46:12.595+0000] {dag.py:4180} INFO - Setting next_dagrun for example_sensors to None, run_after=None
[2024-12-28T16:46:12.618+0000] {processor.py:208} INFO - Processing /home/airflow/.local/lib/python3.12/site-packages/airflow/example_dags/example_sensors.py took 0.087 seconds
[2024-12-28T16:46:43.092+0000] {processor.py:186} INFO - Started process (PID=582) to work on /home/airflow/.local/lib/python3.12/site-packages/airflow/example_dags/example_sensors.py
[2024-12-28T16:46:43.093+0000] {processor.py:914} INFO - Processing file /home/airflow/.local/lib/python3.12/site-packages/airflow/example_dags/example_sensors.py for tasks to queue
[2024-12-28T16:46:43.096+0000] {logging_mixin.py:190} INFO - [2024-12-28T16:46:43.095+0000] {dagbag.py:588} INFO - Filling up the DagBag from /home/airflow/.local/lib/python3.12/site-packages/airflow/example_dags/example_sensors.py
[2024-12-28T16:46:43.107+0000] {processor.py:925} INFO - DAG(s) 'example_sensors' retrieved from /home/airflow/.local/lib/python3.12/site-packages/airflow/example_dags/example_sensors.py
[2024-12-28T16:46:43.136+0000] {logging_mixin.py:190} INFO - [2024-12-28T16:46:43.136+0000] {dag.py:3239} INFO - Sync 1 DAGs
[2024-12-28T16:46:43.151+0000] {logging_mixin.py:190} INFO - [2024-12-28T16:46:43.151+0000] {dag.py:4180} INFO - Setting next_dagrun for example_sensors to None, run_after=None
[2024-12-28T16:46:43.172+0000] {processor.py:208} INFO - Processing /home/airflow/.local/lib/python3.12/site-packages/airflow/example_dags/example_sensors.py took 0.086 seconds
[2024-12-28T16:47:13.257+0000] {processor.py:186} INFO - Started process (PID=645) to work on /home/airflow/.local/lib/python3.12/site-packages/airflow/example_dags/example_sensors.py
[2024-12-28T16:47:13.258+0000] {processor.py:914} INFO - Processing file /home/airflow/.local/lib/python3.12/site-packages/airflow/example_dags/example_sensors.py for tasks to queue
[2024-12-28T16:47:13.260+0000] {logging_mixin.py:190} INFO - [2024-12-28T16:47:13.260+0000] {dagbag.py:588} INFO - Filling up the DagBag from /home/airflow/.local/lib/python3.12/site-packages/airflow/example_dags/example_sensors.py
[2024-12-28T16:47:13.272+0000] {processor.py:925} INFO - DAG(s) 'example_sensors' retrieved from /home/airflow/.local/lib/python3.12/site-packages/airflow/example_dags/example_sensors.py
[2024-12-28T16:47:13.307+0000] {logging_mixin.py:190} INFO - [2024-12-28T16:47:13.307+0000] {dag.py:3239} INFO - Sync 1 DAGs
[2024-12-28T16:47:13.325+0000] {logging_mixin.py:190} INFO - [2024-12-28T16:47:13.324+0000] {dag.py:4180} INFO - Setting next_dagrun for example_sensors to None, run_after=None
[2024-12-28T16:47:13.346+0000] {processor.py:208} INFO - Processing /home/airflow/.local/lib/python3.12/site-packages/airflow/example_dags/example_sensors.py took 0.096 seconds
[2024-12-28T16:47:43.877+0000] {processor.py:186} INFO - Started process (PID=709) to work on /home/airflow/.local/lib/python3.12/site-packages/airflow/example_dags/example_sensors.py
[2024-12-28T16:47:43.878+0000] {processor.py:914} INFO - Processing file /home/airflow/.local/lib/python3.12/site-packages/airflow/example_dags/example_sensors.py for tasks to queue
[2024-12-28T16:47:43.881+0000] {logging_mixin.py:190} INFO - [2024-12-28T16:47:43.881+0000] {dagbag.py:588} INFO - Filling up the DagBag from /home/airflow/.local/lib/python3.12/site-packages/airflow/example_dags/example_sensors.py
[2024-12-28T16:47:43.895+0000] {processor.py:925} INFO - DAG(s) 'example_sensors' retrieved from /home/airflow/.local/lib/python3.12/site-packages/airflow/example_dags/example_sensors.py
[2024-12-28T16:47:43.923+0000] {logging_mixin.py:190} INFO - [2024-12-28T16:47:43.923+0000] {dag.py:3239} INFO - Sync 1 DAGs
[2024-12-28T16:47:43.938+0000] {logging_mixin.py:190} INFO - [2024-12-28T16:47:43.938+0000] {dag.py:4180} INFO - Setting next_dagrun for example_sensors to None, run_after=None
[2024-12-28T16:47:43.958+0000] {processor.py:208} INFO - Processing /home/airflow/.local/lib/python3.12/site-packages/airflow/example_dags/example_sensors.py took 0.089 seconds
[2024-12-28T16:52:20.751+0000] {processor.py:186} INFO - Started process (PID=74) to work on /home/airflow/.local/lib/python3.12/site-packages/airflow/example_dags/example_sensors.py
[2024-12-28T16:52:20.752+0000] {processor.py:914} INFO - Processing file /home/airflow/.local/lib/python3.12/site-packages/airflow/example_dags/example_sensors.py for tasks to queue
[2024-12-28T16:52:20.755+0000] {logging_mixin.py:190} INFO - [2024-12-28T16:52:20.754+0000] {dagbag.py:588} INFO - Filling up the DagBag from /home/airflow/.local/lib/python3.12/site-packages/airflow/example_dags/example_sensors.py
[2024-12-28T16:52:20.767+0000] {processor.py:925} INFO - DAG(s) 'example_sensors' retrieved from /home/airflow/.local/lib/python3.12/site-packages/airflow/example_dags/example_sensors.py
[2024-12-28T16:52:20.798+0000] {logging_mixin.py:190} INFO - [2024-12-28T16:52:20.798+0000] {dag.py:3239} INFO - Sync 1 DAGs
[2024-12-28T16:52:20.812+0000] {logging_mixin.py:190} INFO - [2024-12-28T16:52:20.811+0000] {dag.py:4180} INFO - Setting next_dagrun for example_sensors to None, run_after=None
[2024-12-28T16:52:20.829+0000] {processor.py:208} INFO - Processing /home/airflow/.local/lib/python3.12/site-packages/airflow/example_dags/example_sensors.py took 0.083 seconds
[2024-12-28T16:52:51.446+0000] {processor.py:186} INFO - Started process (PID=138) to work on /home/airflow/.local/lib/python3.12/site-packages/airflow/example_dags/example_sensors.py
[2024-12-28T16:52:51.447+0000] {processor.py:914} INFO - Processing file /home/airflow/.local/lib/python3.12/site-packages/airflow/example_dags/example_sensors.py for tasks to queue
[2024-12-28T16:52:51.450+0000] {logging_mixin.py:190} INFO - [2024-12-28T16:52:51.449+0000] {dagbag.py:588} INFO - Filling up the DagBag from /home/airflow/.local/lib/python3.12/site-packages/airflow/example_dags/example_sensors.py
[2024-12-28T16:52:51.461+0000] {processor.py:925} INFO - DAG(s) 'example_sensors' retrieved from /home/airflow/.local/lib/python3.12/site-packages/airflow/example_dags/example_sensors.py
[2024-12-28T16:52:51.489+0000] {logging_mixin.py:190} INFO - [2024-12-28T16:52:51.489+0000] {dag.py:3239} INFO - Sync 1 DAGs
[2024-12-28T16:52:51.503+0000] {logging_mixin.py:190} INFO - [2024-12-28T16:52:51.503+0000] {dag.py:4180} INFO - Setting next_dagrun for example_sensors to None, run_after=None
[2024-12-28T16:52:51.525+0000] {processor.py:208} INFO - Processing /home/airflow/.local/lib/python3.12/site-packages/airflow/example_dags/example_sensors.py took 0.085 seconds
[2024-12-28T16:53:21.578+0000] {processor.py:186} INFO - Started process (PID=202) to work on /home/airflow/.local/lib/python3.12/site-packages/airflow/example_dags/example_sensors.py
[2024-12-28T16:53:21.579+0000] {processor.py:914} INFO - Processing file /home/airflow/.local/lib/python3.12/site-packages/airflow/example_dags/example_sensors.py for tasks to queue
[2024-12-28T16:53:21.581+0000] {logging_mixin.py:190} INFO - [2024-12-28T16:53:21.581+0000] {dagbag.py:588} INFO - Filling up the DagBag from /home/airflow/.local/lib/python3.12/site-packages/airflow/example_dags/example_sensors.py
[2024-12-28T16:53:21.590+0000] {processor.py:925} INFO - DAG(s) 'example_sensors' retrieved from /home/airflow/.local/lib/python3.12/site-packages/airflow/example_dags/example_sensors.py
[2024-12-28T16:53:21.613+0000] {logging_mixin.py:190} INFO - [2024-12-28T16:53:21.613+0000] {dag.py:3239} INFO - Sync 1 DAGs
[2024-12-28T16:53:21.626+0000] {logging_mixin.py:190} INFO - [2024-12-28T16:53:21.626+0000] {dag.py:4180} INFO - Setting next_dagrun for example_sensors to None, run_after=None
[2024-12-28T16:53:21.646+0000] {processor.py:208} INFO - Processing /home/airflow/.local/lib/python3.12/site-packages/airflow/example_dags/example_sensors.py took 0.074 seconds
[2024-12-28T16:53:52.865+0000] {processor.py:186} INFO - Started process (PID=270) to work on /home/airflow/.local/lib/python3.12/site-packages/airflow/example_dags/example_sensors.py
[2024-12-28T16:53:52.866+0000] {processor.py:914} INFO - Processing file /home/airflow/.local/lib/python3.12/site-packages/airflow/example_dags/example_sensors.py for tasks to queue
[2024-12-28T16:53:52.876+0000] {logging_mixin.py:190} INFO - [2024-12-28T16:53:52.875+0000] {dagbag.py:588} INFO - Filling up the DagBag from /home/airflow/.local/lib/python3.12/site-packages/airflow/example_dags/example_sensors.py
[2024-12-28T16:53:52.902+0000] {processor.py:925} INFO - DAG(s) 'example_sensors' retrieved from /home/airflow/.local/lib/python3.12/site-packages/airflow/example_dags/example_sensors.py
[2024-12-28T16:53:52.964+0000] {logging_mixin.py:190} INFO - [2024-12-28T16:53:52.964+0000] {dag.py:3239} INFO - Sync 1 DAGs
[2024-12-28T16:53:52.987+0000] {logging_mixin.py:190} INFO - [2024-12-28T16:53:52.987+0000] {dag.py:4180} INFO - Setting next_dagrun for example_sensors to None, run_after=None
[2024-12-28T16:53:53.019+0000] {processor.py:208} INFO - Processing /home/airflow/.local/lib/python3.12/site-packages/airflow/example_dags/example_sensors.py took 0.166 seconds
[2024-12-28T16:54:24.068+0000] {processor.py:186} INFO - Started process (PID=334) to work on /home/airflow/.local/lib/python3.12/site-packages/airflow/example_dags/example_sensors.py
[2024-12-28T16:54:24.074+0000] {processor.py:914} INFO - Processing file /home/airflow/.local/lib/python3.12/site-packages/airflow/example_dags/example_sensors.py for tasks to queue
[2024-12-28T16:54:24.079+0000] {logging_mixin.py:190} INFO - [2024-12-28T16:54:24.078+0000] {dagbag.py:588} INFO - Filling up the DagBag from /home/airflow/.local/lib/python3.12/site-packages/airflow/example_dags/example_sensors.py
[2024-12-28T16:54:24.097+0000] {processor.py:925} INFO - DAG(s) 'example_sensors' retrieved from /home/airflow/.local/lib/python3.12/site-packages/airflow/example_dags/example_sensors.py
[2024-12-28T16:54:24.145+0000] {logging_mixin.py:190} INFO - [2024-12-28T16:54:24.145+0000] {dag.py:3239} INFO - Sync 1 DAGs
[2024-12-28T16:54:24.168+0000] {logging_mixin.py:190} INFO - [2024-12-28T16:54:24.168+0000] {dag.py:4180} INFO - Setting next_dagrun for example_sensors to None, run_after=None
[2024-12-28T16:54:24.215+0000] {processor.py:208} INFO - Processing /home/airflow/.local/lib/python3.12/site-packages/airflow/example_dags/example_sensors.py took 0.154 seconds
[2024-12-28T16:54:54.945+0000] {processor.py:186} INFO - Started process (PID=398) to work on /home/airflow/.local/lib/python3.12/site-packages/airflow/example_dags/example_sensors.py
[2024-12-28T16:54:54.946+0000] {processor.py:914} INFO - Processing file /home/airflow/.local/lib/python3.12/site-packages/airflow/example_dags/example_sensors.py for tasks to queue
[2024-12-28T16:54:54.949+0000] {logging_mixin.py:190} INFO - [2024-12-28T16:54:54.948+0000] {dagbag.py:588} INFO - Filling up the DagBag from /home/airflow/.local/lib/python3.12/site-packages/airflow/example_dags/example_sensors.py
[2024-12-28T16:54:54.959+0000] {processor.py:925} INFO - DAG(s) 'example_sensors' retrieved from /home/airflow/.local/lib/python3.12/site-packages/airflow/example_dags/example_sensors.py
[2024-12-28T16:54:54.985+0000] {logging_mixin.py:190} INFO - [2024-12-28T16:54:54.985+0000] {dag.py:3239} INFO - Sync 1 DAGs
[2024-12-28T16:54:54.999+0000] {logging_mixin.py:190} INFO - [2024-12-28T16:54:54.998+0000] {dag.py:4180} INFO - Setting next_dagrun for example_sensors to None, run_after=None
[2024-12-28T16:54:55.019+0000] {processor.py:208} INFO - Processing /home/airflow/.local/lib/python3.12/site-packages/airflow/example_dags/example_sensors.py took 0.080 seconds
[2024-12-28T16:55:25.502+0000] {processor.py:186} INFO - Started process (PID=462) to work on /home/airflow/.local/lib/python3.12/site-packages/airflow/example_dags/example_sensors.py
[2024-12-28T16:55:25.507+0000] {processor.py:914} INFO - Processing file /home/airflow/.local/lib/python3.12/site-packages/airflow/example_dags/example_sensors.py for tasks to queue
[2024-12-28T16:55:25.511+0000] {logging_mixin.py:190} INFO - [2024-12-28T16:55:25.510+0000] {dagbag.py:588} INFO - Filling up the DagBag from /home/airflow/.local/lib/python3.12/site-packages/airflow/example_dags/example_sensors.py
[2024-12-28T16:55:25.534+0000] {processor.py:925} INFO - DAG(s) 'example_sensors' retrieved from /home/airflow/.local/lib/python3.12/site-packages/airflow/example_dags/example_sensors.py
[2024-12-28T16:55:25.608+0000] {logging_mixin.py:190} INFO - [2024-12-28T16:55:25.608+0000] {dag.py:3239} INFO - Sync 1 DAGs
[2024-12-28T16:55:25.642+0000] {logging_mixin.py:190} INFO - [2024-12-28T16:55:25.641+0000] {dag.py:4180} INFO - Setting next_dagrun for example_sensors to None, run_after=None
[2024-12-28T16:55:25.690+0000] {processor.py:208} INFO - Processing /home/airflow/.local/lib/python3.12/site-packages/airflow/example_dags/example_sensors.py took 0.198 seconds
[2024-12-28T16:55:55.792+0000] {processor.py:186} INFO - Started process (PID=526) to work on /home/airflow/.local/lib/python3.12/site-packages/airflow/example_dags/example_sensors.py
[2024-12-28T16:55:55.793+0000] {processor.py:914} INFO - Processing file /home/airflow/.local/lib/python3.12/site-packages/airflow/example_dags/example_sensors.py for tasks to queue
[2024-12-28T16:55:55.796+0000] {logging_mixin.py:190} INFO - [2024-12-28T16:55:55.795+0000] {dagbag.py:588} INFO - Filling up the DagBag from /home/airflow/.local/lib/python3.12/site-packages/airflow/example_dags/example_sensors.py
[2024-12-28T16:55:55.808+0000] {processor.py:925} INFO - DAG(s) 'example_sensors' retrieved from /home/airflow/.local/lib/python3.12/site-packages/airflow/example_dags/example_sensors.py
[2024-12-28T16:55:55.835+0000] {logging_mixin.py:190} INFO - [2024-12-28T16:55:55.834+0000] {dag.py:3239} INFO - Sync 1 DAGs
[2024-12-28T16:55:55.848+0000] {logging_mixin.py:190} INFO - [2024-12-28T16:55:55.848+0000] {dag.py:4180} INFO - Setting next_dagrun for example_sensors to None, run_after=None
[2024-12-28T16:55:55.867+0000] {processor.py:208} INFO - Processing /home/airflow/.local/lib/python3.12/site-packages/airflow/example_dags/example_sensors.py took 0.081 seconds
[2024-12-28T16:56:26.158+0000] {processor.py:186} INFO - Started process (PID=590) to work on /home/airflow/.local/lib/python3.12/site-packages/airflow/example_dags/example_sensors.py
[2024-12-28T16:56:26.159+0000] {processor.py:914} INFO - Processing file /home/airflow/.local/lib/python3.12/site-packages/airflow/example_dags/example_sensors.py for tasks to queue
[2024-12-28T16:56:26.162+0000] {logging_mixin.py:190} INFO - [2024-12-28T16:56:26.162+0000] {dagbag.py:588} INFO - Filling up the DagBag from /home/airflow/.local/lib/python3.12/site-packages/airflow/example_dags/example_sensors.py
[2024-12-28T16:56:26.179+0000] {processor.py:925} INFO - DAG(s) 'example_sensors' retrieved from /home/airflow/.local/lib/python3.12/site-packages/airflow/example_dags/example_sensors.py
[2024-12-28T16:56:26.215+0000] {logging_mixin.py:190} INFO - [2024-12-28T16:56:26.215+0000] {dag.py:3239} INFO - Sync 1 DAGs
[2024-12-28T16:56:26.234+0000] {logging_mixin.py:190} INFO - [2024-12-28T16:56:26.234+0000] {dag.py:4180} INFO - Setting next_dagrun for example_sensors to None, run_after=None
[2024-12-28T16:56:26.258+0000] {processor.py:208} INFO - Processing /home/airflow/.local/lib/python3.12/site-packages/airflow/example_dags/example_sensors.py took 0.110 seconds
[2024-12-28T16:56:57.070+0000] {processor.py:186} INFO - Started process (PID=654) to work on /home/airflow/.local/lib/python3.12/site-packages/airflow/example_dags/example_sensors.py
[2024-12-28T16:56:57.071+0000] {processor.py:914} INFO - Processing file /home/airflow/.local/lib/python3.12/site-packages/airflow/example_dags/example_sensors.py for tasks to queue
[2024-12-28T16:56:57.073+0000] {logging_mixin.py:190} INFO - [2024-12-28T16:56:57.073+0000] {dagbag.py:588} INFO - Filling up the DagBag from /home/airflow/.local/lib/python3.12/site-packages/airflow/example_dags/example_sensors.py
[2024-12-28T16:56:57.082+0000] {processor.py:925} INFO - DAG(s) 'example_sensors' retrieved from /home/airflow/.local/lib/python3.12/site-packages/airflow/example_dags/example_sensors.py
[2024-12-28T16:56:57.108+0000] {logging_mixin.py:190} INFO - [2024-12-28T16:56:57.107+0000] {dag.py:3239} INFO - Sync 1 DAGs
[2024-12-28T16:56:57.121+0000] {logging_mixin.py:190} INFO - [2024-12-28T16:56:57.120+0000] {dag.py:4180} INFO - Setting next_dagrun for example_sensors to None, run_after=None
[2024-12-28T16:56:57.138+0000] {processor.py:208} INFO - Processing /home/airflow/.local/lib/python3.12/site-packages/airflow/example_dags/example_sensors.py took 0.074 seconds
[2024-12-28T16:57:27.707+0000] {processor.py:186} INFO - Started process (PID=718) to work on /home/airflow/.local/lib/python3.12/site-packages/airflow/example_dags/example_sensors.py
[2024-12-28T16:57:27.708+0000] {processor.py:914} INFO - Processing file /home/airflow/.local/lib/python3.12/site-packages/airflow/example_dags/example_sensors.py for tasks to queue
[2024-12-28T16:57:27.710+0000] {logging_mixin.py:190} INFO - [2024-12-28T16:57:27.710+0000] {dagbag.py:588} INFO - Filling up the DagBag from /home/airflow/.local/lib/python3.12/site-packages/airflow/example_dags/example_sensors.py
[2024-12-28T16:57:27.720+0000] {processor.py:925} INFO - DAG(s) 'example_sensors' retrieved from /home/airflow/.local/lib/python3.12/site-packages/airflow/example_dags/example_sensors.py
[2024-12-28T16:57:27.745+0000] {logging_mixin.py:190} INFO - [2024-12-28T16:57:27.745+0000] {dag.py:3239} INFO - Sync 1 DAGs
[2024-12-28T16:57:27.758+0000] {logging_mixin.py:190} INFO - [2024-12-28T16:57:27.758+0000] {dag.py:4180} INFO - Setting next_dagrun for example_sensors to None, run_after=None
[2024-12-28T16:57:27.775+0000] {processor.py:208} INFO - Processing /home/airflow/.local/lib/python3.12/site-packages/airflow/example_dags/example_sensors.py took 0.074 seconds
[2024-12-28T16:57:58.370+0000] {processor.py:186} INFO - Started process (PID=782) to work on /home/airflow/.local/lib/python3.12/site-packages/airflow/example_dags/example_sensors.py
[2024-12-28T16:57:58.370+0000] {processor.py:914} INFO - Processing file /home/airflow/.local/lib/python3.12/site-packages/airflow/example_dags/example_sensors.py for tasks to queue
[2024-12-28T16:57:58.373+0000] {logging_mixin.py:190} INFO - [2024-12-28T16:57:58.372+0000] {dagbag.py:588} INFO - Filling up the DagBag from /home/airflow/.local/lib/python3.12/site-packages/airflow/example_dags/example_sensors.py
[2024-12-28T16:57:58.383+0000] {processor.py:925} INFO - DAG(s) 'example_sensors' retrieved from /home/airflow/.local/lib/python3.12/site-packages/airflow/example_dags/example_sensors.py
[2024-12-28T16:57:58.409+0000] {logging_mixin.py:190} INFO - [2024-12-28T16:57:58.408+0000] {dag.py:3239} INFO - Sync 1 DAGs
[2024-12-28T16:57:58.422+0000] {logging_mixin.py:190} INFO - [2024-12-28T16:57:58.421+0000] {dag.py:4180} INFO - Setting next_dagrun for example_sensors to None, run_after=None
[2024-12-28T16:57:58.439+0000] {processor.py:208} INFO - Processing /home/airflow/.local/lib/python3.12/site-packages/airflow/example_dags/example_sensors.py took 0.075 seconds
[2024-12-28T16:58:28.629+0000] {processor.py:186} INFO - Started process (PID=846) to work on /home/airflow/.local/lib/python3.12/site-packages/airflow/example_dags/example_sensors.py
[2024-12-28T16:58:28.630+0000] {processor.py:914} INFO - Processing file /home/airflow/.local/lib/python3.12/site-packages/airflow/example_dags/example_sensors.py for tasks to queue
[2024-12-28T16:58:28.632+0000] {logging_mixin.py:190} INFO - [2024-12-28T16:58:28.632+0000] {dagbag.py:588} INFO - Filling up the DagBag from /home/airflow/.local/lib/python3.12/site-packages/airflow/example_dags/example_sensors.py
[2024-12-28T16:58:28.644+0000] {processor.py:925} INFO - DAG(s) 'example_sensors' retrieved from /home/airflow/.local/lib/python3.12/site-packages/airflow/example_dags/example_sensors.py
[2024-12-28T16:58:28.677+0000] {logging_mixin.py:190} INFO - [2024-12-28T16:58:28.676+0000] {dag.py:3239} INFO - Sync 1 DAGs
[2024-12-28T16:58:28.691+0000] {logging_mixin.py:190} INFO - [2024-12-28T16:58:28.690+0000] {dag.py:4180} INFO - Setting next_dagrun for example_sensors to None, run_after=None
[2024-12-28T16:58:28.710+0000] {processor.py:208} INFO - Processing /home/airflow/.local/lib/python3.12/site-packages/airflow/example_dags/example_sensors.py took 0.088 seconds
[2024-12-28T16:58:58.962+0000] {processor.py:186} INFO - Started process (PID=910) to work on /home/airflow/.local/lib/python3.12/site-packages/airflow/example_dags/example_sensors.py
[2024-12-28T16:58:58.963+0000] {processor.py:914} INFO - Processing file /home/airflow/.local/lib/python3.12/site-packages/airflow/example_dags/example_sensors.py for tasks to queue
[2024-12-28T16:58:58.966+0000] {logging_mixin.py:190} INFO - [2024-12-28T16:58:58.965+0000] {dagbag.py:588} INFO - Filling up the DagBag from /home/airflow/.local/lib/python3.12/site-packages/airflow/example_dags/example_sensors.py
[2024-12-28T16:58:58.975+0000] {processor.py:925} INFO - DAG(s) 'example_sensors' retrieved from /home/airflow/.local/lib/python3.12/site-packages/airflow/example_dags/example_sensors.py
[2024-12-28T16:58:58.998+0000] {logging_mixin.py:190} INFO - [2024-12-28T16:58:58.998+0000] {dag.py:3239} INFO - Sync 1 DAGs
[2024-12-28T16:58:59.011+0000] {logging_mixin.py:190} INFO - [2024-12-28T16:58:59.011+0000] {dag.py:4180} INFO - Setting next_dagrun for example_sensors to None, run_after=None
[2024-12-28T16:58:59.027+0000] {processor.py:208} INFO - Processing /home/airflow/.local/lib/python3.12/site-packages/airflow/example_dags/example_sensors.py took 0.070 seconds
[2024-12-28T16:59:29.107+0000] {processor.py:186} INFO - Started process (PID=974) to work on /home/airflow/.local/lib/python3.12/site-packages/airflow/example_dags/example_sensors.py
[2024-12-28T16:59:29.108+0000] {processor.py:914} INFO - Processing file /home/airflow/.local/lib/python3.12/site-packages/airflow/example_dags/example_sensors.py for tasks to queue
[2024-12-28T16:59:29.110+0000] {logging_mixin.py:190} INFO - [2024-12-28T16:59:29.110+0000] {dagbag.py:588} INFO - Filling up the DagBag from /home/airflow/.local/lib/python3.12/site-packages/airflow/example_dags/example_sensors.py
[2024-12-28T16:59:29.119+0000] {processor.py:925} INFO - DAG(s) 'example_sensors' retrieved from /home/airflow/.local/lib/python3.12/site-packages/airflow/example_dags/example_sensors.py
[2024-12-28T16:59:29.143+0000] {logging_mixin.py:190} INFO - [2024-12-28T16:59:29.143+0000] {dag.py:3239} INFO - Sync 1 DAGs
[2024-12-28T16:59:29.156+0000] {logging_mixin.py:190} INFO - [2024-12-28T16:59:29.155+0000] {dag.py:4180} INFO - Setting next_dagrun for example_sensors to None, run_after=None
[2024-12-28T16:59:29.173+0000] {processor.py:208} INFO - Processing /home/airflow/.local/lib/python3.12/site-packages/airflow/example_dags/example_sensors.py took 0.071 seconds
[2024-12-28T17:00:00.063+0000] {processor.py:186} INFO - Started process (PID=1038) to work on /home/airflow/.local/lib/python3.12/site-packages/airflow/example_dags/example_sensors.py
[2024-12-28T17:00:00.063+0000] {processor.py:914} INFO - Processing file /home/airflow/.local/lib/python3.12/site-packages/airflow/example_dags/example_sensors.py for tasks to queue
[2024-12-28T17:00:00.066+0000] {logging_mixin.py:190} INFO - [2024-12-28T17:00:00.065+0000] {dagbag.py:588} INFO - Filling up the DagBag from /home/airflow/.local/lib/python3.12/site-packages/airflow/example_dags/example_sensors.py
[2024-12-28T17:00:00.076+0000] {processor.py:925} INFO - DAG(s) 'example_sensors' retrieved from /home/airflow/.local/lib/python3.12/site-packages/airflow/example_dags/example_sensors.py
[2024-12-28T17:00:00.101+0000] {logging_mixin.py:190} INFO - [2024-12-28T17:00:00.100+0000] {dag.py:3239} INFO - Sync 1 DAGs
[2024-12-28T17:00:00.114+0000] {logging_mixin.py:190} INFO - [2024-12-28T17:00:00.114+0000] {dag.py:4180} INFO - Setting next_dagrun for example_sensors to None, run_after=None
[2024-12-28T17:00:00.132+0000] {processor.py:208} INFO - Processing /home/airflow/.local/lib/python3.12/site-packages/airflow/example_dags/example_sensors.py took 0.076 seconds
[2024-12-28T17:00:30.595+0000] {processor.py:186} INFO - Started process (PID=1102) to work on /home/airflow/.local/lib/python3.12/site-packages/airflow/example_dags/example_sensors.py
[2024-12-28T17:00:30.596+0000] {processor.py:914} INFO - Processing file /home/airflow/.local/lib/python3.12/site-packages/airflow/example_dags/example_sensors.py for tasks to queue
[2024-12-28T17:00:30.598+0000] {logging_mixin.py:190} INFO - [2024-12-28T17:00:30.598+0000] {dagbag.py:588} INFO - Filling up the DagBag from /home/airflow/.local/lib/python3.12/site-packages/airflow/example_dags/example_sensors.py
[2024-12-28T17:00:30.608+0000] {processor.py:925} INFO - DAG(s) 'example_sensors' retrieved from /home/airflow/.local/lib/python3.12/site-packages/airflow/example_dags/example_sensors.py
[2024-12-28T17:00:30.631+0000] {logging_mixin.py:190} INFO - [2024-12-28T17:00:30.630+0000] {dag.py:3239} INFO - Sync 1 DAGs
[2024-12-28T17:00:30.643+0000] {logging_mixin.py:190} INFO - [2024-12-28T17:00:30.643+0000] {dag.py:4180} INFO - Setting next_dagrun for example_sensors to None, run_after=None
[2024-12-28T17:00:30.660+0000] {processor.py:208} INFO - Processing /home/airflow/.local/lib/python3.12/site-packages/airflow/example_dags/example_sensors.py took 0.070 seconds
[2024-12-28T17:01:01.027+0000] {processor.py:186} INFO - Started process (PID=1166) to work on /home/airflow/.local/lib/python3.12/site-packages/airflow/example_dags/example_sensors.py
[2024-12-28T17:01:01.027+0000] {processor.py:914} INFO - Processing file /home/airflow/.local/lib/python3.12/site-packages/airflow/example_dags/example_sensors.py for tasks to queue
[2024-12-28T17:01:01.030+0000] {logging_mixin.py:190} INFO - [2024-12-28T17:01:01.029+0000] {dagbag.py:588} INFO - Filling up the DagBag from /home/airflow/.local/lib/python3.12/site-packages/airflow/example_dags/example_sensors.py
[2024-12-28T17:01:01.039+0000] {processor.py:925} INFO - DAG(s) 'example_sensors' retrieved from /home/airflow/.local/lib/python3.12/site-packages/airflow/example_dags/example_sensors.py
[2024-12-28T17:01:01.062+0000] {logging_mixin.py:190} INFO - [2024-12-28T17:01:01.062+0000] {dag.py:3239} INFO - Sync 1 DAGs
[2024-12-28T17:01:01.074+0000] {logging_mixin.py:190} INFO - [2024-12-28T17:01:01.074+0000] {dag.py:4180} INFO - Setting next_dagrun for example_sensors to None, run_after=None
[2024-12-28T17:01:01.091+0000] {processor.py:208} INFO - Processing /home/airflow/.local/lib/python3.12/site-packages/airflow/example_dags/example_sensors.py took 0.069 seconds
[2024-12-28T17:01:31.862+0000] {processor.py:186} INFO - Started process (PID=1230) to work on /home/airflow/.local/lib/python3.12/site-packages/airflow/example_dags/example_sensors.py
[2024-12-28T17:01:31.863+0000] {processor.py:914} INFO - Processing file /home/airflow/.local/lib/python3.12/site-packages/airflow/example_dags/example_sensors.py for tasks to queue
[2024-12-28T17:01:31.865+0000] {logging_mixin.py:190} INFO - [2024-12-28T17:01:31.865+0000] {dagbag.py:588} INFO - Filling up the DagBag from /home/airflow/.local/lib/python3.12/site-packages/airflow/example_dags/example_sensors.py
[2024-12-28T17:01:31.874+0000] {processor.py:925} INFO - DAG(s) 'example_sensors' retrieved from /home/airflow/.local/lib/python3.12/site-packages/airflow/example_dags/example_sensors.py
[2024-12-28T17:01:31.897+0000] {logging_mixin.py:190} INFO - [2024-12-28T17:01:31.896+0000] {dag.py:3239} INFO - Sync 1 DAGs
[2024-12-28T17:01:31.909+0000] {logging_mixin.py:190} INFO - [2024-12-28T17:01:31.909+0000] {dag.py:4180} INFO - Setting next_dagrun for example_sensors to None, run_after=None
[2024-12-28T17:01:31.925+0000] {processor.py:208} INFO - Processing /home/airflow/.local/lib/python3.12/site-packages/airflow/example_dags/example_sensors.py took 0.069 seconds
[2024-12-28T17:02:02.528+0000] {processor.py:186} INFO - Started process (PID=1294) to work on /home/airflow/.local/lib/python3.12/site-packages/airflow/example_dags/example_sensors.py
[2024-12-28T17:02:02.529+0000] {processor.py:914} INFO - Processing file /home/airflow/.local/lib/python3.12/site-packages/airflow/example_dags/example_sensors.py for tasks to queue
[2024-12-28T17:02:02.531+0000] {logging_mixin.py:190} INFO - [2024-12-28T17:02:02.531+0000] {dagbag.py:588} INFO - Filling up the DagBag from /home/airflow/.local/lib/python3.12/site-packages/airflow/example_dags/example_sensors.py
[2024-12-28T17:02:02.540+0000] {processor.py:925} INFO - DAG(s) 'example_sensors' retrieved from /home/airflow/.local/lib/python3.12/site-packages/airflow/example_dags/example_sensors.py
[2024-12-28T17:02:02.564+0000] {logging_mixin.py:190} INFO - [2024-12-28T17:02:02.563+0000] {dag.py:3239} INFO - Sync 1 DAGs
[2024-12-28T17:02:02.575+0000] {logging_mixin.py:190} INFO - [2024-12-28T17:02:02.575+0000] {dag.py:4180} INFO - Setting next_dagrun for example_sensors to None, run_after=None
[2024-12-28T17:02:02.593+0000] {processor.py:208} INFO - Processing /home/airflow/.local/lib/python3.12/site-packages/airflow/example_dags/example_sensors.py took 0.070 seconds
[2024-12-28T17:02:33.312+0000] {processor.py:186} INFO - Started process (PID=1367) to work on /home/airflow/.local/lib/python3.12/site-packages/airflow/example_dags/example_sensors.py
[2024-12-28T17:02:33.313+0000] {processor.py:914} INFO - Processing file /home/airflow/.local/lib/python3.12/site-packages/airflow/example_dags/example_sensors.py for tasks to queue
[2024-12-28T17:02:33.315+0000] {logging_mixin.py:190} INFO - [2024-12-28T17:02:33.315+0000] {dagbag.py:588} INFO - Filling up the DagBag from /home/airflow/.local/lib/python3.12/site-packages/airflow/example_dags/example_sensors.py
[2024-12-28T17:02:33.324+0000] {processor.py:925} INFO - DAG(s) 'example_sensors' retrieved from /home/airflow/.local/lib/python3.12/site-packages/airflow/example_dags/example_sensors.py
[2024-12-28T17:02:33.348+0000] {logging_mixin.py:190} INFO - [2024-12-28T17:02:33.348+0000] {dag.py:3239} INFO - Sync 1 DAGs
[2024-12-28T17:02:33.360+0000] {logging_mixin.py:190} INFO - [2024-12-28T17:02:33.360+0000] {dag.py:4180} INFO - Setting next_dagrun for example_sensors to None, run_after=None
[2024-12-28T17:02:33.377+0000] {processor.py:208} INFO - Processing /home/airflow/.local/lib/python3.12/site-packages/airflow/example_dags/example_sensors.py took 0.070 seconds
[2024-12-28T17:03:03.639+0000] {processor.py:186} INFO - Started process (PID=1440) to work on /home/airflow/.local/lib/python3.12/site-packages/airflow/example_dags/example_sensors.py
[2024-12-28T17:03:03.640+0000] {processor.py:914} INFO - Processing file /home/airflow/.local/lib/python3.12/site-packages/airflow/example_dags/example_sensors.py for tasks to queue
[2024-12-28T17:03:03.644+0000] {logging_mixin.py:190} INFO - [2024-12-28T17:03:03.643+0000] {dagbag.py:588} INFO - Filling up the DagBag from /home/airflow/.local/lib/python3.12/site-packages/airflow/example_dags/example_sensors.py
[2024-12-28T17:03:03.653+0000] {processor.py:925} INFO - DAG(s) 'example_sensors' retrieved from /home/airflow/.local/lib/python3.12/site-packages/airflow/example_dags/example_sensors.py
[2024-12-28T17:03:03.679+0000] {logging_mixin.py:190} INFO - [2024-12-28T17:03:03.679+0000] {dag.py:3239} INFO - Sync 1 DAGs
[2024-12-28T17:03:03.691+0000] {logging_mixin.py:190} INFO - [2024-12-28T17:03:03.691+0000] {dag.py:4180} INFO - Setting next_dagrun for example_sensors to None, run_after=None
[2024-12-28T17:03:03.711+0000] {processor.py:208} INFO - Processing /home/airflow/.local/lib/python3.12/site-packages/airflow/example_dags/example_sensors.py took 0.077 seconds
[2024-12-28T17:03:34.525+0000] {processor.py:186} INFO - Started process (PID=1517) to work on /home/airflow/.local/lib/python3.12/site-packages/airflow/example_dags/example_sensors.py
[2024-12-28T17:03:34.531+0000] {processor.py:914} INFO - Processing file /home/airflow/.local/lib/python3.12/site-packages/airflow/example_dags/example_sensors.py for tasks to queue
[2024-12-28T17:03:34.536+0000] {logging_mixin.py:190} INFO - [2024-12-28T17:03:34.535+0000] {dagbag.py:588} INFO - Filling up the DagBag from /home/airflow/.local/lib/python3.12/site-packages/airflow/example_dags/example_sensors.py
[2024-12-28T17:03:34.555+0000] {processor.py:925} INFO - DAG(s) 'example_sensors' retrieved from /home/airflow/.local/lib/python3.12/site-packages/airflow/example_dags/example_sensors.py
[2024-12-28T17:03:34.612+0000] {logging_mixin.py:190} INFO - [2024-12-28T17:03:34.612+0000] {dag.py:3239} INFO - Sync 1 DAGs
[2024-12-28T17:03:34.639+0000] {logging_mixin.py:190} INFO - [2024-12-28T17:03:34.639+0000] {dag.py:4180} INFO - Setting next_dagrun for example_sensors to None, run_after=None
[2024-12-28T17:03:34.706+0000] {processor.py:208} INFO - Processing /home/airflow/.local/lib/python3.12/site-packages/airflow/example_dags/example_sensors.py took 0.194 seconds
