[2024-12-28T16:38:30.475+0000] {processor.py:186} INFO - Started process (PID=67) to work on /home/airflow/.local/lib/python3.12/site-packages/airflow/example_dags/example_display_name.py
[2024-12-28T16:38:30.476+0000] {processor.py:914} INFO - Processing file /home/airflow/.local/lib/python3.12/site-packages/airflow/example_dags/example_display_name.py for tasks to queue
[2024-12-28T16:38:30.480+0000] {logging_mixin.py:190} INFO - [2024-12-28T16:38:30.479+0000] {dagbag.py:588} INFO - Filling up the DagBag from /home/airflow/.local/lib/python3.12/site-packages/airflow/example_dags/example_display_name.py
[2024-12-28T16:38:30.496+0000] {processor.py:925} INFO - DAG(s) 'example_display_name' retrieved from /home/airflow/.local/lib/python3.12/site-packages/airflow/example_dags/example_display_name.py
[2024-12-28T16:38:30.601+0000] {logging_mixin.py:190} INFO - [2024-12-28T16:38:30.600+0000] {override.py:1911} INFO - Created Permission View: can delete on DAG:example_display_name
[2024-12-28T16:38:30.609+0000] {logging_mixin.py:190} INFO - [2024-12-28T16:38:30.609+0000] {override.py:1911} INFO - Created Permission View: can edit on DAG:example_display_name
[2024-12-28T16:38:30.615+0000] {logging_mixin.py:190} INFO - [2024-12-28T16:38:30.615+0000] {override.py:1911} INFO - Created Permission View: can read on DAG:example_display_name
[2024-12-28T16:38:30.622+0000] {logging_mixin.py:190} INFO - [2024-12-28T16:38:30.622+0000] {override.py:1911} INFO - Created Permission View: can create on DAG Run:example_display_name
[2024-12-28T16:38:30.628+0000] {logging_mixin.py:190} INFO - [2024-12-28T16:38:30.628+0000] {override.py:1911} INFO - Created Permission View: can delete on DAG Run:example_display_name
[2024-12-28T16:38:30.635+0000] {logging_mixin.py:190} INFO - [2024-12-28T16:38:30.635+0000] {override.py:1911} INFO - Created Permission View: menu access on DAG Run:example_display_name
[2024-12-28T16:38:30.642+0000] {logging_mixin.py:190} INFO - [2024-12-28T16:38:30.642+0000] {override.py:1911} INFO - Created Permission View: can read on DAG Run:example_display_name
[2024-12-28T16:38:30.642+0000] {logging_mixin.py:190} INFO - [2024-12-28T16:38:30.642+0000] {dag.py:3239} INFO - Sync 1 DAGs
[2024-12-28T16:38:30.655+0000] {logging_mixin.py:190} INFO - [2024-12-28T16:38:30.654+0000] {dag.py:3262} INFO - Creating ORM DAG for example_display_name
[2024-12-28T16:38:30.655+0000] {logging_mixin.py:190} INFO - [2024-12-28T16:38:30.655+0000] {dag.py:4180} INFO - Setting next_dagrun for example_display_name to None, run_after=None
[2024-12-28T16:38:30.673+0000] {processor.py:208} INFO - Processing /home/airflow/.local/lib/python3.12/site-packages/airflow/example_dags/example_display_name.py took 0.204 seconds
[2024-12-28T16:39:01.426+0000] {processor.py:186} INFO - Started process (PID=130) to work on /home/airflow/.local/lib/python3.12/site-packages/airflow/example_dags/example_display_name.py
[2024-12-28T16:39:01.427+0000] {processor.py:914} INFO - Processing file /home/airflow/.local/lib/python3.12/site-packages/airflow/example_dags/example_display_name.py for tasks to queue
[2024-12-28T16:39:01.431+0000] {logging_mixin.py:190} INFO - [2024-12-28T16:39:01.430+0000] {dagbag.py:588} INFO - Filling up the DagBag from /home/airflow/.local/lib/python3.12/site-packages/airflow/example_dags/example_display_name.py
[2024-12-28T16:39:01.441+0000] {processor.py:925} INFO - DAG(s) 'example_display_name' retrieved from /home/airflow/.local/lib/python3.12/site-packages/airflow/example_dags/example_display_name.py
[2024-12-28T16:39:01.467+0000] {logging_mixin.py:190} INFO - [2024-12-28T16:39:01.466+0000] {dag.py:3239} INFO - Sync 1 DAGs
[2024-12-28T16:39:01.484+0000] {logging_mixin.py:190} INFO - [2024-12-28T16:39:01.483+0000] {dag.py:4180} INFO - Setting next_dagrun for example_display_name to None, run_after=None
[2024-12-28T16:39:01.508+0000] {processor.py:208} INFO - Processing /home/airflow/.local/lib/python3.12/site-packages/airflow/example_dags/example_display_name.py took 0.089 seconds
[2024-12-28T16:39:31.620+0000] {processor.py:186} INFO - Started process (PID=193) to work on /home/airflow/.local/lib/python3.12/site-packages/airflow/example_dags/example_display_name.py
[2024-12-28T16:39:31.621+0000] {processor.py:914} INFO - Processing file /home/airflow/.local/lib/python3.12/site-packages/airflow/example_dags/example_display_name.py for tasks to queue
[2024-12-28T16:39:31.623+0000] {logging_mixin.py:190} INFO - [2024-12-28T16:39:31.623+0000] {dagbag.py:588} INFO - Filling up the DagBag from /home/airflow/.local/lib/python3.12/site-packages/airflow/example_dags/example_display_name.py
[2024-12-28T16:39:31.630+0000] {processor.py:925} INFO - DAG(s) 'example_display_name' retrieved from /home/airflow/.local/lib/python3.12/site-packages/airflow/example_dags/example_display_name.py
[2024-12-28T16:39:31.650+0000] {logging_mixin.py:190} INFO - [2024-12-28T16:39:31.649+0000] {dag.py:3239} INFO - Sync 1 DAGs
[2024-12-28T16:39:31.663+0000] {logging_mixin.py:190} INFO - [2024-12-28T16:39:31.663+0000] {dag.py:4180} INFO - Setting next_dagrun for example_display_name to None, run_after=None
[2024-12-28T16:39:31.681+0000] {processor.py:208} INFO - Processing /home/airflow/.local/lib/python3.12/site-packages/airflow/example_dags/example_display_name.py took 0.068 seconds
[2024-12-28T16:40:01.901+0000] {processor.py:186} INFO - Started process (PID=256) to work on /home/airflow/.local/lib/python3.12/site-packages/airflow/example_dags/example_display_name.py
[2024-12-28T16:40:01.902+0000] {processor.py:914} INFO - Processing file /home/airflow/.local/lib/python3.12/site-packages/airflow/example_dags/example_display_name.py for tasks to queue
[2024-12-28T16:40:01.904+0000] {logging_mixin.py:190} INFO - [2024-12-28T16:40:01.903+0000] {dagbag.py:588} INFO - Filling up the DagBag from /home/airflow/.local/lib/python3.12/site-packages/airflow/example_dags/example_display_name.py
[2024-12-28T16:40:01.911+0000] {processor.py:925} INFO - DAG(s) 'example_display_name' retrieved from /home/airflow/.local/lib/python3.12/site-packages/airflow/example_dags/example_display_name.py
[2024-12-28T16:40:01.929+0000] {logging_mixin.py:190} INFO - [2024-12-28T16:40:01.929+0000] {dag.py:3239} INFO - Sync 1 DAGs
[2024-12-28T16:40:01.942+0000] {logging_mixin.py:190} INFO - [2024-12-28T16:40:01.942+0000] {dag.py:4180} INFO - Setting next_dagrun for example_display_name to None, run_after=None
[2024-12-28T16:40:01.960+0000] {processor.py:208} INFO - Processing /home/airflow/.local/lib/python3.12/site-packages/airflow/example_dags/example_display_name.py took 0.066 seconds
[2024-12-28T16:42:37.894+0000] {processor.py:186} INFO - Started process (PID=66) to work on /home/airflow/.local/lib/python3.12/site-packages/airflow/example_dags/example_display_name.py
[2024-12-28T16:42:37.895+0000] {processor.py:914} INFO - Processing file /home/airflow/.local/lib/python3.12/site-packages/airflow/example_dags/example_display_name.py for tasks to queue
[2024-12-28T16:42:37.897+0000] {logging_mixin.py:190} INFO - [2024-12-28T16:42:37.897+0000] {dagbag.py:588} INFO - Filling up the DagBag from /home/airflow/.local/lib/python3.12/site-packages/airflow/example_dags/example_display_name.py
[2024-12-28T16:42:37.905+0000] {processor.py:925} INFO - DAG(s) 'example_display_name' retrieved from /home/airflow/.local/lib/python3.12/site-packages/airflow/example_dags/example_display_name.py
[2024-12-28T16:42:37.935+0000] {logging_mixin.py:190} INFO - [2024-12-28T16:42:37.935+0000] {dag.py:3239} INFO - Sync 1 DAGs
[2024-12-28T16:42:37.950+0000] {logging_mixin.py:190} INFO - [2024-12-28T16:42:37.950+0000] {dag.py:4180} INFO - Setting next_dagrun for example_display_name to None, run_after=None
[2024-12-28T16:42:37.971+0000] {processor.py:208} INFO - Processing /home/airflow/.local/lib/python3.12/site-packages/airflow/example_dags/example_display_name.py took 0.083 seconds
[2024-12-28T16:43:08.887+0000] {processor.py:186} INFO - Started process (PID=129) to work on /home/airflow/.local/lib/python3.12/site-packages/airflow/example_dags/example_display_name.py
[2024-12-28T16:43:08.888+0000] {processor.py:914} INFO - Processing file /home/airflow/.local/lib/python3.12/site-packages/airflow/example_dags/example_display_name.py for tasks to queue
[2024-12-28T16:43:08.891+0000] {logging_mixin.py:190} INFO - [2024-12-28T16:43:08.890+0000] {dagbag.py:588} INFO - Filling up the DagBag from /home/airflow/.local/lib/python3.12/site-packages/airflow/example_dags/example_display_name.py
[2024-12-28T16:43:08.899+0000] {processor.py:925} INFO - DAG(s) 'example_display_name' retrieved from /home/airflow/.local/lib/python3.12/site-packages/airflow/example_dags/example_display_name.py
[2024-12-28T16:43:08.924+0000] {logging_mixin.py:190} INFO - [2024-12-28T16:43:08.924+0000] {dag.py:3239} INFO - Sync 1 DAGs
[2024-12-28T16:43:08.940+0000] {logging_mixin.py:190} INFO - [2024-12-28T16:43:08.939+0000] {dag.py:4180} INFO - Setting next_dagrun for example_display_name to None, run_after=None
[2024-12-28T16:43:08.961+0000] {processor.py:208} INFO - Processing /home/airflow/.local/lib/python3.12/site-packages/airflow/example_dags/example_display_name.py took 0.081 seconds
[2024-12-28T16:43:39.652+0000] {processor.py:186} INFO - Started process (PID=192) to work on /home/airflow/.local/lib/python3.12/site-packages/airflow/example_dags/example_display_name.py
[2024-12-28T16:43:39.653+0000] {processor.py:914} INFO - Processing file /home/airflow/.local/lib/python3.12/site-packages/airflow/example_dags/example_display_name.py for tasks to queue
[2024-12-28T16:43:39.655+0000] {logging_mixin.py:190} INFO - [2024-12-28T16:43:39.654+0000] {dagbag.py:588} INFO - Filling up the DagBag from /home/airflow/.local/lib/python3.12/site-packages/airflow/example_dags/example_display_name.py
[2024-12-28T16:43:39.662+0000] {processor.py:925} INFO - DAG(s) 'example_display_name' retrieved from /home/airflow/.local/lib/python3.12/site-packages/airflow/example_dags/example_display_name.py
[2024-12-28T16:43:39.681+0000] {logging_mixin.py:190} INFO - [2024-12-28T16:43:39.680+0000] {dag.py:3239} INFO - Sync 1 DAGs
[2024-12-28T16:43:39.694+0000] {logging_mixin.py:190} INFO - [2024-12-28T16:43:39.694+0000] {dag.py:4180} INFO - Setting next_dagrun for example_display_name to None, run_after=None
[2024-12-28T16:43:39.711+0000] {processor.py:208} INFO - Processing /home/airflow/.local/lib/python3.12/site-packages/airflow/example_dags/example_display_name.py took 0.064 seconds
[2024-12-28T16:44:09.986+0000] {processor.py:186} INFO - Started process (PID=255) to work on /home/airflow/.local/lib/python3.12/site-packages/airflow/example_dags/example_display_name.py
[2024-12-28T16:44:09.988+0000] {processor.py:914} INFO - Processing file /home/airflow/.local/lib/python3.12/site-packages/airflow/example_dags/example_display_name.py for tasks to queue
[2024-12-28T16:44:09.991+0000] {logging_mixin.py:190} INFO - [2024-12-28T16:44:09.990+0000] {dagbag.py:588} INFO - Filling up the DagBag from /home/airflow/.local/lib/python3.12/site-packages/airflow/example_dags/example_display_name.py
[2024-12-28T16:44:10.004+0000] {processor.py:925} INFO - DAG(s) 'example_display_name' retrieved from /home/airflow/.local/lib/python3.12/site-packages/airflow/example_dags/example_display_name.py
[2024-12-28T16:44:10.049+0000] {logging_mixin.py:190} INFO - [2024-12-28T16:44:10.049+0000] {dag.py:3239} INFO - Sync 1 DAGs
[2024-12-28T16:44:10.072+0000] {logging_mixin.py:190} INFO - [2024-12-28T16:44:10.072+0000] {dag.py:4180} INFO - Setting next_dagrun for example_display_name to None, run_after=None
[2024-12-28T16:44:10.105+0000] {processor.py:208} INFO - Processing /home/airflow/.local/lib/python3.12/site-packages/airflow/example_dags/example_display_name.py took 0.128 seconds
[2024-12-28T16:44:40.553+0000] {processor.py:186} INFO - Started process (PID=318) to work on /home/airflow/.local/lib/python3.12/site-packages/airflow/example_dags/example_display_name.py
[2024-12-28T16:44:40.554+0000] {processor.py:914} INFO - Processing file /home/airflow/.local/lib/python3.12/site-packages/airflow/example_dags/example_display_name.py for tasks to queue
[2024-12-28T16:44:40.557+0000] {logging_mixin.py:190} INFO - [2024-12-28T16:44:40.557+0000] {dagbag.py:588} INFO - Filling up the DagBag from /home/airflow/.local/lib/python3.12/site-packages/airflow/example_dags/example_display_name.py
[2024-12-28T16:44:40.566+0000] {processor.py:925} INFO - DAG(s) 'example_display_name' retrieved from /home/airflow/.local/lib/python3.12/site-packages/airflow/example_dags/example_display_name.py
[2024-12-28T16:44:40.585+0000] {logging_mixin.py:190} INFO - [2024-12-28T16:44:40.585+0000] {dag.py:3239} INFO - Sync 1 DAGs
[2024-12-28T16:44:40.600+0000] {logging_mixin.py:190} INFO - [2024-12-28T16:44:40.600+0000] {dag.py:4180} INFO - Setting next_dagrun for example_display_name to None, run_after=None
[2024-12-28T16:44:40.617+0000] {processor.py:208} INFO - Processing /home/airflow/.local/lib/python3.12/site-packages/airflow/example_dags/example_display_name.py took 0.070 seconds
[2024-12-28T16:45:10.764+0000] {processor.py:186} INFO - Started process (PID=381) to work on /home/airflow/.local/lib/python3.12/site-packages/airflow/example_dags/example_display_name.py
[2024-12-28T16:45:10.766+0000] {processor.py:914} INFO - Processing file /home/airflow/.local/lib/python3.12/site-packages/airflow/example_dags/example_display_name.py for tasks to queue
[2024-12-28T16:45:10.769+0000] {logging_mixin.py:190} INFO - [2024-12-28T16:45:10.768+0000] {dagbag.py:588} INFO - Filling up the DagBag from /home/airflow/.local/lib/python3.12/site-packages/airflow/example_dags/example_display_name.py
[2024-12-28T16:45:10.779+0000] {processor.py:925} INFO - DAG(s) 'example_display_name' retrieved from /home/airflow/.local/lib/python3.12/site-packages/airflow/example_dags/example_display_name.py
[2024-12-28T16:45:10.807+0000] {logging_mixin.py:190} INFO - [2024-12-28T16:45:10.807+0000] {dag.py:3239} INFO - Sync 1 DAGs
[2024-12-28T16:45:10.826+0000] {logging_mixin.py:190} INFO - [2024-12-28T16:45:10.826+0000] {dag.py:4180} INFO - Setting next_dagrun for example_display_name to None, run_after=None
[2024-12-28T16:45:10.854+0000] {processor.py:208} INFO - Processing /home/airflow/.local/lib/python3.12/site-packages/airflow/example_dags/example_display_name.py took 0.096 seconds
[2024-12-28T16:45:41.419+0000] {processor.py:186} INFO - Started process (PID=444) to work on /home/airflow/.local/lib/python3.12/site-packages/airflow/example_dags/example_display_name.py
[2024-12-28T16:45:41.421+0000] {processor.py:914} INFO - Processing file /home/airflow/.local/lib/python3.12/site-packages/airflow/example_dags/example_display_name.py for tasks to queue
[2024-12-28T16:45:41.423+0000] {logging_mixin.py:190} INFO - [2024-12-28T16:45:41.423+0000] {dagbag.py:588} INFO - Filling up the DagBag from /home/airflow/.local/lib/python3.12/site-packages/airflow/example_dags/example_display_name.py
[2024-12-28T16:45:41.432+0000] {processor.py:925} INFO - DAG(s) 'example_display_name' retrieved from /home/airflow/.local/lib/python3.12/site-packages/airflow/example_dags/example_display_name.py
[2024-12-28T16:45:41.457+0000] {logging_mixin.py:190} INFO - [2024-12-28T16:45:41.457+0000] {dag.py:3239} INFO - Sync 1 DAGs
[2024-12-28T16:45:41.472+0000] {logging_mixin.py:190} INFO - [2024-12-28T16:45:41.472+0000] {dag.py:4180} INFO - Setting next_dagrun for example_display_name to None, run_after=None
[2024-12-28T16:45:41.494+0000] {processor.py:208} INFO - Processing /home/airflow/.local/lib/python3.12/site-packages/airflow/example_dags/example_display_name.py took 0.081 seconds
[2024-12-28T16:46:12.041+0000] {processor.py:186} INFO - Started process (PID=507) to work on /home/airflow/.local/lib/python3.12/site-packages/airflow/example_dags/example_display_name.py
[2024-12-28T16:46:12.042+0000] {processor.py:914} INFO - Processing file /home/airflow/.local/lib/python3.12/site-packages/airflow/example_dags/example_display_name.py for tasks to queue
[2024-12-28T16:46:12.045+0000] {logging_mixin.py:190} INFO - [2024-12-28T16:46:12.044+0000] {dagbag.py:588} INFO - Filling up the DagBag from /home/airflow/.local/lib/python3.12/site-packages/airflow/example_dags/example_display_name.py
[2024-12-28T16:46:12.054+0000] {processor.py:925} INFO - DAG(s) 'example_display_name' retrieved from /home/airflow/.local/lib/python3.12/site-packages/airflow/example_dags/example_display_name.py
[2024-12-28T16:46:12.078+0000] {logging_mixin.py:190} INFO - [2024-12-28T16:46:12.077+0000] {dag.py:3239} INFO - Sync 1 DAGs
[2024-12-28T16:46:12.093+0000] {logging_mixin.py:190} INFO - [2024-12-28T16:46:12.093+0000] {dag.py:4180} INFO - Setting next_dagrun for example_display_name to None, run_after=None
[2024-12-28T16:46:12.115+0000] {processor.py:208} INFO - Processing /home/airflow/.local/lib/python3.12/site-packages/airflow/example_dags/example_display_name.py took 0.081 seconds
[2024-12-28T16:46:42.627+0000] {processor.py:186} INFO - Started process (PID=576) to work on /home/airflow/.local/lib/python3.12/site-packages/airflow/example_dags/example_display_name.py
[2024-12-28T16:46:42.628+0000] {processor.py:914} INFO - Processing file /home/airflow/.local/lib/python3.12/site-packages/airflow/example_dags/example_display_name.py for tasks to queue
[2024-12-28T16:46:42.631+0000] {logging_mixin.py:190} INFO - [2024-12-28T16:46:42.630+0000] {dagbag.py:588} INFO - Filling up the DagBag from /home/airflow/.local/lib/python3.12/site-packages/airflow/example_dags/example_display_name.py
[2024-12-28T16:46:42.639+0000] {processor.py:925} INFO - DAG(s) 'example_display_name' retrieved from /home/airflow/.local/lib/python3.12/site-packages/airflow/example_dags/example_display_name.py
[2024-12-28T16:46:42.663+0000] {logging_mixin.py:190} INFO - [2024-12-28T16:46:42.662+0000] {dag.py:3239} INFO - Sync 1 DAGs
[2024-12-28T16:46:42.677+0000] {logging_mixin.py:190} INFO - [2024-12-28T16:46:42.677+0000] {dag.py:4180} INFO - Setting next_dagrun for example_display_name to None, run_after=None
[2024-12-28T16:46:42.697+0000] {processor.py:208} INFO - Processing /home/airflow/.local/lib/python3.12/site-packages/airflow/example_dags/example_display_name.py took 0.077 seconds
[2024-12-28T16:47:12.771+0000] {processor.py:186} INFO - Started process (PID=639) to work on /home/airflow/.local/lib/python3.12/site-packages/airflow/example_dags/example_display_name.py
[2024-12-28T16:47:12.772+0000] {processor.py:914} INFO - Processing file /home/airflow/.local/lib/python3.12/site-packages/airflow/example_dags/example_display_name.py for tasks to queue
[2024-12-28T16:47:12.774+0000] {logging_mixin.py:190} INFO - [2024-12-28T16:47:12.774+0000] {dagbag.py:588} INFO - Filling up the DagBag from /home/airflow/.local/lib/python3.12/site-packages/airflow/example_dags/example_display_name.py
[2024-12-28T16:47:12.783+0000] {processor.py:925} INFO - DAG(s) 'example_display_name' retrieved from /home/airflow/.local/lib/python3.12/site-packages/airflow/example_dags/example_display_name.py
[2024-12-28T16:47:12.807+0000] {logging_mixin.py:190} INFO - [2024-12-28T16:47:12.807+0000] {dag.py:3239} INFO - Sync 1 DAGs
[2024-12-28T16:47:12.825+0000] {logging_mixin.py:190} INFO - [2024-12-28T16:47:12.825+0000] {dag.py:4180} INFO - Setting next_dagrun for example_display_name to None, run_after=None
[2024-12-28T16:47:12.847+0000] {processor.py:208} INFO - Processing /home/airflow/.local/lib/python3.12/site-packages/airflow/example_dags/example_display_name.py took 0.083 seconds
[2024-12-28T16:47:43.393+0000] {processor.py:186} INFO - Started process (PID=703) to work on /home/airflow/.local/lib/python3.12/site-packages/airflow/example_dags/example_display_name.py
[2024-12-28T16:47:43.395+0000] {processor.py:914} INFO - Processing file /home/airflow/.local/lib/python3.12/site-packages/airflow/example_dags/example_display_name.py for tasks to queue
[2024-12-28T16:47:43.397+0000] {logging_mixin.py:190} INFO - [2024-12-28T16:47:43.397+0000] {dagbag.py:588} INFO - Filling up the DagBag from /home/airflow/.local/lib/python3.12/site-packages/airflow/example_dags/example_display_name.py
[2024-12-28T16:47:43.405+0000] {processor.py:925} INFO - DAG(s) 'example_display_name' retrieved from /home/airflow/.local/lib/python3.12/site-packages/airflow/example_dags/example_display_name.py
[2024-12-28T16:47:43.428+0000] {logging_mixin.py:190} INFO - [2024-12-28T16:47:43.428+0000] {dag.py:3239} INFO - Sync 1 DAGs
[2024-12-28T16:47:43.443+0000] {logging_mixin.py:190} INFO - [2024-12-28T16:47:43.443+0000] {dag.py:4180} INFO - Setting next_dagrun for example_display_name to None, run_after=None
[2024-12-28T16:47:43.464+0000] {processor.py:208} INFO - Processing /home/airflow/.local/lib/python3.12/site-packages/airflow/example_dags/example_display_name.py took 0.077 seconds
[2024-12-28T16:52:20.207+0000] {processor.py:186} INFO - Started process (PID=68) to work on /home/airflow/.local/lib/python3.12/site-packages/airflow/example_dags/example_display_name.py
[2024-12-28T16:52:20.208+0000] {processor.py:914} INFO - Processing file /home/airflow/.local/lib/python3.12/site-packages/airflow/example_dags/example_display_name.py for tasks to queue
[2024-12-28T16:52:20.210+0000] {logging_mixin.py:190} INFO - [2024-12-28T16:52:20.210+0000] {dagbag.py:588} INFO - Filling up the DagBag from /home/airflow/.local/lib/python3.12/site-packages/airflow/example_dags/example_display_name.py
[2024-12-28T16:52:20.220+0000] {processor.py:925} INFO - DAG(s) 'example_display_name' retrieved from /home/airflow/.local/lib/python3.12/site-packages/airflow/example_dags/example_display_name.py
[2024-12-28T16:52:20.247+0000] {logging_mixin.py:190} INFO - [2024-12-28T16:52:20.246+0000] {dag.py:3239} INFO - Sync 1 DAGs
[2024-12-28T16:52:20.261+0000] {logging_mixin.py:190} INFO - [2024-12-28T16:52:20.260+0000] {dag.py:4180} INFO - Setting next_dagrun for example_display_name to None, run_after=None
[2024-12-28T16:52:20.280+0000] {processor.py:208} INFO - Processing /home/airflow/.local/lib/python3.12/site-packages/airflow/example_dags/example_display_name.py took 0.080 seconds
[2024-12-28T16:52:50.872+0000] {processor.py:186} INFO - Started process (PID=132) to work on /home/airflow/.local/lib/python3.12/site-packages/airflow/example_dags/example_display_name.py
[2024-12-28T16:52:50.874+0000] {processor.py:914} INFO - Processing file /home/airflow/.local/lib/python3.12/site-packages/airflow/example_dags/example_display_name.py for tasks to queue
[2024-12-28T16:52:50.876+0000] {logging_mixin.py:190} INFO - [2024-12-28T16:52:50.876+0000] {dagbag.py:588} INFO - Filling up the DagBag from /home/airflow/.local/lib/python3.12/site-packages/airflow/example_dags/example_display_name.py
[2024-12-28T16:52:50.884+0000] {processor.py:925} INFO - DAG(s) 'example_display_name' retrieved from /home/airflow/.local/lib/python3.12/site-packages/airflow/example_dags/example_display_name.py
[2024-12-28T16:52:50.907+0000] {logging_mixin.py:190} INFO - [2024-12-28T16:52:50.907+0000] {dag.py:3239} INFO - Sync 1 DAGs
[2024-12-28T16:52:50.922+0000] {logging_mixin.py:190} INFO - [2024-12-28T16:52:50.922+0000] {dag.py:4180} INFO - Setting next_dagrun for example_display_name to None, run_after=None
[2024-12-28T16:52:50.942+0000] {processor.py:208} INFO - Processing /home/airflow/.local/lib/python3.12/site-packages/airflow/example_dags/example_display_name.py took 0.076 seconds
[2024-12-28T16:53:21.208+0000] {processor.py:186} INFO - Started process (PID=196) to work on /home/airflow/.local/lib/python3.12/site-packages/airflow/example_dags/example_display_name.py
[2024-12-28T16:53:21.209+0000] {processor.py:914} INFO - Processing file /home/airflow/.local/lib/python3.12/site-packages/airflow/example_dags/example_display_name.py for tasks to queue
[2024-12-28T16:53:21.211+0000] {logging_mixin.py:190} INFO - [2024-12-28T16:53:21.211+0000] {dagbag.py:588} INFO - Filling up the DagBag from /home/airflow/.local/lib/python3.12/site-packages/airflow/example_dags/example_display_name.py
[2024-12-28T16:53:21.218+0000] {processor.py:925} INFO - DAG(s) 'example_display_name' retrieved from /home/airflow/.local/lib/python3.12/site-packages/airflow/example_dags/example_display_name.py
[2024-12-28T16:53:21.237+0000] {logging_mixin.py:190} INFO - [2024-12-28T16:53:21.237+0000] {dag.py:3239} INFO - Sync 1 DAGs
[2024-12-28T16:53:21.251+0000] {logging_mixin.py:190} INFO - [2024-12-28T16:53:21.250+0000] {dag.py:4180} INFO - Setting next_dagrun for example_display_name to None, run_after=None
[2024-12-28T16:53:21.267+0000] {processor.py:208} INFO - Processing /home/airflow/.local/lib/python3.12/site-packages/airflow/example_dags/example_display_name.py took 0.064 seconds
[2024-12-28T16:53:51.993+0000] {processor.py:186} INFO - Started process (PID=264) to work on /home/airflow/.local/lib/python3.12/site-packages/airflow/example_dags/example_display_name.py
[2024-12-28T16:53:51.995+0000] {processor.py:914} INFO - Processing file /home/airflow/.local/lib/python3.12/site-packages/airflow/example_dags/example_display_name.py for tasks to queue
[2024-12-28T16:53:51.999+0000] {logging_mixin.py:190} INFO - [2024-12-28T16:53:51.998+0000] {dagbag.py:588} INFO - Filling up the DagBag from /home/airflow/.local/lib/python3.12/site-packages/airflow/example_dags/example_display_name.py
[2024-12-28T16:53:52.016+0000] {processor.py:925} INFO - DAG(s) 'example_display_name' retrieved from /home/airflow/.local/lib/python3.12/site-packages/airflow/example_dags/example_display_name.py
[2024-12-28T16:53:52.061+0000] {logging_mixin.py:190} INFO - [2024-12-28T16:53:52.060+0000] {dag.py:3239} INFO - Sync 1 DAGs
[2024-12-28T16:53:52.083+0000] {logging_mixin.py:190} INFO - [2024-12-28T16:53:52.083+0000] {dag.py:4180} INFO - Setting next_dagrun for example_display_name to None, run_after=None
[2024-12-28T16:53:52.121+0000] {processor.py:208} INFO - Processing /home/airflow/.local/lib/python3.12/site-packages/airflow/example_dags/example_display_name.py took 0.138 seconds
[2024-12-28T16:54:23.035+0000] {processor.py:186} INFO - Started process (PID=328) to work on /home/airflow/.local/lib/python3.12/site-packages/airflow/example_dags/example_display_name.py
[2024-12-28T16:54:23.037+0000] {processor.py:914} INFO - Processing file /home/airflow/.local/lib/python3.12/site-packages/airflow/example_dags/example_display_name.py for tasks to queue
[2024-12-28T16:54:23.041+0000] {logging_mixin.py:190} INFO - [2024-12-28T16:54:23.041+0000] {dagbag.py:588} INFO - Filling up the DagBag from /home/airflow/.local/lib/python3.12/site-packages/airflow/example_dags/example_display_name.py
[2024-12-28T16:54:23.056+0000] {processor.py:925} INFO - DAG(s) 'example_display_name' retrieved from /home/airflow/.local/lib/python3.12/site-packages/airflow/example_dags/example_display_name.py
[2024-12-28T16:54:23.094+0000] {logging_mixin.py:190} INFO - [2024-12-28T16:54:23.093+0000] {dag.py:3239} INFO - Sync 1 DAGs
[2024-12-28T16:54:23.120+0000] {logging_mixin.py:190} INFO - [2024-12-28T16:54:23.120+0000] {dag.py:4180} INFO - Setting next_dagrun for example_display_name to None, run_after=None
[2024-12-28T16:54:23.155+0000] {processor.py:208} INFO - Processing /home/airflow/.local/lib/python3.12/site-packages/airflow/example_dags/example_display_name.py took 0.129 seconds
[2024-12-28T16:54:53.508+0000] {processor.py:186} INFO - Started process (PID=392) to work on /home/airflow/.local/lib/python3.12/site-packages/airflow/example_dags/example_display_name.py
[2024-12-28T16:54:53.510+0000] {processor.py:914} INFO - Processing file /home/airflow/.local/lib/python3.12/site-packages/airflow/example_dags/example_display_name.py for tasks to queue
[2024-12-28T16:54:53.515+0000] {logging_mixin.py:190} INFO - [2024-12-28T16:54:53.514+0000] {dagbag.py:588} INFO - Filling up the DagBag from /home/airflow/.local/lib/python3.12/site-packages/airflow/example_dags/example_display_name.py
[2024-12-28T16:54:53.526+0000] {processor.py:925} INFO - DAG(s) 'example_display_name' retrieved from /home/airflow/.local/lib/python3.12/site-packages/airflow/example_dags/example_display_name.py
[2024-12-28T16:54:53.555+0000] {logging_mixin.py:190} INFO - [2024-12-28T16:54:53.554+0000] {dag.py:3239} INFO - Sync 1 DAGs
[2024-12-28T16:54:53.577+0000] {logging_mixin.py:190} INFO - [2024-12-28T16:54:53.576+0000] {dag.py:4180} INFO - Setting next_dagrun for example_display_name to None, run_after=None
[2024-12-28T16:54:53.603+0000] {processor.py:208} INFO - Processing /home/airflow/.local/lib/python3.12/site-packages/airflow/example_dags/example_display_name.py took 0.103 seconds
[2024-12-28T16:55:23.762+0000] {processor.py:186} INFO - Started process (PID=456) to work on /home/airflow/.local/lib/python3.12/site-packages/airflow/example_dags/example_display_name.py
[2024-12-28T16:55:23.767+0000] {processor.py:914} INFO - Processing file /home/airflow/.local/lib/python3.12/site-packages/airflow/example_dags/example_display_name.py for tasks to queue
[2024-12-28T16:55:23.770+0000] {logging_mixin.py:190} INFO - [2024-12-28T16:55:23.770+0000] {dagbag.py:588} INFO - Filling up the DagBag from /home/airflow/.local/lib/python3.12/site-packages/airflow/example_dags/example_display_name.py
[2024-12-28T16:55:23.789+0000] {processor.py:925} INFO - DAG(s) 'example_display_name' retrieved from /home/airflow/.local/lib/python3.12/site-packages/airflow/example_dags/example_display_name.py
[2024-12-28T16:55:23.834+0000] {logging_mixin.py:190} INFO - [2024-12-28T16:55:23.834+0000] {dag.py:3239} INFO - Sync 1 DAGs
[2024-12-28T16:55:23.865+0000] {logging_mixin.py:190} INFO - [2024-12-28T16:55:23.865+0000] {dag.py:4180} INFO - Setting next_dagrun for example_display_name to None, run_after=None
[2024-12-28T16:55:23.907+0000] {processor.py:208} INFO - Processing /home/airflow/.local/lib/python3.12/site-packages/airflow/example_dags/example_display_name.py took 0.157 seconds
[2024-12-28T16:55:54.188+0000] {processor.py:186} INFO - Started process (PID=520) to work on /home/airflow/.local/lib/python3.12/site-packages/airflow/example_dags/example_display_name.py
[2024-12-28T16:55:54.193+0000] {processor.py:914} INFO - Processing file /home/airflow/.local/lib/python3.12/site-packages/airflow/example_dags/example_display_name.py for tasks to queue
[2024-12-28T16:55:54.197+0000] {logging_mixin.py:190} INFO - [2024-12-28T16:55:54.196+0000] {dagbag.py:588} INFO - Filling up the DagBag from /home/airflow/.local/lib/python3.12/site-packages/airflow/example_dags/example_display_name.py
[2024-12-28T16:55:54.214+0000] {processor.py:925} INFO - DAG(s) 'example_display_name' retrieved from /home/airflow/.local/lib/python3.12/site-packages/airflow/example_dags/example_display_name.py
[2024-12-28T16:55:54.250+0000] {logging_mixin.py:190} INFO - [2024-12-28T16:55:54.250+0000] {dag.py:3239} INFO - Sync 1 DAGs
[2024-12-28T16:55:54.272+0000] {logging_mixin.py:190} INFO - [2024-12-28T16:55:54.272+0000] {dag.py:4180} INFO - Setting next_dagrun for example_display_name to None, run_after=None
[2024-12-28T16:55:54.300+0000] {processor.py:208} INFO - Processing /home/airflow/.local/lib/python3.12/site-packages/airflow/example_dags/example_display_name.py took 0.126 seconds
[2024-12-28T16:56:24.745+0000] {processor.py:186} INFO - Started process (PID=584) to work on /home/airflow/.local/lib/python3.12/site-packages/airflow/example_dags/example_display_name.py
[2024-12-28T16:56:24.746+0000] {processor.py:914} INFO - Processing file /home/airflow/.local/lib/python3.12/site-packages/airflow/example_dags/example_display_name.py for tasks to queue
[2024-12-28T16:56:24.749+0000] {logging_mixin.py:190} INFO - [2024-12-28T16:56:24.749+0000] {dagbag.py:588} INFO - Filling up the DagBag from /home/airflow/.local/lib/python3.12/site-packages/airflow/example_dags/example_display_name.py
[2024-12-28T16:56:24.759+0000] {processor.py:925} INFO - DAG(s) 'example_display_name' retrieved from /home/airflow/.local/lib/python3.12/site-packages/airflow/example_dags/example_display_name.py
[2024-12-28T16:56:24.783+0000] {logging_mixin.py:190} INFO - [2024-12-28T16:56:24.783+0000] {dag.py:3239} INFO - Sync 1 DAGs
[2024-12-28T16:56:24.799+0000] {logging_mixin.py:190} INFO - [2024-12-28T16:56:24.798+0000] {dag.py:4180} INFO - Setting next_dagrun for example_display_name to None, run_after=None
[2024-12-28T16:56:24.819+0000] {processor.py:208} INFO - Processing /home/airflow/.local/lib/python3.12/site-packages/airflow/example_dags/example_display_name.py took 0.080 seconds
[2024-12-28T16:56:55.746+0000] {processor.py:186} INFO - Started process (PID=648) to work on /home/airflow/.local/lib/python3.12/site-packages/airflow/example_dags/example_display_name.py
[2024-12-28T16:56:55.747+0000] {processor.py:914} INFO - Processing file /home/airflow/.local/lib/python3.12/site-packages/airflow/example_dags/example_display_name.py for tasks to queue
[2024-12-28T16:56:55.748+0000] {logging_mixin.py:190} INFO - [2024-12-28T16:56:55.748+0000] {dagbag.py:588} INFO - Filling up the DagBag from /home/airflow/.local/lib/python3.12/site-packages/airflow/example_dags/example_display_name.py
[2024-12-28T16:56:55.756+0000] {processor.py:925} INFO - DAG(s) 'example_display_name' retrieved from /home/airflow/.local/lib/python3.12/site-packages/airflow/example_dags/example_display_name.py
[2024-12-28T16:56:55.775+0000] {logging_mixin.py:190} INFO - [2024-12-28T16:56:55.774+0000] {dag.py:3239} INFO - Sync 1 DAGs
[2024-12-28T16:56:55.788+0000] {logging_mixin.py:190} INFO - [2024-12-28T16:56:55.788+0000] {dag.py:4180} INFO - Setting next_dagrun for example_display_name to None, run_after=None
[2024-12-28T16:56:55.805+0000] {processor.py:208} INFO - Processing /home/airflow/.local/lib/python3.12/site-packages/airflow/example_dags/example_display_name.py took 0.064 seconds
[2024-12-28T16:57:26.362+0000] {processor.py:186} INFO - Started process (PID=712) to work on /home/airflow/.local/lib/python3.12/site-packages/airflow/example_dags/example_display_name.py
[2024-12-28T16:57:26.363+0000] {processor.py:914} INFO - Processing file /home/airflow/.local/lib/python3.12/site-packages/airflow/example_dags/example_display_name.py for tasks to queue
[2024-12-28T16:57:26.365+0000] {logging_mixin.py:190} INFO - [2024-12-28T16:57:26.365+0000] {dagbag.py:588} INFO - Filling up the DagBag from /home/airflow/.local/lib/python3.12/site-packages/airflow/example_dags/example_display_name.py
[2024-12-28T16:57:26.372+0000] {processor.py:925} INFO - DAG(s) 'example_display_name' retrieved from /home/airflow/.local/lib/python3.12/site-packages/airflow/example_dags/example_display_name.py
[2024-12-28T16:57:26.392+0000] {logging_mixin.py:190} INFO - [2024-12-28T16:57:26.392+0000] {dag.py:3239} INFO - Sync 1 DAGs
[2024-12-28T16:57:26.406+0000] {logging_mixin.py:190} INFO - [2024-12-28T16:57:26.406+0000] {dag.py:4180} INFO - Setting next_dagrun for example_display_name to None, run_after=None
[2024-12-28T16:57:26.424+0000] {processor.py:208} INFO - Processing /home/airflow/.local/lib/python3.12/site-packages/airflow/example_dags/example_display_name.py took 0.068 seconds
[2024-12-28T16:57:57.045+0000] {processor.py:186} INFO - Started process (PID=776) to work on /home/airflow/.local/lib/python3.12/site-packages/airflow/example_dags/example_display_name.py
[2024-12-28T16:57:57.046+0000] {processor.py:914} INFO - Processing file /home/airflow/.local/lib/python3.12/site-packages/airflow/example_dags/example_display_name.py for tasks to queue
[2024-12-28T16:57:57.048+0000] {logging_mixin.py:190} INFO - [2024-12-28T16:57:57.048+0000] {dagbag.py:588} INFO - Filling up the DagBag from /home/airflow/.local/lib/python3.12/site-packages/airflow/example_dags/example_display_name.py
[2024-12-28T16:57:57.055+0000] {processor.py:925} INFO - DAG(s) 'example_display_name' retrieved from /home/airflow/.local/lib/python3.12/site-packages/airflow/example_dags/example_display_name.py
[2024-12-28T16:57:57.073+0000] {logging_mixin.py:190} INFO - [2024-12-28T16:57:57.073+0000] {dag.py:3239} INFO - Sync 1 DAGs
[2024-12-28T16:57:57.088+0000] {logging_mixin.py:190} INFO - [2024-12-28T16:57:57.087+0000] {dag.py:4180} INFO - Setting next_dagrun for example_display_name to None, run_after=None
[2024-12-28T16:57:57.104+0000] {processor.py:208} INFO - Processing /home/airflow/.local/lib/python3.12/site-packages/airflow/example_dags/example_display_name.py took 0.065 seconds
[2024-12-28T16:58:27.304+0000] {processor.py:186} INFO - Started process (PID=840) to work on /home/airflow/.local/lib/python3.12/site-packages/airflow/example_dags/example_display_name.py
[2024-12-28T16:58:27.305+0000] {processor.py:914} INFO - Processing file /home/airflow/.local/lib/python3.12/site-packages/airflow/example_dags/example_display_name.py for tasks to queue
[2024-12-28T16:58:27.307+0000] {logging_mixin.py:190} INFO - [2024-12-28T16:58:27.306+0000] {dagbag.py:588} INFO - Filling up the DagBag from /home/airflow/.local/lib/python3.12/site-packages/airflow/example_dags/example_display_name.py
[2024-12-28T16:58:27.313+0000] {processor.py:925} INFO - DAG(s) 'example_display_name' retrieved from /home/airflow/.local/lib/python3.12/site-packages/airflow/example_dags/example_display_name.py
[2024-12-28T16:58:27.332+0000] {logging_mixin.py:190} INFO - [2024-12-28T16:58:27.332+0000] {dag.py:3239} INFO - Sync 1 DAGs
[2024-12-28T16:58:27.345+0000] {logging_mixin.py:190} INFO - [2024-12-28T16:58:27.345+0000] {dag.py:4180} INFO - Setting next_dagrun for example_display_name to None, run_after=None
[2024-12-28T16:58:27.364+0000] {processor.py:208} INFO - Processing /home/airflow/.local/lib/python3.12/site-packages/airflow/example_dags/example_display_name.py took 0.065 seconds
[2024-12-28T16:58:57.632+0000] {processor.py:186} INFO - Started process (PID=904) to work on /home/airflow/.local/lib/python3.12/site-packages/airflow/example_dags/example_display_name.py
[2024-12-28T16:58:57.633+0000] {processor.py:914} INFO - Processing file /home/airflow/.local/lib/python3.12/site-packages/airflow/example_dags/example_display_name.py for tasks to queue
[2024-12-28T16:58:57.635+0000] {logging_mixin.py:190} INFO - [2024-12-28T16:58:57.635+0000] {dagbag.py:588} INFO - Filling up the DagBag from /home/airflow/.local/lib/python3.12/site-packages/airflow/example_dags/example_display_name.py
[2024-12-28T16:58:57.644+0000] {processor.py:925} INFO - DAG(s) 'example_display_name' retrieved from /home/airflow/.local/lib/python3.12/site-packages/airflow/example_dags/example_display_name.py
[2024-12-28T16:58:57.664+0000] {logging_mixin.py:190} INFO - [2024-12-28T16:58:57.664+0000] {dag.py:3239} INFO - Sync 1 DAGs
[2024-12-28T16:58:57.678+0000] {logging_mixin.py:190} INFO - [2024-12-28T16:58:57.677+0000] {dag.py:4180} INFO - Setting next_dagrun for example_display_name to None, run_after=None
[2024-12-28T16:58:57.697+0000] {processor.py:208} INFO - Processing /home/airflow/.local/lib/python3.12/site-packages/airflow/example_dags/example_display_name.py took 0.070 seconds
[2024-12-28T16:59:27.792+0000] {processor.py:186} INFO - Started process (PID=968) to work on /home/airflow/.local/lib/python3.12/site-packages/airflow/example_dags/example_display_name.py
[2024-12-28T16:59:27.794+0000] {processor.py:914} INFO - Processing file /home/airflow/.local/lib/python3.12/site-packages/airflow/example_dags/example_display_name.py for tasks to queue
[2024-12-28T16:59:27.796+0000] {logging_mixin.py:190} INFO - [2024-12-28T16:59:27.796+0000] {dagbag.py:588} INFO - Filling up the DagBag from /home/airflow/.local/lib/python3.12/site-packages/airflow/example_dags/example_display_name.py
[2024-12-28T16:59:27.803+0000] {processor.py:925} INFO - DAG(s) 'example_display_name' retrieved from /home/airflow/.local/lib/python3.12/site-packages/airflow/example_dags/example_display_name.py
[2024-12-28T16:59:27.821+0000] {logging_mixin.py:190} INFO - [2024-12-28T16:59:27.821+0000] {dag.py:3239} INFO - Sync 1 DAGs
[2024-12-28T16:59:27.832+0000] {logging_mixin.py:190} INFO - [2024-12-28T16:59:27.832+0000] {dag.py:4180} INFO - Setting next_dagrun for example_display_name to None, run_after=None
[2024-12-28T16:59:27.849+0000] {processor.py:208} INFO - Processing /home/airflow/.local/lib/python3.12/site-packages/airflow/example_dags/example_display_name.py took 0.062 seconds
[2024-12-28T16:59:58.737+0000] {processor.py:186} INFO - Started process (PID=1032) to work on /home/airflow/.local/lib/python3.12/site-packages/airflow/example_dags/example_display_name.py
[2024-12-28T16:59:58.738+0000] {processor.py:914} INFO - Processing file /home/airflow/.local/lib/python3.12/site-packages/airflow/example_dags/example_display_name.py for tasks to queue
[2024-12-28T16:59:58.739+0000] {logging_mixin.py:190} INFO - [2024-12-28T16:59:58.739+0000] {dagbag.py:588} INFO - Filling up the DagBag from /home/airflow/.local/lib/python3.12/site-packages/airflow/example_dags/example_display_name.py
[2024-12-28T16:59:58.746+0000] {processor.py:925} INFO - DAG(s) 'example_display_name' retrieved from /home/airflow/.local/lib/python3.12/site-packages/airflow/example_dags/example_display_name.py
[2024-12-28T16:59:58.765+0000] {logging_mixin.py:190} INFO - [2024-12-28T16:59:58.765+0000] {dag.py:3239} INFO - Sync 1 DAGs
[2024-12-28T16:59:58.779+0000] {logging_mixin.py:190} INFO - [2024-12-28T16:59:58.779+0000] {dag.py:4180} INFO - Setting next_dagrun for example_display_name to None, run_after=None
[2024-12-28T16:59:58.796+0000] {processor.py:208} INFO - Processing /home/airflow/.local/lib/python3.12/site-packages/airflow/example_dags/example_display_name.py took 0.066 seconds
[2024-12-28T17:00:29.291+0000] {processor.py:186} INFO - Started process (PID=1096) to work on /home/airflow/.local/lib/python3.12/site-packages/airflow/example_dags/example_display_name.py
[2024-12-28T17:00:29.292+0000] {processor.py:914} INFO - Processing file /home/airflow/.local/lib/python3.12/site-packages/airflow/example_dags/example_display_name.py for tasks to queue
[2024-12-28T17:00:29.293+0000] {logging_mixin.py:190} INFO - [2024-12-28T17:00:29.293+0000] {dagbag.py:588} INFO - Filling up the DagBag from /home/airflow/.local/lib/python3.12/site-packages/airflow/example_dags/example_display_name.py
[2024-12-28T17:00:29.300+0000] {processor.py:925} INFO - DAG(s) 'example_display_name' retrieved from /home/airflow/.local/lib/python3.12/site-packages/airflow/example_dags/example_display_name.py
[2024-12-28T17:00:29.318+0000] {logging_mixin.py:190} INFO - [2024-12-28T17:00:29.318+0000] {dag.py:3239} INFO - Sync 1 DAGs
[2024-12-28T17:00:29.331+0000] {logging_mixin.py:190} INFO - [2024-12-28T17:00:29.331+0000] {dag.py:4180} INFO - Setting next_dagrun for example_display_name to None, run_after=None
[2024-12-28T17:00:29.348+0000] {processor.py:208} INFO - Processing /home/airflow/.local/lib/python3.12/site-packages/airflow/example_dags/example_display_name.py took 0.062 seconds
[2024-12-28T17:00:59.722+0000] {processor.py:186} INFO - Started process (PID=1160) to work on /home/airflow/.local/lib/python3.12/site-packages/airflow/example_dags/example_display_name.py
[2024-12-28T17:00:59.723+0000] {processor.py:914} INFO - Processing file /home/airflow/.local/lib/python3.12/site-packages/airflow/example_dags/example_display_name.py for tasks to queue
[2024-12-28T17:00:59.725+0000] {logging_mixin.py:190} INFO - [2024-12-28T17:00:59.725+0000] {dagbag.py:588} INFO - Filling up the DagBag from /home/airflow/.local/lib/python3.12/site-packages/airflow/example_dags/example_display_name.py
[2024-12-28T17:00:59.732+0000] {processor.py:925} INFO - DAG(s) 'example_display_name' retrieved from /home/airflow/.local/lib/python3.12/site-packages/airflow/example_dags/example_display_name.py
[2024-12-28T17:00:59.750+0000] {logging_mixin.py:190} INFO - [2024-12-28T17:00:59.750+0000] {dag.py:3239} INFO - Sync 1 DAGs
[2024-12-28T17:00:59.762+0000] {logging_mixin.py:190} INFO - [2024-12-28T17:00:59.762+0000] {dag.py:4180} INFO - Setting next_dagrun for example_display_name to None, run_after=None
[2024-12-28T17:00:59.779+0000] {processor.py:208} INFO - Processing /home/airflow/.local/lib/python3.12/site-packages/airflow/example_dags/example_display_name.py took 0.062 seconds
[2024-12-28T17:01:30.560+0000] {processor.py:186} INFO - Started process (PID=1224) to work on /home/airflow/.local/lib/python3.12/site-packages/airflow/example_dags/example_display_name.py
[2024-12-28T17:01:30.561+0000] {processor.py:914} INFO - Processing file /home/airflow/.local/lib/python3.12/site-packages/airflow/example_dags/example_display_name.py for tasks to queue
[2024-12-28T17:01:30.563+0000] {logging_mixin.py:190} INFO - [2024-12-28T17:01:30.563+0000] {dagbag.py:588} INFO - Filling up the DagBag from /home/airflow/.local/lib/python3.12/site-packages/airflow/example_dags/example_display_name.py
[2024-12-28T17:01:30.570+0000] {processor.py:925} INFO - DAG(s) 'example_display_name' retrieved from /home/airflow/.local/lib/python3.12/site-packages/airflow/example_dags/example_display_name.py
[2024-12-28T17:01:30.588+0000] {logging_mixin.py:190} INFO - [2024-12-28T17:01:30.587+0000] {dag.py:3239} INFO - Sync 1 DAGs
[2024-12-28T17:01:30.601+0000] {logging_mixin.py:190} INFO - [2024-12-28T17:01:30.601+0000] {dag.py:4180} INFO - Setting next_dagrun for example_display_name to None, run_after=None
[2024-12-28T17:01:30.617+0000] {processor.py:208} INFO - Processing /home/airflow/.local/lib/python3.12/site-packages/airflow/example_dags/example_display_name.py took 0.062 seconds
[2024-12-28T17:02:01.221+0000] {processor.py:186} INFO - Started process (PID=1288) to work on /home/airflow/.local/lib/python3.12/site-packages/airflow/example_dags/example_display_name.py
[2024-12-28T17:02:01.221+0000] {processor.py:914} INFO - Processing file /home/airflow/.local/lib/python3.12/site-packages/airflow/example_dags/example_display_name.py for tasks to queue
[2024-12-28T17:02:01.223+0000] {logging_mixin.py:190} INFO - [2024-12-28T17:02:01.223+0000] {dagbag.py:588} INFO - Filling up the DagBag from /home/airflow/.local/lib/python3.12/site-packages/airflow/example_dags/example_display_name.py
[2024-12-28T17:02:01.230+0000] {processor.py:925} INFO - DAG(s) 'example_display_name' retrieved from /home/airflow/.local/lib/python3.12/site-packages/airflow/example_dags/example_display_name.py
[2024-12-28T17:02:01.248+0000] {logging_mixin.py:190} INFO - [2024-12-28T17:02:01.248+0000] {dag.py:3239} INFO - Sync 1 DAGs
[2024-12-28T17:02:01.262+0000] {logging_mixin.py:190} INFO - [2024-12-28T17:02:01.261+0000] {dag.py:4180} INFO - Setting next_dagrun for example_display_name to None, run_after=None
[2024-12-28T17:02:01.278+0000] {processor.py:208} INFO - Processing /home/airflow/.local/lib/python3.12/site-packages/airflow/example_dags/example_display_name.py took 0.063 seconds
[2024-12-28T17:02:32.006+0000] {processor.py:186} INFO - Started process (PID=1361) to work on /home/airflow/.local/lib/python3.12/site-packages/airflow/example_dags/example_display_name.py
[2024-12-28T17:02:32.007+0000] {processor.py:914} INFO - Processing file /home/airflow/.local/lib/python3.12/site-packages/airflow/example_dags/example_display_name.py for tasks to queue
[2024-12-28T17:02:32.009+0000] {logging_mixin.py:190} INFO - [2024-12-28T17:02:32.009+0000] {dagbag.py:588} INFO - Filling up the DagBag from /home/airflow/.local/lib/python3.12/site-packages/airflow/example_dags/example_display_name.py
[2024-12-28T17:02:32.016+0000] {processor.py:925} INFO - DAG(s) 'example_display_name' retrieved from /home/airflow/.local/lib/python3.12/site-packages/airflow/example_dags/example_display_name.py
[2024-12-28T17:02:32.035+0000] {logging_mixin.py:190} INFO - [2024-12-28T17:02:32.035+0000] {dag.py:3239} INFO - Sync 1 DAGs
[2024-12-28T17:02:32.048+0000] {logging_mixin.py:190} INFO - [2024-12-28T17:02:32.047+0000] {dag.py:4180} INFO - Setting next_dagrun for example_display_name to None, run_after=None
[2024-12-28T17:02:32.063+0000] {processor.py:208} INFO - Processing /home/airflow/.local/lib/python3.12/site-packages/airflow/example_dags/example_display_name.py took 0.063 seconds
[2024-12-28T17:03:02.294+0000] {processor.py:186} INFO - Started process (PID=1434) to work on /home/airflow/.local/lib/python3.12/site-packages/airflow/example_dags/example_display_name.py
[2024-12-28T17:03:02.294+0000] {processor.py:914} INFO - Processing file /home/airflow/.local/lib/python3.12/site-packages/airflow/example_dags/example_display_name.py for tasks to queue
[2024-12-28T17:03:02.297+0000] {logging_mixin.py:190} INFO - [2024-12-28T17:03:02.296+0000] {dagbag.py:588} INFO - Filling up the DagBag from /home/airflow/.local/lib/python3.12/site-packages/airflow/example_dags/example_display_name.py
[2024-12-28T17:03:02.303+0000] {processor.py:925} INFO - DAG(s) 'example_display_name' retrieved from /home/airflow/.local/lib/python3.12/site-packages/airflow/example_dags/example_display_name.py
[2024-12-28T17:03:02.322+0000] {logging_mixin.py:190} INFO - [2024-12-28T17:03:02.322+0000] {dag.py:3239} INFO - Sync 1 DAGs
[2024-12-28T17:03:02.334+0000] {logging_mixin.py:190} INFO - [2024-12-28T17:03:02.334+0000] {dag.py:4180} INFO - Setting next_dagrun for example_display_name to None, run_after=None
[2024-12-28T17:03:02.357+0000] {processor.py:208} INFO - Processing /home/airflow/.local/lib/python3.12/site-packages/airflow/example_dags/example_display_name.py took 0.069 seconds
[2024-12-28T17:03:32.766+0000] {processor.py:186} INFO - Started process (PID=1511) to work on /home/airflow/.local/lib/python3.12/site-packages/airflow/example_dags/example_display_name.py
[2024-12-28T17:03:32.771+0000] {processor.py:914} INFO - Processing file /home/airflow/.local/lib/python3.12/site-packages/airflow/example_dags/example_display_name.py for tasks to queue
[2024-12-28T17:03:32.775+0000] {logging_mixin.py:190} INFO - [2024-12-28T17:03:32.774+0000] {dagbag.py:588} INFO - Filling up the DagBag from /home/airflow/.local/lib/python3.12/site-packages/airflow/example_dags/example_display_name.py
[2024-12-28T17:03:32.789+0000] {processor.py:925} INFO - DAG(s) 'example_display_name' retrieved from /home/airflow/.local/lib/python3.12/site-packages/airflow/example_dags/example_display_name.py
[2024-12-28T17:03:32.829+0000] {logging_mixin.py:190} INFO - [2024-12-28T17:03:32.829+0000] {dag.py:3239} INFO - Sync 1 DAGs
[2024-12-28T17:03:32.855+0000] {logging_mixin.py:190} INFO - [2024-12-28T17:03:32.855+0000] {dag.py:4180} INFO - Setting next_dagrun for example_display_name to None, run_after=None
[2024-12-28T17:03:32.890+0000] {processor.py:208} INFO - Processing /home/airflow/.local/lib/python3.12/site-packages/airflow/example_dags/example_display_name.py took 0.133 seconds
[2024-12-28T17:04:02.938+0000] {processor.py:186} INFO - Started process (PID=1584) to work on /home/airflow/.local/lib/python3.12/site-packages/airflow/example_dags/example_display_name.py
[2024-12-28T17:04:02.939+0000] {processor.py:914} INFO - Processing file /home/airflow/.local/lib/python3.12/site-packages/airflow/example_dags/example_display_name.py for tasks to queue
[2024-12-28T17:04:02.941+0000] {logging_mixin.py:190} INFO - [2024-12-28T17:04:02.941+0000] {dagbag.py:588} INFO - Filling up the DagBag from /home/airflow/.local/lib/python3.12/site-packages/airflow/example_dags/example_display_name.py
[2024-12-28T17:04:02.948+0000] {processor.py:925} INFO - DAG(s) 'example_display_name' retrieved from /home/airflow/.local/lib/python3.12/site-packages/airflow/example_dags/example_display_name.py
[2024-12-28T17:04:02.966+0000] {logging_mixin.py:190} INFO - [2024-12-28T17:04:02.966+0000] {dag.py:3239} INFO - Sync 1 DAGs
[2024-12-28T17:04:02.979+0000] {logging_mixin.py:190} INFO - [2024-12-28T17:04:02.978+0000] {dag.py:4180} INFO - Setting next_dagrun for example_display_name to None, run_after=None
[2024-12-28T17:04:02.998+0000] {processor.py:208} INFO - Processing /home/airflow/.local/lib/python3.12/site-packages/airflow/example_dags/example_display_name.py took 0.064 seconds
