[2024-12-28T16:38:38.608+0000] {processor.py:186} INFO - Started process (PID=114) to work on /home/airflow/.local/lib/python3.12/site-packages/airflow/example_dags/example_outlet_event_extra.py
[2024-12-28T16:38:38.608+0000] {processor.py:914} INFO - Processing file /home/airflow/.local/lib/python3.12/site-packages/airflow/example_dags/example_outlet_event_extra.py for tasks to queue
[2024-12-28T16:38:38.610+0000] {logging_mixin.py:190} INFO - [2024-12-28T16:38:38.610+0000] {dagbag.py:588} INFO - Filling up the DagBag from /home/airflow/.local/lib/python3.12/site-packages/airflow/example_dags/example_outlet_event_extra.py
[2024-12-28T16:38:39.181+0000] {processor.py:925} INFO - DAG(s) 'dataset_with_extra_by_yield', 'dataset_with_extra_from_classic_operator', 'dataset_with_extra_by_context' retrieved from /home/airflow/.local/lib/python3.12/site-packages/airflow/example_dags/example_outlet_event_extra.py
[2024-12-28T16:38:39.283+0000] {logging_mixin.py:190} INFO - [2024-12-28T16:38:39.283+0000] {override.py:1911} INFO - Created Permission View: can delete on DAG:dataset_with_extra_by_yield
[2024-12-28T16:38:39.293+0000] {logging_mixin.py:190} INFO - [2024-12-28T16:38:39.293+0000] {override.py:1911} INFO - Created Permission View: can edit on DAG:dataset_with_extra_by_yield
[2024-12-28T16:38:39.299+0000] {logging_mixin.py:190} INFO - [2024-12-28T16:38:39.299+0000] {override.py:1911} INFO - Created Permission View: can read on DAG:dataset_with_extra_by_yield
[2024-12-28T16:38:39.305+0000] {logging_mixin.py:190} INFO - [2024-12-28T16:38:39.305+0000] {override.py:1911} INFO - Created Permission View: can create on DAG Run:dataset_with_extra_by_yield
[2024-12-28T16:38:39.312+0000] {logging_mixin.py:190} INFO - [2024-12-28T16:38:39.311+0000] {override.py:1911} INFO - Created Permission View: can delete on DAG Run:dataset_with_extra_by_yield
[2024-12-28T16:38:39.317+0000] {logging_mixin.py:190} INFO - [2024-12-28T16:38:39.317+0000] {override.py:1911} INFO - Created Permission View: menu access on DAG Run:dataset_with_extra_by_yield
[2024-12-28T16:38:39.323+0000] {logging_mixin.py:190} INFO - [2024-12-28T16:38:39.323+0000] {override.py:1911} INFO - Created Permission View: can read on DAG Run:dataset_with_extra_by_yield
[2024-12-28T16:38:39.336+0000] {logging_mixin.py:190} INFO - [2024-12-28T16:38:39.336+0000] {override.py:1911} INFO - Created Permission View: can delete on DAG:dataset_with_extra_from_classic_operator
[2024-12-28T16:38:39.344+0000] {logging_mixin.py:190} INFO - [2024-12-28T16:38:39.343+0000] {override.py:1911} INFO - Created Permission View: can edit on DAG:dataset_with_extra_from_classic_operator
[2024-12-28T16:38:39.350+0000] {logging_mixin.py:190} INFO - [2024-12-28T16:38:39.349+0000] {override.py:1911} INFO - Created Permission View: can read on DAG:dataset_with_extra_from_classic_operator
[2024-12-28T16:38:39.356+0000] {logging_mixin.py:190} INFO - [2024-12-28T16:38:39.356+0000] {override.py:1911} INFO - Created Permission View: can create on DAG Run:dataset_with_extra_from_classic_operator
[2024-12-28T16:38:39.364+0000] {logging_mixin.py:190} INFO - [2024-12-28T16:38:39.364+0000] {override.py:1911} INFO - Created Permission View: can delete on DAG Run:dataset_with_extra_from_classic_operator
[2024-12-28T16:38:39.371+0000] {logging_mixin.py:190} INFO - [2024-12-28T16:38:39.371+0000] {override.py:1911} INFO - Created Permission View: menu access on DAG Run:dataset_with_extra_from_classic_operator
[2024-12-28T16:38:39.379+0000] {logging_mixin.py:190} INFO - [2024-12-28T16:38:39.379+0000] {override.py:1911} INFO - Created Permission View: can read on DAG Run:dataset_with_extra_from_classic_operator
[2024-12-28T16:38:39.390+0000] {logging_mixin.py:190} INFO - [2024-12-28T16:38:39.389+0000] {override.py:1911} INFO - Created Permission View: can delete on DAG:dataset_with_extra_by_context
[2024-12-28T16:38:39.397+0000] {logging_mixin.py:190} INFO - [2024-12-28T16:38:39.397+0000] {override.py:1911} INFO - Created Permission View: can edit on DAG:dataset_with_extra_by_context
[2024-12-28T16:38:39.403+0000] {logging_mixin.py:190} INFO - [2024-12-28T16:38:39.402+0000] {override.py:1911} INFO - Created Permission View: can read on DAG:dataset_with_extra_by_context
[2024-12-28T16:38:39.411+0000] {logging_mixin.py:190} INFO - [2024-12-28T16:38:39.411+0000] {override.py:1911} INFO - Created Permission View: can create on DAG Run:dataset_with_extra_by_context
[2024-12-28T16:38:39.416+0000] {logging_mixin.py:190} INFO - [2024-12-28T16:38:39.416+0000] {override.py:1911} INFO - Created Permission View: can delete on DAG Run:dataset_with_extra_by_context
[2024-12-28T16:38:39.422+0000] {logging_mixin.py:190} INFO - [2024-12-28T16:38:39.422+0000] {override.py:1911} INFO - Created Permission View: menu access on DAG Run:dataset_with_extra_by_context
[2024-12-28T16:38:39.430+0000] {logging_mixin.py:190} INFO - [2024-12-28T16:38:39.429+0000] {override.py:1911} INFO - Created Permission View: can read on DAG Run:dataset_with_extra_by_context
[2024-12-28T16:38:39.430+0000] {logging_mixin.py:190} INFO - [2024-12-28T16:38:39.430+0000] {dag.py:3239} INFO - Sync 3 DAGs
[2024-12-28T16:38:39.442+0000] {logging_mixin.py:190} INFO - [2024-12-28T16:38:39.441+0000] {dag.py:3262} INFO - Creating ORM DAG for dataset_with_extra_by_yield
[2024-12-28T16:38:39.442+0000] {logging_mixin.py:190} INFO - [2024-12-28T16:38:39.442+0000] {dag.py:3262} INFO - Creating ORM DAG for dataset_with_extra_from_classic_operator
[2024-12-28T16:38:39.443+0000] {logging_mixin.py:190} INFO - [2024-12-28T16:38:39.443+0000] {dag.py:3262} INFO - Creating ORM DAG for dataset_with_extra_by_context
[2024-12-28T16:38:39.453+0000] {logging_mixin.py:190} INFO - [2024-12-28T16:38:39.452+0000] {dag.py:4180} INFO - Setting next_dagrun for dataset_with_extra_by_context to 2024-12-27 00:00:00+00:00, run_after=2024-12-28 00:00:00+00:00
[2024-12-28T16:38:39.454+0000] {logging_mixin.py:190} INFO - [2024-12-28T16:38:39.454+0000] {dag.py:4180} INFO - Setting next_dagrun for dataset_with_extra_by_yield to 2024-12-27 00:00:00+00:00, run_after=2024-12-28 00:00:00+00:00
[2024-12-28T16:38:39.456+0000] {logging_mixin.py:190} INFO - [2024-12-28T16:38:39.455+0000] {dag.py:4180} INFO - Setting next_dagrun for dataset_with_extra_from_classic_operator to 2024-12-27 00:00:00+00:00, run_after=2024-12-28 00:00:00+00:00
[2024-12-28T16:38:39.479+0000] {processor.py:208} INFO - Processing /home/airflow/.local/lib/python3.12/site-packages/airflow/example_dags/example_outlet_event_extra.py took 0.877 seconds
[2024-12-28T16:39:10.288+0000] {processor.py:186} INFO - Started process (PID=183) to work on /home/airflow/.local/lib/python3.12/site-packages/airflow/example_dags/example_outlet_event_extra.py
[2024-12-28T16:39:10.291+0000] {processor.py:914} INFO - Processing file /home/airflow/.local/lib/python3.12/site-packages/airflow/example_dags/example_outlet_event_extra.py for tasks to queue
[2024-12-28T16:39:10.296+0000] {logging_mixin.py:190} INFO - [2024-12-28T16:39:10.295+0000] {dagbag.py:588} INFO - Filling up the DagBag from /home/airflow/.local/lib/python3.12/site-packages/airflow/example_dags/example_outlet_event_extra.py
[2024-12-28T16:39:10.827+0000] {processor.py:925} INFO - DAG(s) 'dataset_with_extra_by_yield', 'dataset_with_extra_from_classic_operator', 'dataset_with_extra_by_context' retrieved from /home/airflow/.local/lib/python3.12/site-packages/airflow/example_dags/example_outlet_event_extra.py
[2024-12-28T16:39:10.855+0000] {logging_mixin.py:190} INFO - [2024-12-28T16:39:10.855+0000] {dag.py:3239} INFO - Sync 3 DAGs
[2024-12-28T16:39:10.882+0000] {logging_mixin.py:190} INFO - [2024-12-28T16:39:10.882+0000] {dag.py:4180} INFO - Setting next_dagrun for dataset_with_extra_by_context to 2024-12-27 00:00:00+00:00, run_after=2024-12-28 00:00:00+00:00
[2024-12-28T16:39:10.886+0000] {logging_mixin.py:190} INFO - [2024-12-28T16:39:10.886+0000] {dag.py:4180} INFO - Setting next_dagrun for dataset_with_extra_by_yield to 2024-12-27 00:00:00+00:00, run_after=2024-12-28 00:00:00+00:00
[2024-12-28T16:39:10.889+0000] {logging_mixin.py:190} INFO - [2024-12-28T16:39:10.889+0000] {dag.py:4180} INFO - Setting next_dagrun for dataset_with_extra_from_classic_operator to 2024-12-27 00:00:00+00:00, run_after=2024-12-28 00:00:00+00:00
[2024-12-28T16:39:10.911+0000] {processor.py:208} INFO - Processing /home/airflow/.local/lib/python3.12/site-packages/airflow/example_dags/example_outlet_event_extra.py took 0.630 seconds
[2024-12-28T16:39:40.952+0000] {processor.py:186} INFO - Started process (PID=246) to work on /home/airflow/.local/lib/python3.12/site-packages/airflow/example_dags/example_outlet_event_extra.py
[2024-12-28T16:39:40.954+0000] {processor.py:914} INFO - Processing file /home/airflow/.local/lib/python3.12/site-packages/airflow/example_dags/example_outlet_event_extra.py for tasks to queue
[2024-12-28T16:39:40.956+0000] {logging_mixin.py:190} INFO - [2024-12-28T16:39:40.956+0000] {dagbag.py:588} INFO - Filling up the DagBag from /home/airflow/.local/lib/python3.12/site-packages/airflow/example_dags/example_outlet_event_extra.py
[2024-12-28T16:39:41.499+0000] {processor.py:925} INFO - DAG(s) 'dataset_with_extra_by_yield', 'dataset_with_extra_from_classic_operator', 'dataset_with_extra_by_context' retrieved from /home/airflow/.local/lib/python3.12/site-packages/airflow/example_dags/example_outlet_event_extra.py
[2024-12-28T16:39:41.523+0000] {logging_mixin.py:190} INFO - [2024-12-28T16:39:41.523+0000] {dag.py:3239} INFO - Sync 3 DAGs
[2024-12-28T16:39:41.548+0000] {logging_mixin.py:190} INFO - [2024-12-28T16:39:41.547+0000] {dag.py:4180} INFO - Setting next_dagrun for dataset_with_extra_by_context to 2024-12-27 00:00:00+00:00, run_after=2024-12-28 00:00:00+00:00
[2024-12-28T16:39:41.552+0000] {logging_mixin.py:190} INFO - [2024-12-28T16:39:41.552+0000] {dag.py:4180} INFO - Setting next_dagrun for dataset_with_extra_by_yield to 2024-12-27 00:00:00+00:00, run_after=2024-12-28 00:00:00+00:00
[2024-12-28T16:39:41.554+0000] {logging_mixin.py:190} INFO - [2024-12-28T16:39:41.554+0000] {dag.py:4180} INFO - Setting next_dagrun for dataset_with_extra_from_classic_operator to 2024-12-27 00:00:00+00:00, run_after=2024-12-28 00:00:00+00:00
[2024-12-28T16:39:41.574+0000] {processor.py:208} INFO - Processing /home/airflow/.local/lib/python3.12/site-packages/airflow/example_dags/example_outlet_event_extra.py took 0.628 seconds
[2024-12-28T16:40:11.953+0000] {processor.py:186} INFO - Started process (PID=309) to work on /home/airflow/.local/lib/python3.12/site-packages/airflow/example_dags/example_outlet_event_extra.py
[2024-12-28T16:40:11.956+0000] {processor.py:914} INFO - Processing file /home/airflow/.local/lib/python3.12/site-packages/airflow/example_dags/example_outlet_event_extra.py for tasks to queue
[2024-12-28T16:40:11.957+0000] {logging_mixin.py:190} INFO - [2024-12-28T16:40:11.957+0000] {dagbag.py:588} INFO - Filling up the DagBag from /home/airflow/.local/lib/python3.12/site-packages/airflow/example_dags/example_outlet_event_extra.py
[2024-12-28T16:40:12.456+0000] {processor.py:925} INFO - DAG(s) 'dataset_with_extra_from_classic_operator', 'dataset_with_extra_by_yield', 'dataset_with_extra_by_context' retrieved from /home/airflow/.local/lib/python3.12/site-packages/airflow/example_dags/example_outlet_event_extra.py
[2024-12-28T16:40:12.479+0000] {logging_mixin.py:190} INFO - [2024-12-28T16:40:12.479+0000] {dag.py:3239} INFO - Sync 3 DAGs
[2024-12-28T16:40:12.502+0000] {logging_mixin.py:190} INFO - [2024-12-28T16:40:12.502+0000] {dag.py:4180} INFO - Setting next_dagrun for dataset_with_extra_by_context to 2024-12-27 00:00:00+00:00, run_after=2024-12-28 00:00:00+00:00
[2024-12-28T16:40:12.506+0000] {logging_mixin.py:190} INFO - [2024-12-28T16:40:12.506+0000] {dag.py:4180} INFO - Setting next_dagrun for dataset_with_extra_by_yield to 2024-12-27 00:00:00+00:00, run_after=2024-12-28 00:00:00+00:00
[2024-12-28T16:40:12.509+0000] {logging_mixin.py:190} INFO - [2024-12-28T16:40:12.508+0000] {dag.py:4180} INFO - Setting next_dagrun for dataset_with_extra_from_classic_operator to 2024-12-27 00:00:00+00:00, run_after=2024-12-28 00:00:00+00:00
[2024-12-28T16:40:12.527+0000] {processor.py:208} INFO - Processing /home/airflow/.local/lib/python3.12/site-packages/airflow/example_dags/example_outlet_event_extra.py took 0.579 seconds
[2024-12-28T16:42:42.926+0000] {processor.py:186} INFO - Started process (PID=119) to work on /home/airflow/.local/lib/python3.12/site-packages/airflow/example_dags/example_outlet_event_extra.py
[2024-12-28T16:42:42.927+0000] {processor.py:914} INFO - Processing file /home/airflow/.local/lib/python3.12/site-packages/airflow/example_dags/example_outlet_event_extra.py for tasks to queue
[2024-12-28T16:42:42.929+0000] {logging_mixin.py:190} INFO - [2024-12-28T16:42:42.929+0000] {dagbag.py:588} INFO - Filling up the DagBag from /home/airflow/.local/lib/python3.12/site-packages/airflow/example_dags/example_outlet_event_extra.py
[2024-12-28T16:42:43.463+0000] {processor.py:925} INFO - DAG(s) 'dataset_with_extra_by_context', 'dataset_with_extra_from_classic_operator', 'dataset_with_extra_by_yield' retrieved from /home/airflow/.local/lib/python3.12/site-packages/airflow/example_dags/example_outlet_event_extra.py
[2024-12-28T16:42:43.489+0000] {logging_mixin.py:190} INFO - [2024-12-28T16:42:43.489+0000] {dag.py:3239} INFO - Sync 3 DAGs
[2024-12-28T16:42:43.512+0000] {logging_mixin.py:190} INFO - [2024-12-28T16:42:43.512+0000] {dag.py:4180} INFO - Setting next_dagrun for dataset_with_extra_by_context to 2024-12-27 00:00:00+00:00, run_after=2024-12-28 00:00:00+00:00
[2024-12-28T16:42:43.517+0000] {logging_mixin.py:190} INFO - [2024-12-28T16:42:43.516+0000] {dag.py:4180} INFO - Setting next_dagrun for dataset_with_extra_by_yield to 2024-12-27 00:00:00+00:00, run_after=2024-12-28 00:00:00+00:00
[2024-12-28T16:42:43.519+0000] {logging_mixin.py:190} INFO - [2024-12-28T16:42:43.519+0000] {dag.py:4180} INFO - Setting next_dagrun for dataset_with_extra_from_classic_operator to 2024-12-27 00:00:00+00:00, run_after=2024-12-28 00:00:00+00:00
[2024-12-28T16:42:43.547+0000] {processor.py:208} INFO - Processing /home/airflow/.local/lib/python3.12/site-packages/airflow/example_dags/example_outlet_event_extra.py took 0.627 seconds
[2024-12-28T16:43:14.577+0000] {processor.py:186} INFO - Started process (PID=183) to work on /home/airflow/.local/lib/python3.12/site-packages/airflow/example_dags/example_outlet_event_extra.py
[2024-12-28T16:43:14.578+0000] {processor.py:914} INFO - Processing file /home/airflow/.local/lib/python3.12/site-packages/airflow/example_dags/example_outlet_event_extra.py for tasks to queue
[2024-12-28T16:43:14.580+0000] {logging_mixin.py:190} INFO - [2024-12-28T16:43:14.580+0000] {dagbag.py:588} INFO - Filling up the DagBag from /home/airflow/.local/lib/python3.12/site-packages/airflow/example_dags/example_outlet_event_extra.py
[2024-12-28T16:43:15.086+0000] {processor.py:925} INFO - DAG(s) 'dataset_with_extra_from_classic_operator', 'dataset_with_extra_by_yield', 'dataset_with_extra_by_context' retrieved from /home/airflow/.local/lib/python3.12/site-packages/airflow/example_dags/example_outlet_event_extra.py
[2024-12-28T16:43:15.109+0000] {logging_mixin.py:190} INFO - [2024-12-28T16:43:15.108+0000] {dag.py:3239} INFO - Sync 3 DAGs
[2024-12-28T16:43:15.130+0000] {logging_mixin.py:190} INFO - [2024-12-28T16:43:15.130+0000] {dag.py:4180} INFO - Setting next_dagrun for dataset_with_extra_by_context to 2024-12-27 00:00:00+00:00, run_after=2024-12-28 00:00:00+00:00
[2024-12-28T16:43:15.135+0000] {logging_mixin.py:190} INFO - [2024-12-28T16:43:15.135+0000] {dag.py:4180} INFO - Setting next_dagrun for dataset_with_extra_by_yield to 2024-12-27 00:00:00+00:00, run_after=2024-12-28 00:00:00+00:00
[2024-12-28T16:43:15.138+0000] {logging_mixin.py:190} INFO - [2024-12-28T16:43:15.137+0000] {dag.py:4180} INFO - Setting next_dagrun for dataset_with_extra_from_classic_operator to 2024-12-27 00:00:00+00:00, run_after=2024-12-28 00:00:00+00:00
[2024-12-28T16:43:15.158+0000] {processor.py:208} INFO - Processing /home/airflow/.local/lib/python3.12/site-packages/airflow/example_dags/example_outlet_event_extra.py took 0.587 seconds
[2024-12-28T16:43:45.994+0000] {processor.py:186} INFO - Started process (PID=245) to work on /home/airflow/.local/lib/python3.12/site-packages/airflow/example_dags/example_outlet_event_extra.py
[2024-12-28T16:43:45.995+0000] {processor.py:914} INFO - Processing file /home/airflow/.local/lib/python3.12/site-packages/airflow/example_dags/example_outlet_event_extra.py for tasks to queue
[2024-12-28T16:43:45.997+0000] {logging_mixin.py:190} INFO - [2024-12-28T16:43:45.996+0000] {dagbag.py:588} INFO - Filling up the DagBag from /home/airflow/.local/lib/python3.12/site-packages/airflow/example_dags/example_outlet_event_extra.py
[2024-12-28T16:43:46.536+0000] {processor.py:925} INFO - DAG(s) 'dataset_with_extra_by_yield', 'dataset_with_extra_by_context', 'dataset_with_extra_from_classic_operator' retrieved from /home/airflow/.local/lib/python3.12/site-packages/airflow/example_dags/example_outlet_event_extra.py
[2024-12-28T16:43:46.561+0000] {logging_mixin.py:190} INFO - [2024-12-28T16:43:46.560+0000] {dag.py:3239} INFO - Sync 3 DAGs
[2024-12-28T16:43:46.588+0000] {logging_mixin.py:190} INFO - [2024-12-28T16:43:46.587+0000] {dag.py:4180} INFO - Setting next_dagrun for dataset_with_extra_by_context to 2024-12-27 00:00:00+00:00, run_after=2024-12-28 00:00:00+00:00
[2024-12-28T16:43:46.593+0000] {logging_mixin.py:190} INFO - [2024-12-28T16:43:46.592+0000] {dag.py:4180} INFO - Setting next_dagrun for dataset_with_extra_by_yield to 2024-12-27 00:00:00+00:00, run_after=2024-12-28 00:00:00+00:00
[2024-12-28T16:43:46.595+0000] {logging_mixin.py:190} INFO - [2024-12-28T16:43:46.595+0000] {dag.py:4180} INFO - Setting next_dagrun for dataset_with_extra_from_classic_operator to 2024-12-27 00:00:00+00:00, run_after=2024-12-28 00:00:00+00:00
[2024-12-28T16:43:46.617+0000] {processor.py:208} INFO - Processing /home/airflow/.local/lib/python3.12/site-packages/airflow/example_dags/example_outlet_event_extra.py took 0.629 seconds
[2024-12-28T16:44:17.612+0000] {processor.py:186} INFO - Started process (PID=308) to work on /home/airflow/.local/lib/python3.12/site-packages/airflow/example_dags/example_outlet_event_extra.py
[2024-12-28T16:44:17.613+0000] {processor.py:914} INFO - Processing file /home/airflow/.local/lib/python3.12/site-packages/airflow/example_dags/example_outlet_event_extra.py for tasks to queue
[2024-12-28T16:44:17.616+0000] {logging_mixin.py:190} INFO - [2024-12-28T16:44:17.615+0000] {dagbag.py:588} INFO - Filling up the DagBag from /home/airflow/.local/lib/python3.12/site-packages/airflow/example_dags/example_outlet_event_extra.py
[2024-12-28T16:44:18.147+0000] {processor.py:925} INFO - DAG(s) 'dataset_with_extra_by_context', 'dataset_with_extra_from_classic_operator', 'dataset_with_extra_by_yield' retrieved from /home/airflow/.local/lib/python3.12/site-packages/airflow/example_dags/example_outlet_event_extra.py
[2024-12-28T16:44:18.171+0000] {logging_mixin.py:190} INFO - [2024-12-28T16:44:18.171+0000] {dag.py:3239} INFO - Sync 3 DAGs
[2024-12-28T16:44:18.199+0000] {logging_mixin.py:190} INFO - [2024-12-28T16:44:18.199+0000] {dag.py:4180} INFO - Setting next_dagrun for dataset_with_extra_by_context to 2024-12-27 00:00:00+00:00, run_after=2024-12-28 00:00:00+00:00
[2024-12-28T16:44:18.204+0000] {logging_mixin.py:190} INFO - [2024-12-28T16:44:18.204+0000] {dag.py:4180} INFO - Setting next_dagrun for dataset_with_extra_by_yield to 2024-12-27 00:00:00+00:00, run_after=2024-12-28 00:00:00+00:00
[2024-12-28T16:44:18.207+0000] {logging_mixin.py:190} INFO - [2024-12-28T16:44:18.207+0000] {dag.py:4180} INFO - Setting next_dagrun for dataset_with_extra_from_classic_operator to 2024-12-27 00:00:00+00:00, run_after=2024-12-28 00:00:00+00:00
[2024-12-28T16:44:18.226+0000] {processor.py:208} INFO - Processing /home/airflow/.local/lib/python3.12/site-packages/airflow/example_dags/example_outlet_event_extra.py took 0.621 seconds
[2024-12-28T16:44:48.565+0000] {processor.py:186} INFO - Started process (PID=371) to work on /home/airflow/.local/lib/python3.12/site-packages/airflow/example_dags/example_outlet_event_extra.py
[2024-12-28T16:44:48.566+0000] {processor.py:914} INFO - Processing file /home/airflow/.local/lib/python3.12/site-packages/airflow/example_dags/example_outlet_event_extra.py for tasks to queue
[2024-12-28T16:44:48.568+0000] {logging_mixin.py:190} INFO - [2024-12-28T16:44:48.567+0000] {dagbag.py:588} INFO - Filling up the DagBag from /home/airflow/.local/lib/python3.12/site-packages/airflow/example_dags/example_outlet_event_extra.py
[2024-12-28T16:44:49.083+0000] {processor.py:925} INFO - DAG(s) 'dataset_with_extra_by_context', 'dataset_with_extra_from_classic_operator', 'dataset_with_extra_by_yield' retrieved from /home/airflow/.local/lib/python3.12/site-packages/airflow/example_dags/example_outlet_event_extra.py
[2024-12-28T16:44:49.108+0000] {logging_mixin.py:190} INFO - [2024-12-28T16:44:49.108+0000] {dag.py:3239} INFO - Sync 3 DAGs
[2024-12-28T16:44:49.132+0000] {logging_mixin.py:190} INFO - [2024-12-28T16:44:49.131+0000] {dag.py:4180} INFO - Setting next_dagrun for dataset_with_extra_by_context to 2024-12-27 00:00:00+00:00, run_after=2024-12-28 00:00:00+00:00
[2024-12-28T16:44:49.137+0000] {logging_mixin.py:190} INFO - [2024-12-28T16:44:49.137+0000] {dag.py:4180} INFO - Setting next_dagrun for dataset_with_extra_by_yield to 2024-12-27 00:00:00+00:00, run_after=2024-12-28 00:00:00+00:00
[2024-12-28T16:44:49.141+0000] {logging_mixin.py:190} INFO - [2024-12-28T16:44:49.141+0000] {dag.py:4180} INFO - Setting next_dagrun for dataset_with_extra_from_classic_operator to 2024-12-27 00:00:00+00:00, run_after=2024-12-28 00:00:00+00:00
[2024-12-28T16:44:49.164+0000] {processor.py:208} INFO - Processing /home/airflow/.local/lib/python3.12/site-packages/airflow/example_dags/example_outlet_event_extra.py took 0.604 seconds
[2024-12-28T16:45:20.362+0000] {processor.py:186} INFO - Started process (PID=434) to work on /home/airflow/.local/lib/python3.12/site-packages/airflow/example_dags/example_outlet_event_extra.py
[2024-12-28T16:45:20.363+0000] {processor.py:914} INFO - Processing file /home/airflow/.local/lib/python3.12/site-packages/airflow/example_dags/example_outlet_event_extra.py for tasks to queue
[2024-12-28T16:45:20.365+0000] {logging_mixin.py:190} INFO - [2024-12-28T16:45:20.365+0000] {dagbag.py:588} INFO - Filling up the DagBag from /home/airflow/.local/lib/python3.12/site-packages/airflow/example_dags/example_outlet_event_extra.py
[2024-12-28T16:45:20.878+0000] {processor.py:925} INFO - DAG(s) 'dataset_with_extra_by_yield', 'dataset_with_extra_by_context', 'dataset_with_extra_from_classic_operator' retrieved from /home/airflow/.local/lib/python3.12/site-packages/airflow/example_dags/example_outlet_event_extra.py
[2024-12-28T16:45:20.901+0000] {logging_mixin.py:190} INFO - [2024-12-28T16:45:20.900+0000] {dag.py:3239} INFO - Sync 3 DAGs
[2024-12-28T16:45:20.927+0000] {logging_mixin.py:190} INFO - [2024-12-28T16:45:20.926+0000] {dag.py:4180} INFO - Setting next_dagrun for dataset_with_extra_by_context to 2024-12-27 00:00:00+00:00, run_after=2024-12-28 00:00:00+00:00
[2024-12-28T16:45:20.932+0000] {logging_mixin.py:190} INFO - [2024-12-28T16:45:20.932+0000] {dag.py:4180} INFO - Setting next_dagrun for dataset_with_extra_by_yield to 2024-12-27 00:00:00+00:00, run_after=2024-12-28 00:00:00+00:00
[2024-12-28T16:45:20.935+0000] {logging_mixin.py:190} INFO - [2024-12-28T16:45:20.935+0000] {dag.py:4180} INFO - Setting next_dagrun for dataset_with_extra_from_classic_operator to 2024-12-27 00:00:00+00:00, run_after=2024-12-28 00:00:00+00:00
[2024-12-28T16:45:20.955+0000] {processor.py:208} INFO - Processing /home/airflow/.local/lib/python3.12/site-packages/airflow/example_dags/example_outlet_event_extra.py took 0.598 seconds
[2024-12-28T16:45:52.035+0000] {processor.py:186} INFO - Started process (PID=497) to work on /home/airflow/.local/lib/python3.12/site-packages/airflow/example_dags/example_outlet_event_extra.py
[2024-12-28T16:45:52.036+0000] {processor.py:914} INFO - Processing file /home/airflow/.local/lib/python3.12/site-packages/airflow/example_dags/example_outlet_event_extra.py for tasks to queue
[2024-12-28T16:45:52.038+0000] {logging_mixin.py:190} INFO - [2024-12-28T16:45:52.038+0000] {dagbag.py:588} INFO - Filling up the DagBag from /home/airflow/.local/lib/python3.12/site-packages/airflow/example_dags/example_outlet_event_extra.py
[2024-12-28T16:45:52.569+0000] {processor.py:925} INFO - DAG(s) 'dataset_with_extra_by_context', 'dataset_with_extra_from_classic_operator', 'dataset_with_extra_by_yield' retrieved from /home/airflow/.local/lib/python3.12/site-packages/airflow/example_dags/example_outlet_event_extra.py
[2024-12-28T16:45:52.594+0000] {logging_mixin.py:190} INFO - [2024-12-28T16:45:52.594+0000] {dag.py:3239} INFO - Sync 3 DAGs
[2024-12-28T16:45:52.618+0000] {logging_mixin.py:190} INFO - [2024-12-28T16:45:52.617+0000] {dag.py:4180} INFO - Setting next_dagrun for dataset_with_extra_by_context to 2024-12-27 00:00:00+00:00, run_after=2024-12-28 00:00:00+00:00
[2024-12-28T16:45:52.622+0000] {logging_mixin.py:190} INFO - [2024-12-28T16:45:52.622+0000] {dag.py:4180} INFO - Setting next_dagrun for dataset_with_extra_by_yield to 2024-12-27 00:00:00+00:00, run_after=2024-12-28 00:00:00+00:00
[2024-12-28T16:45:52.625+0000] {logging_mixin.py:190} INFO - [2024-12-28T16:45:52.625+0000] {dag.py:4180} INFO - Setting next_dagrun for dataset_with_extra_from_classic_operator to 2024-12-27 00:00:00+00:00, run_after=2024-12-28 00:00:00+00:00
[2024-12-28T16:45:52.643+0000] {processor.py:208} INFO - Processing /home/airflow/.local/lib/python3.12/site-packages/airflow/example_dags/example_outlet_event_extra.py took 0.614 seconds
[2024-12-28T16:46:23.585+0000] {processor.py:186} INFO - Started process (PID=560) to work on /home/airflow/.local/lib/python3.12/site-packages/airflow/example_dags/example_outlet_event_extra.py
[2024-12-28T16:46:23.586+0000] {processor.py:914} INFO - Processing file /home/airflow/.local/lib/python3.12/site-packages/airflow/example_dags/example_outlet_event_extra.py for tasks to queue
[2024-12-28T16:46:23.588+0000] {logging_mixin.py:190} INFO - [2024-12-28T16:46:23.588+0000] {dagbag.py:588} INFO - Filling up the DagBag from /home/airflow/.local/lib/python3.12/site-packages/airflow/example_dags/example_outlet_event_extra.py
[2024-12-28T16:46:24.200+0000] {processor.py:925} INFO - DAG(s) 'dataset_with_extra_by_yield', 'dataset_with_extra_by_context', 'dataset_with_extra_from_classic_operator' retrieved from /home/airflow/.local/lib/python3.12/site-packages/airflow/example_dags/example_outlet_event_extra.py
[2024-12-28T16:46:24.227+0000] {logging_mixin.py:190} INFO - [2024-12-28T16:46:24.227+0000] {dag.py:3239} INFO - Sync 3 DAGs
[2024-12-28T16:46:24.256+0000] {logging_mixin.py:190} INFO - [2024-12-28T16:46:24.256+0000] {dag.py:4180} INFO - Setting next_dagrun for dataset_with_extra_by_context to 2024-12-27 00:00:00+00:00, run_after=2024-12-28 00:00:00+00:00
[2024-12-28T16:46:24.264+0000] {logging_mixin.py:190} INFO - [2024-12-28T16:46:24.263+0000] {dag.py:4180} INFO - Setting next_dagrun for dataset_with_extra_by_yield to 2024-12-27 00:00:00+00:00, run_after=2024-12-28 00:00:00+00:00
[2024-12-28T16:46:24.267+0000] {logging_mixin.py:190} INFO - [2024-12-28T16:46:24.266+0000] {dag.py:4180} INFO - Setting next_dagrun for dataset_with_extra_from_classic_operator to 2024-12-27 00:00:00+00:00, run_after=2024-12-28 00:00:00+00:00
[2024-12-28T16:46:24.295+0000] {processor.py:208} INFO - Processing /home/airflow/.local/lib/python3.12/site-packages/airflow/example_dags/example_outlet_event_extra.py took 0.716 seconds
[2024-12-28T16:46:54.803+0000] {processor.py:186} INFO - Started process (PID=623) to work on /home/airflow/.local/lib/python3.12/site-packages/airflow/example_dags/example_outlet_event_extra.py
[2024-12-28T16:46:54.804+0000] {processor.py:914} INFO - Processing file /home/airflow/.local/lib/python3.12/site-packages/airflow/example_dags/example_outlet_event_extra.py for tasks to queue
[2024-12-28T16:46:54.806+0000] {logging_mixin.py:190} INFO - [2024-12-28T16:46:54.805+0000] {dagbag.py:588} INFO - Filling up the DagBag from /home/airflow/.local/lib/python3.12/site-packages/airflow/example_dags/example_outlet_event_extra.py
[2024-12-28T16:46:55.323+0000] {processor.py:925} INFO - DAG(s) 'dataset_with_extra_by_context', 'dataset_with_extra_by_yield', 'dataset_with_extra_from_classic_operator' retrieved from /home/airflow/.local/lib/python3.12/site-packages/airflow/example_dags/example_outlet_event_extra.py
[2024-12-28T16:46:55.347+0000] {logging_mixin.py:190} INFO - [2024-12-28T16:46:55.346+0000] {dag.py:3239} INFO - Sync 3 DAGs
[2024-12-28T16:46:55.369+0000] {logging_mixin.py:190} INFO - [2024-12-28T16:46:55.369+0000] {dag.py:4180} INFO - Setting next_dagrun for dataset_with_extra_by_context to 2024-12-27 00:00:00+00:00, run_after=2024-12-28 00:00:00+00:00
[2024-12-28T16:46:55.373+0000] {logging_mixin.py:190} INFO - [2024-12-28T16:46:55.373+0000] {dag.py:4180} INFO - Setting next_dagrun for dataset_with_extra_by_yield to 2024-12-27 00:00:00+00:00, run_after=2024-12-28 00:00:00+00:00
[2024-12-28T16:46:55.376+0000] {logging_mixin.py:190} INFO - [2024-12-28T16:46:55.376+0000] {dag.py:4180} INFO - Setting next_dagrun for dataset_with_extra_from_classic_operator to 2024-12-27 00:00:00+00:00, run_after=2024-12-28 00:00:00+00:00
[2024-12-28T16:46:55.396+0000] {processor.py:208} INFO - Processing /home/airflow/.local/lib/python3.12/site-packages/airflow/example_dags/example_outlet_event_extra.py took 0.599 seconds
[2024-12-28T16:47:26.332+0000] {processor.py:186} INFO - Started process (PID=686) to work on /home/airflow/.local/lib/python3.12/site-packages/airflow/example_dags/example_outlet_event_extra.py
[2024-12-28T16:47:26.333+0000] {processor.py:914} INFO - Processing file /home/airflow/.local/lib/python3.12/site-packages/airflow/example_dags/example_outlet_event_extra.py for tasks to queue
[2024-12-28T16:47:26.335+0000] {logging_mixin.py:190} INFO - [2024-12-28T16:47:26.335+0000] {dagbag.py:588} INFO - Filling up the DagBag from /home/airflow/.local/lib/python3.12/site-packages/airflow/example_dags/example_outlet_event_extra.py
[2024-12-28T16:47:26.914+0000] {processor.py:925} INFO - DAG(s) 'dataset_with_extra_from_classic_operator', 'dataset_with_extra_by_context', 'dataset_with_extra_by_yield' retrieved from /home/airflow/.local/lib/python3.12/site-packages/airflow/example_dags/example_outlet_event_extra.py
[2024-12-28T16:47:26.940+0000] {logging_mixin.py:190} INFO - [2024-12-28T16:47:26.940+0000] {dag.py:3239} INFO - Sync 3 DAGs
[2024-12-28T16:47:26.963+0000] {logging_mixin.py:190} INFO - [2024-12-28T16:47:26.962+0000] {dag.py:4180} INFO - Setting next_dagrun for dataset_with_extra_by_context to 2024-12-27 00:00:00+00:00, run_after=2024-12-28 00:00:00+00:00
[2024-12-28T16:47:26.967+0000] {logging_mixin.py:190} INFO - [2024-12-28T16:47:26.967+0000] {dag.py:4180} INFO - Setting next_dagrun for dataset_with_extra_by_yield to 2024-12-27 00:00:00+00:00, run_after=2024-12-28 00:00:00+00:00
[2024-12-28T16:47:26.970+0000] {logging_mixin.py:190} INFO - [2024-12-28T16:47:26.970+0000] {dag.py:4180} INFO - Setting next_dagrun for dataset_with_extra_from_classic_operator to 2024-12-27 00:00:00+00:00, run_after=2024-12-28 00:00:00+00:00
[2024-12-28T16:47:26.991+0000] {processor.py:208} INFO - Processing /home/airflow/.local/lib/python3.12/site-packages/airflow/example_dags/example_outlet_event_extra.py took 0.665 seconds
[2024-12-28T16:52:24.992+0000] {processor.py:186} INFO - Started process (PID=115) to work on /home/airflow/.local/lib/python3.12/site-packages/airflow/example_dags/example_outlet_event_extra.py
[2024-12-28T16:52:24.993+0000] {processor.py:914} INFO - Processing file /home/airflow/.local/lib/python3.12/site-packages/airflow/example_dags/example_outlet_event_extra.py for tasks to queue
[2024-12-28T16:52:24.995+0000] {logging_mixin.py:190} INFO - [2024-12-28T16:52:24.995+0000] {dagbag.py:588} INFO - Filling up the DagBag from /home/airflow/.local/lib/python3.12/site-packages/airflow/example_dags/example_outlet_event_extra.py
[2024-12-28T16:52:25.551+0000] {processor.py:925} INFO - DAG(s) 'dataset_with_extra_by_context', 'dataset_with_extra_from_classic_operator', 'dataset_with_extra_by_yield' retrieved from /home/airflow/.local/lib/python3.12/site-packages/airflow/example_dags/example_outlet_event_extra.py
[2024-12-28T16:52:25.574+0000] {logging_mixin.py:190} INFO - [2024-12-28T16:52:25.574+0000] {dag.py:3239} INFO - Sync 3 DAGs
[2024-12-28T16:52:25.595+0000] {logging_mixin.py:190} INFO - [2024-12-28T16:52:25.595+0000] {dag.py:4180} INFO - Setting next_dagrun for dataset_with_extra_by_context to 2024-12-27 00:00:00+00:00, run_after=2024-12-28 00:00:00+00:00
[2024-12-28T16:52:25.599+0000] {logging_mixin.py:190} INFO - [2024-12-28T16:52:25.599+0000] {dag.py:4180} INFO - Setting next_dagrun for dataset_with_extra_by_yield to 2024-12-27 00:00:00+00:00, run_after=2024-12-28 00:00:00+00:00
[2024-12-28T16:52:25.601+0000] {logging_mixin.py:190} INFO - [2024-12-28T16:52:25.601+0000] {dag.py:4180} INFO - Setting next_dagrun for dataset_with_extra_from_classic_operator to 2024-12-27 00:00:00+00:00, run_after=2024-12-28 00:00:00+00:00
[2024-12-28T16:52:25.618+0000] {processor.py:208} INFO - Processing /home/airflow/.local/lib/python3.12/site-packages/airflow/example_dags/example_outlet_event_extra.py took 0.632 seconds
[2024-12-28T16:52:56.174+0000] {processor.py:186} INFO - Started process (PID=184) to work on /home/airflow/.local/lib/python3.12/site-packages/airflow/example_dags/example_outlet_event_extra.py
[2024-12-28T16:52:56.175+0000] {processor.py:914} INFO - Processing file /home/airflow/.local/lib/python3.12/site-packages/airflow/example_dags/example_outlet_event_extra.py for tasks to queue
[2024-12-28T16:52:56.177+0000] {logging_mixin.py:190} INFO - [2024-12-28T16:52:56.176+0000] {dagbag.py:588} INFO - Filling up the DagBag from /home/airflow/.local/lib/python3.12/site-packages/airflow/example_dags/example_outlet_event_extra.py
[2024-12-28T16:52:56.671+0000] {processor.py:925} INFO - DAG(s) 'dataset_with_extra_from_classic_operator', 'dataset_with_extra_by_context', 'dataset_with_extra_by_yield' retrieved from /home/airflow/.local/lib/python3.12/site-packages/airflow/example_dags/example_outlet_event_extra.py
[2024-12-28T16:52:56.695+0000] {logging_mixin.py:190} INFO - [2024-12-28T16:52:56.695+0000] {dag.py:3239} INFO - Sync 3 DAGs
[2024-12-28T16:52:56.719+0000] {logging_mixin.py:190} INFO - [2024-12-28T16:52:56.719+0000] {dag.py:4180} INFO - Setting next_dagrun for dataset_with_extra_by_context to 2024-12-27 00:00:00+00:00, run_after=2024-12-28 00:00:00+00:00
[2024-12-28T16:52:56.723+0000] {logging_mixin.py:190} INFO - [2024-12-28T16:52:56.723+0000] {dag.py:4180} INFO - Setting next_dagrun for dataset_with_extra_by_yield to 2024-12-27 00:00:00+00:00, run_after=2024-12-28 00:00:00+00:00
[2024-12-28T16:52:56.726+0000] {logging_mixin.py:190} INFO - [2024-12-28T16:52:56.726+0000] {dag.py:4180} INFO - Setting next_dagrun for dataset_with_extra_from_classic_operator to 2024-12-27 00:00:00+00:00, run_after=2024-12-28 00:00:00+00:00
[2024-12-28T16:52:56.746+0000] {processor.py:208} INFO - Processing /home/airflow/.local/lib/python3.12/site-packages/airflow/example_dags/example_outlet_event_extra.py took 0.578 seconds
[2024-12-28T16:53:27.605+0000] {processor.py:186} INFO - Started process (PID=245) to work on /home/airflow/.local/lib/python3.12/site-packages/airflow/example_dags/example_outlet_event_extra.py
[2024-12-28T16:53:27.605+0000] {processor.py:914} INFO - Processing file /home/airflow/.local/lib/python3.12/site-packages/airflow/example_dags/example_outlet_event_extra.py for tasks to queue
[2024-12-28T16:53:27.608+0000] {logging_mixin.py:190} INFO - [2024-12-28T16:53:27.608+0000] {dagbag.py:588} INFO - Filling up the DagBag from /home/airflow/.local/lib/python3.12/site-packages/airflow/example_dags/example_outlet_event_extra.py
[2024-12-28T16:53:28.146+0000] {processor.py:925} INFO - DAG(s) 'dataset_with_extra_by_yield', 'dataset_with_extra_by_context', 'dataset_with_extra_from_classic_operator' retrieved from /home/airflow/.local/lib/python3.12/site-packages/airflow/example_dags/example_outlet_event_extra.py
[2024-12-28T16:53:28.169+0000] {logging_mixin.py:190} INFO - [2024-12-28T16:53:28.168+0000] {dag.py:3239} INFO - Sync 3 DAGs
[2024-12-28T16:53:28.192+0000] {logging_mixin.py:190} INFO - [2024-12-28T16:53:28.192+0000] {dag.py:4180} INFO - Setting next_dagrun for dataset_with_extra_by_context to 2024-12-27 00:00:00+00:00, run_after=2024-12-28 00:00:00+00:00
[2024-12-28T16:53:28.196+0000] {logging_mixin.py:190} INFO - [2024-12-28T16:53:28.196+0000] {dag.py:4180} INFO - Setting next_dagrun for dataset_with_extra_by_yield to 2024-12-27 00:00:00+00:00, run_after=2024-12-28 00:00:00+00:00
[2024-12-28T16:53:28.199+0000] {logging_mixin.py:190} INFO - [2024-12-28T16:53:28.199+0000] {dag.py:4180} INFO - Setting next_dagrun for dataset_with_extra_from_classic_operator to 2024-12-27 00:00:00+00:00, run_after=2024-12-28 00:00:00+00:00
[2024-12-28T16:53:28.217+0000] {processor.py:208} INFO - Processing /home/airflow/.local/lib/python3.12/site-packages/airflow/example_dags/example_outlet_event_extra.py took 0.619 seconds
[2024-12-28T16:54:00.203+0000] {processor.py:186} INFO - Started process (PID=311) to work on /home/airflow/.local/lib/python3.12/site-packages/airflow/example_dags/example_outlet_event_extra.py
[2024-12-28T16:54:00.204+0000] {processor.py:914} INFO - Processing file /home/airflow/.local/lib/python3.12/site-packages/airflow/example_dags/example_outlet_event_extra.py for tasks to queue
[2024-12-28T16:54:00.206+0000] {logging_mixin.py:190} INFO - [2024-12-28T16:54:00.206+0000] {dagbag.py:588} INFO - Filling up the DagBag from /home/airflow/.local/lib/python3.12/site-packages/airflow/example_dags/example_outlet_event_extra.py
[2024-12-28T16:54:00.779+0000] {processor.py:925} INFO - DAG(s) 'dataset_with_extra_by_context', 'dataset_with_extra_by_yield', 'dataset_with_extra_from_classic_operator' retrieved from /home/airflow/.local/lib/python3.12/site-packages/airflow/example_dags/example_outlet_event_extra.py
[2024-12-28T16:54:00.805+0000] {logging_mixin.py:190} INFO - [2024-12-28T16:54:00.805+0000] {dag.py:3239} INFO - Sync 3 DAGs
[2024-12-28T16:54:00.831+0000] {logging_mixin.py:190} INFO - [2024-12-28T16:54:00.831+0000] {dag.py:4180} INFO - Setting next_dagrun for dataset_with_extra_by_context to 2024-12-27 00:00:00+00:00, run_after=2024-12-28 00:00:00+00:00
[2024-12-28T16:54:00.836+0000] {logging_mixin.py:190} INFO - [2024-12-28T16:54:00.836+0000] {dag.py:4180} INFO - Setting next_dagrun for dataset_with_extra_by_yield to 2024-12-27 00:00:00+00:00, run_after=2024-12-28 00:00:00+00:00
[2024-12-28T16:54:00.839+0000] {logging_mixin.py:190} INFO - [2024-12-28T16:54:00.839+0000] {dag.py:4180} INFO - Setting next_dagrun for dataset_with_extra_from_classic_operator to 2024-12-27 00:00:00+00:00, run_after=2024-12-28 00:00:00+00:00
[2024-12-28T16:54:00.863+0000] {processor.py:208} INFO - Processing /home/airflow/.local/lib/python3.12/site-packages/airflow/example_dags/example_outlet_event_extra.py took 0.665 seconds
[2024-12-28T16:54:32.613+0000] {processor.py:186} INFO - Started process (PID=375) to work on /home/airflow/.local/lib/python3.12/site-packages/airflow/example_dags/example_outlet_event_extra.py
[2024-12-28T16:54:32.619+0000] {processor.py:914} INFO - Processing file /home/airflow/.local/lib/python3.12/site-packages/airflow/example_dags/example_outlet_event_extra.py for tasks to queue
[2024-12-28T16:54:32.624+0000] {logging_mixin.py:190} INFO - [2024-12-28T16:54:32.623+0000] {dagbag.py:588} INFO - Filling up the DagBag from /home/airflow/.local/lib/python3.12/site-packages/airflow/example_dags/example_outlet_event_extra.py
[2024-12-28T16:54:33.846+0000] {processor.py:925} INFO - DAG(s) 'dataset_with_extra_from_classic_operator', 'dataset_with_extra_by_yield', 'dataset_with_extra_by_context' retrieved from /home/airflow/.local/lib/python3.12/site-packages/airflow/example_dags/example_outlet_event_extra.py
[2024-12-28T16:54:33.894+0000] {logging_mixin.py:190} INFO - [2024-12-28T16:54:33.893+0000] {dag.py:3239} INFO - Sync 3 DAGs
[2024-12-28T16:54:33.938+0000] {logging_mixin.py:190} INFO - [2024-12-28T16:54:33.938+0000] {dag.py:4180} INFO - Setting next_dagrun for dataset_with_extra_by_context to 2024-12-27 00:00:00+00:00, run_after=2024-12-28 00:00:00+00:00
[2024-12-28T16:54:33.947+0000] {logging_mixin.py:190} INFO - [2024-12-28T16:54:33.947+0000] {dag.py:4180} INFO - Setting next_dagrun for dataset_with_extra_by_yield to 2024-12-27 00:00:00+00:00, run_after=2024-12-28 00:00:00+00:00
[2024-12-28T16:54:33.953+0000] {logging_mixin.py:190} INFO - [2024-12-28T16:54:33.952+0000] {dag.py:4180} INFO - Setting next_dagrun for dataset_with_extra_from_classic_operator to 2024-12-27 00:00:00+00:00, run_after=2024-12-28 00:00:00+00:00
[2024-12-28T16:54:34.010+0000] {processor.py:208} INFO - Processing /home/airflow/.local/lib/python3.12/site-packages/airflow/example_dags/example_outlet_event_extra.py took 1.406 seconds
[2024-12-28T16:55:04.405+0000] {processor.py:186} INFO - Started process (PID=439) to work on /home/airflow/.local/lib/python3.12/site-packages/airflow/example_dags/example_outlet_event_extra.py
[2024-12-28T16:55:04.406+0000] {processor.py:914} INFO - Processing file /home/airflow/.local/lib/python3.12/site-packages/airflow/example_dags/example_outlet_event_extra.py for tasks to queue
[2024-12-28T16:55:04.409+0000] {logging_mixin.py:190} INFO - [2024-12-28T16:55:04.409+0000] {dagbag.py:588} INFO - Filling up the DagBag from /home/airflow/.local/lib/python3.12/site-packages/airflow/example_dags/example_outlet_event_extra.py
[2024-12-28T16:55:05.008+0000] {processor.py:925} INFO - DAG(s) 'dataset_with_extra_by_context', 'dataset_with_extra_from_classic_operator', 'dataset_with_extra_by_yield' retrieved from /home/airflow/.local/lib/python3.12/site-packages/airflow/example_dags/example_outlet_event_extra.py
[2024-12-28T16:55:05.033+0000] {logging_mixin.py:190} INFO - [2024-12-28T16:55:05.033+0000] {dag.py:3239} INFO - Sync 3 DAGs
[2024-12-28T16:55:05.059+0000] {logging_mixin.py:190} INFO - [2024-12-28T16:55:05.059+0000] {dag.py:4180} INFO - Setting next_dagrun for dataset_with_extra_by_context to 2024-12-27 00:00:00+00:00, run_after=2024-12-28 00:00:00+00:00
[2024-12-28T16:55:05.064+0000] {logging_mixin.py:190} INFO - [2024-12-28T16:55:05.064+0000] {dag.py:4180} INFO - Setting next_dagrun for dataset_with_extra_by_yield to 2024-12-27 00:00:00+00:00, run_after=2024-12-28 00:00:00+00:00
[2024-12-28T16:55:05.067+0000] {logging_mixin.py:190} INFO - [2024-12-28T16:55:05.066+0000] {dag.py:4180} INFO - Setting next_dagrun for dataset_with_extra_from_classic_operator to 2024-12-27 00:00:00+00:00, run_after=2024-12-28 00:00:00+00:00
[2024-12-28T16:55:05.089+0000] {processor.py:208} INFO - Processing /home/airflow/.local/lib/python3.12/site-packages/airflow/example_dags/example_outlet_event_extra.py took 0.690 seconds
[2024-12-28T16:55:36.675+0000] {processor.py:186} INFO - Started process (PID=503) to work on /home/airflow/.local/lib/python3.12/site-packages/airflow/example_dags/example_outlet_event_extra.py
[2024-12-28T16:55:36.676+0000] {processor.py:914} INFO - Processing file /home/airflow/.local/lib/python3.12/site-packages/airflow/example_dags/example_outlet_event_extra.py for tasks to queue
[2024-12-28T16:55:36.679+0000] {logging_mixin.py:190} INFO - [2024-12-28T16:55:36.678+0000] {dagbag.py:588} INFO - Filling up the DagBag from /home/airflow/.local/lib/python3.12/site-packages/airflow/example_dags/example_outlet_event_extra.py
[2024-12-28T16:55:37.266+0000] {processor.py:925} INFO - DAG(s) 'dataset_with_extra_by_yield', 'dataset_with_extra_from_classic_operator', 'dataset_with_extra_by_context' retrieved from /home/airflow/.local/lib/python3.12/site-packages/airflow/example_dags/example_outlet_event_extra.py
[2024-12-28T16:55:37.293+0000] {logging_mixin.py:190} INFO - [2024-12-28T16:55:37.292+0000] {dag.py:3239} INFO - Sync 3 DAGs
[2024-12-28T16:55:37.316+0000] {logging_mixin.py:190} INFO - [2024-12-28T16:55:37.316+0000] {dag.py:4180} INFO - Setting next_dagrun for dataset_with_extra_by_context to 2024-12-27 00:00:00+00:00, run_after=2024-12-28 00:00:00+00:00
[2024-12-28T16:55:37.322+0000] {logging_mixin.py:190} INFO - [2024-12-28T16:55:37.322+0000] {dag.py:4180} INFO - Setting next_dagrun for dataset_with_extra_by_yield to 2024-12-27 00:00:00+00:00, run_after=2024-12-28 00:00:00+00:00
[2024-12-28T16:55:37.325+0000] {logging_mixin.py:190} INFO - [2024-12-28T16:55:37.325+0000] {dag.py:4180} INFO - Setting next_dagrun for dataset_with_extra_from_classic_operator to 2024-12-27 00:00:00+00:00, run_after=2024-12-28 00:00:00+00:00
[2024-12-28T16:55:37.348+0000] {processor.py:208} INFO - Processing /home/airflow/.local/lib/python3.12/site-packages/airflow/example_dags/example_outlet_event_extra.py took 0.679 seconds
[2024-12-28T16:56:07.569+0000] {processor.py:186} INFO - Started process (PID=567) to work on /home/airflow/.local/lib/python3.12/site-packages/airflow/example_dags/example_outlet_event_extra.py
[2024-12-28T16:56:07.570+0000] {processor.py:914} INFO - Processing file /home/airflow/.local/lib/python3.12/site-packages/airflow/example_dags/example_outlet_event_extra.py for tasks to queue
[2024-12-28T16:56:07.572+0000] {logging_mixin.py:190} INFO - [2024-12-28T16:56:07.572+0000] {dagbag.py:588} INFO - Filling up the DagBag from /home/airflow/.local/lib/python3.12/site-packages/airflow/example_dags/example_outlet_event_extra.py
[2024-12-28T16:56:08.086+0000] {processor.py:925} INFO - DAG(s) 'dataset_with_extra_by_context', 'dataset_with_extra_from_classic_operator', 'dataset_with_extra_by_yield' retrieved from /home/airflow/.local/lib/python3.12/site-packages/airflow/example_dags/example_outlet_event_extra.py
[2024-12-28T16:56:08.113+0000] {logging_mixin.py:190} INFO - [2024-12-28T16:56:08.113+0000] {dag.py:3239} INFO - Sync 3 DAGs
[2024-12-28T16:56:08.137+0000] {logging_mixin.py:190} INFO - [2024-12-28T16:56:08.136+0000] {dag.py:4180} INFO - Setting next_dagrun for dataset_with_extra_by_context to 2024-12-27 00:00:00+00:00, run_after=2024-12-28 00:00:00+00:00
[2024-12-28T16:56:08.142+0000] {logging_mixin.py:190} INFO - [2024-12-28T16:56:08.142+0000] {dag.py:4180} INFO - Setting next_dagrun for dataset_with_extra_by_yield to 2024-12-27 00:00:00+00:00, run_after=2024-12-28 00:00:00+00:00
[2024-12-28T16:56:08.145+0000] {logging_mixin.py:190} INFO - [2024-12-28T16:56:08.145+0000] {dag.py:4180} INFO - Setting next_dagrun for dataset_with_extra_from_classic_operator to 2024-12-27 00:00:00+00:00, run_after=2024-12-28 00:00:00+00:00
[2024-12-28T16:56:08.165+0000] {processor.py:208} INFO - Processing /home/airflow/.local/lib/python3.12/site-packages/airflow/example_dags/example_outlet_event_extra.py took 0.602 seconds
[2024-12-28T16:56:38.870+0000] {processor.py:186} INFO - Started process (PID=631) to work on /home/airflow/.local/lib/python3.12/site-packages/airflow/example_dags/example_outlet_event_extra.py
[2024-12-28T16:56:38.871+0000] {processor.py:914} INFO - Processing file /home/airflow/.local/lib/python3.12/site-packages/airflow/example_dags/example_outlet_event_extra.py for tasks to queue
[2024-12-28T16:56:38.873+0000] {logging_mixin.py:190} INFO - [2024-12-28T16:56:38.873+0000] {dagbag.py:588} INFO - Filling up the DagBag from /home/airflow/.local/lib/python3.12/site-packages/airflow/example_dags/example_outlet_event_extra.py
[2024-12-28T16:56:39.410+0000] {processor.py:925} INFO - DAG(s) 'dataset_with_extra_by_yield', 'dataset_with_extra_by_context', 'dataset_with_extra_from_classic_operator' retrieved from /home/airflow/.local/lib/python3.12/site-packages/airflow/example_dags/example_outlet_event_extra.py
[2024-12-28T16:56:39.435+0000] {logging_mixin.py:190} INFO - [2024-12-28T16:56:39.434+0000] {dag.py:3239} INFO - Sync 3 DAGs
[2024-12-28T16:56:39.457+0000] {logging_mixin.py:190} INFO - [2024-12-28T16:56:39.457+0000] {dag.py:4180} INFO - Setting next_dagrun for dataset_with_extra_by_context to 2024-12-27 00:00:00+00:00, run_after=2024-12-28 00:00:00+00:00
[2024-12-28T16:56:39.463+0000] {logging_mixin.py:190} INFO - [2024-12-28T16:56:39.462+0000] {dag.py:4180} INFO - Setting next_dagrun for dataset_with_extra_by_yield to 2024-12-27 00:00:00+00:00, run_after=2024-12-28 00:00:00+00:00
[2024-12-28T16:56:39.466+0000] {logging_mixin.py:190} INFO - [2024-12-28T16:56:39.466+0000] {dag.py:4180} INFO - Setting next_dagrun for dataset_with_extra_from_classic_operator to 2024-12-27 00:00:00+00:00, run_after=2024-12-28 00:00:00+00:00
[2024-12-28T16:56:39.487+0000] {processor.py:208} INFO - Processing /home/airflow/.local/lib/python3.12/site-packages/airflow/example_dags/example_outlet_event_extra.py took 0.622 seconds
[2024-12-28T16:57:09.807+0000] {processor.py:186} INFO - Started process (PID=701) to work on /home/airflow/.local/lib/python3.12/site-packages/airflow/example_dags/example_outlet_event_extra.py
[2024-12-28T16:57:09.808+0000] {processor.py:914} INFO - Processing file /home/airflow/.local/lib/python3.12/site-packages/airflow/example_dags/example_outlet_event_extra.py for tasks to queue
[2024-12-28T16:57:09.810+0000] {logging_mixin.py:190} INFO - [2024-12-28T16:57:09.809+0000] {dagbag.py:588} INFO - Filling up the DagBag from /home/airflow/.local/lib/python3.12/site-packages/airflow/example_dags/example_outlet_event_extra.py
[2024-12-28T16:57:10.320+0000] {processor.py:925} INFO - DAG(s) 'dataset_with_extra_by_context', 'dataset_with_extra_by_yield', 'dataset_with_extra_from_classic_operator' retrieved from /home/airflow/.local/lib/python3.12/site-packages/airflow/example_dags/example_outlet_event_extra.py
[2024-12-28T16:57:10.344+0000] {logging_mixin.py:190} INFO - [2024-12-28T16:57:10.344+0000] {dag.py:3239} INFO - Sync 3 DAGs
[2024-12-28T16:57:10.368+0000] {logging_mixin.py:190} INFO - [2024-12-28T16:57:10.368+0000] {dag.py:4180} INFO - Setting next_dagrun for dataset_with_extra_by_context to 2024-12-27 00:00:00+00:00, run_after=2024-12-28 00:00:00+00:00
[2024-12-28T16:57:10.372+0000] {logging_mixin.py:190} INFO - [2024-12-28T16:57:10.372+0000] {dag.py:4180} INFO - Setting next_dagrun for dataset_with_extra_by_yield to 2024-12-27 00:00:00+00:00, run_after=2024-12-28 00:00:00+00:00
[2024-12-28T16:57:10.375+0000] {logging_mixin.py:190} INFO - [2024-12-28T16:57:10.375+0000] {dag.py:4180} INFO - Setting next_dagrun for dataset_with_extra_from_classic_operator to 2024-12-27 00:00:00+00:00, run_after=2024-12-28 00:00:00+00:00
[2024-12-28T16:57:10.399+0000] {processor.py:208} INFO - Processing /home/airflow/.local/lib/python3.12/site-packages/airflow/example_dags/example_outlet_event_extra.py took 0.597 seconds
[2024-12-28T16:57:40.464+0000] {processor.py:186} INFO - Started process (PID=765) to work on /home/airflow/.local/lib/python3.12/site-packages/airflow/example_dags/example_outlet_event_extra.py
[2024-12-28T16:57:40.466+0000] {processor.py:914} INFO - Processing file /home/airflow/.local/lib/python3.12/site-packages/airflow/example_dags/example_outlet_event_extra.py for tasks to queue
[2024-12-28T16:57:40.468+0000] {logging_mixin.py:190} INFO - [2024-12-28T16:57:40.468+0000] {dagbag.py:588} INFO - Filling up the DagBag from /home/airflow/.local/lib/python3.12/site-packages/airflow/example_dags/example_outlet_event_extra.py
[2024-12-28T16:57:40.991+0000] {processor.py:925} INFO - DAG(s) 'dataset_with_extra_by_yield', 'dataset_with_extra_from_classic_operator', 'dataset_with_extra_by_context' retrieved from /home/airflow/.local/lib/python3.12/site-packages/airflow/example_dags/example_outlet_event_extra.py
[2024-12-28T16:57:41.015+0000] {logging_mixin.py:190} INFO - [2024-12-28T16:57:41.015+0000] {dag.py:3239} INFO - Sync 3 DAGs
[2024-12-28T16:57:41.039+0000] {logging_mixin.py:190} INFO - [2024-12-28T16:57:41.038+0000] {dag.py:4180} INFO - Setting next_dagrun for dataset_with_extra_by_context to 2024-12-27 00:00:00+00:00, run_after=2024-12-28 00:00:00+00:00
[2024-12-28T16:57:41.043+0000] {logging_mixin.py:190} INFO - [2024-12-28T16:57:41.043+0000] {dag.py:4180} INFO - Setting next_dagrun for dataset_with_extra_by_yield to 2024-12-27 00:00:00+00:00, run_after=2024-12-28 00:00:00+00:00
[2024-12-28T16:57:41.045+0000] {logging_mixin.py:190} INFO - [2024-12-28T16:57:41.045+0000] {dag.py:4180} INFO - Setting next_dagrun for dataset_with_extra_from_classic_operator to 2024-12-27 00:00:00+00:00, run_after=2024-12-28 00:00:00+00:00
[2024-12-28T16:57:41.070+0000] {processor.py:208} INFO - Processing /home/airflow/.local/lib/python3.12/site-packages/airflow/example_dags/example_outlet_event_extra.py took 0.611 seconds
[2024-12-28T16:58:11.295+0000] {processor.py:186} INFO - Started process (PID=826) to work on /home/airflow/.local/lib/python3.12/site-packages/airflow/example_dags/example_outlet_event_extra.py
[2024-12-28T16:58:11.296+0000] {processor.py:914} INFO - Processing file /home/airflow/.local/lib/python3.12/site-packages/airflow/example_dags/example_outlet_event_extra.py for tasks to queue
[2024-12-28T16:58:11.298+0000] {logging_mixin.py:190} INFO - [2024-12-28T16:58:11.297+0000] {dagbag.py:588} INFO - Filling up the DagBag from /home/airflow/.local/lib/python3.12/site-packages/airflow/example_dags/example_outlet_event_extra.py
[2024-12-28T16:58:11.843+0000] {processor.py:925} INFO - DAG(s) 'dataset_with_extra_from_classic_operator', 'dataset_with_extra_by_context', 'dataset_with_extra_by_yield' retrieved from /home/airflow/.local/lib/python3.12/site-packages/airflow/example_dags/example_outlet_event_extra.py
[2024-12-28T16:58:11.866+0000] {logging_mixin.py:190} INFO - [2024-12-28T16:58:11.866+0000] {dag.py:3239} INFO - Sync 3 DAGs
[2024-12-28T16:58:11.888+0000] {logging_mixin.py:190} INFO - [2024-12-28T16:58:11.888+0000] {dag.py:4180} INFO - Setting next_dagrun for dataset_with_extra_by_context to 2024-12-27 00:00:00+00:00, run_after=2024-12-28 00:00:00+00:00
[2024-12-28T16:58:11.893+0000] {logging_mixin.py:190} INFO - [2024-12-28T16:58:11.892+0000] {dag.py:4180} INFO - Setting next_dagrun for dataset_with_extra_by_yield to 2024-12-27 00:00:00+00:00, run_after=2024-12-28 00:00:00+00:00
[2024-12-28T16:58:11.895+0000] {logging_mixin.py:190} INFO - [2024-12-28T16:58:11.895+0000] {dag.py:4180} INFO - Setting next_dagrun for dataset_with_extra_from_classic_operator to 2024-12-27 00:00:00+00:00, run_after=2024-12-28 00:00:00+00:00
[2024-12-28T16:58:11.915+0000] {processor.py:208} INFO - Processing /home/airflow/.local/lib/python3.12/site-packages/airflow/example_dags/example_outlet_event_extra.py took 0.626 seconds
[2024-12-28T16:58:43.181+0000] {processor.py:186} INFO - Started process (PID=890) to work on /home/airflow/.local/lib/python3.12/site-packages/airflow/example_dags/example_outlet_event_extra.py
[2024-12-28T16:58:43.183+0000] {processor.py:914} INFO - Processing file /home/airflow/.local/lib/python3.12/site-packages/airflow/example_dags/example_outlet_event_extra.py for tasks to queue
[2024-12-28T16:58:43.185+0000] {logging_mixin.py:190} INFO - [2024-12-28T16:58:43.185+0000] {dagbag.py:588} INFO - Filling up the DagBag from /home/airflow/.local/lib/python3.12/site-packages/airflow/example_dags/example_outlet_event_extra.py
[2024-12-28T16:58:43.722+0000] {processor.py:925} INFO - DAG(s) 'dataset_with_extra_by_yield', 'dataset_with_extra_by_context', 'dataset_with_extra_from_classic_operator' retrieved from /home/airflow/.local/lib/python3.12/site-packages/airflow/example_dags/example_outlet_event_extra.py
[2024-12-28T16:58:43.750+0000] {logging_mixin.py:190} INFO - [2024-12-28T16:58:43.750+0000] {dag.py:3239} INFO - Sync 3 DAGs
[2024-12-28T16:58:43.775+0000] {logging_mixin.py:190} INFO - [2024-12-28T16:58:43.775+0000] {dag.py:4180} INFO - Setting next_dagrun for dataset_with_extra_by_context to 2024-12-27 00:00:00+00:00, run_after=2024-12-28 00:00:00+00:00
[2024-12-28T16:58:43.780+0000] {logging_mixin.py:190} INFO - [2024-12-28T16:58:43.780+0000] {dag.py:4180} INFO - Setting next_dagrun for dataset_with_extra_by_yield to 2024-12-27 00:00:00+00:00, run_after=2024-12-28 00:00:00+00:00
[2024-12-28T16:58:43.782+0000] {logging_mixin.py:190} INFO - [2024-12-28T16:58:43.782+0000] {dag.py:4180} INFO - Setting next_dagrun for dataset_with_extra_from_classic_operator to 2024-12-27 00:00:00+00:00, run_after=2024-12-28 00:00:00+00:00
[2024-12-28T16:58:43.804+0000] {processor.py:208} INFO - Processing /home/airflow/.local/lib/python3.12/site-packages/airflow/example_dags/example_outlet_event_extra.py took 0.630 seconds
[2024-12-28T16:59:13.905+0000] {processor.py:186} INFO - Started process (PID=957) to work on /home/airflow/.local/lib/python3.12/site-packages/airflow/example_dags/example_outlet_event_extra.py
[2024-12-28T16:59:13.906+0000] {processor.py:914} INFO - Processing file /home/airflow/.local/lib/python3.12/site-packages/airflow/example_dags/example_outlet_event_extra.py for tasks to queue
[2024-12-28T16:59:13.908+0000] {logging_mixin.py:190} INFO - [2024-12-28T16:59:13.908+0000] {dagbag.py:588} INFO - Filling up the DagBag from /home/airflow/.local/lib/python3.12/site-packages/airflow/example_dags/example_outlet_event_extra.py
[2024-12-28T16:59:14.411+0000] {processor.py:925} INFO - DAG(s) 'dataset_with_extra_from_classic_operator', 'dataset_with_extra_by_yield', 'dataset_with_extra_by_context' retrieved from /home/airflow/.local/lib/python3.12/site-packages/airflow/example_dags/example_outlet_event_extra.py
[2024-12-28T16:59:14.436+0000] {logging_mixin.py:190} INFO - [2024-12-28T16:59:14.435+0000] {dag.py:3239} INFO - Sync 3 DAGs
[2024-12-28T16:59:14.458+0000] {logging_mixin.py:190} INFO - [2024-12-28T16:59:14.457+0000] {dag.py:4180} INFO - Setting next_dagrun for dataset_with_extra_by_context to 2024-12-27 00:00:00+00:00, run_after=2024-12-28 00:00:00+00:00
[2024-12-28T16:59:14.462+0000] {logging_mixin.py:190} INFO - [2024-12-28T16:59:14.462+0000] {dag.py:4180} INFO - Setting next_dagrun for dataset_with_extra_by_yield to 2024-12-27 00:00:00+00:00, run_after=2024-12-28 00:00:00+00:00
[2024-12-28T16:59:14.465+0000] {logging_mixin.py:190} INFO - [2024-12-28T16:59:14.464+0000] {dag.py:4180} INFO - Setting next_dagrun for dataset_with_extra_from_classic_operator to 2024-12-27 00:00:00+00:00, run_after=2024-12-28 00:00:00+00:00
[2024-12-28T16:59:14.482+0000] {processor.py:208} INFO - Processing /home/airflow/.local/lib/python3.12/site-packages/airflow/example_dags/example_outlet_event_extra.py took 0.583 seconds
[2024-12-28T16:59:44.627+0000] {processor.py:186} INFO - Started process (PID=1018) to work on /home/airflow/.local/lib/python3.12/site-packages/airflow/example_dags/example_outlet_event_extra.py
[2024-12-28T16:59:44.628+0000] {processor.py:914} INFO - Processing file /home/airflow/.local/lib/python3.12/site-packages/airflow/example_dags/example_outlet_event_extra.py for tasks to queue
[2024-12-28T16:59:44.630+0000] {logging_mixin.py:190} INFO - [2024-12-28T16:59:44.629+0000] {dagbag.py:588} INFO - Filling up the DagBag from /home/airflow/.local/lib/python3.12/site-packages/airflow/example_dags/example_outlet_event_extra.py
[2024-12-28T16:59:45.234+0000] {processor.py:925} INFO - DAG(s) 'dataset_with_extra_from_classic_operator', 'dataset_with_extra_by_yield', 'dataset_with_extra_by_context' retrieved from /home/airflow/.local/lib/python3.12/site-packages/airflow/example_dags/example_outlet_event_extra.py
[2024-12-28T16:59:45.259+0000] {logging_mixin.py:190} INFO - [2024-12-28T16:59:45.258+0000] {dag.py:3239} INFO - Sync 3 DAGs
[2024-12-28T16:59:45.283+0000] {logging_mixin.py:190} INFO - [2024-12-28T16:59:45.282+0000] {dag.py:4180} INFO - Setting next_dagrun for dataset_with_extra_by_context to 2024-12-27 00:00:00+00:00, run_after=2024-12-28 00:00:00+00:00
[2024-12-28T16:59:45.288+0000] {logging_mixin.py:190} INFO - [2024-12-28T16:59:45.287+0000] {dag.py:4180} INFO - Setting next_dagrun for dataset_with_extra_by_yield to 2024-12-27 00:00:00+00:00, run_after=2024-12-28 00:00:00+00:00
[2024-12-28T16:59:45.290+0000] {logging_mixin.py:190} INFO - [2024-12-28T16:59:45.290+0000] {dag.py:4180} INFO - Setting next_dagrun for dataset_with_extra_from_classic_operator to 2024-12-27 00:00:00+00:00, run_after=2024-12-28 00:00:00+00:00
[2024-12-28T16:59:45.312+0000] {processor.py:208} INFO - Processing /home/airflow/.local/lib/python3.12/site-packages/airflow/example_dags/example_outlet_event_extra.py took 0.692 seconds
[2024-12-28T17:00:16.326+0000] {processor.py:186} INFO - Started process (PID=1082) to work on /home/airflow/.local/lib/python3.12/site-packages/airflow/example_dags/example_outlet_event_extra.py
[2024-12-28T17:00:16.327+0000] {processor.py:914} INFO - Processing file /home/airflow/.local/lib/python3.12/site-packages/airflow/example_dags/example_outlet_event_extra.py for tasks to queue
[2024-12-28T17:00:16.328+0000] {logging_mixin.py:190} INFO - [2024-12-28T17:00:16.328+0000] {dagbag.py:588} INFO - Filling up the DagBag from /home/airflow/.local/lib/python3.12/site-packages/airflow/example_dags/example_outlet_event_extra.py
[2024-12-28T17:00:16.820+0000] {processor.py:925} INFO - DAG(s) 'dataset_with_extra_by_yield', 'dataset_with_extra_by_context', 'dataset_with_extra_from_classic_operator' retrieved from /home/airflow/.local/lib/python3.12/site-packages/airflow/example_dags/example_outlet_event_extra.py
[2024-12-28T17:00:16.842+0000] {logging_mixin.py:190} INFO - [2024-12-28T17:00:16.841+0000] {dag.py:3239} INFO - Sync 3 DAGs
[2024-12-28T17:00:16.865+0000] {logging_mixin.py:190} INFO - [2024-12-28T17:00:16.865+0000] {dag.py:4180} INFO - Setting next_dagrun for dataset_with_extra_by_context to 2024-12-27 00:00:00+00:00, run_after=2024-12-28 00:00:00+00:00
[2024-12-28T17:00:16.869+0000] {logging_mixin.py:190} INFO - [2024-12-28T17:00:16.869+0000] {dag.py:4180} INFO - Setting next_dagrun for dataset_with_extra_by_yield to 2024-12-27 00:00:00+00:00, run_after=2024-12-28 00:00:00+00:00
[2024-12-28T17:00:16.872+0000] {logging_mixin.py:190} INFO - [2024-12-28T17:00:16.872+0000] {dag.py:4180} INFO - Setting next_dagrun for dataset_with_extra_from_classic_operator to 2024-12-27 00:00:00+00:00, run_after=2024-12-28 00:00:00+00:00
[2024-12-28T17:00:16.891+0000] {processor.py:208} INFO - Processing /home/airflow/.local/lib/python3.12/site-packages/airflow/example_dags/example_outlet_event_extra.py took 0.571 seconds
[2024-12-28T17:00:47.760+0000] {processor.py:186} INFO - Started process (PID=1146) to work on /home/airflow/.local/lib/python3.12/site-packages/airflow/example_dags/example_outlet_event_extra.py
[2024-12-28T17:00:47.760+0000] {processor.py:914} INFO - Processing file /home/airflow/.local/lib/python3.12/site-packages/airflow/example_dags/example_outlet_event_extra.py for tasks to queue
[2024-12-28T17:00:47.762+0000] {logging_mixin.py:190} INFO - [2024-12-28T17:00:47.762+0000] {dagbag.py:588} INFO - Filling up the DagBag from /home/airflow/.local/lib/python3.12/site-packages/airflow/example_dags/example_outlet_event_extra.py
[2024-12-28T17:00:48.267+0000] {processor.py:925} INFO - DAG(s) 'dataset_with_extra_by_yield', 'dataset_with_extra_from_classic_operator', 'dataset_with_extra_by_context' retrieved from /home/airflow/.local/lib/python3.12/site-packages/airflow/example_dags/example_outlet_event_extra.py
[2024-12-28T17:00:48.290+0000] {logging_mixin.py:190} INFO - [2024-12-28T17:00:48.290+0000] {dag.py:3239} INFO - Sync 3 DAGs
[2024-12-28T17:00:48.312+0000] {logging_mixin.py:190} INFO - [2024-12-28T17:00:48.312+0000] {dag.py:4180} INFO - Setting next_dagrun for dataset_with_extra_by_context to 2024-12-27 00:00:00+00:00, run_after=2024-12-28 00:00:00+00:00
[2024-12-28T17:00:48.316+0000] {logging_mixin.py:190} INFO - [2024-12-28T17:00:48.316+0000] {dag.py:4180} INFO - Setting next_dagrun for dataset_with_extra_by_yield to 2024-12-27 00:00:00+00:00, run_after=2024-12-28 00:00:00+00:00
[2024-12-28T17:00:48.320+0000] {logging_mixin.py:190} INFO - [2024-12-28T17:00:48.320+0000] {dag.py:4180} INFO - Setting next_dagrun for dataset_with_extra_from_classic_operator to 2024-12-27 00:00:00+00:00, run_after=2024-12-28 00:00:00+00:00
[2024-12-28T17:00:48.338+0000] {processor.py:208} INFO - Processing /home/airflow/.local/lib/python3.12/site-packages/airflow/example_dags/example_outlet_event_extra.py took 0.583 seconds
[2024-12-28T17:01:18.564+0000] {processor.py:186} INFO - Started process (PID=1210) to work on /home/airflow/.local/lib/python3.12/site-packages/airflow/example_dags/example_outlet_event_extra.py
[2024-12-28T17:01:18.565+0000] {processor.py:914} INFO - Processing file /home/airflow/.local/lib/python3.12/site-packages/airflow/example_dags/example_outlet_event_extra.py for tasks to queue
[2024-12-28T17:01:18.567+0000] {logging_mixin.py:190} INFO - [2024-12-28T17:01:18.566+0000] {dagbag.py:588} INFO - Filling up the DagBag from /home/airflow/.local/lib/python3.12/site-packages/airflow/example_dags/example_outlet_event_extra.py
[2024-12-28T17:01:19.084+0000] {processor.py:925} INFO - DAG(s) 'dataset_with_extra_by_yield', 'dataset_with_extra_by_context', 'dataset_with_extra_from_classic_operator' retrieved from /home/airflow/.local/lib/python3.12/site-packages/airflow/example_dags/example_outlet_event_extra.py
[2024-12-28T17:01:19.107+0000] {logging_mixin.py:190} INFO - [2024-12-28T17:01:19.107+0000] {dag.py:3239} INFO - Sync 3 DAGs
[2024-12-28T17:01:19.128+0000] {logging_mixin.py:190} INFO - [2024-12-28T17:01:19.128+0000] {dag.py:4180} INFO - Setting next_dagrun for dataset_with_extra_by_context to 2024-12-27 00:00:00+00:00, run_after=2024-12-28 00:00:00+00:00
[2024-12-28T17:01:19.133+0000] {logging_mixin.py:190} INFO - [2024-12-28T17:01:19.132+0000] {dag.py:4180} INFO - Setting next_dagrun for dataset_with_extra_by_yield to 2024-12-27 00:00:00+00:00, run_after=2024-12-28 00:00:00+00:00
[2024-12-28T17:01:19.135+0000] {logging_mixin.py:190} INFO - [2024-12-28T17:01:19.135+0000] {dag.py:4180} INFO - Setting next_dagrun for dataset_with_extra_from_classic_operator to 2024-12-27 00:00:00+00:00, run_after=2024-12-28 00:00:00+00:00
[2024-12-28T17:01:19.157+0000] {processor.py:208} INFO - Processing /home/airflow/.local/lib/python3.12/site-packages/airflow/example_dags/example_outlet_event_extra.py took 0.598 seconds
[2024-12-28T17:01:49.260+0000] {processor.py:186} INFO - Started process (PID=1274) to work on /home/airflow/.local/lib/python3.12/site-packages/airflow/example_dags/example_outlet_event_extra.py
[2024-12-28T17:01:49.261+0000] {processor.py:914} INFO - Processing file /home/airflow/.local/lib/python3.12/site-packages/airflow/example_dags/example_outlet_event_extra.py for tasks to queue
[2024-12-28T17:01:49.263+0000] {logging_mixin.py:190} INFO - [2024-12-28T17:01:49.263+0000] {dagbag.py:588} INFO - Filling up the DagBag from /home/airflow/.local/lib/python3.12/site-packages/airflow/example_dags/example_outlet_event_extra.py
[2024-12-28T17:01:49.796+0000] {processor.py:925} INFO - DAG(s) 'dataset_with_extra_by_yield', 'dataset_with_extra_by_context', 'dataset_with_extra_from_classic_operator' retrieved from /home/airflow/.local/lib/python3.12/site-packages/airflow/example_dags/example_outlet_event_extra.py
[2024-12-28T17:01:49.819+0000] {logging_mixin.py:190} INFO - [2024-12-28T17:01:49.819+0000] {dag.py:3239} INFO - Sync 3 DAGs
[2024-12-28T17:01:49.841+0000] {logging_mixin.py:190} INFO - [2024-12-28T17:01:49.841+0000] {dag.py:4180} INFO - Setting next_dagrun for dataset_with_extra_by_context to 2024-12-27 00:00:00+00:00, run_after=2024-12-28 00:00:00+00:00
[2024-12-28T17:01:49.845+0000] {logging_mixin.py:190} INFO - [2024-12-28T17:01:49.845+0000] {dag.py:4180} INFO - Setting next_dagrun for dataset_with_extra_by_yield to 2024-12-27 00:00:00+00:00, run_after=2024-12-28 00:00:00+00:00
[2024-12-28T17:01:49.848+0000] {logging_mixin.py:190} INFO - [2024-12-28T17:01:49.848+0000] {dag.py:4180} INFO - Setting next_dagrun for dataset_with_extra_from_classic_operator to 2024-12-27 00:00:00+00:00, run_after=2024-12-28 00:00:00+00:00
[2024-12-28T17:01:49.866+0000] {processor.py:208} INFO - Processing /home/airflow/.local/lib/python3.12/site-packages/airflow/example_dags/example_outlet_event_extra.py took 0.611 seconds
[2024-12-28T17:02:22.394+0000] {processor.py:186} INFO - Started process (PID=1350) to work on /home/airflow/.local/lib/python3.12/site-packages/airflow/example_dags/example_outlet_event_extra.py
[2024-12-28T17:02:22.394+0000] {processor.py:914} INFO - Processing file /home/airflow/.local/lib/python3.12/site-packages/airflow/example_dags/example_outlet_event_extra.py for tasks to queue
[2024-12-28T17:02:22.396+0000] {logging_mixin.py:190} INFO - [2024-12-28T17:02:22.396+0000] {dagbag.py:588} INFO - Filling up the DagBag from /home/airflow/.local/lib/python3.12/site-packages/airflow/example_dags/example_outlet_event_extra.py
[2024-12-28T17:02:22.902+0000] {processor.py:925} INFO - DAG(s) 'dataset_with_extra_by_yield', 'dataset_with_extra_from_classic_operator', 'dataset_with_extra_by_context' retrieved from /home/airflow/.local/lib/python3.12/site-packages/airflow/example_dags/example_outlet_event_extra.py
[2024-12-28T17:02:22.925+0000] {logging_mixin.py:190} INFO - [2024-12-28T17:02:22.925+0000] {dag.py:3239} INFO - Sync 3 DAGs
[2024-12-28T17:02:22.948+0000] {logging_mixin.py:190} INFO - [2024-12-28T17:02:22.947+0000] {dag.py:4180} INFO - Setting next_dagrun for dataset_with_extra_by_context to 2024-12-27 00:00:00+00:00, run_after=2024-12-28 00:00:00+00:00
[2024-12-28T17:02:22.952+0000] {logging_mixin.py:190} INFO - [2024-12-28T17:02:22.952+0000] {dag.py:4180} INFO - Setting next_dagrun for dataset_with_extra_by_yield to 2024-12-27 00:00:00+00:00, run_after=2024-12-28 00:00:00+00:00
[2024-12-28T17:02:22.955+0000] {logging_mixin.py:190} INFO - [2024-12-28T17:02:22.954+0000] {dag.py:4180} INFO - Setting next_dagrun for dataset_with_extra_from_classic_operator to 2024-12-27 00:00:00+00:00, run_after=2024-12-28 00:00:00+00:00
[2024-12-28T17:02:22.975+0000] {processor.py:208} INFO - Processing /home/airflow/.local/lib/python3.12/site-packages/airflow/example_dags/example_outlet_event_extra.py took 0.586 seconds
[2024-12-28T17:02:53.751+0000] {processor.py:186} INFO - Started process (PID=1425) to work on /home/airflow/.local/lib/python3.12/site-packages/airflow/example_dags/example_outlet_event_extra.py
[2024-12-28T17:02:53.752+0000] {processor.py:914} INFO - Processing file /home/airflow/.local/lib/python3.12/site-packages/airflow/example_dags/example_outlet_event_extra.py for tasks to queue
[2024-12-28T17:02:53.754+0000] {logging_mixin.py:190} INFO - [2024-12-28T17:02:53.754+0000] {dagbag.py:588} INFO - Filling up the DagBag from /home/airflow/.local/lib/python3.12/site-packages/airflow/example_dags/example_outlet_event_extra.py
[2024-12-28T17:02:54.329+0000] {processor.py:925} INFO - DAG(s) 'dataset_with_extra_from_classic_operator', 'dataset_with_extra_by_context', 'dataset_with_extra_by_yield' retrieved from /home/airflow/.local/lib/python3.12/site-packages/airflow/example_dags/example_outlet_event_extra.py
[2024-12-28T17:02:54.352+0000] {logging_mixin.py:190} INFO - [2024-12-28T17:02:54.352+0000] {dag.py:3239} INFO - Sync 3 DAGs
[2024-12-28T17:02:54.374+0000] {logging_mixin.py:190} INFO - [2024-12-28T17:02:54.374+0000] {dag.py:4180} INFO - Setting next_dagrun for dataset_with_extra_by_context to 2024-12-27 00:00:00+00:00, run_after=2024-12-28 00:00:00+00:00
[2024-12-28T17:02:54.378+0000] {logging_mixin.py:190} INFO - [2024-12-28T17:02:54.378+0000] {dag.py:4180} INFO - Setting next_dagrun for dataset_with_extra_by_yield to 2024-12-27 00:00:00+00:00, run_after=2024-12-28 00:00:00+00:00
[2024-12-28T17:02:54.381+0000] {logging_mixin.py:190} INFO - [2024-12-28T17:02:54.381+0000] {dag.py:4180} INFO - Setting next_dagrun for dataset_with_extra_from_classic_operator to 2024-12-27 00:00:00+00:00, run_after=2024-12-28 00:00:00+00:00
[2024-12-28T17:02:54.401+0000] {processor.py:208} INFO - Processing /home/airflow/.local/lib/python3.12/site-packages/airflow/example_dags/example_outlet_event_extra.py took 0.656 seconds
[2024-12-28T17:03:25.361+0000] {processor.py:186} INFO - Started process (PID=1503) to work on /home/airflow/.local/lib/python3.12/site-packages/airflow/example_dags/example_outlet_event_extra.py
[2024-12-28T17:03:25.361+0000] {processor.py:914} INFO - Processing file /home/airflow/.local/lib/python3.12/site-packages/airflow/example_dags/example_outlet_event_extra.py for tasks to queue
[2024-12-28T17:03:25.363+0000] {logging_mixin.py:190} INFO - [2024-12-28T17:03:25.363+0000] {dagbag.py:588} INFO - Filling up the DagBag from /home/airflow/.local/lib/python3.12/site-packages/airflow/example_dags/example_outlet_event_extra.py
[2024-12-28T17:03:25.902+0000] {processor.py:925} INFO - DAG(s) 'dataset_with_extra_by_yield', 'dataset_with_extra_from_classic_operator', 'dataset_with_extra_by_context' retrieved from /home/airflow/.local/lib/python3.12/site-packages/airflow/example_dags/example_outlet_event_extra.py
[2024-12-28T17:03:25.925+0000] {logging_mixin.py:190} INFO - [2024-12-28T17:03:25.925+0000] {dag.py:3239} INFO - Sync 3 DAGs
[2024-12-28T17:03:25.947+0000] {logging_mixin.py:190} INFO - [2024-12-28T17:03:25.947+0000] {dag.py:4180} INFO - Setting next_dagrun for dataset_with_extra_by_context to 2024-12-27 00:00:00+00:00, run_after=2024-12-28 00:00:00+00:00
[2024-12-28T17:03:25.952+0000] {logging_mixin.py:190} INFO - [2024-12-28T17:03:25.952+0000] {dag.py:4180} INFO - Setting next_dagrun for dataset_with_extra_by_yield to 2024-12-27 00:00:00+00:00, run_after=2024-12-28 00:00:00+00:00
[2024-12-28T17:03:25.954+0000] {logging_mixin.py:190} INFO - [2024-12-28T17:03:25.954+0000] {dag.py:4180} INFO - Setting next_dagrun for dataset_with_extra_from_classic_operator to 2024-12-27 00:00:00+00:00, run_after=2024-12-28 00:00:00+00:00
[2024-12-28T17:03:25.974+0000] {processor.py:208} INFO - Processing /home/airflow/.local/lib/python3.12/site-packages/airflow/example_dags/example_outlet_event_extra.py took 0.619 seconds
[2024-12-28T17:03:56.130+0000] {processor.py:186} INFO - Started process (PID=1580) to work on /home/airflow/.local/lib/python3.12/site-packages/airflow/example_dags/example_outlet_event_extra.py
[2024-12-28T17:03:56.131+0000] {processor.py:914} INFO - Processing file /home/airflow/.local/lib/python3.12/site-packages/airflow/example_dags/example_outlet_event_extra.py for tasks to queue
[2024-12-28T17:03:56.133+0000] {logging_mixin.py:190} INFO - [2024-12-28T17:03:56.133+0000] {dagbag.py:588} INFO - Filling up the DagBag from /home/airflow/.local/lib/python3.12/site-packages/airflow/example_dags/example_outlet_event_extra.py
[2024-12-28T17:03:56.666+0000] {processor.py:925} INFO - DAG(s) 'dataset_with_extra_by_yield', 'dataset_with_extra_by_context', 'dataset_with_extra_from_classic_operator' retrieved from /home/airflow/.local/lib/python3.12/site-packages/airflow/example_dags/example_outlet_event_extra.py
[2024-12-28T17:03:56.691+0000] {logging_mixin.py:190} INFO - [2024-12-28T17:03:56.691+0000] {dag.py:3239} INFO - Sync 3 DAGs
[2024-12-28T17:03:56.714+0000] {logging_mixin.py:190} INFO - [2024-12-28T17:03:56.714+0000] {dag.py:4180} INFO - Setting next_dagrun for dataset_with_extra_by_context to 2024-12-27 00:00:00+00:00, run_after=2024-12-28 00:00:00+00:00
[2024-12-28T17:03:56.718+0000] {logging_mixin.py:190} INFO - [2024-12-28T17:03:56.718+0000] {dag.py:4180} INFO - Setting next_dagrun for dataset_with_extra_by_yield to 2024-12-27 00:00:00+00:00, run_after=2024-12-28 00:00:00+00:00
[2024-12-28T17:03:56.723+0000] {logging_mixin.py:190} INFO - [2024-12-28T17:03:56.722+0000] {dag.py:4180} INFO - Setting next_dagrun for dataset_with_extra_from_classic_operator to 2024-12-27 00:00:00+00:00, run_after=2024-12-28 00:00:00+00:00
[2024-12-28T17:03:56.745+0000] {processor.py:208} INFO - Processing /home/airflow/.local/lib/python3.12/site-packages/airflow/example_dags/example_outlet_event_extra.py took 0.621 seconds
