[2024-12-28T16:38:37.460+0000] {processor.py:186} INFO - Started process (PID=108) to work on /home/airflow/.local/lib/python3.12/site-packages/airflow/example_dags/example_dataset_alias.py
[2024-12-28T16:38:37.461+0000] {processor.py:914} INFO - Processing file /home/airflow/.local/lib/python3.12/site-packages/airflow/example_dags/example_dataset_alias.py for tasks to queue
[2024-12-28T16:38:37.464+0000] {logging_mixin.py:190} INFO - [2024-12-28T16:38:37.463+0000] {dagbag.py:588} INFO - Filling up the DagBag from /home/airflow/.local/lib/python3.12/site-packages/airflow/example_dags/example_dataset_alias.py
[2024-12-28T16:38:38.052+0000] {processor.py:925} INFO - DAG(s) 'dataset_s3_bucket_consumer', 'dataset_alias_example_alias_consumer', 'dataset_alias_example_alias_producer', 'dataset_s3_bucket_producer' retrieved from /home/airflow/.local/lib/python3.12/site-packages/airflow/example_dags/example_dataset_alias.py
[2024-12-28T16:38:38.137+0000] {logging_mixin.py:190} INFO - [2024-12-28T16:38:38.136+0000] {override.py:1911} INFO - Created Permission View: can delete on DAG:dataset_s3_bucket_consumer
[2024-12-28T16:38:38.147+0000] {logging_mixin.py:190} INFO - [2024-12-28T16:38:38.147+0000] {override.py:1911} INFO - Created Permission View: can edit on DAG:dataset_s3_bucket_consumer
[2024-12-28T16:38:38.155+0000] {logging_mixin.py:190} INFO - [2024-12-28T16:38:38.154+0000] {override.py:1911} INFO - Created Permission View: can read on DAG:dataset_s3_bucket_consumer
[2024-12-28T16:38:38.162+0000] {logging_mixin.py:190} INFO - [2024-12-28T16:38:38.162+0000] {override.py:1911} INFO - Created Permission View: can create on DAG Run:dataset_s3_bucket_consumer
[2024-12-28T16:38:38.169+0000] {logging_mixin.py:190} INFO - [2024-12-28T16:38:38.169+0000] {override.py:1911} INFO - Created Permission View: can delete on DAG Run:dataset_s3_bucket_consumer
[2024-12-28T16:38:38.176+0000] {logging_mixin.py:190} INFO - [2024-12-28T16:38:38.176+0000] {override.py:1911} INFO - Created Permission View: menu access on DAG Run:dataset_s3_bucket_consumer
[2024-12-28T16:38:38.183+0000] {logging_mixin.py:190} INFO - [2024-12-28T16:38:38.183+0000] {override.py:1911} INFO - Created Permission View: can read on DAG Run:dataset_s3_bucket_consumer
[2024-12-28T16:38:38.195+0000] {logging_mixin.py:190} INFO - [2024-12-28T16:38:38.195+0000] {override.py:1911} INFO - Created Permission View: can delete on DAG:dataset_alias_example_alias_consumer
[2024-12-28T16:38:38.202+0000] {logging_mixin.py:190} INFO - [2024-12-28T16:38:38.202+0000] {override.py:1911} INFO - Created Permission View: can edit on DAG:dataset_alias_example_alias_consumer
[2024-12-28T16:38:38.209+0000] {logging_mixin.py:190} INFO - [2024-12-28T16:38:38.209+0000] {override.py:1911} INFO - Created Permission View: can read on DAG:dataset_alias_example_alias_consumer
[2024-12-28T16:38:38.216+0000] {logging_mixin.py:190} INFO - [2024-12-28T16:38:38.216+0000] {override.py:1911} INFO - Created Permission View: can create on DAG Run:dataset_alias_example_alias_consumer
[2024-12-28T16:38:38.223+0000] {logging_mixin.py:190} INFO - [2024-12-28T16:38:38.222+0000] {override.py:1911} INFO - Created Permission View: can delete on DAG Run:dataset_alias_example_alias_consumer
[2024-12-28T16:38:38.229+0000] {logging_mixin.py:190} INFO - [2024-12-28T16:38:38.229+0000] {override.py:1911} INFO - Created Permission View: menu access on DAG Run:dataset_alias_example_alias_consumer
[2024-12-28T16:38:38.236+0000] {logging_mixin.py:190} INFO - [2024-12-28T16:38:38.235+0000] {override.py:1911} INFO - Created Permission View: can read on DAG Run:dataset_alias_example_alias_consumer
[2024-12-28T16:38:38.249+0000] {logging_mixin.py:190} INFO - [2024-12-28T16:38:38.249+0000] {override.py:1911} INFO - Created Permission View: can delete on DAG:dataset_alias_example_alias_producer
[2024-12-28T16:38:38.256+0000] {logging_mixin.py:190} INFO - [2024-12-28T16:38:38.255+0000] {override.py:1911} INFO - Created Permission View: can edit on DAG:dataset_alias_example_alias_producer
[2024-12-28T16:38:38.262+0000] {logging_mixin.py:190} INFO - [2024-12-28T16:38:38.262+0000] {override.py:1911} INFO - Created Permission View: can read on DAG:dataset_alias_example_alias_producer
[2024-12-28T16:38:38.269+0000] {logging_mixin.py:190} INFO - [2024-12-28T16:38:38.269+0000] {override.py:1911} INFO - Created Permission View: can create on DAG Run:dataset_alias_example_alias_producer
[2024-12-28T16:38:38.276+0000] {logging_mixin.py:190} INFO - [2024-12-28T16:38:38.275+0000] {override.py:1911} INFO - Created Permission View: can delete on DAG Run:dataset_alias_example_alias_producer
[2024-12-28T16:38:38.282+0000] {logging_mixin.py:190} INFO - [2024-12-28T16:38:38.282+0000] {override.py:1911} INFO - Created Permission View: menu access on DAG Run:dataset_alias_example_alias_producer
[2024-12-28T16:38:38.288+0000] {logging_mixin.py:190} INFO - [2024-12-28T16:38:38.288+0000] {override.py:1911} INFO - Created Permission View: can read on DAG Run:dataset_alias_example_alias_producer
[2024-12-28T16:38:38.300+0000] {logging_mixin.py:190} INFO - [2024-12-28T16:38:38.300+0000] {override.py:1911} INFO - Created Permission View: can delete on DAG:dataset_s3_bucket_producer
[2024-12-28T16:38:38.307+0000] {logging_mixin.py:190} INFO - [2024-12-28T16:38:38.306+0000] {override.py:1911} INFO - Created Permission View: can edit on DAG:dataset_s3_bucket_producer
[2024-12-28T16:38:38.313+0000] {logging_mixin.py:190} INFO - [2024-12-28T16:38:38.313+0000] {override.py:1911} INFO - Created Permission View: can read on DAG:dataset_s3_bucket_producer
[2024-12-28T16:38:38.320+0000] {logging_mixin.py:190} INFO - [2024-12-28T16:38:38.319+0000] {override.py:1911} INFO - Created Permission View: can create on DAG Run:dataset_s3_bucket_producer
[2024-12-28T16:38:38.327+0000] {logging_mixin.py:190} INFO - [2024-12-28T16:38:38.327+0000] {override.py:1911} INFO - Created Permission View: can delete on DAG Run:dataset_s3_bucket_producer
[2024-12-28T16:38:38.334+0000] {logging_mixin.py:190} INFO - [2024-12-28T16:38:38.333+0000] {override.py:1911} INFO - Created Permission View: menu access on DAG Run:dataset_s3_bucket_producer
[2024-12-28T16:38:38.340+0000] {logging_mixin.py:190} INFO - [2024-12-28T16:38:38.340+0000] {override.py:1911} INFO - Created Permission View: can read on DAG Run:dataset_s3_bucket_producer
[2024-12-28T16:38:38.341+0000] {logging_mixin.py:190} INFO - [2024-12-28T16:38:38.340+0000] {dag.py:3239} INFO - Sync 4 DAGs
[2024-12-28T16:38:38.355+0000] {logging_mixin.py:190} INFO - [2024-12-28T16:38:38.355+0000] {dag.py:3262} INFO - Creating ORM DAG for dataset_alias_example_alias_producer
[2024-12-28T16:38:38.356+0000] {logging_mixin.py:190} INFO - [2024-12-28T16:38:38.356+0000] {dag.py:3262} INFO - Creating ORM DAG for dataset_alias_example_alias_consumer
[2024-12-28T16:38:38.356+0000] {logging_mixin.py:190} INFO - [2024-12-28T16:38:38.356+0000] {dag.py:3262} INFO - Creating ORM DAG for dataset_s3_bucket_producer
[2024-12-28T16:38:38.357+0000] {logging_mixin.py:190} INFO - [2024-12-28T16:38:38.357+0000] {dag.py:3262} INFO - Creating ORM DAG for dataset_s3_bucket_consumer
[2024-12-28T16:38:38.367+0000] {logging_mixin.py:190} INFO - [2024-12-28T16:38:38.367+0000] {dag.py:4180} INFO - Setting next_dagrun for dataset_alias_example_alias_consumer to None, run_after=None
[2024-12-28T16:38:38.367+0000] {logging_mixin.py:190} INFO - [2024-12-28T16:38:38.367+0000] {dag.py:4180} INFO - Setting next_dagrun for dataset_alias_example_alias_producer to None, run_after=None
[2024-12-28T16:38:38.368+0000] {logging_mixin.py:190} INFO - [2024-12-28T16:38:38.368+0000] {dag.py:4180} INFO - Setting next_dagrun for dataset_s3_bucket_consumer to None, run_after=None
[2024-12-28T16:38:38.368+0000] {logging_mixin.py:190} INFO - [2024-12-28T16:38:38.368+0000] {dag.py:4180} INFO - Setting next_dagrun for dataset_s3_bucket_producer to None, run_after=None
[2024-12-28T16:38:38.401+0000] {processor.py:208} INFO - Processing /home/airflow/.local/lib/python3.12/site-packages/airflow/example_dags/example_dataset_alias.py took 0.950 seconds
[2024-12-28T16:39:08.541+0000] {processor.py:186} INFO - Started process (PID=173) to work on /home/airflow/.local/lib/python3.12/site-packages/airflow/example_dags/example_dataset_alias.py
[2024-12-28T16:39:08.542+0000] {processor.py:914} INFO - Processing file /home/airflow/.local/lib/python3.12/site-packages/airflow/example_dags/example_dataset_alias.py for tasks to queue
[2024-12-28T16:39:08.545+0000] {logging_mixin.py:190} INFO - [2024-12-28T16:39:08.544+0000] {dagbag.py:588} INFO - Filling up the DagBag from /home/airflow/.local/lib/python3.12/site-packages/airflow/example_dags/example_dataset_alias.py
[2024-12-28T16:39:09.124+0000] {processor.py:925} INFO - DAG(s) 'dataset_s3_bucket_consumer', 'dataset_s3_bucket_producer', 'dataset_alias_example_alias_producer', 'dataset_alias_example_alias_consumer' retrieved from /home/airflow/.local/lib/python3.12/site-packages/airflow/example_dags/example_dataset_alias.py
[2024-12-28T16:39:09.144+0000] {logging_mixin.py:190} INFO - [2024-12-28T16:39:09.144+0000] {dag.py:3239} INFO - Sync 4 DAGs
[2024-12-28T16:39:09.164+0000] {logging_mixin.py:190} INFO - [2024-12-28T16:39:09.164+0000] {dag.py:4180} INFO - Setting next_dagrun for dataset_alias_example_alias_consumer to None, run_after=None
[2024-12-28T16:39:09.166+0000] {logging_mixin.py:190} INFO - [2024-12-28T16:39:09.166+0000] {dag.py:4180} INFO - Setting next_dagrun for dataset_alias_example_alias_producer to None, run_after=None
[2024-12-28T16:39:09.168+0000] {logging_mixin.py:190} INFO - [2024-12-28T16:39:09.168+0000] {dag.py:4180} INFO - Setting next_dagrun for dataset_s3_bucket_consumer to None, run_after=None
[2024-12-28T16:39:09.169+0000] {logging_mixin.py:190} INFO - [2024-12-28T16:39:09.169+0000] {dag.py:4180} INFO - Setting next_dagrun for dataset_s3_bucket_producer to None, run_after=None
[2024-12-28T16:39:09.187+0000] {processor.py:208} INFO - Processing /home/airflow/.local/lib/python3.12/site-packages/airflow/example_dags/example_dataset_alias.py took 0.653 seconds
[2024-12-28T16:39:39.276+0000] {processor.py:186} INFO - Started process (PID=243) to work on /home/airflow/.local/lib/python3.12/site-packages/airflow/example_dags/example_dataset_alias.py
[2024-12-28T16:39:39.277+0000] {processor.py:914} INFO - Processing file /home/airflow/.local/lib/python3.12/site-packages/airflow/example_dags/example_dataset_alias.py for tasks to queue
[2024-12-28T16:39:39.281+0000] {logging_mixin.py:190} INFO - [2024-12-28T16:39:39.281+0000] {dagbag.py:588} INFO - Filling up the DagBag from /home/airflow/.local/lib/python3.12/site-packages/airflow/example_dags/example_dataset_alias.py
[2024-12-28T16:39:39.834+0000] {processor.py:925} INFO - DAG(s) 'dataset_s3_bucket_producer', 'dataset_alias_example_alias_consumer', 'dataset_alias_example_alias_producer', 'dataset_s3_bucket_consumer' retrieved from /home/airflow/.local/lib/python3.12/site-packages/airflow/example_dags/example_dataset_alias.py
[2024-12-28T16:39:39.856+0000] {logging_mixin.py:190} INFO - [2024-12-28T16:39:39.855+0000] {dag.py:3239} INFO - Sync 4 DAGs
[2024-12-28T16:39:39.879+0000] {logging_mixin.py:190} INFO - [2024-12-28T16:39:39.879+0000] {dag.py:4180} INFO - Setting next_dagrun for dataset_alias_example_alias_consumer to None, run_after=None
[2024-12-28T16:39:39.882+0000] {logging_mixin.py:190} INFO - [2024-12-28T16:39:39.882+0000] {dag.py:4180} INFO - Setting next_dagrun for dataset_alias_example_alias_producer to None, run_after=None
[2024-12-28T16:39:39.883+0000] {logging_mixin.py:190} INFO - [2024-12-28T16:39:39.883+0000] {dag.py:4180} INFO - Setting next_dagrun for dataset_s3_bucket_consumer to None, run_after=None
[2024-12-28T16:39:39.885+0000] {logging_mixin.py:190} INFO - [2024-12-28T16:39:39.885+0000] {dag.py:4180} INFO - Setting next_dagrun for dataset_s3_bucket_producer to None, run_after=None
[2024-12-28T16:39:39.905+0000] {processor.py:208} INFO - Processing /home/airflow/.local/lib/python3.12/site-packages/airflow/example_dags/example_dataset_alias.py took 0.634 seconds
[2024-12-28T16:40:10.290+0000] {processor.py:186} INFO - Started process (PID=303) to work on /home/airflow/.local/lib/python3.12/site-packages/airflow/example_dags/example_dataset_alias.py
[2024-12-28T16:40:10.291+0000] {processor.py:914} INFO - Processing file /home/airflow/.local/lib/python3.12/site-packages/airflow/example_dags/example_dataset_alias.py for tasks to queue
[2024-12-28T16:40:10.293+0000] {logging_mixin.py:190} INFO - [2024-12-28T16:40:10.293+0000] {dagbag.py:588} INFO - Filling up the DagBag from /home/airflow/.local/lib/python3.12/site-packages/airflow/example_dags/example_dataset_alias.py
[2024-12-28T16:40:10.839+0000] {processor.py:925} INFO - DAG(s) 'dataset_s3_bucket_consumer', 'dataset_alias_example_alias_producer', 'dataset_alias_example_alias_consumer', 'dataset_s3_bucket_producer' retrieved from /home/airflow/.local/lib/python3.12/site-packages/airflow/example_dags/example_dataset_alias.py
[2024-12-28T16:40:10.859+0000] {logging_mixin.py:190} INFO - [2024-12-28T16:40:10.859+0000] {dag.py:3239} INFO - Sync 4 DAGs
[2024-12-28T16:40:10.880+0000] {logging_mixin.py:190} INFO - [2024-12-28T16:40:10.880+0000] {dag.py:4180} INFO - Setting next_dagrun for dataset_alias_example_alias_consumer to None, run_after=None
[2024-12-28T16:40:10.883+0000] {logging_mixin.py:190} INFO - [2024-12-28T16:40:10.882+0000] {dag.py:4180} INFO - Setting next_dagrun for dataset_alias_example_alias_producer to None, run_after=None
[2024-12-28T16:40:10.885+0000] {logging_mixin.py:190} INFO - [2024-12-28T16:40:10.885+0000] {dag.py:4180} INFO - Setting next_dagrun for dataset_s3_bucket_consumer to None, run_after=None
[2024-12-28T16:40:10.887+0000] {logging_mixin.py:190} INFO - [2024-12-28T16:40:10.887+0000] {dag.py:4180} INFO - Setting next_dagrun for dataset_s3_bucket_producer to None, run_after=None
[2024-12-28T16:40:10.908+0000] {processor.py:208} INFO - Processing /home/airflow/.local/lib/python3.12/site-packages/airflow/example_dags/example_dataset_alias.py took 0.623 seconds
[2024-12-28T16:42:42.214+0000] {processor.py:186} INFO - Started process (PID=113) to work on /home/airflow/.local/lib/python3.12/site-packages/airflow/example_dags/example_dataset_alias.py
[2024-12-28T16:42:42.215+0000] {processor.py:914} INFO - Processing file /home/airflow/.local/lib/python3.12/site-packages/airflow/example_dags/example_dataset_alias.py for tasks to queue
[2024-12-28T16:42:42.218+0000] {logging_mixin.py:190} INFO - [2024-12-28T16:42:42.218+0000] {dagbag.py:588} INFO - Filling up the DagBag from /home/airflow/.local/lib/python3.12/site-packages/airflow/example_dags/example_dataset_alias.py
[2024-12-28T16:42:42.818+0000] {processor.py:925} INFO - DAG(s) 'dataset_alias_example_alias_consumer', 'dataset_s3_bucket_producer', 'dataset_alias_example_alias_producer', 'dataset_s3_bucket_consumer' retrieved from /home/airflow/.local/lib/python3.12/site-packages/airflow/example_dags/example_dataset_alias.py
[2024-12-28T16:42:42.843+0000] {logging_mixin.py:190} INFO - [2024-12-28T16:42:42.842+0000] {dag.py:3239} INFO - Sync 4 DAGs
[2024-12-28T16:42:42.866+0000] {logging_mixin.py:190} INFO - [2024-12-28T16:42:42.866+0000] {dag.py:4180} INFO - Setting next_dagrun for dataset_alias_example_alias_consumer to None, run_after=None
[2024-12-28T16:42:42.869+0000] {logging_mixin.py:190} INFO - [2024-12-28T16:42:42.869+0000] {dag.py:4180} INFO - Setting next_dagrun for dataset_alias_example_alias_producer to None, run_after=None
[2024-12-28T16:42:42.871+0000] {logging_mixin.py:190} INFO - [2024-12-28T16:42:42.870+0000] {dag.py:4180} INFO - Setting next_dagrun for dataset_s3_bucket_consumer to None, run_after=None
[2024-12-28T16:42:42.872+0000] {logging_mixin.py:190} INFO - [2024-12-28T16:42:42.872+0000] {dag.py:4180} INFO - Setting next_dagrun for dataset_s3_bucket_producer to None, run_after=None
[2024-12-28T16:42:42.895+0000] {processor.py:208} INFO - Processing /home/airflow/.local/lib/python3.12/site-packages/airflow/example_dags/example_dataset_alias.py took 0.687 seconds
[2024-12-28T16:43:13.882+0000] {processor.py:186} INFO - Started process (PID=176) to work on /home/airflow/.local/lib/python3.12/site-packages/airflow/example_dags/example_dataset_alias.py
[2024-12-28T16:43:13.883+0000] {processor.py:914} INFO - Processing file /home/airflow/.local/lib/python3.12/site-packages/airflow/example_dags/example_dataset_alias.py for tasks to queue
[2024-12-28T16:43:13.885+0000] {logging_mixin.py:190} INFO - [2024-12-28T16:43:13.885+0000] {dagbag.py:588} INFO - Filling up the DagBag from /home/airflow/.local/lib/python3.12/site-packages/airflow/example_dags/example_dataset_alias.py
[2024-12-28T16:43:14.468+0000] {processor.py:925} INFO - DAG(s) 'dataset_alias_example_alias_consumer', 'dataset_s3_bucket_producer', 'dataset_s3_bucket_consumer', 'dataset_alias_example_alias_producer' retrieved from /home/airflow/.local/lib/python3.12/site-packages/airflow/example_dags/example_dataset_alias.py
[2024-12-28T16:43:14.489+0000] {logging_mixin.py:190} INFO - [2024-12-28T16:43:14.488+0000] {dag.py:3239} INFO - Sync 4 DAGs
[2024-12-28T16:43:14.511+0000] {logging_mixin.py:190} INFO - [2024-12-28T16:43:14.511+0000] {dag.py:4180} INFO - Setting next_dagrun for dataset_alias_example_alias_consumer to None, run_after=None
[2024-12-28T16:43:14.513+0000] {logging_mixin.py:190} INFO - [2024-12-28T16:43:14.513+0000] {dag.py:4180} INFO - Setting next_dagrun for dataset_alias_example_alias_producer to None, run_after=None
[2024-12-28T16:43:14.515+0000] {logging_mixin.py:190} INFO - [2024-12-28T16:43:14.515+0000] {dag.py:4180} INFO - Setting next_dagrun for dataset_s3_bucket_consumer to None, run_after=None
[2024-12-28T16:43:14.516+0000] {logging_mixin.py:190} INFO - [2024-12-28T16:43:14.516+0000] {dag.py:4180} INFO - Setting next_dagrun for dataset_s3_bucket_producer to None, run_after=None
[2024-12-28T16:43:14.535+0000] {processor.py:208} INFO - Processing /home/airflow/.local/lib/python3.12/site-packages/airflow/example_dags/example_dataset_alias.py took 0.659 seconds
[2024-12-28T16:43:45.566+0000] {processor.py:186} INFO - Started process (PID=240) to work on /home/airflow/.local/lib/python3.12/site-packages/airflow/example_dags/example_dataset_alias.py
[2024-12-28T16:43:45.567+0000] {processor.py:914} INFO - Processing file /home/airflow/.local/lib/python3.12/site-packages/airflow/example_dags/example_dataset_alias.py for tasks to queue
[2024-12-28T16:43:45.569+0000] {logging_mixin.py:190} INFO - [2024-12-28T16:43:45.569+0000] {dagbag.py:588} INFO - Filling up the DagBag from /home/airflow/.local/lib/python3.12/site-packages/airflow/example_dags/example_dataset_alias.py
[2024-12-28T16:43:46.152+0000] {processor.py:925} INFO - DAG(s) 'dataset_s3_bucket_producer', 'dataset_alias_example_alias_consumer', 'dataset_s3_bucket_consumer', 'dataset_alias_example_alias_producer' retrieved from /home/airflow/.local/lib/python3.12/site-packages/airflow/example_dags/example_dataset_alias.py
[2024-12-28T16:43:46.174+0000] {logging_mixin.py:190} INFO - [2024-12-28T16:43:46.174+0000] {dag.py:3239} INFO - Sync 4 DAGs
[2024-12-28T16:43:46.198+0000] {logging_mixin.py:190} INFO - [2024-12-28T16:43:46.198+0000] {dag.py:4180} INFO - Setting next_dagrun for dataset_alias_example_alias_consumer to None, run_after=None
[2024-12-28T16:43:46.201+0000] {logging_mixin.py:190} INFO - [2024-12-28T16:43:46.201+0000] {dag.py:4180} INFO - Setting next_dagrun for dataset_alias_example_alias_producer to None, run_after=None
[2024-12-28T16:43:46.202+0000] {logging_mixin.py:190} INFO - [2024-12-28T16:43:46.202+0000] {dag.py:4180} INFO - Setting next_dagrun for dataset_s3_bucket_consumer to None, run_after=None
[2024-12-28T16:43:46.204+0000] {logging_mixin.py:190} INFO - [2024-12-28T16:43:46.204+0000] {dag.py:4180} INFO - Setting next_dagrun for dataset_s3_bucket_producer to None, run_after=None
[2024-12-28T16:43:46.227+0000] {processor.py:208} INFO - Processing /home/airflow/.local/lib/python3.12/site-packages/airflow/example_dags/example_dataset_alias.py took 0.666 seconds
[2024-12-28T16:44:17.271+0000] {processor.py:186} INFO - Started process (PID=304) to work on /home/airflow/.local/lib/python3.12/site-packages/airflow/example_dags/example_dataset_alias.py
[2024-12-28T16:44:17.271+0000] {processor.py:914} INFO - Processing file /home/airflow/.local/lib/python3.12/site-packages/airflow/example_dags/example_dataset_alias.py for tasks to queue
[2024-12-28T16:44:17.275+0000] {logging_mixin.py:190} INFO - [2024-12-28T16:44:17.274+0000] {dagbag.py:588} INFO - Filling up the DagBag from /home/airflow/.local/lib/python3.12/site-packages/airflow/example_dags/example_dataset_alias.py
[2024-12-28T16:44:17.858+0000] {processor.py:925} INFO - DAG(s) 'dataset_s3_bucket_consumer', 'dataset_alias_example_alias_consumer', 'dataset_alias_example_alias_producer', 'dataset_s3_bucket_producer' retrieved from /home/airflow/.local/lib/python3.12/site-packages/airflow/example_dags/example_dataset_alias.py
[2024-12-28T16:44:17.882+0000] {logging_mixin.py:190} INFO - [2024-12-28T16:44:17.881+0000] {dag.py:3239} INFO - Sync 4 DAGs
[2024-12-28T16:44:17.905+0000] {logging_mixin.py:190} INFO - [2024-12-28T16:44:17.905+0000] {dag.py:4180} INFO - Setting next_dagrun for dataset_alias_example_alias_consumer to None, run_after=None
[2024-12-28T16:44:17.908+0000] {logging_mixin.py:190} INFO - [2024-12-28T16:44:17.908+0000] {dag.py:4180} INFO - Setting next_dagrun for dataset_alias_example_alias_producer to None, run_after=None
[2024-12-28T16:44:17.911+0000] {logging_mixin.py:190} INFO - [2024-12-28T16:44:17.911+0000] {dag.py:4180} INFO - Setting next_dagrun for dataset_s3_bucket_consumer to None, run_after=None
[2024-12-28T16:44:17.913+0000] {logging_mixin.py:190} INFO - [2024-12-28T16:44:17.913+0000] {dag.py:4180} INFO - Setting next_dagrun for dataset_s3_bucket_producer to None, run_after=None
[2024-12-28T16:44:17.937+0000] {processor.py:208} INFO - Processing /home/airflow/.local/lib/python3.12/site-packages/airflow/example_dags/example_dataset_alias.py took 0.672 seconds
[2024-12-28T16:44:48.543+0000] {processor.py:186} INFO - Started process (PID=370) to work on /home/airflow/.local/lib/python3.12/site-packages/airflow/example_dags/example_dataset_alias.py
[2024-12-28T16:44:48.544+0000] {processor.py:914} INFO - Processing file /home/airflow/.local/lib/python3.12/site-packages/airflow/example_dags/example_dataset_alias.py for tasks to queue
[2024-12-28T16:44:48.546+0000] {logging_mixin.py:190} INFO - [2024-12-28T16:44:48.546+0000] {dagbag.py:588} INFO - Filling up the DagBag from /home/airflow/.local/lib/python3.12/site-packages/airflow/example_dags/example_dataset_alias.py
[2024-12-28T16:44:49.075+0000] {processor.py:925} INFO - DAG(s) 'dataset_alias_example_alias_producer', 'dataset_s3_bucket_producer', 'dataset_s3_bucket_consumer', 'dataset_alias_example_alias_consumer' retrieved from /home/airflow/.local/lib/python3.12/site-packages/airflow/example_dags/example_dataset_alias.py
[2024-12-28T16:44:49.098+0000] {logging_mixin.py:190} INFO - [2024-12-28T16:44:49.097+0000] {dag.py:3239} INFO - Sync 4 DAGs
[2024-12-28T16:44:49.119+0000] {logging_mixin.py:190} INFO - [2024-12-28T16:44:49.119+0000] {dag.py:4180} INFO - Setting next_dagrun for dataset_alias_example_alias_consumer to None, run_after=None
[2024-12-28T16:44:49.122+0000] {logging_mixin.py:190} INFO - [2024-12-28T16:44:49.122+0000] {dag.py:4180} INFO - Setting next_dagrun for dataset_alias_example_alias_producer to None, run_after=None
[2024-12-28T16:44:49.125+0000] {logging_mixin.py:190} INFO - [2024-12-28T16:44:49.125+0000] {dag.py:4180} INFO - Setting next_dagrun for dataset_s3_bucket_consumer to None, run_after=None
[2024-12-28T16:44:49.127+0000] {logging_mixin.py:190} INFO - [2024-12-28T16:44:49.127+0000] {dag.py:4180} INFO - Setting next_dagrun for dataset_s3_bucket_producer to None, run_after=None
[2024-12-28T16:44:49.153+0000] {processor.py:208} INFO - Processing /home/airflow/.local/lib/python3.12/site-packages/airflow/example_dags/example_dataset_alias.py took 0.615 seconds
[2024-12-28T16:45:20.241+0000] {processor.py:186} INFO - Started process (PID=432) to work on /home/airflow/.local/lib/python3.12/site-packages/airflow/example_dags/example_dataset_alias.py
[2024-12-28T16:45:20.242+0000] {processor.py:914} INFO - Processing file /home/airflow/.local/lib/python3.12/site-packages/airflow/example_dags/example_dataset_alias.py for tasks to queue
[2024-12-28T16:45:20.244+0000] {logging_mixin.py:190} INFO - [2024-12-28T16:45:20.244+0000] {dagbag.py:588} INFO - Filling up the DagBag from /home/airflow/.local/lib/python3.12/site-packages/airflow/example_dags/example_dataset_alias.py
[2024-12-28T16:45:20.812+0000] {processor.py:925} INFO - DAG(s) 'dataset_alias_example_alias_producer', 'dataset_s3_bucket_producer', 'dataset_s3_bucket_consumer', 'dataset_alias_example_alias_consumer' retrieved from /home/airflow/.local/lib/python3.12/site-packages/airflow/example_dags/example_dataset_alias.py
[2024-12-28T16:45:20.833+0000] {logging_mixin.py:190} INFO - [2024-12-28T16:45:20.832+0000] {dag.py:3239} INFO - Sync 4 DAGs
[2024-12-28T16:45:20.854+0000] {logging_mixin.py:190} INFO - [2024-12-28T16:45:20.853+0000] {dag.py:4180} INFO - Setting next_dagrun for dataset_alias_example_alias_consumer to None, run_after=None
[2024-12-28T16:45:20.857+0000] {logging_mixin.py:190} INFO - [2024-12-28T16:45:20.856+0000] {dag.py:4180} INFO - Setting next_dagrun for dataset_alias_example_alias_producer to None, run_after=None
[2024-12-28T16:45:20.858+0000] {logging_mixin.py:190} INFO - [2024-12-28T16:45:20.858+0000] {dag.py:4180} INFO - Setting next_dagrun for dataset_s3_bucket_consumer to None, run_after=None
[2024-12-28T16:45:20.861+0000] {logging_mixin.py:190} INFO - [2024-12-28T16:45:20.860+0000] {dag.py:4180} INFO - Setting next_dagrun for dataset_s3_bucket_producer to None, run_after=None
[2024-12-28T16:45:20.884+0000] {processor.py:208} INFO - Processing /home/airflow/.local/lib/python3.12/site-packages/airflow/example_dags/example_dataset_alias.py took 0.649 seconds
[2024-12-28T16:45:51.768+0000] {processor.py:186} INFO - Started process (PID=494) to work on /home/airflow/.local/lib/python3.12/site-packages/airflow/example_dags/example_dataset_alias.py
[2024-12-28T16:45:51.769+0000] {processor.py:914} INFO - Processing file /home/airflow/.local/lib/python3.12/site-packages/airflow/example_dags/example_dataset_alias.py for tasks to queue
[2024-12-28T16:45:51.771+0000] {logging_mixin.py:190} INFO - [2024-12-28T16:45:51.771+0000] {dagbag.py:588} INFO - Filling up the DagBag from /home/airflow/.local/lib/python3.12/site-packages/airflow/example_dags/example_dataset_alias.py
[2024-12-28T16:45:52.331+0000] {processor.py:925} INFO - DAG(s) 'dataset_s3_bucket_consumer', 'dataset_alias_example_alias_consumer', 'dataset_s3_bucket_producer', 'dataset_alias_example_alias_producer' retrieved from /home/airflow/.local/lib/python3.12/site-packages/airflow/example_dags/example_dataset_alias.py
[2024-12-28T16:45:52.351+0000] {logging_mixin.py:190} INFO - [2024-12-28T16:45:52.351+0000] {dag.py:3239} INFO - Sync 4 DAGs
[2024-12-28T16:45:52.372+0000] {logging_mixin.py:190} INFO - [2024-12-28T16:45:52.372+0000] {dag.py:4180} INFO - Setting next_dagrun for dataset_alias_example_alias_consumer to None, run_after=None
[2024-12-28T16:45:52.375+0000] {logging_mixin.py:190} INFO - [2024-12-28T16:45:52.375+0000] {dag.py:4180} INFO - Setting next_dagrun for dataset_alias_example_alias_producer to None, run_after=None
[2024-12-28T16:45:52.376+0000] {logging_mixin.py:190} INFO - [2024-12-28T16:45:52.376+0000] {dag.py:4180} INFO - Setting next_dagrun for dataset_s3_bucket_consumer to None, run_after=None
[2024-12-28T16:45:52.377+0000] {logging_mixin.py:190} INFO - [2024-12-28T16:45:52.377+0000] {dag.py:4180} INFO - Setting next_dagrun for dataset_s3_bucket_producer to None, run_after=None
[2024-12-28T16:45:52.400+0000] {processor.py:208} INFO - Processing /home/airflow/.local/lib/python3.12/site-packages/airflow/example_dags/example_dataset_alias.py took 0.637 seconds
[2024-12-28T16:46:23.150+0000] {processor.py:186} INFO - Started process (PID=556) to work on /home/airflow/.local/lib/python3.12/site-packages/airflow/example_dags/example_dataset_alias.py
[2024-12-28T16:46:23.151+0000] {processor.py:914} INFO - Processing file /home/airflow/.local/lib/python3.12/site-packages/airflow/example_dags/example_dataset_alias.py for tasks to queue
[2024-12-28T16:46:23.153+0000] {logging_mixin.py:190} INFO - [2024-12-28T16:46:23.152+0000] {dagbag.py:588} INFO - Filling up the DagBag from /home/airflow/.local/lib/python3.12/site-packages/airflow/example_dags/example_dataset_alias.py
[2024-12-28T16:46:23.824+0000] {processor.py:925} INFO - DAG(s) 'dataset_s3_bucket_consumer', 'dataset_alias_example_alias_producer', 'dataset_s3_bucket_producer', 'dataset_alias_example_alias_consumer' retrieved from /home/airflow/.local/lib/python3.12/site-packages/airflow/example_dags/example_dataset_alias.py
[2024-12-28T16:46:23.852+0000] {logging_mixin.py:190} INFO - [2024-12-28T16:46:23.851+0000] {dag.py:3239} INFO - Sync 4 DAGs
[2024-12-28T16:46:23.876+0000] {logging_mixin.py:190} INFO - [2024-12-28T16:46:23.876+0000] {dag.py:4180} INFO - Setting next_dagrun for dataset_alias_example_alias_consumer to None, run_after=None
[2024-12-28T16:46:23.880+0000] {logging_mixin.py:190} INFO - [2024-12-28T16:46:23.879+0000] {dag.py:4180} INFO - Setting next_dagrun for dataset_alias_example_alias_producer to None, run_after=None
[2024-12-28T16:46:23.882+0000] {logging_mixin.py:190} INFO - [2024-12-28T16:46:23.882+0000] {dag.py:4180} INFO - Setting next_dagrun for dataset_s3_bucket_consumer to None, run_after=None
[2024-12-28T16:46:23.885+0000] {logging_mixin.py:190} INFO - [2024-12-28T16:46:23.884+0000] {dag.py:4180} INFO - Setting next_dagrun for dataset_s3_bucket_producer to None, run_after=None
[2024-12-28T16:46:23.916+0000] {processor.py:208} INFO - Processing /home/airflow/.local/lib/python3.12/site-packages/airflow/example_dags/example_dataset_alias.py took 0.771 seconds
[2024-12-28T16:46:54.375+0000] {processor.py:186} INFO - Started process (PID=619) to work on /home/airflow/.local/lib/python3.12/site-packages/airflow/example_dags/example_dataset_alias.py
[2024-12-28T16:46:54.376+0000] {processor.py:914} INFO - Processing file /home/airflow/.local/lib/python3.12/site-packages/airflow/example_dags/example_dataset_alias.py for tasks to queue
[2024-12-28T16:46:54.378+0000] {logging_mixin.py:190} INFO - [2024-12-28T16:46:54.378+0000] {dagbag.py:588} INFO - Filling up the DagBag from /home/airflow/.local/lib/python3.12/site-packages/airflow/example_dags/example_dataset_alias.py
[2024-12-28T16:46:54.958+0000] {processor.py:925} INFO - DAG(s) 'dataset_alias_example_alias_producer', 'dataset_alias_example_alias_consumer', 'dataset_s3_bucket_producer', 'dataset_s3_bucket_consumer' retrieved from /home/airflow/.local/lib/python3.12/site-packages/airflow/example_dags/example_dataset_alias.py
[2024-12-28T16:46:54.978+0000] {logging_mixin.py:190} INFO - [2024-12-28T16:46:54.978+0000] {dag.py:3239} INFO - Sync 4 DAGs
[2024-12-28T16:46:54.999+0000] {logging_mixin.py:190} INFO - [2024-12-28T16:46:54.999+0000] {dag.py:4180} INFO - Setting next_dagrun for dataset_alias_example_alias_consumer to None, run_after=None
[2024-12-28T16:46:55.002+0000] {logging_mixin.py:190} INFO - [2024-12-28T16:46:55.002+0000] {dag.py:4180} INFO - Setting next_dagrun for dataset_alias_example_alias_producer to None, run_after=None
[2024-12-28T16:46:55.003+0000] {logging_mixin.py:190} INFO - [2024-12-28T16:46:55.003+0000] {dag.py:4180} INFO - Setting next_dagrun for dataset_s3_bucket_consumer to None, run_after=None
[2024-12-28T16:46:55.005+0000] {logging_mixin.py:190} INFO - [2024-12-28T16:46:55.004+0000] {dag.py:4180} INFO - Setting next_dagrun for dataset_s3_bucket_producer to None, run_after=None
[2024-12-28T16:46:55.026+0000] {processor.py:208} INFO - Processing /home/airflow/.local/lib/python3.12/site-packages/airflow/example_dags/example_dataset_alias.py took 0.656 seconds
[2024-12-28T16:47:25.762+0000] {processor.py:186} INFO - Started process (PID=680) to work on /home/airflow/.local/lib/python3.12/site-packages/airflow/example_dags/example_dataset_alias.py
[2024-12-28T16:47:25.764+0000] {processor.py:914} INFO - Processing file /home/airflow/.local/lib/python3.12/site-packages/airflow/example_dags/example_dataset_alias.py for tasks to queue
[2024-12-28T16:47:25.766+0000] {logging_mixin.py:190} INFO - [2024-12-28T16:47:25.766+0000] {dagbag.py:588} INFO - Filling up the DagBag from /home/airflow/.local/lib/python3.12/site-packages/airflow/example_dags/example_dataset_alias.py
[2024-12-28T16:47:26.348+0000] {processor.py:925} INFO - DAG(s) 'dataset_s3_bucket_consumer', 'dataset_alias_example_alias_producer', 'dataset_s3_bucket_producer', 'dataset_alias_example_alias_consumer' retrieved from /home/airflow/.local/lib/python3.12/site-packages/airflow/example_dags/example_dataset_alias.py
[2024-12-28T16:47:26.380+0000] {logging_mixin.py:190} INFO - [2024-12-28T16:47:26.379+0000] {dag.py:3239} INFO - Sync 4 DAGs
[2024-12-28T16:47:26.406+0000] {logging_mixin.py:190} INFO - [2024-12-28T16:47:26.406+0000] {dag.py:4180} INFO - Setting next_dagrun for dataset_alias_example_alias_consumer to None, run_after=None
[2024-12-28T16:47:26.409+0000] {logging_mixin.py:190} INFO - [2024-12-28T16:47:26.409+0000] {dag.py:4180} INFO - Setting next_dagrun for dataset_alias_example_alias_producer to None, run_after=None
[2024-12-28T16:47:26.411+0000] {logging_mixin.py:190} INFO - [2024-12-28T16:47:26.411+0000] {dag.py:4180} INFO - Setting next_dagrun for dataset_s3_bucket_consumer to None, run_after=None
[2024-12-28T16:47:26.413+0000] {logging_mixin.py:190} INFO - [2024-12-28T16:47:26.412+0000] {dag.py:4180} INFO - Setting next_dagrun for dataset_s3_bucket_producer to None, run_after=None
[2024-12-28T16:47:26.437+0000] {processor.py:208} INFO - Processing /home/airflow/.local/lib/python3.12/site-packages/airflow/example_dags/example_dataset_alias.py took 0.681 seconds
[2024-12-28T16:52:24.404+0000] {processor.py:186} INFO - Started process (PID=109) to work on /home/airflow/.local/lib/python3.12/site-packages/airflow/example_dags/example_dataset_alias.py
[2024-12-28T16:52:24.405+0000] {processor.py:914} INFO - Processing file /home/airflow/.local/lib/python3.12/site-packages/airflow/example_dags/example_dataset_alias.py for tasks to queue
[2024-12-28T16:52:24.407+0000] {logging_mixin.py:190} INFO - [2024-12-28T16:52:24.407+0000] {dagbag.py:588} INFO - Filling up the DagBag from /home/airflow/.local/lib/python3.12/site-packages/airflow/example_dags/example_dataset_alias.py
[2024-12-28T16:52:24.960+0000] {processor.py:925} INFO - DAG(s) 'dataset_s3_bucket_producer', 'dataset_alias_example_alias_producer', 'dataset_alias_example_alias_consumer', 'dataset_s3_bucket_consumer' retrieved from /home/airflow/.local/lib/python3.12/site-packages/airflow/example_dags/example_dataset_alias.py
[2024-12-28T16:52:24.984+0000] {logging_mixin.py:190} INFO - [2024-12-28T16:52:24.983+0000] {dag.py:3239} INFO - Sync 4 DAGs
[2024-12-28T16:52:25.005+0000] {logging_mixin.py:190} INFO - [2024-12-28T16:52:25.005+0000] {dag.py:4180} INFO - Setting next_dagrun for dataset_alias_example_alias_consumer to None, run_after=None
[2024-12-28T16:52:25.008+0000] {logging_mixin.py:190} INFO - [2024-12-28T16:52:25.008+0000] {dag.py:4180} INFO - Setting next_dagrun for dataset_alias_example_alias_producer to None, run_after=None
[2024-12-28T16:52:25.009+0000] {logging_mixin.py:190} INFO - [2024-12-28T16:52:25.009+0000] {dag.py:4180} INFO - Setting next_dagrun for dataset_s3_bucket_consumer to None, run_after=None
[2024-12-28T16:52:25.011+0000] {logging_mixin.py:190} INFO - [2024-12-28T16:52:25.011+0000] {dag.py:4180} INFO - Setting next_dagrun for dataset_s3_bucket_producer to None, run_after=None
[2024-12-28T16:52:25.035+0000] {processor.py:208} INFO - Processing /home/airflow/.local/lib/python3.12/site-packages/airflow/example_dags/example_dataset_alias.py took 0.636 seconds
[2024-12-28T16:52:55.425+0000] {processor.py:186} INFO - Started process (PID=173) to work on /home/airflow/.local/lib/python3.12/site-packages/airflow/example_dags/example_dataset_alias.py
[2024-12-28T16:52:55.426+0000] {processor.py:914} INFO - Processing file /home/airflow/.local/lib/python3.12/site-packages/airflow/example_dags/example_dataset_alias.py for tasks to queue
[2024-12-28T16:52:55.429+0000] {logging_mixin.py:190} INFO - [2024-12-28T16:52:55.428+0000] {dagbag.py:588} INFO - Filling up the DagBag from /home/airflow/.local/lib/python3.12/site-packages/airflow/example_dags/example_dataset_alias.py
[2024-12-28T16:52:55.942+0000] {processor.py:925} INFO - DAG(s) 'dataset_alias_example_alias_consumer', 'dataset_s3_bucket_consumer', 'dataset_s3_bucket_producer', 'dataset_alias_example_alias_producer' retrieved from /home/airflow/.local/lib/python3.12/site-packages/airflow/example_dags/example_dataset_alias.py
[2024-12-28T16:52:55.962+0000] {logging_mixin.py:190} INFO - [2024-12-28T16:52:55.961+0000] {dag.py:3239} INFO - Sync 4 DAGs
[2024-12-28T16:52:55.984+0000] {logging_mixin.py:190} INFO - [2024-12-28T16:52:55.984+0000] {dag.py:4180} INFO - Setting next_dagrun for dataset_alias_example_alias_consumer to None, run_after=None
[2024-12-28T16:52:55.987+0000] {logging_mixin.py:190} INFO - [2024-12-28T16:52:55.986+0000] {dag.py:4180} INFO - Setting next_dagrun for dataset_alias_example_alias_producer to None, run_after=None
[2024-12-28T16:52:55.988+0000] {logging_mixin.py:190} INFO - [2024-12-28T16:52:55.988+0000] {dag.py:4180} INFO - Setting next_dagrun for dataset_s3_bucket_consumer to None, run_after=None
[2024-12-28T16:52:55.989+0000] {logging_mixin.py:190} INFO - [2024-12-28T16:52:55.989+0000] {dag.py:4180} INFO - Setting next_dagrun for dataset_s3_bucket_producer to None, run_after=None
[2024-12-28T16:52:56.008+0000] {processor.py:208} INFO - Processing /home/airflow/.local/lib/python3.12/site-packages/airflow/example_dags/example_dataset_alias.py took 0.588 seconds
[2024-12-28T16:53:26.859+0000] {processor.py:186} INFO - Started process (PID=237) to work on /home/airflow/.local/lib/python3.12/site-packages/airflow/example_dags/example_dataset_alias.py
[2024-12-28T16:53:26.860+0000] {processor.py:914} INFO - Processing file /home/airflow/.local/lib/python3.12/site-packages/airflow/example_dags/example_dataset_alias.py for tasks to queue
[2024-12-28T16:53:26.862+0000] {logging_mixin.py:190} INFO - [2024-12-28T16:53:26.862+0000] {dagbag.py:588} INFO - Filling up the DagBag from /home/airflow/.local/lib/python3.12/site-packages/airflow/example_dags/example_dataset_alias.py
[2024-12-28T16:53:27.426+0000] {processor.py:925} INFO - DAG(s) 'dataset_s3_bucket_producer', 'dataset_alias_example_alias_consumer', 'dataset_alias_example_alias_producer', 'dataset_s3_bucket_consumer' retrieved from /home/airflow/.local/lib/python3.12/site-packages/airflow/example_dags/example_dataset_alias.py
[2024-12-28T16:53:27.449+0000] {logging_mixin.py:190} INFO - [2024-12-28T16:53:27.448+0000] {dag.py:3239} INFO - Sync 4 DAGs
[2024-12-28T16:53:27.473+0000] {logging_mixin.py:190} INFO - [2024-12-28T16:53:27.473+0000] {dag.py:4180} INFO - Setting next_dagrun for dataset_alias_example_alias_consumer to None, run_after=None
[2024-12-28T16:53:27.475+0000] {logging_mixin.py:190} INFO - [2024-12-28T16:53:27.475+0000] {dag.py:4180} INFO - Setting next_dagrun for dataset_alias_example_alias_producer to None, run_after=None
[2024-12-28T16:53:27.477+0000] {logging_mixin.py:190} INFO - [2024-12-28T16:53:27.477+0000] {dag.py:4180} INFO - Setting next_dagrun for dataset_s3_bucket_consumer to None, run_after=None
[2024-12-28T16:53:27.478+0000] {logging_mixin.py:190} INFO - [2024-12-28T16:53:27.478+0000] {dag.py:4180} INFO - Setting next_dagrun for dataset_s3_bucket_producer to None, run_after=None
[2024-12-28T16:53:27.499+0000] {processor.py:208} INFO - Processing /home/airflow/.local/lib/python3.12/site-packages/airflow/example_dags/example_dataset_alias.py took 0.645 seconds
[2024-12-28T16:53:59.483+0000] {processor.py:186} INFO - Started process (PID=305) to work on /home/airflow/.local/lib/python3.12/site-packages/airflow/example_dags/example_dataset_alias.py
[2024-12-28T16:53:59.484+0000] {processor.py:914} INFO - Processing file /home/airflow/.local/lib/python3.12/site-packages/airflow/example_dags/example_dataset_alias.py for tasks to queue
[2024-12-28T16:53:59.487+0000] {logging_mixin.py:190} INFO - [2024-12-28T16:53:59.487+0000] {dagbag.py:588} INFO - Filling up the DagBag from /home/airflow/.local/lib/python3.12/site-packages/airflow/example_dags/example_dataset_alias.py
[2024-12-28T16:54:00.087+0000] {processor.py:925} INFO - DAG(s) 'dataset_s3_bucket_consumer', 'dataset_alias_example_alias_producer', 'dataset_alias_example_alias_consumer', 'dataset_s3_bucket_producer' retrieved from /home/airflow/.local/lib/python3.12/site-packages/airflow/example_dags/example_dataset_alias.py
[2024-12-28T16:54:00.111+0000] {logging_mixin.py:190} INFO - [2024-12-28T16:54:00.111+0000] {dag.py:3239} INFO - Sync 4 DAGs
[2024-12-28T16:54:00.133+0000] {logging_mixin.py:190} INFO - [2024-12-28T16:54:00.133+0000] {dag.py:4180} INFO - Setting next_dagrun for dataset_alias_example_alias_consumer to None, run_after=None
[2024-12-28T16:54:00.137+0000] {logging_mixin.py:190} INFO - [2024-12-28T16:54:00.136+0000] {dag.py:4180} INFO - Setting next_dagrun for dataset_alias_example_alias_producer to None, run_after=None
[2024-12-28T16:54:00.142+0000] {logging_mixin.py:190} INFO - [2024-12-28T16:54:00.142+0000] {dag.py:4180} INFO - Setting next_dagrun for dataset_s3_bucket_consumer to None, run_after=None
[2024-12-28T16:54:00.144+0000] {logging_mixin.py:190} INFO - [2024-12-28T16:54:00.143+0000] {dag.py:4180} INFO - Setting next_dagrun for dataset_s3_bucket_producer to None, run_after=None
[2024-12-28T16:54:00.168+0000] {processor.py:208} INFO - Processing /home/airflow/.local/lib/python3.12/site-packages/airflow/example_dags/example_dataset_alias.py took 0.690 seconds
[2024-12-28T16:54:31.338+0000] {processor.py:186} INFO - Started process (PID=369) to work on /home/airflow/.local/lib/python3.12/site-packages/airflow/example_dags/example_dataset_alias.py
[2024-12-28T16:54:31.344+0000] {processor.py:914} INFO - Processing file /home/airflow/.local/lib/python3.12/site-packages/airflow/example_dags/example_dataset_alias.py for tasks to queue
[2024-12-28T16:54:31.348+0000] {logging_mixin.py:190} INFO - [2024-12-28T16:54:31.347+0000] {dagbag.py:588} INFO - Filling up the DagBag from /home/airflow/.local/lib/python3.12/site-packages/airflow/example_dags/example_dataset_alias.py
[2024-12-28T16:54:32.630+0000] {processor.py:925} INFO - DAG(s) 'dataset_s3_bucket_consumer', 'dataset_s3_bucket_producer', 'dataset_alias_example_alias_producer', 'dataset_alias_example_alias_consumer' retrieved from /home/airflow/.local/lib/python3.12/site-packages/airflow/example_dags/example_dataset_alias.py
[2024-12-28T16:54:32.671+0000] {logging_mixin.py:190} INFO - [2024-12-28T16:54:32.670+0000] {dag.py:3239} INFO - Sync 4 DAGs
[2024-12-28T16:54:32.711+0000] {logging_mixin.py:190} INFO - [2024-12-28T16:54:32.711+0000] {dag.py:4180} INFO - Setting next_dagrun for dataset_alias_example_alias_consumer to None, run_after=None
[2024-12-28T16:54:32.716+0000] {logging_mixin.py:190} INFO - [2024-12-28T16:54:32.716+0000] {dag.py:4180} INFO - Setting next_dagrun for dataset_alias_example_alias_producer to None, run_after=None
[2024-12-28T16:54:32.719+0000] {logging_mixin.py:190} INFO - [2024-12-28T16:54:32.719+0000] {dag.py:4180} INFO - Setting next_dagrun for dataset_s3_bucket_consumer to None, run_after=None
[2024-12-28T16:54:32.724+0000] {logging_mixin.py:190} INFO - [2024-12-28T16:54:32.723+0000] {dag.py:4180} INFO - Setting next_dagrun for dataset_s3_bucket_producer to None, run_after=None
[2024-12-28T16:54:32.773+0000] {processor.py:208} INFO - Processing /home/airflow/.local/lib/python3.12/site-packages/airflow/example_dags/example_dataset_alias.py took 1.450 seconds
[2024-12-28T16:55:04.109+0000] {processor.py:186} INFO - Started process (PID=436) to work on /home/airflow/.local/lib/python3.12/site-packages/airflow/example_dags/example_dataset_alias.py
[2024-12-28T16:55:04.110+0000] {processor.py:914} INFO - Processing file /home/airflow/.local/lib/python3.12/site-packages/airflow/example_dags/example_dataset_alias.py for tasks to queue
[2024-12-28T16:55:04.112+0000] {logging_mixin.py:190} INFO - [2024-12-28T16:55:04.112+0000] {dagbag.py:588} INFO - Filling up the DagBag from /home/airflow/.local/lib/python3.12/site-packages/airflow/example_dags/example_dataset_alias.py
[2024-12-28T16:55:04.709+0000] {processor.py:925} INFO - DAG(s) 'dataset_alias_example_alias_consumer', 'dataset_alias_example_alias_producer', 'dataset_s3_bucket_consumer', 'dataset_s3_bucket_producer' retrieved from /home/airflow/.local/lib/python3.12/site-packages/airflow/example_dags/example_dataset_alias.py
[2024-12-28T16:55:04.732+0000] {logging_mixin.py:190} INFO - [2024-12-28T16:55:04.732+0000] {dag.py:3239} INFO - Sync 4 DAGs
[2024-12-28T16:55:04.754+0000] {logging_mixin.py:190} INFO - [2024-12-28T16:55:04.754+0000] {dag.py:4180} INFO - Setting next_dagrun for dataset_alias_example_alias_consumer to None, run_after=None
[2024-12-28T16:55:04.758+0000] {logging_mixin.py:190} INFO - [2024-12-28T16:55:04.758+0000] {dag.py:4180} INFO - Setting next_dagrun for dataset_alias_example_alias_producer to None, run_after=None
[2024-12-28T16:55:04.759+0000] {logging_mixin.py:190} INFO - [2024-12-28T16:55:04.759+0000] {dag.py:4180} INFO - Setting next_dagrun for dataset_s3_bucket_consumer to None, run_after=None
[2024-12-28T16:55:04.761+0000] {logging_mixin.py:190} INFO - [2024-12-28T16:55:04.761+0000] {dag.py:4180} INFO - Setting next_dagrun for dataset_s3_bucket_producer to None, run_after=None
[2024-12-28T16:55:04.786+0000] {processor.py:208} INFO - Processing /home/airflow/.local/lib/python3.12/site-packages/airflow/example_dags/example_dataset_alias.py took 0.684 seconds
[2024-12-28T16:55:36.665+0000] {processor.py:186} INFO - Started process (PID=502) to work on /home/airflow/.local/lib/python3.12/site-packages/airflow/example_dags/example_dataset_alias.py
[2024-12-28T16:55:36.666+0000] {processor.py:914} INFO - Processing file /home/airflow/.local/lib/python3.12/site-packages/airflow/example_dags/example_dataset_alias.py for tasks to queue
[2024-12-28T16:55:36.668+0000] {logging_mixin.py:190} INFO - [2024-12-28T16:55:36.668+0000] {dagbag.py:588} INFO - Filling up the DagBag from /home/airflow/.local/lib/python3.12/site-packages/airflow/example_dags/example_dataset_alias.py
[2024-12-28T16:55:37.261+0000] {processor.py:925} INFO - DAG(s) 'dataset_s3_bucket_producer', 'dataset_alias_example_alias_consumer', 'dataset_s3_bucket_consumer', 'dataset_alias_example_alias_producer' retrieved from /home/airflow/.local/lib/python3.12/site-packages/airflow/example_dags/example_dataset_alias.py
[2024-12-28T16:55:37.284+0000] {logging_mixin.py:190} INFO - [2024-12-28T16:55:37.283+0000] {dag.py:3239} INFO - Sync 4 DAGs
[2024-12-28T16:55:37.306+0000] {logging_mixin.py:190} INFO - [2024-12-28T16:55:37.305+0000] {dag.py:4180} INFO - Setting next_dagrun for dataset_alias_example_alias_consumer to None, run_after=None
[2024-12-28T16:55:37.310+0000] {logging_mixin.py:190} INFO - [2024-12-28T16:55:37.309+0000] {dag.py:4180} INFO - Setting next_dagrun for dataset_alias_example_alias_producer to None, run_after=None
[2024-12-28T16:55:37.312+0000] {logging_mixin.py:190} INFO - [2024-12-28T16:55:37.311+0000] {dag.py:4180} INFO - Setting next_dagrun for dataset_s3_bucket_consumer to None, run_after=None
[2024-12-28T16:55:37.314+0000] {logging_mixin.py:190} INFO - [2024-12-28T16:55:37.313+0000] {dag.py:4180} INFO - Setting next_dagrun for dataset_s3_bucket_producer to None, run_after=None
[2024-12-28T16:55:37.340+0000] {processor.py:208} INFO - Processing /home/airflow/.local/lib/python3.12/site-packages/airflow/example_dags/example_dataset_alias.py took 0.680 seconds
[2024-12-28T16:56:07.518+0000] {processor.py:186} INFO - Started process (PID=566) to work on /home/airflow/.local/lib/python3.12/site-packages/airflow/example_dags/example_dataset_alias.py
[2024-12-28T16:56:07.519+0000] {processor.py:914} INFO - Processing file /home/airflow/.local/lib/python3.12/site-packages/airflow/example_dags/example_dataset_alias.py for tasks to queue
[2024-12-28T16:56:07.521+0000] {logging_mixin.py:190} INFO - [2024-12-28T16:56:07.521+0000] {dagbag.py:588} INFO - Filling up the DagBag from /home/airflow/.local/lib/python3.12/site-packages/airflow/example_dags/example_dataset_alias.py
[2024-12-28T16:56:08.066+0000] {processor.py:925} INFO - DAG(s) 'dataset_s3_bucket_consumer', 'dataset_s3_bucket_producer', 'dataset_alias_example_alias_producer', 'dataset_alias_example_alias_consumer' retrieved from /home/airflow/.local/lib/python3.12/site-packages/airflow/example_dags/example_dataset_alias.py
[2024-12-28T16:56:08.087+0000] {logging_mixin.py:190} INFO - [2024-12-28T16:56:08.086+0000] {dag.py:3239} INFO - Sync 4 DAGs
[2024-12-28T16:56:08.109+0000] {logging_mixin.py:190} INFO - [2024-12-28T16:56:08.109+0000] {dag.py:4180} INFO - Setting next_dagrun for dataset_alias_example_alias_consumer to None, run_after=None
[2024-12-28T16:56:08.112+0000] {logging_mixin.py:190} INFO - [2024-12-28T16:56:08.112+0000] {dag.py:4180} INFO - Setting next_dagrun for dataset_alias_example_alias_producer to None, run_after=None
[2024-12-28T16:56:08.114+0000] {logging_mixin.py:190} INFO - [2024-12-28T16:56:08.113+0000] {dag.py:4180} INFO - Setting next_dagrun for dataset_s3_bucket_consumer to None, run_after=None
[2024-12-28T16:56:08.115+0000] {logging_mixin.py:190} INFO - [2024-12-28T16:56:08.115+0000] {dag.py:4180} INFO - Setting next_dagrun for dataset_s3_bucket_producer to None, run_after=None
[2024-12-28T16:56:08.140+0000] {processor.py:208} INFO - Processing /home/airflow/.local/lib/python3.12/site-packages/airflow/example_dags/example_dataset_alias.py took 0.626 seconds
[2024-12-28T16:56:38.198+0000] {processor.py:186} INFO - Started process (PID=630) to work on /home/airflow/.local/lib/python3.12/site-packages/airflow/example_dags/example_dataset_alias.py
[2024-12-28T16:56:38.199+0000] {processor.py:914} INFO - Processing file /home/airflow/.local/lib/python3.12/site-packages/airflow/example_dags/example_dataset_alias.py for tasks to queue
[2024-12-28T16:56:38.201+0000] {logging_mixin.py:190} INFO - [2024-12-28T16:56:38.201+0000] {dagbag.py:588} INFO - Filling up the DagBag from /home/airflow/.local/lib/python3.12/site-packages/airflow/example_dags/example_dataset_alias.py
[2024-12-28T16:56:38.751+0000] {processor.py:925} INFO - DAG(s) 'dataset_s3_bucket_consumer', 'dataset_s3_bucket_producer', 'dataset_alias_example_alias_producer', 'dataset_alias_example_alias_consumer' retrieved from /home/airflow/.local/lib/python3.12/site-packages/airflow/example_dags/example_dataset_alias.py
[2024-12-28T16:56:38.772+0000] {logging_mixin.py:190} INFO - [2024-12-28T16:56:38.772+0000] {dag.py:3239} INFO - Sync 4 DAGs
[2024-12-28T16:56:38.794+0000] {logging_mixin.py:190} INFO - [2024-12-28T16:56:38.794+0000] {dag.py:4180} INFO - Setting next_dagrun for dataset_alias_example_alias_consumer to None, run_after=None
[2024-12-28T16:56:38.798+0000] {logging_mixin.py:190} INFO - [2024-12-28T16:56:38.797+0000] {dag.py:4180} INFO - Setting next_dagrun for dataset_alias_example_alias_producer to None, run_after=None
[2024-12-28T16:56:38.799+0000] {logging_mixin.py:190} INFO - [2024-12-28T16:56:38.799+0000] {dag.py:4180} INFO - Setting next_dagrun for dataset_s3_bucket_consumer to None, run_after=None
[2024-12-28T16:56:38.801+0000] {logging_mixin.py:190} INFO - [2024-12-28T16:56:38.800+0000] {dag.py:4180} INFO - Setting next_dagrun for dataset_s3_bucket_producer to None, run_after=None
[2024-12-28T16:56:38.825+0000] {processor.py:208} INFO - Processing /home/airflow/.local/lib/python3.12/site-packages/airflow/example_dags/example_dataset_alias.py took 0.633 seconds
[2024-12-28T16:57:09.425+0000] {processor.py:186} INFO - Started process (PID=694) to work on /home/airflow/.local/lib/python3.12/site-packages/airflow/example_dags/example_dataset_alias.py
[2024-12-28T16:57:09.426+0000] {processor.py:914} INFO - Processing file /home/airflow/.local/lib/python3.12/site-packages/airflow/example_dags/example_dataset_alias.py for tasks to queue
[2024-12-28T16:57:09.428+0000] {logging_mixin.py:190} INFO - [2024-12-28T16:57:09.428+0000] {dagbag.py:588} INFO - Filling up the DagBag from /home/airflow/.local/lib/python3.12/site-packages/airflow/example_dags/example_dataset_alias.py
[2024-12-28T16:57:09.976+0000] {processor.py:925} INFO - DAG(s) 'dataset_s3_bucket_consumer', 'dataset_s3_bucket_producer', 'dataset_alias_example_alias_consumer', 'dataset_alias_example_alias_producer' retrieved from /home/airflow/.local/lib/python3.12/site-packages/airflow/example_dags/example_dataset_alias.py
[2024-12-28T16:57:09.998+0000] {logging_mixin.py:190} INFO - [2024-12-28T16:57:09.997+0000] {dag.py:3239} INFO - Sync 4 DAGs
[2024-12-28T16:57:10.019+0000] {logging_mixin.py:190} INFO - [2024-12-28T16:57:10.019+0000] {dag.py:4180} INFO - Setting next_dagrun for dataset_alias_example_alias_consumer to None, run_after=None
[2024-12-28T16:57:10.022+0000] {logging_mixin.py:190} INFO - [2024-12-28T16:57:10.022+0000] {dag.py:4180} INFO - Setting next_dagrun for dataset_alias_example_alias_producer to None, run_after=None
[2024-12-28T16:57:10.024+0000] {logging_mixin.py:190} INFO - [2024-12-28T16:57:10.023+0000] {dag.py:4180} INFO - Setting next_dagrun for dataset_s3_bucket_consumer to None, run_after=None
[2024-12-28T16:57:10.025+0000] {logging_mixin.py:190} INFO - [2024-12-28T16:57:10.025+0000] {dag.py:4180} INFO - Setting next_dagrun for dataset_s3_bucket_producer to None, run_after=None
[2024-12-28T16:57:10.051+0000] {processor.py:208} INFO - Processing /home/airflow/.local/lib/python3.12/site-packages/airflow/example_dags/example_dataset_alias.py took 0.632 seconds
[2024-12-28T16:57:40.169+0000] {processor.py:186} INFO - Started process (PID=760) to work on /home/airflow/.local/lib/python3.12/site-packages/airflow/example_dags/example_dataset_alias.py
[2024-12-28T16:57:40.170+0000] {processor.py:914} INFO - Processing file /home/airflow/.local/lib/python3.12/site-packages/airflow/example_dags/example_dataset_alias.py for tasks to queue
[2024-12-28T16:57:40.172+0000] {logging_mixin.py:190} INFO - [2024-12-28T16:57:40.172+0000] {dagbag.py:588} INFO - Filling up the DagBag from /home/airflow/.local/lib/python3.12/site-packages/airflow/example_dags/example_dataset_alias.py
[2024-12-28T16:57:40.708+0000] {processor.py:925} INFO - DAG(s) 'dataset_alias_example_alias_producer', 'dataset_alias_example_alias_consumer', 'dataset_s3_bucket_consumer', 'dataset_s3_bucket_producer' retrieved from /home/airflow/.local/lib/python3.12/site-packages/airflow/example_dags/example_dataset_alias.py
[2024-12-28T16:57:40.729+0000] {logging_mixin.py:190} INFO - [2024-12-28T16:57:40.728+0000] {dag.py:3239} INFO - Sync 4 DAGs
[2024-12-28T16:57:40.748+0000] {logging_mixin.py:190} INFO - [2024-12-28T16:57:40.748+0000] {dag.py:4180} INFO - Setting next_dagrun for dataset_alias_example_alias_consumer to None, run_after=None
[2024-12-28T16:57:40.751+0000] {logging_mixin.py:190} INFO - [2024-12-28T16:57:40.751+0000] {dag.py:4180} INFO - Setting next_dagrun for dataset_alias_example_alias_producer to None, run_after=None
[2024-12-28T16:57:40.752+0000] {logging_mixin.py:190} INFO - [2024-12-28T16:57:40.752+0000] {dag.py:4180} INFO - Setting next_dagrun for dataset_s3_bucket_consumer to None, run_after=None
[2024-12-28T16:57:40.754+0000] {logging_mixin.py:190} INFO - [2024-12-28T16:57:40.753+0000] {dag.py:4180} INFO - Setting next_dagrun for dataset_s3_bucket_producer to None, run_after=None
[2024-12-28T16:57:40.775+0000] {processor.py:208} INFO - Processing /home/airflow/.local/lib/python3.12/site-packages/airflow/example_dags/example_dataset_alias.py took 0.612 seconds
[2024-12-28T16:58:11.271+0000] {processor.py:186} INFO - Started process (PID=825) to work on /home/airflow/.local/lib/python3.12/site-packages/airflow/example_dags/example_dataset_alias.py
[2024-12-28T16:58:11.272+0000] {processor.py:914} INFO - Processing file /home/airflow/.local/lib/python3.12/site-packages/airflow/example_dags/example_dataset_alias.py for tasks to queue
[2024-12-28T16:58:11.274+0000] {logging_mixin.py:190} INFO - [2024-12-28T16:58:11.273+0000] {dagbag.py:588} INFO - Filling up the DagBag from /home/airflow/.local/lib/python3.12/site-packages/airflow/example_dags/example_dataset_alias.py
[2024-12-28T16:58:11.824+0000] {processor.py:925} INFO - DAG(s) 'dataset_alias_example_alias_producer', 'dataset_alias_example_alias_consumer', 'dataset_s3_bucket_producer', 'dataset_s3_bucket_consumer' retrieved from /home/airflow/.local/lib/python3.12/site-packages/airflow/example_dags/example_dataset_alias.py
[2024-12-28T16:58:11.846+0000] {logging_mixin.py:190} INFO - [2024-12-28T16:58:11.846+0000] {dag.py:3239} INFO - Sync 4 DAGs
[2024-12-28T16:58:11.868+0000] {logging_mixin.py:190} INFO - [2024-12-28T16:58:11.867+0000] {dag.py:4180} INFO - Setting next_dagrun for dataset_alias_example_alias_consumer to None, run_after=None
[2024-12-28T16:58:11.871+0000] {logging_mixin.py:190} INFO - [2024-12-28T16:58:11.870+0000] {dag.py:4180} INFO - Setting next_dagrun for dataset_alias_example_alias_producer to None, run_after=None
[2024-12-28T16:58:11.872+0000] {logging_mixin.py:190} INFO - [2024-12-28T16:58:11.872+0000] {dag.py:4180} INFO - Setting next_dagrun for dataset_s3_bucket_consumer to None, run_after=None
[2024-12-28T16:58:11.873+0000] {logging_mixin.py:190} INFO - [2024-12-28T16:58:11.873+0000] {dag.py:4180} INFO - Setting next_dagrun for dataset_s3_bucket_producer to None, run_after=None
[2024-12-28T16:58:11.894+0000] {processor.py:208} INFO - Processing /home/airflow/.local/lib/python3.12/site-packages/airflow/example_dags/example_dataset_alias.py took 0.629 seconds
[2024-12-28T16:58:42.503+0000] {processor.py:186} INFO - Started process (PID=889) to work on /home/airflow/.local/lib/python3.12/site-packages/airflow/example_dags/example_dataset_alias.py
[2024-12-28T16:58:42.505+0000] {processor.py:914} INFO - Processing file /home/airflow/.local/lib/python3.12/site-packages/airflow/example_dags/example_dataset_alias.py for tasks to queue
[2024-12-28T16:58:42.508+0000] {logging_mixin.py:190} INFO - [2024-12-28T16:58:42.507+0000] {dagbag.py:588} INFO - Filling up the DagBag from /home/airflow/.local/lib/python3.12/site-packages/airflow/example_dags/example_dataset_alias.py
[2024-12-28T16:58:43.063+0000] {processor.py:925} INFO - DAG(s) 'dataset_s3_bucket_consumer', 'dataset_s3_bucket_producer', 'dataset_alias_example_alias_consumer', 'dataset_alias_example_alias_producer' retrieved from /home/airflow/.local/lib/python3.12/site-packages/airflow/example_dags/example_dataset_alias.py
[2024-12-28T16:58:43.088+0000] {logging_mixin.py:190} INFO - [2024-12-28T16:58:43.088+0000] {dag.py:3239} INFO - Sync 4 DAGs
[2024-12-28T16:58:43.109+0000] {logging_mixin.py:190} INFO - [2024-12-28T16:58:43.109+0000] {dag.py:4180} INFO - Setting next_dagrun for dataset_alias_example_alias_consumer to None, run_after=None
[2024-12-28T16:58:43.112+0000] {logging_mixin.py:190} INFO - [2024-12-28T16:58:43.112+0000] {dag.py:4180} INFO - Setting next_dagrun for dataset_alias_example_alias_producer to None, run_after=None
[2024-12-28T16:58:43.114+0000] {logging_mixin.py:190} INFO - [2024-12-28T16:58:43.114+0000] {dag.py:4180} INFO - Setting next_dagrun for dataset_s3_bucket_consumer to None, run_after=None
[2024-12-28T16:58:43.115+0000] {logging_mixin.py:190} INFO - [2024-12-28T16:58:43.115+0000] {dag.py:4180} INFO - Setting next_dagrun for dataset_s3_bucket_producer to None, run_after=None
[2024-12-28T16:58:43.137+0000] {processor.py:208} INFO - Processing /home/airflow/.local/lib/python3.12/site-packages/airflow/example_dags/example_dataset_alias.py took 0.640 seconds
[2024-12-28T16:59:13.187+0000] {processor.py:186} INFO - Started process (PID=953) to work on /home/airflow/.local/lib/python3.12/site-packages/airflow/example_dags/example_dataset_alias.py
[2024-12-28T16:59:13.188+0000] {processor.py:914} INFO - Processing file /home/airflow/.local/lib/python3.12/site-packages/airflow/example_dags/example_dataset_alias.py for tasks to queue
[2024-12-28T16:59:13.189+0000] {logging_mixin.py:190} INFO - [2024-12-28T16:59:13.189+0000] {dagbag.py:588} INFO - Filling up the DagBag from /home/airflow/.local/lib/python3.12/site-packages/airflow/example_dags/example_dataset_alias.py
[2024-12-28T16:59:13.697+0000] {processor.py:925} INFO - DAG(s) 'dataset_alias_example_alias_consumer', 'dataset_s3_bucket_consumer', 'dataset_alias_example_alias_producer', 'dataset_s3_bucket_producer' retrieved from /home/airflow/.local/lib/python3.12/site-packages/airflow/example_dags/example_dataset_alias.py
[2024-12-28T16:59:13.719+0000] {logging_mixin.py:190} INFO - [2024-12-28T16:59:13.718+0000] {dag.py:3239} INFO - Sync 4 DAGs
[2024-12-28T16:59:13.739+0000] {logging_mixin.py:190} INFO - [2024-12-28T16:59:13.739+0000] {dag.py:4180} INFO - Setting next_dagrun for dataset_alias_example_alias_consumer to None, run_after=None
[2024-12-28T16:59:13.742+0000] {logging_mixin.py:190} INFO - [2024-12-28T16:59:13.741+0000] {dag.py:4180} INFO - Setting next_dagrun for dataset_alias_example_alias_producer to None, run_after=None
[2024-12-28T16:59:13.743+0000] {logging_mixin.py:190} INFO - [2024-12-28T16:59:13.743+0000] {dag.py:4180} INFO - Setting next_dagrun for dataset_s3_bucket_consumer to None, run_after=None
[2024-12-28T16:59:13.744+0000] {logging_mixin.py:190} INFO - [2024-12-28T16:59:13.744+0000] {dag.py:4180} INFO - Setting next_dagrun for dataset_s3_bucket_producer to None, run_after=None
[2024-12-28T16:59:13.766+0000] {processor.py:208} INFO - Processing /home/airflow/.local/lib/python3.12/site-packages/airflow/example_dags/example_dataset_alias.py took 0.585 seconds
[2024-12-28T16:59:44.615+0000] {processor.py:186} INFO - Started process (PID=1017) to work on /home/airflow/.local/lib/python3.12/site-packages/airflow/example_dags/example_dataset_alias.py
[2024-12-28T16:59:44.616+0000] {processor.py:914} INFO - Processing file /home/airflow/.local/lib/python3.12/site-packages/airflow/example_dags/example_dataset_alias.py for tasks to queue
[2024-12-28T16:59:44.618+0000] {logging_mixin.py:190} INFO - [2024-12-28T16:59:44.618+0000] {dagbag.py:588} INFO - Filling up the DagBag from /home/airflow/.local/lib/python3.12/site-packages/airflow/example_dags/example_dataset_alias.py
[2024-12-28T16:59:45.253+0000] {processor.py:925} INFO - DAG(s) 'dataset_alias_example_alias_producer', 'dataset_s3_bucket_consumer', 'dataset_alias_example_alias_consumer', 'dataset_s3_bucket_producer' retrieved from /home/airflow/.local/lib/python3.12/site-packages/airflow/example_dags/example_dataset_alias.py
[2024-12-28T16:59:45.276+0000] {logging_mixin.py:190} INFO - [2024-12-28T16:59:45.275+0000] {dag.py:3239} INFO - Sync 4 DAGs
[2024-12-28T16:59:45.304+0000] {logging_mixin.py:190} INFO - [2024-12-28T16:59:45.304+0000] {dag.py:4180} INFO - Setting next_dagrun for dataset_alias_example_alias_consumer to None, run_after=None
[2024-12-28T16:59:45.308+0000] {logging_mixin.py:190} INFO - [2024-12-28T16:59:45.307+0000] {dag.py:4180} INFO - Setting next_dagrun for dataset_alias_example_alias_producer to None, run_after=None
[2024-12-28T16:59:45.310+0000] {logging_mixin.py:190} INFO - [2024-12-28T16:59:45.310+0000] {dag.py:4180} INFO - Setting next_dagrun for dataset_s3_bucket_consumer to None, run_after=None
[2024-12-28T16:59:45.312+0000] {logging_mixin.py:190} INFO - [2024-12-28T16:59:45.312+0000] {dag.py:4180} INFO - Setting next_dagrun for dataset_s3_bucket_producer to None, run_after=None
[2024-12-28T16:59:45.340+0000] {processor.py:208} INFO - Processing /home/airflow/.local/lib/python3.12/site-packages/airflow/example_dags/example_dataset_alias.py took 0.730 seconds
[2024-12-28T17:00:16.317+0000] {processor.py:186} INFO - Started process (PID=1081) to work on /home/airflow/.local/lib/python3.12/site-packages/airflow/example_dags/example_dataset_alias.py
[2024-12-28T17:00:16.319+0000] {processor.py:914} INFO - Processing file /home/airflow/.local/lib/python3.12/site-packages/airflow/example_dags/example_dataset_alias.py for tasks to queue
[2024-12-28T17:00:16.321+0000] {logging_mixin.py:190} INFO - [2024-12-28T17:00:16.321+0000] {dagbag.py:588} INFO - Filling up the DagBag from /home/airflow/.local/lib/python3.12/site-packages/airflow/example_dags/example_dataset_alias.py
[2024-12-28T17:00:16.838+0000] {processor.py:925} INFO - DAG(s) 'dataset_alias_example_alias_consumer', 'dataset_s3_bucket_producer', 'dataset_s3_bucket_consumer', 'dataset_alias_example_alias_producer' retrieved from /home/airflow/.local/lib/python3.12/site-packages/airflow/example_dags/example_dataset_alias.py
[2024-12-28T17:00:16.857+0000] {logging_mixin.py:190} INFO - [2024-12-28T17:00:16.857+0000] {dag.py:3239} INFO - Sync 4 DAGs
[2024-12-28T17:00:16.878+0000] {logging_mixin.py:190} INFO - [2024-12-28T17:00:16.878+0000] {dag.py:4180} INFO - Setting next_dagrun for dataset_alias_example_alias_consumer to None, run_after=None
[2024-12-28T17:00:16.880+0000] {logging_mixin.py:190} INFO - [2024-12-28T17:00:16.880+0000] {dag.py:4180} INFO - Setting next_dagrun for dataset_alias_example_alias_producer to None, run_after=None
[2024-12-28T17:00:16.882+0000] {logging_mixin.py:190} INFO - [2024-12-28T17:00:16.881+0000] {dag.py:4180} INFO - Setting next_dagrun for dataset_s3_bucket_consumer to None, run_after=None
[2024-12-28T17:00:16.883+0000] {logging_mixin.py:190} INFO - [2024-12-28T17:00:16.883+0000] {dag.py:4180} INFO - Setting next_dagrun for dataset_s3_bucket_producer to None, run_after=None
[2024-12-28T17:00:16.902+0000] {processor.py:208} INFO - Processing /home/airflow/.local/lib/python3.12/site-packages/airflow/example_dags/example_dataset_alias.py took 0.590 seconds
[2024-12-28T17:00:47.751+0000] {processor.py:186} INFO - Started process (PID=1145) to work on /home/airflow/.local/lib/python3.12/site-packages/airflow/example_dags/example_dataset_alias.py
[2024-12-28T17:00:47.753+0000] {processor.py:914} INFO - Processing file /home/airflow/.local/lib/python3.12/site-packages/airflow/example_dags/example_dataset_alias.py for tasks to queue
[2024-12-28T17:00:47.755+0000] {logging_mixin.py:190} INFO - [2024-12-28T17:00:47.755+0000] {dagbag.py:588} INFO - Filling up the DagBag from /home/airflow/.local/lib/python3.12/site-packages/airflow/example_dags/example_dataset_alias.py
[2024-12-28T17:00:48.272+0000] {processor.py:925} INFO - DAG(s) 'dataset_alias_example_alias_consumer', 'dataset_s3_bucket_producer', 'dataset_alias_example_alias_producer', 'dataset_s3_bucket_consumer' retrieved from /home/airflow/.local/lib/python3.12/site-packages/airflow/example_dags/example_dataset_alias.py
[2024-12-28T17:00:48.292+0000] {logging_mixin.py:190} INFO - [2024-12-28T17:00:48.292+0000] {dag.py:3239} INFO - Sync 4 DAGs
[2024-12-28T17:00:48.314+0000] {logging_mixin.py:190} INFO - [2024-12-28T17:00:48.314+0000] {dag.py:4180} INFO - Setting next_dagrun for dataset_alias_example_alias_consumer to None, run_after=None
[2024-12-28T17:00:48.316+0000] {logging_mixin.py:190} INFO - [2024-12-28T17:00:48.316+0000] {dag.py:4180} INFO - Setting next_dagrun for dataset_alias_example_alias_producer to None, run_after=None
[2024-12-28T17:00:48.318+0000] {logging_mixin.py:190} INFO - [2024-12-28T17:00:48.318+0000] {dag.py:4180} INFO - Setting next_dagrun for dataset_s3_bucket_consumer to None, run_after=None
[2024-12-28T17:00:48.319+0000] {logging_mixin.py:190} INFO - [2024-12-28T17:00:48.319+0000] {dag.py:4180} INFO - Setting next_dagrun for dataset_s3_bucket_producer to None, run_after=None
[2024-12-28T17:00:48.338+0000] {processor.py:208} INFO - Processing /home/airflow/.local/lib/python3.12/site-packages/airflow/example_dags/example_dataset_alias.py took 0.592 seconds
[2024-12-28T17:01:18.543+0000] {processor.py:186} INFO - Started process (PID=1209) to work on /home/airflow/.local/lib/python3.12/site-packages/airflow/example_dags/example_dataset_alias.py
[2024-12-28T17:01:18.544+0000] {processor.py:914} INFO - Processing file /home/airflow/.local/lib/python3.12/site-packages/airflow/example_dags/example_dataset_alias.py for tasks to queue
[2024-12-28T17:01:18.547+0000] {logging_mixin.py:190} INFO - [2024-12-28T17:01:18.546+0000] {dagbag.py:588} INFO - Filling up the DagBag from /home/airflow/.local/lib/python3.12/site-packages/airflow/example_dags/example_dataset_alias.py
[2024-12-28T17:01:19.089+0000] {processor.py:925} INFO - DAG(s) 'dataset_s3_bucket_producer', 'dataset_alias_example_alias_producer', 'dataset_alias_example_alias_consumer', 'dataset_s3_bucket_consumer' retrieved from /home/airflow/.local/lib/python3.12/site-packages/airflow/example_dags/example_dataset_alias.py
[2024-12-28T17:01:19.109+0000] {logging_mixin.py:190} INFO - [2024-12-28T17:01:19.108+0000] {dag.py:3239} INFO - Sync 4 DAGs
[2024-12-28T17:01:19.128+0000] {logging_mixin.py:190} INFO - [2024-12-28T17:01:19.128+0000] {dag.py:4180} INFO - Setting next_dagrun for dataset_alias_example_alias_consumer to None, run_after=None
[2024-12-28T17:01:19.131+0000] {logging_mixin.py:190} INFO - [2024-12-28T17:01:19.131+0000] {dag.py:4180} INFO - Setting next_dagrun for dataset_alias_example_alias_producer to None, run_after=None
[2024-12-28T17:01:19.134+0000] {logging_mixin.py:190} INFO - [2024-12-28T17:01:19.133+0000] {dag.py:4180} INFO - Setting next_dagrun for dataset_s3_bucket_consumer to None, run_after=None
[2024-12-28T17:01:19.135+0000] {logging_mixin.py:190} INFO - [2024-12-28T17:01:19.135+0000] {dag.py:4180} INFO - Setting next_dagrun for dataset_s3_bucket_producer to None, run_after=None
[2024-12-28T17:01:19.157+0000] {processor.py:208} INFO - Processing /home/airflow/.local/lib/python3.12/site-packages/airflow/example_dags/example_dataset_alias.py took 0.619 seconds
[2024-12-28T17:01:49.237+0000] {processor.py:186} INFO - Started process (PID=1273) to work on /home/airflow/.local/lib/python3.12/site-packages/airflow/example_dags/example_dataset_alias.py
[2024-12-28T17:01:49.238+0000] {processor.py:914} INFO - Processing file /home/airflow/.local/lib/python3.12/site-packages/airflow/example_dags/example_dataset_alias.py for tasks to queue
[2024-12-28T17:01:49.240+0000] {logging_mixin.py:190} INFO - [2024-12-28T17:01:49.239+0000] {dagbag.py:588} INFO - Filling up the DagBag from /home/airflow/.local/lib/python3.12/site-packages/airflow/example_dags/example_dataset_alias.py
[2024-12-28T17:01:49.775+0000] {processor.py:925} INFO - DAG(s) 'dataset_s3_bucket_producer', 'dataset_alias_example_alias_consumer', 'dataset_s3_bucket_consumer', 'dataset_alias_example_alias_producer' retrieved from /home/airflow/.local/lib/python3.12/site-packages/airflow/example_dags/example_dataset_alias.py
[2024-12-28T17:01:49.796+0000] {logging_mixin.py:190} INFO - [2024-12-28T17:01:49.796+0000] {dag.py:3239} INFO - Sync 4 DAGs
[2024-12-28T17:01:49.815+0000] {logging_mixin.py:190} INFO - [2024-12-28T17:01:49.815+0000] {dag.py:4180} INFO - Setting next_dagrun for dataset_alias_example_alias_consumer to None, run_after=None
[2024-12-28T17:01:49.818+0000] {logging_mixin.py:190} INFO - [2024-12-28T17:01:49.818+0000] {dag.py:4180} INFO - Setting next_dagrun for dataset_alias_example_alias_producer to None, run_after=None
[2024-12-28T17:01:49.819+0000] {logging_mixin.py:190} INFO - [2024-12-28T17:01:49.819+0000] {dag.py:4180} INFO - Setting next_dagrun for dataset_s3_bucket_consumer to None, run_after=None
[2024-12-28T17:01:49.821+0000] {logging_mixin.py:190} INFO - [2024-12-28T17:01:49.820+0000] {dag.py:4180} INFO - Setting next_dagrun for dataset_s3_bucket_producer to None, run_after=None
[2024-12-28T17:01:49.841+0000] {processor.py:208} INFO - Processing /home/airflow/.local/lib/python3.12/site-packages/airflow/example_dags/example_dataset_alias.py took 0.610 seconds
[2024-12-28T17:02:21.572+0000] {processor.py:186} INFO - Started process (PID=1344) to work on /home/airflow/.local/lib/python3.12/site-packages/airflow/example_dags/example_dataset_alias.py
[2024-12-28T17:02:21.573+0000] {processor.py:914} INFO - Processing file /home/airflow/.local/lib/python3.12/site-packages/airflow/example_dags/example_dataset_alias.py for tasks to queue
[2024-12-28T17:02:21.575+0000] {logging_mixin.py:190} INFO - [2024-12-28T17:02:21.575+0000] {dagbag.py:588} INFO - Filling up the DagBag from /home/airflow/.local/lib/python3.12/site-packages/airflow/example_dags/example_dataset_alias.py
[2024-12-28T17:02:22.081+0000] {processor.py:925} INFO - DAG(s) 'dataset_s3_bucket_producer', 'dataset_alias_example_alias_producer', 'dataset_s3_bucket_consumer', 'dataset_alias_example_alias_consumer' retrieved from /home/airflow/.local/lib/python3.12/site-packages/airflow/example_dags/example_dataset_alias.py
[2024-12-28T17:02:22.101+0000] {logging_mixin.py:190} INFO - [2024-12-28T17:02:22.101+0000] {dag.py:3239} INFO - Sync 4 DAGs
[2024-12-28T17:02:22.121+0000] {logging_mixin.py:190} INFO - [2024-12-28T17:02:22.121+0000] {dag.py:4180} INFO - Setting next_dagrun for dataset_alias_example_alias_consumer to None, run_after=None
[2024-12-28T17:02:22.124+0000] {logging_mixin.py:190} INFO - [2024-12-28T17:02:22.123+0000] {dag.py:4180} INFO - Setting next_dagrun for dataset_alias_example_alias_producer to None, run_after=None
[2024-12-28T17:02:22.125+0000] {logging_mixin.py:190} INFO - [2024-12-28T17:02:22.125+0000] {dag.py:4180} INFO - Setting next_dagrun for dataset_s3_bucket_consumer to None, run_after=None
[2024-12-28T17:02:22.126+0000] {logging_mixin.py:190} INFO - [2024-12-28T17:02:22.126+0000] {dag.py:4180} INFO - Setting next_dagrun for dataset_s3_bucket_producer to None, run_after=None
[2024-12-28T17:02:22.145+0000] {processor.py:208} INFO - Processing /home/airflow/.local/lib/python3.12/site-packages/airflow/example_dags/example_dataset_alias.py took 0.578 seconds
[2024-12-28T17:02:52.606+0000] {processor.py:186} INFO - Started process (PID=1417) to work on /home/airflow/.local/lib/python3.12/site-packages/airflow/example_dags/example_dataset_alias.py
[2024-12-28T17:02:52.607+0000] {processor.py:914} INFO - Processing file /home/airflow/.local/lib/python3.12/site-packages/airflow/example_dags/example_dataset_alias.py for tasks to queue
[2024-12-28T17:02:52.609+0000] {logging_mixin.py:190} INFO - [2024-12-28T17:02:52.609+0000] {dagbag.py:588} INFO - Filling up the DagBag from /home/airflow/.local/lib/python3.12/site-packages/airflow/example_dags/example_dataset_alias.py
[2024-12-28T17:02:53.193+0000] {processor.py:925} INFO - DAG(s) 'dataset_alias_example_alias_producer', 'dataset_s3_bucket_consumer', 'dataset_s3_bucket_producer', 'dataset_alias_example_alias_consumer' retrieved from /home/airflow/.local/lib/python3.12/site-packages/airflow/example_dags/example_dataset_alias.py
[2024-12-28T17:02:53.219+0000] {logging_mixin.py:190} INFO - [2024-12-28T17:02:53.218+0000] {dag.py:3239} INFO - Sync 4 DAGs
[2024-12-28T17:02:53.241+0000] {logging_mixin.py:190} INFO - [2024-12-28T17:02:53.241+0000] {dag.py:4180} INFO - Setting next_dagrun for dataset_alias_example_alias_consumer to None, run_after=None
[2024-12-28T17:02:53.244+0000] {logging_mixin.py:190} INFO - [2024-12-28T17:02:53.244+0000] {dag.py:4180} INFO - Setting next_dagrun for dataset_alias_example_alias_producer to None, run_after=None
[2024-12-28T17:02:53.246+0000] {logging_mixin.py:190} INFO - [2024-12-28T17:02:53.246+0000] {dag.py:4180} INFO - Setting next_dagrun for dataset_s3_bucket_consumer to None, run_after=None
[2024-12-28T17:02:53.247+0000] {logging_mixin.py:190} INFO - [2024-12-28T17:02:53.247+0000] {dag.py:4180} INFO - Setting next_dagrun for dataset_s3_bucket_producer to None, run_after=None
[2024-12-28T17:02:53.272+0000] {processor.py:208} INFO - Processing /home/airflow/.local/lib/python3.12/site-packages/airflow/example_dags/example_dataset_alias.py took 0.673 seconds
[2024-12-28T17:03:24.096+0000] {processor.py:186} INFO - Started process (PID=1490) to work on /home/airflow/.local/lib/python3.12/site-packages/airflow/example_dags/example_dataset_alias.py
[2024-12-28T17:03:24.096+0000] {processor.py:914} INFO - Processing file /home/airflow/.local/lib/python3.12/site-packages/airflow/example_dags/example_dataset_alias.py for tasks to queue
[2024-12-28T17:03:24.099+0000] {logging_mixin.py:190} INFO - [2024-12-28T17:03:24.098+0000] {dagbag.py:588} INFO - Filling up the DagBag from /home/airflow/.local/lib/python3.12/site-packages/airflow/example_dags/example_dataset_alias.py
[2024-12-28T17:03:24.774+0000] {processor.py:925} INFO - DAG(s) 'dataset_s3_bucket_consumer', 'dataset_s3_bucket_producer', 'dataset_alias_example_alias_consumer', 'dataset_alias_example_alias_producer' retrieved from /home/airflow/.local/lib/python3.12/site-packages/airflow/example_dags/example_dataset_alias.py
[2024-12-28T17:03:24.801+0000] {logging_mixin.py:190} INFO - [2024-12-28T17:03:24.800+0000] {dag.py:3239} INFO - Sync 4 DAGs
[2024-12-28T17:03:24.823+0000] {logging_mixin.py:190} INFO - [2024-12-28T17:03:24.823+0000] {dag.py:4180} INFO - Setting next_dagrun for dataset_alias_example_alias_consumer to None, run_after=None
[2024-12-28T17:03:24.826+0000] {logging_mixin.py:190} INFO - [2024-12-28T17:03:24.826+0000] {dag.py:4180} INFO - Setting next_dagrun for dataset_alias_example_alias_producer to None, run_after=None
[2024-12-28T17:03:24.827+0000] {logging_mixin.py:190} INFO - [2024-12-28T17:03:24.827+0000] {dag.py:4180} INFO - Setting next_dagrun for dataset_s3_bucket_consumer to None, run_after=None
[2024-12-28T17:03:24.828+0000] {logging_mixin.py:190} INFO - [2024-12-28T17:03:24.828+0000] {dag.py:4180} INFO - Setting next_dagrun for dataset_s3_bucket_producer to None, run_after=None
[2024-12-28T17:03:24.849+0000] {processor.py:208} INFO - Processing /home/airflow/.local/lib/python3.12/site-packages/airflow/example_dags/example_dataset_alias.py took 0.759 seconds
[2024-12-28T17:03:54.956+0000] {processor.py:186} INFO - Started process (PID=1567) to work on /home/airflow/.local/lib/python3.12/site-packages/airflow/example_dags/example_dataset_alias.py
[2024-12-28T17:03:54.957+0000] {processor.py:914} INFO - Processing file /home/airflow/.local/lib/python3.12/site-packages/airflow/example_dags/example_dataset_alias.py for tasks to queue
[2024-12-28T17:03:54.958+0000] {logging_mixin.py:190} INFO - [2024-12-28T17:03:54.958+0000] {dagbag.py:588} INFO - Filling up the DagBag from /home/airflow/.local/lib/python3.12/site-packages/airflow/example_dags/example_dataset_alias.py
[2024-12-28T17:03:55.464+0000] {processor.py:925} INFO - DAG(s) 'dataset_alias_example_alias_consumer', 'dataset_s3_bucket_consumer', 'dataset_alias_example_alias_producer', 'dataset_s3_bucket_producer' retrieved from /home/airflow/.local/lib/python3.12/site-packages/airflow/example_dags/example_dataset_alias.py
[2024-12-28T17:03:55.483+0000] {logging_mixin.py:190} INFO - [2024-12-28T17:03:55.483+0000] {dag.py:3239} INFO - Sync 4 DAGs
[2024-12-28T17:03:55.505+0000] {logging_mixin.py:190} INFO - [2024-12-28T17:03:55.504+0000] {dag.py:4180} INFO - Setting next_dagrun for dataset_alias_example_alias_consumer to None, run_after=None
[2024-12-28T17:03:55.507+0000] {logging_mixin.py:190} INFO - [2024-12-28T17:03:55.507+0000] {dag.py:4180} INFO - Setting next_dagrun for dataset_alias_example_alias_producer to None, run_after=None
[2024-12-28T17:03:55.509+0000] {logging_mixin.py:190} INFO - [2024-12-28T17:03:55.508+0000] {dag.py:4180} INFO - Setting next_dagrun for dataset_s3_bucket_consumer to None, run_after=None
[2024-12-28T17:03:55.510+0000] {logging_mixin.py:190} INFO - [2024-12-28T17:03:55.510+0000] {dag.py:4180} INFO - Setting next_dagrun for dataset_s3_bucket_producer to None, run_after=None
[2024-12-28T17:03:55.530+0000] {processor.py:208} INFO - Processing /home/airflow/.local/lib/python3.12/site-packages/airflow/example_dags/example_dataset_alias.py took 0.579 seconds
