[2024-12-28T16:38:36.998+0000] {processor.py:186} INFO - Started process (PID=104) to work on /home/airflow/.local/lib/python3.12/site-packages/airflow/example_dags/example_xcom.py
[2024-12-28T16:38:36.999+0000] {processor.py:914} INFO - Processing file /home/airflow/.local/lib/python3.12/site-packages/airflow/example_dags/example_xcom.py for tasks to queue
[2024-12-28T16:38:37.001+0000] {logging_mixin.py:190} INFO - [2024-12-28T16:38:37.001+0000] {dagbag.py:588} INFO - Filling up the DagBag from /home/airflow/.local/lib/python3.12/site-packages/airflow/example_dags/example_xcom.py
[2024-12-28T16:38:37.011+0000] {processor.py:925} INFO - DAG(s) 'example_xcom' retrieved from /home/airflow/.local/lib/python3.12/site-packages/airflow/example_dags/example_xcom.py
[2024-12-28T16:38:37.127+0000] {logging_mixin.py:190} INFO - [2024-12-28T16:38:37.126+0000] {override.py:1911} INFO - Created Permission View: can delete on DAG:example_xcom
[2024-12-28T16:38:37.135+0000] {logging_mixin.py:190} INFO - [2024-12-28T16:38:37.135+0000] {override.py:1911} INFO - Created Permission View: can edit on DAG:example_xcom
[2024-12-28T16:38:37.141+0000] {logging_mixin.py:190} INFO - [2024-12-28T16:38:37.140+0000] {override.py:1911} INFO - Created Permission View: can read on DAG:example_xcom
[2024-12-28T16:38:37.146+0000] {logging_mixin.py:190} INFO - [2024-12-28T16:38:37.146+0000] {override.py:1911} INFO - Created Permission View: can create on DAG Run:example_xcom
[2024-12-28T16:38:37.151+0000] {logging_mixin.py:190} INFO - [2024-12-28T16:38:37.151+0000] {override.py:1911} INFO - Created Permission View: can delete on DAG Run:example_xcom
[2024-12-28T16:38:37.157+0000] {logging_mixin.py:190} INFO - [2024-12-28T16:38:37.156+0000] {override.py:1911} INFO - Created Permission View: menu access on DAG Run:example_xcom
[2024-12-28T16:38:37.162+0000] {logging_mixin.py:190} INFO - [2024-12-28T16:38:37.162+0000] {override.py:1911} INFO - Created Permission View: can read on DAG Run:example_xcom
[2024-12-28T16:38:37.162+0000] {logging_mixin.py:190} INFO - [2024-12-28T16:38:37.162+0000] {dag.py:3239} INFO - Sync 1 DAGs
[2024-12-28T16:38:37.174+0000] {logging_mixin.py:190} INFO - [2024-12-28T16:38:37.174+0000] {dag.py:3262} INFO - Creating ORM DAG for example_xcom
[2024-12-28T16:38:37.183+0000] {logging_mixin.py:190} INFO - [2024-12-28T16:38:37.183+0000] {dag.py:4180} INFO - Setting next_dagrun for example_xcom to 2021-01-01 00:00:00+00:00, run_after=2021-01-01 00:00:00+00:00
[2024-12-28T16:38:37.202+0000] {processor.py:208} INFO - Processing /home/airflow/.local/lib/python3.12/site-packages/airflow/example_dags/example_xcom.py took 0.210 seconds
[2024-12-28T16:39:08.169+0000] {processor.py:186} INFO - Started process (PID=167) to work on /home/airflow/.local/lib/python3.12/site-packages/airflow/example_dags/example_xcom.py
[2024-12-28T16:39:08.172+0000] {processor.py:914} INFO - Processing file /home/airflow/.local/lib/python3.12/site-packages/airflow/example_dags/example_xcom.py for tasks to queue
[2024-12-28T16:39:08.174+0000] {logging_mixin.py:190} INFO - [2024-12-28T16:39:08.174+0000] {dagbag.py:588} INFO - Filling up the DagBag from /home/airflow/.local/lib/python3.12/site-packages/airflow/example_dags/example_xcom.py
[2024-12-28T16:39:08.182+0000] {processor.py:925} INFO - DAG(s) 'example_xcom' retrieved from /home/airflow/.local/lib/python3.12/site-packages/airflow/example_dags/example_xcom.py
[2024-12-28T16:39:08.203+0000] {logging_mixin.py:190} INFO - [2024-12-28T16:39:08.202+0000] {dag.py:3239} INFO - Sync 1 DAGs
[2024-12-28T16:39:08.226+0000] {logging_mixin.py:190} INFO - [2024-12-28T16:39:08.226+0000] {dag.py:4180} INFO - Setting next_dagrun for example_xcom to 2021-01-01 00:00:00+00:00, run_after=2021-01-01 00:00:00+00:00
[2024-12-28T16:39:08.243+0000] {processor.py:208} INFO - Processing /home/airflow/.local/lib/python3.12/site-packages/airflow/example_dags/example_xcom.py took 0.079 seconds
[2024-12-28T16:39:38.520+0000] {processor.py:186} INFO - Started process (PID=230) to work on /home/airflow/.local/lib/python3.12/site-packages/airflow/example_dags/example_xcom.py
[2024-12-28T16:39:38.521+0000] {processor.py:914} INFO - Processing file /home/airflow/.local/lib/python3.12/site-packages/airflow/example_dags/example_xcom.py for tasks to queue
[2024-12-28T16:39:38.523+0000] {logging_mixin.py:190} INFO - [2024-12-28T16:39:38.523+0000] {dagbag.py:588} INFO - Filling up the DagBag from /home/airflow/.local/lib/python3.12/site-packages/airflow/example_dags/example_xcom.py
[2024-12-28T16:39:38.533+0000] {processor.py:925} INFO - DAG(s) 'example_xcom' retrieved from /home/airflow/.local/lib/python3.12/site-packages/airflow/example_dags/example_xcom.py
[2024-12-28T16:39:38.554+0000] {logging_mixin.py:190} INFO - [2024-12-28T16:39:38.553+0000] {dag.py:3239} INFO - Sync 1 DAGs
[2024-12-28T16:39:38.575+0000] {logging_mixin.py:190} INFO - [2024-12-28T16:39:38.575+0000] {dag.py:4180} INFO - Setting next_dagrun for example_xcom to 2021-01-01 00:00:00+00:00, run_after=2021-01-01 00:00:00+00:00
[2024-12-28T16:39:38.591+0000] {processor.py:208} INFO - Processing /home/airflow/.local/lib/python3.12/site-packages/airflow/example_dags/example_xcom.py took 0.076 seconds
[2024-12-28T16:40:09.640+0000] {processor.py:186} INFO - Started process (PID=293) to work on /home/airflow/.local/lib/python3.12/site-packages/airflow/example_dags/example_xcom.py
[2024-12-28T16:40:09.641+0000] {processor.py:914} INFO - Processing file /home/airflow/.local/lib/python3.12/site-packages/airflow/example_dags/example_xcom.py for tasks to queue
[2024-12-28T16:40:09.643+0000] {logging_mixin.py:190} INFO - [2024-12-28T16:40:09.643+0000] {dagbag.py:588} INFO - Filling up the DagBag from /home/airflow/.local/lib/python3.12/site-packages/airflow/example_dags/example_xcom.py
[2024-12-28T16:40:09.651+0000] {processor.py:925} INFO - DAG(s) 'example_xcom' retrieved from /home/airflow/.local/lib/python3.12/site-packages/airflow/example_dags/example_xcom.py
[2024-12-28T16:40:09.673+0000] {logging_mixin.py:190} INFO - [2024-12-28T16:40:09.673+0000] {dag.py:3239} INFO - Sync 1 DAGs
[2024-12-28T16:40:09.694+0000] {logging_mixin.py:190} INFO - [2024-12-28T16:40:09.694+0000] {dag.py:4180} INFO - Setting next_dagrun for example_xcom to 2021-01-01 00:00:00+00:00, run_after=2021-01-01 00:00:00+00:00
[2024-12-28T16:40:09.711+0000] {processor.py:208} INFO - Processing /home/airflow/.local/lib/python3.12/site-packages/airflow/example_dags/example_xcom.py took 0.076 seconds
[2024-12-28T16:42:42.008+0000] {processor.py:186} INFO - Started process (PID=109) to work on /home/airflow/.local/lib/python3.12/site-packages/airflow/example_dags/example_xcom.py
[2024-12-28T16:42:42.009+0000] {processor.py:914} INFO - Processing file /home/airflow/.local/lib/python3.12/site-packages/airflow/example_dags/example_xcom.py for tasks to queue
[2024-12-28T16:42:42.012+0000] {logging_mixin.py:190} INFO - [2024-12-28T16:42:42.012+0000] {dagbag.py:588} INFO - Filling up the DagBag from /home/airflow/.local/lib/python3.12/site-packages/airflow/example_dags/example_xcom.py
[2024-12-28T16:42:42.022+0000] {processor.py:925} INFO - DAG(s) 'example_xcom' retrieved from /home/airflow/.local/lib/python3.12/site-packages/airflow/example_dags/example_xcom.py
[2024-12-28T16:42:42.042+0000] {logging_mixin.py:190} INFO - [2024-12-28T16:42:42.042+0000] {dag.py:3239} INFO - Sync 1 DAGs
[2024-12-28T16:42:42.063+0000] {logging_mixin.py:190} INFO - [2024-12-28T16:42:42.062+0000] {dag.py:4180} INFO - Setting next_dagrun for example_xcom to 2021-01-01 00:00:00+00:00, run_after=2021-01-01 00:00:00+00:00
[2024-12-28T16:42:42.080+0000] {processor.py:208} INFO - Processing /home/airflow/.local/lib/python3.12/site-packages/airflow/example_dags/example_xcom.py took 0.077 seconds
[2024-12-28T16:43:13.601+0000] {processor.py:186} INFO - Started process (PID=172) to work on /home/airflow/.local/lib/python3.12/site-packages/airflow/example_dags/example_xcom.py
[2024-12-28T16:43:13.601+0000] {processor.py:914} INFO - Processing file /home/airflow/.local/lib/python3.12/site-packages/airflow/example_dags/example_xcom.py for tasks to queue
[2024-12-28T16:43:13.604+0000] {logging_mixin.py:190} INFO - [2024-12-28T16:43:13.603+0000] {dagbag.py:588} INFO - Filling up the DagBag from /home/airflow/.local/lib/python3.12/site-packages/airflow/example_dags/example_xcom.py
[2024-12-28T16:43:13.612+0000] {processor.py:925} INFO - DAG(s) 'example_xcom' retrieved from /home/airflow/.local/lib/python3.12/site-packages/airflow/example_dags/example_xcom.py
[2024-12-28T16:43:13.633+0000] {logging_mixin.py:190} INFO - [2024-12-28T16:43:13.633+0000] {dag.py:3239} INFO - Sync 1 DAGs
[2024-12-28T16:43:13.656+0000] {logging_mixin.py:190} INFO - [2024-12-28T16:43:13.655+0000] {dag.py:4180} INFO - Setting next_dagrun for example_xcom to 2021-01-01 00:00:00+00:00, run_after=2021-01-01 00:00:00+00:00
[2024-12-28T16:43:13.674+0000] {processor.py:208} INFO - Processing /home/airflow/.local/lib/python3.12/site-packages/airflow/example_dags/example_xcom.py took 0.078 seconds
[2024-12-28T16:43:45.146+0000] {processor.py:186} INFO - Started process (PID=235) to work on /home/airflow/.local/lib/python3.12/site-packages/airflow/example_dags/example_xcom.py
[2024-12-28T16:43:45.147+0000] {processor.py:914} INFO - Processing file /home/airflow/.local/lib/python3.12/site-packages/airflow/example_dags/example_xcom.py for tasks to queue
[2024-12-28T16:43:45.148+0000] {logging_mixin.py:190} INFO - [2024-12-28T16:43:45.148+0000] {dagbag.py:588} INFO - Filling up the DagBag from /home/airflow/.local/lib/python3.12/site-packages/airflow/example_dags/example_xcom.py
[2024-12-28T16:43:45.156+0000] {processor.py:925} INFO - DAG(s) 'example_xcom' retrieved from /home/airflow/.local/lib/python3.12/site-packages/airflow/example_dags/example_xcom.py
[2024-12-28T16:43:45.178+0000] {logging_mixin.py:190} INFO - [2024-12-28T16:43:45.177+0000] {dag.py:3239} INFO - Sync 1 DAGs
[2024-12-28T16:43:45.198+0000] {logging_mixin.py:190} INFO - [2024-12-28T16:43:45.198+0000] {dag.py:4180} INFO - Setting next_dagrun for example_xcom to 2021-01-01 00:00:00+00:00, run_after=2021-01-01 00:00:00+00:00
[2024-12-28T16:43:45.214+0000] {processor.py:208} INFO - Processing /home/airflow/.local/lib/python3.12/site-packages/airflow/example_dags/example_xcom.py took 0.074 seconds
[2024-12-28T16:44:16.855+0000] {processor.py:186} INFO - Started process (PID=298) to work on /home/airflow/.local/lib/python3.12/site-packages/airflow/example_dags/example_xcom.py
[2024-12-28T16:44:16.856+0000] {processor.py:914} INFO - Processing file /home/airflow/.local/lib/python3.12/site-packages/airflow/example_dags/example_xcom.py for tasks to queue
[2024-12-28T16:44:16.858+0000] {logging_mixin.py:190} INFO - [2024-12-28T16:44:16.858+0000] {dagbag.py:588} INFO - Filling up the DagBag from /home/airflow/.local/lib/python3.12/site-packages/airflow/example_dags/example_xcom.py
[2024-12-28T16:44:16.866+0000] {processor.py:925} INFO - DAG(s) 'example_xcom' retrieved from /home/airflow/.local/lib/python3.12/site-packages/airflow/example_dags/example_xcom.py
[2024-12-28T16:44:16.887+0000] {logging_mixin.py:190} INFO - [2024-12-28T16:44:16.886+0000] {dag.py:3239} INFO - Sync 1 DAGs
[2024-12-28T16:44:16.907+0000] {logging_mixin.py:190} INFO - [2024-12-28T16:44:16.907+0000] {dag.py:4180} INFO - Setting next_dagrun for example_xcom to 2021-01-01 00:00:00+00:00, run_after=2021-01-01 00:00:00+00:00
[2024-12-28T16:44:16.923+0000] {processor.py:208} INFO - Processing /home/airflow/.local/lib/python3.12/site-packages/airflow/example_dags/example_xcom.py took 0.074 seconds
[2024-12-28T16:44:47.902+0000] {processor.py:186} INFO - Started process (PID=361) to work on /home/airflow/.local/lib/python3.12/site-packages/airflow/example_dags/example_xcom.py
[2024-12-28T16:44:47.903+0000] {processor.py:914} INFO - Processing file /home/airflow/.local/lib/python3.12/site-packages/airflow/example_dags/example_xcom.py for tasks to queue
[2024-12-28T16:44:47.905+0000] {logging_mixin.py:190} INFO - [2024-12-28T16:44:47.905+0000] {dagbag.py:588} INFO - Filling up the DagBag from /home/airflow/.local/lib/python3.12/site-packages/airflow/example_dags/example_xcom.py
[2024-12-28T16:44:47.913+0000] {processor.py:925} INFO - DAG(s) 'example_xcom' retrieved from /home/airflow/.local/lib/python3.12/site-packages/airflow/example_dags/example_xcom.py
[2024-12-28T16:44:47.934+0000] {logging_mixin.py:190} INFO - [2024-12-28T16:44:47.934+0000] {dag.py:3239} INFO - Sync 1 DAGs
[2024-12-28T16:44:47.956+0000] {logging_mixin.py:190} INFO - [2024-12-28T16:44:47.955+0000] {dag.py:4180} INFO - Setting next_dagrun for example_xcom to 2021-01-01 00:00:00+00:00, run_after=2021-01-01 00:00:00+00:00
[2024-12-28T16:44:47.972+0000] {processor.py:208} INFO - Processing /home/airflow/.local/lib/python3.12/site-packages/airflow/example_dags/example_xcom.py took 0.076 seconds
[2024-12-28T16:45:19.621+0000] {processor.py:186} INFO - Started process (PID=424) to work on /home/airflow/.local/lib/python3.12/site-packages/airflow/example_dags/example_xcom.py
[2024-12-28T16:45:19.622+0000] {processor.py:914} INFO - Processing file /home/airflow/.local/lib/python3.12/site-packages/airflow/example_dags/example_xcom.py for tasks to queue
[2024-12-28T16:45:19.624+0000] {logging_mixin.py:190} INFO - [2024-12-28T16:45:19.624+0000] {dagbag.py:588} INFO - Filling up the DagBag from /home/airflow/.local/lib/python3.12/site-packages/airflow/example_dags/example_xcom.py
[2024-12-28T16:45:19.632+0000] {processor.py:925} INFO - DAG(s) 'example_xcom' retrieved from /home/airflow/.local/lib/python3.12/site-packages/airflow/example_dags/example_xcom.py
[2024-12-28T16:45:19.654+0000] {logging_mixin.py:190} INFO - [2024-12-28T16:45:19.654+0000] {dag.py:3239} INFO - Sync 1 DAGs
[2024-12-28T16:45:19.675+0000] {logging_mixin.py:190} INFO - [2024-12-28T16:45:19.675+0000] {dag.py:4180} INFO - Setting next_dagrun for example_xcom to 2021-01-01 00:00:00+00:00, run_after=2021-01-01 00:00:00+00:00
[2024-12-28T16:45:19.694+0000] {processor.py:208} INFO - Processing /home/airflow/.local/lib/python3.12/site-packages/airflow/example_dags/example_xcom.py took 0.078 seconds
[2024-12-28T16:45:51.367+0000] {processor.py:186} INFO - Started process (PID=487) to work on /home/airflow/.local/lib/python3.12/site-packages/airflow/example_dags/example_xcom.py
[2024-12-28T16:45:51.368+0000] {processor.py:914} INFO - Processing file /home/airflow/.local/lib/python3.12/site-packages/airflow/example_dags/example_xcom.py for tasks to queue
[2024-12-28T16:45:51.370+0000] {logging_mixin.py:190} INFO - [2024-12-28T16:45:51.369+0000] {dagbag.py:588} INFO - Filling up the DagBag from /home/airflow/.local/lib/python3.12/site-packages/airflow/example_dags/example_xcom.py
[2024-12-28T16:45:51.378+0000] {processor.py:925} INFO - DAG(s) 'example_xcom' retrieved from /home/airflow/.local/lib/python3.12/site-packages/airflow/example_dags/example_xcom.py
[2024-12-28T16:45:51.402+0000] {logging_mixin.py:190} INFO - [2024-12-28T16:45:51.402+0000] {dag.py:3239} INFO - Sync 1 DAGs
[2024-12-28T16:45:51.429+0000] {logging_mixin.py:190} INFO - [2024-12-28T16:45:51.428+0000] {dag.py:4180} INFO - Setting next_dagrun for example_xcom to 2021-01-01 00:00:00+00:00, run_after=2021-01-01 00:00:00+00:00
[2024-12-28T16:45:51.450+0000] {processor.py:208} INFO - Processing /home/airflow/.local/lib/python3.12/site-packages/airflow/example_dags/example_xcom.py took 0.088 seconds
[2024-12-28T16:46:22.813+0000] {processor.py:186} INFO - Started process (PID=550) to work on /home/airflow/.local/lib/python3.12/site-packages/airflow/example_dags/example_xcom.py
[2024-12-28T16:46:22.814+0000] {processor.py:914} INFO - Processing file /home/airflow/.local/lib/python3.12/site-packages/airflow/example_dags/example_xcom.py for tasks to queue
[2024-12-28T16:46:22.816+0000] {logging_mixin.py:190} INFO - [2024-12-28T16:46:22.815+0000] {dagbag.py:588} INFO - Filling up the DagBag from /home/airflow/.local/lib/python3.12/site-packages/airflow/example_dags/example_xcom.py
[2024-12-28T16:46:22.824+0000] {processor.py:925} INFO - DAG(s) 'example_xcom' retrieved from /home/airflow/.local/lib/python3.12/site-packages/airflow/example_dags/example_xcom.py
[2024-12-28T16:46:22.845+0000] {logging_mixin.py:190} INFO - [2024-12-28T16:46:22.844+0000] {dag.py:3239} INFO - Sync 1 DAGs
[2024-12-28T16:46:22.866+0000] {logging_mixin.py:190} INFO - [2024-12-28T16:46:22.865+0000] {dag.py:4180} INFO - Setting next_dagrun for example_xcom to 2021-01-01 00:00:00+00:00, run_after=2021-01-01 00:00:00+00:00
[2024-12-28T16:46:22.884+0000] {processor.py:208} INFO - Processing /home/airflow/.local/lib/python3.12/site-packages/airflow/example_dags/example_xcom.py took 0.076 seconds
[2024-12-28T16:46:54.032+0000] {processor.py:186} INFO - Started process (PID=613) to work on /home/airflow/.local/lib/python3.12/site-packages/airflow/example_dags/example_xcom.py
[2024-12-28T16:46:54.033+0000] {processor.py:914} INFO - Processing file /home/airflow/.local/lib/python3.12/site-packages/airflow/example_dags/example_xcom.py for tasks to queue
[2024-12-28T16:46:54.035+0000] {logging_mixin.py:190} INFO - [2024-12-28T16:46:54.035+0000] {dagbag.py:588} INFO - Filling up the DagBag from /home/airflow/.local/lib/python3.12/site-packages/airflow/example_dags/example_xcom.py
[2024-12-28T16:46:54.045+0000] {processor.py:925} INFO - DAG(s) 'example_xcom' retrieved from /home/airflow/.local/lib/python3.12/site-packages/airflow/example_dags/example_xcom.py
[2024-12-28T16:46:54.065+0000] {logging_mixin.py:190} INFO - [2024-12-28T16:46:54.064+0000] {dag.py:3239} INFO - Sync 1 DAGs
[2024-12-28T16:46:54.085+0000] {logging_mixin.py:190} INFO - [2024-12-28T16:46:54.085+0000] {dag.py:4180} INFO - Setting next_dagrun for example_xcom to 2021-01-01 00:00:00+00:00, run_after=2021-01-01 00:00:00+00:00
[2024-12-28T16:46:54.102+0000] {processor.py:208} INFO - Processing /home/airflow/.local/lib/python3.12/site-packages/airflow/example_dags/example_xcom.py took 0.076 seconds
[2024-12-28T16:47:25.450+0000] {processor.py:186} INFO - Started process (PID=676) to work on /home/airflow/.local/lib/python3.12/site-packages/airflow/example_dags/example_xcom.py
[2024-12-28T16:47:25.451+0000] {processor.py:914} INFO - Processing file /home/airflow/.local/lib/python3.12/site-packages/airflow/example_dags/example_xcom.py for tasks to queue
[2024-12-28T16:47:25.453+0000] {logging_mixin.py:190} INFO - [2024-12-28T16:47:25.452+0000] {dagbag.py:588} INFO - Filling up the DagBag from /home/airflow/.local/lib/python3.12/site-packages/airflow/example_dags/example_xcom.py
[2024-12-28T16:47:25.461+0000] {processor.py:925} INFO - DAG(s) 'example_xcom' retrieved from /home/airflow/.local/lib/python3.12/site-packages/airflow/example_dags/example_xcom.py
[2024-12-28T16:47:25.482+0000] {logging_mixin.py:190} INFO - [2024-12-28T16:47:25.482+0000] {dag.py:3239} INFO - Sync 1 DAGs
[2024-12-28T16:47:25.503+0000] {logging_mixin.py:190} INFO - [2024-12-28T16:47:25.502+0000] {dag.py:4180} INFO - Setting next_dagrun for example_xcom to 2021-01-01 00:00:00+00:00, run_after=2021-01-01 00:00:00+00:00
[2024-12-28T16:47:25.519+0000] {processor.py:208} INFO - Processing /home/airflow/.local/lib/python3.12/site-packages/airflow/example_dags/example_xcom.py took 0.074 seconds
[2024-12-28T16:52:24.200+0000] {processor.py:186} INFO - Started process (PID=105) to work on /home/airflow/.local/lib/python3.12/site-packages/airflow/example_dags/example_xcom.py
[2024-12-28T16:52:24.201+0000] {processor.py:914} INFO - Processing file /home/airflow/.local/lib/python3.12/site-packages/airflow/example_dags/example_xcom.py for tasks to queue
[2024-12-28T16:52:24.203+0000] {logging_mixin.py:190} INFO - [2024-12-28T16:52:24.203+0000] {dagbag.py:588} INFO - Filling up the DagBag from /home/airflow/.local/lib/python3.12/site-packages/airflow/example_dags/example_xcom.py
[2024-12-28T16:52:24.212+0000] {processor.py:925} INFO - DAG(s) 'example_xcom' retrieved from /home/airflow/.local/lib/python3.12/site-packages/airflow/example_dags/example_xcom.py
[2024-12-28T16:52:24.233+0000] {logging_mixin.py:190} INFO - [2024-12-28T16:52:24.233+0000] {dag.py:3239} INFO - Sync 1 DAGs
[2024-12-28T16:52:24.255+0000] {logging_mixin.py:190} INFO - [2024-12-28T16:52:24.255+0000] {dag.py:4180} INFO - Setting next_dagrun for example_xcom to 2021-01-01 00:00:00+00:00, run_after=2021-01-01 00:00:00+00:00
[2024-12-28T16:52:24.272+0000] {processor.py:208} INFO - Processing /home/airflow/.local/lib/python3.12/site-packages/airflow/example_dags/example_xcom.py took 0.077 seconds
[2024-12-28T16:52:55.233+0000] {processor.py:186} INFO - Started process (PID=169) to work on /home/airflow/.local/lib/python3.12/site-packages/airflow/example_dags/example_xcom.py
[2024-12-28T16:52:55.234+0000] {processor.py:914} INFO - Processing file /home/airflow/.local/lib/python3.12/site-packages/airflow/example_dags/example_xcom.py for tasks to queue
[2024-12-28T16:52:55.236+0000] {logging_mixin.py:190} INFO - [2024-12-28T16:52:55.235+0000] {dagbag.py:588} INFO - Filling up the DagBag from /home/airflow/.local/lib/python3.12/site-packages/airflow/example_dags/example_xcom.py
[2024-12-28T16:52:55.244+0000] {processor.py:925} INFO - DAG(s) 'example_xcom' retrieved from /home/airflow/.local/lib/python3.12/site-packages/airflow/example_dags/example_xcom.py
[2024-12-28T16:52:55.263+0000] {logging_mixin.py:190} INFO - [2024-12-28T16:52:55.263+0000] {dag.py:3239} INFO - Sync 1 DAGs
[2024-12-28T16:52:55.286+0000] {logging_mixin.py:190} INFO - [2024-12-28T16:52:55.285+0000] {dag.py:4180} INFO - Setting next_dagrun for example_xcom to 2021-01-01 00:00:00+00:00, run_after=2021-01-01 00:00:00+00:00
[2024-12-28T16:52:55.303+0000] {processor.py:208} INFO - Processing /home/airflow/.local/lib/python3.12/site-packages/airflow/example_dags/example_xcom.py took 0.075 seconds
[2024-12-28T16:53:26.658+0000] {processor.py:186} INFO - Started process (PID=233) to work on /home/airflow/.local/lib/python3.12/site-packages/airflow/example_dags/example_xcom.py
[2024-12-28T16:53:26.659+0000] {processor.py:914} INFO - Processing file /home/airflow/.local/lib/python3.12/site-packages/airflow/example_dags/example_xcom.py for tasks to queue
[2024-12-28T16:53:26.661+0000] {logging_mixin.py:190} INFO - [2024-12-28T16:53:26.661+0000] {dagbag.py:588} INFO - Filling up the DagBag from /home/airflow/.local/lib/python3.12/site-packages/airflow/example_dags/example_xcom.py
[2024-12-28T16:53:26.670+0000] {processor.py:925} INFO - DAG(s) 'example_xcom' retrieved from /home/airflow/.local/lib/python3.12/site-packages/airflow/example_dags/example_xcom.py
[2024-12-28T16:53:26.690+0000] {logging_mixin.py:190} INFO - [2024-12-28T16:53:26.690+0000] {dag.py:3239} INFO - Sync 1 DAGs
[2024-12-28T16:53:26.709+0000] {logging_mixin.py:190} INFO - [2024-12-28T16:53:26.709+0000] {dag.py:4180} INFO - Setting next_dagrun for example_xcom to 2021-01-01 00:00:00+00:00, run_after=2021-01-01 00:00:00+00:00
[2024-12-28T16:53:26.727+0000] {processor.py:208} INFO - Processing /home/airflow/.local/lib/python3.12/site-packages/airflow/example_dags/example_xcom.py took 0.074 seconds
[2024-12-28T16:53:59.274+0000] {processor.py:186} INFO - Started process (PID=301) to work on /home/airflow/.local/lib/python3.12/site-packages/airflow/example_dags/example_xcom.py
[2024-12-28T16:53:59.275+0000] {processor.py:914} INFO - Processing file /home/airflow/.local/lib/python3.12/site-packages/airflow/example_dags/example_xcom.py for tasks to queue
[2024-12-28T16:53:59.277+0000] {logging_mixin.py:190} INFO - [2024-12-28T16:53:59.277+0000] {dagbag.py:588} INFO - Filling up the DagBag from /home/airflow/.local/lib/python3.12/site-packages/airflow/example_dags/example_xcom.py
[2024-12-28T16:53:59.286+0000] {processor.py:925} INFO - DAG(s) 'example_xcom' retrieved from /home/airflow/.local/lib/python3.12/site-packages/airflow/example_dags/example_xcom.py
[2024-12-28T16:53:59.307+0000] {logging_mixin.py:190} INFO - [2024-12-28T16:53:59.307+0000] {dag.py:3239} INFO - Sync 1 DAGs
[2024-12-28T16:53:59.330+0000] {logging_mixin.py:190} INFO - [2024-12-28T16:53:59.330+0000] {dag.py:4180} INFO - Setting next_dagrun for example_xcom to 2021-01-01 00:00:00+00:00, run_after=2021-01-01 00:00:00+00:00
[2024-12-28T16:53:59.348+0000] {processor.py:208} INFO - Processing /home/airflow/.local/lib/python3.12/site-packages/airflow/example_dags/example_xcom.py took 0.081 seconds
[2024-12-28T16:54:30.787+0000] {processor.py:186} INFO - Started process (PID=365) to work on /home/airflow/.local/lib/python3.12/site-packages/airflow/example_dags/example_xcom.py
[2024-12-28T16:54:30.789+0000] {processor.py:914} INFO - Processing file /home/airflow/.local/lib/python3.12/site-packages/airflow/example_dags/example_xcom.py for tasks to queue
[2024-12-28T16:54:30.792+0000] {logging_mixin.py:190} INFO - [2024-12-28T16:54:30.792+0000] {dagbag.py:588} INFO - Filling up the DagBag from /home/airflow/.local/lib/python3.12/site-packages/airflow/example_dags/example_xcom.py
[2024-12-28T16:54:30.803+0000] {processor.py:925} INFO - DAG(s) 'example_xcom' retrieved from /home/airflow/.local/lib/python3.12/site-packages/airflow/example_dags/example_xcom.py
[2024-12-28T16:54:30.832+0000] {logging_mixin.py:190} INFO - [2024-12-28T16:54:30.831+0000] {dag.py:3239} INFO - Sync 1 DAGs
[2024-12-28T16:54:30.868+0000] {logging_mixin.py:190} INFO - [2024-12-28T16:54:30.867+0000] {dag.py:4180} INFO - Setting next_dagrun for example_xcom to 2021-01-01 00:00:00+00:00, run_after=2021-01-01 00:00:00+00:00
[2024-12-28T16:54:30.898+0000] {processor.py:208} INFO - Processing /home/airflow/.local/lib/python3.12/site-packages/airflow/example_dags/example_xcom.py took 0.119 seconds
[2024-12-28T16:55:03.627+0000] {processor.py:186} INFO - Started process (PID=429) to work on /home/airflow/.local/lib/python3.12/site-packages/airflow/example_dags/example_xcom.py
[2024-12-28T16:55:03.628+0000] {processor.py:914} INFO - Processing file /home/airflow/.local/lib/python3.12/site-packages/airflow/example_dags/example_xcom.py for tasks to queue
[2024-12-28T16:55:03.630+0000] {logging_mixin.py:190} INFO - [2024-12-28T16:55:03.630+0000] {dagbag.py:588} INFO - Filling up the DagBag from /home/airflow/.local/lib/python3.12/site-packages/airflow/example_dags/example_xcom.py
[2024-12-28T16:55:03.641+0000] {processor.py:925} INFO - DAG(s) 'example_xcom' retrieved from /home/airflow/.local/lib/python3.12/site-packages/airflow/example_dags/example_xcom.py
[2024-12-28T16:55:03.667+0000] {logging_mixin.py:190} INFO - [2024-12-28T16:55:03.667+0000] {dag.py:3239} INFO - Sync 1 DAGs
[2024-12-28T16:55:03.698+0000] {logging_mixin.py:190} INFO - [2024-12-28T16:55:03.698+0000] {dag.py:4180} INFO - Setting next_dagrun for example_xcom to 2021-01-01 00:00:00+00:00, run_after=2021-01-01 00:00:00+00:00
[2024-12-28T16:55:03.724+0000] {processor.py:208} INFO - Processing /home/airflow/.local/lib/python3.12/site-packages/airflow/example_dags/example_xcom.py took 0.105 seconds
[2024-12-28T16:55:35.914+0000] {processor.py:186} INFO - Started process (PID=493) to work on /home/airflow/.local/lib/python3.12/site-packages/airflow/example_dags/example_xcom.py
[2024-12-28T16:55:35.915+0000] {processor.py:914} INFO - Processing file /home/airflow/.local/lib/python3.12/site-packages/airflow/example_dags/example_xcom.py for tasks to queue
[2024-12-28T16:55:35.918+0000] {logging_mixin.py:190} INFO - [2024-12-28T16:55:35.917+0000] {dagbag.py:588} INFO - Filling up the DagBag from /home/airflow/.local/lib/python3.12/site-packages/airflow/example_dags/example_xcom.py
[2024-12-28T16:55:35.934+0000] {processor.py:925} INFO - DAG(s) 'example_xcom' retrieved from /home/airflow/.local/lib/python3.12/site-packages/airflow/example_dags/example_xcom.py
[2024-12-28T16:55:35.968+0000] {logging_mixin.py:190} INFO - [2024-12-28T16:55:35.968+0000] {dag.py:3239} INFO - Sync 1 DAGs
[2024-12-28T16:55:36.003+0000] {logging_mixin.py:190} INFO - [2024-12-28T16:55:36.002+0000] {dag.py:4180} INFO - Setting next_dagrun for example_xcom to 2021-01-01 00:00:00+00:00, run_after=2021-01-01 00:00:00+00:00
[2024-12-28T16:55:36.032+0000] {processor.py:208} INFO - Processing /home/airflow/.local/lib/python3.12/site-packages/airflow/example_dags/example_xcom.py took 0.129 seconds
[2024-12-28T16:56:06.856+0000] {processor.py:186} INFO - Started process (PID=557) to work on /home/airflow/.local/lib/python3.12/site-packages/airflow/example_dags/example_xcom.py
[2024-12-28T16:56:06.857+0000] {processor.py:914} INFO - Processing file /home/airflow/.local/lib/python3.12/site-packages/airflow/example_dags/example_xcom.py for tasks to queue
[2024-12-28T16:56:06.859+0000] {logging_mixin.py:190} INFO - [2024-12-28T16:56:06.859+0000] {dagbag.py:588} INFO - Filling up the DagBag from /home/airflow/.local/lib/python3.12/site-packages/airflow/example_dags/example_xcom.py
[2024-12-28T16:56:06.869+0000] {processor.py:925} INFO - DAG(s) 'example_xcom' retrieved from /home/airflow/.local/lib/python3.12/site-packages/airflow/example_dags/example_xcom.py
[2024-12-28T16:56:06.895+0000] {logging_mixin.py:190} INFO - [2024-12-28T16:56:06.895+0000] {dag.py:3239} INFO - Sync 1 DAGs
[2024-12-28T16:56:06.919+0000] {logging_mixin.py:190} INFO - [2024-12-28T16:56:06.919+0000] {dag.py:4180} INFO - Setting next_dagrun for example_xcom to 2021-01-01 00:00:00+00:00, run_after=2021-01-01 00:00:00+00:00
[2024-12-28T16:56:06.939+0000] {processor.py:208} INFO - Processing /home/airflow/.local/lib/python3.12/site-packages/airflow/example_dags/example_xcom.py took 0.090 seconds
[2024-12-28T16:56:37.628+0000] {processor.py:186} INFO - Started process (PID=621) to work on /home/airflow/.local/lib/python3.12/site-packages/airflow/example_dags/example_xcom.py
[2024-12-28T16:56:37.630+0000] {processor.py:914} INFO - Processing file /home/airflow/.local/lib/python3.12/site-packages/airflow/example_dags/example_xcom.py for tasks to queue
[2024-12-28T16:56:37.632+0000] {logging_mixin.py:190} INFO - [2024-12-28T16:56:37.632+0000] {dagbag.py:588} INFO - Filling up the DagBag from /home/airflow/.local/lib/python3.12/site-packages/airflow/example_dags/example_xcom.py
[2024-12-28T16:56:37.641+0000] {processor.py:925} INFO - DAG(s) 'example_xcom' retrieved from /home/airflow/.local/lib/python3.12/site-packages/airflow/example_dags/example_xcom.py
[2024-12-28T16:56:37.663+0000] {logging_mixin.py:190} INFO - [2024-12-28T16:56:37.663+0000] {dag.py:3239} INFO - Sync 1 DAGs
[2024-12-28T16:56:37.684+0000] {logging_mixin.py:190} INFO - [2024-12-28T16:56:37.684+0000] {dag.py:4180} INFO - Setting next_dagrun for example_xcom to 2021-01-01 00:00:00+00:00, run_after=2021-01-01 00:00:00+00:00
[2024-12-28T16:56:37.702+0000] {processor.py:208} INFO - Processing /home/airflow/.local/lib/python3.12/site-packages/airflow/example_dags/example_xcom.py took 0.079 seconds
[2024-12-28T16:57:08.587+0000] {processor.py:186} INFO - Started process (PID=685) to work on /home/airflow/.local/lib/python3.12/site-packages/airflow/example_dags/example_xcom.py
[2024-12-28T16:57:08.588+0000] {processor.py:914} INFO - Processing file /home/airflow/.local/lib/python3.12/site-packages/airflow/example_dags/example_xcom.py for tasks to queue
[2024-12-28T16:57:08.590+0000] {logging_mixin.py:190} INFO - [2024-12-28T16:57:08.590+0000] {dagbag.py:588} INFO - Filling up the DagBag from /home/airflow/.local/lib/python3.12/site-packages/airflow/example_dags/example_xcom.py
[2024-12-28T16:57:08.599+0000] {processor.py:925} INFO - DAG(s) 'example_xcom' retrieved from /home/airflow/.local/lib/python3.12/site-packages/airflow/example_dags/example_xcom.py
[2024-12-28T16:57:08.620+0000] {logging_mixin.py:190} INFO - [2024-12-28T16:57:08.620+0000] {dag.py:3239} INFO - Sync 1 DAGs
[2024-12-28T16:57:08.640+0000] {logging_mixin.py:190} INFO - [2024-12-28T16:57:08.640+0000] {dag.py:4180} INFO - Setting next_dagrun for example_xcom to 2021-01-01 00:00:00+00:00, run_after=2021-01-01 00:00:00+00:00
[2024-12-28T16:57:08.657+0000] {processor.py:208} INFO - Processing /home/airflow/.local/lib/python3.12/site-packages/airflow/example_dags/example_xcom.py took 0.075 seconds
[2024-12-28T16:57:39.170+0000] {processor.py:186} INFO - Started process (PID=748) to work on /home/airflow/.local/lib/python3.12/site-packages/airflow/example_dags/example_xcom.py
[2024-12-28T16:57:39.171+0000] {processor.py:914} INFO - Processing file /home/airflow/.local/lib/python3.12/site-packages/airflow/example_dags/example_xcom.py for tasks to queue
[2024-12-28T16:57:39.173+0000] {logging_mixin.py:190} INFO - [2024-12-28T16:57:39.173+0000] {dagbag.py:588} INFO - Filling up the DagBag from /home/airflow/.local/lib/python3.12/site-packages/airflow/example_dags/example_xcom.py
[2024-12-28T16:57:39.181+0000] {processor.py:925} INFO - DAG(s) 'example_xcom' retrieved from /home/airflow/.local/lib/python3.12/site-packages/airflow/example_dags/example_xcom.py
[2024-12-28T16:57:39.200+0000] {logging_mixin.py:190} INFO - [2024-12-28T16:57:39.200+0000] {dag.py:3239} INFO - Sync 1 DAGs
[2024-12-28T16:57:39.220+0000] {logging_mixin.py:190} INFO - [2024-12-28T16:57:39.220+0000] {dag.py:4180} INFO - Setting next_dagrun for example_xcom to 2021-01-01 00:00:00+00:00, run_after=2021-01-01 00:00:00+00:00
[2024-12-28T16:57:39.237+0000] {processor.py:208} INFO - Processing /home/airflow/.local/lib/python3.12/site-packages/airflow/example_dags/example_xcom.py took 0.073 seconds
[2024-12-28T16:58:09.902+0000] {processor.py:186} INFO - Started process (PID=812) to work on /home/airflow/.local/lib/python3.12/site-packages/airflow/example_dags/example_xcom.py
[2024-12-28T16:58:09.904+0000] {processor.py:914} INFO - Processing file /home/airflow/.local/lib/python3.12/site-packages/airflow/example_dags/example_xcom.py for tasks to queue
[2024-12-28T16:58:09.906+0000] {logging_mixin.py:190} INFO - [2024-12-28T16:58:09.905+0000] {dagbag.py:588} INFO - Filling up the DagBag from /home/airflow/.local/lib/python3.12/site-packages/airflow/example_dags/example_xcom.py
[2024-12-28T16:58:09.914+0000] {processor.py:925} INFO - DAG(s) 'example_xcom' retrieved from /home/airflow/.local/lib/python3.12/site-packages/airflow/example_dags/example_xcom.py
[2024-12-28T16:58:09.934+0000] {logging_mixin.py:190} INFO - [2024-12-28T16:58:09.934+0000] {dag.py:3239} INFO - Sync 1 DAGs
[2024-12-28T16:58:09.955+0000] {logging_mixin.py:190} INFO - [2024-12-28T16:58:09.955+0000] {dag.py:4180} INFO - Setting next_dagrun for example_xcom to 2021-01-01 00:00:00+00:00, run_after=2021-01-01 00:00:00+00:00
[2024-12-28T16:58:09.972+0000] {processor.py:208} INFO - Processing /home/airflow/.local/lib/python3.12/site-packages/airflow/example_dags/example_xcom.py took 0.075 seconds
[2024-12-28T16:58:41.110+0000] {processor.py:186} INFO - Started process (PID=876) to work on /home/airflow/.local/lib/python3.12/site-packages/airflow/example_dags/example_xcom.py
[2024-12-28T16:58:41.111+0000] {processor.py:914} INFO - Processing file /home/airflow/.local/lib/python3.12/site-packages/airflow/example_dags/example_xcom.py for tasks to queue
[2024-12-28T16:58:41.113+0000] {logging_mixin.py:190} INFO - [2024-12-28T16:58:41.113+0000] {dagbag.py:588} INFO - Filling up the DagBag from /home/airflow/.local/lib/python3.12/site-packages/airflow/example_dags/example_xcom.py
[2024-12-28T16:58:41.121+0000] {processor.py:925} INFO - DAG(s) 'example_xcom' retrieved from /home/airflow/.local/lib/python3.12/site-packages/airflow/example_dags/example_xcom.py
[2024-12-28T16:58:41.140+0000] {logging_mixin.py:190} INFO - [2024-12-28T16:58:41.140+0000] {dag.py:3239} INFO - Sync 1 DAGs
[2024-12-28T16:58:41.161+0000] {logging_mixin.py:190} INFO - [2024-12-28T16:58:41.161+0000] {dag.py:4180} INFO - Setting next_dagrun for example_xcom to 2021-01-01 00:00:00+00:00, run_after=2021-01-01 00:00:00+00:00
[2024-12-28T16:58:41.177+0000] {processor.py:208} INFO - Processing /home/airflow/.local/lib/python3.12/site-packages/airflow/example_dags/example_xcom.py took 0.072 seconds
[2024-12-28T16:59:12.262+0000] {processor.py:186} INFO - Started process (PID=940) to work on /home/airflow/.local/lib/python3.12/site-packages/airflow/example_dags/example_xcom.py
[2024-12-28T16:59:12.263+0000] {processor.py:914} INFO - Processing file /home/airflow/.local/lib/python3.12/site-packages/airflow/example_dags/example_xcom.py for tasks to queue
[2024-12-28T16:59:12.265+0000] {logging_mixin.py:190} INFO - [2024-12-28T16:59:12.264+0000] {dagbag.py:588} INFO - Filling up the DagBag from /home/airflow/.local/lib/python3.12/site-packages/airflow/example_dags/example_xcom.py
[2024-12-28T16:59:12.272+0000] {processor.py:925} INFO - DAG(s) 'example_xcom' retrieved from /home/airflow/.local/lib/python3.12/site-packages/airflow/example_dags/example_xcom.py
[2024-12-28T16:59:12.291+0000] {logging_mixin.py:190} INFO - [2024-12-28T16:59:12.291+0000] {dag.py:3239} INFO - Sync 1 DAGs
[2024-12-28T16:59:12.312+0000] {logging_mixin.py:190} INFO - [2024-12-28T16:59:12.312+0000] {dag.py:4180} INFO - Setting next_dagrun for example_xcom to 2021-01-01 00:00:00+00:00, run_after=2021-01-01 00:00:00+00:00
[2024-12-28T16:59:12.330+0000] {processor.py:208} INFO - Processing /home/airflow/.local/lib/python3.12/site-packages/airflow/example_dags/example_xcom.py took 0.073 seconds
[2024-12-28T16:59:43.688+0000] {processor.py:186} INFO - Started process (PID=1005) to work on /home/airflow/.local/lib/python3.12/site-packages/airflow/example_dags/example_xcom.py
[2024-12-28T16:59:43.689+0000] {processor.py:914} INFO - Processing file /home/airflow/.local/lib/python3.12/site-packages/airflow/example_dags/example_xcom.py for tasks to queue
[2024-12-28T16:59:43.691+0000] {logging_mixin.py:190} INFO - [2024-12-28T16:59:43.690+0000] {dagbag.py:588} INFO - Filling up the DagBag from /home/airflow/.local/lib/python3.12/site-packages/airflow/example_dags/example_xcom.py
[2024-12-28T16:59:43.699+0000] {processor.py:925} INFO - DAG(s) 'example_xcom' retrieved from /home/airflow/.local/lib/python3.12/site-packages/airflow/example_dags/example_xcom.py
[2024-12-28T16:59:43.718+0000] {logging_mixin.py:190} INFO - [2024-12-28T16:59:43.718+0000] {dag.py:3239} INFO - Sync 1 DAGs
[2024-12-28T16:59:43.739+0000] {logging_mixin.py:190} INFO - [2024-12-28T16:59:43.739+0000] {dag.py:4180} INFO - Setting next_dagrun for example_xcom to 2021-01-01 00:00:00+00:00, run_after=2021-01-01 00:00:00+00:00
[2024-12-28T16:59:43.755+0000] {processor.py:208} INFO - Processing /home/airflow/.local/lib/python3.12/site-packages/airflow/example_dags/example_xcom.py took 0.072 seconds
[2024-12-28T17:00:14.402+0000] {processor.py:186} INFO - Started process (PID=1068) to work on /home/airflow/.local/lib/python3.12/site-packages/airflow/example_dags/example_xcom.py
[2024-12-28T17:00:14.403+0000] {processor.py:914} INFO - Processing file /home/airflow/.local/lib/python3.12/site-packages/airflow/example_dags/example_xcom.py for tasks to queue
[2024-12-28T17:00:14.405+0000] {logging_mixin.py:190} INFO - [2024-12-28T17:00:14.404+0000] {dagbag.py:588} INFO - Filling up the DagBag from /home/airflow/.local/lib/python3.12/site-packages/airflow/example_dags/example_xcom.py
[2024-12-28T17:00:14.413+0000] {processor.py:925} INFO - DAG(s) 'example_xcom' retrieved from /home/airflow/.local/lib/python3.12/site-packages/airflow/example_dags/example_xcom.py
[2024-12-28T17:00:14.432+0000] {logging_mixin.py:190} INFO - [2024-12-28T17:00:14.431+0000] {dag.py:3239} INFO - Sync 1 DAGs
[2024-12-28T17:00:14.452+0000] {logging_mixin.py:190} INFO - [2024-12-28T17:00:14.452+0000] {dag.py:4180} INFO - Setting next_dagrun for example_xcom to 2021-01-01 00:00:00+00:00, run_after=2021-01-01 00:00:00+00:00
[2024-12-28T17:00:14.468+0000] {processor.py:208} INFO - Processing /home/airflow/.local/lib/python3.12/site-packages/airflow/example_dags/example_xcom.py took 0.071 seconds
[2024-12-28T17:00:45.847+0000] {processor.py:186} INFO - Started process (PID=1132) to work on /home/airflow/.local/lib/python3.12/site-packages/airflow/example_dags/example_xcom.py
[2024-12-28T17:00:45.848+0000] {processor.py:914} INFO - Processing file /home/airflow/.local/lib/python3.12/site-packages/airflow/example_dags/example_xcom.py for tasks to queue
[2024-12-28T17:00:45.850+0000] {logging_mixin.py:190} INFO - [2024-12-28T17:00:45.850+0000] {dagbag.py:588} INFO - Filling up the DagBag from /home/airflow/.local/lib/python3.12/site-packages/airflow/example_dags/example_xcom.py
[2024-12-28T17:00:45.858+0000] {processor.py:925} INFO - DAG(s) 'example_xcom' retrieved from /home/airflow/.local/lib/python3.12/site-packages/airflow/example_dags/example_xcom.py
[2024-12-28T17:00:45.877+0000] {logging_mixin.py:190} INFO - [2024-12-28T17:00:45.877+0000] {dag.py:3239} INFO - Sync 1 DAGs
[2024-12-28T17:00:45.898+0000] {logging_mixin.py:190} INFO - [2024-12-28T17:00:45.898+0000] {dag.py:4180} INFO - Setting next_dagrun for example_xcom to 2021-01-01 00:00:00+00:00, run_after=2021-01-01 00:00:00+00:00
[2024-12-28T17:00:45.916+0000] {processor.py:208} INFO - Processing /home/airflow/.local/lib/python3.12/site-packages/airflow/example_dags/example_xcom.py took 0.074 seconds
[2024-12-28T17:01:17.533+0000] {processor.py:186} INFO - Started process (PID=1196) to work on /home/airflow/.local/lib/python3.12/site-packages/airflow/example_dags/example_xcom.py
[2024-12-28T17:01:17.534+0000] {processor.py:914} INFO - Processing file /home/airflow/.local/lib/python3.12/site-packages/airflow/example_dags/example_xcom.py for tasks to queue
[2024-12-28T17:01:17.536+0000] {logging_mixin.py:190} INFO - [2024-12-28T17:01:17.536+0000] {dagbag.py:588} INFO - Filling up the DagBag from /home/airflow/.local/lib/python3.12/site-packages/airflow/example_dags/example_xcom.py
[2024-12-28T17:01:17.545+0000] {processor.py:925} INFO - DAG(s) 'example_xcom' retrieved from /home/airflow/.local/lib/python3.12/site-packages/airflow/example_dags/example_xcom.py
[2024-12-28T17:01:17.566+0000] {logging_mixin.py:190} INFO - [2024-12-28T17:01:17.566+0000] {dag.py:3239} INFO - Sync 1 DAGs
[2024-12-28T17:01:17.587+0000] {logging_mixin.py:190} INFO - [2024-12-28T17:01:17.587+0000] {dag.py:4180} INFO - Setting next_dagrun for example_xcom to 2021-01-01 00:00:00+00:00, run_after=2021-01-01 00:00:00+00:00
[2024-12-28T17:01:17.604+0000] {processor.py:208} INFO - Processing /home/airflow/.local/lib/python3.12/site-packages/airflow/example_dags/example_xcom.py took 0.078 seconds
[2024-12-28T17:01:48.368+0000] {processor.py:186} INFO - Started process (PID=1260) to work on /home/airflow/.local/lib/python3.12/site-packages/airflow/example_dags/example_xcom.py
[2024-12-28T17:01:48.368+0000] {processor.py:914} INFO - Processing file /home/airflow/.local/lib/python3.12/site-packages/airflow/example_dags/example_xcom.py for tasks to queue
[2024-12-28T17:01:48.370+0000] {logging_mixin.py:190} INFO - [2024-12-28T17:01:48.370+0000] {dagbag.py:588} INFO - Filling up the DagBag from /home/airflow/.local/lib/python3.12/site-packages/airflow/example_dags/example_xcom.py
[2024-12-28T17:01:48.378+0000] {processor.py:925} INFO - DAG(s) 'example_xcom' retrieved from /home/airflow/.local/lib/python3.12/site-packages/airflow/example_dags/example_xcom.py
[2024-12-28T17:01:48.398+0000] {logging_mixin.py:190} INFO - [2024-12-28T17:01:48.397+0000] {dag.py:3239} INFO - Sync 1 DAGs
[2024-12-28T17:01:48.417+0000] {logging_mixin.py:190} INFO - [2024-12-28T17:01:48.416+0000] {dag.py:4180} INFO - Setting next_dagrun for example_xcom to 2021-01-01 00:00:00+00:00, run_after=2021-01-01 00:00:00+00:00
[2024-12-28T17:01:48.433+0000] {processor.py:208} INFO - Processing /home/airflow/.local/lib/python3.12/site-packages/airflow/example_dags/example_xcom.py took 0.070 seconds
[2024-12-28T17:02:20.008+0000] {processor.py:186} INFO - Started process (PID=1324) to work on /home/airflow/.local/lib/python3.12/site-packages/airflow/example_dags/example_xcom.py
[2024-12-28T17:02:20.009+0000] {processor.py:914} INFO - Processing file /home/airflow/.local/lib/python3.12/site-packages/airflow/example_dags/example_xcom.py for tasks to queue
[2024-12-28T17:02:20.010+0000] {logging_mixin.py:190} INFO - [2024-12-28T17:02:20.010+0000] {dagbag.py:588} INFO - Filling up the DagBag from /home/airflow/.local/lib/python3.12/site-packages/airflow/example_dags/example_xcom.py
[2024-12-28T17:02:20.019+0000] {processor.py:925} INFO - DAG(s) 'example_xcom' retrieved from /home/airflow/.local/lib/python3.12/site-packages/airflow/example_dags/example_xcom.py
[2024-12-28T17:02:20.039+0000] {logging_mixin.py:190} INFO - [2024-12-28T17:02:20.038+0000] {dag.py:3239} INFO - Sync 1 DAGs
[2024-12-28T17:02:20.058+0000] {logging_mixin.py:190} INFO - [2024-12-28T17:02:20.058+0000] {dag.py:4180} INFO - Setting next_dagrun for example_xcom to 2021-01-01 00:00:00+00:00, run_after=2021-01-01 00:00:00+00:00
[2024-12-28T17:02:20.074+0000] {processor.py:208} INFO - Processing /home/airflow/.local/lib/python3.12/site-packages/airflow/example_dags/example_xcom.py took 0.072 seconds
[2024-12-28T17:02:50.827+0000] {processor.py:186} INFO - Started process (PID=1399) to work on /home/airflow/.local/lib/python3.12/site-packages/airflow/example_dags/example_xcom.py
[2024-12-28T17:02:50.827+0000] {processor.py:914} INFO - Processing file /home/airflow/.local/lib/python3.12/site-packages/airflow/example_dags/example_xcom.py for tasks to queue
[2024-12-28T17:02:50.829+0000] {logging_mixin.py:190} INFO - [2024-12-28T17:02:50.829+0000] {dagbag.py:588} INFO - Filling up the DagBag from /home/airflow/.local/lib/python3.12/site-packages/airflow/example_dags/example_xcom.py
[2024-12-28T17:02:50.838+0000] {processor.py:925} INFO - DAG(s) 'example_xcom' retrieved from /home/airflow/.local/lib/python3.12/site-packages/airflow/example_dags/example_xcom.py
[2024-12-28T17:02:50.858+0000] {logging_mixin.py:190} INFO - [2024-12-28T17:02:50.857+0000] {dag.py:3239} INFO - Sync 1 DAGs
[2024-12-28T17:02:50.877+0000] {logging_mixin.py:190} INFO - [2024-12-28T17:02:50.877+0000] {dag.py:4180} INFO - Setting next_dagrun for example_xcom to 2021-01-01 00:00:00+00:00, run_after=2021-01-01 00:00:00+00:00
[2024-12-28T17:02:50.893+0000] {processor.py:208} INFO - Processing /home/airflow/.local/lib/python3.12/site-packages/airflow/example_dags/example_xcom.py took 0.072 seconds
[2024-12-28T17:03:21.839+0000] {processor.py:186} INFO - Started process (PID=1484) to work on /home/airflow/.local/lib/python3.12/site-packages/airflow/example_dags/example_xcom.py
[2024-12-28T17:03:21.840+0000] {processor.py:914} INFO - Processing file /home/airflow/.local/lib/python3.12/site-packages/airflow/example_dags/example_xcom.py for tasks to queue
[2024-12-28T17:03:21.843+0000] {logging_mixin.py:190} INFO - [2024-12-28T17:03:21.842+0000] {dagbag.py:588} INFO - Filling up the DagBag from /home/airflow/.local/lib/python3.12/site-packages/airflow/example_dags/example_xcom.py
[2024-12-28T17:03:21.851+0000] {processor.py:925} INFO - DAG(s) 'example_xcom' retrieved from /home/airflow/.local/lib/python3.12/site-packages/airflow/example_dags/example_xcom.py
[2024-12-28T17:03:21.870+0000] {logging_mixin.py:190} INFO - [2024-12-28T17:03:21.870+0000] {dag.py:3239} INFO - Sync 1 DAGs
[2024-12-28T17:03:21.891+0000] {logging_mixin.py:190} INFO - [2024-12-28T17:03:21.891+0000] {dag.py:4180} INFO - Setting next_dagrun for example_xcom to 2021-01-01 00:00:00+00:00, run_after=2021-01-01 00:00:00+00:00
[2024-12-28T17:03:21.911+0000] {processor.py:208} INFO - Processing /home/airflow/.local/lib/python3.12/site-packages/airflow/example_dags/example_xcom.py took 0.077 seconds
[2024-12-28T17:03:52.718+0000] {processor.py:186} INFO - Started process (PID=1562) to work on /home/airflow/.local/lib/python3.12/site-packages/airflow/example_dags/example_xcom.py
[2024-12-28T17:03:52.718+0000] {processor.py:914} INFO - Processing file /home/airflow/.local/lib/python3.12/site-packages/airflow/example_dags/example_xcom.py for tasks to queue
[2024-12-28T17:03:52.722+0000] {logging_mixin.py:190} INFO - [2024-12-28T17:03:52.721+0000] {dagbag.py:588} INFO - Filling up the DagBag from /home/airflow/.local/lib/python3.12/site-packages/airflow/example_dags/example_xcom.py
[2024-12-28T17:03:52.730+0000] {processor.py:925} INFO - DAG(s) 'example_xcom' retrieved from /home/airflow/.local/lib/python3.12/site-packages/airflow/example_dags/example_xcom.py
[2024-12-28T17:03:52.752+0000] {logging_mixin.py:190} INFO - [2024-12-28T17:03:52.752+0000] {dag.py:3239} INFO - Sync 1 DAGs
[2024-12-28T17:03:52.777+0000] {logging_mixin.py:190} INFO - [2024-12-28T17:03:52.777+0000] {dag.py:4180} INFO - Setting next_dagrun for example_xcom to 2021-01-01 00:00:00+00:00, run_after=2021-01-01 00:00:00+00:00
[2024-12-28T17:03:52.797+0000] {processor.py:208} INFO - Processing /home/airflow/.local/lib/python3.12/site-packages/airflow/example_dags/example_xcom.py took 0.085 seconds
