[2024-12-28T16:38:35.526+0000] {processor.py:186} INFO - Started process (PID=96) to work on /home/airflow/.local/lib/python3.12/site-packages/airflow/example_dags/example_sla_dag.py
[2024-12-28T16:38:35.527+0000] {processor.py:914} INFO - Processing file /home/airflow/.local/lib/python3.12/site-packages/airflow/example_dags/example_sla_dag.py for tasks to queue
[2024-12-28T16:38:35.530+0000] {logging_mixin.py:190} INFO - [2024-12-28T16:38:35.529+0000] {dagbag.py:588} INFO - Filling up the DagBag from /home/airflow/.local/lib/python3.12/site-packages/airflow/example_dags/example_sla_dag.py
[2024-12-28T16:38:35.541+0000] {processor.py:925} INFO - DAG(s) 'example_sla_dag' retrieved from /home/airflow/.local/lib/python3.12/site-packages/airflow/example_dags/example_sla_dag.py
[2024-12-28T16:38:35.647+0000] {logging_mixin.py:190} INFO - [2024-12-28T16:38:35.646+0000] {override.py:1911} INFO - Created Permission View: can delete on DAG:example_sla_dag
[2024-12-28T16:38:35.657+0000] {logging_mixin.py:190} INFO - [2024-12-28T16:38:35.657+0000] {override.py:1911} INFO - Created Permission View: can edit on DAG:example_sla_dag
[2024-12-28T16:38:35.664+0000] {logging_mixin.py:190} INFO - [2024-12-28T16:38:35.664+0000] {override.py:1911} INFO - Created Permission View: can read on DAG:example_sla_dag
[2024-12-28T16:38:35.671+0000] {logging_mixin.py:190} INFO - [2024-12-28T16:38:35.671+0000] {override.py:1911} INFO - Created Permission View: can create on DAG Run:example_sla_dag
[2024-12-28T16:38:35.678+0000] {logging_mixin.py:190} INFO - [2024-12-28T16:38:35.678+0000] {override.py:1911} INFO - Created Permission View: can delete on DAG Run:example_sla_dag
[2024-12-28T16:38:35.685+0000] {logging_mixin.py:190} INFO - [2024-12-28T16:38:35.684+0000] {override.py:1911} INFO - Created Permission View: menu access on DAG Run:example_sla_dag
[2024-12-28T16:38:35.692+0000] {logging_mixin.py:190} INFO - [2024-12-28T16:38:35.691+0000] {override.py:1911} INFO - Created Permission View: can read on DAG Run:example_sla_dag
[2024-12-28T16:38:35.692+0000] {logging_mixin.py:190} INFO - [2024-12-28T16:38:35.692+0000] {dag.py:3239} INFO - Sync 1 DAGs
[2024-12-28T16:38:35.704+0000] {logging_mixin.py:190} INFO - [2024-12-28T16:38:35.704+0000] {dag.py:3262} INFO - Creating ORM DAG for example_sla_dag
[2024-12-28T16:38:35.714+0000] {logging_mixin.py:190} INFO - [2024-12-28T16:38:35.714+0000] {dag.py:4180} INFO - Setting next_dagrun for example_sla_dag to 2024-12-28 16:36:00+00:00, run_after=2024-12-28 16:38:00+00:00
[2024-12-28T16:38:35.727+0000] {processor.py:208} INFO - Processing /home/airflow/.local/lib/python3.12/site-packages/airflow/example_dags/example_sla_dag.py took 0.207 seconds
[2024-12-28T16:39:06.346+0000] {processor.py:186} INFO - Started process (PID=158) to work on /home/airflow/.local/lib/python3.12/site-packages/airflow/example_dags/example_sla_dag.py
[2024-12-28T16:39:06.347+0000] {processor.py:914} INFO - Processing file /home/airflow/.local/lib/python3.12/site-packages/airflow/example_dags/example_sla_dag.py for tasks to queue
[2024-12-28T16:39:06.349+0000] {logging_mixin.py:190} INFO - [2024-12-28T16:39:06.349+0000] {dagbag.py:588} INFO - Filling up the DagBag from /home/airflow/.local/lib/python3.12/site-packages/airflow/example_dags/example_sla_dag.py
[2024-12-28T16:39:06.358+0000] {processor.py:925} INFO - DAG(s) 'example_sla_dag' retrieved from /home/airflow/.local/lib/python3.12/site-packages/airflow/example_dags/example_sla_dag.py
[2024-12-28T16:39:06.380+0000] {logging_mixin.py:190} INFO - [2024-12-28T16:39:06.380+0000] {dag.py:3239} INFO - Sync 1 DAGs
[2024-12-28T16:39:06.411+0000] {logging_mixin.py:190} INFO - [2024-12-28T16:39:06.411+0000] {dag.py:4180} INFO - Setting next_dagrun for example_sla_dag to 2024-12-28 16:36:00+00:00, run_after=2024-12-28 16:38:00+00:00
[2024-12-28T16:39:06.429+0000] {processor.py:208} INFO - Processing /home/airflow/.local/lib/python3.12/site-packages/airflow/example_dags/example_sla_dag.py took 0.090 seconds
[2024-12-28T16:39:37.641+0000] {processor.py:186} INFO - Started process (PID=220) to work on /home/airflow/.local/lib/python3.12/site-packages/airflow/example_dags/example_sla_dag.py
[2024-12-28T16:39:37.642+0000] {processor.py:914} INFO - Processing file /home/airflow/.local/lib/python3.12/site-packages/airflow/example_dags/example_sla_dag.py for tasks to queue
[2024-12-28T16:39:37.644+0000] {logging_mixin.py:190} INFO - [2024-12-28T16:39:37.644+0000] {dagbag.py:588} INFO - Filling up the DagBag from /home/airflow/.local/lib/python3.12/site-packages/airflow/example_dags/example_sla_dag.py
[2024-12-28T16:39:37.655+0000] {processor.py:925} INFO - DAG(s) 'example_sla_dag' retrieved from /home/airflow/.local/lib/python3.12/site-packages/airflow/example_dags/example_sla_dag.py
[2024-12-28T16:39:37.679+0000] {logging_mixin.py:190} INFO - [2024-12-28T16:39:37.679+0000] {dag.py:3239} INFO - Sync 1 DAGs
[2024-12-28T16:39:37.706+0000] {logging_mixin.py:190} INFO - [2024-12-28T16:39:37.706+0000] {dag.py:4180} INFO - Setting next_dagrun for example_sla_dag to 2024-12-28 16:36:00+00:00, run_after=2024-12-28 16:38:00+00:00
[2024-12-28T16:39:37.727+0000] {processor.py:208} INFO - Processing /home/airflow/.local/lib/python3.12/site-packages/airflow/example_dags/example_sla_dag.py took 0.092 seconds
[2024-12-28T16:40:08.863+0000] {processor.py:186} INFO - Started process (PID=284) to work on /home/airflow/.local/lib/python3.12/site-packages/airflow/example_dags/example_sla_dag.py
[2024-12-28T16:40:08.864+0000] {processor.py:914} INFO - Processing file /home/airflow/.local/lib/python3.12/site-packages/airflow/example_dags/example_sla_dag.py for tasks to queue
[2024-12-28T16:40:08.867+0000] {logging_mixin.py:190} INFO - [2024-12-28T16:40:08.867+0000] {dagbag.py:588} INFO - Filling up the DagBag from /home/airflow/.local/lib/python3.12/site-packages/airflow/example_dags/example_sla_dag.py
[2024-12-28T16:40:08.877+0000] {processor.py:925} INFO - DAG(s) 'example_sla_dag' retrieved from /home/airflow/.local/lib/python3.12/site-packages/airflow/example_dags/example_sla_dag.py
[2024-12-28T16:40:08.899+0000] {logging_mixin.py:190} INFO - [2024-12-28T16:40:08.899+0000] {dag.py:3239} INFO - Sync 1 DAGs
[2024-12-28T16:40:08.926+0000] {logging_mixin.py:190} INFO - [2024-12-28T16:40:08.926+0000] {dag.py:4180} INFO - Setting next_dagrun for example_sla_dag to 2024-12-28 16:38:00+00:00, run_after=2024-12-28 16:40:00+00:00
[2024-12-28T16:40:08.944+0000] {processor.py:208} INFO - Processing /home/airflow/.local/lib/python3.12/site-packages/airflow/example_dags/example_sla_dag.py took 0.087 seconds
[2024-12-28T16:42:41.106+0000] {processor.py:186} INFO - Started process (PID=95) to work on /home/airflow/.local/lib/python3.12/site-packages/airflow/example_dags/example_sla_dag.py
[2024-12-28T16:42:41.107+0000] {processor.py:914} INFO - Processing file /home/airflow/.local/lib/python3.12/site-packages/airflow/example_dags/example_sla_dag.py for tasks to queue
[2024-12-28T16:42:41.109+0000] {logging_mixin.py:190} INFO - [2024-12-28T16:42:41.109+0000] {dagbag.py:588} INFO - Filling up the DagBag from /home/airflow/.local/lib/python3.12/site-packages/airflow/example_dags/example_sla_dag.py
[2024-12-28T16:42:41.121+0000] {processor.py:925} INFO - DAG(s) 'example_sla_dag' retrieved from /home/airflow/.local/lib/python3.12/site-packages/airflow/example_dags/example_sla_dag.py
[2024-12-28T16:42:41.152+0000] {logging_mixin.py:190} INFO - [2024-12-28T16:42:41.152+0000] {dag.py:3239} INFO - Sync 1 DAGs
[2024-12-28T16:42:41.177+0000] {logging_mixin.py:190} INFO - [2024-12-28T16:42:41.177+0000] {dag.py:4180} INFO - Setting next_dagrun for example_sla_dag to 2024-12-28 16:40:00+00:00, run_after=2024-12-28 16:42:00+00:00
[2024-12-28T16:42:41.194+0000] {processor.py:208} INFO - Processing /home/airflow/.local/lib/python3.12/site-packages/airflow/example_dags/example_sla_dag.py took 0.094 seconds
[2024-12-28T16:43:12.731+0000] {processor.py:186} INFO - Started process (PID=163) to work on /home/airflow/.local/lib/python3.12/site-packages/airflow/example_dags/example_sla_dag.py
[2024-12-28T16:43:12.732+0000] {processor.py:914} INFO - Processing file /home/airflow/.local/lib/python3.12/site-packages/airflow/example_dags/example_sla_dag.py for tasks to queue
[2024-12-28T16:43:12.735+0000] {logging_mixin.py:190} INFO - [2024-12-28T16:43:12.735+0000] {dagbag.py:588} INFO - Filling up the DagBag from /home/airflow/.local/lib/python3.12/site-packages/airflow/example_dags/example_sla_dag.py
[2024-12-28T16:43:12.747+0000] {processor.py:925} INFO - DAG(s) 'example_sla_dag' retrieved from /home/airflow/.local/lib/python3.12/site-packages/airflow/example_dags/example_sla_dag.py
[2024-12-28T16:43:12.766+0000] {logging_mixin.py:190} INFO - [2024-12-28T16:43:12.766+0000] {dag.py:3239} INFO - Sync 1 DAGs
[2024-12-28T16:43:12.790+0000] {logging_mixin.py:190} INFO - [2024-12-28T16:43:12.790+0000] {dag.py:4180} INFO - Setting next_dagrun for example_sla_dag to 2024-12-28 16:40:00+00:00, run_after=2024-12-28 16:42:00+00:00
[2024-12-28T16:43:12.805+0000] {processor.py:208} INFO - Processing /home/airflow/.local/lib/python3.12/site-packages/airflow/example_dags/example_sla_dag.py took 0.083 seconds
[2024-12-28T16:43:43.958+0000] {processor.py:186} INFO - Started process (PID=226) to work on /home/airflow/.local/lib/python3.12/site-packages/airflow/example_dags/example_sla_dag.py
[2024-12-28T16:43:43.959+0000] {processor.py:914} INFO - Processing file /home/airflow/.local/lib/python3.12/site-packages/airflow/example_dags/example_sla_dag.py for tasks to queue
[2024-12-28T16:43:43.962+0000] {logging_mixin.py:190} INFO - [2024-12-28T16:43:43.962+0000] {dagbag.py:588} INFO - Filling up the DagBag from /home/airflow/.local/lib/python3.12/site-packages/airflow/example_dags/example_sla_dag.py
[2024-12-28T16:43:43.973+0000] {processor.py:925} INFO - DAG(s) 'example_sla_dag' retrieved from /home/airflow/.local/lib/python3.12/site-packages/airflow/example_dags/example_sla_dag.py
[2024-12-28T16:43:43.997+0000] {logging_mixin.py:190} INFO - [2024-12-28T16:43:43.997+0000] {dag.py:3239} INFO - Sync 1 DAGs
[2024-12-28T16:43:44.025+0000] {logging_mixin.py:190} INFO - [2024-12-28T16:43:44.025+0000] {dag.py:4180} INFO - Setting next_dagrun for example_sla_dag to 2024-12-28 16:40:00+00:00, run_after=2024-12-28 16:42:00+00:00
[2024-12-28T16:43:44.045+0000] {processor.py:208} INFO - Processing /home/airflow/.local/lib/python3.12/site-packages/airflow/example_dags/example_sla_dag.py took 0.093 seconds
[2024-12-28T16:44:15.663+0000] {processor.py:186} INFO - Started process (PID=289) to work on /home/airflow/.local/lib/python3.12/site-packages/airflow/example_dags/example_sla_dag.py
[2024-12-28T16:44:15.664+0000] {processor.py:914} INFO - Processing file /home/airflow/.local/lib/python3.12/site-packages/airflow/example_dags/example_sla_dag.py for tasks to queue
[2024-12-28T16:44:15.666+0000] {logging_mixin.py:190} INFO - [2024-12-28T16:44:15.666+0000] {dagbag.py:588} INFO - Filling up the DagBag from /home/airflow/.local/lib/python3.12/site-packages/airflow/example_dags/example_sla_dag.py
[2024-12-28T16:44:15.675+0000] {processor.py:925} INFO - DAG(s) 'example_sla_dag' retrieved from /home/airflow/.local/lib/python3.12/site-packages/airflow/example_dags/example_sla_dag.py
[2024-12-28T16:44:15.696+0000] {logging_mixin.py:190} INFO - [2024-12-28T16:44:15.695+0000] {dag.py:3239} INFO - Sync 1 DAGs
[2024-12-28T16:44:15.724+0000] {logging_mixin.py:190} INFO - [2024-12-28T16:44:15.724+0000] {dag.py:4180} INFO - Setting next_dagrun for example_sla_dag to 2024-12-28 16:42:00+00:00, run_after=2024-12-28 16:44:00+00:00
[2024-12-28T16:44:15.742+0000] {processor.py:208} INFO - Processing /home/airflow/.local/lib/python3.12/site-packages/airflow/example_dags/example_sla_dag.py took 0.084 seconds
[2024-12-28T16:44:46.767+0000] {processor.py:186} INFO - Started process (PID=352) to work on /home/airflow/.local/lib/python3.12/site-packages/airflow/example_dags/example_sla_dag.py
[2024-12-28T16:44:46.768+0000] {processor.py:914} INFO - Processing file /home/airflow/.local/lib/python3.12/site-packages/airflow/example_dags/example_sla_dag.py for tasks to queue
[2024-12-28T16:44:46.770+0000] {logging_mixin.py:190} INFO - [2024-12-28T16:44:46.770+0000] {dagbag.py:588} INFO - Filling up the DagBag from /home/airflow/.local/lib/python3.12/site-packages/airflow/example_dags/example_sla_dag.py
[2024-12-28T16:44:46.779+0000] {processor.py:925} INFO - DAG(s) 'example_sla_dag' retrieved from /home/airflow/.local/lib/python3.12/site-packages/airflow/example_dags/example_sla_dag.py
[2024-12-28T16:44:46.799+0000] {logging_mixin.py:190} INFO - [2024-12-28T16:44:46.799+0000] {dag.py:3239} INFO - Sync 1 DAGs
[2024-12-28T16:44:46.823+0000] {logging_mixin.py:190} INFO - [2024-12-28T16:44:46.823+0000] {dag.py:4180} INFO - Setting next_dagrun for example_sla_dag to 2024-12-28 16:42:00+00:00, run_after=2024-12-28 16:44:00+00:00
[2024-12-28T16:44:46.840+0000] {processor.py:208} INFO - Processing /home/airflow/.local/lib/python3.12/site-packages/airflow/example_dags/example_sla_dag.py took 0.078 seconds
[2024-12-28T16:45:18.427+0000] {processor.py:186} INFO - Started process (PID=415) to work on /home/airflow/.local/lib/python3.12/site-packages/airflow/example_dags/example_sla_dag.py
[2024-12-28T16:45:18.429+0000] {processor.py:914} INFO - Processing file /home/airflow/.local/lib/python3.12/site-packages/airflow/example_dags/example_sla_dag.py for tasks to queue
[2024-12-28T16:45:18.432+0000] {logging_mixin.py:190} INFO - [2024-12-28T16:45:18.432+0000] {dagbag.py:588} INFO - Filling up the DagBag from /home/airflow/.local/lib/python3.12/site-packages/airflow/example_dags/example_sla_dag.py
[2024-12-28T16:45:18.444+0000] {processor.py:925} INFO - DAG(s) 'example_sla_dag' retrieved from /home/airflow/.local/lib/python3.12/site-packages/airflow/example_dags/example_sla_dag.py
[2024-12-28T16:45:18.472+0000] {logging_mixin.py:190} INFO - [2024-12-28T16:45:18.471+0000] {dag.py:3239} INFO - Sync 1 DAGs
[2024-12-28T16:45:18.501+0000] {logging_mixin.py:190} INFO - [2024-12-28T16:45:18.500+0000] {dag.py:4180} INFO - Setting next_dagrun for example_sla_dag to 2024-12-28 16:42:00+00:00, run_after=2024-12-28 16:44:00+00:00
[2024-12-28T16:45:18.523+0000] {processor.py:208} INFO - Processing /home/airflow/.local/lib/python3.12/site-packages/airflow/example_dags/example_sla_dag.py took 0.104 seconds
[2024-12-28T16:45:50.082+0000] {processor.py:186} INFO - Started process (PID=478) to work on /home/airflow/.local/lib/python3.12/site-packages/airflow/example_dags/example_sla_dag.py
[2024-12-28T16:45:50.084+0000] {processor.py:914} INFO - Processing file /home/airflow/.local/lib/python3.12/site-packages/airflow/example_dags/example_sla_dag.py for tasks to queue
[2024-12-28T16:45:50.086+0000] {logging_mixin.py:190} INFO - [2024-12-28T16:45:50.086+0000] {dagbag.py:588} INFO - Filling up the DagBag from /home/airflow/.local/lib/python3.12/site-packages/airflow/example_dags/example_sla_dag.py
[2024-12-28T16:45:50.098+0000] {processor.py:925} INFO - DAG(s) 'example_sla_dag' retrieved from /home/airflow/.local/lib/python3.12/site-packages/airflow/example_dags/example_sla_dag.py
[2024-12-28T16:45:50.125+0000] {logging_mixin.py:190} INFO - [2024-12-28T16:45:50.125+0000] {dag.py:3239} INFO - Sync 1 DAGs
[2024-12-28T16:45:50.155+0000] {logging_mixin.py:190} INFO - [2024-12-28T16:45:50.155+0000] {dag.py:4180} INFO - Setting next_dagrun for example_sla_dag to 2024-12-28 16:42:00+00:00, run_after=2024-12-28 16:44:00+00:00
[2024-12-28T16:45:50.179+0000] {processor.py:208} INFO - Processing /home/airflow/.local/lib/python3.12/site-packages/airflow/example_dags/example_sla_dag.py took 0.103 seconds
[2024-12-28T16:46:21.664+0000] {processor.py:186} INFO - Started process (PID=541) to work on /home/airflow/.local/lib/python3.12/site-packages/airflow/example_dags/example_sla_dag.py
[2024-12-28T16:46:21.665+0000] {processor.py:914} INFO - Processing file /home/airflow/.local/lib/python3.12/site-packages/airflow/example_dags/example_sla_dag.py for tasks to queue
[2024-12-28T16:46:21.667+0000] {logging_mixin.py:190} INFO - [2024-12-28T16:46:21.666+0000] {dagbag.py:588} INFO - Filling up the DagBag from /home/airflow/.local/lib/python3.12/site-packages/airflow/example_dags/example_sla_dag.py
[2024-12-28T16:46:21.676+0000] {processor.py:925} INFO - DAG(s) 'example_sla_dag' retrieved from /home/airflow/.local/lib/python3.12/site-packages/airflow/example_dags/example_sla_dag.py
[2024-12-28T16:46:21.697+0000] {logging_mixin.py:190} INFO - [2024-12-28T16:46:21.696+0000] {dag.py:3239} INFO - Sync 1 DAGs
[2024-12-28T16:46:21.720+0000] {logging_mixin.py:190} INFO - [2024-12-28T16:46:21.719+0000] {dag.py:4180} INFO - Setting next_dagrun for example_sla_dag to 2024-12-28 16:44:00+00:00, run_after=2024-12-28 16:46:00+00:00
[2024-12-28T16:46:21.736+0000] {processor.py:208} INFO - Processing /home/airflow/.local/lib/python3.12/site-packages/airflow/example_dags/example_sla_dag.py took 0.078 seconds
[2024-12-28T16:46:53.125+0000] {processor.py:186} INFO - Started process (PID=604) to work on /home/airflow/.local/lib/python3.12/site-packages/airflow/example_dags/example_sla_dag.py
[2024-12-28T16:46:53.126+0000] {processor.py:914} INFO - Processing file /home/airflow/.local/lib/python3.12/site-packages/airflow/example_dags/example_sla_dag.py for tasks to queue
[2024-12-28T16:46:53.128+0000] {logging_mixin.py:190} INFO - [2024-12-28T16:46:53.128+0000] {dagbag.py:588} INFO - Filling up the DagBag from /home/airflow/.local/lib/python3.12/site-packages/airflow/example_dags/example_sla_dag.py
[2024-12-28T16:46:53.142+0000] {processor.py:925} INFO - DAG(s) 'example_sla_dag' retrieved from /home/airflow/.local/lib/python3.12/site-packages/airflow/example_dags/example_sla_dag.py
[2024-12-28T16:46:53.166+0000] {logging_mixin.py:190} INFO - [2024-12-28T16:46:53.166+0000] {dag.py:3239} INFO - Sync 1 DAGs
[2024-12-28T16:46:53.193+0000] {logging_mixin.py:190} INFO - [2024-12-28T16:46:53.192+0000] {dag.py:4180} INFO - Setting next_dagrun for example_sla_dag to 2024-12-28 16:44:00+00:00, run_after=2024-12-28 16:46:00+00:00
[2024-12-28T16:46:53.213+0000] {processor.py:208} INFO - Processing /home/airflow/.local/lib/python3.12/site-packages/airflow/example_dags/example_sla_dag.py took 0.094 seconds
[2024-12-28T16:47:24.236+0000] {processor.py:186} INFO - Started process (PID=667) to work on /home/airflow/.local/lib/python3.12/site-packages/airflow/example_dags/example_sla_dag.py
[2024-12-28T16:47:24.237+0000] {processor.py:914} INFO - Processing file /home/airflow/.local/lib/python3.12/site-packages/airflow/example_dags/example_sla_dag.py for tasks to queue
[2024-12-28T16:47:24.239+0000] {logging_mixin.py:190} INFO - [2024-12-28T16:47:24.239+0000] {dagbag.py:588} INFO - Filling up the DagBag from /home/airflow/.local/lib/python3.12/site-packages/airflow/example_dags/example_sla_dag.py
[2024-12-28T16:47:24.249+0000] {processor.py:925} INFO - DAG(s) 'example_sla_dag' retrieved from /home/airflow/.local/lib/python3.12/site-packages/airflow/example_dags/example_sla_dag.py
[2024-12-28T16:47:24.272+0000] {logging_mixin.py:190} INFO - [2024-12-28T16:47:24.272+0000] {dag.py:3239} INFO - Sync 1 DAGs
[2024-12-28T16:47:24.302+0000] {logging_mixin.py:190} INFO - [2024-12-28T16:47:24.302+0000] {dag.py:4180} INFO - Setting next_dagrun for example_sla_dag to 2024-12-28 16:44:00+00:00, run_after=2024-12-28 16:46:00+00:00
[2024-12-28T16:47:24.324+0000] {processor.py:208} INFO - Processing /home/airflow/.local/lib/python3.12/site-packages/airflow/example_dags/example_sla_dag.py took 0.094 seconds
[2024-12-28T16:52:23.377+0000] {processor.py:186} INFO - Started process (PID=97) to work on /home/airflow/.local/lib/python3.12/site-packages/airflow/example_dags/example_sla_dag.py
[2024-12-28T16:52:23.378+0000] {processor.py:914} INFO - Processing file /home/airflow/.local/lib/python3.12/site-packages/airflow/example_dags/example_sla_dag.py for tasks to queue
[2024-12-28T16:52:23.380+0000] {logging_mixin.py:190} INFO - [2024-12-28T16:52:23.380+0000] {dagbag.py:588} INFO - Filling up the DagBag from /home/airflow/.local/lib/python3.12/site-packages/airflow/example_dags/example_sla_dag.py
[2024-12-28T16:52:23.390+0000] {processor.py:925} INFO - DAG(s) 'example_sla_dag' retrieved from /home/airflow/.local/lib/python3.12/site-packages/airflow/example_dags/example_sla_dag.py
[2024-12-28T16:52:23.415+0000] {logging_mixin.py:190} INFO - [2024-12-28T16:52:23.415+0000] {dag.py:3239} INFO - Sync 1 DAGs
[2024-12-28T16:52:23.439+0000] {logging_mixin.py:190} INFO - [2024-12-28T16:52:23.438+0000] {dag.py:4180} INFO - Setting next_dagrun for example_sla_dag to 2024-12-28 16:50:00+00:00, run_after=2024-12-28 16:52:00+00:00
[2024-12-28T16:52:23.455+0000] {processor.py:208} INFO - Processing /home/airflow/.local/lib/python3.12/site-packages/airflow/example_dags/example_sla_dag.py took 0.083 seconds
[2024-12-28T16:52:54.453+0000] {processor.py:186} INFO - Started process (PID=160) to work on /home/airflow/.local/lib/python3.12/site-packages/airflow/example_dags/example_sla_dag.py
[2024-12-28T16:52:54.453+0000] {processor.py:914} INFO - Processing file /home/airflow/.local/lib/python3.12/site-packages/airflow/example_dags/example_sla_dag.py for tasks to queue
[2024-12-28T16:52:54.456+0000] {logging_mixin.py:190} INFO - [2024-12-28T16:52:54.455+0000] {dagbag.py:588} INFO - Filling up the DagBag from /home/airflow/.local/lib/python3.12/site-packages/airflow/example_dags/example_sla_dag.py
[2024-12-28T16:52:54.465+0000] {processor.py:925} INFO - DAG(s) 'example_sla_dag' retrieved from /home/airflow/.local/lib/python3.12/site-packages/airflow/example_dags/example_sla_dag.py
[2024-12-28T16:52:54.486+0000] {logging_mixin.py:190} INFO - [2024-12-28T16:52:54.486+0000] {dag.py:3239} INFO - Sync 1 DAGs
[2024-12-28T16:52:54.512+0000] {logging_mixin.py:190} INFO - [2024-12-28T16:52:54.512+0000] {dag.py:4180} INFO - Setting next_dagrun for example_sla_dag to 2024-12-28 16:50:00+00:00, run_after=2024-12-28 16:52:00+00:00
[2024-12-28T16:52:54.531+0000] {processor.py:208} INFO - Processing /home/airflow/.local/lib/python3.12/site-packages/airflow/example_dags/example_sla_dag.py took 0.084 seconds
[2024-12-28T16:53:25.795+0000] {processor.py:186} INFO - Started process (PID=224) to work on /home/airflow/.local/lib/python3.12/site-packages/airflow/example_dags/example_sla_dag.py
[2024-12-28T16:53:25.796+0000] {processor.py:914} INFO - Processing file /home/airflow/.local/lib/python3.12/site-packages/airflow/example_dags/example_sla_dag.py for tasks to queue
[2024-12-28T16:53:25.798+0000] {logging_mixin.py:190} INFO - [2024-12-28T16:53:25.798+0000] {dagbag.py:588} INFO - Filling up the DagBag from /home/airflow/.local/lib/python3.12/site-packages/airflow/example_dags/example_sla_dag.py
[2024-12-28T16:53:25.808+0000] {processor.py:925} INFO - DAG(s) 'example_sla_dag' retrieved from /home/airflow/.local/lib/python3.12/site-packages/airflow/example_dags/example_sla_dag.py
[2024-12-28T16:53:25.828+0000] {logging_mixin.py:190} INFO - [2024-12-28T16:53:25.828+0000] {dag.py:3239} INFO - Sync 1 DAGs
[2024-12-28T16:53:25.850+0000] {logging_mixin.py:190} INFO - [2024-12-28T16:53:25.850+0000] {dag.py:4180} INFO - Setting next_dagrun for example_sla_dag to 2024-12-28 16:50:00+00:00, run_after=2024-12-28 16:52:00+00:00
[2024-12-28T16:53:25.866+0000] {processor.py:208} INFO - Processing /home/airflow/.local/lib/python3.12/site-packages/airflow/example_dags/example_sla_dag.py took 0.076 seconds
[2024-12-28T16:53:58.043+0000] {processor.py:186} INFO - Started process (PID=292) to work on /home/airflow/.local/lib/python3.12/site-packages/airflow/example_dags/example_sla_dag.py
[2024-12-28T16:53:58.045+0000] {processor.py:914} INFO - Processing file /home/airflow/.local/lib/python3.12/site-packages/airflow/example_dags/example_sla_dag.py for tasks to queue
[2024-12-28T16:53:58.049+0000] {logging_mixin.py:190} INFO - [2024-12-28T16:53:58.048+0000] {dagbag.py:588} INFO - Filling up the DagBag from /home/airflow/.local/lib/python3.12/site-packages/airflow/example_dags/example_sla_dag.py
[2024-12-28T16:53:58.068+0000] {processor.py:925} INFO - DAG(s) 'example_sla_dag' retrieved from /home/airflow/.local/lib/python3.12/site-packages/airflow/example_dags/example_sla_dag.py
[2024-12-28T16:53:58.100+0000] {logging_mixin.py:190} INFO - [2024-12-28T16:53:58.100+0000] {dag.py:3239} INFO - Sync 1 DAGs
[2024-12-28T16:53:58.140+0000] {logging_mixin.py:190} INFO - [2024-12-28T16:53:58.140+0000] {dag.py:4180} INFO - Setting next_dagrun for example_sla_dag to 2024-12-28 16:50:00+00:00, run_after=2024-12-28 16:52:00+00:00
[2024-12-28T16:53:58.166+0000] {processor.py:208} INFO - Processing /home/airflow/.local/lib/python3.12/site-packages/airflow/example_dags/example_sla_dag.py took 0.131 seconds
[2024-12-28T16:54:29.429+0000] {processor.py:186} INFO - Started process (PID=356) to work on /home/airflow/.local/lib/python3.12/site-packages/airflow/example_dags/example_sla_dag.py
[2024-12-28T16:54:29.430+0000] {processor.py:914} INFO - Processing file /home/airflow/.local/lib/python3.12/site-packages/airflow/example_dags/example_sla_dag.py for tasks to queue
[2024-12-28T16:54:29.432+0000] {logging_mixin.py:190} INFO - [2024-12-28T16:54:29.432+0000] {dagbag.py:588} INFO - Filling up the DagBag from /home/airflow/.local/lib/python3.12/site-packages/airflow/example_dags/example_sla_dag.py
[2024-12-28T16:54:29.442+0000] {processor.py:925} INFO - DAG(s) 'example_sla_dag' retrieved from /home/airflow/.local/lib/python3.12/site-packages/airflow/example_dags/example_sla_dag.py
[2024-12-28T16:54:29.463+0000] {logging_mixin.py:190} INFO - [2024-12-28T16:54:29.463+0000] {dag.py:3239} INFO - Sync 1 DAGs
[2024-12-28T16:54:29.487+0000] {logging_mixin.py:190} INFO - [2024-12-28T16:54:29.487+0000] {dag.py:4180} INFO - Setting next_dagrun for example_sla_dag to 2024-12-28 16:52:00+00:00, run_after=2024-12-28 16:54:00+00:00
[2024-12-28T16:54:29.507+0000] {processor.py:208} INFO - Processing /home/airflow/.local/lib/python3.12/site-packages/airflow/example_dags/example_sla_dag.py took 0.083 seconds
[2024-12-28T16:55:02.017+0000] {processor.py:186} INFO - Started process (PID=420) to work on /home/airflow/.local/lib/python3.12/site-packages/airflow/example_dags/example_sla_dag.py
[2024-12-28T16:55:02.019+0000] {processor.py:914} INFO - Processing file /home/airflow/.local/lib/python3.12/site-packages/airflow/example_dags/example_sla_dag.py for tasks to queue
[2024-12-28T16:55:02.023+0000] {logging_mixin.py:190} INFO - [2024-12-28T16:55:02.022+0000] {dagbag.py:588} INFO - Filling up the DagBag from /home/airflow/.local/lib/python3.12/site-packages/airflow/example_dags/example_sla_dag.py
[2024-12-28T16:55:02.050+0000] {processor.py:925} INFO - DAG(s) 'example_sla_dag' retrieved from /home/airflow/.local/lib/python3.12/site-packages/airflow/example_dags/example_sla_dag.py
[2024-12-28T16:55:02.098+0000] {logging_mixin.py:190} INFO - [2024-12-28T16:55:02.098+0000] {dag.py:3239} INFO - Sync 1 DAGs
[2024-12-28T16:55:02.161+0000] {logging_mixin.py:190} INFO - [2024-12-28T16:55:02.160+0000] {dag.py:4180} INFO - Setting next_dagrun for example_sla_dag to 2024-12-28 16:52:00+00:00, run_after=2024-12-28 16:54:00+00:00
[2024-12-28T16:55:02.194+0000] {processor.py:208} INFO - Processing /home/airflow/.local/lib/python3.12/site-packages/airflow/example_dags/example_sla_dag.py took 0.191 seconds
[2024-12-28T16:55:34.271+0000] {processor.py:186} INFO - Started process (PID=484) to work on /home/airflow/.local/lib/python3.12/site-packages/airflow/example_dags/example_sla_dag.py
[2024-12-28T16:55:34.276+0000] {processor.py:914} INFO - Processing file /home/airflow/.local/lib/python3.12/site-packages/airflow/example_dags/example_sla_dag.py for tasks to queue
[2024-12-28T16:55:34.280+0000] {logging_mixin.py:190} INFO - [2024-12-28T16:55:34.280+0000] {dagbag.py:588} INFO - Filling up the DagBag from /home/airflow/.local/lib/python3.12/site-packages/airflow/example_dags/example_sla_dag.py
[2024-12-28T16:55:34.303+0000] {processor.py:925} INFO - DAG(s) 'example_sla_dag' retrieved from /home/airflow/.local/lib/python3.12/site-packages/airflow/example_dags/example_sla_dag.py
[2024-12-28T16:55:34.348+0000] {logging_mixin.py:190} INFO - [2024-12-28T16:55:34.348+0000] {dag.py:3239} INFO - Sync 1 DAGs
[2024-12-28T16:55:34.391+0000] {logging_mixin.py:190} INFO - [2024-12-28T16:55:34.390+0000] {dag.py:4180} INFO - Setting next_dagrun for example_sla_dag to 2024-12-28 16:52:00+00:00, run_after=2024-12-28 16:54:00+00:00
[2024-12-28T16:55:34.423+0000] {processor.py:208} INFO - Processing /home/airflow/.local/lib/python3.12/site-packages/airflow/example_dags/example_sla_dag.py took 0.162 seconds
[2024-12-28T16:56:04.940+0000] {processor.py:186} INFO - Started process (PID=548) to work on /home/airflow/.local/lib/python3.12/site-packages/airflow/example_dags/example_sla_dag.py
[2024-12-28T16:56:04.942+0000] {processor.py:914} INFO - Processing file /home/airflow/.local/lib/python3.12/site-packages/airflow/example_dags/example_sla_dag.py for tasks to queue
[2024-12-28T16:56:04.944+0000] {logging_mixin.py:190} INFO - [2024-12-28T16:56:04.944+0000] {dagbag.py:588} INFO - Filling up the DagBag from /home/airflow/.local/lib/python3.12/site-packages/airflow/example_dags/example_sla_dag.py
[2024-12-28T16:56:04.956+0000] {processor.py:925} INFO - DAG(s) 'example_sla_dag' retrieved from /home/airflow/.local/lib/python3.12/site-packages/airflow/example_dags/example_sla_dag.py
[2024-12-28T16:56:04.979+0000] {logging_mixin.py:190} INFO - [2024-12-28T16:56:04.979+0000] {dag.py:3239} INFO - Sync 1 DAGs
[2024-12-28T16:56:05.005+0000] {logging_mixin.py:190} INFO - [2024-12-28T16:56:05.005+0000] {dag.py:4180} INFO - Setting next_dagrun for example_sla_dag to 2024-12-28 16:54:00+00:00, run_after=2024-12-28 16:56:00+00:00
[2024-12-28T16:56:05.028+0000] {processor.py:208} INFO - Processing /home/airflow/.local/lib/python3.12/site-packages/airflow/example_dags/example_sla_dag.py took 0.094 seconds
[2024-12-28T16:56:36.223+0000] {processor.py:186} INFO - Started process (PID=612) to work on /home/airflow/.local/lib/python3.12/site-packages/airflow/example_dags/example_sla_dag.py
[2024-12-28T16:56:36.224+0000] {processor.py:914} INFO - Processing file /home/airflow/.local/lib/python3.12/site-packages/airflow/example_dags/example_sla_dag.py for tasks to queue
[2024-12-28T16:56:36.226+0000] {logging_mixin.py:190} INFO - [2024-12-28T16:56:36.226+0000] {dagbag.py:588} INFO - Filling up the DagBag from /home/airflow/.local/lib/python3.12/site-packages/airflow/example_dags/example_sla_dag.py
[2024-12-28T16:56:36.236+0000] {processor.py:925} INFO - DAG(s) 'example_sla_dag' retrieved from /home/airflow/.local/lib/python3.12/site-packages/airflow/example_dags/example_sla_dag.py
[2024-12-28T16:56:36.257+0000] {logging_mixin.py:190} INFO - [2024-12-28T16:56:36.257+0000] {dag.py:3239} INFO - Sync 1 DAGs
[2024-12-28T16:56:36.280+0000] {logging_mixin.py:190} INFO - [2024-12-28T16:56:36.280+0000] {dag.py:4180} INFO - Setting next_dagrun for example_sla_dag to 2024-12-28 16:54:00+00:00, run_after=2024-12-28 16:56:00+00:00
[2024-12-28T16:56:36.297+0000] {processor.py:208} INFO - Processing /home/airflow/.local/lib/python3.12/site-packages/airflow/example_dags/example_sla_dag.py took 0.079 seconds
[2024-12-28T16:57:07.034+0000] {processor.py:186} INFO - Started process (PID=676) to work on /home/airflow/.local/lib/python3.12/site-packages/airflow/example_dags/example_sla_dag.py
[2024-12-28T16:57:07.035+0000] {processor.py:914} INFO - Processing file /home/airflow/.local/lib/python3.12/site-packages/airflow/example_dags/example_sla_dag.py for tasks to queue
[2024-12-28T16:57:07.037+0000] {logging_mixin.py:190} INFO - [2024-12-28T16:57:07.037+0000] {dagbag.py:588} INFO - Filling up the DagBag from /home/airflow/.local/lib/python3.12/site-packages/airflow/example_dags/example_sla_dag.py
[2024-12-28T16:57:07.046+0000] {processor.py:925} INFO - DAG(s) 'example_sla_dag' retrieved from /home/airflow/.local/lib/python3.12/site-packages/airflow/example_dags/example_sla_dag.py
[2024-12-28T16:57:07.067+0000] {logging_mixin.py:190} INFO - [2024-12-28T16:57:07.067+0000] {dag.py:3239} INFO - Sync 1 DAGs
[2024-12-28T16:57:07.090+0000] {logging_mixin.py:190} INFO - [2024-12-28T16:57:07.090+0000] {dag.py:4180} INFO - Setting next_dagrun for example_sla_dag to 2024-12-28 16:54:00+00:00, run_after=2024-12-28 16:56:00+00:00
[2024-12-28T16:57:07.107+0000] {processor.py:208} INFO - Processing /home/airflow/.local/lib/python3.12/site-packages/airflow/example_dags/example_sla_dag.py took 0.079 seconds
[2024-12-28T16:57:38.626+0000] {processor.py:186} INFO - Started process (PID=740) to work on /home/airflow/.local/lib/python3.12/site-packages/airflow/example_dags/example_sla_dag.py
[2024-12-28T16:57:38.627+0000] {processor.py:914} INFO - Processing file /home/airflow/.local/lib/python3.12/site-packages/airflow/example_dags/example_sla_dag.py for tasks to queue
[2024-12-28T16:57:38.629+0000] {logging_mixin.py:190} INFO - [2024-12-28T16:57:38.629+0000] {dagbag.py:588} INFO - Filling up the DagBag from /home/airflow/.local/lib/python3.12/site-packages/airflow/example_dags/example_sla_dag.py
[2024-12-28T16:57:38.639+0000] {processor.py:925} INFO - DAG(s) 'example_sla_dag' retrieved from /home/airflow/.local/lib/python3.12/site-packages/airflow/example_dags/example_sla_dag.py
[2024-12-28T16:57:38.661+0000] {logging_mixin.py:190} INFO - [2024-12-28T16:57:38.660+0000] {dag.py:3239} INFO - Sync 1 DAGs
[2024-12-28T16:57:38.684+0000] {logging_mixin.py:190} INFO - [2024-12-28T16:57:38.684+0000] {dag.py:4180} INFO - Setting next_dagrun for example_sla_dag to 2024-12-28 16:54:00+00:00, run_after=2024-12-28 16:56:00+00:00
[2024-12-28T16:57:38.701+0000] {processor.py:208} INFO - Processing /home/airflow/.local/lib/python3.12/site-packages/airflow/example_dags/example_sla_dag.py took 0.080 seconds
[2024-12-28T16:58:09.369+0000] {processor.py:186} INFO - Started process (PID=804) to work on /home/airflow/.local/lib/python3.12/site-packages/airflow/example_dags/example_sla_dag.py
[2024-12-28T16:58:09.370+0000] {processor.py:914} INFO - Processing file /home/airflow/.local/lib/python3.12/site-packages/airflow/example_dags/example_sla_dag.py for tasks to queue
[2024-12-28T16:58:09.372+0000] {logging_mixin.py:190} INFO - [2024-12-28T16:58:09.372+0000] {dagbag.py:588} INFO - Filling up the DagBag from /home/airflow/.local/lib/python3.12/site-packages/airflow/example_dags/example_sla_dag.py
[2024-12-28T16:58:09.381+0000] {processor.py:925} INFO - DAG(s) 'example_sla_dag' retrieved from /home/airflow/.local/lib/python3.12/site-packages/airflow/example_dags/example_sla_dag.py
[2024-12-28T16:58:09.400+0000] {logging_mixin.py:190} INFO - [2024-12-28T16:58:09.400+0000] {dag.py:3239} INFO - Sync 1 DAGs
[2024-12-28T16:58:09.422+0000] {logging_mixin.py:190} INFO - [2024-12-28T16:58:09.422+0000] {dag.py:4180} INFO - Setting next_dagrun for example_sla_dag to 2024-12-28 16:56:00+00:00, run_after=2024-12-28 16:58:00+00:00
[2024-12-28T16:58:09.439+0000] {processor.py:208} INFO - Processing /home/airflow/.local/lib/python3.12/site-packages/airflow/example_dags/example_sla_dag.py took 0.076 seconds
[2024-12-28T16:58:40.579+0000] {processor.py:186} INFO - Started process (PID=868) to work on /home/airflow/.local/lib/python3.12/site-packages/airflow/example_dags/example_sla_dag.py
[2024-12-28T16:58:40.580+0000] {processor.py:914} INFO - Processing file /home/airflow/.local/lib/python3.12/site-packages/airflow/example_dags/example_sla_dag.py for tasks to queue
[2024-12-28T16:58:40.582+0000] {logging_mixin.py:190} INFO - [2024-12-28T16:58:40.581+0000] {dagbag.py:588} INFO - Filling up the DagBag from /home/airflow/.local/lib/python3.12/site-packages/airflow/example_dags/example_sla_dag.py
[2024-12-28T16:58:40.591+0000] {processor.py:925} INFO - DAG(s) 'example_sla_dag' retrieved from /home/airflow/.local/lib/python3.12/site-packages/airflow/example_dags/example_sla_dag.py
[2024-12-28T16:58:40.609+0000] {logging_mixin.py:190} INFO - [2024-12-28T16:58:40.608+0000] {dag.py:3239} INFO - Sync 1 DAGs
[2024-12-28T16:58:40.632+0000] {logging_mixin.py:190} INFO - [2024-12-28T16:58:40.632+0000] {dag.py:4180} INFO - Setting next_dagrun for example_sla_dag to 2024-12-28 16:56:00+00:00, run_after=2024-12-28 16:58:00+00:00
[2024-12-28T16:58:40.648+0000] {processor.py:208} INFO - Processing /home/airflow/.local/lib/python3.12/site-packages/airflow/example_dags/example_sla_dag.py took 0.075 seconds
[2024-12-28T16:59:11.746+0000] {processor.py:186} INFO - Started process (PID=932) to work on /home/airflow/.local/lib/python3.12/site-packages/airflow/example_dags/example_sla_dag.py
[2024-12-28T16:59:11.747+0000] {processor.py:914} INFO - Processing file /home/airflow/.local/lib/python3.12/site-packages/airflow/example_dags/example_sla_dag.py for tasks to queue
[2024-12-28T16:59:11.749+0000] {logging_mixin.py:190} INFO - [2024-12-28T16:59:11.749+0000] {dagbag.py:588} INFO - Filling up the DagBag from /home/airflow/.local/lib/python3.12/site-packages/airflow/example_dags/example_sla_dag.py
[2024-12-28T16:59:11.758+0000] {processor.py:925} INFO - DAG(s) 'example_sla_dag' retrieved from /home/airflow/.local/lib/python3.12/site-packages/airflow/example_dags/example_sla_dag.py
[2024-12-28T16:59:11.776+0000] {logging_mixin.py:190} INFO - [2024-12-28T16:59:11.776+0000] {dag.py:3239} INFO - Sync 1 DAGs
[2024-12-28T16:59:11.798+0000] {logging_mixin.py:190} INFO - [2024-12-28T16:59:11.798+0000] {dag.py:4180} INFO - Setting next_dagrun for example_sla_dag to 2024-12-28 16:56:00+00:00, run_after=2024-12-28 16:58:00+00:00
[2024-12-28T16:59:11.814+0000] {processor.py:208} INFO - Processing /home/airflow/.local/lib/python3.12/site-packages/airflow/example_dags/example_sla_dag.py took 0.073 seconds
[2024-12-28T16:59:43.083+0000] {processor.py:186} INFO - Started process (PID=996) to work on /home/airflow/.local/lib/python3.12/site-packages/airflow/example_dags/example_sla_dag.py
[2024-12-28T16:59:43.084+0000] {processor.py:914} INFO - Processing file /home/airflow/.local/lib/python3.12/site-packages/airflow/example_dags/example_sla_dag.py for tasks to queue
[2024-12-28T16:59:43.086+0000] {logging_mixin.py:190} INFO - [2024-12-28T16:59:43.086+0000] {dagbag.py:588} INFO - Filling up the DagBag from /home/airflow/.local/lib/python3.12/site-packages/airflow/example_dags/example_sla_dag.py
[2024-12-28T16:59:43.095+0000] {processor.py:925} INFO - DAG(s) 'example_sla_dag' retrieved from /home/airflow/.local/lib/python3.12/site-packages/airflow/example_dags/example_sla_dag.py
[2024-12-28T16:59:43.115+0000] {logging_mixin.py:190} INFO - [2024-12-28T16:59:43.115+0000] {dag.py:3239} INFO - Sync 1 DAGs
[2024-12-28T16:59:43.137+0000] {logging_mixin.py:190} INFO - [2024-12-28T16:59:43.137+0000] {dag.py:4180} INFO - Setting next_dagrun for example_sla_dag to 2024-12-28 16:56:00+00:00, run_after=2024-12-28 16:58:00+00:00
[2024-12-28T16:59:43.152+0000] {processor.py:208} INFO - Processing /home/airflow/.local/lib/python3.12/site-packages/airflow/example_dags/example_sla_dag.py took 0.074 seconds
[2024-12-28T17:00:13.893+0000] {processor.py:186} INFO - Started process (PID=1060) to work on /home/airflow/.local/lib/python3.12/site-packages/airflow/example_dags/example_sla_dag.py
[2024-12-28T17:00:13.894+0000] {processor.py:914} INFO - Processing file /home/airflow/.local/lib/python3.12/site-packages/airflow/example_dags/example_sla_dag.py for tasks to queue
[2024-12-28T17:00:13.896+0000] {logging_mixin.py:190} INFO - [2024-12-28T17:00:13.895+0000] {dagbag.py:588} INFO - Filling up the DagBag from /home/airflow/.local/lib/python3.12/site-packages/airflow/example_dags/example_sla_dag.py
[2024-12-28T17:00:13.905+0000] {processor.py:925} INFO - DAG(s) 'example_sla_dag' retrieved from /home/airflow/.local/lib/python3.12/site-packages/airflow/example_dags/example_sla_dag.py
[2024-12-28T17:00:13.924+0000] {logging_mixin.py:190} INFO - [2024-12-28T17:00:13.924+0000] {dag.py:3239} INFO - Sync 1 DAGs
[2024-12-28T17:00:13.948+0000] {logging_mixin.py:190} INFO - [2024-12-28T17:00:13.947+0000] {dag.py:4180} INFO - Setting next_dagrun for example_sla_dag to 2024-12-28 16:58:00+00:00, run_after=2024-12-28 17:00:00+00:00
[2024-12-28T17:00:13.966+0000] {processor.py:208} INFO - Processing /home/airflow/.local/lib/python3.12/site-packages/airflow/example_dags/example_sla_dag.py took 0.079 seconds
[2024-12-28T17:00:45.339+0000] {processor.py:186} INFO - Started process (PID=1124) to work on /home/airflow/.local/lib/python3.12/site-packages/airflow/example_dags/example_sla_dag.py
[2024-12-28T17:00:45.340+0000] {processor.py:914} INFO - Processing file /home/airflow/.local/lib/python3.12/site-packages/airflow/example_dags/example_sla_dag.py for tasks to queue
[2024-12-28T17:00:45.342+0000] {logging_mixin.py:190} INFO - [2024-12-28T17:00:45.341+0000] {dagbag.py:588} INFO - Filling up the DagBag from /home/airflow/.local/lib/python3.12/site-packages/airflow/example_dags/example_sla_dag.py
[2024-12-28T17:00:45.350+0000] {processor.py:925} INFO - DAG(s) 'example_sla_dag' retrieved from /home/airflow/.local/lib/python3.12/site-packages/airflow/example_dags/example_sla_dag.py
[2024-12-28T17:00:45.369+0000] {logging_mixin.py:190} INFO - [2024-12-28T17:00:45.368+0000] {dag.py:3239} INFO - Sync 1 DAGs
[2024-12-28T17:00:45.390+0000] {logging_mixin.py:190} INFO - [2024-12-28T17:00:45.390+0000] {dag.py:4180} INFO - Setting next_dagrun for example_sla_dag to 2024-12-28 16:58:00+00:00, run_after=2024-12-28 17:00:00+00:00
[2024-12-28T17:00:45.407+0000] {processor.py:208} INFO - Processing /home/airflow/.local/lib/python3.12/site-packages/airflow/example_dags/example_sla_dag.py took 0.073 seconds
[2024-12-28T17:01:16.956+0000] {processor.py:186} INFO - Started process (PID=1188) to work on /home/airflow/.local/lib/python3.12/site-packages/airflow/example_dags/example_sla_dag.py
[2024-12-28T17:01:16.957+0000] {processor.py:914} INFO - Processing file /home/airflow/.local/lib/python3.12/site-packages/airflow/example_dags/example_sla_dag.py for tasks to queue
[2024-12-28T17:01:16.959+0000] {logging_mixin.py:190} INFO - [2024-12-28T17:01:16.959+0000] {dagbag.py:588} INFO - Filling up the DagBag from /home/airflow/.local/lib/python3.12/site-packages/airflow/example_dags/example_sla_dag.py
[2024-12-28T17:01:16.969+0000] {processor.py:925} INFO - DAG(s) 'example_sla_dag' retrieved from /home/airflow/.local/lib/python3.12/site-packages/airflow/example_dags/example_sla_dag.py
[2024-12-28T17:01:16.989+0000] {logging_mixin.py:190} INFO - [2024-12-28T17:01:16.988+0000] {dag.py:3239} INFO - Sync 1 DAGs
[2024-12-28T17:01:17.012+0000] {logging_mixin.py:190} INFO - [2024-12-28T17:01:17.012+0000] {dag.py:4180} INFO - Setting next_dagrun for example_sla_dag to 2024-12-28 16:58:00+00:00, run_after=2024-12-28 17:00:00+00:00
[2024-12-28T17:01:17.033+0000] {processor.py:208} INFO - Processing /home/airflow/.local/lib/python3.12/site-packages/airflow/example_dags/example_sla_dag.py took 0.081 seconds
[2024-12-28T17:01:47.937+0000] {processor.py:186} INFO - Started process (PID=1252) to work on /home/airflow/.local/lib/python3.12/site-packages/airflow/example_dags/example_sla_dag.py
[2024-12-28T17:01:47.938+0000] {processor.py:914} INFO - Processing file /home/airflow/.local/lib/python3.12/site-packages/airflow/example_dags/example_sla_dag.py for tasks to queue
[2024-12-28T17:01:47.940+0000] {logging_mixin.py:190} INFO - [2024-12-28T17:01:47.940+0000] {dagbag.py:588} INFO - Filling up the DagBag from /home/airflow/.local/lib/python3.12/site-packages/airflow/example_dags/example_sla_dag.py
[2024-12-28T17:01:47.950+0000] {processor.py:925} INFO - DAG(s) 'example_sla_dag' retrieved from /home/airflow/.local/lib/python3.12/site-packages/airflow/example_dags/example_sla_dag.py
[2024-12-28T17:01:47.969+0000] {logging_mixin.py:190} INFO - [2024-12-28T17:01:47.968+0000] {dag.py:3239} INFO - Sync 1 DAGs
[2024-12-28T17:01:47.991+0000] {logging_mixin.py:190} INFO - [2024-12-28T17:01:47.990+0000] {dag.py:4180} INFO - Setting next_dagrun for example_sla_dag to 2024-12-28 16:58:00+00:00, run_after=2024-12-28 17:00:00+00:00
[2024-12-28T17:01:48.009+0000] {processor.py:208} INFO - Processing /home/airflow/.local/lib/python3.12/site-packages/airflow/example_dags/example_sla_dag.py took 0.077 seconds
[2024-12-28T17:02:19.473+0000] {processor.py:186} INFO - Started process (PID=1316) to work on /home/airflow/.local/lib/python3.12/site-packages/airflow/example_dags/example_sla_dag.py
[2024-12-28T17:02:19.474+0000] {processor.py:914} INFO - Processing file /home/airflow/.local/lib/python3.12/site-packages/airflow/example_dags/example_sla_dag.py for tasks to queue
[2024-12-28T17:02:19.476+0000] {logging_mixin.py:190} INFO - [2024-12-28T17:02:19.476+0000] {dagbag.py:588} INFO - Filling up the DagBag from /home/airflow/.local/lib/python3.12/site-packages/airflow/example_dags/example_sla_dag.py
[2024-12-28T17:02:19.487+0000] {processor.py:925} INFO - DAG(s) 'example_sla_dag' retrieved from /home/airflow/.local/lib/python3.12/site-packages/airflow/example_dags/example_sla_dag.py
[2024-12-28T17:02:19.507+0000] {logging_mixin.py:190} INFO - [2024-12-28T17:02:19.507+0000] {dag.py:3239} INFO - Sync 1 DAGs
[2024-12-28T17:02:19.535+0000] {logging_mixin.py:190} INFO - [2024-12-28T17:02:19.535+0000] {dag.py:4180} INFO - Setting next_dagrun for example_sla_dag to 2024-12-28 17:00:00+00:00, run_after=2024-12-28 17:02:00+00:00
[2024-12-28T17:02:19.554+0000] {processor.py:208} INFO - Processing /home/airflow/.local/lib/python3.12/site-packages/airflow/example_dags/example_sla_dag.py took 0.087 seconds
[2024-12-28T17:02:50.094+0000] {processor.py:186} INFO - Started process (PID=1389) to work on /home/airflow/.local/lib/python3.12/site-packages/airflow/example_dags/example_sla_dag.py
[2024-12-28T17:02:50.095+0000] {processor.py:914} INFO - Processing file /home/airflow/.local/lib/python3.12/site-packages/airflow/example_dags/example_sla_dag.py for tasks to queue
[2024-12-28T17:02:50.097+0000] {logging_mixin.py:190} INFO - [2024-12-28T17:02:50.097+0000] {dagbag.py:588} INFO - Filling up the DagBag from /home/airflow/.local/lib/python3.12/site-packages/airflow/example_dags/example_sla_dag.py
[2024-12-28T17:02:50.106+0000] {processor.py:925} INFO - DAG(s) 'example_sla_dag' retrieved from /home/airflow/.local/lib/python3.12/site-packages/airflow/example_dags/example_sla_dag.py
[2024-12-28T17:02:50.124+0000] {logging_mixin.py:190} INFO - [2024-12-28T17:02:50.124+0000] {dag.py:3239} INFO - Sync 1 DAGs
[2024-12-28T17:02:50.146+0000] {logging_mixin.py:190} INFO - [2024-12-28T17:02:50.146+0000] {dag.py:4180} INFO - Setting next_dagrun for example_sla_dag to 2024-12-28 17:00:00+00:00, run_after=2024-12-28 17:02:00+00:00
[2024-12-28T17:02:50.165+0000] {processor.py:208} INFO - Processing /home/airflow/.local/lib/python3.12/site-packages/airflow/example_dags/example_sla_dag.py took 0.076 seconds
[2024-12-28T17:03:21.060+0000] {processor.py:186} INFO - Started process (PID=1465) to work on /home/airflow/.local/lib/python3.12/site-packages/airflow/example_dags/example_sla_dag.py
[2024-12-28T17:03:21.061+0000] {processor.py:914} INFO - Processing file /home/airflow/.local/lib/python3.12/site-packages/airflow/example_dags/example_sla_dag.py for tasks to queue
[2024-12-28T17:03:21.063+0000] {logging_mixin.py:190} INFO - [2024-12-28T17:03:21.062+0000] {dagbag.py:588} INFO - Filling up the DagBag from /home/airflow/.local/lib/python3.12/site-packages/airflow/example_dags/example_sla_dag.py
[2024-12-28T17:03:21.071+0000] {processor.py:925} INFO - DAG(s) 'example_sla_dag' retrieved from /home/airflow/.local/lib/python3.12/site-packages/airflow/example_dags/example_sla_dag.py
[2024-12-28T17:03:21.090+0000] {logging_mixin.py:190} INFO - [2024-12-28T17:03:21.089+0000] {dag.py:3239} INFO - Sync 1 DAGs
[2024-12-28T17:03:21.113+0000] {logging_mixin.py:190} INFO - [2024-12-28T17:03:21.113+0000] {dag.py:4180} INFO - Setting next_dagrun for example_sla_dag to 2024-12-28 17:00:00+00:00, run_after=2024-12-28 17:02:00+00:00
[2024-12-28T17:03:21.132+0000] {processor.py:208} INFO - Processing /home/airflow/.local/lib/python3.12/site-packages/airflow/example_dags/example_sla_dag.py took 0.078 seconds
[2024-12-28T17:03:51.895+0000] {processor.py:186} INFO - Started process (PID=1549) to work on /home/airflow/.local/lib/python3.12/site-packages/airflow/example_dags/example_sla_dag.py
[2024-12-28T17:03:51.896+0000] {processor.py:914} INFO - Processing file /home/airflow/.local/lib/python3.12/site-packages/airflow/example_dags/example_sla_dag.py for tasks to queue
[2024-12-28T17:03:51.899+0000] {logging_mixin.py:190} INFO - [2024-12-28T17:03:51.898+0000] {dagbag.py:588} INFO - Filling up the DagBag from /home/airflow/.local/lib/python3.12/site-packages/airflow/example_dags/example_sla_dag.py
[2024-12-28T17:03:51.910+0000] {processor.py:925} INFO - DAG(s) 'example_sla_dag' retrieved from /home/airflow/.local/lib/python3.12/site-packages/airflow/example_dags/example_sla_dag.py
[2024-12-28T17:03:51.930+0000] {logging_mixin.py:190} INFO - [2024-12-28T17:03:51.930+0000] {dag.py:3239} INFO - Sync 1 DAGs
[2024-12-28T17:03:51.958+0000] {logging_mixin.py:190} INFO - [2024-12-28T17:03:51.958+0000] {dag.py:4180} INFO - Setting next_dagrun for example_sla_dag to 2024-12-28 17:00:00+00:00, run_after=2024-12-28 17:02:00+00:00
[2024-12-28T17:03:51.976+0000] {processor.py:208} INFO - Processing /home/airflow/.local/lib/python3.12/site-packages/airflow/example_dags/example_sla_dag.py took 0.087 seconds
