[2024-12-28T16:38:30.709+0000] {processor.py:186} INFO - Started process (PID=69) to work on /home/airflow/.local/lib/python3.12/site-packages/airflow/example_dags/example_task_group.py
[2024-12-28T16:38:30.710+0000] {processor.py:914} INFO - Processing file /home/airflow/.local/lib/python3.12/site-packages/airflow/example_dags/example_task_group.py for tasks to queue
[2024-12-28T16:38:30.712+0000] {logging_mixin.py:190} INFO - [2024-12-28T16:38:30.711+0000] {dagbag.py:588} INFO - Filling up the DagBag from /home/airflow/.local/lib/python3.12/site-packages/airflow/example_dags/example_task_group.py
[2024-12-28T16:38:30.724+0000] {processor.py:925} INFO - DAG(s) 'example_task_group' retrieved from /home/airflow/.local/lib/python3.12/site-packages/airflow/example_dags/example_task_group.py
[2024-12-28T16:38:30.828+0000] {logging_mixin.py:190} INFO - [2024-12-28T16:38:30.827+0000] {override.py:1911} INFO - Created Permission View: can delete on DAG:example_task_group
[2024-12-28T16:38:30.837+0000] {logging_mixin.py:190} INFO - [2024-12-28T16:38:30.836+0000] {override.py:1911} INFO - Created Permission View: can edit on DAG:example_task_group
[2024-12-28T16:38:30.843+0000] {logging_mixin.py:190} INFO - [2024-12-28T16:38:30.842+0000] {override.py:1911} INFO - Created Permission View: can read on DAG:example_task_group
[2024-12-28T16:38:30.850+0000] {logging_mixin.py:190} INFO - [2024-12-28T16:38:30.850+0000] {override.py:1911} INFO - Created Permission View: can create on DAG Run:example_task_group
[2024-12-28T16:38:30.857+0000] {logging_mixin.py:190} INFO - [2024-12-28T16:38:30.856+0000] {override.py:1911} INFO - Created Permission View: can delete on DAG Run:example_task_group
[2024-12-28T16:38:30.863+0000] {logging_mixin.py:190} INFO - [2024-12-28T16:38:30.863+0000] {override.py:1911} INFO - Created Permission View: menu access on DAG Run:example_task_group
[2024-12-28T16:38:30.870+0000] {logging_mixin.py:190} INFO - [2024-12-28T16:38:30.870+0000] {override.py:1911} INFO - Created Permission View: can read on DAG Run:example_task_group
[2024-12-28T16:38:30.870+0000] {logging_mixin.py:190} INFO - [2024-12-28T16:38:30.870+0000] {dag.py:3239} INFO - Sync 1 DAGs
[2024-12-28T16:38:30.881+0000] {logging_mixin.py:190} INFO - [2024-12-28T16:38:30.881+0000] {dag.py:3262} INFO - Creating ORM DAG for example_task_group
[2024-12-28T16:38:30.882+0000] {logging_mixin.py:190} INFO - [2024-12-28T16:38:30.882+0000] {dag.py:4180} INFO - Setting next_dagrun for example_task_group to None, run_after=None
[2024-12-28T16:38:30.898+0000] {processor.py:208} INFO - Processing /home/airflow/.local/lib/python3.12/site-packages/airflow/example_dags/example_task_group.py took 0.194 seconds
[2024-12-28T16:39:01.559+0000] {processor.py:186} INFO - Started process (PID=132) to work on /home/airflow/.local/lib/python3.12/site-packages/airflow/example_dags/example_task_group.py
[2024-12-28T16:39:01.560+0000] {processor.py:914} INFO - Processing file /home/airflow/.local/lib/python3.12/site-packages/airflow/example_dags/example_task_group.py for tasks to queue
[2024-12-28T16:39:01.562+0000] {logging_mixin.py:190} INFO - [2024-12-28T16:39:01.562+0000] {dagbag.py:588} INFO - Filling up the DagBag from /home/airflow/.local/lib/python3.12/site-packages/airflow/example_dags/example_task_group.py
[2024-12-28T16:39:01.572+0000] {processor.py:925} INFO - DAG(s) 'example_task_group' retrieved from /home/airflow/.local/lib/python3.12/site-packages/airflow/example_dags/example_task_group.py
[2024-12-28T16:39:01.598+0000] {logging_mixin.py:190} INFO - [2024-12-28T16:39:01.597+0000] {dag.py:3239} INFO - Sync 1 DAGs
[2024-12-28T16:39:01.613+0000] {logging_mixin.py:190} INFO - [2024-12-28T16:39:01.612+0000] {dag.py:4180} INFO - Setting next_dagrun for example_task_group to None, run_after=None
[2024-12-28T16:39:01.633+0000] {processor.py:208} INFO - Processing /home/airflow/.local/lib/python3.12/site-packages/airflow/example_dags/example_task_group.py took 0.080 seconds
[2024-12-28T16:39:31.724+0000] {processor.py:186} INFO - Started process (PID=195) to work on /home/airflow/.local/lib/python3.12/site-packages/airflow/example_dags/example_task_group.py
[2024-12-28T16:39:31.725+0000] {processor.py:914} INFO - Processing file /home/airflow/.local/lib/python3.12/site-packages/airflow/example_dags/example_task_group.py for tasks to queue
[2024-12-28T16:39:31.727+0000] {logging_mixin.py:190} INFO - [2024-12-28T16:39:31.727+0000] {dagbag.py:588} INFO - Filling up the DagBag from /home/airflow/.local/lib/python3.12/site-packages/airflow/example_dags/example_task_group.py
[2024-12-28T16:39:31.737+0000] {processor.py:925} INFO - DAG(s) 'example_task_group' retrieved from /home/airflow/.local/lib/python3.12/site-packages/airflow/example_dags/example_task_group.py
[2024-12-28T16:39:31.761+0000] {logging_mixin.py:190} INFO - [2024-12-28T16:39:31.761+0000] {dag.py:3239} INFO - Sync 1 DAGs
[2024-12-28T16:39:31.775+0000] {logging_mixin.py:190} INFO - [2024-12-28T16:39:31.775+0000] {dag.py:4180} INFO - Setting next_dagrun for example_task_group to None, run_after=None
[2024-12-28T16:39:31.794+0000] {processor.py:208} INFO - Processing /home/airflow/.local/lib/python3.12/site-packages/airflow/example_dags/example_task_group.py took 0.075 seconds
[2024-12-28T16:40:02.087+0000] {processor.py:186} INFO - Started process (PID=258) to work on /home/airflow/.local/lib/python3.12/site-packages/airflow/example_dags/example_task_group.py
[2024-12-28T16:40:02.088+0000] {processor.py:914} INFO - Processing file /home/airflow/.local/lib/python3.12/site-packages/airflow/example_dags/example_task_group.py for tasks to queue
[2024-12-28T16:40:02.090+0000] {logging_mixin.py:190} INFO - [2024-12-28T16:40:02.090+0000] {dagbag.py:588} INFO - Filling up the DagBag from /home/airflow/.local/lib/python3.12/site-packages/airflow/example_dags/example_task_group.py
[2024-12-28T16:40:02.098+0000] {processor.py:925} INFO - DAG(s) 'example_task_group' retrieved from /home/airflow/.local/lib/python3.12/site-packages/airflow/example_dags/example_task_group.py
[2024-12-28T16:40:02.120+0000] {logging_mixin.py:190} INFO - [2024-12-28T16:40:02.120+0000] {dag.py:3239} INFO - Sync 1 DAGs
[2024-12-28T16:40:02.133+0000] {logging_mixin.py:190} INFO - [2024-12-28T16:40:02.133+0000] {dag.py:4180} INFO - Setting next_dagrun for example_task_group to None, run_after=None
[2024-12-28T16:40:02.150+0000] {processor.py:208} INFO - Processing /home/airflow/.local/lib/python3.12/site-packages/airflow/example_dags/example_task_group.py took 0.069 seconds
[2024-12-28T16:42:38.016+0000] {processor.py:186} INFO - Started process (PID=68) to work on /home/airflow/.local/lib/python3.12/site-packages/airflow/example_dags/example_task_group.py
[2024-12-28T16:42:38.017+0000] {processor.py:914} INFO - Processing file /home/airflow/.local/lib/python3.12/site-packages/airflow/example_dags/example_task_group.py for tasks to queue
[2024-12-28T16:42:38.019+0000] {logging_mixin.py:190} INFO - [2024-12-28T16:42:38.019+0000] {dagbag.py:588} INFO - Filling up the DagBag from /home/airflow/.local/lib/python3.12/site-packages/airflow/example_dags/example_task_group.py
[2024-12-28T16:42:38.030+0000] {processor.py:925} INFO - DAG(s) 'example_task_group' retrieved from /home/airflow/.local/lib/python3.12/site-packages/airflow/example_dags/example_task_group.py
[2024-12-28T16:42:38.060+0000] {logging_mixin.py:190} INFO - [2024-12-28T16:42:38.060+0000] {dag.py:3239} INFO - Sync 1 DAGs
[2024-12-28T16:42:38.075+0000] {logging_mixin.py:190} INFO - [2024-12-28T16:42:38.075+0000] {dag.py:4180} INFO - Setting next_dagrun for example_task_group to None, run_after=None
[2024-12-28T16:42:38.095+0000] {processor.py:208} INFO - Processing /home/airflow/.local/lib/python3.12/site-packages/airflow/example_dags/example_task_group.py took 0.085 seconds
[2024-12-28T16:43:09.010+0000] {processor.py:186} INFO - Started process (PID=131) to work on /home/airflow/.local/lib/python3.12/site-packages/airflow/example_dags/example_task_group.py
[2024-12-28T16:43:09.011+0000] {processor.py:914} INFO - Processing file /home/airflow/.local/lib/python3.12/site-packages/airflow/example_dags/example_task_group.py for tasks to queue
[2024-12-28T16:43:09.014+0000] {logging_mixin.py:190} INFO - [2024-12-28T16:43:09.013+0000] {dagbag.py:588} INFO - Filling up the DagBag from /home/airflow/.local/lib/python3.12/site-packages/airflow/example_dags/example_task_group.py
[2024-12-28T16:43:09.023+0000] {processor.py:925} INFO - DAG(s) 'example_task_group' retrieved from /home/airflow/.local/lib/python3.12/site-packages/airflow/example_dags/example_task_group.py
[2024-12-28T16:43:09.048+0000] {logging_mixin.py:190} INFO - [2024-12-28T16:43:09.048+0000] {dag.py:3239} INFO - Sync 1 DAGs
[2024-12-28T16:43:09.063+0000] {logging_mixin.py:190} INFO - [2024-12-28T16:43:09.063+0000] {dag.py:4180} INFO - Setting next_dagrun for example_task_group to None, run_after=None
[2024-12-28T16:43:09.084+0000] {processor.py:208} INFO - Processing /home/airflow/.local/lib/python3.12/site-packages/airflow/example_dags/example_task_group.py took 0.081 seconds
[2024-12-28T16:43:39.753+0000] {processor.py:186} INFO - Started process (PID=194) to work on /home/airflow/.local/lib/python3.12/site-packages/airflow/example_dags/example_task_group.py
[2024-12-28T16:43:39.754+0000] {processor.py:914} INFO - Processing file /home/airflow/.local/lib/python3.12/site-packages/airflow/example_dags/example_task_group.py for tasks to queue
[2024-12-28T16:43:39.756+0000] {logging_mixin.py:190} INFO - [2024-12-28T16:43:39.755+0000] {dagbag.py:588} INFO - Filling up the DagBag from /home/airflow/.local/lib/python3.12/site-packages/airflow/example_dags/example_task_group.py
[2024-12-28T16:43:39.764+0000] {processor.py:925} INFO - DAG(s) 'example_task_group' retrieved from /home/airflow/.local/lib/python3.12/site-packages/airflow/example_dags/example_task_group.py
[2024-12-28T16:43:39.787+0000] {logging_mixin.py:190} INFO - [2024-12-28T16:43:39.786+0000] {dag.py:3239} INFO - Sync 1 DAGs
[2024-12-28T16:43:39.802+0000] {logging_mixin.py:190} INFO - [2024-12-28T16:43:39.802+0000] {dag.py:4180} INFO - Setting next_dagrun for example_task_group to None, run_after=None
[2024-12-28T16:43:39.819+0000] {processor.py:208} INFO - Processing /home/airflow/.local/lib/python3.12/site-packages/airflow/example_dags/example_task_group.py took 0.071 seconds
[2024-12-28T16:44:10.168+0000] {processor.py:186} INFO - Started process (PID=257) to work on /home/airflow/.local/lib/python3.12/site-packages/airflow/example_dags/example_task_group.py
[2024-12-28T16:44:10.170+0000] {processor.py:914} INFO - Processing file /home/airflow/.local/lib/python3.12/site-packages/airflow/example_dags/example_task_group.py for tasks to queue
[2024-12-28T16:44:10.175+0000] {logging_mixin.py:190} INFO - [2024-12-28T16:44:10.174+0000] {dagbag.py:588} INFO - Filling up the DagBag from /home/airflow/.local/lib/python3.12/site-packages/airflow/example_dags/example_task_group.py
[2024-12-28T16:44:10.186+0000] {processor.py:925} INFO - DAG(s) 'example_task_group' retrieved from /home/airflow/.local/lib/python3.12/site-packages/airflow/example_dags/example_task_group.py
[2024-12-28T16:44:10.219+0000] {logging_mixin.py:190} INFO - [2024-12-28T16:44:10.219+0000] {dag.py:3239} INFO - Sync 1 DAGs
[2024-12-28T16:44:10.238+0000] {logging_mixin.py:190} INFO - [2024-12-28T16:44:10.237+0000] {dag.py:4180} INFO - Setting next_dagrun for example_task_group to None, run_after=None
[2024-12-28T16:44:10.265+0000] {processor.py:208} INFO - Processing /home/airflow/.local/lib/python3.12/site-packages/airflow/example_dags/example_task_group.py took 0.111 seconds
[2024-12-28T16:44:40.657+0000] {processor.py:186} INFO - Started process (PID=320) to work on /home/airflow/.local/lib/python3.12/site-packages/airflow/example_dags/example_task_group.py
[2024-12-28T16:44:40.658+0000] {processor.py:914} INFO - Processing file /home/airflow/.local/lib/python3.12/site-packages/airflow/example_dags/example_task_group.py for tasks to queue
[2024-12-28T16:44:40.660+0000] {logging_mixin.py:190} INFO - [2024-12-28T16:44:40.660+0000] {dagbag.py:588} INFO - Filling up the DagBag from /home/airflow/.local/lib/python3.12/site-packages/airflow/example_dags/example_task_group.py
[2024-12-28T16:44:40.668+0000] {processor.py:925} INFO - DAG(s) 'example_task_group' retrieved from /home/airflow/.local/lib/python3.12/site-packages/airflow/example_dags/example_task_group.py
[2024-12-28T16:44:40.689+0000] {logging_mixin.py:190} INFO - [2024-12-28T16:44:40.689+0000] {dag.py:3239} INFO - Sync 1 DAGs
[2024-12-28T16:44:40.702+0000] {logging_mixin.py:190} INFO - [2024-12-28T16:44:40.701+0000] {dag.py:4180} INFO - Setting next_dagrun for example_task_group to None, run_after=None
[2024-12-28T16:44:40.718+0000] {processor.py:208} INFO - Processing /home/airflow/.local/lib/python3.12/site-packages/airflow/example_dags/example_task_group.py took 0.066 seconds
[2024-12-28T16:45:10.923+0000] {processor.py:186} INFO - Started process (PID=383) to work on /home/airflow/.local/lib/python3.12/site-packages/airflow/example_dags/example_task_group.py
[2024-12-28T16:45:10.924+0000] {processor.py:914} INFO - Processing file /home/airflow/.local/lib/python3.12/site-packages/airflow/example_dags/example_task_group.py for tasks to queue
[2024-12-28T16:45:10.927+0000] {logging_mixin.py:190} INFO - [2024-12-28T16:45:10.926+0000] {dagbag.py:588} INFO - Filling up the DagBag from /home/airflow/.local/lib/python3.12/site-packages/airflow/example_dags/example_task_group.py
[2024-12-28T16:45:10.937+0000] {processor.py:925} INFO - DAG(s) 'example_task_group' retrieved from /home/airflow/.local/lib/python3.12/site-packages/airflow/example_dags/example_task_group.py
[2024-12-28T16:45:10.961+0000] {logging_mixin.py:190} INFO - [2024-12-28T16:45:10.960+0000] {dag.py:3239} INFO - Sync 1 DAGs
[2024-12-28T16:45:10.976+0000] {logging_mixin.py:190} INFO - [2024-12-28T16:45:10.975+0000] {dag.py:4180} INFO - Setting next_dagrun for example_task_group to None, run_after=None
[2024-12-28T16:45:10.996+0000] {processor.py:208} INFO - Processing /home/airflow/.local/lib/python3.12/site-packages/airflow/example_dags/example_task_group.py took 0.080 seconds
[2024-12-28T16:45:41.543+0000] {processor.py:186} INFO - Started process (PID=446) to work on /home/airflow/.local/lib/python3.12/site-packages/airflow/example_dags/example_task_group.py
[2024-12-28T16:45:41.544+0000] {processor.py:914} INFO - Processing file /home/airflow/.local/lib/python3.12/site-packages/airflow/example_dags/example_task_group.py for tasks to queue
[2024-12-28T16:45:41.547+0000] {logging_mixin.py:190} INFO - [2024-12-28T16:45:41.546+0000] {dagbag.py:588} INFO - Filling up the DagBag from /home/airflow/.local/lib/python3.12/site-packages/airflow/example_dags/example_task_group.py
[2024-12-28T16:45:41.556+0000] {processor.py:925} INFO - DAG(s) 'example_task_group' retrieved from /home/airflow/.local/lib/python3.12/site-packages/airflow/example_dags/example_task_group.py
[2024-12-28T16:45:41.581+0000] {logging_mixin.py:190} INFO - [2024-12-28T16:45:41.581+0000] {dag.py:3239} INFO - Sync 1 DAGs
[2024-12-28T16:45:41.596+0000] {logging_mixin.py:190} INFO - [2024-12-28T16:45:41.596+0000] {dag.py:4180} INFO - Setting next_dagrun for example_task_group to None, run_after=None
[2024-12-28T16:45:41.617+0000] {processor.py:208} INFO - Processing /home/airflow/.local/lib/python3.12/site-packages/airflow/example_dags/example_task_group.py took 0.080 seconds
[2024-12-28T16:46:12.168+0000] {processor.py:186} INFO - Started process (PID=515) to work on /home/airflow/.local/lib/python3.12/site-packages/airflow/example_dags/example_task_group.py
[2024-12-28T16:46:12.169+0000] {processor.py:914} INFO - Processing file /home/airflow/.local/lib/python3.12/site-packages/airflow/example_dags/example_task_group.py for tasks to queue
[2024-12-28T16:46:12.172+0000] {logging_mixin.py:190} INFO - [2024-12-28T16:46:12.172+0000] {dagbag.py:588} INFO - Filling up the DagBag from /home/airflow/.local/lib/python3.12/site-packages/airflow/example_dags/example_task_group.py
[2024-12-28T16:46:12.186+0000] {processor.py:925} INFO - DAG(s) 'example_task_group' retrieved from /home/airflow/.local/lib/python3.12/site-packages/airflow/example_dags/example_task_group.py
[2024-12-28T16:46:12.213+0000] {logging_mixin.py:190} INFO - [2024-12-28T16:46:12.212+0000] {dag.py:3239} INFO - Sync 1 DAGs
[2024-12-28T16:46:12.230+0000] {logging_mixin.py:190} INFO - [2024-12-28T16:46:12.229+0000] {dag.py:4180} INFO - Setting next_dagrun for example_task_group to None, run_after=None
[2024-12-28T16:46:12.253+0000] {processor.py:208} INFO - Processing /home/airflow/.local/lib/python3.12/site-packages/airflow/example_dags/example_task_group.py took 0.094 seconds
[2024-12-28T16:46:42.746+0000] {processor.py:186} INFO - Started process (PID=578) to work on /home/airflow/.local/lib/python3.12/site-packages/airflow/example_dags/example_task_group.py
[2024-12-28T16:46:42.747+0000] {processor.py:914} INFO - Processing file /home/airflow/.local/lib/python3.12/site-packages/airflow/example_dags/example_task_group.py for tasks to queue
[2024-12-28T16:46:42.749+0000] {logging_mixin.py:190} INFO - [2024-12-28T16:46:42.749+0000] {dagbag.py:588} INFO - Filling up the DagBag from /home/airflow/.local/lib/python3.12/site-packages/airflow/example_dags/example_task_group.py
[2024-12-28T16:46:42.760+0000] {processor.py:925} INFO - DAG(s) 'example_task_group' retrieved from /home/airflow/.local/lib/python3.12/site-packages/airflow/example_dags/example_task_group.py
[2024-12-28T16:46:42.785+0000] {logging_mixin.py:190} INFO - [2024-12-28T16:46:42.785+0000] {dag.py:3239} INFO - Sync 1 DAGs
[2024-12-28T16:46:42.801+0000] {logging_mixin.py:190} INFO - [2024-12-28T16:46:42.800+0000] {dag.py:4180} INFO - Setting next_dagrun for example_task_group to None, run_after=None
[2024-12-28T16:46:42.821+0000] {processor.py:208} INFO - Processing /home/airflow/.local/lib/python3.12/site-packages/airflow/example_dags/example_task_group.py took 0.082 seconds
[2024-12-28T16:47:12.900+0000] {processor.py:186} INFO - Started process (PID=641) to work on /home/airflow/.local/lib/python3.12/site-packages/airflow/example_dags/example_task_group.py
[2024-12-28T16:47:12.901+0000] {processor.py:914} INFO - Processing file /home/airflow/.local/lib/python3.12/site-packages/airflow/example_dags/example_task_group.py for tasks to queue
[2024-12-28T16:47:12.904+0000] {logging_mixin.py:190} INFO - [2024-12-28T16:47:12.904+0000] {dagbag.py:588} INFO - Filling up the DagBag from /home/airflow/.local/lib/python3.12/site-packages/airflow/example_dags/example_task_group.py
[2024-12-28T16:47:12.915+0000] {processor.py:925} INFO - DAG(s) 'example_task_group' retrieved from /home/airflow/.local/lib/python3.12/site-packages/airflow/example_dags/example_task_group.py
[2024-12-28T16:47:12.940+0000] {logging_mixin.py:190} INFO - [2024-12-28T16:47:12.940+0000] {dag.py:3239} INFO - Sync 1 DAGs
[2024-12-28T16:47:12.956+0000] {logging_mixin.py:190} INFO - [2024-12-28T16:47:12.955+0000] {dag.py:4180} INFO - Setting next_dagrun for example_task_group to None, run_after=None
[2024-12-28T16:47:12.977+0000] {processor.py:208} INFO - Processing /home/airflow/.local/lib/python3.12/site-packages/airflow/example_dags/example_task_group.py took 0.084 seconds
[2024-12-28T16:47:43.503+0000] {processor.py:186} INFO - Started process (PID=705) to work on /home/airflow/.local/lib/python3.12/site-packages/airflow/example_dags/example_task_group.py
[2024-12-28T16:47:43.504+0000] {processor.py:914} INFO - Processing file /home/airflow/.local/lib/python3.12/site-packages/airflow/example_dags/example_task_group.py for tasks to queue
[2024-12-28T16:47:43.506+0000] {logging_mixin.py:190} INFO - [2024-12-28T16:47:43.506+0000] {dagbag.py:588} INFO - Filling up the DagBag from /home/airflow/.local/lib/python3.12/site-packages/airflow/example_dags/example_task_group.py
[2024-12-28T16:47:43.515+0000] {processor.py:925} INFO - DAG(s) 'example_task_group' retrieved from /home/airflow/.local/lib/python3.12/site-packages/airflow/example_dags/example_task_group.py
[2024-12-28T16:47:43.540+0000] {logging_mixin.py:190} INFO - [2024-12-28T16:47:43.539+0000] {dag.py:3239} INFO - Sync 1 DAGs
[2024-12-28T16:47:43.556+0000] {logging_mixin.py:190} INFO - [2024-12-28T16:47:43.556+0000] {dag.py:4180} INFO - Setting next_dagrun for example_task_group to None, run_after=None
[2024-12-28T16:47:43.576+0000] {processor.py:208} INFO - Processing /home/airflow/.local/lib/python3.12/site-packages/airflow/example_dags/example_task_group.py took 0.080 seconds
[2024-12-28T16:52:20.414+0000] {processor.py:186} INFO - Started process (PID=70) to work on /home/airflow/.local/lib/python3.12/site-packages/airflow/example_dags/example_task_group.py
[2024-12-28T16:52:20.415+0000] {processor.py:914} INFO - Processing file /home/airflow/.local/lib/python3.12/site-packages/airflow/example_dags/example_task_group.py for tasks to queue
[2024-12-28T16:52:20.417+0000] {logging_mixin.py:190} INFO - [2024-12-28T16:52:20.417+0000] {dagbag.py:588} INFO - Filling up the DagBag from /home/airflow/.local/lib/python3.12/site-packages/airflow/example_dags/example_task_group.py
[2024-12-28T16:52:20.426+0000] {processor.py:925} INFO - DAG(s) 'example_task_group' retrieved from /home/airflow/.local/lib/python3.12/site-packages/airflow/example_dags/example_task_group.py
[2024-12-28T16:52:20.453+0000] {logging_mixin.py:190} INFO - [2024-12-28T16:52:20.453+0000] {dag.py:3239} INFO - Sync 1 DAGs
[2024-12-28T16:52:20.466+0000] {logging_mixin.py:190} INFO - [2024-12-28T16:52:20.466+0000] {dag.py:4180} INFO - Setting next_dagrun for example_task_group to None, run_after=None
[2024-12-28T16:52:20.484+0000] {processor.py:208} INFO - Processing /home/airflow/.local/lib/python3.12/site-packages/airflow/example_dags/example_task_group.py took 0.075 seconds
[2024-12-28T16:52:51.096+0000] {processor.py:186} INFO - Started process (PID=134) to work on /home/airflow/.local/lib/python3.12/site-packages/airflow/example_dags/example_task_group.py
[2024-12-28T16:52:51.097+0000] {processor.py:914} INFO - Processing file /home/airflow/.local/lib/python3.12/site-packages/airflow/example_dags/example_task_group.py for tasks to queue
[2024-12-28T16:52:51.099+0000] {logging_mixin.py:190} INFO - [2024-12-28T16:52:51.099+0000] {dagbag.py:588} INFO - Filling up the DagBag from /home/airflow/.local/lib/python3.12/site-packages/airflow/example_dags/example_task_group.py
[2024-12-28T16:52:51.108+0000] {processor.py:925} INFO - DAG(s) 'example_task_group' retrieved from /home/airflow/.local/lib/python3.12/site-packages/airflow/example_dags/example_task_group.py
[2024-12-28T16:52:51.132+0000] {logging_mixin.py:190} INFO - [2024-12-28T16:52:51.132+0000] {dag.py:3239} INFO - Sync 1 DAGs
[2024-12-28T16:52:51.146+0000] {logging_mixin.py:190} INFO - [2024-12-28T16:52:51.146+0000] {dag.py:4180} INFO - Setting next_dagrun for example_task_group to None, run_after=None
[2024-12-28T16:52:51.165+0000] {processor.py:208} INFO - Processing /home/airflow/.local/lib/python3.12/site-packages/airflow/example_dags/example_task_group.py took 0.076 seconds
[2024-12-28T16:53:21.389+0000] {processor.py:186} INFO - Started process (PID=198) to work on /home/airflow/.local/lib/python3.12/site-packages/airflow/example_dags/example_task_group.py
[2024-12-28T16:53:21.390+0000] {processor.py:914} INFO - Processing file /home/airflow/.local/lib/python3.12/site-packages/airflow/example_dags/example_task_group.py for tasks to queue
[2024-12-28T16:53:21.392+0000] {logging_mixin.py:190} INFO - [2024-12-28T16:53:21.392+0000] {dagbag.py:588} INFO - Filling up the DagBag from /home/airflow/.local/lib/python3.12/site-packages/airflow/example_dags/example_task_group.py
[2024-12-28T16:53:21.400+0000] {processor.py:925} INFO - DAG(s) 'example_task_group' retrieved from /home/airflow/.local/lib/python3.12/site-packages/airflow/example_dags/example_task_group.py
[2024-12-28T16:53:21.419+0000] {logging_mixin.py:190} INFO - [2024-12-28T16:53:21.419+0000] {dag.py:3239} INFO - Sync 1 DAGs
[2024-12-28T16:53:21.433+0000] {logging_mixin.py:190} INFO - [2024-12-28T16:53:21.433+0000] {dag.py:4180} INFO - Setting next_dagrun for example_task_group to None, run_after=None
[2024-12-28T16:53:21.449+0000] {processor.py:208} INFO - Processing /home/airflow/.local/lib/python3.12/site-packages/airflow/example_dags/example_task_group.py took 0.065 seconds
[2024-12-28T16:53:52.402+0000] {processor.py:186} INFO - Started process (PID=266) to work on /home/airflow/.local/lib/python3.12/site-packages/airflow/example_dags/example_task_group.py
[2024-12-28T16:53:52.403+0000] {processor.py:914} INFO - Processing file /home/airflow/.local/lib/python3.12/site-packages/airflow/example_dags/example_task_group.py for tasks to queue
[2024-12-28T16:53:52.408+0000] {logging_mixin.py:190} INFO - [2024-12-28T16:53:52.407+0000] {dagbag.py:588} INFO - Filling up the DagBag from /home/airflow/.local/lib/python3.12/site-packages/airflow/example_dags/example_task_group.py
[2024-12-28T16:53:52.436+0000] {processor.py:925} INFO - DAG(s) 'example_task_group' retrieved from /home/airflow/.local/lib/python3.12/site-packages/airflow/example_dags/example_task_group.py
[2024-12-28T16:53:52.495+0000] {logging_mixin.py:190} INFO - [2024-12-28T16:53:52.495+0000] {dag.py:3239} INFO - Sync 1 DAGs
[2024-12-28T16:53:52.520+0000] {logging_mixin.py:190} INFO - [2024-12-28T16:53:52.519+0000] {dag.py:4180} INFO - Setting next_dagrun for example_task_group to None, run_after=None
[2024-12-28T16:53:52.560+0000] {processor.py:208} INFO - Processing /home/airflow/.local/lib/python3.12/site-packages/airflow/example_dags/example_task_group.py took 0.169 seconds
[2024-12-28T16:54:23.433+0000] {processor.py:186} INFO - Started process (PID=330) to work on /home/airflow/.local/lib/python3.12/site-packages/airflow/example_dags/example_task_group.py
[2024-12-28T16:54:23.438+0000] {processor.py:914} INFO - Processing file /home/airflow/.local/lib/python3.12/site-packages/airflow/example_dags/example_task_group.py for tasks to queue
[2024-12-28T16:54:23.444+0000] {logging_mixin.py:190} INFO - [2024-12-28T16:54:23.444+0000] {dagbag.py:588} INFO - Filling up the DagBag from /home/airflow/.local/lib/python3.12/site-packages/airflow/example_dags/example_task_group.py
[2024-12-28T16:54:23.462+0000] {processor.py:925} INFO - DAG(s) 'example_task_group' retrieved from /home/airflow/.local/lib/python3.12/site-packages/airflow/example_dags/example_task_group.py
[2024-12-28T16:54:23.515+0000] {logging_mixin.py:190} INFO - [2024-12-28T16:54:23.514+0000] {dag.py:3239} INFO - Sync 1 DAGs
[2024-12-28T16:54:23.538+0000] {logging_mixin.py:190} INFO - [2024-12-28T16:54:23.538+0000] {dag.py:4180} INFO - Setting next_dagrun for example_task_group to None, run_after=None
[2024-12-28T16:54:23.577+0000] {processor.py:208} INFO - Processing /home/airflow/.local/lib/python3.12/site-packages/airflow/example_dags/example_task_group.py took 0.165 seconds
[2024-12-28T16:54:53.771+0000] {processor.py:186} INFO - Started process (PID=394) to work on /home/airflow/.local/lib/python3.12/site-packages/airflow/example_dags/example_task_group.py
[2024-12-28T16:54:53.773+0000] {processor.py:914} INFO - Processing file /home/airflow/.local/lib/python3.12/site-packages/airflow/example_dags/example_task_group.py for tasks to queue
[2024-12-28T16:54:53.775+0000] {logging_mixin.py:190} INFO - [2024-12-28T16:54:53.775+0000] {dagbag.py:588} INFO - Filling up the DagBag from /home/airflow/.local/lib/python3.12/site-packages/airflow/example_dags/example_task_group.py
[2024-12-28T16:54:53.789+0000] {processor.py:925} INFO - DAG(s) 'example_task_group' retrieved from /home/airflow/.local/lib/python3.12/site-packages/airflow/example_dags/example_task_group.py
[2024-12-28T16:54:53.819+0000] {logging_mixin.py:190} INFO - [2024-12-28T16:54:53.819+0000] {dag.py:3239} INFO - Sync 1 DAGs
[2024-12-28T16:54:53.837+0000] {logging_mixin.py:190} INFO - [2024-12-28T16:54:53.836+0000] {dag.py:4180} INFO - Setting next_dagrun for example_task_group to None, run_after=None
[2024-12-28T16:54:53.859+0000] {processor.py:208} INFO - Processing /home/airflow/.local/lib/python3.12/site-packages/airflow/example_dags/example_task_group.py took 0.095 seconds
[2024-12-28T16:55:24.174+0000] {processor.py:186} INFO - Started process (PID=458) to work on /home/airflow/.local/lib/python3.12/site-packages/airflow/example_dags/example_task_group.py
[2024-12-28T16:55:24.178+0000] {processor.py:914} INFO - Processing file /home/airflow/.local/lib/python3.12/site-packages/airflow/example_dags/example_task_group.py for tasks to queue
[2024-12-28T16:55:24.185+0000] {logging_mixin.py:190} INFO - [2024-12-28T16:55:24.185+0000] {dagbag.py:588} INFO - Filling up the DagBag from /home/airflow/.local/lib/python3.12/site-packages/airflow/example_dags/example_task_group.py
[2024-12-28T16:55:24.208+0000] {processor.py:925} INFO - DAG(s) 'example_task_group' retrieved from /home/airflow/.local/lib/python3.12/site-packages/airflow/example_dags/example_task_group.py
[2024-12-28T16:55:24.253+0000] {logging_mixin.py:190} INFO - [2024-12-28T16:55:24.253+0000] {dag.py:3239} INFO - Sync 1 DAGs
[2024-12-28T16:55:24.282+0000] {logging_mixin.py:190} INFO - [2024-12-28T16:55:24.281+0000] {dag.py:4180} INFO - Setting next_dagrun for example_task_group to None, run_after=None
[2024-12-28T16:55:24.319+0000] {processor.py:208} INFO - Processing /home/airflow/.local/lib/python3.12/site-packages/airflow/example_dags/example_task_group.py took 0.165 seconds
[2024-12-28T16:55:54.549+0000] {processor.py:186} INFO - Started process (PID=522) to work on /home/airflow/.local/lib/python3.12/site-packages/airflow/example_dags/example_task_group.py
[2024-12-28T16:55:54.552+0000] {processor.py:914} INFO - Processing file /home/airflow/.local/lib/python3.12/site-packages/airflow/example_dags/example_task_group.py for tasks to queue
[2024-12-28T16:55:54.557+0000] {logging_mixin.py:190} INFO - [2024-12-28T16:55:54.556+0000] {dagbag.py:588} INFO - Filling up the DagBag from /home/airflow/.local/lib/python3.12/site-packages/airflow/example_dags/example_task_group.py
[2024-12-28T16:55:54.576+0000] {processor.py:925} INFO - DAG(s) 'example_task_group' retrieved from /home/airflow/.local/lib/python3.12/site-packages/airflow/example_dags/example_task_group.py
[2024-12-28T16:55:54.616+0000] {logging_mixin.py:190} INFO - [2024-12-28T16:55:54.616+0000] {dag.py:3239} INFO - Sync 1 DAGs
[2024-12-28T16:55:54.640+0000] {logging_mixin.py:190} INFO - [2024-12-28T16:55:54.639+0000] {dag.py:4180} INFO - Setting next_dagrun for example_task_group to None, run_after=None
[2024-12-28T16:55:54.675+0000] {processor.py:208} INFO - Processing /home/airflow/.local/lib/python3.12/site-packages/airflow/example_dags/example_task_group.py took 0.135 seconds
[2024-12-28T16:56:24.980+0000] {processor.py:186} INFO - Started process (PID=586) to work on /home/airflow/.local/lib/python3.12/site-packages/airflow/example_dags/example_task_group.py
[2024-12-28T16:56:24.982+0000] {processor.py:914} INFO - Processing file /home/airflow/.local/lib/python3.12/site-packages/airflow/example_dags/example_task_group.py for tasks to queue
[2024-12-28T16:56:24.985+0000] {logging_mixin.py:190} INFO - [2024-12-28T16:56:24.984+0000] {dagbag.py:588} INFO - Filling up the DagBag from /home/airflow/.local/lib/python3.12/site-packages/airflow/example_dags/example_task_group.py
[2024-12-28T16:56:24.995+0000] {processor.py:925} INFO - DAG(s) 'example_task_group' retrieved from /home/airflow/.local/lib/python3.12/site-packages/airflow/example_dags/example_task_group.py
[2024-12-28T16:56:25.022+0000] {logging_mixin.py:190} INFO - [2024-12-28T16:56:25.021+0000] {dag.py:3239} INFO - Sync 1 DAGs
[2024-12-28T16:56:25.038+0000] {logging_mixin.py:190} INFO - [2024-12-28T16:56:25.037+0000] {dag.py:4180} INFO - Setting next_dagrun for example_task_group to None, run_after=None
[2024-12-28T16:56:25.058+0000] {processor.py:208} INFO - Processing /home/airflow/.local/lib/python3.12/site-packages/airflow/example_dags/example_task_group.py took 0.084 seconds
[2024-12-28T16:56:55.846+0000] {processor.py:186} INFO - Started process (PID=650) to work on /home/airflow/.local/lib/python3.12/site-packages/airflow/example_dags/example_task_group.py
[2024-12-28T16:56:55.847+0000] {processor.py:914} INFO - Processing file /home/airflow/.local/lib/python3.12/site-packages/airflow/example_dags/example_task_group.py for tasks to queue
[2024-12-28T16:56:55.849+0000] {logging_mixin.py:190} INFO - [2024-12-28T16:56:55.849+0000] {dagbag.py:588} INFO - Filling up the DagBag from /home/airflow/.local/lib/python3.12/site-packages/airflow/example_dags/example_task_group.py
[2024-12-28T16:56:55.857+0000] {processor.py:925} INFO - DAG(s) 'example_task_group' retrieved from /home/airflow/.local/lib/python3.12/site-packages/airflow/example_dags/example_task_group.py
[2024-12-28T16:56:55.877+0000] {logging_mixin.py:190} INFO - [2024-12-28T16:56:55.877+0000] {dag.py:3239} INFO - Sync 1 DAGs
[2024-12-28T16:56:55.891+0000] {logging_mixin.py:190} INFO - [2024-12-28T16:56:55.890+0000] {dag.py:4180} INFO - Setting next_dagrun for example_task_group to None, run_after=None
[2024-12-28T16:56:55.909+0000] {processor.py:208} INFO - Processing /home/airflow/.local/lib/python3.12/site-packages/airflow/example_dags/example_task_group.py took 0.068 seconds
[2024-12-28T16:57:26.472+0000] {processor.py:186} INFO - Started process (PID=714) to work on /home/airflow/.local/lib/python3.12/site-packages/airflow/example_dags/example_task_group.py
[2024-12-28T16:57:26.473+0000] {processor.py:914} INFO - Processing file /home/airflow/.local/lib/python3.12/site-packages/airflow/example_dags/example_task_group.py for tasks to queue
[2024-12-28T16:57:26.475+0000] {logging_mixin.py:190} INFO - [2024-12-28T16:57:26.475+0000] {dagbag.py:588} INFO - Filling up the DagBag from /home/airflow/.local/lib/python3.12/site-packages/airflow/example_dags/example_task_group.py
[2024-12-28T16:57:26.485+0000] {processor.py:925} INFO - DAG(s) 'example_task_group' retrieved from /home/airflow/.local/lib/python3.12/site-packages/airflow/example_dags/example_task_group.py
[2024-12-28T16:57:26.511+0000] {logging_mixin.py:190} INFO - [2024-12-28T16:57:26.511+0000] {dag.py:3239} INFO - Sync 1 DAGs
[2024-12-28T16:57:26.528+0000] {logging_mixin.py:190} INFO - [2024-12-28T16:57:26.528+0000] {dag.py:4180} INFO - Setting next_dagrun for example_task_group to None, run_after=None
[2024-12-28T16:57:26.548+0000] {processor.py:208} INFO - Processing /home/airflow/.local/lib/python3.12/site-packages/airflow/example_dags/example_task_group.py took 0.084 seconds
[2024-12-28T16:57:57.149+0000] {processor.py:186} INFO - Started process (PID=778) to work on /home/airflow/.local/lib/python3.12/site-packages/airflow/example_dags/example_task_group.py
[2024-12-28T16:57:57.150+0000] {processor.py:914} INFO - Processing file /home/airflow/.local/lib/python3.12/site-packages/airflow/example_dags/example_task_group.py for tasks to queue
[2024-12-28T16:57:57.152+0000] {logging_mixin.py:190} INFO - [2024-12-28T16:57:57.152+0000] {dagbag.py:588} INFO - Filling up the DagBag from /home/airflow/.local/lib/python3.12/site-packages/airflow/example_dags/example_task_group.py
[2024-12-28T16:57:57.161+0000] {processor.py:925} INFO - DAG(s) 'example_task_group' retrieved from /home/airflow/.local/lib/python3.12/site-packages/airflow/example_dags/example_task_group.py
[2024-12-28T16:57:57.183+0000] {logging_mixin.py:190} INFO - [2024-12-28T16:57:57.183+0000] {dag.py:3239} INFO - Sync 1 DAGs
[2024-12-28T16:57:57.196+0000] {logging_mixin.py:190} INFO - [2024-12-28T16:57:57.196+0000] {dag.py:4180} INFO - Setting next_dagrun for example_task_group to None, run_after=None
[2024-12-28T16:57:57.213+0000] {processor.py:208} INFO - Processing /home/airflow/.local/lib/python3.12/site-packages/airflow/example_dags/example_task_group.py took 0.069 seconds
[2024-12-28T16:58:27.405+0000] {processor.py:186} INFO - Started process (PID=842) to work on /home/airflow/.local/lib/python3.12/site-packages/airflow/example_dags/example_task_group.py
[2024-12-28T16:58:27.406+0000] {processor.py:914} INFO - Processing file /home/airflow/.local/lib/python3.12/site-packages/airflow/example_dags/example_task_group.py for tasks to queue
[2024-12-28T16:58:27.409+0000] {logging_mixin.py:190} INFO - [2024-12-28T16:58:27.409+0000] {dagbag.py:588} INFO - Filling up the DagBag from /home/airflow/.local/lib/python3.12/site-packages/airflow/example_dags/example_task_group.py
[2024-12-28T16:58:27.418+0000] {processor.py:925} INFO - DAG(s) 'example_task_group' retrieved from /home/airflow/.local/lib/python3.12/site-packages/airflow/example_dags/example_task_group.py
[2024-12-28T16:58:27.443+0000] {logging_mixin.py:190} INFO - [2024-12-28T16:58:27.443+0000] {dag.py:3239} INFO - Sync 1 DAGs
[2024-12-28T16:58:27.457+0000] {logging_mixin.py:190} INFO - [2024-12-28T16:58:27.457+0000] {dag.py:4180} INFO - Setting next_dagrun for example_task_group to None, run_after=None
[2024-12-28T16:58:27.474+0000] {processor.py:208} INFO - Processing /home/airflow/.local/lib/python3.12/site-packages/airflow/example_dags/example_task_group.py took 0.074 seconds
[2024-12-28T16:58:57.740+0000] {processor.py:186} INFO - Started process (PID=906) to work on /home/airflow/.local/lib/python3.12/site-packages/airflow/example_dags/example_task_group.py
[2024-12-28T16:58:57.741+0000] {processor.py:914} INFO - Processing file /home/airflow/.local/lib/python3.12/site-packages/airflow/example_dags/example_task_group.py for tasks to queue
[2024-12-28T16:58:57.743+0000] {logging_mixin.py:190} INFO - [2024-12-28T16:58:57.743+0000] {dagbag.py:588} INFO - Filling up the DagBag from /home/airflow/.local/lib/python3.12/site-packages/airflow/example_dags/example_task_group.py
[2024-12-28T16:58:57.753+0000] {processor.py:925} INFO - DAG(s) 'example_task_group' retrieved from /home/airflow/.local/lib/python3.12/site-packages/airflow/example_dags/example_task_group.py
[2024-12-28T16:58:57.775+0000] {logging_mixin.py:190} INFO - [2024-12-28T16:58:57.775+0000] {dag.py:3239} INFO - Sync 1 DAGs
[2024-12-28T16:58:57.789+0000] {logging_mixin.py:190} INFO - [2024-12-28T16:58:57.789+0000] {dag.py:4180} INFO - Setting next_dagrun for example_task_group to None, run_after=None
[2024-12-28T16:58:57.808+0000] {processor.py:208} INFO - Processing /home/airflow/.local/lib/python3.12/site-packages/airflow/example_dags/example_task_group.py took 0.073 seconds
[2024-12-28T16:59:27.892+0000] {processor.py:186} INFO - Started process (PID=970) to work on /home/airflow/.local/lib/python3.12/site-packages/airflow/example_dags/example_task_group.py
[2024-12-28T16:59:27.893+0000] {processor.py:914} INFO - Processing file /home/airflow/.local/lib/python3.12/site-packages/airflow/example_dags/example_task_group.py for tasks to queue
[2024-12-28T16:59:27.895+0000] {logging_mixin.py:190} INFO - [2024-12-28T16:59:27.895+0000] {dagbag.py:588} INFO - Filling up the DagBag from /home/airflow/.local/lib/python3.12/site-packages/airflow/example_dags/example_task_group.py
[2024-12-28T16:59:27.903+0000] {processor.py:925} INFO - DAG(s) 'example_task_group' retrieved from /home/airflow/.local/lib/python3.12/site-packages/airflow/example_dags/example_task_group.py
[2024-12-28T16:59:27.923+0000] {logging_mixin.py:190} INFO - [2024-12-28T16:59:27.922+0000] {dag.py:3239} INFO - Sync 1 DAGs
[2024-12-28T16:59:27.935+0000] {logging_mixin.py:190} INFO - [2024-12-28T16:59:27.935+0000] {dag.py:4180} INFO - Setting next_dagrun for example_task_group to None, run_after=None
[2024-12-28T16:59:27.952+0000] {processor.py:208} INFO - Processing /home/airflow/.local/lib/python3.12/site-packages/airflow/example_dags/example_task_group.py took 0.065 seconds
[2024-12-28T16:59:58.841+0000] {processor.py:186} INFO - Started process (PID=1034) to work on /home/airflow/.local/lib/python3.12/site-packages/airflow/example_dags/example_task_group.py
[2024-12-28T16:59:58.842+0000] {processor.py:914} INFO - Processing file /home/airflow/.local/lib/python3.12/site-packages/airflow/example_dags/example_task_group.py for tasks to queue
[2024-12-28T16:59:58.844+0000] {logging_mixin.py:190} INFO - [2024-12-28T16:59:58.843+0000] {dagbag.py:588} INFO - Filling up the DagBag from /home/airflow/.local/lib/python3.12/site-packages/airflow/example_dags/example_task_group.py
[2024-12-28T16:59:58.852+0000] {processor.py:925} INFO - DAG(s) 'example_task_group' retrieved from /home/airflow/.local/lib/python3.12/site-packages/airflow/example_dags/example_task_group.py
[2024-12-28T16:59:58.875+0000] {logging_mixin.py:190} INFO - [2024-12-28T16:59:58.874+0000] {dag.py:3239} INFO - Sync 1 DAGs
[2024-12-28T16:59:58.889+0000] {logging_mixin.py:190} INFO - [2024-12-28T16:59:58.888+0000] {dag.py:4180} INFO - Setting next_dagrun for example_task_group to None, run_after=None
[2024-12-28T16:59:58.906+0000] {processor.py:208} INFO - Processing /home/airflow/.local/lib/python3.12/site-packages/airflow/example_dags/example_task_group.py took 0.072 seconds
[2024-12-28T17:00:29.389+0000] {processor.py:186} INFO - Started process (PID=1098) to work on /home/airflow/.local/lib/python3.12/site-packages/airflow/example_dags/example_task_group.py
[2024-12-28T17:00:29.389+0000] {processor.py:914} INFO - Processing file /home/airflow/.local/lib/python3.12/site-packages/airflow/example_dags/example_task_group.py for tasks to queue
[2024-12-28T17:00:29.391+0000] {logging_mixin.py:190} INFO - [2024-12-28T17:00:29.391+0000] {dagbag.py:588} INFO - Filling up the DagBag from /home/airflow/.local/lib/python3.12/site-packages/airflow/example_dags/example_task_group.py
[2024-12-28T17:00:29.399+0000] {processor.py:925} INFO - DAG(s) 'example_task_group' retrieved from /home/airflow/.local/lib/python3.12/site-packages/airflow/example_dags/example_task_group.py
[2024-12-28T17:00:29.420+0000] {logging_mixin.py:190} INFO - [2024-12-28T17:00:29.419+0000] {dag.py:3239} INFO - Sync 1 DAGs
[2024-12-28T17:00:29.432+0000] {logging_mixin.py:190} INFO - [2024-12-28T17:00:29.432+0000] {dag.py:4180} INFO - Setting next_dagrun for example_task_group to None, run_after=None
[2024-12-28T17:00:29.450+0000] {processor.py:208} INFO - Processing /home/airflow/.local/lib/python3.12/site-packages/airflow/example_dags/example_task_group.py took 0.067 seconds
[2024-12-28T17:00:59.821+0000] {processor.py:186} INFO - Started process (PID=1162) to work on /home/airflow/.local/lib/python3.12/site-packages/airflow/example_dags/example_task_group.py
[2024-12-28T17:00:59.821+0000] {processor.py:914} INFO - Processing file /home/airflow/.local/lib/python3.12/site-packages/airflow/example_dags/example_task_group.py for tasks to queue
[2024-12-28T17:00:59.823+0000] {logging_mixin.py:190} INFO - [2024-12-28T17:00:59.823+0000] {dagbag.py:588} INFO - Filling up the DagBag from /home/airflow/.local/lib/python3.12/site-packages/airflow/example_dags/example_task_group.py
[2024-12-28T17:00:59.831+0000] {processor.py:925} INFO - DAG(s) 'example_task_group' retrieved from /home/airflow/.local/lib/python3.12/site-packages/airflow/example_dags/example_task_group.py
[2024-12-28T17:00:59.850+0000] {logging_mixin.py:190} INFO - [2024-12-28T17:00:59.850+0000] {dag.py:3239} INFO - Sync 1 DAGs
[2024-12-28T17:00:59.861+0000] {logging_mixin.py:190} INFO - [2024-12-28T17:00:59.861+0000] {dag.py:4180} INFO - Setting next_dagrun for example_task_group to None, run_after=None
[2024-12-28T17:00:59.876+0000] {processor.py:208} INFO - Processing /home/airflow/.local/lib/python3.12/site-packages/airflow/example_dags/example_task_group.py took 0.061 seconds
[2024-12-28T17:01:30.657+0000] {processor.py:186} INFO - Started process (PID=1226) to work on /home/airflow/.local/lib/python3.12/site-packages/airflow/example_dags/example_task_group.py
[2024-12-28T17:01:30.658+0000] {processor.py:914} INFO - Processing file /home/airflow/.local/lib/python3.12/site-packages/airflow/example_dags/example_task_group.py for tasks to queue
[2024-12-28T17:01:30.660+0000] {logging_mixin.py:190} INFO - [2024-12-28T17:01:30.660+0000] {dagbag.py:588} INFO - Filling up the DagBag from /home/airflow/.local/lib/python3.12/site-packages/airflow/example_dags/example_task_group.py
[2024-12-28T17:01:30.668+0000] {processor.py:925} INFO - DAG(s) 'example_task_group' retrieved from /home/airflow/.local/lib/python3.12/site-packages/airflow/example_dags/example_task_group.py
[2024-12-28T17:01:30.691+0000] {logging_mixin.py:190} INFO - [2024-12-28T17:01:30.691+0000] {dag.py:3239} INFO - Sync 1 DAGs
[2024-12-28T17:01:30.703+0000] {logging_mixin.py:190} INFO - [2024-12-28T17:01:30.703+0000] {dag.py:4180} INFO - Setting next_dagrun for example_task_group to None, run_after=None
[2024-12-28T17:01:30.719+0000] {processor.py:208} INFO - Processing /home/airflow/.local/lib/python3.12/site-packages/airflow/example_dags/example_task_group.py took 0.068 seconds
[2024-12-28T17:02:01.319+0000] {processor.py:186} INFO - Started process (PID=1290) to work on /home/airflow/.local/lib/python3.12/site-packages/airflow/example_dags/example_task_group.py
[2024-12-28T17:02:01.320+0000] {processor.py:914} INFO - Processing file /home/airflow/.local/lib/python3.12/site-packages/airflow/example_dags/example_task_group.py for tasks to queue
[2024-12-28T17:02:01.322+0000] {logging_mixin.py:190} INFO - [2024-12-28T17:02:01.321+0000] {dagbag.py:588} INFO - Filling up the DagBag from /home/airflow/.local/lib/python3.12/site-packages/airflow/example_dags/example_task_group.py
[2024-12-28T17:02:01.329+0000] {processor.py:925} INFO - DAG(s) 'example_task_group' retrieved from /home/airflow/.local/lib/python3.12/site-packages/airflow/example_dags/example_task_group.py
[2024-12-28T17:02:01.349+0000] {logging_mixin.py:190} INFO - [2024-12-28T17:02:01.349+0000] {dag.py:3239} INFO - Sync 1 DAGs
[2024-12-28T17:02:01.362+0000] {logging_mixin.py:190} INFO - [2024-12-28T17:02:01.361+0000] {dag.py:4180} INFO - Setting next_dagrun for example_task_group to None, run_after=None
[2024-12-28T17:02:01.377+0000] {processor.py:208} INFO - Processing /home/airflow/.local/lib/python3.12/site-packages/airflow/example_dags/example_task_group.py took 0.063 seconds
[2024-12-28T17:02:32.103+0000] {processor.py:186} INFO - Started process (PID=1363) to work on /home/airflow/.local/lib/python3.12/site-packages/airflow/example_dags/example_task_group.py
[2024-12-28T17:02:32.104+0000] {processor.py:914} INFO - Processing file /home/airflow/.local/lib/python3.12/site-packages/airflow/example_dags/example_task_group.py for tasks to queue
[2024-12-28T17:02:32.106+0000] {logging_mixin.py:190} INFO - [2024-12-28T17:02:32.106+0000] {dagbag.py:588} INFO - Filling up the DagBag from /home/airflow/.local/lib/python3.12/site-packages/airflow/example_dags/example_task_group.py
[2024-12-28T17:02:32.113+0000] {processor.py:925} INFO - DAG(s) 'example_task_group' retrieved from /home/airflow/.local/lib/python3.12/site-packages/airflow/example_dags/example_task_group.py
[2024-12-28T17:02:32.133+0000] {logging_mixin.py:190} INFO - [2024-12-28T17:02:32.133+0000] {dag.py:3239} INFO - Sync 1 DAGs
[2024-12-28T17:02:32.147+0000] {logging_mixin.py:190} INFO - [2024-12-28T17:02:32.146+0000] {dag.py:4180} INFO - Setting next_dagrun for example_task_group to None, run_after=None
[2024-12-28T17:02:32.163+0000] {processor.py:208} INFO - Processing /home/airflow/.local/lib/python3.12/site-packages/airflow/example_dags/example_task_group.py took 0.065 seconds
[2024-12-28T17:03:02.498+0000] {processor.py:186} INFO - Started process (PID=1436) to work on /home/airflow/.local/lib/python3.12/site-packages/airflow/example_dags/example_task_group.py
[2024-12-28T17:03:02.498+0000] {processor.py:914} INFO - Processing file /home/airflow/.local/lib/python3.12/site-packages/airflow/example_dags/example_task_group.py for tasks to queue
[2024-12-28T17:03:02.500+0000] {logging_mixin.py:190} INFO - [2024-12-28T17:03:02.500+0000] {dagbag.py:588} INFO - Filling up the DagBag from /home/airflow/.local/lib/python3.12/site-packages/airflow/example_dags/example_task_group.py
[2024-12-28T17:03:02.511+0000] {processor.py:925} INFO - DAG(s) 'example_task_group' retrieved from /home/airflow/.local/lib/python3.12/site-packages/airflow/example_dags/example_task_group.py
[2024-12-28T17:03:02.532+0000] {logging_mixin.py:190} INFO - [2024-12-28T17:03:02.532+0000] {dag.py:3239} INFO - Sync 1 DAGs
[2024-12-28T17:03:02.548+0000] {logging_mixin.py:190} INFO - [2024-12-28T17:03:02.548+0000] {dag.py:4180} INFO - Setting next_dagrun for example_task_group to None, run_after=None
[2024-12-28T17:03:02.568+0000] {processor.py:208} INFO - Processing /home/airflow/.local/lib/python3.12/site-packages/airflow/example_dags/example_task_group.py took 0.077 seconds
[2024-12-28T17:03:33.163+0000] {processor.py:186} INFO - Started process (PID=1513) to work on /home/airflow/.local/lib/python3.12/site-packages/airflow/example_dags/example_task_group.py
[2024-12-28T17:03:33.164+0000] {processor.py:914} INFO - Processing file /home/airflow/.local/lib/python3.12/site-packages/airflow/example_dags/example_task_group.py for tasks to queue
[2024-12-28T17:03:33.169+0000] {logging_mixin.py:190} INFO - [2024-12-28T17:03:33.168+0000] {dagbag.py:588} INFO - Filling up the DagBag from /home/airflow/.local/lib/python3.12/site-packages/airflow/example_dags/example_task_group.py
[2024-12-28T17:03:33.190+0000] {processor.py:925} INFO - DAG(s) 'example_task_group' retrieved from /home/airflow/.local/lib/python3.12/site-packages/airflow/example_dags/example_task_group.py
[2024-12-28T17:03:33.239+0000] {logging_mixin.py:190} INFO - [2024-12-28T17:03:33.238+0000] {dag.py:3239} INFO - Sync 1 DAGs
[2024-12-28T17:03:33.270+0000] {logging_mixin.py:190} INFO - [2024-12-28T17:03:33.270+0000] {dag.py:4180} INFO - Setting next_dagrun for example_task_group to None, run_after=None
[2024-12-28T17:03:33.308+0000] {processor.py:208} INFO - Processing /home/airflow/.local/lib/python3.12/site-packages/airflow/example_dags/example_task_group.py took 0.158 seconds
[2024-12-28T17:04:03.991+0000] {processor.py:186} INFO - Started process (PID=1586) to work on /home/airflow/.local/lib/python3.12/site-packages/airflow/example_dags/example_task_group.py
[2024-12-28T17:04:03.993+0000] {processor.py:914} INFO - Processing file /home/airflow/.local/lib/python3.12/site-packages/airflow/example_dags/example_task_group.py for tasks to queue
[2024-12-28T17:04:03.997+0000] {logging_mixin.py:190} INFO - [2024-12-28T17:04:03.997+0000] {dagbag.py:588} INFO - Filling up the DagBag from /home/airflow/.local/lib/python3.12/site-packages/airflow/example_dags/example_task_group.py
[2024-12-28T17:04:04.012+0000] {processor.py:925} INFO - DAG(s) 'example_task_group' retrieved from /home/airflow/.local/lib/python3.12/site-packages/airflow/example_dags/example_task_group.py
[2024-12-28T17:04:04.045+0000] {logging_mixin.py:190} INFO - [2024-12-28T17:04:04.044+0000] {dag.py:3239} INFO - Sync 1 DAGs
[2024-12-28T17:04:04.066+0000] {logging_mixin.py:190} INFO - [2024-12-28T17:04:04.065+0000] {dag.py:4180} INFO - Setting next_dagrun for example_task_group to None, run_after=None
[2024-12-28T17:04:04.096+0000] {processor.py:208} INFO - Processing /home/airflow/.local/lib/python3.12/site-packages/airflow/example_dags/example_task_group.py took 0.114 seconds
