[2024-12-28T16:38:35.011+0000] {processor.py:186} INFO - Started process (PID=91) to work on /home/airflow/.local/lib/python3.12/site-packages/airflow/example_dags/tutorial.py
[2024-12-28T16:38:35.012+0000] {processor.py:914} INFO - Processing file /home/airflow/.local/lib/python3.12/site-packages/airflow/example_dags/tutorial.py for tasks to queue
[2024-12-28T16:38:35.014+0000] {logging_mixin.py:190} INFO - [2024-12-28T16:38:35.014+0000] {dagbag.py:588} INFO - Filling up the DagBag from /home/airflow/.local/lib/python3.12/site-packages/airflow/example_dags/tutorial.py
[2024-12-28T16:38:35.023+0000] {processor.py:925} INFO - DAG(s) 'tutorial' retrieved from /home/airflow/.local/lib/python3.12/site-packages/airflow/example_dags/tutorial.py
[2024-12-28T16:38:35.132+0000] {logging_mixin.py:190} INFO - [2024-12-28T16:38:35.132+0000] {override.py:1911} INFO - Created Permission View: can delete on DAG:tutorial
[2024-12-28T16:38:35.144+0000] {logging_mixin.py:190} INFO - [2024-12-28T16:38:35.144+0000] {override.py:1911} INFO - Created Permission View: can edit on DAG:tutorial
[2024-12-28T16:38:35.150+0000] {logging_mixin.py:190} INFO - [2024-12-28T16:38:35.149+0000] {override.py:1911} INFO - Created Permission View: can read on DAG:tutorial
[2024-12-28T16:38:35.156+0000] {logging_mixin.py:190} INFO - [2024-12-28T16:38:35.155+0000] {override.py:1911} INFO - Created Permission View: can create on DAG Run:tutorial
[2024-12-28T16:38:35.161+0000] {logging_mixin.py:190} INFO - [2024-12-28T16:38:35.161+0000] {override.py:1911} INFO - Created Permission View: can delete on DAG Run:tutorial
[2024-12-28T16:38:35.167+0000] {logging_mixin.py:190} INFO - [2024-12-28T16:38:35.167+0000] {override.py:1911} INFO - Created Permission View: menu access on DAG Run:tutorial
[2024-12-28T16:38:35.173+0000] {logging_mixin.py:190} INFO - [2024-12-28T16:38:35.173+0000] {override.py:1911} INFO - Created Permission View: can read on DAG Run:tutorial
[2024-12-28T16:38:35.173+0000] {logging_mixin.py:190} INFO - [2024-12-28T16:38:35.173+0000] {dag.py:3239} INFO - Sync 1 DAGs
[2024-12-28T16:38:35.185+0000] {logging_mixin.py:190} INFO - [2024-12-28T16:38:35.184+0000] {dag.py:3262} INFO - Creating ORM DAG for tutorial
[2024-12-28T16:38:35.193+0000] {logging_mixin.py:190} INFO - [2024-12-28T16:38:35.193+0000] {dag.py:4180} INFO - Setting next_dagrun for tutorial to 2024-12-27 00:00:00+00:00, run_after=2024-12-28 00:00:00+00:00
[2024-12-28T16:38:35.207+0000] {processor.py:208} INFO - Processing /home/airflow/.local/lib/python3.12/site-packages/airflow/example_dags/tutorial.py took 0.202 seconds
[2024-12-28T16:39:06.092+0000] {processor.py:186} INFO - Started process (PID=154) to work on /home/airflow/.local/lib/python3.12/site-packages/airflow/example_dags/tutorial.py
[2024-12-28T16:39:06.093+0000] {processor.py:914} INFO - Processing file /home/airflow/.local/lib/python3.12/site-packages/airflow/example_dags/tutorial.py for tasks to queue
[2024-12-28T16:39:06.095+0000] {logging_mixin.py:190} INFO - [2024-12-28T16:39:06.095+0000] {dagbag.py:588} INFO - Filling up the DagBag from /home/airflow/.local/lib/python3.12/site-packages/airflow/example_dags/tutorial.py
[2024-12-28T16:39:06.104+0000] {processor.py:925} INFO - DAG(s) 'tutorial' retrieved from /home/airflow/.local/lib/python3.12/site-packages/airflow/example_dags/tutorial.py
[2024-12-28T16:39:06.126+0000] {logging_mixin.py:190} INFO - [2024-12-28T16:39:06.126+0000] {dag.py:3239} INFO - Sync 1 DAGs
[2024-12-28T16:39:06.153+0000] {logging_mixin.py:190} INFO - [2024-12-28T16:39:06.153+0000] {dag.py:4180} INFO - Setting next_dagrun for tutorial to 2024-12-27 00:00:00+00:00, run_after=2024-12-28 00:00:00+00:00
[2024-12-28T16:39:06.173+0000] {processor.py:208} INFO - Processing /home/airflow/.local/lib/python3.12/site-packages/airflow/example_dags/tutorial.py took 0.088 seconds
[2024-12-28T16:39:37.459+0000] {processor.py:186} INFO - Started process (PID=217) to work on /home/airflow/.local/lib/python3.12/site-packages/airflow/example_dags/tutorial.py
[2024-12-28T16:39:37.460+0000] {processor.py:914} INFO - Processing file /home/airflow/.local/lib/python3.12/site-packages/airflow/example_dags/tutorial.py for tasks to queue
[2024-12-28T16:39:37.462+0000] {logging_mixin.py:190} INFO - [2024-12-28T16:39:37.462+0000] {dagbag.py:588} INFO - Filling up the DagBag from /home/airflow/.local/lib/python3.12/site-packages/airflow/example_dags/tutorial.py
[2024-12-28T16:39:37.472+0000] {processor.py:925} INFO - DAG(s) 'tutorial' retrieved from /home/airflow/.local/lib/python3.12/site-packages/airflow/example_dags/tutorial.py
[2024-12-28T16:39:37.495+0000] {logging_mixin.py:190} INFO - [2024-12-28T16:39:37.495+0000] {dag.py:3239} INFO - Sync 1 DAGs
[2024-12-28T16:39:37.519+0000] {logging_mixin.py:190} INFO - [2024-12-28T16:39:37.518+0000] {dag.py:4180} INFO - Setting next_dagrun for tutorial to 2024-12-27 00:00:00+00:00, run_after=2024-12-28 00:00:00+00:00
[2024-12-28T16:39:37.546+0000] {processor.py:208} INFO - Processing /home/airflow/.local/lib/python3.12/site-packages/airflow/example_dags/tutorial.py took 0.094 seconds
[2024-12-28T16:40:08.269+0000] {processor.py:186} INFO - Started process (PID=280) to work on /home/airflow/.local/lib/python3.12/site-packages/airflow/example_dags/tutorial.py
[2024-12-28T16:40:08.270+0000] {processor.py:914} INFO - Processing file /home/airflow/.local/lib/python3.12/site-packages/airflow/example_dags/tutorial.py for tasks to queue
[2024-12-28T16:40:08.273+0000] {logging_mixin.py:190} INFO - [2024-12-28T16:40:08.272+0000] {dagbag.py:588} INFO - Filling up the DagBag from /home/airflow/.local/lib/python3.12/site-packages/airflow/example_dags/tutorial.py
[2024-12-28T16:40:08.284+0000] {processor.py:925} INFO - DAG(s) 'tutorial' retrieved from /home/airflow/.local/lib/python3.12/site-packages/airflow/example_dags/tutorial.py
[2024-12-28T16:40:08.307+0000] {logging_mixin.py:190} INFO - [2024-12-28T16:40:08.307+0000] {dag.py:3239} INFO - Sync 1 DAGs
[2024-12-28T16:40:08.329+0000] {logging_mixin.py:190} INFO - [2024-12-28T16:40:08.329+0000] {dag.py:4180} INFO - Setting next_dagrun for tutorial to 2024-12-27 00:00:00+00:00, run_after=2024-12-28 00:00:00+00:00
[2024-12-28T16:40:08.349+0000] {processor.py:208} INFO - Processing /home/airflow/.local/lib/python3.12/site-packages/airflow/example_dags/tutorial.py took 0.089 seconds
[2024-12-28T16:42:40.698+0000] {processor.py:186} INFO - Started process (PID=90) to work on /home/airflow/.local/lib/python3.12/site-packages/airflow/example_dags/tutorial.py
[2024-12-28T16:42:40.699+0000] {processor.py:914} INFO - Processing file /home/airflow/.local/lib/python3.12/site-packages/airflow/example_dags/tutorial.py for tasks to queue
[2024-12-28T16:42:40.701+0000] {logging_mixin.py:190} INFO - [2024-12-28T16:42:40.701+0000] {dagbag.py:588} INFO - Filling up the DagBag from /home/airflow/.local/lib/python3.12/site-packages/airflow/example_dags/tutorial.py
[2024-12-28T16:42:40.712+0000] {processor.py:925} INFO - DAG(s) 'tutorial' retrieved from /home/airflow/.local/lib/python3.12/site-packages/airflow/example_dags/tutorial.py
[2024-12-28T16:42:40.741+0000] {logging_mixin.py:190} INFO - [2024-12-28T16:42:40.741+0000] {dag.py:3239} INFO - Sync 1 DAGs
[2024-12-28T16:42:40.769+0000] {logging_mixin.py:190} INFO - [2024-12-28T16:42:40.769+0000] {dag.py:4180} INFO - Setting next_dagrun for tutorial to 2024-12-27 00:00:00+00:00, run_after=2024-12-28 00:00:00+00:00
[2024-12-28T16:42:40.791+0000] {processor.py:208} INFO - Processing /home/airflow/.local/lib/python3.12/site-packages/airflow/example_dags/tutorial.py took 0.099 seconds
[2024-12-28T16:43:12.464+0000] {processor.py:186} INFO - Started process (PID=159) to work on /home/airflow/.local/lib/python3.12/site-packages/airflow/example_dags/tutorial.py
[2024-12-28T16:43:12.465+0000] {processor.py:914} INFO - Processing file /home/airflow/.local/lib/python3.12/site-packages/airflow/example_dags/tutorial.py for tasks to queue
[2024-12-28T16:43:12.468+0000] {logging_mixin.py:190} INFO - [2024-12-28T16:43:12.467+0000] {dagbag.py:588} INFO - Filling up the DagBag from /home/airflow/.local/lib/python3.12/site-packages/airflow/example_dags/tutorial.py
[2024-12-28T16:43:12.484+0000] {processor.py:925} INFO - DAG(s) 'tutorial' retrieved from /home/airflow/.local/lib/python3.12/site-packages/airflow/example_dags/tutorial.py
[2024-12-28T16:43:12.510+0000] {logging_mixin.py:190} INFO - [2024-12-28T16:43:12.509+0000] {dag.py:3239} INFO - Sync 1 DAGs
[2024-12-28T16:43:12.536+0000] {logging_mixin.py:190} INFO - [2024-12-28T16:43:12.536+0000] {dag.py:4180} INFO - Setting next_dagrun for tutorial to 2024-12-27 00:00:00+00:00, run_after=2024-12-28 00:00:00+00:00
[2024-12-28T16:43:12.558+0000] {processor.py:208} INFO - Processing /home/airflow/.local/lib/python3.12/site-packages/airflow/example_dags/tutorial.py took 0.100 seconds
[2024-12-28T16:43:43.716+0000] {processor.py:186} INFO - Started process (PID=222) to work on /home/airflow/.local/lib/python3.12/site-packages/airflow/example_dags/tutorial.py
[2024-12-28T16:43:43.717+0000] {processor.py:914} INFO - Processing file /home/airflow/.local/lib/python3.12/site-packages/airflow/example_dags/tutorial.py for tasks to queue
[2024-12-28T16:43:43.719+0000] {logging_mixin.py:190} INFO - [2024-12-28T16:43:43.719+0000] {dagbag.py:588} INFO - Filling up the DagBag from /home/airflow/.local/lib/python3.12/site-packages/airflow/example_dags/tutorial.py
[2024-12-28T16:43:43.728+0000] {processor.py:925} INFO - DAG(s) 'tutorial' retrieved from /home/airflow/.local/lib/python3.12/site-packages/airflow/example_dags/tutorial.py
[2024-12-28T16:43:43.751+0000] {logging_mixin.py:190} INFO - [2024-12-28T16:43:43.751+0000] {dag.py:3239} INFO - Sync 1 DAGs
[2024-12-28T16:43:43.775+0000] {logging_mixin.py:190} INFO - [2024-12-28T16:43:43.775+0000] {dag.py:4180} INFO - Setting next_dagrun for tutorial to 2024-12-27 00:00:00+00:00, run_after=2024-12-28 00:00:00+00:00
[2024-12-28T16:43:43.797+0000] {processor.py:208} INFO - Processing /home/airflow/.local/lib/python3.12/site-packages/airflow/example_dags/tutorial.py took 0.088 seconds
[2024-12-28T16:44:15.465+0000] {processor.py:186} INFO - Started process (PID=285) to work on /home/airflow/.local/lib/python3.12/site-packages/airflow/example_dags/tutorial.py
[2024-12-28T16:44:15.466+0000] {processor.py:914} INFO - Processing file /home/airflow/.local/lib/python3.12/site-packages/airflow/example_dags/tutorial.py for tasks to queue
[2024-12-28T16:44:15.468+0000] {logging_mixin.py:190} INFO - [2024-12-28T16:44:15.468+0000] {dagbag.py:588} INFO - Filling up the DagBag from /home/airflow/.local/lib/python3.12/site-packages/airflow/example_dags/tutorial.py
[2024-12-28T16:44:15.476+0000] {processor.py:925} INFO - DAG(s) 'tutorial' retrieved from /home/airflow/.local/lib/python3.12/site-packages/airflow/example_dags/tutorial.py
[2024-12-28T16:44:15.495+0000] {logging_mixin.py:190} INFO - [2024-12-28T16:44:15.494+0000] {dag.py:3239} INFO - Sync 1 DAGs
[2024-12-28T16:44:15.516+0000] {logging_mixin.py:190} INFO - [2024-12-28T16:44:15.515+0000] {dag.py:4180} INFO - Setting next_dagrun for tutorial to 2024-12-27 00:00:00+00:00, run_after=2024-12-28 00:00:00+00:00
[2024-12-28T16:44:15.532+0000] {processor.py:208} INFO - Processing /home/airflow/.local/lib/python3.12/site-packages/airflow/example_dags/tutorial.py took 0.072 seconds
[2024-12-28T16:44:46.565+0000] {processor.py:186} INFO - Started process (PID=348) to work on /home/airflow/.local/lib/python3.12/site-packages/airflow/example_dags/tutorial.py
[2024-12-28T16:44:46.565+0000] {processor.py:914} INFO - Processing file /home/airflow/.local/lib/python3.12/site-packages/airflow/example_dags/tutorial.py for tasks to queue
[2024-12-28T16:44:46.567+0000] {logging_mixin.py:190} INFO - [2024-12-28T16:44:46.567+0000] {dagbag.py:588} INFO - Filling up the DagBag from /home/airflow/.local/lib/python3.12/site-packages/airflow/example_dags/tutorial.py
[2024-12-28T16:44:46.575+0000] {processor.py:925} INFO - DAG(s) 'tutorial' retrieved from /home/airflow/.local/lib/python3.12/site-packages/airflow/example_dags/tutorial.py
[2024-12-28T16:44:46.593+0000] {logging_mixin.py:190} INFO - [2024-12-28T16:44:46.593+0000] {dag.py:3239} INFO - Sync 1 DAGs
[2024-12-28T16:44:46.614+0000] {logging_mixin.py:190} INFO - [2024-12-28T16:44:46.614+0000] {dag.py:4180} INFO - Setting next_dagrun for tutorial to 2024-12-27 00:00:00+00:00, run_after=2024-12-28 00:00:00+00:00
[2024-12-28T16:44:46.631+0000] {processor.py:208} INFO - Processing /home/airflow/.local/lib/python3.12/site-packages/airflow/example_dags/tutorial.py took 0.072 seconds
[2024-12-28T16:45:18.175+0000] {processor.py:186} INFO - Started process (PID=411) to work on /home/airflow/.local/lib/python3.12/site-packages/airflow/example_dags/tutorial.py
[2024-12-28T16:45:18.176+0000] {processor.py:914} INFO - Processing file /home/airflow/.local/lib/python3.12/site-packages/airflow/example_dags/tutorial.py for tasks to queue
[2024-12-28T16:45:18.178+0000] {logging_mixin.py:190} INFO - [2024-12-28T16:45:18.178+0000] {dagbag.py:588} INFO - Filling up the DagBag from /home/airflow/.local/lib/python3.12/site-packages/airflow/example_dags/tutorial.py
[2024-12-28T16:45:18.185+0000] {processor.py:925} INFO - DAG(s) 'tutorial' retrieved from /home/airflow/.local/lib/python3.12/site-packages/airflow/example_dags/tutorial.py
[2024-12-28T16:45:18.207+0000] {logging_mixin.py:190} INFO - [2024-12-28T16:45:18.207+0000] {dag.py:3239} INFO - Sync 1 DAGs
[2024-12-28T16:45:18.233+0000] {logging_mixin.py:190} INFO - [2024-12-28T16:45:18.232+0000] {dag.py:4180} INFO - Setting next_dagrun for tutorial to 2024-12-27 00:00:00+00:00, run_after=2024-12-28 00:00:00+00:00
[2024-12-28T16:45:18.254+0000] {processor.py:208} INFO - Processing /home/airflow/.local/lib/python3.12/site-packages/airflow/example_dags/tutorial.py took 0.084 seconds
[2024-12-28T16:45:49.823+0000] {processor.py:186} INFO - Started process (PID=474) to work on /home/airflow/.local/lib/python3.12/site-packages/airflow/example_dags/tutorial.py
[2024-12-28T16:45:49.824+0000] {processor.py:914} INFO - Processing file /home/airflow/.local/lib/python3.12/site-packages/airflow/example_dags/tutorial.py for tasks to queue
[2024-12-28T16:45:49.827+0000] {logging_mixin.py:190} INFO - [2024-12-28T16:45:49.826+0000] {dagbag.py:588} INFO - Filling up the DagBag from /home/airflow/.local/lib/python3.12/site-packages/airflow/example_dags/tutorial.py
[2024-12-28T16:45:49.836+0000] {processor.py:925} INFO - DAG(s) 'tutorial' retrieved from /home/airflow/.local/lib/python3.12/site-packages/airflow/example_dags/tutorial.py
[2024-12-28T16:45:49.862+0000] {logging_mixin.py:190} INFO - [2024-12-28T16:45:49.861+0000] {dag.py:3239} INFO - Sync 1 DAGs
[2024-12-28T16:45:49.889+0000] {logging_mixin.py:190} INFO - [2024-12-28T16:45:49.889+0000] {dag.py:4180} INFO - Setting next_dagrun for tutorial to 2024-12-27 00:00:00+00:00, run_after=2024-12-28 00:00:00+00:00
[2024-12-28T16:45:49.910+0000] {processor.py:208} INFO - Processing /home/airflow/.local/lib/python3.12/site-packages/airflow/example_dags/tutorial.py took 0.094 seconds
[2024-12-28T16:46:21.458+0000] {processor.py:186} INFO - Started process (PID=537) to work on /home/airflow/.local/lib/python3.12/site-packages/airflow/example_dags/tutorial.py
[2024-12-28T16:46:21.459+0000] {processor.py:914} INFO - Processing file /home/airflow/.local/lib/python3.12/site-packages/airflow/example_dags/tutorial.py for tasks to queue
[2024-12-28T16:46:21.461+0000] {logging_mixin.py:190} INFO - [2024-12-28T16:46:21.461+0000] {dagbag.py:588} INFO - Filling up the DagBag from /home/airflow/.local/lib/python3.12/site-packages/airflow/example_dags/tutorial.py
[2024-12-28T16:46:21.469+0000] {processor.py:925} INFO - DAG(s) 'tutorial' retrieved from /home/airflow/.local/lib/python3.12/site-packages/airflow/example_dags/tutorial.py
[2024-12-28T16:46:21.490+0000] {logging_mixin.py:190} INFO - [2024-12-28T16:46:21.490+0000] {dag.py:3239} INFO - Sync 1 DAGs
[2024-12-28T16:46:21.516+0000] {logging_mixin.py:190} INFO - [2024-12-28T16:46:21.516+0000] {dag.py:4180} INFO - Setting next_dagrun for tutorial to 2024-12-27 00:00:00+00:00, run_after=2024-12-28 00:00:00+00:00
[2024-12-28T16:46:21.533+0000] {processor.py:208} INFO - Processing /home/airflow/.local/lib/python3.12/site-packages/airflow/example_dags/tutorial.py took 0.082 seconds
[2024-12-28T16:46:52.878+0000] {processor.py:186} INFO - Started process (PID=600) to work on /home/airflow/.local/lib/python3.12/site-packages/airflow/example_dags/tutorial.py
[2024-12-28T16:46:52.879+0000] {processor.py:914} INFO - Processing file /home/airflow/.local/lib/python3.12/site-packages/airflow/example_dags/tutorial.py for tasks to queue
[2024-12-28T16:46:52.881+0000] {logging_mixin.py:190} INFO - [2024-12-28T16:46:52.881+0000] {dagbag.py:588} INFO - Filling up the DagBag from /home/airflow/.local/lib/python3.12/site-packages/airflow/example_dags/tutorial.py
[2024-12-28T16:46:52.889+0000] {processor.py:925} INFO - DAG(s) 'tutorial' retrieved from /home/airflow/.local/lib/python3.12/site-packages/airflow/example_dags/tutorial.py
[2024-12-28T16:46:52.912+0000] {logging_mixin.py:190} INFO - [2024-12-28T16:46:52.911+0000] {dag.py:3239} INFO - Sync 1 DAGs
[2024-12-28T16:46:52.934+0000] {logging_mixin.py:190} INFO - [2024-12-28T16:46:52.934+0000] {dag.py:4180} INFO - Setting next_dagrun for tutorial to 2024-12-27 00:00:00+00:00, run_after=2024-12-28 00:00:00+00:00
[2024-12-28T16:46:52.956+0000] {processor.py:208} INFO - Processing /home/airflow/.local/lib/python3.12/site-packages/airflow/example_dags/tutorial.py took 0.084 seconds
[2024-12-28T16:47:24.020+0000] {processor.py:186} INFO - Started process (PID=663) to work on /home/airflow/.local/lib/python3.12/site-packages/airflow/example_dags/tutorial.py
[2024-12-28T16:47:24.021+0000] {processor.py:914} INFO - Processing file /home/airflow/.local/lib/python3.12/site-packages/airflow/example_dags/tutorial.py for tasks to queue
[2024-12-28T16:47:24.024+0000] {logging_mixin.py:190} INFO - [2024-12-28T16:47:24.023+0000] {dagbag.py:588} INFO - Filling up the DagBag from /home/airflow/.local/lib/python3.12/site-packages/airflow/example_dags/tutorial.py
[2024-12-28T16:47:24.033+0000] {processor.py:925} INFO - DAG(s) 'tutorial' retrieved from /home/airflow/.local/lib/python3.12/site-packages/airflow/example_dags/tutorial.py
[2024-12-28T16:47:24.056+0000] {logging_mixin.py:190} INFO - [2024-12-28T16:47:24.056+0000] {dag.py:3239} INFO - Sync 1 DAGs
[2024-12-28T16:47:24.079+0000] {logging_mixin.py:190} INFO - [2024-12-28T16:47:24.079+0000] {dag.py:4180} INFO - Setting next_dagrun for tutorial to 2024-12-27 00:00:00+00:00, run_after=2024-12-28 00:00:00+00:00
[2024-12-28T16:47:24.097+0000] {processor.py:208} INFO - Processing /home/airflow/.local/lib/python3.12/site-packages/airflow/example_dags/tutorial.py took 0.083 seconds
[2024-12-28T16:52:23.041+0000] {processor.py:186} INFO - Started process (PID=92) to work on /home/airflow/.local/lib/python3.12/site-packages/airflow/example_dags/tutorial.py
[2024-12-28T16:52:23.042+0000] {processor.py:914} INFO - Processing file /home/airflow/.local/lib/python3.12/site-packages/airflow/example_dags/tutorial.py for tasks to queue
[2024-12-28T16:52:23.044+0000] {logging_mixin.py:190} INFO - [2024-12-28T16:52:23.044+0000] {dagbag.py:588} INFO - Filling up the DagBag from /home/airflow/.local/lib/python3.12/site-packages/airflow/example_dags/tutorial.py
[2024-12-28T16:52:23.052+0000] {processor.py:925} INFO - DAG(s) 'tutorial' retrieved from /home/airflow/.local/lib/python3.12/site-packages/airflow/example_dags/tutorial.py
[2024-12-28T16:52:23.077+0000] {logging_mixin.py:190} INFO - [2024-12-28T16:52:23.077+0000] {dag.py:3239} INFO - Sync 1 DAGs
[2024-12-28T16:52:23.101+0000] {logging_mixin.py:190} INFO - [2024-12-28T16:52:23.101+0000] {dag.py:4180} INFO - Setting next_dagrun for tutorial to 2024-12-27 00:00:00+00:00, run_after=2024-12-28 00:00:00+00:00
[2024-12-28T16:52:23.124+0000] {processor.py:208} INFO - Processing /home/airflow/.local/lib/python3.12/site-packages/airflow/example_dags/tutorial.py took 0.089 seconds
[2024-12-28T16:52:54.235+0000] {processor.py:186} INFO - Started process (PID=156) to work on /home/airflow/.local/lib/python3.12/site-packages/airflow/example_dags/tutorial.py
[2024-12-28T16:52:54.236+0000] {processor.py:914} INFO - Processing file /home/airflow/.local/lib/python3.12/site-packages/airflow/example_dags/tutorial.py for tasks to queue
[2024-12-28T16:52:54.238+0000] {logging_mixin.py:190} INFO - [2024-12-28T16:52:54.238+0000] {dagbag.py:588} INFO - Filling up the DagBag from /home/airflow/.local/lib/python3.12/site-packages/airflow/example_dags/tutorial.py
[2024-12-28T16:52:54.245+0000] {processor.py:925} INFO - DAG(s) 'tutorial' retrieved from /home/airflow/.local/lib/python3.12/site-packages/airflow/example_dags/tutorial.py
[2024-12-28T16:52:54.264+0000] {logging_mixin.py:190} INFO - [2024-12-28T16:52:54.263+0000] {dag.py:3239} INFO - Sync 1 DAGs
[2024-12-28T16:52:54.285+0000] {logging_mixin.py:190} INFO - [2024-12-28T16:52:54.285+0000] {dag.py:4180} INFO - Setting next_dagrun for tutorial to 2024-12-27 00:00:00+00:00, run_after=2024-12-28 00:00:00+00:00
[2024-12-28T16:52:54.300+0000] {processor.py:208} INFO - Processing /home/airflow/.local/lib/python3.12/site-packages/airflow/example_dags/tutorial.py took 0.071 seconds
[2024-12-28T16:53:25.584+0000] {processor.py:186} INFO - Started process (PID=220) to work on /home/airflow/.local/lib/python3.12/site-packages/airflow/example_dags/tutorial.py
[2024-12-28T16:53:25.585+0000] {processor.py:914} INFO - Processing file /home/airflow/.local/lib/python3.12/site-packages/airflow/example_dags/tutorial.py for tasks to queue
[2024-12-28T16:53:25.587+0000] {logging_mixin.py:190} INFO - [2024-12-28T16:53:25.587+0000] {dagbag.py:588} INFO - Filling up the DagBag from /home/airflow/.local/lib/python3.12/site-packages/airflow/example_dags/tutorial.py
[2024-12-28T16:53:25.595+0000] {processor.py:925} INFO - DAG(s) 'tutorial' retrieved from /home/airflow/.local/lib/python3.12/site-packages/airflow/example_dags/tutorial.py
[2024-12-28T16:53:25.614+0000] {logging_mixin.py:190} INFO - [2024-12-28T16:53:25.614+0000] {dag.py:3239} INFO - Sync 1 DAGs
[2024-12-28T16:53:25.637+0000] {logging_mixin.py:190} INFO - [2024-12-28T16:53:25.636+0000] {dag.py:4180} INFO - Setting next_dagrun for tutorial to 2024-12-27 00:00:00+00:00, run_after=2024-12-28 00:00:00+00:00
[2024-12-28T16:53:25.652+0000] {processor.py:208} INFO - Processing /home/airflow/.local/lib/python3.12/site-packages/airflow/example_dags/tutorial.py took 0.074 seconds
[2024-12-28T16:53:57.642+0000] {processor.py:186} INFO - Started process (PID=288) to work on /home/airflow/.local/lib/python3.12/site-packages/airflow/example_dags/tutorial.py
[2024-12-28T16:53:57.644+0000] {processor.py:914} INFO - Processing file /home/airflow/.local/lib/python3.12/site-packages/airflow/example_dags/tutorial.py for tasks to queue
[2024-12-28T16:53:57.649+0000] {logging_mixin.py:190} INFO - [2024-12-28T16:53:57.649+0000] {dagbag.py:588} INFO - Filling up the DagBag from /home/airflow/.local/lib/python3.12/site-packages/airflow/example_dags/tutorial.py
[2024-12-28T16:53:57.666+0000] {processor.py:925} INFO - DAG(s) 'tutorial' retrieved from /home/airflow/.local/lib/python3.12/site-packages/airflow/example_dags/tutorial.py
[2024-12-28T16:53:57.703+0000] {logging_mixin.py:190} INFO - [2024-12-28T16:53:57.703+0000] {dag.py:3239} INFO - Sync 1 DAGs
[2024-12-28T16:53:57.745+0000] {logging_mixin.py:190} INFO - [2024-12-28T16:53:57.744+0000] {dag.py:4180} INFO - Setting next_dagrun for tutorial to 2024-12-27 00:00:00+00:00, run_after=2024-12-28 00:00:00+00:00
[2024-12-28T16:53:57.780+0000] {processor.py:208} INFO - Processing /home/airflow/.local/lib/python3.12/site-packages/airflow/example_dags/tutorial.py took 0.149 seconds
[2024-12-28T16:54:29.212+0000] {processor.py:186} INFO - Started process (PID=352) to work on /home/airflow/.local/lib/python3.12/site-packages/airflow/example_dags/tutorial.py
[2024-12-28T16:54:29.213+0000] {processor.py:914} INFO - Processing file /home/airflow/.local/lib/python3.12/site-packages/airflow/example_dags/tutorial.py for tasks to queue
[2024-12-28T16:54:29.215+0000] {logging_mixin.py:190} INFO - [2024-12-28T16:54:29.215+0000] {dagbag.py:588} INFO - Filling up the DagBag from /home/airflow/.local/lib/python3.12/site-packages/airflow/example_dags/tutorial.py
[2024-12-28T16:54:29.223+0000] {processor.py:925} INFO - DAG(s) 'tutorial' retrieved from /home/airflow/.local/lib/python3.12/site-packages/airflow/example_dags/tutorial.py
[2024-12-28T16:54:29.243+0000] {logging_mixin.py:190} INFO - [2024-12-28T16:54:29.242+0000] {dag.py:3239} INFO - Sync 1 DAGs
[2024-12-28T16:54:29.264+0000] {logging_mixin.py:190} INFO - [2024-12-28T16:54:29.263+0000] {dag.py:4180} INFO - Setting next_dagrun for tutorial to 2024-12-27 00:00:00+00:00, run_after=2024-12-28 00:00:00+00:00
[2024-12-28T16:54:29.280+0000] {processor.py:208} INFO - Processing /home/airflow/.local/lib/python3.12/site-packages/airflow/example_dags/tutorial.py took 0.073 seconds
[2024-12-28T16:55:01.558+0000] {processor.py:186} INFO - Started process (PID=416) to work on /home/airflow/.local/lib/python3.12/site-packages/airflow/example_dags/tutorial.py
[2024-12-28T16:55:01.563+0000] {processor.py:914} INFO - Processing file /home/airflow/.local/lib/python3.12/site-packages/airflow/example_dags/tutorial.py for tasks to queue
[2024-12-28T16:55:01.566+0000] {logging_mixin.py:190} INFO - [2024-12-28T16:55:01.566+0000] {dagbag.py:588} INFO - Filling up the DagBag from /home/airflow/.local/lib/python3.12/site-packages/airflow/example_dags/tutorial.py
[2024-12-28T16:55:01.579+0000] {processor.py:925} INFO - DAG(s) 'tutorial' retrieved from /home/airflow/.local/lib/python3.12/site-packages/airflow/example_dags/tutorial.py
[2024-12-28T16:55:01.613+0000] {logging_mixin.py:190} INFO - [2024-12-28T16:55:01.613+0000] {dag.py:3239} INFO - Sync 1 DAGs
[2024-12-28T16:55:01.651+0000] {logging_mixin.py:190} INFO - [2024-12-28T16:55:01.651+0000] {dag.py:4180} INFO - Setting next_dagrun for tutorial to 2024-12-27 00:00:00+00:00, run_after=2024-12-28 00:00:00+00:00
[2024-12-28T16:55:01.682+0000] {processor.py:208} INFO - Processing /home/airflow/.local/lib/python3.12/site-packages/airflow/example_dags/tutorial.py took 0.134 seconds
[2024-12-28T16:55:33.806+0000] {processor.py:186} INFO - Started process (PID=480) to work on /home/airflow/.local/lib/python3.12/site-packages/airflow/example_dags/tutorial.py
[2024-12-28T16:55:33.808+0000] {processor.py:914} INFO - Processing file /home/airflow/.local/lib/python3.12/site-packages/airflow/example_dags/tutorial.py for tasks to queue
[2024-12-28T16:55:33.812+0000] {logging_mixin.py:190} INFO - [2024-12-28T16:55:33.812+0000] {dagbag.py:588} INFO - Filling up the DagBag from /home/airflow/.local/lib/python3.12/site-packages/airflow/example_dags/tutorial.py
[2024-12-28T16:55:33.827+0000] {processor.py:925} INFO - DAG(s) 'tutorial' retrieved from /home/airflow/.local/lib/python3.12/site-packages/airflow/example_dags/tutorial.py
[2024-12-28T16:55:33.871+0000] {logging_mixin.py:190} INFO - [2024-12-28T16:55:33.871+0000] {dag.py:3239} INFO - Sync 1 DAGs
[2024-12-28T16:55:33.915+0000] {logging_mixin.py:190} INFO - [2024-12-28T16:55:33.915+0000] {dag.py:4180} INFO - Setting next_dagrun for tutorial to 2024-12-27 00:00:00+00:00, run_after=2024-12-28 00:00:00+00:00
[2024-12-28T16:55:33.950+0000] {processor.py:208} INFO - Processing /home/airflow/.local/lib/python3.12/site-packages/airflow/example_dags/tutorial.py took 0.157 seconds
[2024-12-28T16:56:04.666+0000] {processor.py:186} INFO - Started process (PID=544) to work on /home/airflow/.local/lib/python3.12/site-packages/airflow/example_dags/tutorial.py
[2024-12-28T16:56:04.667+0000] {processor.py:914} INFO - Processing file /home/airflow/.local/lib/python3.12/site-packages/airflow/example_dags/tutorial.py for tasks to queue
[2024-12-28T16:56:04.669+0000] {logging_mixin.py:190} INFO - [2024-12-28T16:56:04.669+0000] {dagbag.py:588} INFO - Filling up the DagBag from /home/airflow/.local/lib/python3.12/site-packages/airflow/example_dags/tutorial.py
[2024-12-28T16:56:04.678+0000] {processor.py:925} INFO - DAG(s) 'tutorial' retrieved from /home/airflow/.local/lib/python3.12/site-packages/airflow/example_dags/tutorial.py
[2024-12-28T16:56:04.702+0000] {logging_mixin.py:190} INFO - [2024-12-28T16:56:04.702+0000] {dag.py:3239} INFO - Sync 1 DAGs
[2024-12-28T16:56:04.727+0000] {logging_mixin.py:190} INFO - [2024-12-28T16:56:04.727+0000] {dag.py:4180} INFO - Setting next_dagrun for tutorial to 2024-12-27 00:00:00+00:00, run_after=2024-12-28 00:00:00+00:00
[2024-12-28T16:56:04.747+0000] {processor.py:208} INFO - Processing /home/airflow/.local/lib/python3.12/site-packages/airflow/example_dags/tutorial.py took 0.088 seconds
[2024-12-28T16:56:35.998+0000] {processor.py:186} INFO - Started process (PID=608) to work on /home/airflow/.local/lib/python3.12/site-packages/airflow/example_dags/tutorial.py
[2024-12-28T16:56:35.999+0000] {processor.py:914} INFO - Processing file /home/airflow/.local/lib/python3.12/site-packages/airflow/example_dags/tutorial.py for tasks to queue
[2024-12-28T16:56:36.001+0000] {logging_mixin.py:190} INFO - [2024-12-28T16:56:36.001+0000] {dagbag.py:588} INFO - Filling up the DagBag from /home/airflow/.local/lib/python3.12/site-packages/airflow/example_dags/tutorial.py
[2024-12-28T16:56:36.008+0000] {processor.py:925} INFO - DAG(s) 'tutorial' retrieved from /home/airflow/.local/lib/python3.12/site-packages/airflow/example_dags/tutorial.py
[2024-12-28T16:56:36.032+0000] {logging_mixin.py:190} INFO - [2024-12-28T16:56:36.031+0000] {dag.py:3239} INFO - Sync 1 DAGs
[2024-12-28T16:56:36.055+0000] {logging_mixin.py:190} INFO - [2024-12-28T16:56:36.055+0000] {dag.py:4180} INFO - Setting next_dagrun for tutorial to 2024-12-27 00:00:00+00:00, run_after=2024-12-28 00:00:00+00:00
[2024-12-28T16:56:36.074+0000] {processor.py:208} INFO - Processing /home/airflow/.local/lib/python3.12/site-packages/airflow/example_dags/tutorial.py took 0.083 seconds
[2024-12-28T16:57:06.826+0000] {processor.py:186} INFO - Started process (PID=672) to work on /home/airflow/.local/lib/python3.12/site-packages/airflow/example_dags/tutorial.py
[2024-12-28T16:57:06.826+0000] {processor.py:914} INFO - Processing file /home/airflow/.local/lib/python3.12/site-packages/airflow/example_dags/tutorial.py for tasks to queue
[2024-12-28T16:57:06.828+0000] {logging_mixin.py:190} INFO - [2024-12-28T16:57:06.828+0000] {dagbag.py:588} INFO - Filling up the DagBag from /home/airflow/.local/lib/python3.12/site-packages/airflow/example_dags/tutorial.py
[2024-12-28T16:57:06.837+0000] {processor.py:925} INFO - DAG(s) 'tutorial' retrieved from /home/airflow/.local/lib/python3.12/site-packages/airflow/example_dags/tutorial.py
[2024-12-28T16:57:06.858+0000] {logging_mixin.py:190} INFO - [2024-12-28T16:57:06.857+0000] {dag.py:3239} INFO - Sync 1 DAGs
[2024-12-28T16:57:06.879+0000] {logging_mixin.py:190} INFO - [2024-12-28T16:57:06.878+0000] {dag.py:4180} INFO - Setting next_dagrun for tutorial to 2024-12-27 00:00:00+00:00, run_after=2024-12-28 00:00:00+00:00
[2024-12-28T16:57:06.894+0000] {processor.py:208} INFO - Processing /home/airflow/.local/lib/python3.12/site-packages/airflow/example_dags/tutorial.py took 0.074 seconds
[2024-12-28T16:57:38.425+0000] {processor.py:186} INFO - Started process (PID=736) to work on /home/airflow/.local/lib/python3.12/site-packages/airflow/example_dags/tutorial.py
[2024-12-28T16:57:38.426+0000] {processor.py:914} INFO - Processing file /home/airflow/.local/lib/python3.12/site-packages/airflow/example_dags/tutorial.py for tasks to queue
[2024-12-28T16:57:38.428+0000] {logging_mixin.py:190} INFO - [2024-12-28T16:57:38.428+0000] {dagbag.py:588} INFO - Filling up the DagBag from /home/airflow/.local/lib/python3.12/site-packages/airflow/example_dags/tutorial.py
[2024-12-28T16:57:38.436+0000] {processor.py:925} INFO - DAG(s) 'tutorial' retrieved from /home/airflow/.local/lib/python3.12/site-packages/airflow/example_dags/tutorial.py
[2024-12-28T16:57:38.455+0000] {logging_mixin.py:190} INFO - [2024-12-28T16:57:38.455+0000] {dag.py:3239} INFO - Sync 1 DAGs
[2024-12-28T16:57:38.477+0000] {logging_mixin.py:190} INFO - [2024-12-28T16:57:38.477+0000] {dag.py:4180} INFO - Setting next_dagrun for tutorial to 2024-12-27 00:00:00+00:00, run_after=2024-12-28 00:00:00+00:00
[2024-12-28T16:57:38.494+0000] {processor.py:208} INFO - Processing /home/airflow/.local/lib/python3.12/site-packages/airflow/example_dags/tutorial.py took 0.073 seconds
[2024-12-28T16:58:09.162+0000] {processor.py:186} INFO - Started process (PID=800) to work on /home/airflow/.local/lib/python3.12/site-packages/airflow/example_dags/tutorial.py
[2024-12-28T16:58:09.163+0000] {processor.py:914} INFO - Processing file /home/airflow/.local/lib/python3.12/site-packages/airflow/example_dags/tutorial.py for tasks to queue
[2024-12-28T16:58:09.165+0000] {logging_mixin.py:190} INFO - [2024-12-28T16:58:09.165+0000] {dagbag.py:588} INFO - Filling up the DagBag from /home/airflow/.local/lib/python3.12/site-packages/airflow/example_dags/tutorial.py
[2024-12-28T16:58:09.173+0000] {processor.py:925} INFO - DAG(s) 'tutorial' retrieved from /home/airflow/.local/lib/python3.12/site-packages/airflow/example_dags/tutorial.py
[2024-12-28T16:58:09.193+0000] {logging_mixin.py:190} INFO - [2024-12-28T16:58:09.193+0000] {dag.py:3239} INFO - Sync 1 DAGs
[2024-12-28T16:58:09.214+0000] {logging_mixin.py:190} INFO - [2024-12-28T16:58:09.213+0000] {dag.py:4180} INFO - Setting next_dagrun for tutorial to 2024-12-27 00:00:00+00:00, run_after=2024-12-28 00:00:00+00:00
[2024-12-28T16:58:09.230+0000] {processor.py:208} INFO - Processing /home/airflow/.local/lib/python3.12/site-packages/airflow/example_dags/tutorial.py took 0.073 seconds
[2024-12-28T16:58:40.360+0000] {processor.py:186} INFO - Started process (PID=864) to work on /home/airflow/.local/lib/python3.12/site-packages/airflow/example_dags/tutorial.py
[2024-12-28T16:58:40.361+0000] {processor.py:914} INFO - Processing file /home/airflow/.local/lib/python3.12/site-packages/airflow/example_dags/tutorial.py for tasks to queue
[2024-12-28T16:58:40.363+0000] {logging_mixin.py:190} INFO - [2024-12-28T16:58:40.363+0000] {dagbag.py:588} INFO - Filling up the DagBag from /home/airflow/.local/lib/python3.12/site-packages/airflow/example_dags/tutorial.py
[2024-12-28T16:58:40.371+0000] {processor.py:925} INFO - DAG(s) 'tutorial' retrieved from /home/airflow/.local/lib/python3.12/site-packages/airflow/example_dags/tutorial.py
[2024-12-28T16:58:40.393+0000] {logging_mixin.py:190} INFO - [2024-12-28T16:58:40.393+0000] {dag.py:3239} INFO - Sync 1 DAGs
[2024-12-28T16:58:40.415+0000] {logging_mixin.py:190} INFO - [2024-12-28T16:58:40.415+0000] {dag.py:4180} INFO - Setting next_dagrun for tutorial to 2024-12-27 00:00:00+00:00, run_after=2024-12-28 00:00:00+00:00
[2024-12-28T16:58:40.433+0000] {processor.py:208} INFO - Processing /home/airflow/.local/lib/python3.12/site-packages/airflow/example_dags/tutorial.py took 0.079 seconds
[2024-12-28T16:59:11.558+0000] {processor.py:186} INFO - Started process (PID=928) to work on /home/airflow/.local/lib/python3.12/site-packages/airflow/example_dags/tutorial.py
[2024-12-28T16:59:11.558+0000] {processor.py:914} INFO - Processing file /home/airflow/.local/lib/python3.12/site-packages/airflow/example_dags/tutorial.py for tasks to queue
[2024-12-28T16:59:11.560+0000] {logging_mixin.py:190} INFO - [2024-12-28T16:59:11.560+0000] {dagbag.py:588} INFO - Filling up the DagBag from /home/airflow/.local/lib/python3.12/site-packages/airflow/example_dags/tutorial.py
[2024-12-28T16:59:11.568+0000] {processor.py:925} INFO - DAG(s) 'tutorial' retrieved from /home/airflow/.local/lib/python3.12/site-packages/airflow/example_dags/tutorial.py
[2024-12-28T16:59:11.586+0000] {logging_mixin.py:190} INFO - [2024-12-28T16:59:11.585+0000] {dag.py:3239} INFO - Sync 1 DAGs
[2024-12-28T16:59:11.604+0000] {logging_mixin.py:190} INFO - [2024-12-28T16:59:11.604+0000] {dag.py:4180} INFO - Setting next_dagrun for tutorial to 2024-12-27 00:00:00+00:00, run_after=2024-12-28 00:00:00+00:00
[2024-12-28T16:59:11.619+0000] {processor.py:208} INFO - Processing /home/airflow/.local/lib/python3.12/site-packages/airflow/example_dags/tutorial.py took 0.067 seconds
[2024-12-28T16:59:42.893+0000] {processor.py:186} INFO - Started process (PID=992) to work on /home/airflow/.local/lib/python3.12/site-packages/airflow/example_dags/tutorial.py
[2024-12-28T16:59:42.894+0000] {processor.py:914} INFO - Processing file /home/airflow/.local/lib/python3.12/site-packages/airflow/example_dags/tutorial.py for tasks to queue
[2024-12-28T16:59:42.896+0000] {logging_mixin.py:190} INFO - [2024-12-28T16:59:42.895+0000] {dagbag.py:588} INFO - Filling up the DagBag from /home/airflow/.local/lib/python3.12/site-packages/airflow/example_dags/tutorial.py
[2024-12-28T16:59:42.903+0000] {processor.py:925} INFO - DAG(s) 'tutorial' retrieved from /home/airflow/.local/lib/python3.12/site-packages/airflow/example_dags/tutorial.py
[2024-12-28T16:59:42.921+0000] {logging_mixin.py:190} INFO - [2024-12-28T16:59:42.921+0000] {dag.py:3239} INFO - Sync 1 DAGs
[2024-12-28T16:59:42.942+0000] {logging_mixin.py:190} INFO - [2024-12-28T16:59:42.942+0000] {dag.py:4180} INFO - Setting next_dagrun for tutorial to 2024-12-27 00:00:00+00:00, run_after=2024-12-28 00:00:00+00:00
[2024-12-28T16:59:42.958+0000] {processor.py:208} INFO - Processing /home/airflow/.local/lib/python3.12/site-packages/airflow/example_dags/tutorial.py took 0.070 seconds
[2024-12-28T17:00:13.697+0000] {processor.py:186} INFO - Started process (PID=1056) to work on /home/airflow/.local/lib/python3.12/site-packages/airflow/example_dags/tutorial.py
[2024-12-28T17:00:13.697+0000] {processor.py:914} INFO - Processing file /home/airflow/.local/lib/python3.12/site-packages/airflow/example_dags/tutorial.py for tasks to queue
[2024-12-28T17:00:13.699+0000] {logging_mixin.py:190} INFO - [2024-12-28T17:00:13.699+0000] {dagbag.py:588} INFO - Filling up the DagBag from /home/airflow/.local/lib/python3.12/site-packages/airflow/example_dags/tutorial.py
[2024-12-28T17:00:13.706+0000] {processor.py:925} INFO - DAG(s) 'tutorial' retrieved from /home/airflow/.local/lib/python3.12/site-packages/airflow/example_dags/tutorial.py
[2024-12-28T17:00:13.724+0000] {logging_mixin.py:190} INFO - [2024-12-28T17:00:13.724+0000] {dag.py:3239} INFO - Sync 1 DAGs
[2024-12-28T17:00:13.746+0000] {logging_mixin.py:190} INFO - [2024-12-28T17:00:13.745+0000] {dag.py:4180} INFO - Setting next_dagrun for tutorial to 2024-12-27 00:00:00+00:00, run_after=2024-12-28 00:00:00+00:00
[2024-12-28T17:00:13.761+0000] {processor.py:208} INFO - Processing /home/airflow/.local/lib/python3.12/site-packages/airflow/example_dags/tutorial.py took 0.070 seconds
[2024-12-28T17:00:45.144+0000] {processor.py:186} INFO - Started process (PID=1120) to work on /home/airflow/.local/lib/python3.12/site-packages/airflow/example_dags/tutorial.py
[2024-12-28T17:00:45.145+0000] {processor.py:914} INFO - Processing file /home/airflow/.local/lib/python3.12/site-packages/airflow/example_dags/tutorial.py for tasks to queue
[2024-12-28T17:00:45.147+0000] {logging_mixin.py:190} INFO - [2024-12-28T17:00:45.146+0000] {dagbag.py:588} INFO - Filling up the DagBag from /home/airflow/.local/lib/python3.12/site-packages/airflow/example_dags/tutorial.py
[2024-12-28T17:00:45.154+0000] {processor.py:925} INFO - DAG(s) 'tutorial' retrieved from /home/airflow/.local/lib/python3.12/site-packages/airflow/example_dags/tutorial.py
[2024-12-28T17:00:45.173+0000] {logging_mixin.py:190} INFO - [2024-12-28T17:00:45.173+0000] {dag.py:3239} INFO - Sync 1 DAGs
[2024-12-28T17:00:45.196+0000] {logging_mixin.py:190} INFO - [2024-12-28T17:00:45.195+0000] {dag.py:4180} INFO - Setting next_dagrun for tutorial to 2024-12-27 00:00:00+00:00, run_after=2024-12-28 00:00:00+00:00
[2024-12-28T17:00:45.211+0000] {processor.py:208} INFO - Processing /home/airflow/.local/lib/python3.12/site-packages/airflow/example_dags/tutorial.py took 0.073 seconds
[2024-12-28T17:01:16.741+0000] {processor.py:186} INFO - Started process (PID=1184) to work on /home/airflow/.local/lib/python3.12/site-packages/airflow/example_dags/tutorial.py
[2024-12-28T17:01:16.742+0000] {processor.py:914} INFO - Processing file /home/airflow/.local/lib/python3.12/site-packages/airflow/example_dags/tutorial.py for tasks to queue
[2024-12-28T17:01:16.744+0000] {logging_mixin.py:190} INFO - [2024-12-28T17:01:16.743+0000] {dagbag.py:588} INFO - Filling up the DagBag from /home/airflow/.local/lib/python3.12/site-packages/airflow/example_dags/tutorial.py
[2024-12-28T17:01:16.751+0000] {processor.py:925} INFO - DAG(s) 'tutorial' retrieved from /home/airflow/.local/lib/python3.12/site-packages/airflow/example_dags/tutorial.py
[2024-12-28T17:01:16.770+0000] {logging_mixin.py:190} INFO - [2024-12-28T17:01:16.769+0000] {dag.py:3239} INFO - Sync 1 DAGs
[2024-12-28T17:01:16.790+0000] {logging_mixin.py:190} INFO - [2024-12-28T17:01:16.790+0000] {dag.py:4180} INFO - Setting next_dagrun for tutorial to 2024-12-27 00:00:00+00:00, run_after=2024-12-28 00:00:00+00:00
[2024-12-28T17:01:16.807+0000] {processor.py:208} INFO - Processing /home/airflow/.local/lib/python3.12/site-packages/airflow/example_dags/tutorial.py took 0.071 seconds
[2024-12-28T17:01:47.645+0000] {processor.py:186} INFO - Started process (PID=1248) to work on /home/airflow/.local/lib/python3.12/site-packages/airflow/example_dags/tutorial.py
[2024-12-28T17:01:47.646+0000] {processor.py:914} INFO - Processing file /home/airflow/.local/lib/python3.12/site-packages/airflow/example_dags/tutorial.py for tasks to queue
[2024-12-28T17:01:47.648+0000] {logging_mixin.py:190} INFO - [2024-12-28T17:01:47.647+0000] {dagbag.py:588} INFO - Filling up the DagBag from /home/airflow/.local/lib/python3.12/site-packages/airflow/example_dags/tutorial.py
[2024-12-28T17:01:47.655+0000] {processor.py:925} INFO - DAG(s) 'tutorial' retrieved from /home/airflow/.local/lib/python3.12/site-packages/airflow/example_dags/tutorial.py
[2024-12-28T17:01:47.673+0000] {logging_mixin.py:190} INFO - [2024-12-28T17:01:47.673+0000] {dag.py:3239} INFO - Sync 1 DAGs
[2024-12-28T17:01:47.693+0000] {logging_mixin.py:190} INFO - [2024-12-28T17:01:47.693+0000] {dag.py:4180} INFO - Setting next_dagrun for tutorial to 2024-12-27 00:00:00+00:00, run_after=2024-12-28 00:00:00+00:00
[2024-12-28T17:01:47.709+0000] {processor.py:208} INFO - Processing /home/airflow/.local/lib/python3.12/site-packages/airflow/example_dags/tutorial.py took 0.070 seconds
[2024-12-28T17:02:19.250+0000] {processor.py:186} INFO - Started process (PID=1312) to work on /home/airflow/.local/lib/python3.12/site-packages/airflow/example_dags/tutorial.py
[2024-12-28T17:02:19.251+0000] {processor.py:914} INFO - Processing file /home/airflow/.local/lib/python3.12/site-packages/airflow/example_dags/tutorial.py for tasks to queue
[2024-12-28T17:02:19.253+0000] {logging_mixin.py:190} INFO - [2024-12-28T17:02:19.253+0000] {dagbag.py:588} INFO - Filling up the DagBag from /home/airflow/.local/lib/python3.12/site-packages/airflow/example_dags/tutorial.py
[2024-12-28T17:02:19.261+0000] {processor.py:925} INFO - DAG(s) 'tutorial' retrieved from /home/airflow/.local/lib/python3.12/site-packages/airflow/example_dags/tutorial.py
[2024-12-28T17:02:19.283+0000] {logging_mixin.py:190} INFO - [2024-12-28T17:02:19.282+0000] {dag.py:3239} INFO - Sync 1 DAGs
[2024-12-28T17:02:19.305+0000] {logging_mixin.py:190} INFO - [2024-12-28T17:02:19.305+0000] {dag.py:4180} INFO - Setting next_dagrun for tutorial to 2024-12-27 00:00:00+00:00, run_after=2024-12-28 00:00:00+00:00
[2024-12-28T17:02:19.323+0000] {processor.py:208} INFO - Processing /home/airflow/.local/lib/python3.12/site-packages/airflow/example_dags/tutorial.py took 0.081 seconds
[2024-12-28T17:02:49.898+0000] {processor.py:186} INFO - Started process (PID=1385) to work on /home/airflow/.local/lib/python3.12/site-packages/airflow/example_dags/tutorial.py
[2024-12-28T17:02:49.899+0000] {processor.py:914} INFO - Processing file /home/airflow/.local/lib/python3.12/site-packages/airflow/example_dags/tutorial.py for tasks to queue
[2024-12-28T17:02:49.901+0000] {logging_mixin.py:190} INFO - [2024-12-28T17:02:49.900+0000] {dagbag.py:588} INFO - Filling up the DagBag from /home/airflow/.local/lib/python3.12/site-packages/airflow/example_dags/tutorial.py
[2024-12-28T17:02:49.908+0000] {processor.py:925} INFO - DAG(s) 'tutorial' retrieved from /home/airflow/.local/lib/python3.12/site-packages/airflow/example_dags/tutorial.py
[2024-12-28T17:02:49.928+0000] {logging_mixin.py:190} INFO - [2024-12-28T17:02:49.928+0000] {dag.py:3239} INFO - Sync 1 DAGs
[2024-12-28T17:02:49.949+0000] {logging_mixin.py:190} INFO - [2024-12-28T17:02:49.949+0000] {dag.py:4180} INFO - Setting next_dagrun for tutorial to 2024-12-27 00:00:00+00:00, run_after=2024-12-28 00:00:00+00:00
[2024-12-28T17:02:49.965+0000] {processor.py:208} INFO - Processing /home/airflow/.local/lib/python3.12/site-packages/airflow/example_dags/tutorial.py took 0.073 seconds
[2024-12-28T17:03:20.839+0000] {processor.py:186} INFO - Started process (PID=1461) to work on /home/airflow/.local/lib/python3.12/site-packages/airflow/example_dags/tutorial.py
[2024-12-28T17:03:20.840+0000] {processor.py:914} INFO - Processing file /home/airflow/.local/lib/python3.12/site-packages/airflow/example_dags/tutorial.py for tasks to queue
[2024-12-28T17:03:20.842+0000] {logging_mixin.py:190} INFO - [2024-12-28T17:03:20.842+0000] {dagbag.py:588} INFO - Filling up the DagBag from /home/airflow/.local/lib/python3.12/site-packages/airflow/example_dags/tutorial.py
[2024-12-28T17:03:20.850+0000] {processor.py:925} INFO - DAG(s) 'tutorial' retrieved from /home/airflow/.local/lib/python3.12/site-packages/airflow/example_dags/tutorial.py
[2024-12-28T17:03:20.875+0000] {logging_mixin.py:190} INFO - [2024-12-28T17:03:20.875+0000] {dag.py:3239} INFO - Sync 1 DAGs
[2024-12-28T17:03:20.903+0000] {logging_mixin.py:190} INFO - [2024-12-28T17:03:20.903+0000] {dag.py:4180} INFO - Setting next_dagrun for tutorial to 2024-12-27 00:00:00+00:00, run_after=2024-12-28 00:00:00+00:00
[2024-12-28T17:03:20.926+0000] {processor.py:208} INFO - Processing /home/airflow/.local/lib/python3.12/site-packages/airflow/example_dags/tutorial.py took 0.092 seconds
[2024-12-28T17:03:51.687+0000] {processor.py:186} INFO - Started process (PID=1545) to work on /home/airflow/.local/lib/python3.12/site-packages/airflow/example_dags/tutorial.py
[2024-12-28T17:03:51.688+0000] {processor.py:914} INFO - Processing file /home/airflow/.local/lib/python3.12/site-packages/airflow/example_dags/tutorial.py for tasks to queue
[2024-12-28T17:03:51.690+0000] {logging_mixin.py:190} INFO - [2024-12-28T17:03:51.689+0000] {dagbag.py:588} INFO - Filling up the DagBag from /home/airflow/.local/lib/python3.12/site-packages/airflow/example_dags/tutorial.py
[2024-12-28T17:03:51.698+0000] {processor.py:925} INFO - DAG(s) 'tutorial' retrieved from /home/airflow/.local/lib/python3.12/site-packages/airflow/example_dags/tutorial.py
[2024-12-28T17:03:51.717+0000] {logging_mixin.py:190} INFO - [2024-12-28T17:03:51.717+0000] {dag.py:3239} INFO - Sync 1 DAGs
[2024-12-28T17:03:51.740+0000] {logging_mixin.py:190} INFO - [2024-12-28T17:03:51.740+0000] {dag.py:4180} INFO - Setting next_dagrun for tutorial to 2024-12-27 00:00:00+00:00, run_after=2024-12-28 00:00:00+00:00
[2024-12-28T17:03:51.757+0000] {processor.py:208} INFO - Processing /home/airflow/.local/lib/python3.12/site-packages/airflow/example_dags/tutorial.py took 0.076 seconds
