[2024-12-28T16:55:45.602+0000] {local_task_job_runner.py:123} INFO - ::group::Pre task execution logs
[2024-12-28T16:55:45.633+0000] {taskinstance.py:2613} INFO - Dependencies all met for dep_context=non-requeueable deps ti=<TaskInstance: hello_world.print_hello scheduled__2024-12-14T00:00:00+00:00 [queued]>
[2024-12-28T16:55:45.654+0000] {taskinstance.py:2613} INFO - Dependencies all met for dep_context=requeueable deps ti=<TaskInstance: hello_world.print_hello scheduled__2024-12-14T00:00:00+00:00 [queued]>
[2024-12-28T16:55:45.654+0000] {taskinstance.py:2866} INFO - Starting attempt 1 of 1
[2024-12-28T16:55:45.971+0000] {taskinstance.py:2889} INFO - Executing <Task(BashOperator): print_hello> on 2024-12-14 00:00:00+00:00
[2024-12-28T16:55:45.987+0000] {warnings.py:112} WARNING - /home/***/.local/lib/python3.12/site-packages/***/task/task_runner/standard_task_runner.py:70: DeprecationWarning: This process (pid=1019) is multi-threaded, use of fork() may lead to deadlocks in the child.
  pid = os.fork()

[2024-12-28T16:55:45.990+0000] {standard_task_runner.py:72} INFO - Started process 1069 to run task
[2024-12-28T16:55:45.991+0000] {standard_task_runner.py:104} INFO - Running: ['***', 'tasks', 'run', 'hello_world', 'print_hello', 'scheduled__2024-12-14T00:00:00+00:00', '--job-id', '198', '--raw', '--subdir', 'DAGS_FOLDER/1.hello_world.py', '--cfg-path', '/tmp/tmp1r2kus_v']
[2024-12-28T16:55:45.992+0000] {standard_task_runner.py:105} INFO - Job 198: Subtask print_hello
[2024-12-28T16:55:46.070+0000] {task_command.py:467} INFO - Running <TaskInstance: hello_world.print_hello scheduled__2024-12-14T00:00:00+00:00 [running]> on host 13727ff23191
[2024-12-28T16:55:46.220+0000] {taskinstance.py:3132} INFO - Exporting env vars: AIRFLOW_CTX_DAG_OWNER='***' AIRFLOW_CTX_DAG_ID='hello_world' AIRFLOW_CTX_TASK_ID='print_hello' AIRFLOW_CTX_EXECUTION_DATE='2024-12-14T00:00:00+00:00' AIRFLOW_CTX_TRY_NUMBER='1' AIRFLOW_CTX_DAG_RUN_ID='scheduled__2024-12-14T00:00:00+00:00'
[2024-12-28T16:55:46.222+0000] {logging_mixin.py:190} INFO - Task instance is in running state
[2024-12-28T16:55:46.223+0000] {logging_mixin.py:190} INFO -  Previous state of the Task instance: queued
[2024-12-28T16:55:46.223+0000] {logging_mixin.py:190} INFO - Current task name:print_hello state:running start_date:2024-12-28 16:55:45.633812+00:00
[2024-12-28T16:55:46.223+0000] {logging_mixin.py:190} INFO - Dag name:hello_world and current dag run status:running
[2024-12-28T16:55:46.223+0000] {taskinstance.py:731} INFO - ::endgroup::
[2024-12-28T16:55:46.224+0000] {subprocess.py:78} INFO - Tmp dir root location: /tmp
[2024-12-28T16:55:46.225+0000] {subprocess.py:88} INFO - Running command: ['/usr/bin/bash', '-c', "echo 'Hello, World!'"]
[2024-12-28T16:55:46.262+0000] {subprocess.py:99} INFO - Output:
[2024-12-28T16:55:46.264+0000] {subprocess.py:106} INFO - Hello, World!
[2024-12-28T16:55:46.265+0000] {subprocess.py:110} INFO - Command exited with return code 0
[2024-12-28T16:55:46.299+0000] {taskinstance.py:340} INFO - ::group::Post task execution logs
[2024-12-28T16:55:46.300+0000] {taskinstance.py:352} INFO - Marking task as SUCCESS. dag_id=hello_world, task_id=print_hello, run_id=scheduled__2024-12-14T00:00:00+00:00, execution_date=20241214T000000, start_date=20241228T165545, end_date=20241228T165546
[2024-12-28T16:55:46.316+0000] {logging_mixin.py:190} INFO - Task instance in success state
[2024-12-28T16:55:46.316+0000] {logging_mixin.py:190} INFO -  Previous state of the Task instance: running
[2024-12-28T16:55:46.317+0000] {logging_mixin.py:190} INFO - Dag name:hello_world queued_at:2024-12-28 16:55:41.922487+00:00
[2024-12-28T16:55:46.317+0000] {logging_mixin.py:190} INFO - Task hostname:13727ff23191 operator:BashOperator
[2024-12-28T16:55:46.366+0000] {local_task_job_runner.py:266} INFO - Task exited with return code 0
[2024-12-28T16:55:46.387+0000] {taskinstance.py:3895} INFO - 0 downstream tasks scheduled from follow-on schedule check
[2024-12-28T16:55:46.388+0000] {local_task_job_runner.py:245} INFO - ::endgroup::
