[2024-12-28T16:53:55.681+0000] {local_task_job_runner.py:123} INFO - ::group::Pre task execution logs
[2024-12-28T16:53:55.757+0000] {taskinstance.py:2613} INFO - Dependencies all met for dep_context=non-requeueable deps ti=<TaskInstance: hello_world.print_hello scheduled__2024-06-28T00:00:00+00:00 [queued]>
[2024-12-28T16:53:55.850+0000] {taskinstance.py:2613} INFO - Dependencies all met for dep_context=requeueable deps ti=<TaskInstance: hello_world.print_hello scheduled__2024-06-28T00:00:00+00:00 [queued]>
[2024-12-28T16:53:55.851+0000] {taskinstance.py:2866} INFO - Starting attempt 1 of 1
[2024-12-28T16:53:56.771+0000] {taskinstance.py:2889} INFO - Executing <Task(BashOperator): print_hello> on 2024-06-28 00:00:00+00:00
[2024-12-28T16:53:56.792+0000] {warnings.py:112} WARNING - /home/***/.local/lib/python3.12/site-packages/***/task/task_runner/standard_task_runner.py:70: DeprecationWarning: This process (pid=178) is multi-threaded, use of fork() may lead to deadlocks in the child.
  pid = os.fork()

[2024-12-28T16:53:56.795+0000] {standard_task_runner.py:72} INFO - Started process 218 to run task
[2024-12-28T16:53:56.822+0000] {standard_task_runner.py:104} INFO - Running: ['***', 'tasks', 'run', 'hello_world', 'print_hello', 'scheduled__2024-06-28T00:00:00+00:00', '--job-id', '30', '--raw', '--subdir', 'DAGS_FOLDER/1.hello_world.py', '--cfg-path', '/tmp/tmpyees3i8c']
[2024-12-28T16:53:56.837+0000] {standard_task_runner.py:105} INFO - Job 30: Subtask print_hello
[2024-12-28T16:53:57.068+0000] {task_command.py:467} INFO - Running <TaskInstance: hello_world.print_hello scheduled__2024-06-28T00:00:00+00:00 [running]> on host 13727ff23191
[2024-12-28T16:53:57.311+0000] {taskinstance.py:3132} INFO - Exporting env vars: AIRFLOW_CTX_DAG_OWNER='***' AIRFLOW_CTX_DAG_ID='hello_world' AIRFLOW_CTX_TASK_ID='print_hello' AIRFLOW_CTX_EXECUTION_DATE='2024-06-28T00:00:00+00:00' AIRFLOW_CTX_TRY_NUMBER='1' AIRFLOW_CTX_DAG_RUN_ID='scheduled__2024-06-28T00:00:00+00:00'
[2024-12-28T16:53:57.312+0000] {logging_mixin.py:190} INFO - Task instance is in running state
[2024-12-28T16:53:57.313+0000] {logging_mixin.py:190} INFO -  Previous state of the Task instance: queued
[2024-12-28T16:53:57.313+0000] {logging_mixin.py:190} INFO - Current task name:print_hello state:running start_date:2024-12-28 16:53:55.757837+00:00
[2024-12-28T16:53:57.318+0000] {logging_mixin.py:190} INFO - Dag name:hello_world and current dag run status:running
[2024-12-28T16:53:57.318+0000] {taskinstance.py:731} INFO - ::endgroup::
[2024-12-28T16:53:57.320+0000] {subprocess.py:78} INFO - Tmp dir root location: /tmp
[2024-12-28T16:53:57.321+0000] {subprocess.py:88} INFO - Running command: ['/usr/bin/bash', '-c', "echo 'Hello, World!'"]
[2024-12-28T16:53:57.364+0000] {subprocess.py:99} INFO - Output:
[2024-12-28T16:53:57.365+0000] {subprocess.py:106} INFO - Hello, World!
[2024-12-28T16:53:57.366+0000] {subprocess.py:110} INFO - Command exited with return code 0
[2024-12-28T16:53:57.415+0000] {taskinstance.py:340} INFO - ::group::Post task execution logs
[2024-12-28T16:53:57.415+0000] {taskinstance.py:352} INFO - Marking task as SUCCESS. dag_id=hello_world, task_id=print_hello, run_id=scheduled__2024-06-28T00:00:00+00:00, execution_date=20240628T000000, start_date=20241228T165355, end_date=20241228T165357
[2024-12-28T16:53:57.440+0000] {logging_mixin.py:190} INFO - Task instance in success state
[2024-12-28T16:53:57.440+0000] {logging_mixin.py:190} INFO -  Previous state of the Task instance: running
[2024-12-28T16:53:57.440+0000] {logging_mixin.py:190} INFO - Dag name:hello_world queued_at:2024-12-28 16:53:50.825288+00:00
[2024-12-28T16:53:57.441+0000] {logging_mixin.py:190} INFO - Task hostname:13727ff23191 operator:BashOperator
[2024-12-28T16:53:57.503+0000] {local_task_job_runner.py:266} INFO - Task exited with return code 0
[2024-12-28T16:53:57.538+0000] {taskinstance.py:3895} INFO - 0 downstream tasks scheduled from follow-on schedule check
[2024-12-28T16:53:57.546+0000] {local_task_job_runner.py:245} INFO - ::endgroup::
