[2024-12-28T16:54:27.197+0000] {local_task_job_runner.py:123} INFO - ::group::Pre task execution logs
[2024-12-28T16:54:27.232+0000] {taskinstance.py:2613} INFO - Dependencies all met for dep_context=non-requeueable deps ti=<TaskInstance: hello_world.print_hello scheduled__2024-08-19T00:00:00+00:00 [queued]>
[2024-12-28T16:54:27.259+0000] {taskinstance.py:2613} INFO - Dependencies all met for dep_context=requeueable deps ti=<TaskInstance: hello_world.print_hello scheduled__2024-08-19T00:00:00+00:00 [queued]>
[2024-12-28T16:54:27.260+0000] {taskinstance.py:2866} INFO - Starting attempt 1 of 1
[2024-12-28T16:54:27.633+0000] {taskinstance.py:2889} INFO - Executing <Task(BashOperator): print_hello> on 2024-08-19 00:00:00+00:00
[2024-12-28T16:54:27.653+0000] {warnings.py:112} WARNING - /home/***/.local/lib/python3.12/site-packages/***/task/task_runner/standard_task_runner.py:70: DeprecationWarning: This process (pid=433) is multi-threaded, use of fork() may lead to deadlocks in the child.
  pid = os.fork()

[2024-12-28T16:54:27.656+0000] {standard_task_runner.py:72} INFO - Started process 474 to run task
[2024-12-28T16:54:27.656+0000] {standard_task_runner.py:104} INFO - Running: ['***', 'tasks', 'run', 'hello_world', 'print_hello', 'scheduled__2024-08-19T00:00:00+00:00', '--job-id', '81', '--raw', '--subdir', 'DAGS_FOLDER/1.hello_world.py', '--cfg-path', '/tmp/tmpv_4h9e4b']
[2024-12-28T16:54:27.658+0000] {standard_task_runner.py:105} INFO - Job 81: Subtask print_hello
[2024-12-28T16:54:27.734+0000] {task_command.py:467} INFO - Running <TaskInstance: hello_world.print_hello scheduled__2024-08-19T00:00:00+00:00 [running]> on host 13727ff23191
[2024-12-28T16:54:27.859+0000] {taskinstance.py:3132} INFO - Exporting env vars: AIRFLOW_CTX_DAG_OWNER='***' AIRFLOW_CTX_DAG_ID='hello_world' AIRFLOW_CTX_TASK_ID='print_hello' AIRFLOW_CTX_EXECUTION_DATE='2024-08-19T00:00:00+00:00' AIRFLOW_CTX_TRY_NUMBER='1' AIRFLOW_CTX_DAG_RUN_ID='scheduled__2024-08-19T00:00:00+00:00'
[2024-12-28T16:54:27.861+0000] {logging_mixin.py:190} INFO - Task instance is in running state
[2024-12-28T16:54:27.861+0000] {logging_mixin.py:190} INFO -  Previous state of the Task instance: queued
[2024-12-28T16:54:27.862+0000] {logging_mixin.py:190} INFO - Current task name:print_hello state:running start_date:2024-12-28 16:54:27.232968+00:00
[2024-12-28T16:54:27.862+0000] {logging_mixin.py:190} INFO - Dag name:hello_world and current dag run status:running
[2024-12-28T16:54:27.862+0000] {taskinstance.py:731} INFO - ::endgroup::
[2024-12-28T16:54:27.863+0000] {subprocess.py:78} INFO - Tmp dir root location: /tmp
[2024-12-28T16:54:27.864+0000] {subprocess.py:88} INFO - Running command: ['/usr/bin/bash', '-c', "echo 'Hello, World!'"]
[2024-12-28T16:54:27.895+0000] {subprocess.py:99} INFO - Output:
[2024-12-28T16:54:27.897+0000] {subprocess.py:106} INFO - Hello, World!
[2024-12-28T16:54:27.898+0000] {subprocess.py:110} INFO - Command exited with return code 0
[2024-12-28T16:54:27.936+0000] {taskinstance.py:340} INFO - ::group::Post task execution logs
[2024-12-28T16:54:27.938+0000] {taskinstance.py:352} INFO - Marking task as SUCCESS. dag_id=hello_world, task_id=print_hello, run_id=scheduled__2024-08-19T00:00:00+00:00, execution_date=20240819T000000, start_date=20241228T165427, end_date=20241228T165427
[2024-12-28T16:54:27.953+0000] {logging_mixin.py:190} INFO - Task instance in success state
[2024-12-28T16:54:27.953+0000] {logging_mixin.py:190} INFO -  Previous state of the Task instance: running
[2024-12-28T16:54:27.954+0000] {logging_mixin.py:190} INFO - Dag name:hello_world queued_at:2024-12-28 16:54:22.890020+00:00
[2024-12-28T16:54:27.954+0000] {logging_mixin.py:190} INFO - Task hostname:13727ff23191 operator:BashOperator
[2024-12-28T16:54:27.994+0000] {local_task_job_runner.py:266} INFO - Task exited with return code 0
[2024-12-28T16:54:28.010+0000] {local_task_job_runner.py:245} INFO - ::endgroup::
