[2024-12-28T16:53:54.319+0000] {local_task_job_runner.py:123} INFO - ::group::Pre task execution logs
[2024-12-28T16:53:54.371+0000] {taskinstance.py:2613} INFO - Dependencies all met for dep_context=non-requeueable deps ti=<TaskInstance: hello_world.print_hello scheduled__2024-06-22T00:00:00+00:00 [queued]>
[2024-12-28T16:53:54.407+0000] {taskinstance.py:2613} INFO - Dependencies all met for dep_context=requeueable deps ti=<TaskInstance: hello_world.print_hello scheduled__2024-06-22T00:00:00+00:00 [queued]>
[2024-12-28T16:53:54.408+0000] {taskinstance.py:2866} INFO - Starting attempt 1 of 1
[2024-12-28T16:53:55.096+0000] {taskinstance.py:2889} INFO - Executing <Task(BashOperator): print_hello> on 2024-06-22 00:00:00+00:00
[2024-12-28T16:53:55.117+0000] {warnings.py:112} WARNING - /home/***/.local/lib/python3.12/site-packages/***/task/task_runner/standard_task_runner.py:70: DeprecationWarning: This process (pid=166) is multi-threaded, use of fork() may lead to deadlocks in the child.
  pid = os.fork()

[2024-12-28T16:53:55.123+0000] {standard_task_runner.py:104} INFO - Running: ['***', 'tasks', 'run', 'hello_world', 'print_hello', 'scheduled__2024-06-22T00:00:00+00:00', '--job-id', '25', '--raw', '--subdir', 'DAGS_FOLDER/1.hello_world.py', '--cfg-path', '/tmp/tmp3bpzqui0']
[2024-12-28T16:53:55.125+0000] {standard_task_runner.py:105} INFO - Job 25: Subtask print_hello
[2024-12-28T16:53:55.122+0000] {standard_task_runner.py:72} INFO - Started process 200 to run task
[2024-12-28T16:53:55.259+0000] {task_command.py:467} INFO - Running <TaskInstance: hello_world.print_hello scheduled__2024-06-22T00:00:00+00:00 [running]> on host 13727ff23191
[2024-12-28T16:53:55.534+0000] {taskinstance.py:3132} INFO - Exporting env vars: AIRFLOW_CTX_DAG_OWNER='***' AIRFLOW_CTX_DAG_ID='hello_world' AIRFLOW_CTX_TASK_ID='print_hello' AIRFLOW_CTX_EXECUTION_DATE='2024-06-22T00:00:00+00:00' AIRFLOW_CTX_TRY_NUMBER='1' AIRFLOW_CTX_DAG_RUN_ID='scheduled__2024-06-22T00:00:00+00:00'
[2024-12-28T16:53:55.541+0000] {logging_mixin.py:190} INFO - Task instance is in running state
[2024-12-28T16:53:55.544+0000] {logging_mixin.py:190} INFO -  Previous state of the Task instance: queued
[2024-12-28T16:53:55.545+0000] {logging_mixin.py:190} INFO - Current task name:print_hello state:running start_date:2024-12-28 16:53:54.372503+00:00
[2024-12-28T16:53:55.546+0000] {logging_mixin.py:190} INFO - Dag name:hello_world and current dag run status:running
[2024-12-28T16:53:55.548+0000] {taskinstance.py:731} INFO - ::endgroup::
[2024-12-28T16:53:55.549+0000] {subprocess.py:78} INFO - Tmp dir root location: /tmp
[2024-12-28T16:53:55.553+0000] {subprocess.py:88} INFO - Running command: ['/usr/bin/bash', '-c', "echo 'Hello, World!'"]
[2024-12-28T16:53:55.628+0000] {subprocess.py:99} INFO - Output:
[2024-12-28T16:53:55.633+0000] {subprocess.py:106} INFO - Hello, World!
[2024-12-28T16:53:55.635+0000] {subprocess.py:110} INFO - Command exited with return code 0
[2024-12-28T16:53:55.752+0000] {taskinstance.py:340} INFO - ::group::Post task execution logs
[2024-12-28T16:53:55.756+0000] {taskinstance.py:352} INFO - Marking task as SUCCESS. dag_id=hello_world, task_id=print_hello, run_id=scheduled__2024-06-22T00:00:00+00:00, execution_date=20240622T000000, start_date=20241228T165354, end_date=20241228T165355
[2024-12-28T16:53:55.787+0000] {logging_mixin.py:190} INFO - Task instance in success state
[2024-12-28T16:53:55.788+0000] {logging_mixin.py:190} INFO -  Previous state of the Task instance: running
[2024-12-28T16:53:55.790+0000] {logging_mixin.py:190} INFO - Dag name:hello_world queued_at:2024-12-28 16:53:50.171931+00:00
[2024-12-28T16:53:55.795+0000] {logging_mixin.py:190} INFO - Task hostname:13727ff23191 operator:BashOperator
[2024-12-28T16:53:55.895+0000] {local_task_job_runner.py:266} INFO - Task exited with return code 0
[2024-12-28T16:53:55.945+0000] {taskinstance.py:3895} INFO - 0 downstream tasks scheduled from follow-on schedule check
[2024-12-28T16:53:55.947+0000] {local_task_job_runner.py:245} INFO - ::endgroup::
