[2024-12-28T16:55:42.793+0000] {local_task_job_runner.py:123} INFO - ::group::Pre task execution logs
[2024-12-28T16:55:42.850+0000] {taskinstance.py:2613} INFO - Dependencies all met for dep_context=non-requeueable deps ti=<TaskInstance: hello_world.print_hello scheduled__2024-12-02T00:00:00+00:00 [queued]>
[2024-12-28T16:55:42.892+0000] {taskinstance.py:2613} INFO - Dependencies all met for dep_context=requeueable deps ti=<TaskInstance: hello_world.print_hello scheduled__2024-12-02T00:00:00+00:00 [queued]>
[2024-12-28T16:55:42.892+0000] {taskinstance.py:2866} INFO - Starting attempt 1 of 1
[2024-12-28T16:55:42.953+0000] {taskinstance.py:2889} INFO - Executing <Task(BashOperator): print_hello> on 2024-12-02 00:00:00+00:00
[2024-12-28T16:55:42.998+0000] {warnings.py:112} WARNING - /home/***/.local/lib/python3.12/site-packages/***/task/task_runner/standard_task_runner.py:70: DeprecationWarning: This process (pid=995) is multi-threaded, use of fork() may lead to deadlocks in the child.
  pid = os.fork()

[2024-12-28T16:55:43.000+0000] {standard_task_runner.py:72} INFO - Started process 1023 to run task
[2024-12-28T16:55:43.001+0000] {standard_task_runner.py:104} INFO - Running: ['***', 'tasks', 'run', 'hello_world', 'print_hello', 'scheduled__2024-12-02T00:00:00+00:00', '--job-id', '186', '--raw', '--subdir', 'DAGS_FOLDER/1.hello_world.py', '--cfg-path', '/tmp/tmpldpvjohn']
[2024-12-28T16:55:43.002+0000] {standard_task_runner.py:105} INFO - Job 186: Subtask print_hello
[2024-12-28T16:55:43.837+0000] {task_command.py:467} INFO - Running <TaskInstance: hello_world.print_hello scheduled__2024-12-02T00:00:00+00:00 [running]> on host 13727ff23191
[2024-12-28T16:55:44.128+0000] {taskinstance.py:3132} INFO - Exporting env vars: AIRFLOW_CTX_DAG_OWNER='***' AIRFLOW_CTX_DAG_ID='hello_world' AIRFLOW_CTX_TASK_ID='print_hello' AIRFLOW_CTX_EXECUTION_DATE='2024-12-02T00:00:00+00:00' AIRFLOW_CTX_TRY_NUMBER='1' AIRFLOW_CTX_DAG_RUN_ID='scheduled__2024-12-02T00:00:00+00:00'
[2024-12-28T16:55:44.129+0000] {logging_mixin.py:190} INFO - Task instance is in running state
[2024-12-28T16:55:44.129+0000] {logging_mixin.py:190} INFO -  Previous state of the Task instance: queued
[2024-12-28T16:55:44.130+0000] {logging_mixin.py:190} INFO - Current task name:print_hello state:running start_date:2024-12-28 16:55:42.851062+00:00
[2024-12-28T16:55:44.130+0000] {logging_mixin.py:190} INFO - Dag name:hello_world and current dag run status:running
[2024-12-28T16:55:44.134+0000] {taskinstance.py:731} INFO - ::endgroup::
[2024-12-28T16:55:44.136+0000] {subprocess.py:78} INFO - Tmp dir root location: /tmp
[2024-12-28T16:55:44.137+0000] {subprocess.py:88} INFO - Running command: ['/usr/bin/bash', '-c', "echo 'Hello, World!'"]
[2024-12-28T16:55:44.198+0000] {subprocess.py:99} INFO - Output:
[2024-12-28T16:55:44.200+0000] {subprocess.py:106} INFO - Hello, World!
[2024-12-28T16:55:44.202+0000] {subprocess.py:110} INFO - Command exited with return code 0
[2024-12-28T16:55:44.279+0000] {taskinstance.py:340} INFO - ::group::Post task execution logs
[2024-12-28T16:55:44.280+0000] {taskinstance.py:352} INFO - Marking task as SUCCESS. dag_id=hello_world, task_id=print_hello, run_id=scheduled__2024-12-02T00:00:00+00:00, execution_date=20241202T000000, start_date=20241228T165542, end_date=20241228T165544
[2024-12-28T16:55:44.325+0000] {logging_mixin.py:190} INFO - Task instance in success state
[2024-12-28T16:55:44.327+0000] {logging_mixin.py:190} INFO -  Previous state of the Task instance: running
[2024-12-28T16:55:44.331+0000] {logging_mixin.py:190} INFO - Dag name:hello_world queued_at:2024-12-28 16:55:39.250659+00:00
[2024-12-28T16:55:44.331+0000] {logging_mixin.py:190} INFO - Task hostname:13727ff23191 operator:BashOperator
[2024-12-28T16:55:44.421+0000] {local_task_job_runner.py:266} INFO - Task exited with return code 0
[2024-12-28T16:55:44.956+0000] {taskinstance.py:3895} INFO - 0 downstream tasks scheduled from follow-on schedule check
[2024-12-28T16:55:44.959+0000] {local_task_job_runner.py:245} INFO - ::endgroup::
